0.45746755599975586 0.1625807285308838 10222 0
0.44710373878479004 0.13356304168701172 9729 0
0.45148301124572754 0.16707873344421387 10382 0
0.4683113098144531 0.1888277530670166 10092 0
0.46440649032592773 0.18423771858215332 10220 0
0.4319775104522705 0.15770840644836426 11427 0
0.4570488929748535 0.1799485683441162 11192 0
0.3893909454345703 0.20700407028198242 10740 0
0.46606016159057617 0.14854216575622559 10807 0
0.4549863338470459 0.14954042434692383 10768 0
0.46198034286499023 0.19593524932861328 10157 0
0.4413785934448242 0.19446635246276855 10060 0
0.46134400367736816 0.14528656005859375 10803 0
0.45841145515441895 0.14824128150939941 10473 0
0.46854281425476074 0.16980934143066406 7937 0
0.4871394634246826 0.14978480339050293 9958 0
0.45644474029541016 0.1754612922668457 9640 0
0.45943164825439453 0.20057106018066406 9466 0
0.48105931282043457 0.13816237449645996 8776 0
0.4440946578979492 0.14473414421081543 9779 0
0.4471447467803955 0.13644051551818848 9770 0
0.4817326068878174 0.19321370124816895 9324 0
0.4794495105743408 0.12878632545471191 9777 0
0.4784421920776367 0.16173219680786133 10463 0
0.48046350479125977 0.14002704620361328 10584 0
0.483290433883667 0.15801620483398438 10385 0
0.43918538093566895 0.13973760604858398 9343 0
0.4830899238586426 0.18278956413269043 10108 0
0.45888853073120117 0.13354802131652832 10414 0
0.4737703800201416 0.14781808853149414 9476 0
0.4667820930480957 0.16481947898864746 10197 0
0.4842658042907715 0.18336725234985352 10361 0
0.4193451404571533 0.13187956809997559 10003 0
0.4666714668273926 0.14678645133972168 10155 0
0.4718143939971924 0.14607906341552734 9383 0
0.472398042678833 0.17683744430541992 10756 0
0.47430968284606934 0.14168620109558105 11828 0
0.4632222652435303 0.14369893074035645 10868 0
0.4585702419281006 0.14314699172973633 11314 0
0.4678215980529785 0.1521434783935547 10459 0
0.4588453769683838 0.18801331520080566 9430 0
0.469921350479126 0.16630053520202637 9850 0
0.4976201057434082 0.14374923706054688 11091 0
0.47608256340026855 0.141127347946167 10751 0
0.46395325660705566 0.19340300559997559 8664 0
0.4557654857635498 0.14742183685302734 10387 0
0.4655301570892334 0.14449787139892578 10873 0
0.4640185832977295 0.15639710426330566 10005 0
0.47273778915405273 0.13895487785339355 10663 0
0.477200984954834 0.15230774879455566 10582 0
0.4723038673400879 0.1595315933227539 10621 0
0.4490087032318115 0.14095687866210938 10712 0
0.4745008945465088 0.1491532325744629 10620 0
0.4797518253326416 0.13717007637023926 10931 0
0.46777820587158203 0.17060208320617676 11159 0
0.4760110378265381 0.20038604736328125 10550 0
0.4613375663757324 0.13122320175170898 10857 0
0.47519350051879883 0.1391611099243164 11252 0
0.4777095317840576 0.14245009422302246 10997 0
0.4721360206604004 0.20591115951538086 10752 0
0.48592257499694824 0.12220931053161621 10459 0
0.4688901901245117 0.17878961563110352 10502 0
0.4700956344604492 0.14892029762268066 10346 0
0.4070417881011963 0.13555431365966797 10486 0
0.4692525863647461 0.13756179809570312 9868 0
0.4565856456756592 0.19758939743041992 10339 0
0.4627103805541992 0.14367985725402832 10715 0
0.457275390625 0.18845248222351074 10542 0
0.4665203094482422 0.2041633129119873 10522 0
0.4487934112548828 0.15198493003845215 10462 0
0.46198487281799316 0.13901877403259277 10036 0
0.46333956718444824 0.14038634300231934 9768 0
0.48696374893188477 0.1370549201965332 10455 0
0.4824090003967285 0.146226167678833 9941 0
0.4597790241241455 0.13053202629089355 7767 0
0.5052378177642822 0.13664603233337402 10349 0
0.46566152572631836 0.1454160213470459 9937 0
0.4803495407104492 0.12918853759765625 9640 0
0.4624018669128418 0.13944482803344727 9912 0
0.47284817695617676 0.2102046012878418 9718 0
0.472686767578125 0.13845062255859375 10297 0
0.47856855392456055 0.17032480239868164 10443 0
0.4823877811431885 0.1692821979522705 9983 0
0.4657750129699707 0.16967082023620605 10051 0
0.4561188220977783 0.1582181453704834 10797 0
0.47696661949157715 0.16831469535827637 10559 0
0.4693286418914795 0.1313166618347168 9572 0
0.4578676223754883 0.1350710391998291 10653 0
0.4592630863189697 0.14387822151184082 10290 0
0.44878625869750977 0.16077327728271484 10804 0
0.48148655891418457 0.1439523696899414 10466 0
0.4773998260498047 0.13992643356323242 10320 0
0.4356992244720459 0.13823342323303223 10359 0
0.4706993103027344 0.14854097366333008 9738 0
0.4905998706817627 0.1433734893798828 10121 0
0.4555511474609375 0.1481473445892334 10212 0
0.4547715187072754 0.1388416290283203 7783 0
0.4708554744720459 0.18732047080993652 10589 0
0.4709947109222412 0.13988327980041504 10469 0
0.47582077980041504 0.13499188423156738 9624 0
0.44165539741516113 0.16696524620056152 10159 0
0.4878804683685303 0.13649392127990723 9903 0
0.4708681106567383 0.12743186950683594 10299 0
0.48317408561706543 0.1382617950439453 10942 0
0.4769468307495117 0.1676790714263916 10667 0
0.4492020606994629 0.13565969467163086 10758 0
0.49042391777038574 0.18155312538146973 10671 0
0.5014100074768066 0.1287248134613037 11236 0
0.4823191165924072 0.12067151069641113 11297 0
0.4715759754180908 0.13297581672668457 11015 0
0.46125197410583496 0.13532805442810059 10330 0
0.4819457530975342 0.1451587677001953 10704 0
0.47309279441833496 0.1510615348815918 11420 0
0.46115541458129883 0.1690080165863037 11351 0
0.4802982807159424 0.13359999656677246 10352 0
0.48750948905944824 0.1516258716583252 10864 0
0.45927929878234863 0.1414036750793457 8940 0
0.4586985111236572 0.19912385940551758 11146 0
0.4815707206726074 0.14334750175476074 10783 0
0.4635615348815918 0.13186860084533691 10968 0
0.47071266174316406 0.14304375648498535 10569 0
0.47844934463500977 0.15114903450012207 10416 0
0.47757506370544434 0.16924023628234863 10546 0
0.480205774307251 0.14882731437683105 9860 0
0.461087703704834 0.15406465530395508 10606 0
0.45650291442871094 0.1438133716583252 10556 0
0.4508938789367676 0.20027756690979004 8152 0
0.46379947662353516 0.15164494514465332 9727 0
0.46588945388793945 0.14586400985717773 8305 0
0.45530200004577637 0.13617920875549316 9000 0
0.47851991653442383 0.1261460781097412 9564 0
0.45440006256103516 0.20668959617614746 8993 0
0.4447646141052246 0.13257741928100586 9229 0
0.46886491775512695 0.13596081733703613 9842 0
0.4514913558959961 0.1783902645111084 9899 0
0.4592585563659668 0.18290138244628906 10606 0
0.4588801860809326 0.17389726638793945 10310 0
0.4977262020111084 0.18427491188049316 10333 0
0.471113920211792 0.16376399993896484 9918 0
0.467059850692749 0.20615267753601074 10107 0
0.48859643936157227 0.1342458724975586 10468 0
0.48743176460266113 0.14359188079833984 10397 0
0.42992377281188965 0.14910244941711426 10138 0
0.4494936466217041 0.1534407138824463 10308 0
0.4782295227050781 0.12833690643310547 10144 0
0.4424419403076172 0.14005255699157715 11106 0
0.46950793266296387 0.1952219009399414 10942 0
0.48396897315979004 0.17174696922302246 10148 0
0.4524807929992676 0.13983392715454102 9829 0
0.46850156784057617 0.15224504470825195 9636 0
0.4790487289428711 0.1845989227294922 10804 0
0.4458434581756592 0.1338956356048584 11782 0
0.47463226318359375 0.13672614097595215 11289 0
0.47181105613708496 0.13807296752929688 10933 0
0.48957014083862305 0.17274737358093262 10981 0
0.471527099609375 0.1829674243927002 10796 0
0.47637128829956055 0.17748546600341797 7950 0
0.4905056953430176 0.17401981353759766 9713 0
0.4870786666870117 0.17985868453979492 10311 0
0.4567859172821045 0.19686603546142578 9199 0
0.45167112350463867 0.1516416072845459 8700 0
0.4793534278869629 0.17688941955566406 8812 0
0.47147154808044434 0.16797733306884766 8704 0
0.44472169876098633 0.12842321395874023 8802 0
0.4800300598144531 0.17980027198791504 9341 0
0.4216573238372803 0.13049817085266113 9212 0
0.47887539863586426 0.16768765449523926 9247 0
0.46843981742858887 0.14532732963562012 10031 0
0.47812891006469727 0.14824151992797852 9721 0
0.47829484939575195 0.1257023811340332 10756 0
0.47472572326660156 0.13054943084716797 9610 0
0.473980188369751 0.18241596221923828 10662 0
0.45160436630249023 0.1788806915283203 10420 0
0.4637162685394287 0.14261627197265625 10529 0
0.4789705276489258 0.15577983856201172 10459 0
0.47251033782958984 0.17110919952392578 10643 0
0.4831974506378174 0.21652007102966309 9802 0
0.4660794734954834 0.15155959129333496 10691 0
0.46837329864501953 0.13566803932189941 11111 0
0.4821360111236572 0.16195940971374512 10761 0
0.46607089042663574 0.1468973159790039 10380 0
0.4478483200073242 0.13827204704284668 9947 0
0.47253894805908203 0.14389967918395996 10498 0
0.44719505310058594 0.1340951919555664 10349 0
0.47973132133483887 0.1361384391784668 10319 0
0.4589214324951172 0.18227791786193848 10262 0
0.4686095714569092 0.14139819145202637 7919 0
0.4709353446960449 0.16472268104553223 10671 0
0.4481382369995117 0.16116619110107422 10591 0
0.45838022232055664 0.14401555061340332 9636 0
0.4628462791442871 0.14545941352844238 10086 0
0.5007681846618652 0.12267875671386719 10336 0
0.48888301849365234 0.1402437686920166 10467 0
0.4633173942565918 0.1307685375213623 10633 0
0.4651792049407959 0.12424516677856445 10595 0
0.4659080505371094 0.14025115966796875 10416 0
0.46643924713134766 0.19484210014343262 10418 0
0.4524984359741211 0.15295863151550293 10316 0
0.4839458465576172 0.1323840618133545 10777 0
0.4724307060241699 0.1418161392211914 10399 0
0.45902419090270996 0.12492561340332031 10390 0
0.4577655792236328 0.19904160499572754 8794 0
0.45340847969055176 0.13534116744995117 8096 0
0.48952436447143555 0.17458558082580566 8498 0
0.47994470596313477 0.13817524909973145 8419 0
0.45421648025512695 0.15838932991027832 8815 0
0.4477267265319824 0.13087129592895508 8451 0
0.48515939712524414 0.16831064224243164 8587 0
0.46863365173339844 0.15890955924987793 8835 0
0.45180225372314453 0.14189505577087402 8883 0
0.4815537929534912 0.17644929885864258 9024 0
0.4502689838409424 0.18361997604370117 9420 0
0.45595788955688477 0.14223837852478027 8580 0
0.45990753173828125 0.14151430130004883 8742 0
0.42331910133361816 0.13921642303466797 8297 0
0.4643228054046631 0.16678786277770996 8180 0
0.4511852264404297 0.13914871215820312 8439 0
0.45445680618286133 0.13782167434692383 7319 0
0.4619567394256592 0.14408135414123535 8623 0
0.4460635185241699 0.13879776000976562 8708 0
0.4699132442474365 0.1464250087738037 8883 0
0.48432183265686035 0.13551807403564453 8788 0
0.4699549674987793 0.12473177909851074 8690 0
0.44697022438049316 0.18508672714233398 8446 0
0.4466261863708496 0.1373138427734375 8710 0
0.46822047233581543 0.15808963775634766 8508 0
0.4813878536224365 0.12811636924743652 8380 0
0.4611692428588867 0.14387249946594238 8631 0
0.47368717193603516 0.132720947265625 8506 0
0.4298982620239258 0.1436927318572998 8674 0
0.4698827266693115 0.1960890293121338 9310 0
0.47516393661499023 0.14421367645263672 8522 0
0.47127866744995117 0.20568037033081055 8605 0
0.4640674591064453 0.20050406455993652 8362 0
0.404613733291626 0.15215063095092773 9044 0
0.4678916931152344 0.14545488357543945 8939 0
0.48859667778015137 0.21052932739257812 8508 0
0.4720289707183838 0.12604141235351562 8395 0
0.47570228576660156 0.13988518714904785 8441 0
0.45589590072631836 0.20558643341064453 8347 0
0.46058154106140137 0.14109015464782715 8451 0
0.4568319320678711 0.13335919380187988 8569 0
0.44658565521240234 0.19219565391540527 8818 0
0.45709824562072754 0.1469724178314209 8305 0
0.47351861000061035 0.15021514892578125 8598 0
0.46164822578430176 0.1530017852783203 8578 0
0.45400428771972656 0.13309335708618164 8283 0
0.4337127208709717 0.1351630687713623 7920 0
0.45544886589050293 0.1392059326171875 8524 0
0.46880245208740234 0.15091514587402344 8412 0
0.4817240238189697 0.14517545700073242 8360 0
0.4719076156616211 0.14409899711608887 8526 0
0.48500633239746094 0.14911961555480957 8420 0
0.4780735969543457 0.17317819595336914 8395 0
0.49701356887817383 0.17262792587280273 8746 0
0.4571094512939453 0.1405954360961914 8519 0
0.4791233539581299 0.12878775596618652 8823 0
0.4609975814819336 0.14598393440246582 8336 0
0.4678051471710205 0.12529635429382324 8082 0
0.4423367977142334 0.1859123706817627 8176 0
0.45366787910461426 0.16840243339538574 8585 0
0.45593881607055664 0.13764524459838867 8414 0
0.45989203453063965 0.18961429595947266 8821 0
0.4531855583190918 0.1740121841430664 8609 0
0.45799922943115234 0.20045208930969238 8809 0
0.4785919189453125 0.15103697776794434 8820 0
0.4856746196746826 0.17349910736083984 8971 0
0.4328761100769043 0.18428802490234375 8682 0
0.47487425804138184 0.14887261390686035 8665 0
0.47975945472717285 0.16865277290344238 8899 0
0.4219696521759033 0.13588523864746094 8651 0
0.4673349857330322 0.14539194107055664 8613 0
0.4624786376953125 0.13734078407287598 9252 0
0.4517045021057129 0.1967146396636963 9948 0
0.47075748443603516 0.14667057991027832 9830 0
0.47240376472473145 0.14471435546875 9018 0
0.4845726490020752 0.17766070365905762 11091 0
0.4899303913116455 0.1212315559387207 10298 0
0.47562408447265625 0.13320064544677734 10974 0
0.46124267578125 0.14379382133483887 10259 0
0.45484042167663574 0.18816614151000977 9953 0
0.46340441703796387 0.19129037857055664 10154 0
0.45601820945739746 0.1905674934387207 10326 0
0.4709780216217041 0.12924718856811523 10319 0
0.4732387065887451 0.13456130027770996 9899 0
0.4431591033935547 0.20500946044921875 9648 0
0.4843142032623291 0.1698598861694336 8981 0
0.48163366317749023 0.1420912742614746 8748 0
0.4873788356781006 0.1413743495941162 8093 0
0.46671032905578613 0.19420838356018066 8627 0
0.4653801918029785 0.14445829391479492 9080 0
0.46229028701782227 0.15110015869140625 8319 0
0.45521068572998047 0.13913941383361816 8808 0
0.45467472076416016 0.13680529594421387 8989 0
0.4538896083831787 0.17982244491577148 8743 0
0.46062278747558594 0.13539767265319824 8881 0
0.4627208709716797 0.13677191734313965 8695 0
0.45647239685058594 0.13532638549804688 8823 0
0.46332550048828125 0.13611745834350586 8881 0
0.44863057136535645 0.20640277862548828 7168 0
0.4646296501159668 0.15609264373779297 9292 0
0.4497196674346924 0.17221832275390625 8765 0
0.4746568202972412 0.12723469734191895 8822 0
0.510312557220459 0.15357375144958496 9274 0
0.48110032081604004 0.18983840942382812 9181 0
0.4919281005859375 0.16476798057556152 9196 0
0.4776589870452881 0.1852881908416748 9148 0
0.4631772041320801 0.1353304386138916 8943 0
0.4615938663482666 0.12210774421691895 8585 0
0.45952725410461426 0.2152872085571289 8612 0
0.4751253128051758 0.14231395721435547 8727 0
0.44717884063720703 0.18689250946044922 8542 0
0.4722466468811035 0.13691306114196777 8776 0
0.45932602882385254 0.14743328094482422 8835 0
0.46196985244750977 0.13811540603637695 8966 0
0.4731404781341553 0.1647632122039795 8793 0
0.4577901363372803 0.14868974685668945 9008 0
0.4514191150665283 0.1633164882659912 8766 0
0.4526801109313965 0.13216352462768555 8646 0
0.4269983768463135 0.15970325469970703 8558 0
0.4418754577636719 0.18364691734313965 8725 0
0.4656555652618408 0.13964509963989258 8634 0
0.4705498218536377 0.1349191665649414 8291 0
0.4532783031463623 0.1460423469543457 8808 0
0.4593484401702881 0.14323639869689941 8702 0
0.46402859687805176 0.13567686080932617 8299 0
0.4725527763366699 0.14121699333190918 8278 0
0.4845590591430664 0.13385510444641113 8785 0
0.4824044704437256 0.15058016777038574 8724 0
0.45403051376342773 0.1967771053314209 7030 0
0.4616966247558594 0.18647098541259766 8723 0
0.46619653701782227 0.12791228294372559 9050 0
0.477245569229126 0.13539528846740723 8632 0
0.4564638137817383 0.149766206741333 9277 0
0.47232770919799805 0.18987154960632324 10270 0
0.46439075469970703 0.15607309341430664 8887 0
0.47562742233276367 0.15946698188781738 9370 0
0.48544955253601074 0.17013335227966309 9006 0
0.48304224014282227 0.14031672477722168 8961 0
0.4561007022857666 0.18209409713745117 8648 0
0.4680337905883789 0.12572741508483887 8985 0
0.4832801818847656 0.1461930274963379 8932 0
0.4895763397216797 0.2063765525817871 8988 0
0.46434855461120605 0.14992141723632812 8821 0
0.4757959842681885 0.1335897445678711 8635 0
0.46288061141967773 0.14956140518188477 8732 0
0.4754619598388672 0.15369033813476562 9016 0
0.4475209712982178 0.18141865730285645 8831 0
0.4665563106536865 0.1413593292236328 8912 0
0.46013522148132324 0.16538667678833008 8837 0
0.4791266918182373 0.16065621376037598 8570 0
0.45581722259521484 0.18432378768920898 8668 0
0.45377373695373535 0.14083623886108398 8820 0
0.4789128303527832 0.14909768104553223 9121 0
0.4775352478027344 0.15918397903442383 8962 0
0.46375370025634766 0.138167142868042 8722 0
0.4651980400085449 0.21232056617736816 8386 0
0.4577765464782715 0.1464371681213379 9236 0
0.46868205070495605 0.11893081665039062 9068 0
0.44806981086730957 0.1480090618133545 6868 0
0.4721660614013672 0.14688467979431152 8466 0
0.4609384536743164 0.12228059768676758 8497 0
0.44729185104370117 0.20402002334594727 8089 0
0.46529388427734375 0.13875055313110352 9129 0
0.4695446491241455 0.1421823501586914 8983 0
0.4666757583618164 0.16847658157348633 7849 0
0.41806578636169434 0.1367640495300293 7034 0
0.45285487174987793 0.178816556930542 8561 0
0.4549987316131592 0.1827554702758789 9112 0
0.4834461212158203 0.18131375312805176 9448 0
0.4588451385498047 0.1327040195465088 9559 0
0.4807600975036621 0.12583613395690918 9046 0
0.4456195831298828 0.14436864852905273 9559 0
0.4836869239807129 0.20285272598266602 9249 0
0.4796731472015381 0.21394014358520508 8800 0
0.4818234443664551 0.14208269119262695 7213 0
0.4678981304168701 0.20339059829711914 7142 0
0.46668052673339844 0.19434118270874023 9251 0
0.45542263984680176 0.21028876304626465 9065 0
0.44268131256103516 0.1354541778564453 9019 0
0.4511895179748535 0.13783931732177734 8866 0
0.465468168258667 0.1338644027709961 8688 0
0.4512441158294678 0.13837170600891113 8941 0
0.4637577533721924 0.18137145042419434 9443 0
0.477863073348999 0.16048622131347656 9411 0
0.480649471282959 0.12372541427612305 9161 0
0.4567131996154785 0.1862480640411377 8588 0
0.4796156883239746 0.14454269409179688 9487 0
0.4752335548400879 0.13843774795532227 9060 0
0.45876097679138184 0.14061498641967773 8232 0
0.46803951263427734 0.19356441497802734 9328 0
0.4447789192199707 0.22411608695983887 9521 0
0.46273159980773926 0.14183282852172852 8941 0
0.4578263759613037 0.13000869750976562 9405 0
0.44221973419189453 0.1658167839050293 9038 0
0.45647549629211426 0.1912517547607422 9170 0
0.46776294708251953 0.14289116859436035 8766 0
0.4685556888580322 0.1423788070678711 8979 0
0.4704146385192871 0.15045928955078125 8926 0
0.4763813018798828 0.1826157569885254 8957 0
0.4714977741241455 0.13233089447021484 9214 0
0.46470141410827637 0.14165973663330078 8769 0
0.49303221702575684 0.12848758697509766 9126 0
0.4584238529205322 0.16197657585144043 9185 0
0.4543323516845703 0.19822001457214355 9186 0
0.46645164489746094 0.1284322738647461 9189 0
0.45755624771118164 0.1398916244506836 8980 0
0.4639015197753906 0.16838836669921875 8501 0
0.4680604934692383 0.16605830192565918 8691 0
0.4950392246246338 0.12900614738464355 8714 0
0.41823554039001465 0.16222643852233887 7082 0
0.4556591510772705 0.1880946159362793 8435 0
0.45334291458129883 0.13802814483642578 8795 0
0.4615471363067627 0.13531064987182617 8432 0
0.45830678939819336 0.13109040260314941 8560 0
0.48713231086730957 0.14033889770507812 8747 0
0.4564201831817627 0.14002418518066406 8557 0
0.45532989501953125 0.13128900527954102 8353 0
0.46585893630981445 0.21260499954223633 8689 0
0.46454477310180664 0.1672220230102539 8954 0
0.45995044708251953 0.18195652961730957 9315 0
0.49101996421813965 0.14367103576660156 9148 0
0.43871021270751953 0.19358468055725098 8752 0
0.46898794174194336 0.1353602409362793 9325 0
0.5042357444763184 0.15799260139465332 8708 0
0.4637932777404785 0.2063462734222412 8820 0
0.4720578193664551 0.1401216983795166 9237 0
0.4509143829345703 0.19727039337158203 9053 0
0.44979047775268555 0.1589815616607666 8429 0
0.4629497528076172 0.13233566284179688 8840 0
0.45394015312194824 0.14294099807739258 8539 0
0.45503711700439453 0.14024662971496582 9640 0
0.4633646011352539 0.17047500610351562 9488 0
0.46262478828430176 0.20058178901672363 8971 0
0.4493997097015381 0.18272662162780762 9208 0
0.4559638500213623 0.1777501106262207 8902 0
0.4447035789489746 0.14136743545532227 8670 0
0.4816000461578369 0.13321542739868164 8288 0
0.4620959758758545 0.16827178001403809 8888 0
0.45168018341064453 0.16076111793518066 9049 0
0.47147059440612793 0.16962790489196777 7211 0
0.46198153495788574 0.19407081604003906 8787 0
0.46178507804870605 0.1401972770690918 9260 0
0.46340203285217285 0.13221383094787598 8896 0
0.4465785026550293 0.19654107093811035 9349 0
0.5181307792663574 0.14757418632507324 9394 0
0.4565756320953369 0.1782388687133789 9511 0
0.48221468925476074 0.1936335563659668 8943 0
0.4833090305328369 0.13486838340759277 8625 0
0.4851839542388916 0.14267325401306152 9168 0
0.4602241516113281 0.1446244716644287 8714 0
0.4765329360961914 0.19248557090759277 9130 0
0.43007755279541016 0.14011430740356445 8811 0
0.4642305374145508 0.19872093200683594 8835 0
0.4538557529449463 0.13808989524841309 8830 0
0.4636704921722412 0.1468214988708496 8843 0
0.46570301055908203 0.14237332344055176 8923 0
0.46422672271728516 0.15622711181640625 9659 0
0.46564626693725586 0.13148903846740723 8968 0
0.46099400520324707 0.12089157104492188 9486 0
0.46607494354248047 0.1462390422821045 9025 0
0.4763638973236084 0.14252638816833496 9570 0
0.44942402839660645 0.137284517288208 9336 0
0.4841156005859375 0.13332891464233398 8967 0
0.4857332706451416 0.1280064582824707 9003 0
0.46250152587890625 0.13751697540283203 8945 0
0.4591410160064697 0.2120952606201172 8861 0
0.4566771984100342 0.16727471351623535 8709 0
0.4651145935058594 0.15705060958862305 9295 0
0.4617502689361572 0.12941789627075195 8484 0
0.4772975444793701 0.16525745391845703 7104 0
0.45131659507751465 0.15766644477844238 8522 0
0.467731237411499 0.17517662048339844 8745 0
0.4567232131958008 0.168931245803833 8525 0
0.4683716297149658 0.2219071388244629 8560 0
0.477114200592041 0.21181726455688477 8938 0
0.4202609062194824 0.18842005729675293 9407 0
0.4645509719848633 0.13541007041931152 8989 0
0.43996119499206543 0.15909552574157715 8731 0
0.475757360458374 0.21696782112121582 8865 0
0.45825839042663574 0.16904020309448242 8649 0
0.4667928218841553 0.14307546615600586 8751 0
0.4609339237213135 0.13939738273620605 9497 0
0.46596312522888184 0.1341702938079834 8890 0
0.46617650985717773 0.13544607162475586 9105 0
0.4438626766204834 0.1990969181060791 9017 0
0.45829033851623535 0.19742894172668457 8943 0
0.45935702323913574 0.15210533142089844 8493 0
0.44059300422668457 0.1423037052154541 8101 0
0.4692974090576172 0.15909290313720703 9004 0
0.4478316307067871 0.13287758827209473 8850 0
0.465193510055542 0.13612079620361328 8988 0
0.4531702995300293 0.14698052406311035 8802 0
0.4673929214477539 0.21518945693969727 9432 0
0.45076441764831543 0.198195219039917 9495 0
0.46858835220336914 0.149993896484375 9736 0
0.4682772159576416 0.1375584602355957 8692 0
0.4395432472229004 0.15053176879882812 7958 0
0.47040414810180664 0.14606094360351562 8781 0
0.4741222858428955 0.13458251953125 8202 0
0.46413731575012207 0.13676095008850098 6692 0
0.45486903190612793 0.1399393081665039 8426 0
0.5033621788024902 0.16746211051940918 8561 0
0.45716118812561035 0.1358182430267334 8415 0
0.45407581329345703 0.18209552764892578 8175 0
0.46074843406677246 0.14040565490722656 8493 0
0.45867180824279785 0.13896799087524414 8770 0
0.4895668029785156 0.1678483486175537 8779 0
0.4767792224884033 0.11970067024230957 8543 0
0.446993350982666 0.1309189796447754 8653 0
0.45694851875305176 0.1896529197692871 8408 0
0.4428138732910156 0.17972993850708008 8300 0
0.46326446533203125 0.14836454391479492 8094 0
0.48597121238708496 0.15532493591308594 8100 0
0.4590921401977539 0.14048194885253906 8233 0
0.4727177619934082 0.13858699798583984 7669 0
0.4395263195037842 0.15571808815002441 8198 0
0.46521973609924316 0.1462712287902832 8995 0
0.5122532844543457 0.20574212074279785 9027 0
0.45458197593688965 0.1439957618713379 8760 0
0.45578479766845703 0.14890289306640625 8386 0
0.4816570281982422 0.17958354949951172 8920 0
0.4545936584472656 0.14149117469787598 8444 0
0.44925546646118164 0.133162260055542 8289 0
0.4656546115875244 0.1379857063293457 8240 0
0.46669960021972656 0.14255666732788086 8680 0
0.4581787586212158 0.20450568199157715 8655 0
0.4425318241119385 0.1735060214996338 7827 0
0.4897117614746094 0.1806933879852295 9101 0
0.47632575035095215 0.1849958896636963 8592 0
0.45801472663879395 0.20338702201843262 7254 0
0.48052501678466797 0.13271522521972656 8399 0
0.4807262420654297 0.13249683380126953 9324 0
0.4760169982910156 0.17731595039367676 8334 0
0.4634435176849365 0.15196585655212402 8350 0
0.4519352912902832 0.16560792922973633 8840 0
0.4555399417877197 0.15177130699157715 8700 0
0.45940661430358887 0.19399237632751465 8253 0
0.44592881202697754 0.1381385326385498 8999 0
0.45740270614624023 0.1806011199951172 8804 0
0.4573962688446045 0.14400029182434082 6665 0
0.4759101867675781 0.1879584789276123 8661 0
0.4404768943786621 0.13470935821533203 9034 0
0.4613029956817627 0.1677238941192627 9141 0
0.461453914642334 0.2114429473876953 8811 0
0.47511839866638184 0.1468496322631836 9288 0
0.45250511169433594 0.20166349411010742 9062 0
0.4845099449157715 0.12291288375854492 9798 0
0.47632527351379395 0.21342253684997559 9409 0
0.4498786926269531 0.14214873313903809 8730 0
0.46333742141723633 0.13861751556396484 8880 0
0.4548153877258301 0.16984081268310547 9381 0
0.4573934078216553 0.16491007804870605 9191 0
0.46024346351623535 0.13759779930114746 9038 0
0.4347250461578369 0.14258241653442383 9161 0
0.4908714294433594 0.14478731155395508 9036 0
0.4777390956878662 0.13991141319274902 7926 0
0.4748799800872803 0.16661763191223145 8507 0
0.475726842880249 0.1721963882446289 8953 0
0.48801445960998535 0.125410795211792 8753 0
0.4751396179199219 0.17113113403320312 8731 0
0.4306979179382324 0.14864611625671387 9601 0
0.4647684097290039 0.1425645351409912 8633 0
0.4528183937072754 0.17304205894470215 8839 0
0.46880316734313965 0.15089941024780273 9027 0
0.45160794258117676 0.18963909149169922 8445 0
0.45702052116394043 0.1417372226715088 8557 0
0.45900774002075195 0.1417233943939209 8152 0
0.4291563034057617 0.13032269477844238 8816 0
0.4777095317840576 0.12767267227172852 8868 0
0.45760130882263184 0.1515026092529297 9302 0
0.4352090358734131 0.1398160457611084 8586 0
0.4815363883972168 0.16629791259765625 8785 0
0.44826817512512207 0.15592670440673828 8538 0
0.41948938369750977 0.14759564399719238 8299 0
0.4219663143157959 0.1329636573791504 8678 0
0.4625279903411865 0.15773367881774902 7821 0
0.46796298027038574 0.12821435928344727 9226 0
0.45557618141174316 0.13433313369750977 8727 0
0.4764440059661865 0.17046475410461426 6825 0
0.459151029586792 0.1445009708404541 8715 0
0.44423460960388184 0.17615318298339844 8542 0
0.45183753967285156 0.1529228687286377 8680 0
0.48018693923950195 0.20634746551513672 8491 0
0.49150609970092773 0.12487912178039551 8322 0
0.466097354888916 0.13727140426635742 8994 0
0.4652986526489258 0.13808989524841309 8890 0
0.4802896976470947 0.13642072677612305 9736 0
0.47249698638916016 0.1452016830444336 9368 0
0.49041247367858887 0.18836259841918945 8817 0
0.44852137565612793 0.13618135452270508 9147 0
0.47929835319519043 0.137908935546875 8660 0
0.4629511833190918 0.19405865669250488 9124 0
0.4555976390838623 0.2055068016052246 8776 0
0.47826194763183594 0.14203357696533203 8634 0
0.44533348083496094 0.22026491165161133 8606 0
0.4582099914550781 0.1779346466064453 9485 0
0.46324682235717773 0.14394545555114746 9186 0
0.468048095703125 0.1836385726928711 8706 0
0.4596102237701416 0.14782357215881348 9320 0
0.4577755928039551 0.20121264457702637 8372 0
0.4675312042236328 0.16176319122314453 8666 0
0.4740736484527588 0.17141294479370117 8495 0
0.4696938991546631 0.1328444480895996 8682 0
0.48036742210388184 0.1790144443511963 8938 0
0.4646108150482178 0.21387386322021484 9845 0
0.4746518135070801 0.13746166229248047 10370 0
0.46733832359313965 0.14464640617370605 9714 0
0.4536702632904053 0.1739182472229004 9843 0
0.4605286121368408 0.17789053916931152 9577 0
0.4547550678253174 0.18018293380737305 10131 0
0.46068382263183594 0.14325165748596191 10111 0
0.4701874256134033 0.15029263496398926 10503 0
0.49365782737731934 0.1712336540222168 10619 0
0.458526611328125 0.1867201328277588 9639 0
0.4750995635986328 0.14130568504333496 10821 0
0.4517800807952881 0.20095348358154297 9709 0
0.45941638946533203 0.14710211753845215 10089 0
0.46021318435668945 0.12613391876220703 10797 0
0.46388936042785645 0.13997292518615723 10071 0
0.47533249855041504 0.1747419834136963 10532 0
0.4795668125152588 0.14083480834960938 10087 0
0.4727518558502197 0.19730210304260254 8654 0
0.4327707290649414 0.12608838081359863 9805 0
0.4816920757293701 0.14509153366088867 9899 0
0.4786396026611328 0.13882660865783691 9829 0
0.4324047565460205 0.12953400611877441 10441 0
0.493009090423584 0.13860297203063965 10427 0
0.4713149070739746 0.16542315483093262 10224 0
0.4574253559112549 0.12480759620666504 10309 0
0.46166062355041504 0.18228387832641602 10554 0
0.45838427543640137 0.1995830535888672 10097 0
0.4801211357116699 0.1309375762939453 8415 0
0.46904420852661133 0.14475679397583008 10139 0
0.47787022590637207 0.14352035522460938 9825 0
0.46549129486083984 0.2112107276916504 10449 0
0.47270989418029785 0.1709270477294922 10270 0
0.4710712432861328 0.1378309726715088 10069 0
0.46198058128356934 0.18619155883789062 10602 0
0.4647331237792969 0.1399223804473877 10525 0
0.4806652069091797 0.14110660552978516 10238 0
0.48437070846557617 0.21610522270202637 10585 0
0.47304821014404297 0.16236567497253418 9914 0
0.48681139945983887 0.13976669311523438 10421 0
0.4982733726501465 0.14650511741638184 10450 0
0.43669676780700684 0.14803624153137207 10082 0
0.4731736183166504 0.12033891677856445 10197 0
0.45542216300964355 0.2116696834564209 9912 0
0.4949057102203369 0.16279888153076172 9859 0
0.46091771125793457 0.13988685607910156 9903 0
0.49031662940979004 0.14345169067382812 10078 0
0.47127628326416016 0.18685483932495117 10436 0
0.44666457176208496 0.19938969612121582 8481 0
0.4419405460357666 0.13551092147827148 9999 0
0.45467567443847656 0.13882660865783691 10963 0
0.46053194999694824 0.14313411712646484 10911 0
0.49294567108154297 0.14722180366516113 10225 0
0.45495152473449707 0.19482040405273438 9773 0
0.4616262912750244 0.14969563484191895 9888 0
0.4600985050201416 0.1605663299560547 9348 0
0.4866163730621338 0.14736533164978027 9919 0
0.46964311599731445 0.14394426345825195 10686 0
0.4251730442047119 0.1347792148590088 7807 0
0.4697408676147461 0.17363929748535156 10277 0
0.4568812847137451 0.1366422176361084 9964 0
0.45981526374816895 0.1656343936920166 9859 0
0.4828372001647949 0.2355639934539795 10607 0
0.46044421195983887 0.14145660400390625 10014 0
0.4818382263183594 0.17713570594787598 10010 0
0.47210097312927246 0.15144991874694824 10704 0
0.457364559173584 0.1417999267578125 10378 0
0.47359728813171387 0.1374969482421875 10288 0
0.45270848274230957 0.14264917373657227 10522 0
0.42739248275756836 0.14267396926879883 10220 0
0.4780755043029785 0.14720964431762695 9459 0
0.45409703254699707 0.14830446243286133 9937 0
0.47011709213256836 0.16547942161560059 10375 0
0.49170613288879395 0.2105414867401123 10417 0
0.46903514862060547 0.15385818481445312 10345 0
0.45728349685668945 0.12834429740905762 9764 0
0.47840356826782227 0.15633082389831543 11086 0
0.45730090141296387 0.15104079246520996 10259 0
0.46910595893859863 0.13931608200073242 9144 0
0.46384143829345703 0.1457810401916504 10317 0
0.4670257568359375 0.1498246192932129 10649 0
0.4884932041168213 0.15451788902282715 10479 0
0.4626786708831787 0.1975574493408203 9939 0
0.4682796001434326 0.1948871612548828 10342 0
0.47066736221313477 0.13583993911743164 10287 0
0.4654068946838379 0.18123555183410645 10226 0
0.4795346260070801 0.14471006393432617 10486 0
0.4277222156524658 0.20339751243591309 10067 0
0.46801018714904785 0.13532686233520508 7221 0
0.4577488899230957 0.2158503532409668 9181 0
0.4518716335296631 0.21001052856445312 9551 0
0.48763322830200195 0.14199161529541016 8636 0
0.45201563835144043 0.15893959999084473 9891 0
0.455019474029541 0.17939519882202148 9149 0
0.4483370780944824 0.15353941917419434 9830 0
0.455441951751709 0.13695025444030762 9148 0
0.4911036491394043 0.19040966033935547 9872 0
0.4599950313568115 0.14191770553588867 10006 0
0.4634366035461426 0.20727086067199707 8965 0
0.480318546295166 0.1433398723602295 9892 0
0.4704582691192627 0.13886690139770508 8327 0
0.44985246658325195 0.14888215065002441 8978 0
0.45908284187316895 0.17614197731018066 9691 0
0.4771709442138672 0.1580214500427246 9760 0
0.46861910820007324 0.14991307258605957 9534 0
0.4614086151123047 0.18082571029663086 9381 0
0.4690554141998291 0.13922595977783203 9266 0
0.4710667133331299 0.1263139247894287 9386 0
0.45173120498657227 0.20400476455688477 8778 0
0.4639284610748291 0.1457655429840088 9476 0
0.43279337882995605 0.12323832511901855 9738 0
0.43784499168395996 0.1265103816986084 9717 0
0.4635910987854004 0.19569849967956543 9520 0
0.4736156463623047 0.14873790740966797 9707 0
0.4841806888580322 0.15727829933166504 10089 0
0.49577927589416504 0.1375439167022705 9166 0
0.47802066802978516 0.13511943817138672 9278 0
0.46746182441711426 0.14555788040161133 9548 0
0.4677295684814453 0.13402795791625977 7105 0
0.44796180725097656 0.14957547187805176 9832 0
0.3916795253753662 0.13954591751098633 9194 0
0.47420406341552734 0.1392533779144287 9084 0
0.4797065258026123 0.14617109298706055 10060 0
0.4602334499359131 0.18894577026367188 9162 0
0.46151185035705566 0.20897531509399414 9324 0
0.468198299407959 0.13323092460632324 9567 0
0.4773693084716797 0.18153691291809082 9528 0
0.46245670318603516 0.15148234367370605 9546 0
0.46398210525512695 0.1536576747894287 9809 0
0.45491623878479004 0.15676546096801758 9818 0
0.4356374740600586 0.17965102195739746 8727 0
0.45530176162719727 0.14574766159057617 9835 0
0.4682738780975342 0.14324402809143066 9835 0
0.448566198348999 0.19955182075500488 10047 0
0.4986279010772705 0.20462298393249512 9940 0
0.4756186008453369 0.14180874824523926 9760 0
0.47258949279785156 0.16331791877746582 9796 0
0.4788787364959717 0.13698267936706543 9518 0
0.4720313549041748 0.14515209197998047 8624 0
0.4689676761627197 0.15423059463500977 9756 0
0.46404361724853516 0.18173718452453613 9917 0
0.44773101806640625 0.1696171760559082 9509 0
0.4431626796722412 0.1593928337097168 9653 0
0.45395636558532715 0.1381986141204834 9979 0
0.4570612907409668 0.1583240032196045 9334 0
0.46503233909606934 0.21001029014587402 8994 0
0.47533249855041504 0.16908955574035645 9501 0
0.4733881950378418 0.2138066291809082 9427 0
0.4792778491973877 0.13277435302734375 7300 0
0.4729282855987549 0.14939379692077637 9243 0
0.48380613327026367 0.13628268241882324 8293 0
0.4540901184082031 0.12515664100646973 8967 0
0.4653022289276123 0.19434881210327148 9463 0
0.48595595359802246 0.12427353858947754 9681 0
0.4540293216705322 0.17522883415222168 9415 0
0.4637157917022705 0.15160465240478516 9703 0
0.471982479095459 0.12260651588439941 9629 0
0.461925745010376 0.15398192405700684 9447 0
0.4917769432067871 0.13183808326721191 9676 0
0.46347713470458984 0.12562322616577148 9202 0
0.4746115207672119 0.17893457412719727 8687 0
0.4754817485809326 0.20775103569030762 10067 0
0.47144055366516113 0.12816071510314941 9577 0
0.4487473964691162 0.14270353317260742 9625 0
0.4781374931335449 0.1820204257965088 9472 0
0.4609808921813965 0.14409160614013672 9556 0
0.4652242660522461 0.16785931587219238 9514 0
0.4527621269226074 0.1613309383392334 9654 0
0.45894861221313477 0.13832497596740723 8175 0
0.4596586227416992 0.16005992889404297 9494 0
0.482576847076416 0.12855768203735352 9534 0
0.4721052646636963 0.13517284393310547 9896 0
0.46355533599853516 0.138228178024292 9467 0
0.4674375057220459 0.14058351516723633 9632 0
0.4504702091217041 0.16617107391357422 9346 0
0.4740769863128662 0.1760542392730713 8955 0
0.49964165687561035 0.12734723091125488 9376 0
0.46910667419433594 0.13963723182678223 9076 0
0.4413919448852539 0.12703990936279297 7637 0
0.502528190612793 0.18252038955688477 9485 0
0.4842102527618408 0.1259746551513672 8122 0
0.4700028896331787 0.14317631721496582 9471 0
0.4518754482269287 0.14248943328857422 9430 0
0.4578428268432617 0.13932204246520996 9478 0
0.46059656143188477 0.15392804145812988 9815 0
0.4806709289550781 0.1317918300628662 9956 0
0.4752943515777588 0.1419832706451416 9527 0
0.4731755256652832 0.14662861824035645 9815 0
0.4887886047363281 0.14242076873779297 9736 0
0.44914793968200684 0.18699145317077637 9163 0
0.48163390159606934 0.17789602279663086 8985 0
0.46779394149780273 0.13845229148864746 9412 0
0.45209288597106934 0.13994836807250977 9643 0
0.45934319496154785 0.14792299270629883 9944 0
0.45696520805358887 0.12875652313232422 9762 0
0.48835062980651855 0.1316072940826416 9595 0
0.4632267951965332 0.2120201587677002 9538 0
0.4580659866333008 0.1617903709411621 9453 0
0.4593627452850342 0.1393294334411621 8787 0
0.467543363571167 0.13432955741882324 9341 0
0.47009944915771484 0.13619780540466309 10464 0
0.4659154415130615 0.217299222946167 10290 0
0.48711681365966797 0.14140820503234863 10825 0
0.4739818572998047 0.16922330856323242 11105 0
0.4698805809020996 0.183060884475708 10882 0
0.4859769344329834 0.14647150039672852 10966 0
0.47670674324035645 0.14296555519104004 10658 0
0.49173951148986816 0.1210932731628418 10278 0
0.48830628395080566 0.1716749668121338 10352 0
0.4728527069091797 0.1707768440246582 10525 0
0.47844576835632324 0.14186692237854004 10075 0
0.46846747398376465 0.13488411903381348 10339 0
0.48719310760498047 0.16383123397827148 10419 0
0.46269941329956055 0.14087462425231934 10278 0
0.4858572483062744 0.1988511085510254 11005 0
0.4787914752960205 0.1418159008026123 10732 0
0.4760396480560303 0.14989924430847168 10263 0
0.4635581970214844 0.13238263130187988 10876 0
0.4574613571166992 0.1322314739227295 10599 0
0.4838531017303467 0.16427063941955566 10081 0
0.4675769805908203 0.1472790241241455 10233 0
0.461137056350708 0.12952256202697754 9852 0
0.44527530670166016 0.13312220573425293 10241 0
0.4412517547607422 0.19703030586242676 10472 0
0.46280455589294434 0.1343059539794922 10245 0
0.469409704208374 0.1410071849822998 10058 0
0.46613097190856934 0.1362757682800293 9988 0
0.4866678714752197 0.14186930656433105 10439 0
0.47337770462036133 0.16427040100097656 10600 0
0.4662282466888428 0.18125391006469727 10880 0
0.48690128326416016 0.12793231010437012 10624 0
0.4621756076812744 0.1348097324371338 10400 0
0.4649326801300049 0.2033693790435791 10216 0
0.46161985397338867 0.21489191055297852 9849 0
0.4660007953643799 0.19823884963989258 10010 0
0.4782428741455078 0.1719059944152832 10279 0
0.4718353748321533 0.13600420951843262 10070 0
0.470104455947876 0.15778732299804688 10830 0
0.46746826171875 0.12190985679626465 10546 0
0.4635016918182373 0.18900108337402344 10232 0
0.4609248638153076 0.12374258041381836 10105 0
0.4695312976837158 0.14354896545410156 10262 0
0.4599432945251465 0.13989472389221191 10323 0
0.4776475429534912 0.13648605346679688 10279 0
0.4886291027069092 0.21521949768066406 10401 0
0.48458385467529297 0.14918065071105957 9651 0
0.4654998779296875 0.2010040283203125 9692 0
0.45833349227905273 0.19100213050842285 10020 0
0.46544694900512695 0.14459872245788574 10647 0
0.4921300411224365 0.12739133834838867 10217 0
0.4830193519592285 0.16993451118469238 10112 0
0.45795416831970215 0.14530539512634277 10431 0
0.44998979568481445 0.2177138328552246 10377 0
0.4644472599029541 0.1441338062286377 10268 0
0.4478607177734375 0.1630845069885254 10206 0
0.46589183807373047 0.13796257972717285 10224 0
0.4831233024597168 0.19112205505371094 10315 0
0.4829878807067871 0.18596744537353516 10008 0
0.49198317527770996 0.12828898429870605 10559 0
0.46958231925964355 0.13161730766296387 10547 0
0.4349539279937744 0.13912320137023926 10176 0
0.4746513366699219 0.18510818481445312 10735 0
0.4646878242492676 0.13515186309814453 10741 0
0.47655463218688965 0.19246315956115723 11000 0
0.4871656894683838 0.1432633399963379 10533 0
0.45934510231018066 0.20737743377685547 10692 0
0.4727649688720703 0.1774890422821045 10475 0
0.4813973903656006 0.13566136360168457 10391 0
0.43370723724365234 0.17666292190551758 10508 0
0.4513678550720215 0.13779759407043457 10444 0
0.47478485107421875 0.146148681640625 10520 0
0.4691731929779053 0.18433189392089844 10733 0
0.4781794548034668 0.1384422779083252 10073 0
0.44402313232421875 0.143721342086792 10690 0
0.5199441909790039 0.20161151885986328 11369 0
0.4497654438018799 0.14500021934509277 10890 0
0.46759843826293945 0.15751862525939941 10865 0
0.47750115394592285 0.14265179634094238 11205 0
0.47186923027038574 0.20620274543762207 11595 0
0.4719569683074951 0.12215375900268555 11497 0
0.45699024200439453 0.1724376678466797 11211 0
0.4618513584136963 0.16066288948059082 11161 0
0.4538288116455078 0.17923521995544434 10136 0
0.4474823474884033 0.19246339797973633 9097 0
0.4982571601867676 0.12929630279541016 10985 0
0.4742913246154785 0.1606152057647705 11825 0
0.4954211711883545 0.20116734504699707 10834 0
0.49407482147216797 0.1246182918548584 11045 0
0.4631612300872803 0.19768333435058594 10332 0
0.4755380153656006 0.14227867126464844 10085 0
0.4780561923980713 0.13877248764038086 10358 0
0.4760918617248535 0.21091818809509277 10660 0
0.46792101860046387 0.20393633842468262 10975 0
0.4535365104675293 0.14551329612731934 10635 0
0.4600508213043213 0.15541696548461914 11376 0
0.48091793060302734 0.16135740280151367 11354 0
0.4620063304901123 0.16447663307189941 9525 0
0.47857117652893066 0.1248929500579834 11067 0
0.46629905700683594 0.15108203887939453 10811 0
0.4828035831451416 0.14461135864257812 10752 0
0.48534202575683594 0.1474764347076416 11390 0
0.46309351921081543 0.20460796356201172 11380 0
0.4694232940673828 0.1342484951019287 9952 0
0.4679098129272461 0.15068984031677246 11678 0
0.4719395637512207 0.1913585662841797 11803 0
0.4794142246246338 0.18112826347351074 11854 0
0.49431943893432617 0.13864445686340332 11291 0
0.47148585319519043 0.14506030082702637 11717 0
0.4523754119873047 0.14011788368225098 11959 0
0.49040937423706055 0.1589806079864502 11992 0
0.4805769920349121 0.13482666015625 11334 0
0.4676074981689453 0.14743471145629883 11696 0
0.4839158058166504 0.19110465049743652 12123 0
0.4973306655883789 0.1636791229248047 11685 0
0.47310400009155273 0.18457961082458496 12145 0
0.5013153553009033 0.17766141891479492 11745 0
0.483001708984375 0.15522551536560059 11540 0
0.4652283191680908 0.14846038818359375 11447 0
0.48487210273742676 0.12455391883850098 11521 0
0.4965822696685791 0.18280029296875 11282 0
0.4832894802093506 0.13890385627746582 11453 0
0.47926926612854004 0.16777467727661133 11421 0
0.4682128429412842 0.19671320915222168 11394 0
0.464099645614624 0.1449601650238037 10868 0
0.4187183380126953 0.1435079574584961 12032 0
0.48530054092407227 0.16802716255187988 11726 0
0.4730348587036133 0.14087986946105957 9999 0
0.46626853942871094 0.21065497398376465 11125 0
0.47020792961120605 0.1396932601928711 10785 0
0.48334336280822754 0.14963197708129883 10709 0
0.45932555198669434 0.14702820777893066 11184 0
0.5092711448669434 0.1488497257232666 11597 0
0.47095656394958496 0.14405250549316406 10676 0
0.5106220245361328 0.14006924629211426 11516 0
0.48194313049316406 0.14020919799804688 11474 0
0.4905366897583008 0.18704843521118164 11724 0
0.46877050399780273 0.1379086971282959 11436 0
0.48424720764160156 0.19833922386169434 11073 0
0.475813627243042 0.15525388717651367 11527 0
0.45636749267578125 0.14089751243591309 11263 0
0.48656439781188965 0.15411114692687988 11748 0
0.4731016159057617 0.14713096618652344 11437 0
0.41657376289367676 0.20053553581237793 11927 0
0.46155619621276855 0.19175338745117188 12051 0
0.4693028926849365 0.16010642051696777 11820 0
0.4756133556365967 0.12186264991760254 11835 0
0.4637613296508789 0.14166522026062012 11805 0
0.47982048988342285 0.1879115104675293 11685 0
0.4935626983642578 0.1513361930847168 11405 0
0.46920299530029297 0.13675808906555176 11325 0
0.4939882755279541 0.15947318077087402 11994 0
0.4793999195098877 0.13737797737121582 11759 0
0.46636104583740234 0.14188456535339355 11734 0
0.4551048278808594 0.15421247482299805 11296 0
0.4571950435638428 0.14589786529541016 11805 0
0.46648144721984863 0.13238286972045898 12379 0
0.46187782287597656 0.11998176574707031 10104 0
0.46184849739074707 0.16106534004211426 11940 0
0.4428989887237549 0.1341695785522461 11740 0
0.45723676681518555 0.16621994972229004 11268 0
0.4678463935852051 0.1389636993408203 12142 0
0.4640672206878662 0.15759968757629395 12154 0
0.4751577377319336 0.13764715194702148 11302 0
0.49571681022644043 0.16864800453186035 12406 0
0.4734764099121094 0.21224713325500488 11926 0
0.49094223976135254 0.1543424129486084 12108 0
0.4601263999938965 0.1714167594909668 11944 0
0.4752650260925293 0.12639927864074707 11306 0
0.4803891181945801 0.14387774467468262 11613 0
0.4765024185180664 0.14163899421691895 11034 0
0.46900129318237305 0.16335129737854004 11303 0
0.4745180606842041 0.15046429634094238 11087 0
0.4903829097747803 0.14306879043579102 11295 0
0.48032331466674805 0.17806100845336914 10971 0
0.46019935607910156 0.18687653541564941 11233 0
0.46500658988952637 0.20696496963500977 10833 0
0.49266719818115234 0.1265726089477539 10784 0
0.47473883628845215 0.14842963218688965 10802 0
0.4870786666870117 0.18085265159606934 11472 0
0.4958951473236084 0.17023777961730957 11444 0
0.4661839008331299 0.20259428024291992 11484 0
0.4602038860321045 0.15764069557189941 10867 0
0.4732532501220703 0.14821863174438477 11333 0
0.43680667877197266 0.1342177391052246 11559 0
0.4804115295410156 0.14946341514587402 10984 0
0.508903980255127 0.1413261890411377 11053 0
0.47170424461364746 0.11970210075378418 11118 0
0.48475098609924316 0.12336182594299316 10516 0
0.470958948135376 0.16048574447631836 10884 0
0.4508249759674072 0.15270471572875977 10985 0
0.4975168704986572 0.1485152244567871 11292 0
0.47095584869384766 0.140549898147583 11348 0
0.4846336841583252 0.1658802032470703 11388 0
0.47137928009033203 0.1326594352722168 11290 0
0.48560070991516113 0.14488816261291504 11758 0
0.4415757656097412 0.13860630989074707 11346 0
