0.4485313892364502 0.13832902908325195 101072 0
0.4347660541534424 0.1479959487915039 100996 0
0.4317967891693115 0.147080659866333 103134 0
0.4651763439178467 0.14680862426757812 101664 0
0.4423706531524658 0.13891315460205078 104480 0
0.4457433223724365 0.1414494514465332 107549 0
0.4730851650238037 0.14469599723815918 106527 0
0.44626665115356445 0.14073467254638672 105638 0
0.4394352436065674 0.14603209495544434 104529 0
0.46210551261901855 0.141066312789917 105727 0
0.46684980392456055 0.14325881004333496 101958 0
0.4600043296813965 0.1472933292388916 100257 0
0.44789600372314453 0.1430072784423828 104943 0
0.45353221893310547 0.14825987815856934 102779 0
0.4371497631072998 0.1417219638824463 89152 0
0.4711000919342041 0.13977646827697754 102221 0
0.4621388912200928 0.14048528671264648 99972 0
0.45050954818725586 0.1445636749267578 97942 0
0.4519648551940918 0.14345812797546387 94875 0
0.4561905860900879 0.14392876625061035 100087 0
0.46055030822753906 0.1413419246673584 100024 0
0.48743677139282227 0.1418764591217041 97855 0
0.4466543197631836 0.13841652870178223 101044 0
0.43570637702941895 0.14053058624267578 104453 0
0.44425082206726074 0.13964509963989258 104327 0
0.4496176242828369 0.14914417266845703 103260 0
0.45528483390808105 0.14435219764709473 96639 0
0.4614245891571045 0.14450383186340332 102306 0
0.44420886039733887 0.1447911262512207 103121 0
0.4484114646911621 0.14353060722351074 98540 0
0.4516780376434326 0.13764166831970215 102562 0
0.4510159492492676 0.14377427101135254 103557 0
0.4535048007965088 0.14422059059143066 101424 0
0.47347378730773926 0.14717364311218262 102009 0
0.46131396293640137 0.14263510704040527 97241 0
0.4365701675415039 0.14719367027282715 105337 0
0.48018550872802734 0.1425495147705078 109257 0
0.4718642234802246 0.1428828239440918 106172 0
0.42154526710510254 0.14455580711364746 108506 0
0.4429020881652832 0.140899658203125 103049 0
0.443554162979126 0.14667940139770508 98323 0
0.44922757148742676 0.14322924613952637 100549 0
0.4351460933685303 0.14199161529541016 105560 0
0.44712328910827637 0.14250969886779785 105121 0
0.44731831550598145 0.13853979110717773 94908 0
0.4831843376159668 0.145371675491333 103943 0
0.4586367607116699 0.1459791660308838 106434 0
0.42972540855407715 0.14497995376586914 104101 0
0.4529128074645996 0.14350175857543945 105918 0
0.4533414840698242 0.1480250358581543 105189 0
0.4515564441680908 0.14538025856018066 104741 0
0.44494104385375977 0.14632081985473633 105528 0
0.4679388999938965 0.14107203483581543 105461 0
0.4465804100036621 0.14817047119140625 106014 0
0.45807385444641113 0.14606881141662598 106412 0
0.44982075691223145 0.14434361457824707 106817 0
0.45571064949035645 0.14310979843139648 106810 0
0.4766826629638672 0.1482992172241211 107405 0
0.4773719310760498 0.14577579498291016 107331 0
0.4544520378112793 0.14911866188049316 107001 0
0.4572296142578125 0.14744949340820312 104554 0
0.4513275623321533 0.1427464485168457 105131 0
0.42559146881103516 0.14541316032409668 105007 0
0.43424034118652344 0.14596915245056152 103765 0
0.43442869186401367 0.14487767219543457 101480 0
0.45906567573547363 0.14481019973754883 104456 0
0.4607045650482178 0.14620661735534668 104844 0
0.4514625072479248 0.14261960983276367 105728 0
0.4463808536529541 0.14594006538391113 104531 0
0.48120808601379395 0.14604616165161133 103782 0
0.4097940921783447 0.14850282669067383 102394 0
0.44826292991638184 0.14481258392333984 100111 0
0.4625284671783447 0.1459803581237793 104445 0
0.42290663719177246 0.1503279209136963 102232 0
0.4336130619049072 0.14312410354614258 89641 0
0.450275182723999 0.14260482788085938 102823 0
0.4346468448638916 0.14466404914855957 102168 0
0.4427647590637207 0.1394340991973877 99551 0
0.43677568435668945 0.14351391792297363 101006 0
0.4497549533843994 0.14580988883972168 100217 0
0.44916820526123047 0.14424657821655273 103532 0
0.4672865867614746 0.14395594596862793 103455 0
0.4394264221191406 0.14547014236450195 101695 0
0.4334065914154053 0.14000487327575684 101845 0
0.4471096992492676 0.15085744857788086 103737 0
0.46979427337646484 0.14614129066467285 103771 0
0.510800838470459 0.13753151893615723 99538 0
0.44501543045043945 0.1448373794555664 104028 0
0.4465062618255615 0.14863348007202148 103575 0
0.44837522506713867 0.14556288719177246 105395 0
0.429746150970459 0.14133358001708984 103697 0
0.4591701030731201 0.14031004905700684 103394 0
0.4475564956665039 0.14223337173461914 103087 0
0.46292901039123535 0.14195752143859863 100483 0
0.4501204490661621 0.14528107643127441 103723 0
0.4604318141937256 0.14407896995544434 103736 0
0.43764758110046387 0.15006637573242188 89513 0
0.44216060638427734 0.14952445030212402 103981 0
0.4572141170501709 0.1441631317138672 104628 0
0.4529421329498291 0.14088988304138184 99822 0
0.44992899894714355 0.14688944816589355 101653 0
0.4347572326660156 0.14197683334350586 103141 0
0.4717538356781006 0.13697004318237305 104175 0
0.4872317314147949 0.14408349990844727 107273 0
0.46816277503967285 0.14558649063110352 105931 0
0.44844937324523926 0.1434156894683838 105422 0
0.4639930725097656 0.14208579063415527 105769 0
0.4584314823150635 0.14484047889709473 108175 0
0.43219470977783203 0.15143656730651855 107184 0
0.4496800899505615 0.14460277557373047 106451 0
0.44825291633605957 0.14380478858947754 105890 0
0.4611480236053467 0.1451261043548584 105601 0
0.45371437072753906 0.14250564575195312 106053 0
0.4567530155181885 0.14445757865905762 106909 0
0.45182275772094727 0.14304876327514648 103918 0
0.45023226737976074 0.14189505577087402 105987 0
0.4435396194458008 0.13857173919677734 96937 0
0.47177791595458984 0.1446080207824707 106724 0
0.45177316665649414 0.14585471153259277 106199 0
0.46323704719543457 0.14687561988830566 106663 0
0.44452452659606934 0.14512944221496582 103942 0
0.4554133415222168 0.14574289321899414 105249 0
0.44641757011413574 0.14719891548156738 104780 0
0.4652252197265625 0.14690637588500977 101233 0
0.4298889636993408 0.14638090133666992 104206 0
0.4465162754058838 0.14554691314697266 105258 0
0.4422304630279541 0.13994741439819336 90492 0
0.4715132713317871 0.14354896545410156 102253 0
0.44068384170532227 0.14356160163879395 93978 0
0.45954370498657227 0.14379262924194336 96218 0
0.4590742588043213 0.14066147804260254 99341 0
0.43859028816223145 0.14421367645263672 98987 0
0.47544336318969727 0.14845895767211914 96582 0
0.45003747940063477 0.1454765796661377 101599 0
0.46163463592529297 0.15168261528015137 103106 0
0.4421114921569824 0.1499013900756836 104675 0
0.4267153739929199 0.140913724899292 103708 0
0.44721078872680664 0.1417372226715088 105285 0
0.46981000900268555 0.14465045928955078 102724 0
0.4572458267211914 0.14172959327697754 104028 0
0.4604024887084961 0.14496755599975586 106503 0
0.4483835697174072 0.14719152450561523 106534 0
0.4472224712371826 0.14982962608337402 105010 0
0.44866108894348145 0.14232182502746582 105424 0
0.434856653213501 0.14229536056518555 103954 0
0.4843618869781494 0.14951229095458984 108553 0
0.4518909454345703 0.15143918991088867 106745 0
0.4653456211090088 0.14389467239379883 105199 0
0.4451122283935547 0.14385247230529785 101711 0
0.44533371925354004 0.14389443397521973 101378 0
0.4290885925292969 0.1400744915008545 107007 0
0.47353363037109375 0.14318537712097168 111509 0
0.4696543216705322 0.1458876132965088 110062 0
0.4525465965270996 0.14269661903381348 108394 0
0.4640493392944336 0.14142799377441406 109230 0
0.4527716636657715 0.14268803596496582 106709 0
0.44391942024230957 0.1405189037322998 91614 0
0.4438350200653076 0.15508556365966797 102323 0
0.44603705406188965 0.143172025680542 105119 0
0.44666171073913574 0.14792966842651367 97590 0
0.43688178062438965 0.14008665084838867 97390 0
0.4456369876861572 0.14539456367492676 98410 0
0.4486203193664551 0.14253449440002441 96693 0
0.47155261039733887 0.1475067138671875 98581 0
0.4503958225250244 0.14322733879089355 103920 0
0.48046422004699707 0.142503023147583 99946 0
0.46752166748046875 0.1456892490386963 100223 0
0.44115519523620605 0.14231634140014648 105342 0
0.4618256092071533 0.14450383186340332 102556 0
0.453596830368042 0.14526605606079102 108640 0
0.43929576873779297 0.14845013618469238 102246 0
0.45873045921325684 0.14835381507873535 106547 0
0.4609642028808594 0.14802122116088867 106591 0
0.4627089500427246 0.14595723152160645 107789 0
0.4314150810241699 0.13966131210327148 106810 0
0.4533693790435791 0.14860939979553223 107479 0
0.47109293937683105 0.1470029354095459 102158 0
0.4407622814178467 0.13824725151062012 108120 0
0.489748477935791 0.13952970504760742 109015 0
0.4718348979949951 0.14248228073120117 109350 0
0.47303128242492676 0.14244675636291504 106692 0
0.4434847831726074 0.1384873390197754 105578 0
0.45810580253601074 0.14594674110412598 106096 0
0.4490787982940674 0.14476752281188965 102786 0
0.44380903244018555 0.1367359161376953 105539 0
0.44321274757385254 0.14374399185180664 106395 0
0.43910694122314453 0.14354801177978516 92253 0
0.4705498218536377 0.14293789863586426 107729 0
0.47323036193847656 0.14440035820007324 108460 0
0.452716588973999 0.14156579971313477 102826 0
0.46326684951782227 0.1442251205444336 104402 0
0.4604156017303467 0.14696693420410156 105296 0
0.4338572025299072 0.14562129974365234 105951 0
0.45435476303100586 0.1449751853942871 106709 0
0.4728963375091553 0.14266037940979004 105829 0
0.4374067783355713 0.15021228790283203 105727 0
0.43426084518432617 0.14102530479431152 105730 0
0.4551119804382324 0.14717817306518555 106487 0
0.43123602867126465 0.14528536796569824 106345 0
0.435894250869751 0.14058661460876465 105208 0
0.4438340663909912 0.14139032363891602 100778 0
0.458498477935791 0.14746785163879395 91355 0
0.42353272438049316 0.14240503311157227 88600 0
0.4376852512359619 0.1415414810180664 89881 0
0.4466280937194824 0.1384270191192627 89268 0
0.4406919479370117 0.14897441864013672 91769 0
0.4630277156829834 0.14843463897705078 90032 0
0.40732526779174805 0.14280104637145996 91432 0
0.4338045120239258 0.14705252647399902 93531 0
0.43972063064575195 0.14703583717346191 92683 0
0.42951107025146484 0.14464569091796875 91442 0
0.42051267623901367 0.14225006103515625 93681 0
0.44522953033447266 0.14217281341552734 91666 0
0.4503438472747803 0.1431894302368164 90694 0
0.42731237411499023 0.14644193649291992 91041 0
0.4445188045501709 0.14033102989196777 89416 0
0.448502779006958 0.14887309074401855 89943 0
0.44682908058166504 0.14255261421203613 85448 0
0.44995594024658203 0.13802790641784668 90993 0
0.42602014541625977 0.1416301727294922 91788 0
0.45891475677490234 0.1382286548614502 92333 0
0.44005799293518066 0.14052438735961914 91537 0
0.46244072914123535 0.1386551856994629 92104 0
0.44188880920410156 0.1401505470275879 91979 0
0.4429299831390381 0.1420152187347412 91832 0
0.43884754180908203 0.14146780967712402 91000 0
0.44956111907958984 0.13906240463256836 90999 0
0.4380922317504883 0.14917707443237305 91454 0
0.44237279891967773 0.1470651626586914 90902 0
0.4352283477783203 0.14398813247680664 91390 0
0.4396955966949463 0.13905644416809082 91988 0
0.42702722549438477 0.14337563514709473 90342 0
0.4426546096801758 0.14491820335388184 90239 0
0.45598435401916504 0.14305853843688965 91368 0
0.4709441661834717 0.14163684844970703 92486 0
0.4557833671569824 0.13938450813293457 92275 0
0.4487037658691406 0.13896465301513672 91542 0
0.46033573150634766 0.1456146240234375 90995 0
0.4493741989135742 0.15103721618652344 91202 0
0.45940709114074707 0.14316701889038086 90761 0
0.4466526508331299 0.13862967491149902 89888 0
0.459399938583374 0.14151239395141602 90775 0
0.4109365940093994 0.1385486125946045 92343 0
0.47033190727233887 0.14670586585998535 90445 0
0.49631547927856445 0.14697718620300293 91154 0
0.46497583389282227 0.14624333381652832 90514 0
0.4590144157409668 0.14299702644348145 90014 0
0.448944091796875 0.14530539512634277 85085 0
0.4385702610015869 0.14318513870239258 89560 0
0.44831061363220215 0.14365768432617188 89816 0
0.45775723457336426 0.14834308624267578 90657 0
0.4451124668121338 0.14726018905639648 90544 0
0.44325852394104004 0.1382427215576172 90159 0
0.4217498302459717 0.14345335960388184 91302 0
0.44257521629333496 0.14644956588745117 91631 0
0.4571707248687744 0.14378070831298828 91116 0
0.43232297897338867 0.14000368118286133 91308 0
0.44882869720458984 0.1401960849761963 89842 0
0.4250926971435547 0.1406114101409912 88642 0
0.45965075492858887 0.14107322692871094 89511 0
0.4641730785369873 0.1462705135345459 89454 0
0.46611976623535156 0.14661335945129395 89378 0
0.461653470993042 0.14873576164245605 90978 0
0.45606136322021484 0.14083027839660645 90343 0
0.42475104331970215 0.14283132553100586 91273 0
0.4377572536468506 0.14061427116394043 91278 0
0.47719669342041016 0.148939847946167 91620 0
0.4505801200866699 0.1424086093902588 91274 0
0.43378543853759766 0.14783573150634766 91453 0
0.45841479301452637 0.14633774757385254 92002 0
0.4342067241668701 0.140486478805542 90397 0
0.4433283805847168 0.14603042602539062 90918 0
0.42829275131225586 0.1489105224609375 92081 0
0.43662309646606445 0.15330243110656738 96601 0
0.46561598777770996 0.14248228073120117 96550 0
0.44593334197998047 0.1410233974456787 91917 0
0.46009230613708496 0.1413593292236328 102976 0
0.4555487632751465 0.13929009437561035 98001 0
0.4628314971923828 0.14454078674316406 102277 0
0.4677259922027588 0.14307832717895508 99683 0
0.44915080070495605 0.1395723819732666 96825 0
0.4585127830505371 0.14304566383361816 97947 0
0.44661474227905273 0.14697813987731934 98655 0
0.44934558868408203 0.1401522159576416 97466 0
0.44991135597229004 0.1466977596282959 97008 0
0.43624234199523926 0.15020108222961426 96001 0
0.4407656192779541 0.14302754402160645 92162 0
0.45185422897338867 0.14427423477172852 92270 0
0.430147647857666 0.14394283294677734 88749 0
0.42192864418029785 0.14294052124023438 91244 0
0.4337620735168457 0.14114618301391602 91727 0
0.42988038063049316 0.14148664474487305 89719 0
0.4362621307373047 0.13756799697875977 90379 0
0.48215413093566895 0.14377069473266602 90883 0
0.47162485122680664 0.14157962799072266 90779 0
0.42609429359436035 0.14222216606140137 91374 0
0.43137240409851074 0.1423354148864746 91683 0
0.4434521198272705 0.13868331909179688 92222 0
0.4347202777862549 0.13897252082824707 92606 0
0.4643867015838623 0.13968133926391602 82774 0
0.44011712074279785 0.13801050186157227 93419 0
0.48580169677734375 0.14779877662658691 93112 0
0.45578694343566895 0.13918256759643555 91760 0
0.44063353538513184 0.14822602272033691 93506 0
0.4458301067352295 0.14049601554870605 93321 0
0.45038270950317383 0.14186382293701172 92863 0
0.47652268409729004 0.1529245376586914 93518 0
0.4565410614013672 0.14529180526733398 92249 0
0.4443016052246094 0.1479048728942871 91682 0
0.46216678619384766 0.1422743797302246 91121 0
0.4400522708892822 0.14194965362548828 90216 0
0.46807360649108887 0.13801002502441406 91167 0
0.4615304470062256 0.14365935325622559 91852 0
0.4712231159210205 0.14249229431152344 93091 0
0.44126296043395996 0.14002108573913574 92597 0
0.47231507301330566 0.13930821418762207 93143 0
0.47898316383361816 0.1383512020111084 92449 0
0.4697682857513428 0.14351677894592285 91986 0
0.4336118698120117 0.14096951484680176 92280 0
0.4431135654449463 0.1440281867980957 91355 0
0.4370884895324707 0.142988920211792 91046 0
0.44623613357543945 0.14239501953125 91986 0
0.4509878158569336 0.14534473419189453 91513 0
0.4444277286529541 0.14054584503173828 92337 0
0.46254539489746094 0.14399456977844238 91523 0
0.46173763275146484 0.14626598358154297 90511 0
0.45865750312805176 0.14177560806274414 90396 0
0.469346284866333 0.14051556587219238 92213 0
0.4550514221191406 0.1448993682861328 91893 0
0.45558977127075195 0.1452178955078125 80754 0
0.4376800060272217 0.14996886253356934 91026 0
0.4561314582824707 0.1415574550628662 92722 0
0.4384751319885254 0.1470351219177246 89540 0
0.4667830467224121 0.14030981063842773 93374 0
0.4523296356201172 0.14115691184997559 94778 0
0.45325255393981934 0.1451563835144043 91832 0
0.4650259017944336 0.14201641082763672 93234 0
0.4053506851196289 0.14155983924865723 92584 0
0.4598879814147949 0.13931870460510254 92770 0
0.47917652130126953 0.14698100090026855 92360 0
0.4688374996185303 0.1429903507232666 91844 0
0.46362829208374023 0.14395451545715332 92141 0
0.4796633720397949 0.143235445022583 92124 0
0.4462015628814697 0.14708518981933594 92029 0
0.4707915782928467 0.1510772705078125 91699 0
0.46799278259277344 0.14649701118469238 92428 0
0.4481239318847656 0.14277863502502441 93401 0
0.47533202171325684 0.14034509658813477 92466 0
0.445220947265625 0.14226436614990234 92582 0
0.45693135261535645 0.13893413543701172 92043 0
0.43599510192871094 0.1434948444366455 91224 0
0.4530510902404785 0.14410781860351562 91774 0
0.46686816215515137 0.14353585243225098 90583 0
0.4717717170715332 0.14426016807556152 92001 0
0.470273494720459 0.1463603973388672 92025 0
0.4526231288909912 0.14772844314575195 91144 0
0.45029401779174805 0.14693927764892578 89289 0
0.43567609786987305 0.14056992530822754 92854 0
0.4978487491607666 0.1433730125427246 91918 0
0.4587233066558838 0.14185142517089844 80573 0
0.44814157485961914 0.14723730087280273 89278 0
0.4667999744415283 0.14519834518432617 90587 0
0.45972132682800293 0.14015507698059082 87764 0
0.4317631721496582 0.1449604034423828 92304 0
0.46364545822143555 0.14079546928405762 92421 0
0.49948954582214355 0.14539074897766113 84925 0
0.455263614654541 0.14237761497497559 78915 0
0.4435575008392334 0.14191126823425293 90603 0
0.5078756809234619 0.14153718948364258 92739 0
0.45577454566955566 0.14861226081848145 94478 0
0.4505956172943115 0.1519930362701416 93803 0
0.43808627128601074 0.13898992538452148 93265 0
0.4753730297088623 0.1433863639831543 94431 0
0.4340853691101074 0.14602112770080566 92986 0
0.4518096446990967 0.14583992958068848 92134 0
0.46874380111694336 0.14023995399475098 81228 0
0.442354679107666 0.14048027992248535 80006 0
0.4744405746459961 0.14260482788085938 91863 0
0.44962406158447266 0.14737486839294434 92846 0
0.42964649200439453 0.1432504653930664 90712 0
0.44402146339416504 0.1440596580505371 91936 0
0.45339345932006836 0.14951348304748535 91759 0
0.44409871101379395 0.14471006393432617 91449 0
0.4403080940246582 0.13999485969543457 93105 0
0.4371914863586426 0.14292645454406738 93336 0
0.47681474685668945 0.1429436206817627 93292 0
0.4514029026031494 0.14243555068969727 91104 0
0.44655871391296387 0.1435258388519287 93550 0
0.4318404197692871 0.1459808349609375 92941 0
0.46018552780151367 0.1438312530517578 85552 0
0.43599677085876465 0.14362573623657227 92053 0
0.46182942390441895 0.13877272605895996 91972 0
0.4409353733062744 0.14684200286865234 91249 0
0.4301908016204834 0.14197564125061035 92521 0
0.43471789360046387 0.14624714851379395 91391 0
0.48220348358154297 0.1421794891357422 91184 0
0.4445769786834717 0.143646240234375 90360 0
0.45197296142578125 0.13995099067687988 91905 0
0.4383866786956787 0.14388799667358398 91235 0
0.44025492668151855 0.14066386222839355 90252 0
0.41686129570007324 0.13710570335388184 89109 0
0.5026397705078125 0.14140915870666504 88670 0
0.48604512214660645 0.1452643871307373 88512 0
0.44973134994506836 0.144364595413208 88512 0
0.45297765731811523 0.15401315689086914 90954 0
0.4361255168914795 0.1382150650024414 90732 0
0.4464876651763916 0.13934779167175293 88137 0
0.44362688064575195 0.1444709300994873 86841 0
0.44661402702331543 0.14295434951782227 87577 0
0.41207075119018555 0.14174771308898926 86309 0
0.43898701667785645 0.14162063598632812 77956 0
0.49744653701782227 0.14520502090454102 86055 0
0.4447438716888428 0.14591073989868164 85507 0
0.4045867919921875 0.14686918258666992 86872 0
0.47054624557495117 0.14602279663085938 84865 0
0.43251752853393555 0.14757323265075684 86394 0
0.4095900058746338 0.14425253868103027 86423 0
0.43608999252319336 0.14256596565246582 84827 0
0.461395263671875 0.1409449577331543 84975 0
0.43847203254699707 0.14110708236694336 85813 0
0.47420430183410645 0.1406409740447998 85417 0
0.4506528377532959 0.14396977424621582 86234 0
0.47162461280822754 0.1430511474609375 85226 0
0.4522862434387207 0.14679336547851562 85148 0
0.496917724609375 0.14558768272399902 85177 0
0.4315617084503174 0.14165830612182617 85216 0
0.44803619384765625 0.14257359504699707 84679 0
0.44398021697998047 0.15350127220153809 84474 0
0.4274778366088867 0.1506040096282959 84842 0
0.4402172565460205 0.14283490180969238 84840 0
0.4375574588775635 0.13997173309326172 84842 0
0.42507362365722656 0.14056706428527832 87634 0
0.4348409175872803 0.14193010330200195 86683 0
0.4316091537475586 0.14745163917541504 85196 0
0.44872117042541504 0.1407334804534912 86293 0
0.43180298805236816 0.1414175033569336 84864 0
0.4440600872039795 0.14248204231262207 84972 0
0.4876577854156494 0.14656376838684082 83489 0
0.43276071548461914 0.1467142105102539 83601 0
0.44087767601013184 0.14111614227294922 85416 0
0.42295384407043457 0.14052033424377441 75188 0
0.43309521675109863 0.14000606536865234 83912 0
0.45490574836730957 0.14223480224609375 84808 0
0.45028066635131836 0.14264988899230957 85094 0
0.4370756149291992 0.1420595645904541 85052 0
0.4571976661682129 0.14535212516784668 85385 0
0.46468281745910645 0.14040398597717285 86008 0
0.45817017555236816 0.14280200004577637 84030 0
0.4446566104888916 0.14421701431274414 84183 0
0.4419567584991455 0.14860224723815918 86948 0
0.42754292488098145 0.13979864120483398 84701 0
0.44754981994628906 0.1440126895904541 84172 0
0.42629098892211914 0.14241433143615723 84817 0
0.43053150177001953 0.13976812362670898 84193 0
0.4376058578491211 0.14435648918151855 83330 0
0.42928624153137207 0.14353609085083008 84487 0
0.4152956008911133 0.14213061332702637 83331 0
0.44248390197753906 0.14196181297302246 84433 0
0.4390113353729248 0.14402174949645996 84343 0
0.43601417541503906 0.14519453048706055 84969 0
0.422652006149292 0.14486479759216309 83833 0
0.432553768157959 0.14446616172790527 85756 0
0.43746066093444824 0.14366412162780762 84627 0
0.46497249603271484 0.14086246490478516 83537 0
0.4738459587097168 0.14343905448913574 84274 0
0.40166616439819336 0.14364099502563477 83956 0
0.43920445442199707 0.13928532600402832 84219 0
0.42946624755859375 0.14606833457946777 82577 0
0.43748974800109863 0.14734387397766113 83615 0
0.42630481719970703 0.1473708152770996 83020 0
0.43923306465148926 0.13941216468811035 73183 0
0.474031925201416 0.14692449569702148 82028 0
0.4450559616088867 0.14006781578063965 82823 0
0.437969446182251 0.13846516609191895 82826 0
0.43602943420410156 0.13852524757385254 82191 0
0.44707798957824707 0.13999056816101074 83504 0
0.38115668296813965 0.1431276798248291 84747 0
0.4558708667755127 0.14318513870239258 84322 0
0.45743417739868164 0.14135169982910156 82984 0
0.47127294540405273 0.1463158130645752 83102 0
0.43961429595947266 0.1429576873779297 82877 0
0.45449185371398926 0.14482593536376953 82829 0
0.42920732498168945 0.1439063549041748 83372 0
0.44828081130981445 0.14227986335754395 82246 0
0.434159517288208 0.1391160488128662 82723 0
0.4533052444458008 0.1426379680633545 83280 0
0.4775729179382324 0.14114737510681152 81331 0
0.4636552333831787 0.14258694648742676 80263 0
0.4598677158355713 0.1429424285888672 79671 0
0.43355274200439453 0.1468334197998047 81447 0
0.42667555809020996 0.14076995849609375 80923 0
0.430431604385376 0.14075040817260742 82977 0
0.46104955673217773 0.14590001106262207 81212 0
0.443190336227417 0.1437091827392578 82728 0
0.4325683116912842 0.14191293716430664 83664 0
0.4363248348236084 0.14316797256469727 83050 0
0.4402496814727783 0.13641595840454102 80126 0
0.4557774066925049 0.1449289321899414 77298 0
0.437131404876709 0.1373457908630371 78856 0
0.44966554641723633 0.13926029205322266 77488 0
0.4450955390930176 0.14688396453857422 69118 0
0.4525599479675293 0.1410834789276123 77624 0
0.4410865306854248 0.13985323905944824 78768 0
0.46419644355773926 0.1452033519744873 77896 0
0.43930697441101074 0.14314723014831543 75706 0
0.4261503219604492 0.14300537109375 76768 0
0.44271159172058105 0.14375925064086914 79670 0
0.44164061546325684 0.13881635665893555 79401 0
0.4454634189605713 0.14258670806884766 78460 0
0.4073326587677002 0.13944578170776367 79225 0
0.4382200241088867 0.1378016471862793 76865 0
0.44518232345581055 0.1380448341369629 76329 0
0.45148658752441406 0.14752793312072754 76813 0
0.45850205421447754 0.14824891090393066 75652 0
0.4521796703338623 0.14354228973388672 75733 0
0.4596695899963379 0.14145302772521973 76407 0
0.4194831848144531 0.14460539817810059 76445 0
0.43346118927001953 0.14386987686157227 78787 0
0.45077991485595703 0.1413118839263916 80008 0
0.4372551441192627 0.1424999237060547 78537 0
0.44892120361328125 0.14803433418273926 77774 0
0.4437856674194336 0.1416327953338623 78759 0
0.4418056011199951 0.14511919021606445 76956 0
0.4374556541442871 0.1455225944519043 76663 0
0.44040989875793457 0.14152908325195312 76752 0
0.42778992652893066 0.14742493629455566 77116 0
0.4318060874938965 0.14520668983459473 76510 0
0.4387977123260498 0.14336824417114258 74876 0
0.4219088554382324 0.13912391662597656 77482 0
0.42116546630859375 0.1409599781036377 75781 0
0.4356553554534912 0.14696264266967773 67856 0
0.452756404876709 0.1416621208190918 75509 0
0.43270254135131836 0.14527487754821777 78463 0
0.4339160919189453 0.14795231819152832 77781 0
0.4561328887939453 0.15125322341918945 75786 0
0.45674800872802734 0.1414785385131836 78011 0
0.456972599029541 0.1394209861755371 77419 0
0.4378228187561035 0.14379477500915527 75541 0
0.4308948516845703 0.14516210556030273 80136 0
0.4491996765136719 0.14887285232543945 79363 0
0.4366726875305176 0.14066076278686523 68522 0
0.43820738792419434 0.1457369327545166 78007 0
0.4339406490325928 0.14481353759765625 80345 0
0.4269297122955322 0.1438732147216797 79529 0
0.4492502212524414 0.15030694007873535 78025 0
0.4566068649291992 0.14893674850463867 80368 0
0.44312310218811035 0.13948678970336914 81303 0
0.43143439292907715 0.14905047416687012 81694 0
0.44103574752807617 0.14644289016723633 81974 0
0.44441747665405273 0.14291167259216309 80487 0
0.4565727710723877 0.1408834457397461 80174 0
0.45226192474365234 0.1467301845550537 80318 0
0.48380351066589355 0.14196181297302246 81008 0
0.4630398750305176 0.13905858993530273 82469 0
0.4539830684661865 0.13963675498962402 81605 0
0.43173980712890625 0.14478135108947754 80610 0
0.45778608322143555 0.15158939361572266 76477 0
0.45688509941101074 0.14567828178405762 78345 0
0.4134643077850342 0.1424109935760498 82682 0
0.43097424507141113 0.14552927017211914 82371 0
0.4319586753845215 0.14110064506530762 83077 0
0.47321462631225586 0.14857053756713867 83835 0
0.45910120010375977 0.14082551002502441 81414 0
0.437558650970459 0.14190053939819336 81455 0
0.4397013187408447 0.1433885097503662 82366 0
0.4146444797515869 0.14052867889404297 81183 0
0.4399740695953369 0.14599847793579102 80533 0
0.43132948875427246 0.14303898811340332 79785 0
0.4338991641998291 0.1446075439453125 81327 0
0.4434511661529541 0.14370417594909668 80149 0
0.44345617294311523 0.14294815063476562 82797 0
0.4655027389526367 0.1410677433013916 80351 0
0.4217648506164551 0.13896512985229492 81698 0
0.4348769187927246 0.14466381072998047 81400 0
0.42421412467956543 0.14087247848510742 79832 0
0.4438307285308838 0.14493989944458008 80546 0
0.441896915435791 0.14435696601867676 76569 0
0.4578275680541992 0.14722752571105957 80407 0
0.39459967613220215 0.13880157470703125 80130 0
0.4250202178955078 0.14397859573364258 69767 0
0.4465444087982178 0.14034724235534668 79936 0
0.43342137336730957 0.14380192756652832 80145 0
0.42897558212280273 0.13709235191345215 79859 0
0.45696473121643066 0.1439812183380127 78657 0
0.4343280792236328 0.14190363883972168 78922 0
0.43970155715942383 0.14409470558166504 82783 0
0.4499073028564453 0.14364290237426758 81525 0
0.4550611972808838 0.1407618522644043 83200 0
0.47922253608703613 0.14345574378967285 83379 0
0.4408247470855713 0.1448204517364502 80728 0
0.4542548656463623 0.14822649955749512 82222 0
0.4162101745605469 0.14079666137695312 80581 0
0.42769622802734375 0.1433267593383789 81414 0
0.45157361030578613 0.14646601676940918 81243 0
0.44756293296813965 0.14438629150390625 80681 0
0.4390132427215576 0.1433095932006836 80626 0
0.4432258605957031 0.14168190956115723 83381 0
0.4339282512664795 0.1519300937652588 84013 0
0.4532902240753174 0.14103412628173828 81593 0
0.44551873207092285 0.1452951431274414 83325 0
0.4257328510284424 0.14591455459594727 81541 0
0.4325709342956543 0.14171957969665527 81726 0
0.4550495147705078 0.14288091659545898 81068 0
0.4476923942565918 0.1428382396697998 82581 0
0.4774594306945801 0.14196085929870605 98036 0
0.4503164291381836 0.14319705963134766 101523 0
0.4309349060058594 0.1450185775756836 102496 0
0.4472489356994629 0.1595902442932129 102277 0
0.4654521942138672 0.1452181339263916 102482 0
0.4419894218444824 0.15211987495422363 102117 0
0.4269230365753174 0.14395570755004883 103392 0
0.4338045120239258 0.14303374290466309 101935 0
0.43719053268432617 0.14742302894592285 104026 0
0.46500229835510254 0.1446692943572998 103553 0
0.47314953804016113 0.14064884185791016 101046 0
0.45754003524780273 0.14111948013305664 104872 0
0.47028326988220215 0.14448261260986328 102295 0
0.4397318363189697 0.15159845352172852 102419 0
0.4215736389160156 0.1750943660736084 103502 0
0.4314754009246826 0.14801645278930664 102508 0
0.43027257919311523 0.14701271057128906 103451 0
0.4696817398071289 0.14558935165405273 102187 0
0.4462120532989502 0.14803862571716309 95660 0
0.4538857936859131 0.14703917503356934 102622 0
0.4561460018157959 0.1472156047821045 103145 0
0.4576582908630371 0.1431131362915039 104064 0
0.44042134284973145 0.1441044807434082 104051 0
0.4627368450164795 0.15109467506408691 103961 0
0.47347164154052734 0.14215469360351562 104917 0
0.48511457443237305 0.14065074920654297 103695 0
0.4473989009857178 0.14018034934997559 104570 0
0.47223806381225586 0.1426711082458496 104490 0
0.4420344829559326 0.14211773872375488 93470 0
0.4444925785064697 0.13856196403503418 103283 0
0.44208312034606934 0.14545774459838867 103559 0
0.47709226608276367 0.15204167366027832 105134 0
0.48874402046203613 0.15087246894836426 105665 0
0.4522888660430908 0.15179777145385742 106850 0
0.4314231872558594 0.14842748641967773 107408 0
0.45285987854003906 0.1437833309173584 107476 0
0.45935869216918945 0.14757180213928223 107093 0
0.4683411121368408 0.13978886604309082 107498 0
0.4623408317565918 0.14605975151062012 103572 0
0.4516794681549072 0.1411893367767334 106943 0
0.4754014015197754 0.14722728729248047 106525 0
0.4933164119720459 0.14199209213256836 106040 0
0.46843886375427246 0.14094090461730957 107858 0
0.44609856605529785 0.14847850799560547 106517 0
0.45353007316589355 0.1471567153930664 106115 0
0.4637479782104492 0.15406370162963867 106878 0
0.455441951751709 0.1458873748779297 106584 0
0.47776007652282715 0.14602184295654297 108532 0
0.4385213851928711 0.1391005516052246 100551 0
0.4475085735321045 0.14735031127929688 107654 0
0.44860386848449707 0.14433836936950684 109360 0
0.4246065616607666 0.14172053337097168 109153 0
0.46790122985839844 0.1454300880432129 107682 0
0.48262476921081543 0.14625000953674316 107339 0
0.43791961669921875 0.1421489715576172 107696 0
0.4490940570831299 0.14563417434692383 103806 0
0.464611291885376 0.14408135414123535 107110 0
0.4788997173309326 0.14626717567443848 109643 0
0.47103309631347656 0.14848542213439941 95215 0
0.43300580978393555 0.15263748168945312 107442 0
0.4491920471191406 0.14439821243286133 106145 0
0.46044039726257324 0.14677643775939941 105622 0
0.45908522605895996 0.14232850074768066 109883 0
0.4500856399536133 0.13848066329956055 109092 0
0.43741583824157715 0.14314723014831543 105802 0
0.4379696846008301 0.14515352249145508 110814 0
0.4581127166748047 0.1497631072998047 109848 0
0.4194493293762207 0.1468336582183838 109353 0
0.4728832244873047 0.14236664772033691 109006 0
0.4557478427886963 0.1464827060699463 107675 0
0.4653291702270508 0.14993834495544434 105754 0
0.4452800750732422 0.14700102806091309 108034 0
0.45343685150146484 0.14549875259399414 109711 0
0.4592931270599365 0.1419358253479004 108727 0
0.4715299606323242 0.14402508735656738 108849 0
0.4443216323852539 0.14510297775268555 107857 0
0.4423668384552002 0.14007949829101562 110689 0
0.4494330883026123 0.14733457565307617 108457 0
0.47611331939697266 0.14748620986938477 102411 0
0.43628740310668945 0.1398453712463379 108029 0
0.4764828681945801 0.14573025703430176 108163 0
0.45255589485168457 0.14549756050109863 108049 0
0.45592689514160156 0.1474902629852295 106496 0
0.4497373104095459 0.14984965324401855 107035 0
0.43821191787719727 0.1446223258972168 106482 0
0.43347692489624023 0.13962388038635254 104117 0
0.4562876224517822 0.1480412483215332 107437 0
0.46320581436157227 0.1421046257019043 107161 0
0.4328653812408447 0.14575958251953125 90197 0
0.4586145877838135 0.14457082748413086 102649 0
0.4505341053009033 0.13772106170654297 101625 0
0.4652445316314697 0.14841389656066895 98513 0
0.4439563751220703 0.13757824897766113 102403 0
0.45056700706481934 0.14080429077148438 102441 0
0.43509459495544434 0.15143489837646484 101577 0
0.42833495140075684 0.14493227005004883 102793 0
0.41718149185180664 0.1435544490814209 104423 0
0.4618535041809082 0.13998651504516602 102610 0
0.45498061180114746 0.14321565628051758 99217 0
0.44806599617004395 0.14389419555664062 101479 0
0.41892027854919434 0.14581680297851562 94211 0
0.45111751556396484 0.1486961841583252 99257 0
0.46610093116760254 0.1433887481689453 101078 0
0.45837950706481934 0.14275717735290527 100480 0
0.46068453788757324 0.14130520820617676 99391 0
0.4488706588745117 0.15157580375671387 99359 0
0.4575984477996826 0.14676904678344727 98961 0
0.44413185119628906 0.14229106903076172 98687 0
0.4702465534210205 0.14832186698913574 95172 0
0.4591858386993408 0.14380264282226562 99214 0
0.44429683685302734 0.14640188217163086 101222 0
0.44951725006103516 0.1450822353363037 101854 0
0.4616265296936035 0.14763474464416504 100863 0
0.4295649528503418 0.14207100868225098 101386 0
0.44568943977355957 0.1441490650177002 101948 0
0.45282745361328125 0.1416618824005127 97145 0
0.45690155029296875 0.14326810836791992 99140 0
0.4346163272857666 0.14974021911621094 99596 0
0.4559767246246338 0.1418004035949707 85232 0
0.4365696907043457 0.13981938362121582 99881 0
0.4411275386810303 0.1435222625732422 96002 0
0.46802687644958496 0.1459674835205078 95979 0
0.45838022232055664 0.1456317901611328 100698 0
0.4552435874938965 0.13879609107971191 98886 0
0.43752145767211914 0.14377236366271973 97830 0
0.45232057571411133 0.1459808349609375 100573 0
0.4587585926055908 0.14173412322998047 100918 0
0.4730031490325928 0.14783692359924316 101278 0
0.4619710445404053 0.145463228225708 101693 0
0.4815483093261719 0.13614940643310547 100813 0
0.455935001373291 0.14186525344848633 95274 0
0.44857001304626465 0.13590407371520996 101255 0
0.4340522289276123 0.14476704597473145 101234 0
0.47218990325927734 0.14992618560791016 101135 0
0.45568084716796875 0.14284133911132812 100624 0
0.456697940826416 0.15915822982788086 100755 0
0.4295527935028076 0.1443164348602295 100513 0
0.42743945121765137 0.14212799072265625 100351 0
0.46219325065612793 0.14241433143615723 94808 0
0.44495391845703125 0.14369606971740723 99555 0
0.45412778854370117 0.14263010025024414 101073 0
0.44512367248535156 0.14596104621887207 100326 0
0.44095778465270996 0.14217305183410645 100362 0
0.43111634254455566 0.14100098609924316 100416 0
0.43591928482055664 0.14565777778625488 99566 0
0.45696115493774414 0.14226698875427246 96800 0
0.45012617111206055 0.13747906684875488 99980 0
0.4928250312805176 0.1425306797027588 98889 0
0.4564225673675537 0.1402139663696289 84919 0
0.45570850372314453 0.1437826156616211 97543 0
0.4429140090942383 0.1457204818725586 92990 0
0.42565369606018066 0.14057159423828125 95230 0
0.4541654586791992 0.14213013648986816 97754 0
0.42978549003601074 0.14434456825256348 99184 0
0.4450557231903076 0.14724206924438477 97194 0
0.427844762802124 0.14431381225585938 100329 0
0.45850515365600586 0.1400446891784668 99925 0
0.4607198238372803 0.14050698280334473 99200 0
0.46105098724365234 0.1443948745727539 99291 0
0.47990846633911133 0.14468169212341309 99042 0
0.44083166122436523 0.14105987548828125 93526 0
0.457183837890625 0.14147305488586426 100057 0
0.4560062885284424 0.14132404327392578 99440 0
0.4741241931915283 0.1470167636871338 99133 0
0.45933103561401367 0.14623284339904785 99255 0
0.4113736152648926 0.14787030220031738 99524 0
0.4596402645111084 0.13721942901611328 99334 0
0.43317365646362305 0.14369463920593262 98864 0
0.43817758560180664 0.1406095027923584 92026 0
0.43834447860717773 0.14434003829956055 99210 0
0.4612538814544678 0.14044761657714844 99837 0
0.46958065032958984 0.14092135429382324 100135 0
0.4750189781188965 0.14088773727416992 99243 0
0.46239233016967773 0.14332079887390137 99607 0
0.458585262298584 0.13812971115112305 98951 0
0.467693567276001 0.14653420448303223 94971 0
0.4586946964263916 0.14460420608520508 98633 0
0.43442726135253906 0.14893317222595215 98663 0
0.4317772388458252 0.14310050010681152 87550 0
0.4434220790863037 0.146651029586792 98023 0
0.44213175773620605 0.14251017570495605 91959 0
0.4470391273498535 0.13995838165283203 98353 0
0.4929509162902832 0.1444869041442871 98373 0
0.4881110191345215 0.14049530029296875 99406 0
0.43426513671875 0.14528155326843262 98731 0
0.4693915843963623 0.14374995231628418 100316 0
0.47963881492614746 0.1400768756866455 99909 0
0.45607590675354004 0.138716459274292 100717 0
0.44342613220214844 0.13793540000915527 100619 0
0.44646477699279785 0.14519977569580078 99796 0
0.44332003593444824 0.1476426124572754 94973 0
0.440565824508667 0.1451559066772461 99809 0
0.46619486808776855 0.14267301559448242 100426 0
0.44460391998291016 0.13973093032836914 101256 0
0.4557640552520752 0.1407029628753662 100823 0
0.46292710304260254 0.1456897258758545 101425 0
0.42853689193725586 0.14268279075622559 99543 0
0.47188568115234375 0.14162659645080566 99508 0
0.446744441986084 0.14076018333435059 95072 0
0.44289422035217285 0.1476597785949707 98251 0
0.4527733325958252 0.15023589134216309 104500 0
0.44299864768981934 0.14146804809570312 104185 0
0.4342057704925537 0.13995909690856934 105818 0
0.45222902297973633 0.1442556381225586 106028 0
0.45758843421936035 0.1458292007446289 106012 0
0.4380459785461426 0.14746356010437012 106018 0
0.43114280700683594 0.14461278915405273 106630 0
0.4431581497192383 0.14420199394226074 104538 0
0.47620248794555664 0.14094948768615723 103939 0
0.4581613540649414 0.13973569869995117 106153 0
0.4406859874725342 0.14715933799743652 103445 0
0.438859224319458 0.14690876007080078 104004 0
0.4490511417388916 0.1491861343383789 105578 0
0.4609994888305664 0.15046334266662598 105359 0
0.4376702308654785 0.13912677764892578 106911 0
0.4600987434387207 0.14334893226623535 106561 0
0.43988680839538574 0.14324092864990234 105541 0
0.45000624656677246 0.14428400993347168 106023 0
0.44792962074279785 0.14341521263122559 105661 0
0.43111729621887207 0.13826823234558105 104070 0
0.44098329544067383 0.14453792572021484 103814 0
0.46399641036987305 0.1416611671447754 103470 0
0.4443638324737549 0.1511085033416748 103716 0
0.45928430557250977 0.15138459205627441 103779 0
0.4337596893310547 0.14429068565368652 103835 0
0.4310297966003418 0.1416306495666504 104046 0
0.43578195571899414 0.14214181900024414 103470 0
0.456514835357666 0.1465926170349121 105545 0
0.4422750473022461 0.14584970474243164 105578 0
0.4685685634613037 0.14516186714172363 105493 0
0.4622166156768799 0.14566683769226074 104502 0
0.4764115810394287 0.1399385929107666 105436 0
0.4842348098754883 0.1455373764038086 104049 0
0.4555377960205078 0.13819026947021484 104304 0
0.4475722312927246 0.14671540260314941 102662 0
0.45079898834228516 0.15356802940368652 103898 0
0.43636202812194824 0.14249968528747559 103456 0
0.4454529285430908 0.14696621894836426 105161 0
0.4610106945037842 0.1427299976348877 105391 0
0.4723513126373291 0.1446068286895752 103316 0
0.46691298484802246 0.14419150352478027 102932 0
0.45319414138793945 0.14661931991577148 103408 0
0.44815802574157715 0.14203929901123047 103684 0
0.4205796718597412 0.14290571212768555 103020 0
0.46306467056274414 0.14331769943237305 103106 0
0.4413936138153076 0.141463041305542 102932 0
0.45362067222595215 0.14015436172485352 102059 0
0.44236040115356445 0.1553971767425537 102799 0
0.40871739387512207 0.14062714576721191 104030 0
0.4581332206726074 0.14128828048706055 103310 0
0.4539623260498047 0.14417147636413574 104105 0
0.446932315826416 0.14446783065795898 104060 0
0.44637084007263184 0.14427733421325684 102823 0
0.44043684005737305 0.1436784267425537 103103 0
0.4442322254180908 0.1416475772857666 102380 0
0.4465470314025879 0.14736104011535645 102269 0
0.45418214797973633 0.1378631591796875 101594 0
0.46421146392822266 0.14070510864257812 101865 0
0.4611055850982666 0.15014195442199707 103484 0
0.441542387008667 0.149489164352417 104084 0
0.4384043216705322 0.1418459415435791 102504 0
0.43364429473876953 0.14044404029846191 103678 0
0.4627194404602051 0.1413860321044922 103148 0
0.4419279098510742 0.14519548416137695 105235 0
0.4472684860229492 0.14294648170471191 104718 0
0.4572904109954834 0.13863754272460938 103670 0
0.452559232711792 0.1415393352508545 104365 0
0.4518601894378662 0.1405043601989746 104974 0
0.45236873626708984 0.13869142532348633 103790 0
0.4459655284881592 0.15179944038391113 104398 0
0.4339110851287842 0.1486661434173584 102373 0
0.4623603820800781 0.14470124244689941 103543 0
0.46436190605163574 0.14737892150878906 100394 0
0.44853663444519043 0.14053034782409668 105949 0
0.4403393268585205 0.14538240432739258 106151 0
0.4360060691833496 0.14269232749938965 105041 0
0.449138879776001 0.14214062690734863 104944 0
0.45897984504699707 0.14292168617248535 107639 0
0.4971497058868408 0.14303874969482422 106911 0
0.45412468910217285 0.14691424369812012 107778 0
0.48062920570373535 0.1396181583404541 107078 0
0.4740457534790039 0.14145517349243164 107013 0
0.4500148296356201 0.14496612548828125 98955 0
0.4583415985107422 0.1505751609802246 96492 0
0.4935765266418457 0.1436443328857422 103749 0
0.453519344329834 0.14649415016174316 108314 0
0.44504761695861816 0.14435124397277832 100694 0
0.43018269538879395 0.14197063446044922 104540 0
0.4352285861968994 0.14310169219970703 99474 0
0.45278167724609375 0.14242148399353027 99656 0
0.4489922523498535 0.14690899848937988 99734 0
0.4622511863708496 0.1478116512298584 101976 0
0.4554593563079834 0.14604401588439941 101985 0
0.42381787300109863 0.1391751766204834 101441 0
0.4459104537963867 0.14728593826293945 104517 0
0.4530014991760254 0.151170015335083 104810 0
0.45482516288757324 0.14435100555419922 96887 0
0.43339967727661133 0.1391909122467041 105935 0
0.43646740913391113 0.14313268661499023 103293 0
0.45185017585754395 0.14577984809875488 102499 0
0.43982768058776855 0.14540576934814453 105716 0
0.44485950469970703 0.14395713806152344 106271 0
0.4492309093475342 0.1418473720550537 98167 0
0.4499936103820801 0.14431071281433105 106871 0
0.4521512985229492 0.14781594276428223 106991 0
0.4646744728088379 0.14867544174194336 108351 0
0.449674129486084 0.1504051685333252 107047 0
0.4458339214324951 0.14291167259216309 108851 0
0.451416015625 0.14443039894104004 108423 0
0.43754005432128906 0.14587950706481934 109230 0
0.4622218608856201 0.14897823333740234 106725 0
0.44559144973754883 0.14007854461669922 108851 0
0.43125128746032715 0.1556692123413086 110079 0
0.45935916900634766 0.1419835090637207 109483 0
0.4529585838317871 0.13914871215820312 108727 0
0.4463822841644287 0.14214754104614258 107822 0
0.45229053497314453 0.14963054656982422 106470 0
0.44084620475769043 0.14761066436767578 107953 0
0.459303617477417 0.1465921401977539 107480 0
0.4753537178039551 0.15217947959899902 106856 0
0.45489025115966797 0.1443777084350586 107105 0
0.42145299911499023 0.14361310005187988 107659 0
0.4397706985473633 0.13848567008972168 107888 0
0.47338342666625977 0.14462661743164062 106152 0
0.4926011562347412 0.14122915267944336 108705 0
0.46260547637939453 0.149888277053833 109986 0
0.40502452850341797 0.14420342445373535 100196 0
0.45355844497680664 0.14545297622680664 108667 0
0.45398497581481934 0.14874935150146484 105172 0
0.4416472911834717 0.14831948280334473 106387 0
0.47588157653808594 0.15044283866882324 109069 0
0.48294639587402344 0.14274263381958008 109215 0
0.5192525386810303 0.13954377174377441 102978 0
0.4607260227203369 0.14316272735595703 109048 0
0.45050549507141113 0.14780044555664062 107877 0
0.4539961814880371 0.14175844192504883 109207 0
0.45041465759277344 0.14458727836608887 107854 0
0.4678306579589844 0.14753389358520508 107415 0
0.4553956985473633 0.1469435691833496 108690 0
0.463808536529541 0.141404390335083 108464 0
0.4483044147491455 0.14496350288391113 109968 0
0.46417760848999023 0.1490480899810791 110655 0
0.4601149559020996 0.15202641487121582 110202 0
0.4676947593688965 0.14740943908691406 111735 0
0.4615356922149658 0.14273977279663086 110845 0
0.492922306060791 0.14529156684875488 111926 0
0.46106481552124023 0.13910531997680664 109333 0
0.46610069274902344 0.1446077823638916 109161 0
0.44020605087280273 0.14592409133911133 108602 0
0.45149707794189453 0.14288020133972168 107668 0
0.4340941905975342 0.14230656623840332 109954 0
0.4622313976287842 0.14780426025390625 110274 0
0.4612407684326172 0.14363980293273926 109451 0
0.43479037284851074 0.14632248878479004 107692 0
0.4367251396179199 0.1468958854675293 110309 0
0.4502532482147217 0.1433711051940918 111725 0
0.46816444396972656 0.14227890968322754 104369 0
0.4328920841217041 0.14609575271606445 111746 0
0.44893765449523926 0.14708542823791504 111327 0
0.4541015625 0.14531183242797852 109242 0
0.438784122467041 0.14380693435668945 113134 0
0.4237186908721924 0.14745306968688965 112674 0
0.48092198371887207 0.1408998966217041 109261 0
0.46948742866516113 0.1426706314086914 114352 0
0.4487447738647461 0.14214158058166504 112968 0
0.41855859756469727 0.14435100555419922 113679 0
0.45555543899536133 0.15045475959777832 111755 0
0.4485323429107666 0.14179086685180664 108775 0
0.4635806083679199 0.14380264282226562 109356 0
0.4644589424133301 0.14030671119689941 107656 0
0.4420490264892578 0.13888812065124512 108177 0
0.4470856189727783 0.14301490783691406 108287 0
0.4499964714050293 0.14055609703063965 107206 0
0.47644758224487305 0.1407780647277832 108257 0
0.45072412490844727 0.14635086059570312 107382 0
0.4590721130371094 0.1397244930267334 105998 0
0.45177698135375977 0.14504599571228027 106129 0
0.45099830627441406 0.14516019821166992 105607 0
0.48086047172546387 0.14893150329589844 107738 0
0.4590015411376953 0.14760804176330566 107780 0
0.47978925704956055 0.14156675338745117 107187 0
0.44070887565612793 0.14508056640625 106452 0
0.46572279930114746 0.1457076072692871 105740 0
0.44901371002197266 0.14359283447265625 108854 0
0.4554893970489502 0.14464092254638672 106896 0
0.4226529598236084 0.14316463470458984 106236 0
0.442441463470459 0.14523673057556152 106098 0
0.46308422088623047 0.14347100257873535 103854 0
0.4451925754547119 0.14168763160705566 104875 0
0.4549732208251953 0.14376211166381836 105333 0
0.44854164123535156 0.14700531959533691 107239 0
0.4606900215148926 0.15354609489440918 106596 0
0.4501955509185791 0.14286088943481445 106814 0
0.4637265205383301 0.14646387100219727 106418 0
0.4522426128387451 0.14381623268127441 106224 0
0.444669246673584 0.1475849151611328 106284 0
