0.10205507278442383 0.005433082580566406 98850 710005
0.1056368350982666 0.006041526794433594 97903 710322
0.11207222938537598 0.005898237228393555 104826 708015
0.10296106338500977 0.006979227066040039 99863 709709
0.10940241813659668 0.0054128170013427734 103272 708571
0.10432577133178711 0.006688117980957031 107646 707079
0.10436511039733887 0.00729680061340332 108375 706837
0.10834813117980957 0.006802558898925781 108371 706834
0.10469913482666016 0.005613803863525391 107096 707249
0.11194753646850586 0.006735086441040039 107006 707304
0.10238504409790039 0.0059833526611328125 100131 709604
0.10237956047058105 0.00610041618347168 94404 711559
0.1045999526977539 0.005799531936645508 105935 707615
0.10386967658996582 0.006811380386352539 97893 710383
0.10256314277648926 0.0055768489837646484 61897 722063
0.10857939720153809 0.006327390670776367 95573 711164
0.11028313636779785 0.005337238311767578 90737 712744
0.0993504524230957 0.005369424819946289 83257 715126
0.10159778594970703 0.0050144195556640625 73171 718388
0.10086441040039062 0.0064296722412109375 90955 712680
0.10129284858703613 0.0052754878997802734 88998 713283
0.1068582534790039 0.005644798278808594 79787 716211
0.11118793487548828 0.006551027297973633 91820 712378
0.10732674598693848 0.005331516265869141 101638 709094
0.10331177711486816 0.00571441650390625 102281 708901
0.1025841236114502 0.00659942626953125 97235 710638
0.09979391098022461 0.0051190853118896484 81326 715775
0.10272049903869629 0.007018327713012695 94995 711348
0.1065669059753418 0.005268096923828125 96939 710714
0.1046302318572998 0.005194664001464844 86896 713957
0.11640381813049316 0.0059816837310791016 96084 710998
0.10157084465026855 0.0068569183349609375 98103 710304
0.10197281837463379 0.0052280426025390625 91557 712461
0.10462665557861328 0.006166219711303711 93400 711850
0.10550975799560547 0.0062677860260009766 79414 716288
0.1059112548828125 0.0064334869384765625 97942 710340
0.11276030540466309 0.005501747131347656 113815 705020
0.11588215827941895 0.0065996646881103516 106934 707318
0.10801529884338379 0.005543231964111328 112744 705310
0.10750865936279297 0.0053098201751708984 99929 709676
0.10332894325256348 0.006470680236816406 85071 714584
0.09936332702636719 0.006520509719848633 90425 712855
0.10870027542114258 0.005433082580566406 105052 707954
0.10332298278808594 0.005506992340087891 103817 708378
0.10720181465148926 0.004947662353515625 72198 718690
0.10315537452697754 0.007843971252441406 100899 709375
0.1087489128112793 0.005486011505126953 105488 707803
0.10860061645507812 0.005285501480102539 98821 710096
0.10427236557006836 0.006621837615966797 104799 708084
0.10595917701721191 0.007236003875732422 103000 708740
0.10299539566040039 0.006291866302490234 99484 709874
0.10985589027404785 0.005388736724853516 105665 707771
0.1053781509399414 0.005426645278930664 103882 708387
0.10988664627075195 0.006735801696777344 104085 708313
0.11062765121459961 0.007193088531494141 105538 707836
0.10617637634277344 0.0071675777435302734 106029 707632
0.10471606254577637 0.006604909896850586 105792 707745
0.11240410804748535 0.0053980350494384766 106484 707489
0.10338306427001953 0.005489826202392578 106592 707437
0.11055588722229004 0.005427360534667969 107161 707290
0.10679125785827637 0.005496501922607422 102194 708972
0.10254883766174316 0.006150007247924805 103504 708516
0.10375404357910156 0.006551265716552734 101768 709118
0.10501980781555176 0.005477190017700195 100483 709520
0.10177183151245117 0.0052509307861328125 94329 711608
0.10423445701599121 0.0053937435150146484 101758 709094
0.10315060615539551 0.006067514419555664 105160 707880
0.10478806495666504 0.005444765090942383 105327 707817
0.10286140441894531 0.0067882537841796875 103913 708290
0.10789990425109863 0.0053594112396240234 103568 708397
0.1083533763885498 0.005403280258178711 99659 709788
0.10355567932128906 0.007852554321289062 93002 711978
0.10981583595275879 0.005348920822143555 103318 708511
0.10453128814697266 0.007044553756713867 98693 710128
0.0975186824798584 0.00494837760925293 61996 721966
0.10794377326965332 0.00648951530456543 101639 709050
0.10981202125549316 0.00738978385925293 100039 709628
0.10982370376586914 0.005197048187255859 91773 712386
0.10145235061645508 0.006560564041137695 94811 711410
0.1110234260559082 0.005231618881225586 94713 711444
0.10901975631713867 0.007770538330078125 101606 709105
0.11078143119812012 0.005332469940185547 101155 709302
0.10196542739868164 0.00642085075378418 97973 710344
0.10153031349182129 0.00536656379699707 98181 710301
0.11011767387390137 0.00553131103515625 102378 708932
0.10509419441223145 0.005426883697509766 102313 708905
0.10181784629821777 0.00632023811340332 87623 713755
0.1046140193939209 0.007423877716064453 103093 708647
0.10406827926635742 0.00545048713684082 103396 708567
0.10605025291442871 0.00536346435546875 104016 708364
0.10430121421813965 0.005581855773925781 101753 709099
0.10632133483886719 0.006211757659912109 100322 709583
0.10435009002685547 0.007474184036254883 101291 709282
0.10585689544677734 0.00520634651184082 92421 712166
0.10627174377441406 0.008104085922241211 102688 708828
0.10399818420410156 0.005657672882080078 98558 710160
0.09649515151977539 0.004877805709838867 61953 722067
0.10655045509338379 0.008059024810791016 102216 708962
0.10247540473937988 0.006692647933959961 101559 709187
0.10873770713806152 0.00523829460144043 89075 713236
0.10799574851989746 0.00574803352355957 94080 711676
0.103607177734375 0.005288600921630859 95601 711126
0.10902237892150879 0.00530552864074707 99251 709946
0.10349249839782715 0.005448102951049805 109447 706433
0.10531139373779297 0.006801128387451172 105965 707679
0.10989880561828613 0.006049394607543945 108080 706917
0.10350561141967773 0.005551576614379883 107034 707273
0.10559344291687012 0.006695985794067383 110665 705982
0.10425496101379395 0.006955146789550781 110409 706137
0.10547804832458496 0.006176471710205078 108545 706769
0.11067795753479004 0.0065882205963134766 108380 706814
0.10536384582519531 0.00540614128112793 107318 707154
0.10323977470397949 0.0068242549896240234 107611 707088
0.10386252403259277 0.006903409957885742 108326 706793
0.10420870780944824 0.006737709045410156 101776 709119
0.10585594177246094 0.005402326583862305 106577 707481
0.10363650321960449 0.009862899780273438 82741 715247
0.11101102828979492 0.007884979248046875 107641 707065
0.10425233840942383 0.006760835647583008 105928 707685
0.11289739608764648 0.0054018497467041016 106219 707510
0.10572314262390137 0.0076901912689208984 102200 708920
0.10527229309082031 0.007120847702026367 104388 708214
0.10840415954589844 0.005564212799072266 98486 710188
0.10586977005004883 0.006468057632446289 93886 711717
0.10549545288085938 0.0070400238037109375 101132 709264
0.10799503326416016 0.005898952484130859 101138 709326
0.10198855400085449 0.0049343109130859375 65552 720894
0.10286164283752441 0.006191253662109375 94459 711555
0.09792828559875488 0.005021333694458008 71112 719104
0.10094881057739258 0.0062732696533203125 77722 716889
0.10275006294250488 0.00657343864440918 80935 715850
0.10071206092834473 0.005126237869262695 85204 714520
0.10232400894165039 0.006692647933959961 76845 717200
0.10653805732727051 0.007520198822021484 85949 714271
0.10148096084594727 0.005439281463623047 92213 712282
0.10039615631103516 0.005268573760986328 96242 710910
0.10085082054138184 0.005226850509643555 94433 711547
0.11097002029418945 0.005271196365356445 95607 711124
0.10135221481323242 0.005240201950073242 93165 711988
0.10320115089416504 0.005411386489868164 95934 711060
0.10494303703308105 0.0058896541595458984 99943 709729
0.11152410507202148 0.005353212356567383 102387 708878
0.1118464469909668 0.005716562271118164 96559 710870
0.10301041603088379 0.006146430969238281 97451 710578
0.10497570037841797 0.006682157516479492 95233 711287
0.1035926342010498 0.006571292877197266 106849 707366
0.10385489463806152 0.006154060363769531 100211 709638
0.1085658073425293 0.0053653717041015625 96189 710937
0.10107016563415527 0.006276130676269531 88068 713575
0.10066795349121094 0.0070192813873291016 87096 713922
0.10798954963684082 0.005776643753051758 101204 709291
0.10807132720947266 0.005616426467895508 114475 704752
0.10478925704956055 0.006679534912109375 110475 706172
0.11200809478759766 0.0060269832611083984 108147 706960
0.11225008964538574 0.005479335784912109 108265 706946
0.10268139839172363 0.005415201187133789 98269 710285
0.09571194648742676 0.00536799430847168 60002 722703
0.10179328918457031 0.005247592926025391 90775 712776
0.1057443618774414 0.007031917572021484 93975 711780
0.0980217456817627 0.0064165592193603516 77481 717058
0.09960770606994629 0.006435394287109375 76775 717282
0.10692739486694336 0.005196332931518555 78836 716588
0.0981745719909668 0.005631208419799805 77894 716892
0.10678219795227051 0.005061149597167969 81287 715714
0.10576081275939941 0.005159616470336914 88848 713328
0.10497617721557617 0.006898403167724609 82549 715348
0.10654592514038086 0.0051000118255615234 80585 715991
0.10335636138916016 0.006453514099121094 93771 711820
0.1023859977722168 0.0052106380462646484 90789 712784
0.10522127151489258 0.0056841373443603516 105705 707871
0.10342860221862793 0.0073969364166259766 87221 713904
0.10507750511169434 0.006533384323120117 99230 710067
0.1065511703491211 0.0072596073150634766 101122 709422
0.10529589653015137 0.006910800933837891 102845 708793
0.11098814010620117 0.005795955657958984 101736 709254
0.10444927215576172 0.005541086196899414 101801 709187
0.10623502731323242 0.005140066146850586 86462 714198
0.10544180870056152 0.006860494613647461 106228 707676
0.11005640029907227 0.005997657775878906 107631 707179
0.11379051208496094 0.0058743953704833984 106042 707695
0.10188603401184082 0.006428718566894531 101609 709225
0.10264778137207031 0.0055844783782958984 99374 709968
0.10604119300842285 0.006086111068725586 100947 709428
0.10108280181884766 0.005357980728149414 91628 712507
0.10679054260253906 0.007567644119262695 100530 709536
0.10307574272155762 0.006407737731933594 99434 709902
0.10561728477478027 0.0056476593017578125 63119 721733
0.10508298873901367 0.0056345462799072266 103095 708740
0.10448408126831055 0.0062181949615478516 104542 708211
0.1013038158416748 0.005336284637451172 90389 712880
0.10670948028564453 0.0061414241790771484 97586 710550
0.1026458740234375 0.005415678024291992 97909 710401
0.10866093635559082 0.005426883697509766 101038 709386
0.11115050315856934 0.0054776668548583984 104761 708110
0.10434079170227051 0.005403280258178711 101889 709077
0.10369277000427246 0.005338907241821289 101668 709162
0.10703825950622559 0.00540471076965332 101963 709036
0.10396790504455566 0.006848812103271484 104178 708236
0.10837411880493164 0.0075130462646484375 106195 707509
0.11035633087158203 0.005480289459228516 102673 708773
0.10721731185913086 0.0071179866790771484 101329 709336
0.10027599334716797 0.004980325698852539 73994 718191
0.09882497787475586 0.004848957061767578 65755 720844
0.10116791725158691 0.006540536880493164 69096 719708
0.09815764427185059 0.005286693572998047 67125 720378
0.09712100028991699 0.004942178726196289 68914 719814
0.09949469566345215 0.00600433349609375 69421 719664
0.10220646858215332 0.004972219467163086 71774 718866
0.10674262046813965 0.005007266998291016 75485 717730
0.10590100288391113 0.0063629150390625 74107 718113
0.10334038734436035 0.005774021148681641 68922 719816
0.09995150566101074 0.005921125411987305 71982 718807
0.09717535972595215 0.006591320037841797 72575 718641
0.09782791137695312 0.005100727081298828 68922 719798
0.10006570816040039 0.007092952728271484 69915 719450
0.09737348556518555 0.005204439163208008 67985 720084
0.09801912307739258 0.005740165710449219 68186 720007
0.10064268112182617 0.004979848861694336 54069 724540
0.09854912757873535 0.005039215087890625 69088 719771
0.10322904586791992 0.0049724578857421875 70218 719390
0.09951162338256836 0.0049228668212890625 69958 719504
0.10311102867126465 0.004984855651855469 70518 719300
0.09899687767028809 0.0049591064453125 70308 719380
0.1007242202758789 0.006202220916748047 70454 719321
0.10601544380187988 0.0051119327545166016 71548 718988
0.1049349308013916 0.005567073822021484 69785 719544
0.10330843925476074 0.004979372024536133 69774 719537
0.09885215759277344 0.004911661148071289 69107 719731
0.10115933418273926 0.005953788757324219 68464 719942
0.10249042510986328 0.0068721771240234375 69557 719615
0.10596346855163574 0.006123542785644531 67774 720175
0.09847140312194824 0.004949808120727539 69033 719765
0.09752559661865234 0.006699800491333008 69168 719725
0.10793519020080566 0.006050825119018555 69948 719518
0.10366606712341309 0.0065691471099853516 71496 718981
0.10014629364013672 0.0052051544189453125 70178 719398
0.1016850471496582 0.006136894226074219 70460 719321
0.1070704460144043 0.0062220096588134766 69546 719623
0.09895205497741699 0.004913806915283203 68964 719820
0.10460829734802246 0.006479740142822266 69675 719568
0.10440492630004883 0.0050046443939208984 68131 720071
0.09740138053894043 0.00510406494140625 69510 719663
0.10046696662902832 0.0049707889556884766 70943 719180
0.09759306907653809 0.0070536136627197266 70544 719309
0.10413217544555664 0.005452394485473633 71802 718903
0.10420036315917969 0.006055355072021484 70215 719404
0.09677553176879883 0.0067937374114990234 70265 719355
0.10047340393066406 0.00702667236328125 54177 724495
0.09794092178344727 0.004984378814697266 69903 719514
0.09958219528198242 0.005119800567626953 70517 719325
0.09951424598693848 0.006760597229003906 71100 719115
0.09779500961303711 0.005037069320678711 72094 718773
0.09926819801330566 0.005482196807861328 72034 718772
0.10183048248291016 0.00521087646484375 72060 718789
0.10286378860473633 0.011326074600219727 72740 718545
0.10198378562927246 0.007363080978393555 71935 718837
0.10494160652160645 0.006370067596435547 71780 718841
0.0983419418334961 0.004929542541503906 70680 719222
0.10454344749450684 0.006075143814086914 68722 719842
0.1033484935760498 0.006581783294677734 68512 719921
0.09863567352294922 0.004890918731689453 68965 719767
0.10548233985900879 0.007079601287841797 70022 719456
0.10574007034301758 0.007445096969604492 71824 718832
0.10085892677307129 0.006949186325073242 72104 718744
0.10522818565368652 0.006258964538574219 74421 718036
0.10509228706359863 0.0052988529205322266 72823 718528
0.10495948791503906 0.005218505859375 75039 717879
0.09770464897155762 0.005201578140258789 73981 718190
0.10783648490905762 0.007031917572021484 75080 717833
0.10074830055236816 0.005013704299926758 75897 717614
0.10408234596252441 0.004969120025634766 71886 718798
0.10120558738708496 0.004953622817993164 72383 718609
0.10076475143432617 0.005636692047119141 73734 718280
0.09966444969177246 0.0052912235260009766 90869 712848
0.10039782524108887 0.00548100471496582 89378 713374
0.10200190544128418 0.004997968673706055 76306 717443
0.10639524459838867 0.005524635314941406 107222 707362
0.10141444206237793 0.006823062896728516 94822 711501
0.1056513786315918 0.007423877716064453 106377 707678
0.10547304153442383 0.005890369415283203 97762 710546
0.10287594795227051 0.00587010383605957 89313 713343
0.10384011268615723 0.006982564926147461 93077 712178
0.10359334945678711 0.0075190067291259766 93111 712101
0.10842037200927734 0.0052111148834228516 92196 712414
0.10136556625366211 0.00523066520690918 89525 713304
0.10234189033508301 0.007220745086669922 85254 714655
0.1015777587890625 0.006460905075073242 74740 717905
0.10393548011779785 0.006295204162597656 74919 717860
0.09832882881164551 0.005399465560913086 65339 720935
0.10040497779846191 0.005937337875366211 71402 718958
0.09921002388000488 0.005017757415771484 72768 718484
0.10210132598876953 0.006047964096069336 69723 719521
0.1002352237701416 0.0063533782958984375 69360 719645
0.10349631309509277 0.004951953887939453 72221 718710
0.1038367748260498 0.006939888000488281 70693 719215
0.10374999046325684 0.006516695022583008 71563 718965
0.10477042198181152 0.00781702995300293 71990 718791
0.10764646530151367 0.006468057632446289 73448 718323
0.1049044132232666 0.00578761100769043 73919 718151
0.09447026252746582 0.004724264144897461 48898 726143
0.09733128547668457 0.004971027374267578 73144 718466
0.10382986068725586 0.007738590240478516 75138 717776
0.10072183609008789 0.004978179931640625 69794 719539
0.09989428520202637 0.006805896759033203 74837 717900
0.09935832023620605 0.005526304244995117 74715 717915
0.09918594360351562 0.005024909973144531 73633 718260
0.10154080390930176 0.0066487789154052734 76252 717521
0.09728312492370605 0.006352663040161133 74138 718109
0.10605597496032715 0.004992485046386719 73198 718393
0.0997006893157959 0.0060732364654541016 72603 718579
0.10559773445129395 0.0065155029296875 71545 718974
0.09866476058959961 0.005037546157836914 72595 718653
0.10173964500427246 0.005437612533569336 72545 718649
0.09887075424194336 0.004981517791748047 74762 717966
0.09881424903869629 0.006728172302246094 75272 717811
0.10134100914001465 0.005674600601196289 76380 717482
0.09746742248535156 0.005438089370727539 74217 718106
0.10022425651550293 0.00503230094909668 73096 718482
0.10583972930908203 0.006378173828125 73832 718230
0.09947323799133301 0.004954814910888672 72374 718725
0.09734606742858887 0.006384372711181641 71844 718903
0.09870672225952148 0.0049915313720703125 72816 718558
0.10417008399963379 0.005885124206542969 72550 718606
0.09919452667236328 0.005476713180541992 73939 718205
0.09891939163208008 0.0049610137939453125 73511 718340
0.09763884544372559 0.006867885589599609 73194 718449
0.09957695007324219 0.00525975227355957 71854 718882
0.10385799407958984 0.005398988723754883 77043 717284
0.10110235214233398 0.006081581115722656 76847 717346
0.09572267532348633 0.004738330841064453 50375 725673
0.09907698631286621 0.005166769027709961 74623 717951
0.09834647178649902 0.005105257034301758 79519 716486
0.09858179092407227 0.0061397552490234375 69432 719612
0.10000967979431152 0.0050506591796875 79812 716426
0.1009373664855957 0.00506901741027832 78953 716676
0.09857654571533203 0.004964351654052734 73550 718255
0.09860825538635254 0.005094051361083984 79504 716517
0.09781479835510254 0.005135297775268555 78505 716809
0.09742951393127441 0.005893230438232422 77946 716988
0.10037350654602051 0.00507664680480957 76430 717445
0.0995798110961914 0.004967927932739258 73875 718187
0.09811234474182129 0.005027055740356445 77736 717075
0.1028752326965332 0.005169391632080078 74122 718151
0.10609769821166992 0.0066258907318115234 77305 717208
0.09869527816772461 0.005011558532714844 77792 717035
0.09806203842163086 0.005774259567260742 78594 716784
0.10131096839904785 0.0062139034271240234 80895 716077
0.09840250015258789 0.005032062530517578 78547 716804
0.10303378105163574 0.0061244964599609375 78313 716863
0.10188961029052734 0.006403207778930664 77428 717157
0.09825992584228516 0.00503993034362793 75039 717868
0.10512280464172363 0.0065152645111083984 78265 716898
0.10379886627197266 0.006081104278564453 75744 717617
0.10463547706604004 0.005072832107543945 77339 717129
0.10212039947509766 0.006224393844604492 77757 717009
0.09876608848571777 0.005026102066040039 74460 718030
0.09867644309997559 0.006098031997680664 71808 718823
0.09899234771728516 0.006253242492675781 81063 716019
0.10453414916992188 0.0076406002044677734 80535 716170
0.09392428398132324 0.004703044891357422 49449 725875
0.10577797889709473 0.006627798080444336 72556 718565
0.10164618492126465 0.005081892013549805 78012 716961
0.0992422103881836 0.0048732757568359375 67304 720273
0.10401535034179688 0.005060911178588867 75725 717645
0.09855937957763672 0.00592041015625 78312 716843
0.09810090065002441 0.00472259521484375 56163 723852
0.09631037712097168 0.005701303482055664 44625 727370
0.10035467147827148 0.006398916244506836 70061 719460
0.1048133373260498 0.005810976028442383 75898 717638
0.10609912872314453 0.0061740875244140625 81145 715994
0.10207700729370117 0.007791042327880859 79510 716537
0.09962844848632812 0.005306243896484375 80798 716141
0.0992581844329834 0.005307435989379883 81026 716030
0.1039571762084961 0.006279945373535156 78430 716901
0.09894204139709473 0.0049664974212646484 73750 718312
0.09855127334594727 0.004642963409423828 49092 726069
0.09550642967224121 0.004658699035644531 47680 726477
0.10366129875183105 0.006091117858886719 73977 718254
0.1076803207397461 0.0055217742919921875 76188 717607
0.10579538345336914 0.006391048431396484 71194 719100
0.10057616233825684 0.005372047424316406 72854 718608
0.10550212860107422 0.00638580322265625 72473 718750
0.10250306129455566 0.005152463912963867 73098 718533
0.09935760498046875 0.00549006462097168 75303 717889
0.10559248924255371 0.007012844085693359 75676 717775
0.0995628833770752 0.004984140396118164 74397 718144
0.10477662086486816 0.0065724849700927734 70555 719343
0.09998631477355957 0.005003213882446289 75075 717985
0.10070657730102539 0.004975080490112305 74754 718059
0.09774470329284668 0.005320549011230469 58117 723332
0.10315060615539551 0.006498575210571289 72799 718637
0.09750580787658691 0.005925893783569336 72698 718611
0.09865427017211914 0.00672602653503418 72348 718715
0.10694408416748047 0.005093097686767578 74745 718036
0.09790158271789551 0.0049898624420166016 74457 718106
0.10528230667114258 0.005749940872192383 72566 718687
0.10603189468383789 0.0061681270599365234 70551 719288
0.09943532943725586 0.00498652458190918 74377 718156
0.09820914268493652 0.006411314010620117 74625 718074
0.09957265853881836 0.006675004959106445 71348 719027
0.10297751426696777 0.005900144577026367 72583 718587
0.10394024848937988 0.006489992141723633 70129 719352
0.10187959671020508 0.005047321319580078 71989 718721
0.0988612174987793 0.0049343109130859375 70991 719049
0.10363316535949707 0.0060274600982666016 71964 718730
0.09664487838745117 0.0056040287017822266 74104 718082
0.10097599029541016 0.005970478057861328 70835 719069
0.09702944755554199 0.00496363639831543 65631 720783
0.10263252258300781 0.0052356719970703125 70324 719261
0.0980234146118164 0.005017518997192383 66575 720447
0.10006928443908691 0.004669189453125 45839 726893
0.10162639617919922 0.00541377067565918 66914 720343
0.10179948806762695 0.006086826324462891 67006 720307
0.0962834358215332 0.004976987838745117 69372 719551
0.09712910652160645 0.004923582077026367 66145 720563
0.10059285163879395 0.0049779415130615234 68263 719907
0.09772419929504395 0.006279706954956055 68247 719878
0.09652447700500488 0.00492548942565918 67467 720105
0.09787297248840332 0.00487208366394043 67452 720113
0.1019124984741211 0.00603175163269043 67547 720092
0.09848237037658691 0.004888057708740234 67934 719947
0.10091924667358398 0.004889488220214844 67862 719971
0.09581208229064941 0.006424903869628906 67678 720056
0.09839940071105957 0.004854440689086914 66369 720408
0.09755253791809082 0.004958391189575195 67320 720125
0.10033130645751953 0.00487208366394043 67653 720024
0.10811805725097656 0.005171060562133789 67122 720169
0.097900390625 0.0048825740814208984 67334 720121
0.09613871574401855 0.006266117095947266 66942 720215
0.1104898452758789 0.00829625129699707 67313 720094
0.09831666946411133 0.007367134094238281 67321 720136
0.09787774085998535 0.0048787593841552734 67668 720025
0.1031351089477539 0.0048711299896240234 67336 720134
0.10080075263977051 0.006041049957275391 67615 720088
0.1038057804107666 0.006166696548461914 67931 719949
0.09841203689575195 0.005000591278076172 67489 720103
0.10177731513977051 0.0048940181732177734 68348 719838
0.09521150588989258 0.006690263748168945 63236 721439
0.10131216049194336 0.004984617233276367 66411 720452
0.09882998466491699 0.004893064498901367 66235 720509
0.09891748428344727 0.0053250789642333984 44825 727166
0.09568595886230469 0.0048296451568603516 64631 721030
0.10008907318115234 0.005891323089599609 66205 720544
0.10338616371154785 0.004863739013671875 66660 720363
0.0959169864654541 0.005099773406982422 65008 720876
0.10436749458312988 0.00521087646484375 66144 720563
0.0959939956665039 0.004927396774291992 67039 720242
0.09633708000183105 0.004845619201660156 66210 720479
0.09780669212341309 0.00489497184753418 66699 720347
0.1010591983795166 0.0076329708099365234 67454 720113
0.0980386734008789 0.004825115203857422 65668 720689
0.10084271430969238 0.005809783935546875 65425 720781
0.1016385555267334 0.0059967041015625 65594 720731
0.10290074348449707 0.004885435104370117 65385 720758
0.09825491905212402 0.00483393669128418 64812 720970
0.10132598876953125 0.0048406124114990234 65351 720812
0.10473155975341797 0.0048351287841796875 65283 720825
0.10308098793029785 0.004816532135009766 64387 721110
0.09993577003479004 0.0049517154693603516 65326 720760
0.09714603424072266 0.004880428314208984 65762 720632
0.10323834419250488 0.005013465881347656 66067 720557
0.09701132774353027 0.004839658737182617 65870 720613
0.09555625915527344 0.005492448806762695 65909 720590
0.09566402435302734 0.00622105598449707 65154 720805
0.10269451141357422 0.00484013557434082 65765 720655
0.09680461883544922 0.004922151565551758 65313 720758
0.09610199928283691 0.005949497222900391 65904 720565
0.09617447853088379 0.0047757625579833984 61164 722101
0.09594273567199707 0.004876136779785156 64333 721112
0.09573936462402344 0.004817962646484375 63961 721251
0.09830212593078613 0.005151271820068359 42777 727758
0.09676790237426758 0.00817418098449707 61880 721846
0.09775662422180176 0.007062435150146484 64222 721115
0.10401558876037598 0.004814863204956055 63798 721272
0.100616455078125 0.006882905960083008 63247 721424
0.09785771369934082 0.004906177520751953 64754 720946
0.0999917984008789 0.0048465728759765625 65931 720625
0.09690427780151367 0.004862070083618164 66741 720320
0.10218691825866699 0.006454944610595703 66292 720428
0.09787344932556152 0.004908561706542969 65007 720888
0.09943723678588867 0.004860401153564453 64171 721164
0.09799957275390625 0.004820823669433594 64137 721209
0.09834766387939453 0.004795551300048828 62453 721664
0.11095643043518066 0.004828453063964844 64217 721140
0.10323905944824219 0.004821300506591797 64369 721088
0.10301423072814941 0.006002664566040039 64568 720994
0.09914588928222656 0.0048944950103759766 58676 722839
0.10234546661376953 0.0048828125 58468 722919
0.09462499618530273 0.0048258304595947266 60025 722407
0.09798407554626465 0.004803657531738281 63727 721244
0.10024476051330566 0.005664825439453125 63349 721373
0.09784841537475586 0.004832029342651367 65119 720777
0.09958338737487793 0.004880428314208984 68039 719921
0.09839606285095215 0.0049855709075927734 68927 719723
0.0981302261352539 0.004865884780883789 67552 720060
0.10251784324645996 0.005887508392333984 69290 719561
0.09669971466064453 0.004924297332763672 62387 721643
0.09992766380310059 0.0064008235931396484 57040 723306
0.09723997116088867 0.004973173141479492 61546 721928
0.09586286544799805 0.0050618648529052734 59548 722540
0.09349250793457031 0.004509925842285156 40988 728129
0.09456110000610352 0.006204128265380859 61113 722019
0.10004043579101562 0.0048177242279052734 61955 721719
0.09505295753479004 0.00599217414855957 60619 722159
0.09571003913879395 0.0062978267669677734 58422 722837
0.10567760467529297 0.004875659942626953 60574 722151
0.10340023040771484 0.0049381256103515625 66938 720270
0.09778523445129395 0.006192922592163086 64340 721027
0.10257411003112793 0.005552053451538086 64160 721036
0.09685516357421875 0.004889011383056641 61978 721752
0.09611916542053223 0.00478053092956543 59349 722548
0.10280489921569824 0.0057260990142822266 57851 723005
0.10373973846435547 0.004719972610473633 57780 723029
0.09486222267150879 0.005649089813232422 57874 722977
0.10233855247497559 0.0047304630279541016 58025 722971
0.10025453567504883 0.004853487014770508 58506 722848
0.09682798385620117 0.004811525344848633 60944 722105
0.10801005363464355 0.0058727264404296875 63453 721234
0.10023784637451172 0.006031036376953125 63696 721188
0.10304594039916992 0.006022930145263672 61689 721807
0.10037112236022949 0.0054645538330078125 61970 721725
0.10289645195007324 0.0047681331634521484 61346 721901
0.09852814674377441 0.004818439483642578 61526 721816
0.09788322448730469 0.004976034164428711 61518 721861
0.10060858726501465 0.0047833919525146484 59358 722558
0.09818148612976074 0.006865978240966797 60014 722345
0.09978437423706055 0.004724025726318359 58157 722878
0.09464716911315918 0.004659414291381836 52872 724603
0.1042943000793457 0.0048520565032958984 60573 722149
0.09621977806091309 0.005679607391357422 58053 722891
0.09938573837280273 0.005949735641479492 41482 727958
0.09502530097961426 0.004781961441040039 58555 722737
0.10082387924194336 0.00484776496887207 61854 721658
0.09511280059814453 0.0065004825592041016 61851 721697
0.10172200202941895 0.0059051513671875 59804 722337
0.09962201118469238 0.006010293960571289 63559 721227
0.09535551071166992 0.005779266357421875 60573 722079
0.10136175155639648 0.004957675933837891 59886 722286
0.10352396965026855 0.0048542022705078125 64738 720829
0.09612488746643066 0.004845142364501953 61353 721915
0.10102367401123047 0.0050313472747802734 42019 727812
0.09656548500061035 0.007108926773071289 61162 721932
0.09736847877502441 0.0048906803131103516 63541 721208
0.10387492179870605 0.007090330123901367 63029 721392
0.09896993637084961 0.004848003387451172 61254 721936
0.09835505485534668 0.00481104850769043 63354 721260
0.1024465560913086 0.00611424446105957 68353 719822
0.10060286521911621 0.006473064422607422 67548 720044
0.10048985481262207 0.00500941276550293 69330 719529
0.09846663475036621 0.004911184310913086 66521 720383
0.09821200370788574 0.004909992218017578 65955 720490
0.10310196876525879 0.005099296569824219 65003 720763
0.09659290313720703 0.004831552505493164 65380 720660
0.09697294235229492 0.0060389041900634766 66587 720343
0.10339999198913574 0.004886150360107422 68116 719862
0.09646821022033691 0.004898786544799805 64711 720865
0.10439682006835938 0.005601167678833008 58125 722930
0.10058093070983887 0.004790544509887695 59410 722574
0.10210347175598145 0.004808664321899414 62083 721727
0.09751319885253906 0.006028890609741211 62888 721524
0.09869503974914551 0.006956815719604492 64992 720804
0.09544515609741211 0.004832744598388672 63518 721313
0.10303497314453125 0.005125522613525391 61651 721889
0.0952455997467041 0.00589299201965332 61128 722066
0.09846019744873047 0.004771232604980469 60860 722134
0.09553742408752441 0.004786252975463867 61832 721786
0.10329103469848633 0.006239652633666992 60376 722272
0.09656834602355957 0.004764080047607422 59427 722576
0.09757113456726074 0.0054624080657958984 62002 721746
0.10245227813720703 0.0047605037689208984 60236 722327
0.10099315643310547 0.005698442459106445 63432 721288
0.09761381149291992 0.004790306091308594 62411 721626
0.09519004821777344 0.005765676498413086 63626 721233
0.10037374496459961 0.0064983367919921875 63411 721282
0.10299396514892578 0.005261659622192383 63192 721374
0.09520626068115234 0.006253242492675781 62539 721525
0.0951848030090332 0.005486726760864258 55303 723822
0.09579348564147949 0.004776716232299805 61969 721742
0.10136103630065918 0.004815101623535156 59832 722394
0.09264183044433594 0.004516124725341797 40323 728311
0.09570646286010742 0.004784822463989258 61405 721917
0.10208630561828613 0.004828214645385742 62112 721684
0.09597182273864746 0.005026340484619141 61763 721810
0.09615683555603027 0.004747867584228516 59352 722630
0.09618186950683594 0.004778861999511719 61350 721943
0.09985494613647461 0.004927635192871094 67680 720022
0.0979771614074707 0.005116701126098633 68484 719733
0.10025286674499512 0.004894733428955078 69187 719589
0.0982978343963623 0.004865169525146484 67324 720107
0.09763550758361816 0.0048258304595947266 64176 721098
0.10169577598571777 0.0048711299896240234 65771 720627
0.09633016586303711 0.004832029342651367 61159 722045
0.10213947296142578 0.004843950271606445 62946 721500
0.1002817153930664 0.0068013668060302734 64697 720942
0.09608197212219238 0.00600433349609375 62354 721693
0.09531617164611816 0.004885196685791016 63266 721395
0.09644937515258789 0.004904508590698242 66223 720454
0.1027061939239502 0.006595134735107422 67715 719978
0.1017148494720459 0.005320072174072266 64154 721139
0.09644699096679688 0.0050890445709228516 66469 720375
0.09507942199707031 0.005908012390136719 63768 721253
0.09872698783874512 0.0048863887786865234 64138 721082
0.10021781921386719 0.0048046112060546875 62433 721652
0.10325741767883301 0.0048084259033203125 63640 721299
0.10587430000305176 0.008142471313476562 79056 716619
0.10174560546875 0.0064771175384521484 87681 713867
0.10175490379333496 0.005951642990112305 89063 713458
0.10264182090759277 0.006439685821533203 90055 713074
0.10111451148986816 0.006559610366821289 88835 713464
0.1022953987121582 0.005224943161010742 89177 713371
0.10074257850646973 0.0064966678619384766 89803 713127
0.10338115692138672 0.0066738128662109375 87734 713841
0.10537576675415039 0.006473541259765625 92092 712417
0.10149598121643066 0.0063877105712890625 90085 713080
0.10320806503295898 0.006419658660888672 86079 714363
0.10089993476867676 0.006015300750732422 90953 712753
0.10029172897338867 0.005171775817871094 89417 713271
0.10224056243896484 0.005238533020019531 89960 713126
0.10532975196838379 0.005280256271362305 90276 713029
0.10170125961303711 0.0068683624267578125 89954 713080
0.1044473648071289 0.0064775943756103516 92902 712179
0.1014244556427002 0.005240440368652344 87328 714018
0.09804439544677734 0.005150556564331055 70801 719307
0.10285019874572754 0.005890607833862305 90173 713081
0.10823273658752441 0.0052530765533447266 89995 713162
0.10726618766784668 0.00671076774597168 89709 713274
0.10100340843200684 0.006696224212646484 92132 712429
0.1020653247833252 0.0065119266510009766 91212 712726
0.10730528831481934 0.00526738166809082 95851 711257
0.10241198539733887 0.005328178405761719 90299 713111
0.10290265083312988 0.005950212478637695 94561 711717
0.10450530052185059 0.005261659622192383 90800 712901
0.09861302375793457 0.010757207870483398 59315 723040
0.10107779502868652 0.0054514408111572266 89577 713311
0.10226941108703613 0.007193326950073242 88186 713742
0.10318255424499512 0.005211830139160156 91415 712698
0.1036217212677002 0.00561213493347168 92583 712338
0.10966110229492188 0.005251169204711914 94388 711728
0.10546612739562988 0.005360603332519531 94721 711613
0.11338663101196289 0.005449056625366211 95801 711323
0.10155749320983887 0.006799221038818359 94724 711628
0.11017632484436035 0.005241870880126953 94258 711807
0.1012563705444336 0.00518488883972168 86599 714284
0.10276389122009277 0.0061037540435791016 94538 711746
0.10653471946716309 0.007226705551147461 90428 713093
0.10832381248474121 0.005228996276855469 92980 712237
0.1126101016998291 0.005323648452758789 93093 712264
0.10532450675964355 0.007188558578491211 94167 711878
0.10874319076538086 0.007386684417724609 92291 712475
0.10638117790222168 0.006867408752441406 94669 711686
0.10939741134643555 0.007436275482177734 93226 712175
0.10295271873474121 0.00661015510559082 94571 711764
0.09836006164550781 0.004982471466064453 74687 718097
0.10519218444824219 0.006729602813720703 94049 711902
0.10555267333984375 0.0065653324127197266 93544 712075
0.10216999053955078 0.005235433578491211 93591 712052
0.10217475891113281 0.006412982940673828 94168 711898
0.09990286827087402 0.006840705871582031 93738 712053
0.10100913047790527 0.005330801010131836 93980 711998
0.10106754302978516 0.0053577423095703125 86240 714509
0.1049947738647461 0.008464336395263672 94570 711827
0.10490679740905762 0.007022380828857422 96072 711318
0.09702444076538086 0.005142688751220703 60555 722726
0.10065627098083496 0.007157325744628906 91507 712801
0.10432267189025879 0.00592350959777832 83068 715503
0.10307097434997559 0.005124568939208984 84877 714944
0.10122179985046387 0.005249977111816406 94696 711790
0.10072207450866699 0.0052602291107177734 95681 711442
0.09950828552246094 0.0064089298248291016 85995 714604
0.1018977165222168 0.0053102970123291016 98780 710418
0.10748052597045898 0.006363630294799805 95833 711383
0.10207509994506836 0.006423473358154297 95850 711428
0.10214853286743164 0.006202220916748047 96781 711058
0.1020207405090332 0.005304574966430664 92189 712630
0.10779523849487305 0.005213737487792969 87087 714255
0.1055154800415039 0.0064542293548583984 94275 711904
0.1028437614440918 0.005805492401123047 95808 711434
0.10788178443908691 0.006731271743774414 94933 711655
0.10033154487609863 0.005395650863647461 95415 711557
0.10960221290588379 0.006705045700073242 92358 712519
0.10280299186706543 0.006532907485961914 97001 710981
0.10936999320983887 0.00656580924987793 97294 710859
0.10696744918823242 0.005038022994995117 77690 717063
0.10166096687316895 0.005252361297607422 93611 712097
0.10792374610900879 0.006417274475097656 95686 711443
0.10142207145690918 0.005413532257080078 94269 711857
0.10424470901489258 0.0053441524505615234 93794 711979
0.1083219051361084 0.005311250686645508 94132 711879
0.10571408271789551 0.007408618927001953 91445 712759
0.10723352432250977 0.0058896541595458984 82946 715515
0.10199356079101562 0.005334615707397461 94804 711645
0.10136151313781738 0.00635528564453125 93279 712171
0.10068607330322266 0.004699230194091797 52346 725129
0.1112968921661377 0.005230426788330078 84903 714861
0.10323190689086914 0.00506281852722168 75041 717918
0.09937405586242676 0.005009889602661133 75693 717739
0.09868741035461426 0.005145549774169922 82412 715664
0.10276913642883301 0.005296230316162109 84557 714977
0.0996084213256836 0.005856513977050781 80207 716356
0.1036980152130127 0.005258798599243164 87967 713835
0.10609889030456543 0.005121707916259766 84836 714873
0.10478615760803223 0.00530242919921875 84898 714867
0.10146641731262207 0.0058498382568359375 82383 715635
0.10497570037841797 0.00595545768737793 82191 715687
0.10313892364501953 0.004899024963378906 67882 720152
0.10555744171142578 0.005182743072509766 81606 715906
0.1080009937286377 0.007241487503051758 81103 716050
0.11392593383789062 0.005087137222290039 82118 715719
0.10520601272583008 0.0051441192626953125 82082 715744
0.10225796699523926 0.005078315734863281 81807 715801
0.10827231407165527 0.005198955535888672 82898 715452
0.106475830078125 0.0058803558349609375 82208 715693
0.09745502471923828 0.00495457649230957 68015 720070
0.09975194931030273 0.005083799362182617 82246 715642
0.10457587242126465 0.006049156188964844 87960 713812
0.10205411911010742 0.007126569747924805 86138 714386
0.10161232948303223 0.005217790603637695 86630 714264
0.10228633880615234 0.0051763057708740234 88852 713512
0.09864950180053711 0.006014108657836914 84709 714836
0.09852766990661621 0.005038022994995117 75202 717897
0.1032404899597168 0.0061800479888916016 82759 715515
0.10520386695861816 0.007309913635253906 81266 715950
0.09740543365478516 0.006065845489501953 49217 725984
0.09995055198669434 0.005313873291015625 82671 715519
0.09766030311584473 0.004903316497802734 70233 719364
0.09864950180053711 0.006422996520996094 76782 717367
0.10637211799621582 0.006210803985595703 82031 715715
0.10186553001403809 0.005129814147949219 81739 715815
0.0994272232055664 0.005338907241821289 79471 716544
0.10059285163879395 0.005213737487792969 87090 714039
0.10382699966430664 0.005125284194946289 86734 714155
0.1038823127746582 0.006333827972412109 89554 713258
0.10050320625305176 0.005231618881225586 89806 713139
0.10720109939575195 0.006213665008544922 88156 713666
0.10017991065979004 0.006109476089477539 75700 717706
0.10603451728820801 0.0065517425537109375 89748 713137
0.10380148887634277 0.005643129348754883 89434 713257
0.10388422012329102 0.005403995513916016 89381 713320
0.10790038108825684 0.0052301883697509766 89249 713334
0.10093379020690918 0.0064182281494140625 89390 713271
0.10078024864196777 0.005140066146850586 87735 713817
0.10019588470458984 0.00628209114074707 88703 713502
0.09988045692443848 0.005049705505371094 72789 718516
0.10356616973876953 0.007315397262573242 86715 714163
0.11188268661499023 0.005164623260498047 89557 713211
0.10323119163513184 0.005171775817871094 86991 714067
0.1000826358795166 0.006441831588745117 88098 713706
0.10407876968383789 0.005323886871337891 88011 713749
0.10543489456176758 0.006219625473022461 85818 714464
0.10303044319152832 0.008411169052124023 80404 716219
0.1026914119720459 0.0053098201751708984 87612 713873
0.10519194602966309 0.0067806243896484375 87045 714065
0.09473919868469238 0.006140947341918945 52971 724827
0.10086178779602051 0.005288124084472656 83551 715233
0.09971022605895996 0.004892110824584961 70075 719395
0.1001431941986084 0.0052471160888671875 76686 717423
0.10306715965270996 0.0051305294036865234 86372 714302
0.1057734489440918 0.005130290985107422 86450 714269
0.10399317741394043 0.006848573684692383 83169 715396
0.10917520523071289 0.0051572322845458984 88762 713494
0.10626077651977539 0.006659746170043945 88738 713508
0.11025357246398926 0.005265474319458008 88612 713570
0.10280323028564453 0.005417346954345703 88267 713689
0.1088399887084961 0.005121707916259766 86538 714250
0.09982490539550781 0.005331993103027344 71673 718942
0.10691499710083008 0.006905078887939453 88411 713635
0.10072493553161621 0.005173921585083008 86730 714201
0.10655474662780762 0.007256746292114258 86934 714141
0.11003875732421875 0.005180835723876953 86673 714198
0.1022346019744873 0.005204439163208008 88205 713703
0.10051155090332031 0.0051805973052978516 86654 714209
0.1009361743927002 0.005127906799316406 86559 714258
0.10297107696533203 0.006387948989868164 68096 720050
0.10094094276428223 0.0051326751708984375 87113 714078
0.10294771194458008 0.006513357162475586 88055 713754
0.10880899429321289 0.005129098892211914 87353 714013
0.10040044784545898 0.005131959915161133 87032 714103
0.10770082473754883 0.005527019500732422 87943 713745
0.1006767749786377 0.005162477493286133 86111 714402
0.0995335578918457 0.0050089359283447266 78641 716788
0.10065865516662598 0.006043434143066406 86766 714183
0.1009981632232666 0.005109548568725586 85829 714468
0.10223746299743652 0.0065310001373291016 56817 723655
0.1043086051940918 0.005352973937988281 85124 714710
0.09837985038757324 0.005211591720581055 65742 720830
0.10063886642456055 0.005151271820068359 84741 714880
0.10083389282226562 0.005236387252807617 86536 714265
0.10609984397888184 0.005144834518432617 87624 713866
0.09899616241455078 0.005047321319580078 80888 716088
0.10533452033996582 0.007050275802612305 88818 713477
0.10096502304077148 0.005217075347900391 89135 713440
0.10218071937561035 0.0063397884368896484 89212 713374
0.10114860534667969 0.005279541015625 89969 713078
0.10788273811340332 0.005237102508544922 87054 714052
0.09686827659606934 0.006283998489379883 72604 718615
0.10275912284851074 0.007532596588134766 87296 713977
0.11289572715759277 0.005197048187255859 87193 714023
0.10193276405334473 0.005160808563232422 88553 713536
0.10628724098205566 0.0057489871978759766 89008 713395
0.10730338096618652 0.005162239074707031 88793 713492
0.09966397285461426 0.006368398666381836 85676 714571
0.10726308822631836 0.006363868713378906 85439 714608
0.10808968544006348 0.005277872085571289 73714 718344
0.10166764259338379 0.005932331085205078 82515 715574
0.10963129997253418 0.005309343338012695 95409 711547
0.10802483558654785 0.006406307220458984 94112 711944
0.10155391693115234 0.006730556488037109 96187 711281
0.10230231285095215 0.00583648681640625 97884 710742
0.11175656318664551 0.005311250686645508 98535 710497
0.10651826858520508 0.006418704986572266 95967 711361
0.11236262321472168 0.0065271854400634766 99646 710123
0.10916662216186523 0.0052492618560791016 94516 711831
0.10124397277832031 0.0068895816802978516 93767 712078
0.10319924354553223 0.005463600158691406 97029 710958
0.10225152969360352 0.006748676300048828 89775 713416
0.10278129577636719 0.006328105926513672 93051 712326
0.10916686058044434 0.005663633346557617 95604 711473
0.10482120513916016 0.005259990692138672 95357 711551
0.10383105278015137 0.007274150848388672 99532 710173
0.1023721694946289 0.005312919616699219 98519 710503
0.11136865615844727 0.00569462776184082 97197 710954
0.11026310920715332 0.00597071647644043 99081 710311
0.10319733619689941 0.005349397659301758 98686 710439
0.10056281089782715 0.005402088165283203 93577 712161
0.1120460033416748 0.005499124526977539 92029 712660
0.10633111000061035 0.0058498382568359375 90390 713199
0.11060142517089844 0.005716085433959961 90779 713110
0.10557079315185547 0.005213022232055664 88957 713674
0.10035967826843262 0.0052073001861572266 92195 712595
0.09986472129821777 0.005491018295288086 91811 712739
0.1017155647277832 0.006487131118774414 89316 713576
0.1073448657989502 0.006675004959106445 95760 711424
0.10461306571960449 0.0065042972564697266 96353 711200
0.10145306587219238 0.005278825759887695 93299 712262
0.10016083717346191 0.0067598819732666016 93859 712074
0.11037087440490723 0.0052564144134521484 95627 711460
0.10231661796569824 0.005598783493041992 92582 712503
0.10153841972351074 0.0058438777923583984 92237 712613
0.10906434059143066 0.0055866241455078125 89505 713469
0.10175704956054688 0.006445884704589844 91160 712909
0.10020947456359863 0.0060901641845703125 89320 713513
0.10214471817016602 0.005235195159912109 92700 712457
0.1048126220703125 0.007312297821044922 96619 711121
0.10159826278686523 0.005984306335449219 90355 713187
0.10492968559265137 0.005265474319458008 91708 712760
0.10143780708312988 0.00642704963684082 91985 712682
0.10670852661132812 0.005564212799072266 92920 712369
0.10205602645874023 0.006854534149169922 90897 713026
0.10167050361633301 0.005936622619628906 91737 712768
0.09920358657836914 0.00688624382019043 91681 712743
0.10124492645263672 0.005612373352050781 88962 713664
0.10442352294921875 0.006063222885131836 93351 712243
0.10643553733825684 0.0063152313232421875 98171 710604
0.1027212142944336 0.007709980010986328 94484 711808
0.10378861427307129 0.006067514419555664 97020 711025
0.10300040245056152 0.006430387496948242 97193 710952
0.1013646125793457 0.0060901641845703125 94657 711782
0.10882878303527832 0.005268096923828125 95837 711360
0.10267281532287598 0.006358146667480469 93108 712294
0.10560250282287598 0.006827116012573242 92323 712520
0.10302448272705078 0.006127834320068359 92618 712467
0.1012415885925293 0.006144285202026367 92350 712527
0.10965871810913086 0.00524449348449707 94961 711681
0.10772466659545898 0.005267620086669922 95625 711419
0.10663270950317383 0.006453752517700195 94654 711828
0.1023557186126709 0.006414890289306641 94844 711683
0.10669088363647461 0.007350921630859375 95298 711586
0.10793471336364746 0.005377292633056641 97728 710775
0.10310864448547363 0.005414009094238281 97861 710732
0.10767674446105957 0.007596015930175781 97419 710843
0.10550665855407715 0.007788896560668945 98088 710597
0.10895133018493652 0.006990194320678711 98514 710484
0.10770940780639648 0.007582902908325195 97201 710936
0.10581827163696289 0.0075566768646240234 97811 710757
0.10130953788757324 0.005402565002441406 95850 711365
0.10185456275939941 0.006012439727783203 95336 711534
0.10159587860107422 0.0052204132080078125 88789 713691
0.1045992374420166 0.005441427230834961 103056 708922
0.11006331443786621 0.0063550472259521484 101045 709665
0.1037440299987793 0.005869865417480469 100318 709907
0.11014032363891602 0.006183624267578125 100612 709777
0.10459685325622559 0.005464792251586914 104617 708427
0.1083981990814209 0.006495475769042969 102994 709004
0.10637903213500977 0.005392551422119141 104892 708312
0.11128473281860352 0.00600743293762207 103790 708722
0.11101603507995605 0.0070650577545166016 103970 708691
0.10369467735290527 0.005678653717041016 84765 715040
0.10448455810546875 0.0077915191650390625 80392 716374
0.11060166358947754 0.005360841751098633 103281 708831
0.10882377624511719 0.0071544647216796875 115115 704932
0.10205221176147461 0.005246877670288086 95511 711504
0.1047368049621582 0.006633281707763672 105443 708135
0.11488127708435059 0.0051975250244140625 91218 712890
0.1022794246673584 0.005502939224243164 92063 712634
0.10448741912841797 0.005675077438354492 95007 711657
0.10946297645568848 0.00545191764831543 102425 709171
0.10268592834472656 0.005422115325927734 101267 709527
0.11030793190002441 0.005279064178466797 97348 710908
0.10590887069702148 0.008106470108032227 105526 708106
0.11009550094604492 0.006568431854248047 103389 708898
0.1008903980255127 0.0054476261138916016 81313 716089
0.10550236701965332 0.005795001983642578 109741 706717
0.1064460277557373 0.0066471099853515625 102199 709211
0.1027839183807373 0.006940126419067383 98460 710464
0.10756707191467285 0.005532741546630859 111758 706098
0.10584402084350586 0.00603485107421875 113734 705454
0.11204743385314941 0.005194902420043945 86938 714345
0.11211848258972168 0.0054988861083984375 112966 705708
0.10607099533081055 0.0073397159576416016 113805 705414
0.10633230209350586 0.005651950836181641 114505 705190
0.10991930961608887 0.006280422210693359 112158 705956
0.1067512035369873 0.007283210754394531 115645 704780
0.11160922050476074 0.006073951721191406 114896 705020
0.10932517051696777 0.005532026290893555 114886 705046
0.10918426513671875 0.006663322448730469 110275 706503
0.11370038986206055 0.005521059036254883 114657 705102
0.10749197006225586 0.006397724151611328 121244 702843
0.10818743705749512 0.0077326297760009766 115944 704632
0.10549092292785645 0.006727695465087891 113673 705391
0.10615301132202148 0.006737709045410156 112695 705740
0.10678505897521973 0.006025075912475586 109454 706791
0.1042184829711914 0.005881547927856445 111013 706282
0.10377764701843262 0.006785869598388672 112086 705941
0.10712194442749023 0.007331371307373047 109429 706777
0.10995721817016602 0.007195711135864258 110676 706405
0.10711836814880371 0.005761861801147461 111975 705948
0.10512185096740723 0.00735020637512207 112669 705744
0.10499143600463867 0.006855010986328125 106055 708007
0.10567975044250488 0.005564212799072266 111739 706017
0.1129908561706543 0.005566835403442383 112765 705729
0.10637807846069336 0.006730794906616211 87413 714159
0.10516548156738281 0.00591731071472168 108826 707003
0.10844898223876953 0.005381107330322266 101466 709566
0.10408473014831543 0.00656890869140625 100521 709886
0.11104822158813477 0.00693964958190918 110400 706490
0.1141197681427002 0.0058515071868896484 111035 706256
0.11104154586791992 0.00560307502746582 90440 713160
0.11260724067687988 0.00722193717956543 112595 705785
0.10457348823547363 0.006897687911987305 110498 706425
0.10710954666137695 0.005541563034057617 115194 704936
0.10514116287231445 0.00557708740234375 111930 705949
0.10791420936584473 0.006513357162475586 109889 706619
0.11027121543884277 0.007021427154541016 110481 706426
0.1174008846282959 0.0054776668548583984 110663 706357
0.10642528533935547 0.0070648193359375 115070 704906
0.1074838638305664 0.007009744644165039 116106 704541
0.1054830551147461 0.0057485103607177734 112070 705894
0.1082761287689209 0.005581378936767578 115309 704851
0.11215877532958984 0.0069942474365234375 113743 705357
0.11123943328857422 0.005612611770629883 116597 704419
0.10841107368469238 0.005476236343383789 111987 705896
0.1059560775756836 0.005479097366333008 111076 706237
0.11361241340637207 0.007216930389404297 111257 706172
0.1047220230102539 0.0055582523345947266 109312 706802
0.10451292991638184 0.0056035518646240234 115083 704908
0.11056184768676758 0.005515575408935547 114400 705167
0.10736775398254395 0.007079362869262695 114505 705146
0.10551929473876953 0.0058901309967041016 105820 708057
0.10962438583374023 0.005535602569580078 115483 704787
0.10553932189941406 0.005537271499633789 116055 704635
0.10071015357971191 0.005186557769775391 86887 714300
0.11384987831115723 0.005584001541137695 112925 705609
0.11283445358276367 0.005609035491943359 109962 706638
0.10468101501464844 0.006309032440185547 106064 707977
0.10907936096191406 0.0072174072265625 116972 704303
0.11070394515991211 0.005758047103881836 118044 703928
0.10596013069152832 0.006505012512207031 102484 709226
0.1084589958190918 0.0056455135345458984 121718 702752
0.10729241371154785 0.005551338195800781 116422 704453
0.10532212257385254 0.006384372711181641 118021 703879
0.10807490348815918 0.006075382232666016 115206 704882
0.10492205619812012 0.006860971450805664 109225 706856
0.10787487030029297 0.007048130035400391 107715 707373
0.11670064926147461 0.00547337532043457 107424 707496
0.1102299690246582 0.005422353744506836 107216 707540
0.10881495475769043 0.006388425827026367 108031 707240
0.1061849594116211 0.005888223648071289 106517 707716
0.11100888252258301 0.005551815032958984 108839 706931
0.10781145095825195 0.0062084197998046875 105902 707985
0.10444831848144531 0.0062580108642578125 103966 708583
0.11394882202148438 0.005364418029785156 103053 708911
0.10274434089660645 0.00711369514465332 102035 709299
0.1111292839050293 0.006095170974731445 110203 706511
0.1042172908782959 0.00643610954284668 109496 706729
0.1132814884185791 0.00548100471496582 111101 706184
0.11081600189208984 0.005410671234130859 106396 707808
0.11115837097167969 0.006783485412597656 104342 708509
0.12002897262573242 0.006279706954956055 106527 707788
0.10898399353027344 0.007223606109619141 107038 707646
0.10543251037597656 0.0054171085357666016 105729 708089
0.10723114013671875 0.005436897277832031 105799 708046
0.10796785354614258 0.00636744499206543 100738 709780
0.1058967113494873 0.006444692611694336 104923 708343
0.10599327087402344 0.005362987518310547 102959 709030
0.1190798282623291 0.006064414978027344 106799 707749
0.10588812828063965 0.005574464797973633 104495 708485
0.10489559173583984 0.007251739501953125 106797 707709
0.1045999526977539 0.006727933883666992 101848 709422
0.10996747016906738 0.0054814815521240234 108367 707209
0.10677886009216309 0.0066220760345458984 108641 707082
