0.23703575134277344 0.011641740798950195 417782 348237
0.24303960800170898 0.01108241081237793 418783 347721
0.24910736083984375 0.010977983474731445 418435 347806
0.23591303825378418 0.011250734329223633 418805 347703
0.23297762870788574 0.01235198974609375 419711 349425
0.23959803581237793 0.012603282928466797 419652 349405
0.24139070510864258 0.011793375015258789 420341 349052
0.24360132217407227 0.012935876846313477 419413 349504
0.23743915557861328 0.012285709381103516 419241 349301
0.2461552619934082 0.01270294189453125 419874 348850
0.2355813980102539 0.012871980667114258 419408 349063
0.23914051055908203 0.012794971466064453 419474 348985
0.23603248596191406 0.011094808578491211 419549 349516
0.2490847110748291 0.01238560676574707 418944 350349
0.2387096881866455 0.013143301010131836 397463 371962
0.24553155899047852 0.013702630996704102 420162 349608
0.23625850677490234 0.011427640914916992 419707 349748
0.2457902431488037 0.012973546981811523 420174 349494
0.23031258583068848 0.01072382926940918 398704 371231
0.24074411392211914 0.012077808380126953 420465 348950
0.2389814853668213 0.012421369552612305 420936 348675
0.2450559139251709 0.011972427368164062 420752 348547
0.23863458633422852 0.014146804809570312 420392 348176
0.24026751518249512 0.012670755386352539 420638 347827
0.2422804832458496 0.01234126091003418 421141 347537
0.23935842514038086 0.012515068054199219 421047 347903
0.23694300651550293 0.012117147445678711 421317 347962
0.23465228080749512 0.01122736930847168 421516 348260
0.24692773818969727 0.012853860855102539 421270 348243
0.23658275604248047 0.012378454208374023 421538 348125
0.23697686195373535 0.012423515319824219 421246 348034
0.2395169734954834 0.013317346572875977 421592 347879
0.2335360050201416 0.011794567108154297 421873 347998
0.24146556854248047 0.01237940788269043 421337 347898
0.23309731483459473 0.01159214973449707 421775 347660
0.24366426467895508 0.011101961135864258 422155 347432
0.23578429222106934 0.011671066284179688 421680 347345
0.24279475212097168 0.012176275253295898 420937 347181
0.24897122383117676 0.011231184005737305 421226 347145
0.2362062931060791 0.012753963470458984 420373 347531
0.23716497421264648 0.011910438537597656 420973 347481
0.2518022060394287 0.013313055038452148 421411 346748
0.2501075267791748 0.012655496597290039 421105 347239
0.23381876945495605 0.012411117553710938 421459 346861
0.2393932342529297 0.011648893356323242 400804 368353
0.24452900886535645 0.011744499206542969 422495 346613
0.23613357543945312 0.011682510375976562 422827 346479
0.24348711967468262 0.012463569641113281 422963 346026
0.2338111400604248 0.01108860969543457 422186 346938
0.24422168731689453 0.012181758880615234 422552 346319
0.2390766143798828 0.013165712356567383 422541 346084
0.24109935760498047 0.013153314590454102 421664 346515
0.24054932594299316 0.012336254119873047 421129 347060
0.24022483825683594 0.012396574020385742 422141 346921
0.23867297172546387 0.014325857162475586 421911 346724
0.2407379150390625 0.011037826538085938 422446 346688
0.24411797523498535 0.0119781494140625 423337 346480
0.23724722862243652 0.012304544448852539 422484 347518
0.2409515380859375 0.012053489685058594 421945 347247
0.24110984802246094 0.011071920394897461 422847 346883
0.23680782318115234 0.012163400650024414 421741 346754
0.238236665725708 0.011179924011230469 421315 346642
0.23576784133911133 0.011483192443847656 421920 346757
0.25082874298095703 0.011443138122558594 420761 347306
0.24077582359313965 0.012845516204833984 420580 346838
0.2415621280670166 0.012361526489257812 420942 346696
0.24089503288269043 0.01227116584777832 420564 346580
0.23635292053222656 0.012667417526245117 419922 346571
0.2398056983947754 0.012904167175292969 419765 346747
0.24226999282836914 0.011421918869018555 419028 346436
0.24462413787841797 0.011016607284545898 419354 346527
0.23776578903198242 0.012758016586303711 419727 346385
0.23990988731384277 0.012302875518798828 418822 346832
0.2358701229095459 0.013248205184936523 419029 346661
0.22362756729125977 0.012522459030151367 397403 368919
0.23571443557739258 0.012748003005981445 418866 346996
0.23630237579345703 0.012454986572265625 419369 346969
0.24257588386535645 0.0120849609375 419126 346925
0.23726201057434082 0.013307809829711914 418895 347054
0.23922276496887207 0.011666059494018555 418800 347082
0.24001502990722656 0.012733221054077148 419233 347302
0.2393050193786621 0.012709617614746094 421746 345515
0.23522067070007324 0.011504411697387695 420261 346253
0.24524927139282227 0.011269330978393555 420128 346389
0.24995827674865723 0.013478994369506836 420074 350340
0.22957158088684082 0.012928962707519531 420107 349483
0.24302458763122559 0.012077808380126953 420667 349029
0.23783278465270996 0.012542963027954102 419705 349433
0.23441219329833984 0.011973142623901367 419947 349564
0.2401869297027588 0.012909412384033203 420644 348875
0.23462128639221191 0.011009693145751953 419914 349002
0.24352526664733887 0.01113128662109375 420408 348465
0.2315986156463623 0.011646270751953125 420834 348221
0.24294734001159668 0.011034250259399414 420681 347990
0.23108649253845215 0.011127471923828125 420318 348796
0.23540139198303223 0.013003349304199219 421822 348197
0.2223680019378662 0.011881828308105469 399643 370836
0.23402786254882812 0.012381315231323242 421977 348432
0.2320089340209961 0.014890909194946289 422639 348299
0.24944162368774414 0.012668371200561523 422479 348437
0.23735475540161133 0.012398719787597656 422109 348686
0.2323009967803955 0.012148380279541016 422914 347973
0.23474621772766113 0.012462377548217773 421728 348854
0.23441004753112793 0.011170148849487305 421762 348475
0.23431015014648438 0.012937307357788086 421988 348179
0.2322990894317627 0.012101411819458008 420837 349393
0.24245429039001465 0.012105226516723633 421622 349054
0.23710370063781738 0.012121200561523438 422162 348828
0.2389075756072998 0.01183629035949707 421216 349218
0.24490809440612793 0.011112451553344727 420943 349195
0.23583436012268066 0.011959314346313477 421286 349373
0.23482966423034668 0.012278079986572266 420886 349570
0.24504327774047852 0.011092424392700195 420818 350063
0.24086308479309082 0.012705802917480469 421009 350233
0.24152135848999023 0.013119935989379883 420926 349698
0.23158669471740723 0.012540578842163086 421575 349454
0.24215316772460938 0.010966300964355469 422085 348956
0.23337817192077637 0.011990547180175781 421037 349300
0.23153066635131836 0.011164665222167969 421564 348914
0.23255586624145508 0.011265993118286133 421896 348454
0.2474687099456787 0.011629104614257812 420986 348520
0.2517702579498291 0.011512041091918945 421265 348382
0.23887848854064941 0.01239466667175293 422408 347750
0.23843717575073242 0.012726783752441406 421814 348596
0.24320363998413086 0.012085914611816406 421714 348400
0.23608803749084473 0.012927532196044922 422921 347704
0.22538304328918457 0.010762691497802734 400539 370145
0.2360849380493164 0.012238264083862305 422785 347774
0.23097777366638184 0.011778593063354492 401384 370103
0.23269391059875488 0.012088298797607422 400126 370498
0.25352048873901367 0.012349367141723633 423408 347856
0.23506402969360352 0.012439250946044922 423933 347326
0.2240593433380127 0.01187443733215332 401737 370147
0.2398688793182373 0.01211094856262207 423593 347686
0.24834823608398438 0.013620138168334961 425088 346600
0.24062275886535645 0.01277923583984375 424311 346824
0.2400805950164795 0.013239145278930664 424471 347004
0.24509644508361816 0.01116633415222168 425833 346366
0.24123477935791016 0.012132883071899414 424852 347079
0.23449206352233887 0.011143207550048828 425137 347007
0.2396998405456543 0.012723207473754883 426667 346417
0.23253369331359863 0.012085437774658203 425212 346898
0.24132227897644043 0.013253927230834961 425653 346353
0.23655223846435547 0.012593269348144531 426153 346082
0.24135208129882812 0.012961387634277344 425285 347023
0.23503589630126953 0.012928485870361328 425781 346031
0.24532294273376465 0.011763572692871094 426286 345832
0.2381606101989746 0.012361288070678711 426185 346134
0.2448582649230957 0.011222124099731445 425892 346170
0.24566268920898438 0.011533737182617188 427053 345045
0.23898077011108398 0.011209249496459961 425715 346077
0.2435746192932129 0.01342153549194336 425526 345477
0.2396869659423828 0.011184453964233398 426949 344829
0.238189697265625 0.012427568435668945 426217 345167
0.2437574863433838 0.012912750244140625 426967 345095
0.24088001251220703 0.012698173522949219 427321 344245
0.23007535934448242 0.01106715202331543 404816 367194
0.2464134693145752 0.012140035629272461 426992 344540
0.2449202537536621 0.012639284133911133 427814 344068
0.22246813774108887 0.012232065200805664 404607 366765
0.2323293685913086 0.012498855590820312 405061 366817
0.22889184951782227 0.012999296188354492 406029 365619
0.23065590858459473 0.012546062469482422 403986 366697
0.23796772956848145 0.014036417007446289 425913 344584
0.24261140823364258 0.012233495712280273 430751 341956
0.24718642234802246 0.013407468795776367 428403 343127
0.22586536407470703 0.012408971786499023 406010 365578
0.2412106990814209 0.011767864227294922 429534 342951
0.23611092567443848 0.011066436767578125 427662 344055
0.24002289772033691 0.012659549713134766 428635 343446
0.24262666702270508 0.015342950820922852 429990 343412
0.2409358024597168 0.012967586517333984 428719 344216
0.24750113487243652 0.012932062149047852 428684 344521
0.24402976036071777 0.012068033218383789 429488 344046
0.2534353733062744 0.013144969940185547 428643 344004
0.2376716136932373 0.012295246124267578 428581 343903
0.23938846588134766 0.012392759323120117 428838 343341
0.2440176010131836 0.01285099983215332 427491 343900
0.24324488639831543 0.011975765228271484 427638 343836
0.24654245376586914 0.013367176055908203 428526 343499
0.23700809478759766 0.012267827987670898 426400 344257
0.2345411777496338 0.011197805404663086 425907 344556
0.24096250534057617 0.013257503509521484 426992 344254
0.24386191368103027 0.012071847915649414 425019 345235
0.24526143074035645 0.01123952865600586 425810 344939
0.25116872787475586 0.013730287551879883 427211 344145
0.2346663475036621 0.010816335678100586 404430 366964
0.24322032928466797 0.013516426086425781 426078 344998
0.23990964889526367 0.013323068618774414 426720 344748
0.24066162109375 0.01275014877319336 425642 344695
0.23821473121643066 0.01251530647277832 425415 345278
0.24271202087402344 0.012466907501220703 426236 344571
0.23720288276672363 0.012594938278198242 425097 345473
0.2539496421813965 0.013171911239624023 424899 345131
0.2514634132385254 0.011152267456054688 425701 344773
0.2376108169555664 0.01322174072265625 424383 345159
0.23943567276000977 0.012650489807128906 424248 344633
0.2409055233001709 0.013018369674682617 424699 345117
0.24103856086730957 0.011203527450561523 422474 346114
0.23450183868408203 0.011541366577148438 422952 345661
0.23952221870422363 0.012399435043334961 410552 358053
0.23446011543273926 0.012394905090332031 410144 357030
0.21360015869140625 0.011915206909179688 386982 380625
0.2284407615661621 0.012777090072631836 386962 381070
0.22275805473327637 0.011595964431762695 387756 380603
0.21764302253723145 0.011900901794433594 388635 380251
0.2204430103302002 0.011855602264404297 388233 380084
0.2225651741027832 0.012338638305664062 388419 380433
0.23200464248657227 0.011118650436401367 412651 356592
0.22995829582214355 0.011397600173950195 412191 356794
0.2187976837158203 0.012137413024902344 388492 380508
0.21565675735473633 0.01111912727355957 388686 380348
0.23644566535949707 0.012325286865234375 411265 357352
0.21610164642333984 0.012095451354980469 387892 380574
0.2202601432800293 0.010630130767822266 387765 380426
0.21751713752746582 0.012436866760253906 387476 380514
0.21780848503112793 0.012178659439086914 387821 380666
0.21477055549621582 0.01140737533569336 389004 380565
0.2217695713043213 0.01194310188293457 389135 380443
0.21518635749816895 0.011393547058105469 389412 380602
0.21744680404663086 0.011406421661376953 389966 379504
0.21706414222717285 0.011884689331054688 389318 380189
0.22000575065612793 0.011725187301635742 389610 379906
0.21611976623535156 0.01083993911743164 389978 379539
0.21999692916870117 0.012487173080444336 389467 380176
0.2238321304321289 0.012119770050048828 389316 380022
0.2220308780670166 0.010982513427734375 389586 379721
0.22905731201171875 0.012101173400878906 389325 380115
0.217529296875 0.011265993118286133 389686 379747
0.22596192359924316 0.011386632919311523 389219 379617
0.22154736518859863 0.011617898941040039 388604 379639
0.21334600448608398 0.011524200439453125 388309 379986
0.22229433059692383 0.012729406356811523 388918 379864
0.22737765312194824 0.012296438217163086 388878 380019
0.21553707122802734 0.011885881423950195 389484 379842
0.21408295631408691 0.012248039245605469 390109 379161
0.21451783180236816 0.015221834182739258 388997 379832
0.22347736358642578 0.012274503707885742 389012 380166
0.2283463478088379 0.012003421783447266 389272 379956
0.22619891166687012 0.011699438095092773 388680 380194
0.2231442928314209 0.011971712112426758 388198 380760
0.2180330753326416 0.010727643966674805 388651 380042
0.21410369873046875 0.012351036071777344 388166 380757
0.21292924880981445 0.011793851852416992 387919 380675
0.22693967819213867 0.012105464935302734 411191 357212
0.215850830078125 0.011601686477661133 386675 381350
0.21657562255859375 0.010454416275024414 387100 381337
0.2267303466796875 0.011565208435058594 388206 381014
0.21336793899536133 0.011711359024047852 387642 380851
0.22320318222045898 0.01073598861694336 387755 380986
0.21798944473266602 0.011677742004394531 388240 380654
0.2346665859222412 0.012860774993896484 410786 357779
0.23970651626586914 0.014091968536376953 410575 357842
0.23382997512817383 0.012000799179077148 411508 357151
0.22844219207763672 0.012545347213745117 411020 357390
0.2354576587677002 0.01200413703918457 410821 357651
0.23669695854187012 0.012782812118530273 411949 356937
0.22002220153808594 0.012861490249633789 388352 379977
0.21793460845947266 0.011867761611938477 387557 380042
0.21277356147766113 0.010628461837768555 387962 380125
0.22563409805297852 0.011843442916870117 387049 380651
0.21813106536865234 0.01199197769165039 386891 380532
0.22783231735229492 0.011374950408935547 411001 357029
0.22603631019592285 0.012134552001953125 409895 357728
0.2296583652496338 0.01132345199584961 410402 357398
0.23654913902282715 0.01190638542175293 411237 357188
0.23647260665893555 0.0123291015625 410710 357534
0.2292492389678955 0.011992692947387695 410871 357020
0.23067808151245117 0.011092662811279297 411205 356923
0.2311689853668213 0.010927677154541016 410136 357377
0.23878097534179688 0.01099395751953125 410013 357605
0.22658753395080566 0.01213216781616211 410378 357731
0.2316422462463379 0.015276432037353516 409829 357942
0.23224568367004395 0.013031482696533203 409919 358841
0.23909950256347656 0.012432098388671875 409467 359228
0.22582793235778809 0.012298107147216797 409449 359028
0.2317352294921875 0.011021852493286133 410511 358429
0.22402358055114746 0.012602806091308594 409888 359024
0.22405219078063965 0.011677026748657227 410618 358335
0.23024511337280273 0.011048316955566406 411165 358210
0.23012733459472656 0.012491464614868164 410860 358583
0.23927807807922363 0.012329578399658203 410907 358322
0.22474384307861328 0.012009620666503906 411625 357709
0.23104000091552734 0.01221919059753418 410911 357810
0.2259232997894287 0.012174129486083984 411641 357759
0.22716975212097168 0.012339353561401367 411870 357910
0.22841310501098633 0.012264490127563477 411147 358260
0.22960734367370605 0.013952016830444336 410914 358427
0.2228841781616211 0.01147603988647461 387793 381541
0.21928882598876953 0.011765003204345703 386768 382270
0.23533272743225098 0.013820171356201172 410117 358834
0.21553277969360352 0.010748863220214844 387443 381458
0.22236227989196777 0.011813163757324219 386345 381777
0.2177741527557373 0.011760950088500977 386031 382134
0.22131943702697754 0.011652708053588867 386403 381625
0.21971845626831055 0.011597156524658203 387264 381634
0.2220158576965332 0.01149439811706543 387395 381749
0.215073823928833 0.01109766960144043 388540 381121
0.2330031394958496 0.012768745422363281 411400 358202
0.22078394889831543 0.012537956237792969 388287 381530
0.2142801284790039 0.010927915573120117 389065 380708
0.23499298095703125 0.012389898300170898 411504 357906
0.21325397491455078 0.010688304901123047 387684 381783
0.2309117317199707 0.012549161911010742 411728 357966
0.23139214515686035 0.012618064880371094 411514 358179
0.22898125648498535 0.01159048080444336 411075 358578
0.24232077598571777 0.013796091079711914 411795 357817
0.2411351203918457 0.012290716171264648 410874 358261
0.23305845260620117 0.01227712631225586 410593 358278
0.22664284706115723 0.01225733757019043 410674 358231
0.2193763256072998 0.011706113815307617 386913 381861
0.22113776206970215 0.013091802597045898 387064 381711
0.22164011001586914 0.011688470840454102 387874 381343
0.23429226875305176 0.012001514434814453 411298 358324
0.22748303413391113 0.011953115463256836 411176 358414
0.23223018646240234 0.011090755462646484 412074 358196
0.2370293140411377 0.012725591659545898 411044 358217
0.2153339385986328 0.010728836059570312 387947 381617
0.22887420654296875 0.0114898681640625 411811 357945
0.22526788711547852 0.012239456176757812 387611 382029
0.21628212928771973 0.011828422546386719 387526 381851
0.22008728981018066 0.010950565338134766 387498 381961
0.21729326248168945 0.011905193328857422 387710 381962
0.23133087158203125 0.012076139450073242 410884 358871
0.22968316078186035 0.011954784393310547 410981 358836
0.23378610610961914 0.011134862899780273 409474 359748
0.2214205265045166 0.011560201644897461 385464 383225
0.23552703857421875 0.011976480484008789 409585 360087
0.2366647720336914 0.013148784637451172 409443 359867
0.22612333297729492 0.011674165725708008 386228 382798
0.2353367805480957 0.012233972549438477 409411 359970
0.23405957221984863 0.012385845184326172 409562 359524
0.21866393089294434 0.011680364608764648 386209 382850
0.22655034065246582 0.012258529663085938 410331 359058
0.22978615760803223 0.011332273483276367 409539 359277
0.23799490928649902 0.01216888427734375 409898 359359
0.2386000156402588 0.01300048828125 410744 358460
0.24112677574157715 0.011795282363891602 410118 358576
0.22837233543395996 0.012210607528686523 409781 358809
0.23893380165100098 0.013019561767578125 410901 357952
0.2317512035369873 0.012174606323242188 410263 358761
0.23656535148620605 0.011829376220703125 410350 358770
0.2270801067352295 0.011927127838134766 410280 358471
0.22895574569702148 0.012357711791992188 409561 359030
0.2337498664855957 0.010930061340332031 410015 358361
0.2388467788696289 0.012205123901367188 410565 358504
0.23237872123718262 0.011919498443603516 409877 359217
0.23145413398742676 0.011970996856689453 410041 358572
0.23003840446472168 0.01104116439819336 410185 358028
0.23153018951416016 0.010993480682373047 409611 358662
0.2310776710510254 0.011305570602416992 409410 358780
0.2353358268737793 0.013436317443847656 409292 358800
0.23341012001037598 0.01134037971496582 409219 359446
0.2354588508605957 0.011983394622802734 409037 359561
0.23908686637878418 0.013254165649414062 409159 358917
0.2410719394683838 0.013384580612182617 408729 359072
0.22844219207763672 0.012954950332641602 408381 359228
0.2275679111480713 0.010945558547973633 408504 359147
0.2252044677734375 0.012131690979003906 407623 359264
0.21946120262145996 0.012192249298095703 384780 382303
0.23569202423095703 0.013211250305175781 407944 359181
0.2282559871673584 0.011416912078857422 407748 359278
0.22824311256408691 0.01058506965637207 384312 382313
0.2359919548034668 0.010955333709716797 411971 355978
0.23225736618041992 0.011747121810913086 411401 356275
0.21547245979309082 0.011107444763183594 388644 379826
0.21790552139282227 0.011880874633789062 389687 378876
0.22176742553710938 0.013313531875610352 388953 379274
0.24169611930847168 0.011929750442504883 411614 355797
0.23402714729309082 0.01130366325378418 411476 355526
0.22822928428649902 0.011722803115844727 410217 355873
0.23227143287658691 0.010944128036499023 409389 355836
0.23082804679870605 0.011059761047363281 410846 354831
0.2272176742553711 0.012149572372436523 410189 355525
0.23180222511291504 0.011152982711791992 411248 355014
0.22297954559326172 0.012473583221435547 389637 377427
0.21476173400878906 0.011795997619628906 389928 377587
0.23820114135742188 0.012537240982055664 413017 353924
0.24083209037780762 0.012003183364868164 414319 353820
0.21598196029663086 0.01178884506225586 389777 377907
0.23768401145935059 0.012240171432495117 413062 353862
0.23994946479797363 0.013605833053588867 413158 353528
0.23958611488342285 0.012209892272949219 412719 354001
0.2357957363128662 0.01248788833618164 412736 353967
0.23037409782409668 0.011309146881103516 413925 353327
0.23916220664978027 0.011097431182861328 413558 353742
0.22778034210205078 0.012672901153564453 390047 377456
0.2384941577911377 0.012112855911254883 414994 353371
0.23221397399902344 0.011295318603515625 413457 354105
0.2146914005279541 0.011762857437133789 389048 378321
0.23279953002929688 0.012416362762451172 413562 354734
0.23219084739685059 0.010917425155639648 411820 355613
0.2400660514831543 0.015584230422973633 411689 355549
0.23146510124206543 0.012352466583251953 411817 355602
0.23079919815063477 0.01204538345336914 410574 356195
0.2264842987060547 0.012538433074951172 410905 355990
0.21951699256896973 0.01133275032043457 387712 379564
0.237335205078125 0.013604164123535156 409926 357143
0.22739791870117188 0.011288642883300781 410111 357315
0.21644997596740723 0.012012004852294922 387054 380793
0.23345232009887695 0.011914491653442383 392918 372529
0.22206568717956543 0.011787891387939453 394818 371772
0.21583342552185059 0.010627269744873047 392445 373224
0.22949981689453125 0.01060628890991211 393244 372365
0.22975730895996094 0.011099100112915039 395154 370556
0.24634242057800293 0.012420654296875 416226 347038
0.22202229499816895 0.012799978256225586 391854 372218
0.2198173999786377 0.01072239875793457 394664 370924
0.21761107444763184 0.011322975158691406 392303 372670
0.21704721450805664 0.011641740798950195 391407 372864
0.22195124626159668 0.01307988166809082 393330 371448
0.22482562065124512 0.012740135192871094 390695 372664
0.22317957878112793 0.012032032012939453 390627 372638
0.22678494453430176 0.01151895523071289 392217 371845
0.22214007377624512 0.010602235794067383 387997 373725
0.21570730209350586 0.011435508728027344 388396 373416
0.21533942222595215 0.011693954467773438 390112 372281
0.2199711799621582 0.012762308120727539 387901 373321
0.22268891334533691 0.011639118194580078 388257 373217
0.22708892822265625 0.011397600173950195 389739 371843
0.2146010398864746 0.010675430297851562 388136 373703
0.23333334922790527 0.011865615844726562 389053 372684
0.21790862083435059 0.010625839233398438 391621 370724
0.22137904167175293 0.012227296829223633 387825 373134
0.21868395805358887 0.012187480926513672 388699 372740
0.22646784782409668 0.013048410415649414 390615 370898
0.21637988090515137 0.01098179817199707 388506 371906
0.2219240665435791 0.012572050094604492 387981 372691
0.21873068809509277 0.01133584976196289 389756 371572
0.22508692741394043 0.011978626251220703 388349 372217
0.21569466590881348 0.01171875 388986 372172
0.22077250480651855 0.011998176574707031 390322 371188
0.22971439361572266 0.010917425155639648 390023 371449
0.21674442291259766 0.01057291030883789 390352 370911
0.2263350486755371 0.010596990585327148 391736 370423
0.2234041690826416 0.0117645263671875 390225 371746
0.22385621070861816 0.010536670684814453 390316 371426
0.21969270706176758 0.01338815689086914 392579 370224
0.21697235107421875 0.011127233505249023 389652 371228
0.21734976768493652 0.011091470718383789 389688 371131
0.21934151649475098 0.010717153549194336 392402 369418
0.22706103324890137 0.010619878768920898 389956 370990
0.23582220077514648 0.010684728622436523 390402 370737
0.2289581298828125 0.011460542678833008 392713 369767
0.21615362167358398 0.011965274810791016 389466 371593
0.2281951904296875 0.010936260223388672 390319 370740
0.2219083309173584 0.012215375900268555 392137 369462
0.224931001663208 0.012180805206298828 390605 370573
0.23025798797607422 0.011131048202514648 390485 370766
0.228926420211792 0.01270604133605957 392953 369433
0.22632122039794922 0.011810064315795898 390437 371145
0.21735715866088867 0.01229095458984375 391373 370874
0.2321794033050537 0.011258602142333984 392276 370352
0.22141146659851074 0.011738061904907227 390243 371468
0.22471833229064941 0.011803627014160156 390251 371435
0.2249901294708252 0.010645389556884766 391429 370909
0.2227466106414795 0.012137651443481445 389408 372310
0.22208714485168457 0.011844635009765625 389626 371673
0.21982955932617188 0.011264324188232422 391034 371031
0.21771764755249023 0.010878324508666992 389084 371687
0.2177591323852539 0.010707616806030273 389736 371719
0.22238636016845703 0.012589216232299805 391753 370078
0.21671533584594727 0.010689973831176758 390164 371316
0.22250890731811523 0.011763334274291992 389993 371626
0.218458890914917 0.012140274047851562 391551 370671
0.2351996898651123 0.012616634368896484 389847 371502
0.22024154663085938 0.012433528900146484 390200 371408
0.21979689598083496 0.011887788772583008 391370 370444
0.2174851894378662 0.010679006576538086 389747 371765
0.23113393783569336 0.011631250381469727 390476 370798
0.2191605567932129 0.011906623840332031 391349 370055
0.2244408130645752 0.011239290237426758 389402 371954
0.23395729064941406 0.011013269424438477 389194 371553
0.22243618965148926 0.011482954025268555 391664 369863
0.23493742942810059 0.012067079544067383 389648 371192
0.22603082656860352 0.011582612991333008 390093 370523
0.2209179401397705 0.010697126388549805 391187 370101
0.2246699333190918 0.011218070983886719 388785 371809
0.2213456630706787 0.0107574462890625 389479 370828
0.21880388259887695 0.010703325271606445 390517 370520
0.22256708145141602 0.011859655380249023 389144 371599
0.21763134002685547 0.011849641799926758 388776 371492
0.22956252098083496 0.011953353881835938 389541 370723
0.23554658889770508 0.012766838073730469 387547 371444
0.22310876846313477 0.013022661209106445 388203 371796
0.22921299934387207 0.011898040771484375 388916 370704
0.22462677955627441 0.012436151504516602 387015 371836
0.22508859634399414 0.011592388153076172 386938 371542
0.2157456874847412 0.011266708374023438 388641 370721
0.22434020042419434 0.011551618576049805 386508 371843
0.22855710983276367 0.015579462051391602 385893 371748
0.22189545631408691 0.012229442596435547 387476 370689
0.24825000762939453 0.011006832122802734 409800 346286
0.2306375503540039 0.011156320571899414 409672 346092
0.2357463836669922 0.012586355209350586 410719 344955
0.24166250228881836 0.012980222702026367 408001 346536
0.216416597366333 0.011931657791137695 384549 371664
0.2184598445892334 0.012061595916748047 385476 370964
0.21319842338562012 0.011356592178344727 383294 372555
0.2187192440032959 0.010743856430053711 383370 372756
0.21644973754882812 0.010616779327392578 384959 371335
0.23358535766601562 0.010741233825683594 383727 372096
0.22053766250610352 0.012968063354492188 383680 371916
0.2270188331604004 0.011194944381713867 384197 371146
0.2140645980834961 0.011483192443847656 381993 372360
0.21662688255310059 0.010780572891235352 381502 372334
0.2304234504699707 0.012228012084960938 406996 345633
0.2357017993927002 0.011002063751220703 406304 346142
0.23102283477783203 0.012383222579956055 406352 346391
0.2296147346496582 0.011837959289550781 383251 371840
0.21912813186645508 0.012221813201904297 382023 372451
0.21641135215759277 0.011064767837524414 382574 372282
0.22660541534423828 0.013386726379394531 383204 371860
0.21843218803405762 0.010703325271606445 381673 373125
0.21739697456359863 0.013181209564208984 381588 372559
0.22289061546325684 0.012740373611450195 383298 371626
0.2209033966064453 0.011546850204467773 381243 372773
0.21596217155456543 0.012117862701416016 381472 372883
0.2350468635559082 0.01269984245300293 406548 346258
0.23317694664001465 0.010904312133789062 381045 372818
0.2198352813720703 0.011838436126708984 380934 372903
0.22536540031433105 0.011731386184692383 382130 372637
0.21440577507019043 0.01190495491027832 380153 373722
0.2172391414642334 0.012593507766723633 380179 373770
0.21797680854797363 0.011911630630493164 381436 372893
0.21310138702392578 0.011566162109375 379374 373945
0.22033286094665527 0.012390851974487305 380232 372897
0.2150428295135498 0.010754823684692383 381486 372760
0.21852517127990723 0.012404441833496094 377844 375050
0.2227799892425537 0.012247800827026367 378147 374661
0.22332549095153809 0.011154413223266602 379348 374314
0.21625137329101562 0.01177215576171875 378026 374890
0.22660207748413086 0.012495756149291992 378004 374435
0.22528076171875 0.012142419815063477 379209 373655
0.22502994537353516 0.012044429779052734 378009 374532
0.23063397407531738 0.012073278427124023 402413 348555
0.21488380432128906 0.012553215026855469 378463 374152
0.21903109550476074 0.011465787887573242 378160 374637
0.2334587574005127 0.010959148406982422 404229 348603
0.21306204795837402 0.011282205581665039 381447 373713
0.21854877471923828 0.01268148422241211 379600 374552
0.2241077423095703 0.010727167129516602 379944 374695
0.21571040153503418 0.010655641555786133 380929 373572
0.21727275848388672 0.011003732681274414 379881 374198
0.22599029541015625 0.010695457458496094 379381 374396
0.21094202995300293 0.011669397354125977 380961 373144
0.23012042045593262 0.010775089263916016 404125 348110
0.23377466201782227 0.011185407638549805 403609 348227
0.24265551567077637 0.012424945831298828 405187 348567
0.2368488311767578 0.012011289596557617 404803 348572
0.23726487159729004 0.012462139129638672 405713 347662
0.22701573371887207 0.011586666107177734 404549 348377
0.23001646995544434 0.011213541030883789 405411 347887
0.22754859924316406 0.012082815170288086 406879 346844
0.23117685317993164 0.012920856475830078 405366 347754
0.2152254581451416 0.011656761169433594 381165 373454
0.22210383415222168 0.01288747787475586 382310 372891
0.21528315544128418 0.011449575424194336 380577 374038
0.21861004829406738 0.012263059616088867 385794 374011
0.22271728515625 0.01302337646484375 385128 374643
0.2182319164276123 0.011283397674560547 385078 374779
0.22537899017333984 0.011765241622924805 385884 373986
0.21923375129699707 0.011863231658935547 384628 374846
0.2224442958831787 0.012523412704467773 384197 375499
0.2164440155029297 0.012870073318481445 385247 374466
0.21881437301635742 0.011134862899780273 384056 374703
0.21698546409606934 0.012182235717773438 384296 374419
0.22187304496765137 0.01229238510131836 385760 373208
0.2246532440185547 0.014760017395019531 383680 374284
0.2234032154083252 0.011672019958496094 383579 374322
0.22263360023498535 0.013450860977172852 384849 373516
0.21710824966430664 0.012150764465332031 382978 375005
0.21448850631713867 0.01070547103881836 382892 374273
0.21831250190734863 0.011673688888549805 383614 373259
0.22472763061523438 0.012644290924072266 382019 373926
0.21803665161132812 0.010638713836669922 382629 373424
0.21802616119384766 0.011508941650390625 382911 372736
0.21701526641845703 0.01190185546875 381598 373839
0.21941733360290527 0.011352062225341797 382098 373342
0.23201370239257812 0.010552406311035156 383379 372882
0.22019696235656738 0.010381937026977539 382029 374289
0.22992801666259766 0.012174367904663086 382275 374097
0.2228527069091797 0.011742591857910156 384546 372404
0.21605157852172852 0.011945247650146484 383182 373073
0.21429800987243652 0.011434078216552734 383537 373185
0.23234009742736816 0.011034011840820312 409569 346101
0.23224997520446777 0.011899709701538086 407542 347207
0.23311424255371094 0.010881900787353516 407733 347537
0.23392415046691895 0.01635265350341797 409494 346649
0.2169785499572754 0.010967016220092773 384578 373186
0.22274994850158691 0.011156082153320312 384692 372853
0.21874761581420898 0.013025999069213867 386138 371466
0.22490310668945312 0.010659217834472656 384885 373063
0.21846508979797363 0.01214289665222168 385326 372966
0.21717071533203125 0.011180877685546875 386908 372033
0.21794772148132324 0.011028528213500977 385241 373383
0.21473312377929688 0.011008501052856445 384876 373420
0.21657109260559082 0.011629104614257812 387089 372750
0.22011470794677734 0.011721134185791016 385598 374045
0.22681617736816406 0.014312744140625 385320 373415
0.2146008014678955 0.01108860969543457 386981 372579
0.2262554168701172 0.01176142692565918 385139 373723
0.21558046340942383 0.011131763458251953 385372 373578
0.22264719009399414 0.012219667434692383 387023 372401
0.23366427421569824 0.012707710266113281 426192 352861
0.24858570098876953 0.012350797653198242 425393 353475
0.2338581085205078 0.011473417282104492 425843 353570
0.2443084716796875 0.013943672180175781 426500 352768
0.23923468589782715 0.012679100036621094 425836 353396
0.23522591590881348 0.011350393295288086 425306 353696
0.24037933349609375 0.011228084564208984 427073 352744
0.23927855491638184 0.012453317642211914 425784 353807
0.2425680160522461 0.013625383377075195 425561 353831
0.2409965991973877 0.012135505676269531 426587 353380
0.23794221878051758 0.011986970901489258 425584 354439
0.24714136123657227 0.012205839157104492 425460 354211
0.24367427825927734 0.013001680374145508 426731 353635
0.24900579452514648 0.013213634490966797 425471 354657
0.24494695663452148 0.011906623840332031 425999 354200
0.24569320678710938 0.012871026992797852 427300 353886
0.23632049560546875 0.011395454406738281 426137 354817
0.2368001937866211 0.012412548065185547 425633 355335
0.23941874504089355 0.012914657592773438 403796 377616
0.23465442657470703 0.011230707168579102 426206 354821
0.24106431007385254 0.01186060905456543 426351 354991
0.2400658130645752 0.01217508316040039 427750 354436
0.24078726768493652 0.013336181640625 426723 355282
0.23473501205444336 0.011508703231811523 425740 355410
0.23448586463928223 0.012215137481689453 428385 354307
0.24132609367370605 0.012771129608154297 427430 354815
0.24370288848876953 0.01165771484375 427913 354794
0.24588704109191895 0.012510538101196289 430424 352849
0.22615599632263184 0.011717081069946289 406582 377017
0.24410033226013184 0.011923789978027344 429889 354039
0.2487938404083252 0.011844158172607422 431978 352390
0.24120497703552246 0.012186050415039062 430832 352939
0.24302363395690918 0.012405872344970703 430769 352768
0.24294209480285645 0.011841773986816406 431737 352326
0.2554311752319336 0.013185501098632812 431115 352713
0.2421402931213379 0.012710094451904297 431792 351757
0.24504804611206055 0.011913537979125977 432439 351441
0.24156904220581055 0.012604951858520508 430865 352050
0.23731613159179688 0.012428522109985352 430540 351993
0.25718212127685547 0.011578083038330078 431309 351805
0.24160981178283691 0.01234126091003418 430752 352135
0.24668192863464355 0.012731790542602539 430554 351542
0.23700189590454102 0.011278629302978516 431847 350198
0.23980975151062012 0.012692689895629883 430929 350709
0.24100565910339355 0.01149296760559082 431484 350242
0.23818278312683105 0.012363433837890625 433069 349334
0.24298453330993652 0.012938499450683594 431687 350573
0.23956561088562012 0.012334108352661133 431978 349981
0.23965716361999512 0.012638330459594727 411023 371760
0.24011802673339844 0.012151718139648438 432549 349250
0.23848533630371094 0.012269258499145508 432429 349220
0.24720978736877441 0.012023448944091797 433503 348416
0.2494039535522461 0.01122426986694336 432713 348577
0.25153589248657227 0.013414859771728516 432307 348460
0.23898100852966309 0.012449264526367188 434070 347821
0.2515230178833008 0.012293815612792969 433277 347711
0.25545549392700195 0.01275324821472168 433948 347206
0.24054408073425293 0.012691259384155273 434889 346547
0.24068665504455566 0.011731386184692383 410805 370692
0.2492389678955078 0.01305699348449707 434432 347306
0.24771475791931152 0.012311697006225586 435741 346134
0.2482621669769287 0.013056755065917969 434264 346976
0.23949313163757324 0.012095451354980469 434350 347453
0.25301146507263184 0.012616395950317383 435800 346067
0.2522251605987549 0.011362552642822266 434073 346799
0.25420188903808594 0.013190507888793945 433947 347042
0.24508357048034668 0.012956857681274414 435352 346151
0.2545785903930664 0.01395416259765625 433945 347071
0.2394886016845703 0.012585639953613281 432998 346676
0.24658536911010742 0.01193857192993164 434765 345365
0.2505812644958496 0.011752605438232422 433465 346243
0.24167227745056152 0.012497663497924805 433656 345869
0.2563130855560303 0.01413106918334961 434543 345201
0.2404334545135498 0.012709856033325195 433147 345785
0.2529633045196533 0.01239323616027832 433270 345236
0.24557852745056152 0.011457681655883789 433919 344752
0.24460148811340332 0.01133584976196289 432021 345702
0.24758172035217285 0.011309623718261719 431990 345726
0.24401330947875977 0.011344432830810547 433353 344856
0.24460911750793457 0.012754201889038086 431135 345424
0.2457714080810547 0.012459516525268555 430519 345310
0.25303053855895996 0.014128684997558594 431255 345016
0.24161410331726074 0.0115509033203125 428742 346031
0.23937630653381348 0.012906312942504883 428405 345893
0.24391722679138184 0.013266563415527344 430054 345380
0.2367722988128662 0.011617422103881836 428744 346105
0.2535836696624756 0.012643575668334961 428915 345378
0.2547440528869629 0.012616157531738281 430468 344207
0.23313617706298828 0.012350797653198242 406520 367150
0.2436997890472412 0.012447357177734375 429167 344715
0.23647594451904297 0.012282371520996094 429512 344804
0.24235177040100098 0.011159420013427734 428853 345619
0.236220121383667 0.012456417083740234 429198 345358
0.24600648880004883 0.011209487915039062 429672 344888
0.24208688735961914 0.011337041854858398 428238 345718
0.24617314338684082 0.01124882698059082 427782 345886
0.25338006019592285 0.013386011123657227 428680 345126
0.23964452743530273 0.012303829193115234 426971 346565
0.24416184425354004 0.012517452239990234 425964 346708
0.23734712600708008 0.012437582015991211 426688 346021
0.24308466911315918 0.01317906379699707 402607 369975
0.2415928840637207 0.01366114616394043 424591 347882
0.2403273582458496 0.012262821197509766 425732 346990
0.24306058883666992 0.012300491333007812 424374 348332
0.24234294891357422 0.012430429458618164 424249 348355
0.23861479759216309 0.012415170669555664 425402 347401
0.23372602462768555 0.011190414428710938 424287 348642
0.24283742904663086 0.012617111206054688 424036 348476
0.22263693809509277 0.012194156646728516 402658 370372
0.24639129638671875 0.011654853820800781 423942 349024
0.23906302452087402 0.013429403305053711 424270 348545
0.23562932014465332 0.011266469955444336 425065 348556
0.24527573585510254 0.012115955352783203 423682 349296
0.24034881591796875 0.013896703720092773 423346 349141
0.23869657516479492 0.012156248092651367 424440 348601
0.23211121559143066 0.011548042297363281 423114 349896
0.24840044975280762 0.013155937194824219 423012 350219
0.24396276473999023 0.012977361679077148 423641 349438
0.2335047721862793 0.012334823608398438 399724 373518
0.24130797386169434 0.012895822525024414 422406 350881
0.22659659385681152 0.012357950210571289 400666 372456
0.23693442344665527 0.016104698181152344 421693 351225
0.23561429977416992 0.013475656509399414 421943 351170
0.2393653392791748 0.011843442916870117 422750 350993
0.23975896835327148 0.012167215347290039 421850 351646
0.23488593101501465 0.012351036071777344 421896 351973
0.24120783805847168 0.012598276138305664 422546 351287
0.23705792427062988 0.011263370513916016 421879 352061
0.23765826225280762 0.013277292251586914 421444 351894
0.23500370979309082 0.012930631637573242 422028 351801
0.2405712604522705 0.012433290481567383 420895 352095
0.23891806602478027 0.012082338333129883 421043 352465
0.23677563667297363 0.01215982437133789 422225 351742
0.23643279075622559 0.012059688568115234 420696 352858
0.23560428619384766 0.012332439422607422 420818 352727
0.24000024795532227 0.012458562850952148 421344 352392
0.2336750030517578 0.012400150299072266 420892 352603
0.23722004890441895 0.012798070907592773 420956 352833
0.2384495735168457 0.013019561767578125 421383 352894
0.24676918983459473 0.012640714645385742 420083 353544
0.23231124877929688 0.012055397033691406 419966 353629
0.24117398262023926 0.012668848037719727 420796 353029
0.23529958724975586 0.012440919876098633 419922 353654
0.23857450485229492 0.011922597885131836 419569 353793
0.2315206527709961 0.015100479125976562 420171 353389
0.24523520469665527 0.013712882995605469 419804 353592
0.23759841918945312 0.011312484741210938 419542 353657
0.2323610782623291 0.011063814163208008 420233 353390
0.23112773895263672 0.010727405548095703 396744 376162
0.23306727409362793 0.011749982833862305 419514 353763
0.22100615501403809 0.011804342269897461 397556 376112
0.232712984085083 0.011079072952270508 419491 353649
0.2334303855895996 0.011232376098632812 419533 354011
0.24044466018676758 0.012763023376464844 420018 353203
0.2433490753173828 0.012500286102294922 419344 354140
0.23557209968566895 0.013135433197021484 419570 353720
0.2374897003173828 0.012767314910888672 419743 353377
0.23364663124084473 0.012020111083984375 419430 354286
0.23737597465515137 0.012449264526367188 419142 354343
0.2384021282196045 0.012340784072875977 419868 353870
0.23608922958374023 0.012455463409423828 419080 354476
0.23820757865905762 0.011223316192626953 419464 354127
0.24210453033447266 0.011273622512817383 420115 353789
0.23520708084106445 0.012905120849609375 419415 354010
0.2331981658935547 0.01098322868347168 419354 354199
0.24493980407714844 0.01306462287902832 419466 353879
0.24524927139282227 0.013673067092895508 419307 354032
0.24489998817443848 0.01246023178100586 419154 354263
0.2198350429534912 0.011052608489990234 397232 376427
0.24014687538146973 0.01192927360534668 419497 353963
0.23837709426879883 0.011528968811035156 419367 353773
0.23330330848693848 0.011535167694091797 420090 353986
0.24248504638671875 0.012243509292602539 419985 354115
0.23460817337036133 0.012315034866333008 418997 354475
0.23394536972045898 0.01177072525024414 420226 353943
0.23505377769470215 0.01249384880065918 419467 354182
0.2429947853088379 0.012086153030395508 419527 354090
0.238722562789917 0.011161327362060547 420356 353987
0.2294604778289795 0.010912179946899414 397099 377090
0.24083900451660156 0.01244044303894043 419677 354104
0.23067808151245117 0.01077413558959961 397744 376833
0.24084901809692383 0.01204061508178711 419403 354634
0.23856115341186523 0.013239860534667969 419461 354212
0.24030470848083496 0.011355400085449219 419753 354089
0.23673534393310547 0.012584686279296875 419969 354244
0.2444610595703125 0.013336420059204102 419554 354615
0.23680663108825684 0.0124969482421875 420027 354189
0.24541330337524414 0.013058662414550781 419364 354687
0.24454617500305176 0.012506246566772461 419623 354328
0.23830699920654297 0.011672496795654297 420409 354143
0.23937606811523438 0.011224985122680664 420210 353899
0.24277043342590332 0.012121200561523438 420876 353345
0.24365639686584473 0.012084484100341797 421892 352206
0.2336876392364502 0.012264013290405273 421298 353154
0.2430257797241211 0.01205587387084961 421558 352958
0.2398054599761963 0.013221263885498047 421715 352889
0.23690342903137207 0.012181997299194336 421768 352248
0.23343896865844727 0.015997886657714844 421807 352268
0.24244070053100586 0.012768268585205078 421901 352151
0.24774765968322754 0.012704610824584961 421627 352275
0.23958230018615723 0.012214183807373047 433006 350157
0.24295949935913086 0.01140141487121582 433077 350428
0.24802780151367188 0.011861085891723633 432403 350800
0.24219799041748047 0.013461828231811523 432592 350848
0.2541673183441162 0.012378454208374023 433332 350675
0.24409699440002441 0.011676788330078125 432153 351153
0.24410462379455566 0.01208806037902832 432687 351060
0.23842954635620117 0.01133418083190918 432641 350904
0.24310636520385742 0.01237630844116211 431905 351309
0.2513735294342041 0.013270854949951172 432232 351578
0.23986577987670898 0.01320648193359375 431689 350582
0.24569916725158691 0.01273036003112793 431836 350566
0.24347710609436035 0.011244058609008789 432071 350393
0.24205899238586426 0.01317143440246582 432545 349914
0.24681615829467773 0.011401891708374023 432134 350171
0.23627829551696777 0.012355566024780273 432435 350267
0.24123120307922363 0.012450456619262695 433663 349273
0.2405869960784912 0.012671232223510742 432773 350191
0.24172496795654297 0.012932538986206055 432880 349893
0.24087786674499512 0.012544393539428711 433463 349089
0.23934006690979004 0.012909412384033203 433523 349413
0.2508969306945801 0.01322627067565918 432888 349314
0.24578452110290527 0.011249542236328125 433052 349512
0.23770928382873535 0.012017488479614258 432048 349931
0.24140667915344238 0.013124465942382812 432815 349666
0.24297666549682617 0.012214183807373047 433033 349437
0.24081659317016602 0.012077569961547852 432702 350071
0.24950194358825684 0.012056589126586914 433009 350164
0.23924493789672852 0.01307988166809082 433557 349734
0.24003052711486816 0.01134943962097168 432570 350071
0.24742484092712402 0.012085676193237305 432687 350047
0.24120783805847168 0.011874675750732422 432776 349735
0.250072717666626 0.011583089828491211 431670 350838
0.23724651336669922 0.013046503067016602 431965 350739
0.25826525688171387 0.012641668319702148 432539 350171
0.23737525939941406 0.01257014274597168 431763 350584
0.24056053161621094 0.012500286102294922 431384 350808
0.23667192459106445 0.011842012405395508 431426 350260
0.23708009719848633 0.012141227722167969 430507 351256
0.2415776252746582 0.012517452239990234 430097 351430
0.23937177658081055 0.01234745979309082 430242 351291
0.24631714820861816 0.013076305389404297 429419 351675
0.23680663108825684 0.01252889633178711 429179 352350
0.23615550994873047 0.012140274047851562 429351 352029
0.24135994911193848 0.011748313903808594 429232 352141
0.23305678367614746 0.012452840805053711 428773 352367
0.24386119842529297 0.012441635131835938 429728 351958
0.2411036491394043 0.012351036071777344 428652 352548
0.24224019050598145 0.011161088943481445 428426 352785
0.244002103805542 0.012497663497924805 428594 352787
0.23436784744262695 0.01240229606628418 427182 355037
0.2408440113067627 0.011456727981567383 427747 354735
0.2350296974182129 0.013118982315063477 426662 355193
0.2522542476654053 0.012978315353393555 426888 354835
0.23696327209472656 0.012592554092407227 426146 355464
0.23843860626220703 0.011791467666625977 426534 355247
0.23197293281555176 0.01225733757019043 426117 355172
0.23789381980895996 0.013113021850585938 427202 354453
0.24149012565612793 0.012767314910888672 427251 354789
0.2447500228881836 0.012466669082641602 427174 355108
0.2492232322692871 0.015405893325805664 427248 355139
0.2426586151123047 0.012284994125366211 427778 354837
0.23824810981750488 0.012643814086914062 427846 355122
0.23635125160217285 0.012337684631347656 428169 354465
0.24800539016723633 0.012460947036743164 427918 355047
0.23366832733154297 0.012034177780151367 428073 354785
0.23313045501708984 0.012206792831420898 427636 354858
0.2391958236694336 0.012906312942504883 428577 353929
0.24123930931091309 0.012979745864868164 427597 354064
0.24486756324768066 0.01217508316040039 427829 353811
0.23830556869506836 0.012471199035644531 427547 353464
0.2435626983642578 0.011646032333374023 427851 352703
0.23865008354187012 0.012683391571044922 426948 352832
0.24891996383666992 0.011168956756591797 428272 352006
0.2391834259033203 0.01162576675415039 429416 351491
0.2494046688079834 0.0126800537109375 429840 351361
0.2459545135498047 0.01274728775024414 430101 351148
0.24243378639221191 0.012285470962524414 431079 350541
0.2424159049987793 0.012521028518676758 430772 350334
0.23894309997558594 0.011453390121459961 431317 349944
0.2385711669921875 0.012308597564697266 430794 350303
0.25296664237976074 0.013473033905029297 431005 350117
0.2379014492034912 0.012259244918823242 425705 351226
0.23778820037841797 0.011291027069091797 427388 348798
0.23529648780822754 0.01307368278503418 424339 351513
0.23707294464111328 0.011207818984985352 424761 352248
0.23976659774780273 0.011078834533691406 421853 353914
0.23623156547546387 0.013153791427612305 423269 353767
0.2344045639038086 0.013457775115966797 422136 354097
0.2316904067993164 0.011260509490966797 422259 354288
0.24337005615234375 0.01129603385925293 421206 355417
0.23751091957092285 0.012725114822387695 421437 354943
0.23705768585205078 0.012299537658691406 421371 356021
0.24138379096984863 0.012394905090332031 422023 355776
0.2340257167816162 0.013598203659057617 422355 356586
0.236053466796875 0.012743949890136719 422911 355781
0.22977018356323242 0.01224660873413086 423263 356519
0.23712158203125 0.01159214973449707 423287 356725
0.2377490997314453 0.012259483337402344 423502 356471
0.25234389305114746 0.011626482009887695 423083 356845
0.2443530559539795 0.012378454208374023 422695 357029
0.23994064331054688 0.01216578483581543 423229 356517
0.23941731452941895 0.012490034103393555 423016 356516
0.23864531517028809 0.01192784309387207 423382 356742
0.24595236778259277 0.0128173828125 424213 357438
0.23817062377929688 0.012726783752441406 424754 357278
0.2344684600830078 0.01229238510131836 423605 358117
0.2365109920501709 0.012894630432128906 425038 357371
0.2366776466369629 0.011268854141235352 424688 357924
0.2353038787841797 0.011239051818847656 425456 357392
0.24080395698547363 0.011226892471313477 424949 357383
0.24040484428405762 0.012437820434570312 426225 356451
0.24195551872253418 0.012267112731933594 425348 357035
0.2403426170349121 0.012306928634643555 426162 356506
0.23268508911132812 0.011577844619750977 425757 356926
0.2397928237915039 0.01228642463684082 425527 356913
0.2378864288330078 0.013492107391357422 425296 357137
0.2435131072998047 0.012089967727661133 425849 356225
0.24040794372558594 0.012600183486938477 424786 356580
0.2405228614807129 0.012693643569946289 424318 356569
0.2509632110595703 0.011594057083129883 424611 357296
0.24302244186401367 0.011254310607910156 426127 356510
0.24083685874938965 0.012024879455566406 426447 356490
0.2389669418334961 0.011569499969482422 427473 356165
0.23927569389343262 0.012242794036865234 427256 355997
0.2353503704071045 0.014998674392700195 428808 355109
0.24805951118469238 0.012974023818969727 429041 355239
0.24258780479431152 0.012481451034545898 429260 354536
0.23852944374084473 0.012682437896728516 428756 354959
0.24181485176086426 0.011498451232910156 429915 354574
0.2386937141418457 0.012722015380859375 428596 355308
0.23804450035095215 0.013031959533691406 428586 354941
0.2365872859954834 0.01540684700012207 428181 354906
0.2453625202178955 0.012187480926513672 428027 354727
0.2543606758117676 0.013175249099731445 426885 355570
0.25075650215148926 0.011405467987060547 427698 354933
0.23581171035766602 0.012655258178710938 427384 355256
0.23871374130249023 0.012141942977905273 429034 354532
0.23708534240722656 0.012624502182006836 428307 355441
0.2402174472808838 0.012995243072509766 429007 355030
0.2370285987854004 0.012318611145019531 428880 355320
0.2420361042022705 0.012403726577758789 429963 354667
0.24425292015075684 0.012828350067138672 429739 354805
0.2424612045288086 0.013011455535888672 430231 354452
0.2372913360595703 0.01341390609741211 429720 354827
0.2423391342163086 0.013282060623168945 430431 354367
0.24215316772460938 0.011793136596679688 429037 354851
0.23747515678405762 0.012202978134155273 430034 353890
0.24657726287841797 0.01259756088256836 428676 354508
0.23941302299499512 0.01166534423828125 429292 354336
0.23735380172729492 0.013342142105102539 428878 353581
0.24245262145996094 0.012122631072998047 429312 352975
0.23813676834106445 0.012635231018066406 428907 352822
0.238084077835083 0.016267061233520508 429817 351743
0.23609375953674316 0.011643171310424805 430159 351562
0.25104427337646484 0.011510848999023438 431077 350610
0.2509498596191406 0.012708187103271484 434559 348349
0.24459218978881836 0.013024568557739258 434729 348298
0.23845624923706055 0.012231111526489258 435346 348097
0.24237799644470215 0.012619256973266602 436525 347088
0.25900888442993164 0.012955904006958008 434914 348037
0.24405503273010254 0.012548208236694336 435196 347853
0.24881529808044434 0.011705636978149414 435538 347642
0.2468547821044922 0.011394262313842773 434550 348609
0.23930025100708008 0.011850357055664062 434119 348098
0.2403254508972168 0.012682914733886719 434114 348202
0.24940061569213867 0.012856483459472656 432214 349188
0.2453596591949463 0.01142573356628418 431071 349956
0.2440195083618164 0.011856317520141602 430808 350132
0.24186468124389648 0.012104511260986328 429713 350941
0.23461294174194336 0.012336969375610352 429359 351338
0.24119305610656738 0.012597322463989258 430263 351452
0.23854351043701172 0.012178182601928711 429073 352119
0.23491382598876953 0.011194705963134766 428976 352368
0.24907398223876953 0.011455059051513672 428998 351931
0.245530366897583 0.011868715286254883 427904 353046
0.2429044246673584 0.01124715805053711 427492 353449
0.2458808422088623 0.01327371597290039 427644 353618
0.23824238777160645 0.01135706901550293 426846 353661
0.23305821418762207 0.011887788772583008 426415 353243
0.23772072792053223 0.01341867446899414 426941 355729
0.2424297332763672 0.01317596435546875 427251 354681
0.25102782249450684 0.013635635375976562 426623 355610
0.24413847923278809 0.011535406112670898 427215 355481
0.23609590530395508 0.012237071990966797 427694 355237
0.23996257781982422 0.012212753295898438 426298 355819
0.23713254928588867 0.011088848114013672 426659 355737
0.2385416030883789 0.013455867767333984 427385 355225
0.24021530151367188 0.012369155883789062 426772 355274
0.23309087753295898 0.013199329376220703 427222 355190
0.23749113082885742 0.01144266128540039 428292 355022
0.23647189140319824 0.012690544128417969 428531 354417
0.2374098300933838 0.012235879898071289 428637 354387
0.2367398738861084 0.012411355972290039 429673 353910
0.23091626167297363 0.012096166610717773 426629 355865
0.2371981143951416 0.014953851699829102 426985 355581
