0.7514469623565674 0.14935302734375 49245 0
0.7127509117126465 0.21094036102294922 49510 0
0.7007994651794434 0.2385563850402832 50556 0
0.6880078315734863 0.20929455757141113 49841 0
0.7351288795471191 0.19927215576171875 51750 0
0.7316689491271973 0.21626925468444824 52767 0
0.7414031028747559 0.15687060356140137 53141 0
0.734957218170166 0.20280051231384277 51659 0
0.747504711151123 0.16497135162353516 51483 0
0.7205898761749268 0.2158668041229248 52851 0
0.719052791595459 0.19293737411499023 50315 0
0.7203738689422607 0.20716285705566406 48676 0
0.7170271873474121 0.1959083080291748 51656 0
0.7275218963623047 0.18564558029174805 49412 0
0.6620781421661377 0.194610595703125 40226 0
0.7311148643493652 0.18726372718811035 50393 0
0.6894204616546631 0.14454293251037598 48037 0
0.7282509803771973 0.14901161193847656 47223 0
0.7090334892272949 0.19537711143493652 43661 0
0.7369740009307861 0.19320321083068848 48332 0
0.7068870067596436 0.1480715274810791 48791 0
0.7001595497131348 0.149444580078125 46398 0
0.7185757160186768 0.21163272857666016 49015 0
0.7437405586242676 0.1909627914428711 51236 0
0.7130050659179688 0.1976919174194336 50852 0
0.7083539962768555 0.22855567932128906 50194 0
0.7334563732147217 0.15060853958129883 44857 0
0.6839759349822998 0.21193337440490723 49835 0
0.7243814468383789 0.17934226989746094 50392 0
0.7327899932861328 0.13897299766540527 47464 0
0.7142210006713867 0.20334792137145996 49894 0
0.7476270198822021 0.1861250400543213 50951 0
0.7356536388397217 0.17985010147094727 49467 0
0.7198777198791504 0.20774388313293457 49177 0
0.7321889400482178 0.14914655685424805 45307 0
0.729886531829834 0.20329999923706055 51161 0
0.7445473670959473 0.16815829277038574 55066 0
0.7288069725036621 0.14852309226989746 52895 0
0.7481982707977295 0.15634942054748535 54466 0
0.7067811489105225 0.21485543251037598 51619 0
0.717411994934082 0.18844008445739746 46631 0
0.7514321804046631 0.20010113716125488 48800 0
0.724750280380249 0.22249341011047363 51515 0
0.7020301818847656 0.21960163116455078 51419 0
0.7046141624450684 0.2030346393585205 43478 0
0.7267210483551025 0.16930007934570312 50946 0
0.7169351577758789 0.18238258361816406 52693 0
0.7255375385284424 0.19095802307128906 50828 0
0.7008326053619385 0.20124244689941406 51166 0
0.772864818572998 0.1224510669708252 51713 0
0.7096152305603027 0.16053414344787598 50993 0
0.745638370513916 0.13472485542297363 52292 0
0.7381420135498047 0.1415565013885498 51774 0
0.7100143432617188 0.2167680263519287 52674 0
0.7167088985443115 0.2165677547454834 52052 0
0.7294542789459229 0.1850874423980713 52154 0
0.7206642627716064 0.20026516914367676 53156 0
0.7024762630462646 0.19304442405700684 52482 0
0.7542197704315186 0.15680718421936035 53265 0
0.7099182605743408 0.2106609344482422 53278 0
0.7175207138061523 0.21748948097229004 51791 0
0.7175514698028564 0.21446776390075684 51896 0
0.7544760704040527 0.12689614295959473 52009 0
0.7421157360076904 0.21552157402038574 50019 0
0.7138786315917969 0.1934506893157959 48892 0
0.7375295162200928 0.20287299156188965 51366 0
0.7302515506744385 0.14741945266723633 50974 0
0.718440055847168 0.18204283714294434 51503 0
0.7057094573974609 0.20296096801757812 51655 0
0.7247340679168701 0.16756558418273926 50057 0
0.6989946365356445 0.1737523078918457 49574 0
0.7267751693725586 0.18408703804016113 48104 0
0.7413713932037354 0.15822863578796387 50761 0
0.7168912887573242 0.2143878936767578 49705 0
0.6968607902526855 0.1952192783355713 40496 0
0.7878963947296143 0.15489530563354492 49509 0
0.7170524597167969 0.19357776641845703 49433 0
0.7227602005004883 0.16645526885986328 47503 0
0.7316172122955322 0.20800518989562988 48494 0
0.7332744598388672 0.14699244499206543 48849 0
0.7182209491729736 0.196397066116333 50085 0
0.7811985015869141 0.16174983978271484 51524 0
0.7395420074462891 0.18889546394348145 49254 0
0.7313950061798096 0.2129354476928711 49508 0
0.7443253993988037 0.22292447090148926 50189 0
0.7266678810119629 0.17912030220031738 51016 0
0.73207688331604 0.1532611846923828 48111 0
0.7058184146881104 0.23415112495422363 51471 0
0.7467076778411865 0.1509404182434082 51763 0
0.7066717147827148 0.21853160858154297 51452 0
0.7400217056274414 0.21521568298339844 51074 0
0.7249932289123535 0.14015793800354004 50578 0
0.6134798526763916 0.19774770736694336 50735 0
0.7490689754486084 0.14406585693359375 48274 0
0.7368137836456299 0.17790913581848145 51682 0
0.6767294406890869 0.21324610710144043 50228 0
0.6939840316772461 0.1940772533416748 40013 0
0.7824821472167969 0.14391875267028809 51106 0
0.7394101619720459 0.21390509605407715 51193 0
0.7283980846405029 0.2148137092590332 47981 0
0.7316961288452148 0.13341808319091797 49128 0
0.754112720489502 0.1572272777557373 49862 0
0.706939697265625 0.20629119873046875 50536 0
0.7658753395080566 0.22731924057006836 52938 0
0.7482407093048096 0.18578433990478516 52177 0
0.7182760238647461 0.14722371101379395 52347 0
0.7458126544952393 0.21276330947875977 53026 0
0.7275855541229248 0.19335150718688965 53714 0
0.7306919097900391 0.20002985000610352 53306 0
0.7834427356719971 0.14283299446105957 52874 0
0.7372956275939941 0.20144057273864746 51841 0
0.7403295040130615 0.2047736644744873 51686 0
0.6807808876037598 0.2097783088684082 53012 0
0.7213101387023926 0.20716166496276855 52780 0
0.7044141292572021 0.19197726249694824 51115 0
0.7213168144226074 0.18260622024536133 51910 0
0.6816761493682861 0.18198060989379883 46027 0
0.7193686962127686 0.21828317642211914 52884 0
0.7186548709869385 0.1741943359375 52043 0
0.7430222034454346 0.19596409797668457 51896 0
0.7703146934509277 0.1375570297241211 51221 0
0.7295382022857666 0.22939157485961914 51608 0
0.7212278842926025 0.200178861618042 50145 0
0.7514925003051758 0.20605015754699707 49269 0
0.7318644523620605 0.1776747703552246 50167 0
0.7257843017578125 0.18711543083190918 51570 0
0.6960911750793457 0.21476078033447266 40994 0
0.7093470096588135 0.20193147659301758 48666 0
0.7112584114074707 0.17651033401489258 44023 0
0.7503776550292969 0.1407766342163086 44097 0
0.7184674739837646 0.14535760879516602 46435 0
0.7504496574401855 0.14951324462890625 46944 0
0.692188024520874 0.20727872848510742 44738 0
0.7187795639038086 0.207611083984375 47915 0
0.7350952625274658 0.17088794708251953 48926 0
0.7372171878814697 0.15783333778381348 51102 0
0.7397842407226562 0.15540432929992676 51040 0
0.7720053195953369 0.1387481689453125 51214 0
0.7386000156402588 0.17100763320922852 50738 0
0.7703261375427246 0.21387410163879395 50261 0
0.694648027420044 0.19780635833740234 51871 0
0.7426960468292236 0.19992733001708984 52539 0
0.7278289794921875 0.17457938194274902 51249 0
0.7360072135925293 0.178696870803833 51670 0
0.7250735759735107 0.2010340690612793 50709 0
0.7738587856292725 0.19002532958984375 54537 0
0.717522382736206 0.20991015434265137 52399 0
0.721099853515625 0.21773862838745117 51087 0
0.7109899520874023 0.23321294784545898 48386 0
0.7400469779968262 0.18929028511047363 48712 0
0.7242121696472168 0.20393133163452148 52352 0
0.7219786643981934 0.2333817481994629 55325 0
0.7511322498321533 0.17568469047546387 54892 0
0.7259325981140137 0.21687626838684082 53793 0
0.717909574508667 0.19301724433898926 54524 0
0.7330842018127441 0.15876388549804688 52159 0
0.6720292568206787 0.23018670082092285 41266 0
0.7221128940582275 0.21855902671813965 49604 0
0.7307252883911133 0.1855916976928711 50776 0
0.6995134353637695 0.19962668418884277 45253 0
0.6991379261016846 0.1661226749420166 44994 0
0.6820089817047119 0.18729376792907715 46077 0
0.7367630004882812 0.18700551986694336 45971 0
0.7081279754638672 0.18721437454223633 46907 0
0.7075932025909424 0.20997405052185059 49986 0
0.7169680595397949 0.17857003211975098 48159 0
0.6741182804107666 0.2101125717163086 47334 0
0.7292084693908691 0.1801283359527588 50929 0
0.7138702869415283 0.20990538597106934 49359 0
0.7359848022460938 0.1731572151184082 53632 0
0.7040021419525146 0.17011809349060059 48688 0
0.7149703502655029 0.20816850662231445 51865 0
0.7217414379119873 0.2200465202331543 51739 0
0.7154455184936523 0.22329235076904297 53581 0
0.7672595977783203 0.18753886222839355 52819 0
0.7493176460266113 0.18007111549377441 53188 0
0.7625856399536133 0.1380901336669922 48563 0
0.7169897556304932 0.23190093040466309 53698 0
0.7152595520019531 0.1733386516571045 54008 0
0.747624397277832 0.19057464599609375 53905 0
0.7650740146636963 0.154541015625 53556 0
0.7237873077392578 0.17171549797058105 52301 0
0.7291526794433594 0.21880626678466797 52391 0
0.700556755065918 0.2130281925201416 49056 0
0.7322347164154053 0.20883584022521973 52904 0
0.7477526664733887 0.19678354263305664 51574 0
0.7074389457702637 0.20757341384887695 41217 0
0.7253923416137695 0.14238357543945312 53256 0
0.7416801452636719 0.21590876579284668 53751 0
0.7320549488067627 0.18009734153747559 50001 0
0.715461015701294 0.15148425102233887 50721 0
0.7687680721282959 0.14875197410583496 51300 0
0.7562594413757324 0.14591717720031738 51814 0
0.7225461006164551 0.17985224723815918 52261 0
0.775352954864502 0.14314770698547363 52290 0
0.7041001319885254 0.20672154426574707 51423 0
0.733689546585083 0.13293719291687012 52309 0
0.7503125667572021 0.20534300804138184 52684 0
0.743607759475708 0.17252516746520996 52190 0
0.7028088569641113 0.21437287330627441 51738 0
0.7206048965454102 0.18379735946655273 48919 0
0.6849493980407715 0.19386672973632812 42734 0
0.679100513458252 0.2014913558959961 40999 0
0.676210880279541 0.1995382308959961 42012 0
0.6823112964630127 0.21287918090820312 41652 0
0.6888871192932129 0.18492412567138672 42662 0
0.7113265991210938 0.14014983177185059 42342 0
0.692779541015625 0.2063910961151123 42094 0
0.7330605983734131 0.14241671562194824 43753 0
0.7179875373840332 0.13473892211914062 43698 0
0.718825101852417 0.21415305137634277 42008 0
0.7045838832855225 0.20962142944335938 42559 0
0.6715199947357178 0.21747541427612305 42734 0
0.7486484050750732 0.14626502990722656 42411 0
0.6869957447052002 0.21500444412231445 42264 0
0.6992900371551514 0.19253063201904297 42043 0
0.7132506370544434 0.18349742889404297 42501 0
0.7002933025360107 0.1409306526184082 38081 0
0.6768078804016113 0.20621919631958008 42356 0
0.7157242298126221 0.13472628593444824 42949 0
0.6555297374725342 0.2082357406616211 43094 0
0.7187235355377197 0.19122791290283203 42785 0
0.6768522262573242 0.20693683624267578 42822 0
0.7067975997924805 0.18784666061401367 43263 0
0.7107682228088379 0.16704154014587402 43528 0
0.689326286315918 0.15639734268188477 43234 0
0.6981532573699951 0.2012169361114502 43601 0
0.6963634490966797 0.21787738800048828 42591 0
0.7095170021057129 0.12577152252197266 41950 0
0.6838212013244629 0.2126603126525879 42824 0
0.7168126106262207 0.18423748016357422 41279 0
0.6781606674194336 0.17960858345031738 41937 0
0.7339653968811035 0.13139820098876953 41341 0
0.6774871349334717 0.2072153091430664 42449 0
0.7225029468536377 0.18017315864562988 42908 0
0.6802093982696533 0.21515440940856934 42711 0
0.6979029178619385 0.2016150951385498 43049 0
0.6694273948669434 0.2180333137512207 42245 0
0.6896958351135254 0.16657185554504395 41715 0
0.7231941223144531 0.18050551414489746 42751 0
0.6885421276092529 0.1780681610107422 42132 0
0.7016823291778564 0.1752927303314209 41647 0
0.67856764793396 0.21054792404174805 42625 0
0.6982021331787109 0.20853948593139648 41894 0
0.716625452041626 0.2197878360748291 42350 0
0.6945304870605469 0.17650938034057617 42131 0
0.7049915790557861 0.18487334251403809 41987 0
0.6954052448272705 0.13806819915771484 37253 0
0.7031614780426025 0.18601536750793457 41708 0
0.6848430633544922 0.18050885200500488 42547 0
0.701106071472168 0.19414353370666504 42256 0
0.7173314094543457 0.16957354545593262 42819 0
0.6884341239929199 0.19270944595336914 42460 0
0.6841027736663818 0.20642805099487305 43449 0
0.7109603881835938 0.17847323417663574 42131 0
0.6884727478027344 0.19906878471374512 43592 0
0.6963386535644531 0.1884632110595703 42883 0
0.7003297805786133 0.18015599250793457 42084 0
0.6905627250671387 0.20948529243469238 41951 0
0.6761283874511719 0.23152542114257812 41280 0
0.6916224956512451 0.19411945343017578 42011 0
0.7320561408996582 0.14528894424438477 41275 0
0.6743626594543457 0.19921016693115234 41610 0
0.6955239772796631 0.18041586875915527 43304 0
0.7203056812286377 0.1984083652496338 42894 0
0.7188246250152588 0.15421247482299805 42253 0
0.7175629138946533 0.13746237754821777 42677 0
0.6722626686096191 0.195570707321167 42792 0
0.7068512439727783 0.2125997543334961 43889 0
0.6916425228118896 0.21556687355041504 42103 0
0.7164459228515625 0.19257783889770508 42363 0
0.6892976760864258 0.2077348232269287 41839 0
0.6707634925842285 0.2315058708190918 41740 0
0.7004082202911377 0.18838071823120117 47240 0
0.7129852771759033 0.17539572715759277 47871 0
0.7126843929290771 0.19504022598266602 43545 0
0.7162487506866455 0.19939327239990234 50959 0
0.7013082504272461 0.2185497283935547 48122 0
0.7138874530792236 0.21322345733642578 50621 0
0.732689619064331 0.2104637622833252 47768 0
0.6881060600280762 0.217193603515625 46851 0
0.7188453674316406 0.14666152000427246 46913 0
0.6996841430664062 0.18921327590942383 46903 0
0.7051806449890137 0.21582770347595215 47475 0
0.7259793281555176 0.19309020042419434 46971 0
0.7065961360931396 0.18988275527954102 47093 0
0.7152502536773682 0.15780901908874512 43565 0
0.6835644245147705 0.22165656089782715 43096 0
0.6772463321685791 0.12141585350036621 41195 0
0.7258000373840332 0.14919590950012207 42787 0
0.6902258396148682 0.16596603393554688 42718 0
0.6980032920837402 0.20362186431884766 41943 0
0.7243385314941406 0.15094470977783203 41901 0
0.6947934627532959 0.14047574996948242 42185 0
0.7295870780944824 0.1536540985107422 42243 0
0.7004907131195068 0.20267629623413086 42295 0
0.6839795112609863 0.20595574378967285 43102 0
0.7065274715423584 0.17268657684326172 43045 0
0.6968419551849365 0.21164155006408691 43550 0
0.72414231300354 0.1438446044921875 37035 0
0.7126579284667969 0.18143963813781738 43442 0
0.6842114925384521 0.21067404747009277 43488 0
0.7082650661468506 0.1540672779083252 42173 0
0.7049767971038818 0.17740702629089355 43146 0
0.6732866764068604 0.15810585021972656 43502 0
0.6953558921813965 0.18548154830932617 43723 0
0.7264578342437744 0.17963862419128418 44395 0
0.7077116966247559 0.18739700317382812 42641 0
0.7024130821228027 0.12482333183288574 43569 0
0.7239582538604736 0.18150758743286133 42737 0
0.7139854431152344 0.19279694557189941 42368 0
0.7152495384216309 0.14592671394348145 42468 0
0.6951971054077148 0.19852018356323242 42766 0
0.7485604286193848 0.1405642032623291 43970 0
0.7266504764556885 0.17986512184143066 44235 0
0.7079212665557861 0.21774864196777344 43738 0
0.6836559772491455 0.19463610649108887 43379 0
0.7270650863647461 0.14000630378723145 43265 0
0.6873104572296143 0.19140219688415527 43967 0
0.7053995132446289 0.18366098403930664 43151 0
0.7485227584838867 0.17326045036315918 42759 0
0.6883668899536133 0.19038772583007812 43052 0
0.6921176910400391 0.20160174369812012 42597 0
0.6990785598754883 0.2135910987854004 43159 0
0.7047944068908691 0.1362466812133789 42790 0
0.6992433071136475 0.18472886085510254 42918 0
0.6888580322265625 0.1991407871246338 42607 0
0.7068827152252197 0.19161677360534668 43209 0
0.6781561374664307 0.1791231632232666 43554 0
0.7651820182800293 0.14630389213562012 36671 0
0.6839175224304199 0.12490558624267578 43168 0
0.6658215522766113 0.20461559295654297 43831 0
0.710808515548706 0.14450740814208984 42213 0
0.7033274173736572 0.18587899208068848 44172 0
0.719200611114502 0.17417669296264648 43904 0
0.6649818420410156 0.20157527923583984 42347 0
0.6695935726165771 0.21162915229797363 44189 0
0.6923666000366211 0.21086478233337402 43790 0
0.7135260105133057 0.20402741432189941 44028 0
0.7218987941741943 0.2141869068145752 43616 0
0.7278916835784912 0.20907330513000488 42609 0
0.6825602054595947 0.21891474723815918 43414 0
0.707190990447998 0.20308160781860352 42524 0
0.713064432144165 0.1457674503326416 42954 0
0.6810882091522217 0.18705439567565918 42740 0
0.7102940082550049 0.1794130802154541 43496 0
0.6973092555999756 0.15752148628234863 43551 0
0.6959409713745117 0.19611144065856934 43971 0
0.704540491104126 0.19029545783996582 43353 0
0.6978342533111572 0.14097237586975098 42833 0
0.6773204803466797 0.2352287769317627 42689 0
0.7058792114257812 0.20585083961486816 43639 0
0.7254090309143066 0.19130563735961914 42432 0
0.6765341758728027 0.2001054286956787 43982 0
0.6893446445465088 0.16271471977233887 43960 0
0.6751322746276855 0.20517277717590332 41381 0
0.6947276592254639 0.15468549728393555 41826 0
0.667982816696167 0.19360852241516113 43737 0
0.7145378589630127 0.13207054138183594 43284 0
0.6866519451141357 0.14424610137939453 35511 0
0.7045114040374756 0.14500641822814941 42286 0
0.7056541442871094 0.17376041412353516 42687 0
0.7161364555358887 0.17460179328918457 40570 0
0.7270288467407227 0.1520524024963379 43470 0
0.7036004066467285 0.1722431182861328 44149 0
0.7090451717376709 0.149489164352417 38321 0
0.6625833511352539 0.14778470993041992 33510 0
0.6932351589202881 0.24942445755004883 42458 0
0.6996352672576904 0.18484830856323242 43499 0
0.7024400234222412 0.16783356666564941 45026 0
0.6913518905639648 0.21424031257629395 44826 0
0.6811139583587646 0.21832942962646484 45004 0
0.7106895446777344 0.1976182460784912 44448 0
0.6866536140441895 0.20169544219970703 43892 0
0.6988723278045654 0.2162017822265625 42650 0
0.7160942554473877 0.17068815231323242 35256 0
0.6691257953643799 0.1801438331604004 35869 0
0.6745569705963135 0.22189640998840332 43595 0
0.7360830307006836 0.18954730033874512 43770 0
0.6935462951660156 0.21013164520263672 42643 0
0.704047441482544 0.21759390830993652 43501 0
0.6948695182800293 0.22157907485961914 42973 0
0.7123751640319824 0.19828271865844727 42410 0
0.7136421203613281 0.17099308967590332 43688 0
0.6948769092559814 0.18695425987243652 44068 0
0.7194910049438477 0.19716095924377441 43476 0
0.7390356063842773 0.16935944557189941 43240 0
0.7204077243804932 0.14316725730895996 46213 0
0.7213985919952393 0.20538949966430664 43189 0
0.6729252338409424 0.20255804061889648 39144 0
0.6964602470397949 0.1595768928527832 42695 0
0.6664092540740967 0.17507171630859375 42909 0
0.6993205547332764 0.20280075073242188 42396 0
0.6880497932434082 0.19335007667541504 45123 0
0.7212991714477539 0.19759249687194824 43250 0
0.6971566677093506 0.17705702781677246 43154 0
0.6921596527099609 0.1948411464691162 42187 0
0.7078325748443604 0.22522234916687012 43574 0
0.7004022598266602 0.2143099308013916 42512 0
0.7137610912322998 0.15891766548156738 42332 0
0.7332925796508789 0.13391566276550293 42300 0
0.7008364200592041 0.16762781143188477 42435 0
0.6957952976226807 0.15862441062927246 43464 0
0.724036455154419 0.21702814102172852 42185 0
0.7329146862030029 0.20144414901733398 42855 0
0.7059695720672607 0.19833683967590332 43463 0
0.7092883586883545 0.18725848197937012 42384 0
0.6885740756988525 0.1598188877105713 41753 0
0.6895341873168945 0.19591879844665527 41959 0
0.7281310558319092 0.18639397621154785 41091 0
0.6769142150878906 0.21215367317199707 35390 0
0.7290480136871338 0.19983124732971191 40942 0
0.6891560554504395 0.17303824424743652 40989 0
0.7110061645507812 0.17479252815246582 41454 0
0.6927568912506104 0.14230060577392578 40074 0
0.7079553604125977 0.20802807807922363 41112 0
0.6861579418182373 0.22240257263183594 40893 0
0.7000160217285156 0.1940631866455078 40463 0
0.6860761642456055 0.21509647369384766 41000 0
0.6898212432861328 0.18952107429504395 41019 0
0.7309484481811523 0.20202279090881348 40435 0
0.6961250305175781 0.20387029647827148 41079 0
0.7185409069061279 0.14208555221557617 41385 0
0.6869542598724365 0.17264032363891602 39830 0
0.738046407699585 0.12540555000305176 40770 0
0.7286453247070312 0.16556596755981445 40497 0
0.6753690242767334 0.19530177116394043 39880 0
0.7274308204650879 0.20095109939575195 39891 0
0.7239387035369873 0.1394805908203125 40143 0
0.6837480068206787 0.17542386054992676 41000 0
0.7050034999847412 0.19071078300476074 40667 0
0.6958591938018799 0.18209004402160645 40435 0
0.697791576385498 0.18083786964416504 41160 0
0.6887829303741455 0.21593642234802246 41111 0
0.6722216606140137 0.21032476425170898 41136 0
0.6831181049346924 0.18502473831176758 40265 0
0.7020664215087891 0.20099425315856934 40496 0
0.6836183071136475 0.20772242546081543 39452 0
0.7152731418609619 0.14691972732543945 40105 0
0.6877970695495605 0.18397974967956543 39526 0
0.6783499717712402 0.13211727142333984 33520 0
0.7189388275146484 0.14996933937072754 40851 0
0.7095661163330078 0.2181837558746338 39798 0
0.7090935707092285 0.19299626350402832 40568 0
0.7156798839569092 0.1334676742553711 40054 0
0.7332100868225098 0.15304327011108398 40095 0
0.6923322677612305 0.21210908889770508 39897 0
0.7095026969909668 0.18027591705322266 39547 0
0.6728193759918213 0.2091968059539795 40604 0
0.6996169090270996 0.1764688491821289 40514 0
0.7147321701049805 0.2192540168762207 40166 0
0.6821749210357666 0.17722201347351074 39965 0
0.7243127822875977 0.14348316192626953 40830 0
0.68678879737854 0.22035932540893555 38955 0
0.6996200084686279 0.18840503692626953 39217 0
0.7125685214996338 0.21960687637329102 39562 0
0.6705079078674316 0.21511220932006836 39700 0
0.7040464878082275 0.16311955451965332 38790 0
0.7232463359832764 0.1824638843536377 39437 0
0.6524076461791992 0.2266387939453125 39259 0
0.7037084102630615 0.1759049892425537 39231 0
0.6944613456726074 0.19969916343688965 39323 0
0.6934888362884521 0.15953874588012695 39556 0
0.6778740882873535 0.213944673538208 39735 0
0.7333776950836182 0.15018939971923828 39741 0
0.6886963844299316 0.191176176071167 39809 0
0.701240062713623 0.19179368019104004 38959 0
0.7001967430114746 0.1739504337310791 38505 0
0.69525146484375 0.24130511283874512 38826 0
0.6940786838531494 0.18706965446472168 39434 0
0.676051139831543 0.1727592945098877 32347 0
0.7149884700775146 0.21449828147888184 38462 0
0.6858129501342773 0.16675734519958496 40670 0
0.6992447376251221 0.21914005279541016 39148 0
0.6971762180328369 0.17357969284057617 38412 0
0.6914064884185791 0.1905500888824463 38950 0
0.7191610336303711 0.17998147010803223 39678 0
0.6983847618103027 0.19424009323120117 39685 0
0.6720285415649414 0.20754361152648926 39092 0
0.6921162605285645 0.19902634620666504 38991 0
0.6780595779418945 0.2269306182861328 39047 0
0.713721752166748 0.1770646572113037 38709 0
0.6829619407653809 0.19495701789855957 38451 0
0.731236457824707 0.15352749824523926 38577 0
0.7225067615509033 0.15672087669372559 38525 0
0.7314939498901367 0.1458742618560791 39462 0
0.7049832344055176 0.1881849765777588 36765 0
0.6752529144287109 0.23163819313049316 37394 0
0.677177906036377 0.1803569793701172 37576 0
0.7288658618927002 0.18825173377990723 37591 0
0.6707010269165039 0.21505165100097656 37898 0
0.7174737453460693 0.15381979942321777 38405 0
0.7133827209472656 0.21305155754089355 39759 0
0.6922886371612549 0.15364766120910645 38997 0
0.7014997005462646 0.21313858032226562 39359 0
0.6969530582427979 0.2074735164642334 39456 0
0.6863765716552734 0.1919384002685547 37583 0
0.6659576892852783 0.16381549835205078 36686 0
0.6611292362213135 0.15853476524353027 37015 0
0.6832690238952637 0.1938927173614502 36216 0
0.6552672386169434 0.2194807529449463 31310 0
0.6797912120819092 0.1981656551361084 36664 0
0.6845109462738037 0.1874077320098877 37388 0
0.6720743179321289 0.2101457118988037 36884 0
0.6933929920196533 0.1972184181213379 35483 0
0.7034881114959717 0.2576446533203125 36086 0
0.6487326622009277 0.20866632461547852 38974 0
0.6826083660125732 0.20106148719787598 37534 0
0.68794846534729 0.1897594928741455 37768 0
0.7027237415313721 0.18175792694091797 37065 0
0.694615364074707 0.21200108528137207 36440 0
0.6819374561309814 0.21405673027038574 35172 0
0.6831696033477783 0.1554415225982666 35400 0
0.6933941841125488 0.18306922912597656 35681 0
0.6976056098937988 0.17655324935913086 35844 0
0.6802842617034912 0.21901369094848633 36071 0
0.689570426940918 0.20453834533691406 37045 0
0.6563880443572998 0.15519428253173828 38403 0
0.6821978092193604 0.20941448211669922 37446 0
0.6520247459411621 0.20217537879943848 36823 0
0.7083821296691895 0.15277671813964844 37302 0
0.7024152278900146 0.15278053283691406 37013 0
0.6784045696258545 0.21396470069885254 37400 0
0.6792736053466797 0.20148348808288574 37572 0
0.6987512111663818 0.20641613006591797 36399 0
0.683527946472168 0.183274507522583 36817 0
0.688136100769043 0.1716628074645996 36295 0
0.6919467449188232 0.1725759506225586 34885 0
0.6969211101531982 0.15739870071411133 36245 0
0.6548285484313965 0.12574386596679688 36629 0
0.6408507823944092 0.20153188705444336 30620 0
0.6394093036651611 0.20024728775024414 35431 0
0.7052173614501953 0.1967639923095703 36905 0
0.7004303932189941 0.18800139427185059 37340 0
0.6885333061218262 0.18845891952514648 36267 0
0.6711244583129883 0.20758938789367676 37713 0
0.7076904773712158 0.2144017219543457 36929 0
0.7212612628936768 0.16696572303771973 36748 0
0.6939418315887451 0.1838386058807373 38311 0
0.7312476634979248 0.14711236953735352 36944 0
0.6516163349151611 0.18345236778259277 31156 0
0.6905937194824219 0.19198036193847656 37344 0
0.6968259811401367 0.21583080291748047 38506 0
0.6861834526062012 0.1923220157623291 37628 0
0.7168936729431152 0.15712547302246094 36901 0
0.6756274700164795 0.1944260597229004 38382 0
0.6998600959777832 0.19036388397216797 39637 0
0.7042899131774902 0.21042490005493164 39378 0
0.7182352542877197 0.13788342475891113 39648 0
0.6852385997772217 0.19666552543640137 39105 0
0.7002425193786621 0.20511603355407715 39135 0
0.6825151443481445 0.1953127384185791 38807 0
0.6858127117156982 0.20717668533325195 39303 0
0.7079448699951172 0.1752474308013916 39582 0
0.6986219882965088 0.2047274112701416 39196 0
0.6979002952575684 0.20612573623657227 38344 0
0.7088150978088379 0.15923261642456055 36018 0
0.6863131523132324 0.20237493515014648 36243 0
0.6916589736938477 0.19113707542419434 38995 0
0.6637387275695801 0.2099907398223877 38840 0
0.6760084629058838 0.23286032676696777 39698 0
0.6781151294708252 0.17532849311828613 39350 0
0.6925444602966309 0.1957540512084961 38407 0
0.7139918804168701 0.17006945610046387 38660 0
0.7005751132965088 0.17630672454833984 38191 0
0.7020277976989746 0.1863718032836914 38555 0
0.7063336372375488 0.19203782081604004 37592 0
0.6886568069458008 0.22281336784362793 37713 0
0.6643612384796143 0.19602656364440918 38670 0
0.6924340724945068 0.1980602741241455 37494 0
0.7184829711914062 0.1300663948059082 38667 0
0.7405714988708496 0.13697528839111328 38767 0
0.7425358295440674 0.19589853286743164 39017 0
0.6864614486694336 0.1907482147216797 39383 0
0.6991121768951416 0.14045476913452148 38362 0
0.7126069068908691 0.20301413536071777 38524 0
0.6676146984100342 0.17260980606079102 35397 0
0.6867165565490723 0.18944454193115234 37780 0
0.678032636642456 0.2135777473449707 37141 0
0.6672773361206055 0.1395397186279297 31370 0
0.7185714244842529 0.14350056648254395 37876 0
0.6833047866821289 0.18213963508605957 38352 0
0.6907224655151367 0.18887782096862793 38281 0
0.7087447643280029 0.2129814624786377 37209 0
0.6700191497802734 0.1842179298400879 37818 0
0.6671481132507324 0.20473504066467285 40651 0
0.6926701068878174 0.19664692878723145 39638 0
0.6724894046783447 0.19707751274108887 40391 0
0.6743667125701904 0.1534438133239746 39769 0
0.719332218170166 0.13724899291992188 38559 0
0.7053639888763428 0.18727588653564453 39045 0
0.6905157566070557 0.20017361640930176 37901 0
0.7284533977508545 0.1351609230041504 38535 0
0.6864712238311768 0.16786551475524902 39242 0
0.690415620803833 0.2174391746520996 38083 0
0.6715517044067383 0.1992626190185547 38498 0
0.6946923732757568 0.15871334075927734 39302 0
0.6856141090393066 0.13790130615234375 39341 0
0.683992862701416 0.2052898406982422 38718 0
0.6780505180358887 0.2065749168395996 39641 0
0.7111549377441406 0.18712711334228516 39368 0
0.6701719760894775 0.2151029109954834 38969 0
0.6833691596984863 0.214277982711792 38654 0
0.6934289932250977 0.15430378913879395 38716 0
0.7104966640472412 0.19719648361206055 47121 0
0.7213516235351562 0.16080594062805176 48604 0
0.7100319862365723 0.2139720916748047 48638 0
0.6788201332092285 0.2113940715789795 49794 0
0.7054309844970703 0.20958876609802246 49434 0
0.7230584621429443 0.21309900283813477 50446 0
0.7156543731689453 0.20717906951904297 50380 0
0.7123353481292725 0.20824170112609863 49133 0
0.7001163959503174 0.18552231788635254 50407 0
0.724407434463501 0.16792702674865723 49991 0
0.7294306755065918 0.1868457794189453 49171 0
0.7335066795349121 0.23935937881469727 50707 0
0.7469234466552734 0.13842463493347168 49892 0
0.7239284515380859 0.20160913467407227 50790 0
0.7111916542053223 0.21870183944702148 50130 0
0.7344825267791748 0.20543909072875977 49919 0
0.7503154277801514 0.19084715843200684 51558 0
0.7112720012664795 0.19064569473266602 49396 0
0.7049729824066162 0.19824814796447754 45201 0
0.7165825366973877 0.2348618507385254 49789 0
0.7228679656982422 0.21549248695373535 50093 0
0.7443835735321045 0.1719043254852295 49974 0
0.7237160205841064 0.21717548370361328 50446 0
0.7365655899047852 0.2250049114227295 51543 0
0.7428874969482422 0.20480060577392578 51652 0
0.7093093395233154 0.21309161186218262 50789 0
0.722604513168335 0.15276336669921875 51177 0
0.7562713623046875 0.2252366542816162 50681 0
0.6826925277709961 0.21081233024597168 41862 0
0.6968884468078613 0.16798996925354004 49692 0
0.7048892974853516 0.19318580627441406 49797 0
0.7474832534790039 0.14873552322387695 50808 0
0.7154557704925537 0.18219876289367676 51865 0
0.7652599811553955 0.1651287078857422 51530 0
0.7495157718658447 0.17974424362182617 51663 0
0.7222707271575928 0.18813610076904297 52656 0
0.7134876251220703 0.2210245132446289 51713 0
0.7219126224517822 0.1986985206604004 52430 0
0.7448794841766357 0.21125483512878418 49982 0
0.7375164031982422 0.18343234062194824 53209 0
0.6795032024383545 0.20359349250793457 51059 0
0.7277743816375732 0.20316338539123535 51468 0
0.7382092475891113 0.18022942543029785 51143 0
0.7282311916351318 0.17911124229431152 51767 0
0.695798397064209 0.19776487350463867 51784 0
0.7464191913604736 0.17203927040100098 52734 0
0.7258880138397217 0.17920303344726562 51956 0
0.7345199584960938 0.20682811737060547 52275 0
0.7261378765106201 0.1816728115081787 47182 0
0.7379298210144043 0.19906282424926758 52525 0
0.7377791404724121 0.14834237098693848 52229 0
0.6965286731719971 0.2082514762878418 52006 0
0.7075889110565186 0.18034744262695312 52535 0
0.7177884578704834 0.16710519790649414 52366 0
0.7267639636993408 0.19567370414733887 52938 0
0.7502319812774658 0.14916205406188965 50031 0
0.7198808193206787 0.23408174514770508 53104 0
0.7667889595031738 0.14911580085754395 52549 0
0.6755456924438477 0.21245670318603516 41664 0
0.7352347373962402 0.19117307662963867 51681 0
0.713026762008667 0.2199537754058838 49818 0
0.7658450603485107 0.13795828819274902 49081 0
0.701148271560669 0.19751667976379395 52010 0
0.7873258590698242 0.13286662101745605 53190 0
0.7222075462341309 0.19537067413330078 49377 0
0.7080438137054443 0.23621273040771484 54132 0
0.7001521587371826 0.19147443771362305 52046 0
0.7279269695281982 0.18859505653381348 52530 0
0.7286522388458252 0.15010666847229004 51782 0
0.7241556644439697 0.2237834930419922 51232 0
0.7393465042114258 0.20599150657653809 49193 0
0.7191226482391357 0.20047497749328613 52363 0
0.7477455139160156 0.19443798065185547 54405 0
0.7371110916137695 0.2182331085205078 52408 0
0.7607862949371338 0.16915202140808105 52816 0
0.7463939189910889 0.14128732681274414 51017 0
0.7886638641357422 0.13824796676635742 53014 0
0.7343988418579102 0.20638084411621094 52183 0
0.7206478118896484 0.19794321060180664 46460 0
0.7218093872070312 0.1940321922302246 52194 0
0.709125280380249 0.21004009246826172 51806 0
0.7494604587554932 0.17593097686767578 51095 0
0.7753489017486572 0.21304035186767578 51692 0
0.7060914039611816 0.17951440811157227 51180 0
0.6979110240936279 0.1726686954498291 50095 0
0.7209634780883789 0.17921972274780273 47567 0
0.7355616092681885 0.1864607334136963 51416 0
0.7171480655670166 0.19001364707946777 50428 0
0.6615309715270996 0.19678330421447754 39125 0
0.7419247627258301 0.19913959503173828 48151 0
0.697944164276123 0.22274088859558105 45431 0
0.703437089920044 0.19205164909362793 45117 0
0.7148265838623047 0.18481826782226562 46608 0
0.6962578296661377 0.21687674522399902 48097 0
0.6622774600982666 0.18493914604187012 45999 0
0.715015172958374 0.2091231346130371 49194 0
0.6883080005645752 0.20939135551452637 48319 0
0.736151933670044 0.1909494400024414 48100 0
0.7094042301177979 0.20952987670898438 47071 0
0.7261862754821777 0.20733404159545898 47061 0
0.7358388900756836 0.1974015235900879 43257 0
0.7173898220062256 0.21044063568115234 46662 0
0.7033388614654541 0.18719887733459473 47067 0
0.7109718322753906 0.1620011329650879 46422 0
0.7175681591033936 0.18491840362548828 47303 0
0.7016885280609131 0.17641711235046387 46679 0
0.7368278503417969 0.17978262901306152 46789 0
0.7300574779510498 0.17293214797973633 46355 0
0.7218401432037354 0.21248698234558105 44139 0
0.7190451622009277 0.18525266647338867 47079 0
0.729778528213501 0.1740405559539795 48386 0
0.755190372467041 0.14899659156799316 48307 0
0.701465368270874 0.2206709384918213 48253 0
0.7631139755249023 0.18593239784240723 48719 0
0.7083079814910889 0.21239614486694336 48057 0
0.7030069828033447 0.20907187461853027 44737 0
0.670128583908081 0.16217684745788574 46780 0
0.7060689926147461 0.19257187843322754 46756 0
0.6550638675689697 0.1413125991821289 37818 0
0.6992077827453613 0.2125532627105713 46911 0
0.7287588119506836 0.2009875774383545 43653 0
0.6787214279174805 0.20728158950805664 45391 0
0.7403159141540527 0.20357465744018555 46770 0
0.7236068248748779 0.2236652374267578 46492 0
0.7277984619140625 0.19658470153808594 45253 0
0.7298276424407959 0.20136404037475586 47908 0
0.7341246604919434 0.1937246322631836 47940 0
0.7167215347290039 0.165252685546875 48702 0
0.7428617477416992 0.2186293601989746 49000 0
0.7084136009216309 0.19516253471374512 48089 0
0.7108731269836426 0.19407176971435547 44214 0
0.7082617282867432 0.20342135429382324 48400 0
0.7235128879547119 0.15350127220153809 48663 0
0.7370057106018066 0.2021651268005371 48105 0
0.7763609886169434 0.14658117294311523 48269 0
0.7068741321563721 0.18027877807617188 48572 0
0.7313086986541748 0.15174484252929688 47456 0
0.7633967399597168 0.14015913009643555 47789 0
0.6875157356262207 0.20788931846618652 43427 0
0.7193012237548828 0.15256619453430176 47092 0
0.6948249340057373 0.1655266284942627 48125 0
0.7291224002838135 0.21758437156677246 47550 0
0.7217216491699219 0.19930768013000488 47091 0
0.7487685680389404 0.15343141555786133 47099 0
0.7050261497497559 0.2122347354888916 47117 0
0.72882080078125 0.13614487648010254 44816 0
0.7177362442016602 0.19876551628112793 47436 0
0.7274253368377686 0.18747949600219727 46676 0
0.6737208366394043 0.20438122749328613 37244 0
0.7415521144866943 0.1504957675933838 45919 0
0.679675817489624 0.2213120460510254 42568 0
0.697974681854248 0.20751404762268066 43778 0
0.7294502258300781 0.17850995063781738 46009 0
0.7323853969573975 0.14432406425476074 46602 0
0.6969325542449951 0.19843292236328125 44970 0
0.7136566638946533 0.1770322322845459 47306 0
0.7000424861907959 0.19585037231445312 47330 0
0.749765157699585 0.21636033058166504 47338 0
0.7028951644897461 0.2111499309539795 47147 0
0.727046012878418 0.14442920684814453 46753 0
0.7283680438995361 0.13397622108459473 42278 0
0.7126936912536621 0.21836161613464355 47378 0
0.7329130172729492 0.2085115909576416 46718 0
0.7303247451782227 0.1577591896057129 46470 0
0.741478443145752 0.21776533126831055 47246 0
0.7201724052429199 0.16932392120361328 47046 0
0.6807620525360107 0.18132495880126953 47880 0
0.6905150413513184 0.20557665824890137 46843 0
0.6982195377349854 0.19781851768493652 41790 0
0.7216460704803467 0.20265531539916992 46757 0
0.7072241306304932 0.17243242263793945 47353 0
0.7280750274658203 0.1834256649017334 47400 0
0.7187280654907227 0.2007746696472168 47503 0
0.6881284713745117 0.19316339492797852 47051 0
0.7342119216918945 0.19676923751831055 46476 0
0.6870675086975098 0.20125484466552734 44573 0
0.6922328472137451 0.1952347755432129 47132 0
0.7082550525665283 0.17050862312316895 46933 0
0.6899969577789307 0.21032309532165527 39572 0
0.7441496849060059 0.13818597793579102 46231 0
0.6945250034332275 0.1900925636291504 40874 0
0.717700719833374 0.22562932968139648 46032 0
0.706573486328125 0.19179415702819824 46417 0
0.7375500202178955 0.15088438987731934 47536 0
0.7401888370513916 0.15938210487365723 45304 0
0.7237882614135742 0.17849135398864746 48306 0
0.721515417098999 0.21748900413513184 48104 0
0.7515668869018555 0.21875929832458496 48387 0
0.7084047794342041 0.18965744972229004 48078 0
0.6998202800750732 0.200944185256958 47337 0
0.7182397842407227 0.2092883586883545 43484 0
0.7203586101531982 0.18520879745483398 47562 0
0.7259025573730469 0.16654562950134277 47143 0
0.749443531036377 0.14092779159545898 47779 0
0.7034640312194824 0.196183443069458 48800 0
0.7146282196044922 0.2008833885192871 48300 0
0.720684289932251 0.1775825023651123 47599 0
0.7033267021179199 0.1914684772491455 47383 0
0.6902942657470703 0.1817474365234375 43607 0
0.7083768844604492 0.1587543487548828 46029 0
0.7000744342803955 0.19336152076721191 51491 0
0.7212519645690918 0.21145176887512207 50964 0
0.7350053787231445 0.19523382186889648 51061 0
0.7325460910797119 0.18826627731323242 52128 0
0.7349462509155273 0.1745891571044922 51929 0
0.765099048614502 0.13125967979431152 51896 0
0.7052803039550781 0.2233598232269287 51917 0
0.7365126609802246 0.21752643585205078 50787 0
0.7256431579589844 0.22875165939331055 50175 0
0.7153301239013672 0.20707201957702637 51318 0
0.7992129325866699 0.13804030418395996 49186 0
0.7115278244018555 0.14141154289245605 49576 0
0.7171564102172852 0.20066356658935547 50199 0
0.74507737159729 0.1323997974395752 50823 0
0.7060108184814453 0.21258211135864258 51604 0
0.7056968212127686 0.19850921630859375 51930 0
0.7020971775054932 0.21193766593933105 50838 0
0.7125527858734131 0.22612595558166504 51496 0
0.7408640384674072 0.20932650566101074 51152 0
0.7536478042602539 0.17465758323669434 50621 0
0.7294678688049316 0.21593475341796875 49983 0
0.7006728649139404 0.21616625785827637 49548 0
0.6934092044830322 0.220611572265625 50243 0
0.7339770793914795 0.21545839309692383 49292 0
0.7067961692810059 0.174943208694458 49250 0
0.7422950267791748 0.12728071212768555 50237 0
0.7342531681060791 0.18271183967590332 49312 0
0.7100036144256592 0.20975136756896973 50861 0
0.695685625076294 0.2042067050933838 51257 0
0.7193949222564697 0.1951901912689209 51015 0
0.6936609745025635 0.19453144073486328 50009 0
0.7377223968505859 0.17539167404174805 51063 0
0.7567811012268066 0.18854713439941406 50341 0
0.7375686168670654 0.21182537078857422 49991 0
0.7399373054504395 0.1504344940185547 49026 0
0.7276763916015625 0.17938232421875 49489 0
0.7042152881622314 0.2066819667816162 48941 0
0.721937894821167 0.2185816764831543 50188 0
0.7484397888183594 0.1507859230041504 50744 0
0.7034091949462891 0.1643357276916504 49442 0
0.7051677703857422 0.1847987174987793 49566 0
0.717902421951294 0.20007538795471191 49073 0
0.7154173851013184 0.15679097175598145 50381 0
0.7023723125457764 0.2155776023864746 48870 0
0.7560701370239258 0.21680402755737305 49547 0
0.7429256439208984 0.19074583053588867 49473 0
0.7152562141418457 0.20812368392944336 48212 0
0.7162349224090576 0.2079610824584961 49874 0
0.728114128112793 0.22395920753479004 50831 0
0.7325668334960938 0.19455814361572266 49572 0
0.7426376342773438 0.19260811805725098 51707 0
0.7636570930480957 0.14783000946044922 50784 0
0.7318234443664551 0.2069718837738037 49962 0
0.7344789505004883 0.20818638801574707 50479 0
0.7081882953643799 0.2038431167602539 49562 0
0.7312061786651611 0.1831684112548828 49262 0
0.7233917713165283 0.20645785331726074 49167 0
0.6877803802490234 0.18059349060058594 50019 0
0.6952693462371826 0.19662070274353027 50132 0
0.7238771915435791 0.186384916305542 50394 0
0.7106316089630127 0.2060716152191162 50226 0
0.7227027416229248 0.1606311798095703 51139 0
0.7346048355102539 0.19343328475952148 50525 0
0.7310316562652588 0.19655346870422363 51416 0
0.6992123126983643 0.20329785346984863 52744 0
0.7168490886688232 0.18866252899169922 50492 0
0.7106227874755859 0.2056291103363037 51837 0
0.7422878742218018 0.1894841194152832 51686 0
0.7151727676391602 0.21146035194396973 51570 0
0.7464115619659424 0.15180158615112305 50622 0
0.7093255519866943 0.20484137535095215 49797 0
0.7196297645568848 0.17215657234191895 50105 0
0.719428539276123 0.18405652046203613 48317 0
0.7624695301055908 0.14563584327697754 52521 0
0.7372772693634033 0.1932353973388672 52056 0
0.7357511520385742 0.18724441528320312 52154 0
0.7193126678466797 0.2037522792816162 51624 0
0.681189775466919 0.20772409439086914 52395 0
0.7082219123840332 0.2209165096282959 53475 0
0.7333619594573975 0.18526148796081543 53153 0
0.7376203536987305 0.18403148651123047 53143 0
0.7117400169372559 0.18039512634277344 52823 0
0.7088804244995117 0.18288278579711914 47251 0
0.7127161026000977 0.21078896522521973 45815 0
0.7199878692626953 0.21212387084960938 51152 0
0.7674295902252197 0.1466081142425537 54918 0
0.7339718341827393 0.20938825607299805 48699 0
0.7145254611968994 0.1750032901763916 52134 0
0.7482419013977051 0.1398787498474121 47647 0
0.7107007503509521 0.18841052055358887 48397 0
0.7234838008880615 0.21303629875183105 49060 0
0.6910712718963623 0.14641809463500977 49837 0
0.73111891746521 0.19158387184143066 50650 0
0.7008748054504395 0.20966339111328125 49464 0
0.7115015983581543 0.20932245254516602 51468 0
0.7341029644012451 0.16467571258544922 50726 0
0.7203431129455566 0.18669891357421875 46982 0
0.7052860260009766 0.2171154022216797 53556 0
0.7078371047973633 0.14603614807128906 51044 0
0.6986839771270752 0.19859051704406738 49868 0
0.7158589363098145 0.21871638298034668 53226 0
0.7512037754058838 0.20519042015075684 54036 0
0.718839168548584 0.14150452613830566 47104 0
0.6918635368347168 0.19115996360778809 53723 0
0.7388520240783691 0.1696457862854004 54458 0
0.7036666870117188 0.19173860549926758 54799 0
0.7499098777770996 0.19443511962890625 53875 0
0.7215561866760254 0.2068490982055664 55152 0
0.7505385875701904 0.16493773460388184 54438 0
0.727076530456543 0.16210722923278809 55474 0
0.7377605438232422 0.20520830154418945 53262 0
0.7217001914978027 0.19069647789001465 54581 0
0.7298920154571533 0.20618987083435059 56455 0
0.769378662109375 0.13247942924499512 55304 0
0.7398600578308105 0.1414637565612793 54399 0
0.7547781467437744 0.1463942527770996 53370 0
0.7502672672271729 0.18880510330200195 53131 0
0.7311277389526367 0.21184158325195312 53667 0
0.7489006519317627 0.1765587329864502 53770 0
0.7010977268218994 0.205641508102417 54126 0
0.7466235160827637 0.17586827278137207 52934 0
0.7478485107421875 0.12471961975097656 54374 0
0.7511913776397705 0.21334123611450195 54530 0
0.7411544322967529 0.21095514297485352 52842 0
0.7433738708496094 0.1557145118713379 54490 0
0.725008487701416 0.13818025588989258 55433 0
0.70735764503479 0.1859138011932373 49605 0
0.7177488803863525 0.21242976188659668 54874 0
0.7540371417999268 0.19374370574951172 51908 0
0.7328901290893555 0.21228933334350586 52313 0
0.7697670459747314 0.17012333869934082 54849 0
0.7288691997528076 0.2087116241455078 54595 0
0.7328193187713623 0.136735200881958 50284 0
0.7240564823150635 0.17505216598510742 54877 0
0.6983959674835205 0.18783354759216309 54074 0
0.730872392654419 0.20836877822875977 54695 0
0.7086265087127686 0.20732855796813965 54192 0
0.749439001083374 0.21895885467529297 54552 0
0.7314066886901855 0.207319974899292 54528 0
0.7480373382568359 0.20957064628601074 54165 0
0.7288806438446045 0.1728496551513672 55767 0
0.7404749393463135 0.19722318649291992 56554 0
0.7653748989105225 0.1358470916748047 54803 0
0.757706880569458 0.20067644119262695 55334 0
0.7490086555480957 0.193772554397583 55558 0
0.7458014488220215 0.21502470970153809 56203 0
0.7277264595031738 0.1513195037841797 56748 0
0.7256627082824707 0.19489312171936035 54672 0
0.7018458843231201 0.1392512321472168 54824 0
0.7577664852142334 0.21863818168640137 54347 0
0.7456235885620117 0.20594501495361328 55340 0
0.7430531978607178 0.17290973663330078 54816 0
0.7809126377105713 0.1590871810913086 55453 0
0.7166421413421631 0.21642255783081055 53061 0
0.7277162075042725 0.18263912200927734 55676 0
0.7290606498718262 0.177323579788208 56875 0
0.7563848495483398 0.1418318748474121 50244 0
0.7464685440063477 0.2120378017425537 55518 0
0.7447676658630371 0.20481348037719727 55931 0
0.7386112213134766 0.18609857559204102 55083 0
0.7569119930267334 0.21512389183044434 57023 0
0.7315671443939209 0.19326400756835938 57135 0
0.7159361839294434 0.1981358528137207 53444 0
0.7054469585418701 0.21103882789611816 58229 0
0.767794132232666 0.19289875030517578 56978 0
0.730971097946167 0.17868828773498535 57653 0
0.7088918685913086 0.20488929748535156 56421 0
0.7347700595855713 0.21739530563354492 53905 0
0.7844312191009521 0.163405179977417 53905 0
0.7343311309814453 0.16077303886413574 53161 0
0.751725435256958 0.1774911880493164 53611 0
0.717731237411499 0.20833611488342285 53621 0
0.7470266819000244 0.1903374195098877 52519 0
0.7506587505340576 0.1850142478942871 53411 0
0.7435319423675537 0.20479488372802734 52943 0
0.7242164611816406 0.21845316886901855 52226 0
0.7360589504241943 0.20532941818237305 51833 0
0.7260327339172363 0.2013399600982666 51901 0
0.7173020839691162 0.19377994537353516 52886 0
0.7755770683288574 0.14828181266784668 52915 0
0.7068021297454834 0.2175123691558838 53468 0
0.7308578491210938 0.21172165870666504 51875 0
0.7392978668212891 0.14943647384643555 52375 0
0.7169551849365234 0.20240330696105957 52509 0
0.7238004207611084 0.2050173282623291 53125 0
0.7199444770812988 0.1930842399597168 51782 0
0.7042615413665771 0.19468975067138672 51886 0
0.7074985504150391 0.22951054573059082 51200 0
0.7147154808044434 0.21861696243286133 51629 0
0.7323074340820312 0.17942047119140625 51341 0
0.7410712242126465 0.21669363975524902 52691 0
0.7213883399963379 0.20697736740112305 52977 0
0.7131965160369873 0.21062254905700684 53154 0
0.7058737277984619 0.20922613143920898 51663 0
0.7397580146789551 0.14399123191833496 52854 0
0.70070481300354 0.1751387119293213 52986 0
