0.48003292083740234 0.15375566482543945 95151 0
0.46624016761779785 0.21936988830566406 95091 0
0.45792555809020996 0.1438157558441162 97442 0
0.4705350399017334 0.1429424285888672 95855 0
0.4819324016571045 0.15000605583190918 98556 0
0.4936671257019043 0.13867735862731934 101666 0
0.5299098491668701 0.1255042552947998 100815 0
0.4633781909942627 0.1847684383392334 99751 0
0.46610307693481445 0.16183876991271973 98668 0
0.49903011322021484 0.14639568328857422 99805 0
0.47966480255126953 0.13460755348205566 96228 0
0.4868767261505127 0.17177176475524902 94562 0
0.4880197048187256 0.1365373134613037 99038 0
0.4613473415374756 0.18831825256347656 96380 0
0.48784470558166504 0.16546201705932617 83060 0
0.4788703918457031 0.13179707527160645 96557 0
0.4787726402282715 0.15815949440002441 93562 0
0.46241164207458496 0.14797115325927734 91760 0
0.47795963287353516 0.14986014366149902 89165 0
0.48656392097473145 0.19644999504089355 94470 0
0.47685837745666504 0.1466813087463379 94256 0
0.4994502067565918 0.18505501747131348 91945 0
0.467165470123291 0.13579463958740234 95192 0
0.47022581100463867 0.17157816886901855 98516 0
0.4794647693634033 0.13919830322265625 98601 0
0.4851088523864746 0.13405585289001465 97524 0
0.486483097076416 0.12034296989440918 90584 0
0.47452616691589355 0.1299285888671875 96017 0
0.4813802242279053 0.1782393455505371 97421 0
0.47322988510131836 0.12360715866088867 92621 0
0.4739840030670166 0.21621394157409668 96617 0
0.477092981338501 0.14804673194885254 98123 0
0.47313499450683594 0.15096449851989746 95199 0
0.4689462184906006 0.2022397518157959 95961 0
0.4502871036529541 0.14955568313598633 91875 0
0.4644041061401367 0.151777982711792 99369 0
0.4575667381286621 0.20938682556152344 103923 0
0.47833752632141113 0.15560197830200195 100531 0
0.4217393398284912 0.14281892776489258 103034 0
0.48403072357177734 0.1462998390197754 97737 0
0.4694528579711914 0.1832902431488037 92608 0
0.4793109893798828 0.15169453620910645 94449 0
0.47434210777282715 0.14699769020080566 99802 0
0.4784083366394043 0.12920522689819336 99087 0
0.47194957733154297 0.1729745864868164 88786 0
0.477764368057251 0.19740629196166992 97995 0
0.4731590747833252 0.21264171600341797 100401 0
0.4613382816314697 0.20438051223754883 97808 0
0.4687364101409912 0.1298668384552002 100058 0
0.46702003479003906 0.2011430263519287 99341 0
0.47508978843688965 0.20598983764648438 99098 0
0.4762721061706543 0.15758442878723145 99804 0
0.4833381175994873 0.16187596321105957 99609 0
0.4972410202026367 0.16674423217773438 100289 0
0.4190711975097656 0.14446353912353516 100701 0
0.4624300003051758 0.16642117500305176 100690 0
0.4723193645477295 0.12593841552734375 100818 0
0.48368048667907715 0.14660382270812988 102075 0
0.47537899017333984 0.15770697593688965 101842 0
0.48009467124938965 0.1456902027130127 101341 0
0.4502286911010742 0.18076539039611816 98881 0
0.4403717517852783 0.1415848731994629 99464 0
0.47347354888916016 0.13781189918518066 98975 0
0.49120521545410156 0.13667058944702148 97903 0
0.4801046848297119 0.13317275047302246 95626 0
0.48380088806152344 0.21044564247131348 98168 0
0.48923778533935547 0.14425063133239746 98508 0
0.5030298233032227 0.14003467559814453 99985 0
0.49663496017456055 0.14767718315124512 98610 0
0.4983973503112793 0.19435858726501465 97796 0
0.47472548484802246 0.1424555778503418 96666 0
0.4761464595794678 0.15029501914978027 94296 0
0.468822717666626 0.1690046787261963 98704 0
0.46451354026794434 0.1670396327972412 96396 0
0.4727318286895752 0.19911503791809082 83838 0
0.4690217971801758 0.17530083656311035 97575 0
0.4889864921569824 0.15691733360290527 96363 0
0.49407100677490234 0.140671968460083 93471 0
0.47189879417419434 0.15054559707641602 95267 0
0.4502561092376709 0.1400296688079834 94200 0
0.46665215492248535 0.14599180221557617 97489 0
0.4685204029083252 0.12720322608947754 98049 0
0.4686717987060547 0.2116258144378662 96226 0
0.4767322540283203 0.1604626178741455 95964 0
0.4915452003479004 0.13855624198913574 98555 0
0.4867424964904785 0.13217687606811523 98259 0
0.4589695930480957 0.21310091018676758 94129 0
0.47098326683044434 0.19680118560791016 98140 0
0.4834022521972656 0.14773917198181152 97820 0
0.4902222156524658 0.16261696815490723 99473 0
0.4975910186767578 0.15419292449951172 98018 0
0.45789241790771484 0.13150501251220703 97962 0
0.4429488182067871 0.13987302780151367 97389 0
0.4710042476654053 0.14567875862121582 94749 0
0.46840453147888184 0.14746904373168945 97880 0
0.4700508117675781 0.17561554908752441 97985 0
0.49179720878601074 0.17774176597595215 83894 0
0.4734232425689697 0.21831941604614258 98203 0
0.4768331050872803 0.15463900566101074 99084 0
0.4431180953979492 0.1228494644165039 94122 0
0.4901742935180664 0.1329951286315918 96136 0
0.47739553451538086 0.2015235424041748 96857 0
0.46492528915405273 0.15135884284973145 97921 0
0.4662916660308838 0.1448047161102295 101116 0
0.4732215404510498 0.19498610496520996 100390 0
0.5023963451385498 0.211273193359375 99481 0
0.46187591552734375 0.15519380569458008 100041 0
0.4620511531829834 0.18856120109558105 102409 0
0.4797780513763428 0.13259410858154297 101491 0
0.4229142665863037 0.18501734733581543 100692 0
0.4665076732635498 0.15288162231445312 99872 0
0.4693334102630615 0.1449413299560547 98833 0
0.49080586433410645 0.17109274864196777 99935 0
0.47642970085144043 0.20267677307128906 100594 0
0.48654794692993164 0.14148283004760742 97507 0
0.4776449203491211 0.17938613891601562 99968 0
0.4773104190826416 0.1454918384552002 91013 0
0.47391366958618164 0.16159534454345703 100246 0
0.4751739501953125 0.14229226112365723 100032 0
0.5005574226379395 0.21291565895080566 100532 0
0.44564032554626465 0.1408238410949707 97707 0
0.4814765453338623 0.15198349952697754 98980 0
0.48046183586120605 0.12950921058654785 98756 0
0.47656750679016113 0.18579697608947754 95634 0
0.48103761672973633 0.16023969650268555 98379 0
0.4722452163696289 0.16179752349853516 99253 0
0.4435245990753174 0.14000940322875977 84637 0
0.4733107089996338 0.14841485023498535 96209 0
0.4728703498840332 0.13140153884887695 87935 0
0.49041152000427246 0.14351415634155273 90198 0
0.47629547119140625 0.18326163291931152 93422 0
0.45863962173461914 0.14832210540771484 93144 0
0.4724271297454834 0.18602371215820312 90841 0
0.48357582092285156 0.14153027534484863 95585 0
0.47186875343322754 0.2143840789794922 96960 0
0.46631455421447754 0.13498711585998535 98503 0
0.47699809074401855 0.14827823638916016 98084 0
0.4850783348083496 0.1732313632965088 99082 0
0.463329553604126 0.16190600395202637 96921 0
0.4961884021759033 0.19221162796020508 97929 0
0.46637415885925293 0.15347695350646973 100166 0
0.4762308597564697 0.1949293613433838 100418 0
0.46697568893432617 0.20952081680297852 98494 0
0.49187755584716797 0.18915915489196777 99816 0
0.48006534576416016 0.16936540603637695 97993 0
0.4627494812011719 0.1946275234222412 102836 0
0.47309350967407227 0.21478986740112305 101028 0
0.4962902069091797 0.13768386840820312 98682 0
0.4862101078033447 0.149017333984375 95563 0
0.45421576499938965 0.16151046752929688 95195 0
0.4711878299713135 0.14001870155334473 100977 0
0.47199201583862305 0.14049839973449707 105609 0
0.463486909866333 0.15288376808166504 104519 0
0.47104454040527344 0.1972367763519287 102250 0
0.4821176528930664 0.16095209121704102 103122 0
0.49263834953308105 0.13224482536315918 100994 0
0.4621279239654541 0.15057778358459473 85971 0
0.46578240394592285 0.13456010818481445 96919 0
0.4771387577056885 0.14353346824645996 98750 0
0.47667384147644043 0.1442573070526123 91445 0
0.4759202003479004 0.14348077774047852 91406 0
0.46335554122924805 0.14705467224121094 92405 0
0.43979954719543457 0.13976407051086426 90791 0
0.4860992431640625 0.1543564796447754 92353 0
0.46922826766967773 0.17562580108642578 97200 0
0.43766331672668457 0.14246177673339844 93822 0
0.4769904613494873 0.17519402503967285 94100 0
0.48577165603637695 0.15244579315185547 98933 0
0.47165465354919434 0.13706159591674805 96017 0
0.4696238040924072 0.198317289352417 102277 0
0.4424300193786621 0.19759154319763184 96055 0
0.46852636337280273 0.2187209129333496 100272 0
0.49429965019226074 0.15099263191223145 100042 0
0.46675705909729004 0.15511536598205566 101709 0
0.4706881046295166 0.17368149757385254 100490 0
0.4604678153991699 0.15071725845336914 101540 0
0.4878721237182617 0.13305306434631348 95663 0
0.4695401191711426 0.12597894668579102 101995 0
0.4794027805328369 0.21541929244995117 103149 0
0.48829078674316406 0.1921074390411377 102480 0
0.46452856063842773 0.1322343349456787 100626 0
0.48244571685791016 0.16715312004089355 99410 0
0.4923272132873535 0.18180084228515625 100064 0
0.4989476203918457 0.17519259452819824 96771 0
0.5138306617736816 0.20340991020202637 99496 0
0.5068762302398682 0.21882843971252441 99890 0
0.47310614585876465 0.19372963905334473 86213 0
0.4691743850708008 0.20669841766357422 101165 0
0.4672667980194092 0.1857597827911377 101627 0
0.49753856658935547 0.20238637924194336 96368 0
0.46431994438171387 0.13319110870361328 97942 0
0.4891214370727539 0.16375517845153809 99650 0
0.466292142868042 0.13621139526367188 100462 0
0.47466087341308594 0.14022541046142578 100992 0
0.46297430992126465 0.14847230911254883 100390 0
0.4677135944366455 0.20377063751220703 98958 0
0.44993066787719727 0.15204381942749023 99571 0
0.4736146926879883 0.17225933074951172 100730 0
0.4366908073425293 0.18025875091552734 100391 0
0.47171640396118164 0.20350861549377441 99498 0
0.49333882331848145 0.14268207550048828 94764 0
0.45754456520080566 0.14700841903686523 86400 0
0.47313618659973145 0.15953850746154785 82989 0
0.4839475154876709 0.146270751953125 84478 0
0.46117258071899414 0.11993026733398438 83296 0
0.4926164150238037 0.19890809059143066 86506 0
0.45478034019470215 0.16429662704467773 84991 0
0.465425968170166 0.15951132774353027 85989 0
0.4710063934326172 0.15613222122192383 87971 0
0.49843692779541016 0.2128891944885254 87213 0
0.48893189430236816 0.18102669715881348 86157 0
0.4817173480987549 0.14622282981872559 88197 0
0.4850454330444336 0.14335870742797852 86470 0
0.46140289306640625 0.17615628242492676 85304 0
0.458148717880249 0.1562492847442627 85654 0
0.4654536247253418 0.18803906440734863 83782 0
0.45701122283935547 0.13868498802185059 84281 0
0.4687647819519043 0.14650464057922363 79972 0
0.46643781661987305 0.18238329887390137 85545 0
0.4666156768798828 0.14859437942504883 86589 0
0.4379701614379883 0.12287139892578125 87044 0
0.45240330696105957 0.13742446899414062 86370 0
0.45706653594970703 0.20117521286010742 86065 0
0.47644782066345215 0.14069128036499023 86806 0
0.4694805145263672 0.1244053840637207 86412 0
0.4683701992034912 0.13625884056091309 85566 0
0.46288394927978516 0.19328546524047852 86056 0
0.42413759231567383 0.15381121635437012 86473 0
0.48416614532470703 0.13756680488586426 85344 0
0.45839881896972656 0.17376136779785156 86503 0
0.45528101921081543 0.16692185401916504 86908 0
0.4434700012207031 0.15980267524719238 85340 0
0.48583412170410156 0.12989521026611328 84688 0
0.4847846031188965 0.14737153053283691 85234 0
0.46195316314697266 0.14962220191955566 87249 0
0.478715181350708 0.1616814136505127 87045 0
0.47106313705444336 0.19246673583984375 86652 0
0.4708278179168701 0.20487093925476074 85546 0
0.49239468574523926 0.15221357345581055 86005 0
0.47720885276794434 0.16969585418701172 85290 0
0.4853177070617676 0.17731738090515137 84524 0
0.5027432441711426 0.17627596855163574 85411 0
0.49298644065856934 0.14432978630065918 86640 0
0.4772474765777588 0.1344308853149414 85121 0
0.47006678581237793 0.14556574821472168 86221 0
0.46671509742736816 0.1499955654144287 85378 0
0.45684814453125 0.15904736518859863 85079 0
0.4865899085998535 0.1941394805908203 80047 0
0.48819828033447266 0.1404399871826172 84552 0
0.47396254539489746 0.15038728713989258 84927 0
0.47218990325927734 0.15697216987609863 85608 0
0.4595212936401367 0.22610974311828613 84850 0
0.47133374214172363 0.16411399841308594 84936 0
0.47118234634399414 0.1608583927154541 85915 0
0.47379016876220703 0.20882129669189453 86053 0
0.4643690586090088 0.16105437278747559 85450 0
0.47534728050231934 0.1343555450439453 86051 0
0.4550139904022217 0.17705965042114258 84709 0
0.4821815490722656 0.21587705612182617 83778 0
0.48120784759521484 0.14424467086791992 83972 0
0.4938328266143799 0.13039422035217285 84513 0
0.46715426445007324 0.14104056358337402 84310 0
0.496720552444458 0.1543431282043457 85500 0
0.44914984703063965 0.14417481422424316 84848 0
0.4674229621887207 0.14651799201965332 85500 0
0.45452404022216797 0.14738178253173828 85491 0
0.4650263786315918 0.17250895500183105 86509 0
0.47093892097473145 0.15850448608398438 85509 0
0.47318077087402344 0.1833021640777588 85831 0
0.46622204780578613 0.19328594207763672 86324 0
0.46765565872192383 0.21350574493408203 84776 0
0.47649121284484863 0.20613503456115723 84991 0
0.44211483001708984 0.1348569393157959 86482 0
0.44585180282592773 0.13907098770141602 90996 0
0.4755675792694092 0.19830918312072754 91323 0
0.4750809669494629 0.2036898136138916 86500 0
0.45946621894836426 0.14696121215820312 97721 0
0.46306729316711426 0.15696358680725098 92573 0
0.47518467903137207 0.1604933738708496 96491 0
0.46219420433044434 0.184645414352417 94448 0
0.4923863410949707 0.19755935668945312 91465 0
0.48010849952697754 0.17317628860473633 92412 0
0.47928357124328613 0.13819670677185059 93243 0
0.47325754165649414 0.1405935287475586 92655 0
0.493488073348999 0.19095945358276367 91439 0
0.494952917098999 0.17110562324523926 90932 0
0.46485447883605957 0.1869218349456787 87248 0
0.4579586982727051 0.19208025932312012 87143 0
0.46009087562561035 0.19756722450256348 83291 0
0.4889359474182129 0.13208436965942383 85619 0
0.4686439037322998 0.1838994026184082 86529 0
0.4390387535095215 0.14544939994812012 84760 0
0.4766559600830078 0.1476893424987793 85153 0
0.46658825874328613 0.16640114784240723 85823 0
0.4741952419281006 0.17982172966003418 85071 0
0.48388195037841797 0.14968442916870117 85732 0
0.47876954078674316 0.15833806991577148 86151 0
0.47697997093200684 0.14661264419555664 87337 0
0.458085298538208 0.13593077659606934 86930 0
0.4692559242248535 0.20655417442321777 77478 0
0.4668734073638916 0.14900946617126465 88238 0
0.4637491703033447 0.14342141151428223 87847 0
0.464202880859375 0.15832281112670898 85907 0
0.4929838180541992 0.1817638874053955 87994 0
0.45287322998046875 0.20026135444641113 87444 0
0.49373745918273926 0.1990361213684082 87696 0
0.4530820846557617 0.18544721603393555 87732 0
0.47261476516723633 0.20348358154296875 86938 0
0.4813570976257324 0.1698765754699707 86147 0
0.43251585960388184 0.17598819732666016 85704 0
0.4889681339263916 0.14539313316345215 84735 0
0.47458934783935547 0.17503881454467773 85408 0
0.46249842643737793 0.1550455093383789 86703 0
0.45976710319519043 0.1928105354309082 87278 0
0.5070898532867432 0.13225436210632324 87188 0
0.4687175750732422 0.21006536483764648 87329 0
0.4802234172821045 0.18851566314697266 87188 0
0.4568765163421631 0.14662599563598633 86451 0
0.48049211502075195 0.14064264297485352 86782 0
0.4863851070404053 0.15952324867248535 86384 0
0.47383880615234375 0.1453566551208496 85590 0
0.5197720527648926 0.20642757415771484 86264 0
0.47581052780151367 0.1923367977142334 85770 0
0.4842073917388916 0.18376469612121582 86551 0
0.481034517288208 0.13513493537902832 85257 0
0.4751591682434082 0.14866065979003906 84489 0
0.46812891960144043 0.15652799606323242 84513 0
0.4819657802581787 0.1460578441619873 87061 0
0.44753193855285645 0.18226337432861328 86474 0
0.45983004570007324 0.254150390625 75954 0
0.4698958396911621 0.18886160850524902 85071 0
0.4692211151123047 0.20476412773132324 87028 0
0.46759605407714844 0.2231292724609375 84231 0
0.4741084575653076 0.2052319049835205 87699 0
0.47208547592163086 0.16222023963928223 90105 0
0.4731776714324951 0.14473319053649902 86419 0
0.4718759059906006 0.14903044700622559 88166 0
0.47877955436706543 0.1469109058380127 87400 0
0.4683380126953125 0.14335870742797852 86557 0
0.46700024604797363 0.17573761940002441 86547 0
0.48083996772766113 0.18280339241027832 85794 0
0.45954442024230957 0.12177658081054688 86850 0
0.4751160144805908 0.15744972229003906 86309 0
0.4755704402923584 0.15101408958435059 86052 0
0.46613240242004395 0.18316054344177246 86355 0
0.4659919738769531 0.21107864379882812 86842 0
0.4629397392272949 0.16350007057189941 87560 0
0.5084371566772461 0.13184165954589844 86816 0
0.4929389953613281 0.11922526359558105 86910 0
0.49865293502807617 0.18878459930419922 86501 0
0.44908595085144043 0.17623114585876465 85507 0
0.45626044273376465 0.1504819393157959 86020 0
0.4686727523803711 0.13768911361694336 84963 0
0.46373820304870605 0.13721394538879395 86396 0
0.46724414825439453 0.1550605297088623 86203 0
0.4293179512023926 0.14019036293029785 85489 0
0.4661076068878174 0.19218969345092773 83824 0
0.4701573848724365 0.1771531105041504 87083 0
0.45920658111572266 0.17528557777404785 86346 0
0.47101521492004395 0.13400697708129883 74929 0
0.4452085494995117 0.15901756286621094 84470 0
0.483365535736084 0.17301011085510254 84922 0
0.449169397354126 0.18418431282043457 82101 0
0.43042731285095215 0.15028762817382812 87114 0
0.47530603408813477 0.2106304168701172 87327 0
0.4695899486541748 0.16492223739624023 80080 0
0.4761035442352295 0.12665748596191406 74070 0
0.45575571060180664 0.14149141311645508 85677 0
0.4306464195251465 0.1579902172088623 87238 0
0.4874424934387207 0.15038299560546875 89661 0
0.45847225189208984 0.12939214706420898 89326 0
0.47136354446411133 0.14645099639892578 87826 0
0.466555118560791 0.15522098541259766 89127 0
0.4605448246002197 0.18642663955688477 87674 0
0.4501004219055176 0.14546632766723633 86995 0
0.46828722953796387 0.1469738483428955 76524 0
0.47257518768310547 0.1605222225189209 74955 0
0.46308112144470215 0.15038609504699707 86808 0
0.46763038635253906 0.16960787773132324 87483 0
0.4811427593231201 0.12443947792053223 85504 0
0.4788205623626709 0.1937108039855957 86630 0
0.47437524795532227 0.23016357421875 86390 0
0.4865562915802002 0.20025849342346191 86421 0
0.4640336036682129 0.14351367950439453 88089 0
0.47065305709838867 0.1376338005065918 88205 0
0.473529577255249 0.15481138229370117 87597 0
0.4694843292236328 0.1822199821472168 85797 0
0.4652106761932373 0.13601255416870117 88055 0
0.47406506538391113 0.13685917854309082 87614 0
0.4555516242980957 0.14125514030456543 80619 0
0.4656643867492676 0.1527111530303955 87116 0
0.4886500835418701 0.12430000305175781 86564 0
0.47139954566955566 0.20390009880065918 86285 0
0.45780205726623535 0.13501715660095215 86794 0
0.47297072410583496 0.18211793899536133 86458 0
0.4718785285949707 0.14587688446044922 86519 0
0.4662024974822998 0.13669037818908691 85020 0
0.48212647438049316 0.20114684104919434 86396 0
0.47853517532348633 0.17511725425720215 85732 0
0.49242472648620605 0.14266228675842285 84853 0
0.4756157398223877 0.14717793464660645 84452 0
0.47150158882141113 0.12799501419067383 84317 0
0.47379493713378906 0.16090011596679688 84059 0
0.4670896530151367 0.1744382381439209 84156 0
0.4781951904296875 0.13671278953552246 86039 0
0.4644327163696289 0.18035531044006348 85509 0
0.46863269805908203 0.14519953727722168 83454 0
0.49899935722351074 0.12384915351867676 82451 0
0.4805409908294678 0.1598494052886963 83174 0
0.47678208351135254 0.19880223274230957 81623 0
0.4895894527435303 0.149064302444458 73744 0
0.4687225818634033 0.17862367630004883 82039 0
0.4863581657409668 0.19895267486572266 81019 0
0.49283766746520996 0.15715384483337402 82282 0
0.48470354080200195 0.14756393432617188 80425 0
0.4676632881164551 0.20817136764526367 81722 0
0.4722452163696289 0.13112926483154297 82148 0
0.4496903419494629 0.13002800941467285 80414 0
0.49340224266052246 0.17506003379821777 81089 0
0.476548433303833 0.18223285675048828 81553 0
0.48681068420410156 0.13769078254699707 81949 0
0.4661436080932617 0.14731788635253906 82014 0
0.44323039054870605 0.1519935131072998 81149 0
0.48220300674438477 0.13286399841308594 81231 0
0.4613492488861084 0.16856837272644043 80805 0
0.45981931686401367 0.2144620418548584 81535 0
0.4330599308013916 0.16304850578308105 80569 0
0.4304535388946533 0.1522979736328125 80534 0
0.4837932586669922 0.14514875411987305 80532 0
0.454118013381958 0.13760089874267578 81159 0
0.47095370292663574 0.2333674430847168 80883 0
0.4436323642730713 0.14809823036193848 82815 0
0.4887235164642334 0.14777445793151855 82753 0
0.5033736228942871 0.12943005561828613 80753 0
0.49704957008361816 0.1300945281982422 82329 0
0.4459214210510254 0.1941540241241455 80993 0
0.468350887298584 0.17554211616516113 80878 0
0.4509260654449463 0.20970726013183594 79373 0
0.4662957191467285 0.2141866683959961 79627 0
0.4721529483795166 0.2184126377105713 80859 0
0.4861581325531006 0.16469025611877441 71243 0
0.46611666679382324 0.195695161819458 80129 0
0.46559596061706543 0.16229891777038574 81202 0
0.4603610038757324 0.20074081420898438 81355 0
0.4846632480621338 0.16870880126953125 81196 0
0.49710607528686523 0.19142484664916992 81552 0
0.4865148067474365 0.1400001049041748 82191 0
0.48427414894104004 0.1541459560394287 80441 0
0.4774653911590576 0.1397695541381836 80213 0
0.44232749938964844 0.15958285331726074 83085 0
0.49262428283691406 0.15774011611938477 80502 0
0.4586207866668701 0.13155007362365723 80893 0
0.48152780532836914 0.1822986602783203 81029 0
0.44367313385009766 0.1552410125732422 80544 0
0.46315670013427734 0.1543583869934082 79796 0
0.44164299964904785 0.13266491889953613 80255 0
0.4650697708129883 0.13423418998718262 79319 0
0.4716193675994873 0.15245413780212402 80825 0
0.49364614486694336 0.17571115493774414 79970 0
0.485501766204834 0.1739664077758789 80678 0
0.4695615768432617 0.17735695838928223 80215 0
0.46701717376708984 0.17922544479370117 81842 0
0.4714953899383545 0.18962907791137695 80561 0
0.49333691596984863 0.1486189365386963 79354 0
0.4849708080291748 0.14820194244384766 80017 0
0.489288330078125 0.14339804649353027 80184 0
0.46128153800964355 0.1411275863647461 80002 0
0.45728564262390137 0.1522679328918457 78989 0
0.47931957244873047 0.15455389022827148 80171 0
0.4430699348449707 0.19921088218688965 78787 0
0.4763908386230469 0.15213274955749512 69609 0
0.47414517402648926 0.13644981384277344 77485 0
0.4854621887207031 0.14820575714111328 78598 0
0.4570906162261963 0.1929025650024414 78784 0
0.45859408378601074 0.14642834663391113 78034 0
0.4625823497772217 0.13955426216125488 79570 0
0.4635486602783203 0.14737510681152344 81068 0
0.4705829620361328 0.17179369926452637 80521 0
0.49426913261413574 0.17011594772338867 78920 0
0.46462583541870117 0.18521642684936523 79217 0
0.49646544456481934 0.20650100708007812 78946 0
0.48679161071777344 0.17685270309448242 79470 0
0.46645331382751465 0.20038986206054688 79408 0
0.4676370620727539 0.19349312782287598 78058 0
0.4844696521759033 0.14982104301452637 78867 0
0.4746417999267578 0.2051377296447754 79273 0
0.47537946701049805 0.18984270095825195 77436 0
0.4735550880432129 0.14091897010803223 76121 0
0.49727487564086914 0.18418502807617188 75976 0
0.48435306549072266 0.16905450820922852 77617 0
0.44240903854370117 0.16499662399291992 77159 0
0.4606478214263916 0.1616508960723877 78829 0
0.47959303855895996 0.13669729232788086 77967 0
0.46864819526672363 0.1591191291809082 79358 0
0.4717588424682617 0.15174269676208496 80080 0
0.4819600582122803 0.14144372940063477 79547 0
0.4703216552734375 0.13749957084655762 76459 0
0.4908888339996338 0.13730216026306152 73405 0
0.4720003604888916 0.14251041412353516 75514 0
0.471515417098999 0.17694830894470215 74029 0
0.4747462272644043 0.132371187210083 65700 0
0.47478723526000977 0.14237117767333984 74087 0
0.5029439926147461 0.19063067436218262 75153 0
0.4673576354980469 0.16360783576965332 74092 0
0.4848511219024658 0.19670343399047852 72544 0
0.4847991466522217 0.19627904891967773 72794 0
0.49620866775512695 0.14400792121887207 76299 0
0.4787726402282715 0.12938690185546875 75841 0
0.48566484451293945 0.14517736434936523 74898 0
0.4856688976287842 0.15176868438720703 75269 0
0.4728891849517822 0.1543738842010498 73379 0
0.48384952545166016 0.1732800006866455 72652 0
0.47246217727661133 0.20693230628967285 73125 0
0.5216200351715088 0.1281888484954834 72020 0
0.4857969284057617 0.14868402481079102 72226 0
0.47417545318603516 0.15113162994384766 72600 0
0.4799771308898926 0.1453087329864502 73264 0
0.47644591331481934 0.19806838035583496 75261 0
0.4799661636352539 0.13631534576416016 76275 0
0.4653608798980713 0.179213285446167 75310 0
0.4642183780670166 0.13567399978637695 73971 0
0.47733068466186523 0.16282987594604492 75374 0
0.46936750411987305 0.14110136032104492 73519 0
0.4528005123138428 0.14202666282653809 73725 0
0.4637928009033203 0.16819524765014648 73059 0
0.4624185562133789 0.14070701599121094 73476 0
0.4706459045410156 0.15621685981750488 73159 0
0.4736800193786621 0.13187670707702637 71276 0
0.49025797843933105 0.16918110847473145 73846 0
0.49187684059143066 0.2167050838470459 72672 0
0.464191198348999 0.13483023643493652 64645 0
0.46264052391052246 0.18947315216064453 71875 0
0.46118783950805664 0.1499042510986328 75071 0
0.4622361660003662 0.1602776050567627 73599 0
0.473909854888916 0.1840670108795166 72069 0
0.48632144927978516 0.15331149101257324 73896 0
0.4104602336883545 0.14775657653808594 73470 0
0.47990846633911133 0.13764476776123047 71563 0
0.4562795162200928 0.1511847972869873 76514 0
0.4689369201660156 0.21178245544433594 75851 0
0.46013426780700684 0.17892956733703613 64639 0
0.47563767433166504 0.14172959327697754 74070 0
0.4699361324310303 0.27004337310791016 76273 0
0.472745418548584 0.16893243789672852 75766 0
0.46454954147338867 0.13474130630493164 74451 0
0.46501731872558594 0.14941167831420898 76608 0
0.45769453048706055 0.20895934104919434 77618 0
0.48435235023498535 0.14168047904968262 78295 0
0.465008020401001 0.21573686599731445 78178 0
0.4756317138671875 0.18686532974243164 76644 0
0.4587385654449463 0.17701220512390137 76300 0
0.4580368995666504 0.15792560577392578 77015 0
0.47107625007629395 0.14373397827148438 77344 0
0.4630885124206543 0.17146801948547363 78640 0
0.4696922302246094 0.19426345825195312 77952 0
0.4632682800292969 0.15067148208618164 76884 0
0.46491146087646484 0.14666271209716797 72518 0
0.4700484275817871 0.20669150352478027 74900 0
0.47423458099365234 0.12915301322937012 78619 0
0.4705362319946289 0.1504368782043457 78312 0
0.48213982582092285 0.15617609024047852 79397 0
0.48356127738952637 0.13822388648986816 79572 0
0.4635775089263916 0.1568746566772461 77142 0
0.4463002681732178 0.14215731620788574 77805 0
0.506767749786377 0.183610200881958 78705 0
0.4791293144226074 0.1849656105041504 76777 0
0.459749698638916 0.1272282600402832 76452 0
0.4533383846282959 0.15771245956420898 76049 0
0.45867204666137695 0.14508914947509766 77540 0
0.48529982566833496 0.14747905731201172 76454 0
0.4587867259979248 0.1743791103363037 79357 0
0.43160557746887207 0.18992829322814941 76443 0
0.47177624702453613 0.16403412818908691 77759 0
0.4806172847747803 0.22430014610290527 77060 0
0.4648885726928711 0.1656339168548584 76172 0
0.4475362300872803 0.1373434066772461 76771 0
0.477308988571167 0.14247965812683105 72867 0
0.4676024913787842 0.1615009307861328 76693 0
0.457291841506958 0.1801621913909912 76113 0
0.44987034797668457 0.13707327842712402 66005 0
0.4604220390319824 0.13979506492614746 75887 0
0.463315486907959 0.15542101860046387 75625 0
0.48268961906433105 0.15013384819030762 75758 0
0.4512207508087158 0.1488654613494873 74623 0
0.47380995750427246 0.1899564266204834 74851 0
0.45958638191223145 0.18071317672729492 78955 0
0.4621896743774414 0.20096063613891602 77718 0
0.4617645740509033 0.18309783935546875 79274 0
0.4684572219848633 0.14464068412780762 79621 0
0.4740028381347656 0.1271677017211914 76605 0
0.47705578804016113 0.13933539390563965 77931 0
0.463991641998291 0.14447975158691406 77113 0
0.4619147777557373 0.20399832725524902 77742 0
0.4773709774017334 0.14124822616577148 77464 0
0.4519686698913574 0.14675498008728027 76796 0
0.457935094833374 0.20414137840270996 76989 0
0.45319056510925293 0.15425562858581543 79743 0
0.47068357467651367 0.13913536071777344 79996 0
0.465923547744751 0.1439507007598877 77878 0
0.4276540279388428 0.13958954811096191 79227 0
0.4548611640930176 0.1773974895477295 77706 0
0.49184155464172363 0.15581965446472168 77779 0
0.48255467414855957 0.1658775806427002 77189 0
0.48433613777160645 0.21189260482788086 78841 0
0.4734611511230469 0.1645650863647461 91975 0
0.45559215545654297 0.17761969566345215 95874 0
0.46862268447875977 0.16213464736938477 96618 0
0.4524526596069336 0.16244196891784668 96166 0
0.4740183353424072 0.15277552604675293 96895 0
0.4901559352874756 0.17540383338928223 95960 0
0.4796910285949707 0.14179539680480957 97580 0
0.45619654655456543 0.15236663818359375 96658 0
0.464430570602417 0.18336987495422363 99003 0
0.4819223880767822 0.14319825172424316 97945 0
0.4698629379272461 0.20406222343444824 95854 0
0.45909547805786133 0.14329123497009277 99393 0
0.465893030166626 0.14503884315490723 96307 0
0.478818416595459 0.15293264389038086 96620 0
0.4770948886871338 0.1483626365661621 98202 0
0.46608543395996094 0.15690922737121582 97147 0
0.471660852432251 0.16152381896972656 97806 0
0.4659848213195801 0.1396634578704834 96377 0
0.4704771041870117 0.18014192581176758 90117 0
0.4741659164428711 0.15192890167236328 96705 0
0.4754819869995117 0.1423487663269043 97036 0
0.4679145812988281 0.1700117588043213 98140 0
0.4785428047180176 0.1408374309539795 98423 0
0.44922924041748047 0.13777470588684082 98610 0
0.4749875068664551 0.17316460609436035 99250 0
0.47225260734558105 0.17693376541137695 97589 0
0.4768519401550293 0.16226530075073242 98690 0
0.4958643913269043 0.1443169116973877 98691 0
0.459197998046875 0.2031247615814209 87380 0
0.4798448085784912 0.14127159118652344 97572 0
0.49795079231262207 0.1280684471130371 97586 0
0.47519493103027344 0.21853232383728027 100100 0
0.47823071479797363 0.1388227939605713 99772 0
0.4952385425567627 0.1700727939605713 100484 0
0.4803316593170166 0.14910507202148438 101746 0
0.473956823348999 0.20570755004882812 101697 0
0.46315836906433105 0.20295357704162598 100929 0
0.4784371852874756 0.14754271507263184 102076 0
0.47643280029296875 0.16380953788757324 97444 0
0.49111032485961914 0.1661360263824463 101236 0
0.4817616939544678 0.1531202793121338 100572 0
0.45200681686401367 0.1452922821044922 99774 0
0.43854451179504395 0.13120365142822266 101799 0
0.5014841556549072 0.16926002502441406 100407 0
0.45511531829833984 0.15270686149597168 100067 0
0.48580074310302734 0.18434500694274902 101162 0
0.48143434524536133 0.17694973945617676 100529 0
0.4593019485473633 0.1516733169555664 102985 0
0.4685070514678955 0.19963955879211426 94624 0
0.4837040901184082 0.13062024116516113 101071 0
0.49253153800964355 0.21594786643981934 103722 0
0.45806407928466797 0.1243901252746582 103069 0
0.47492527961730957 0.13967514038085938 101321 0
0.46047019958496094 0.1491985321044922 100778 0
0.47154903411865234 0.17667937278747559 101525 0
0.4799199104309082 0.14732885360717773 97569 0
0.4739658832550049 0.21437954902648926 101238 0
0.49316883087158203 0.20727920532226562 103550 0
0.49328112602233887 0.13613462448120117 89536 0
0.48388099670410156 0.1707780361175537 101332 0
0.4827880859375 0.14930510520935059 99557 0
0.4994809627532959 0.1921854019165039 99926 0
0.4811818599700928 0.1514723300933838 103293 0
0.4714319705963135 0.2139894962310791 103208 0
0.4872879981994629 0.17783451080322266 99616 0
0.47199368476867676 0.21573376655578613 104414 0
0.496229887008667 0.15163111686706543 103172 0
0.47916674613952637 0.14745473861694336 102846 0
0.495347261428833 0.18757343292236328 102896 0
0.4861888885498047 0.19080233573913574 101445 0
0.4610435962677002 0.14889979362487793 99743 0
0.48318934440612793 0.14905834197998047 102158 0
0.4402503967285156 0.14185166358947754 103225 0
0.4904611110687256 0.1486513614654541 103151 0
0.48868346214294434 0.23055815696716309 102407 0
0.4950885772705078 0.17189431190490723 100888 0
0.4452848434448242 0.1871805191040039 104777 0
0.502112627029419 0.20955181121826172 102407 0
0.47333788871765137 0.16129064559936523 96240 0
0.49703454971313477 0.1577920913696289 101861 0
0.4772512912750244 0.13496017456054688 102143 0
0.4835972785949707 0.13256406784057617 102220 0
0.4789152145385742 0.1367652416229248 100000 0
0.4704933166503906 0.15668511390686035 100581 0
0.45749402046203613 0.1985006332397461 100557 0
0.4958534240722656 0.14634084701538086 98149 0
0.4734511375427246 0.167189359664917 101026 0
0.4541475772857666 0.1592426300048828 100892 0
0.48955440521240234 0.1746962070465088 83567 0
0.4945375919342041 0.1526796817779541 95816 0
0.4617438316345215 0.13148021697998047 95792 0
0.445706844329834 0.148406982421875 91946 0
0.4658675193786621 0.19286394119262695 96470 0
0.47118234634399414 0.16477489471435547 96241 0
0.46402788162231445 0.16952228546142578 95978 0
0.48174071311950684 0.14573979377746582 96211 0
0.4565925598144531 0.14303064346313477 98541 0
0.4347212314605713 0.1648266315460205 96922 0
0.47616004943847656 0.14850640296936035 92957 0
0.5020229816436768 0.13747024536132812 95876 0
0.4923055171966553 0.15399980545043945 88753 0
0.4662656784057617 0.2181544303894043 93324 0
0.4770534038543701 0.14089035987854004 95914 0
0.49471020698547363 0.17713594436645508 94825 0
0.44918251037597656 0.1535036563873291 93766 0
0.466719388961792 0.15827322006225586 93390 0
0.46184825897216797 0.13896894454956055 93505 0
0.48561549186706543 0.13386821746826172 92919 0
0.4720468521118164 0.15284943580627441 89397 0
0.4797515869140625 0.16867494583129883 93366 0
0.480043888092041 0.17332983016967773 95384 0
0.4888036251068115 0.18639850616455078 96224 0
0.4743809700012207 0.21534061431884766 94758 0
0.493427038192749 0.2032458782196045 96072 0
0.4985673427581787 0.14182376861572266 96469 0
0.4298391342163086 0.150604248046875 91334 0
0.4534282684326172 0.168609619140625 92795 0
0.5066866874694824 0.18387651443481445 93728 0
0.4567399024963379 0.17422819137573242 79476 0
0.47755885124206543 0.17502355575561523 94371 0
0.49025464057922363 0.13135361671447754 90620 0
0.4805269241333008 0.20128250122070312 89843 0
0.48724865913391113 0.21875834465026855 95020 0
0.4731626510620117 0.21008062362670898 92911 0
0.5013289451599121 0.17180752754211426 91517 0
0.47527623176574707 0.1381826400756836 94521 0
0.43961215019226074 0.17130112648010254 95270 0
0.484699010848999 0.1724245548248291 95452 0
0.4668750762939453 0.21924805641174316 95220 0
0.4615011215209961 0.13915085792541504 95139 0
0.4834456443786621 0.13580918312072754 89887 0
0.4852917194366455 0.14606499671936035 95563 0
0.45340919494628906 0.13208222389221191 95542 0
0.48654747009277344 0.1962752342224121 95341 0
0.4696047306060791 0.1761000156402588 94788 0
0.47246789932250977 0.20730924606323242 95258 0
0.4877357482910156 0.15714812278747559 95073 0
0.47844386100769043 0.1347486972808838 94771 0
0.4806551933288574 0.13613200187683105 89548 0
0.4863598346710205 0.15093088150024414 93701 0
0.4952666759490967 0.12904715538024902 95215 0
0.4753546714782715 0.14546847343444824 94312 0
0.4776296615600586 0.147613525390625 94281 0
0.49452805519104004 0.14409971237182617 95073 0
0.4740147590637207 0.16880416870117188 93314 0
0.46602606773376465 0.13508319854736328 91297 0
0.4910743236541748 0.15600824356079102 94332 0
0.4626433849334717 0.13790559768676758 93047 0
0.473175048828125 0.12331247329711914 79742 0
0.4452831745147705 0.13846182823181152 92014 0
0.4969143867492676 0.1425328254699707 87358 0
0.47914600372314453 0.15213751792907715 89513 0
0.48015379905700684 0.17399811744689941 92198 0
0.4686882495880127 0.17852520942687988 93465 0
0.4830007553100586 0.14723849296569824 92176 0
0.46437525749206543 0.1434006690979004 95069 0
0.47229480743408203 0.21398591995239258 94002 0
0.5123195648193359 0.13643932342529297 93888 0
0.4703218936920166 0.19756293296813965 93506 0
0.4973897933959961 0.1642298698425293 93421 0
0.49021053314208984 0.16644668579101562 87818 0
0.46924448013305664 0.13177990913391113 94928 0
0.46639466285705566 0.19913005828857422 93495 0
0.4658825397491455 0.13683104515075684 93653 0
0.4830648899078369 0.14091229438781738 93436 0
0.47946739196777344 0.14838457107543945 93484 0
0.4691464900970459 0.16704750061035156 93610 0
0.46890711784362793 0.19633007049560547 93138 0
0.4707214832305908 0.14782238006591797 85863 0
0.4846010208129883 0.1282346248626709 92996 0
0.4542508125305176 0.12324070930480957 93971 0
0.4612288475036621 0.1492021083831787 94699 0
0.47164201736450195 0.20736193656921387 93443 0
0.5038771629333496 0.21593356132507324 93507 0
0.46331787109375 0.20225024223327637 93133 0
0.49452686309814453 0.153123140335083 89170 0
0.4693582057952881 0.1466960906982422 92938 0
0.4725766181945801 0.15870952606201172 92699 0
0.46721792221069336 0.20783090591430664 82312 0
0.47456884384155273 0.19370007514953613 92410 0
0.48485255241394043 0.14110970497131348 86122 0
0.5037117004394531 0.1644139289855957 92190 0
0.4671049118041992 0.1287827491760254 92425 0
0.4735696315765381 0.20727300643920898 93758 0
0.4939711093902588 0.14075756072998047 93490 0
0.4976627826690674 0.14968109130859375 95538 0
0.4762532711029053 0.13375139236450195 94313 0
0.4693334102630615 0.17427301406860352 94692 0
0.4694550037384033 0.13988995552062988 94741 0
0.4920318126678467 0.16125750541687012 93728 0
0.5072576999664307 0.1712174415588379 89452 0
0.5001716613769531 0.1448197364807129 93685 0
0.48424625396728516 0.14818048477172852 94440 0
0.4907495975494385 0.13219523429870605 95408 0
0.4929053783416748 0.2031853199005127 95091 0
0.5004372596740723 0.12169122695922852 95343 0
0.4691300392150879 0.18335843086242676 93599 0
0.46707892417907715 0.1559007167816162 93376 0
0.4526379108428955 0.14759087562561035 89227 0
0.4727792739868164 0.15039658546447754 93056 0
0.48655152320861816 0.17571783065795898 97848 0
0.4791078567504883 0.14831304550170898 97649 0
0.49210548400878906 0.16610479354858398 99176 0
0.4741806983947754 0.18202519416809082 99941 0
0.4849057197570801 0.2006206512451172 99753 0
0.47957658767700195 0.1521744728088379 99217 0
0.4721553325653076 0.19256186485290527 100183 0
0.4341886043548584 0.13624119758605957 97772 0
0.4809262752532959 0.15337276458740234 97326 0
0.47917628288269043 0.15215420722961426 100093 0
0.4629793167114258 0.16280317306518555 96887 0
0.46367764472961426 0.16745686531066895 97843 0
0.4750101566314697 0.14905261993408203 98622 0
0.4642479419708252 0.1735522747039795 98505 0
0.4864342212677002 0.14639067649841309 100525 0
0.48589015007019043 0.1320805549621582 99367 0
0.4998648166656494 0.14644312858581543 98795 0
0.4737217426300049 0.20459532737731934 99831 0
0.4536418914794922 0.1430370807647705 98921 0
0.4634699821472168 0.19699835777282715 97358 0
0.44608640670776367 0.16468286514282227 97012 0
0.461139440536499 0.1616978645324707 96566 0
0.4513542652130127 0.14274907112121582 97057 0
0.46150684356689453 0.16884088516235352 97498 0
0.48213934898376465 0.13790392875671387 97367 0
0.45046091079711914 0.13193297386169434 97665 0
0.46425962448120117 0.21992039680480957 96853 0
0.46632909774780273 0.14939236640930176 99413 0
0.47977447509765625 0.13211393356323242 99201 0
0.48034000396728516 0.13953924179077148 99216 0
0.47086381912231445 0.1305708885192871 98009 0
0.4670450687408447 0.13430404663085938 99456 0
0.4745645523071289 0.15523242950439453 97850 0
0.470822811126709 0.19757699966430664 97420 0
0.4922194480895996 0.12163424491882324 96382 0
0.472949743270874 0.1880810260772705 97441 0
0.47571539878845215 0.15796351432800293 97010 0
0.47633814811706543 0.13492774963378906 98939 0
0.46146178245544434 0.15146589279174805 98659 0
0.46987080574035645 0.14661216735839844 97066 0
0.5051615238189697 0.12531709671020508 96393 0
0.43712449073791504 0.14792871475219727 97884 0
0.47427940368652344 0.20305323600769043 97744 0
0.5027811527252197 0.1509237289428711 96883 0
0.501335620880127 0.12179446220397949 96743 0
0.5171968936920166 0.13803458213806152 96606 0
0.4749307632446289 0.1537327766418457 95289 0
0.49120450019836426 0.14483976364135742 96326 0
0.4790482521057129 0.13289785385131836 97639 0
0.45233654975891113 0.16551566123962402 97150 0
0.4883310794830322 0.20665740966796875 97666 0
0.4852895736694336 0.15382695198059082 97999 0
0.47705864906311035 0.17494964599609375 96383 0
0.4905054569244385 0.19674348831176758 97342 0
0.46752452850341797 0.18085908889770508 96023 0
0.5034537315368652 0.18602538108825684 95880 0
0.5112876892089844 0.14729022979736328 95659 0
0.45234155654907227 0.14449691772460938 95642 0
0.46739768981933594 0.14557242393493652 96889 0
0.4957773685455322 0.20768451690673828 97406 0
0.4581131935119629 0.14164304733276367 96327 0
0.49118947982788086 0.13001394271850586 97407 0
0.47571563720703125 0.1405782699584961 97120 0
0.47807836532592773 0.16251778602600098 99042 0
0.47968244552612305 0.14001893997192383 97989 0
0.49372363090515137 0.14431118965148926 97513 0
0.4797630310058594 0.14474153518676758 98079 0
0.48055219650268555 0.14379000663757324 98695 0
0.49002885818481445 0.19998836517333984 97544 0
0.46245360374450684 0.13737249374389648 98014 0
0.4547724723815918 0.17228150367736816 96345 0
0.4699537754058838 0.1503736972808838 98053 0
0.46604323387145996 0.15990138053894043 94728 0
0.45986485481262207 0.19964170455932617 99744 0
0.48589062690734863 0.15546870231628418 99927 0
0.49430060386657715 0.14036965370178223 98728 0
0.42681217193603516 0.17069411277770996 99311 0
0.4942820072174072 0.2099132537841797 101846 0
0.3930933475494385 0.13020992279052734 100700 0
0.38616943359375 0.14689970016479492 101809 0
0.38947343826293945 0.20828008651733398 100114 0
0.46060919761657715 0.16407322883605957 100814 0
0.4662787914276123 0.18523383140563965 93517 0
0.5021507740020752 0.14866018295288086 90483 0
0.46544384956359863 0.14489388465881348 97777 0
0.48102617263793945 0.1442580223083496 102312 0
0.4607071876525879 0.15950894355773926 94907 0
0.4750499725341797 0.15926718711853027 98479 0
0.4549272060394287 0.14176082611083984 93532 0
0.4612891674041748 0.14019250869750977 93207 0
0.4590432643890381 0.14061212539672852 93539 0
0.4697902202606201 0.17420315742492676 96124 0
0.4810357093811035 0.13270926475524902 95903 0
0.44825220108032227 0.19266271591186523 94771 0
0.4802541732788086 0.1865556240081787 98511 0
0.4647819995880127 0.14501619338989258 98500 0
0.4775683879852295 0.21411824226379395 90705 0
0.4845695495605469 0.18579649925231934 99592 0
0.47759342193603516 0.23871827125549316 97081 0
0.4847390651702881 0.17431020736694336 96227 0
0.5042312145233154 0.19868063926696777 99305 0
0.4721972942352295 0.21521925926208496 100337 0
0.4691183567047119 0.2147665023803711 92230 0
0.4726681709289551 0.20055603981018066 101246 0
0.4744300842285156 0.13284635543823242 100931 0
0.4983832836151123 0.1581554412841797 102174 0
0.46189451217651367 0.17944717407226562 100790 0
0.44307708740234375 0.17388033866882324 102789 0
0.4613165855407715 0.2130115032196045 102704 0
0.47620153427124023 0.14466381072998047 103027 0
0.46369171142578125 0.15511250495910645 100306 0
0.49205589294433594 0.14099669456481934 102729 0
0.48038649559020996 0.15152263641357422 104604 0
0.47660088539123535 0.15765595436096191 103174 0
0.4588742256164551 0.15399718284606934 102696 0
0.4514353275299072 0.17843842506408691 101649 0
0.46687960624694824 0.17978811264038086 100837 0
0.47142648696899414 0.20363807678222656 101529 0
0.4539937973022461 0.19092321395874023 100772 0
0.4671766757965088 0.19499611854553223 101009 0
0.4960510730743408 0.13629722595214844 101020 0
0.497387170791626 0.1865367889404297 100810 0
0.46974611282348633 0.22460246086120605 101572 0
0.4709005355834961 0.186476469039917 100398 0
0.48270249366760254 0.13443636894226074 102478 0
0.47412848472595215 0.22667193412780762 103945 0
0.49587011337280273 0.1574845314025879 94052 0
0.5049686431884766 0.1603705883026123 102776 0
0.489260196685791 0.21341705322265625 99006 0
0.49249911308288574 0.14000678062438965 99818 0
0.4746277332305908 0.19012856483459473 102413 0
0.5025820732116699 0.15247106552124023 103220 0
0.4759535789489746 0.2083909511566162 97143 0
0.5061991214752197 0.1349191665649414 102024 0
0.471019983291626 0.1908109188079834 101636 0
0.47634196281433105 0.1588747501373291 102524 0
0.4731926918029785 0.1302475929260254 101379 0
0.48285961151123047 0.15443825721740723 100891 0
0.49511051177978516 0.12277507781982422 101979 0
0.4902801513671875 0.1840074062347412 101696 0
0.4753298759460449 0.15601301193237305 103945 0
0.4689657688140869 0.14944887161254883 104058 0
0.47789740562438965 0.21486473083496094 104414 0
0.4982471466064453 0.1761162281036377 105358 0
0.4797959327697754 0.17979669570922852 104225 0
0.4818401336669922 0.19319462776184082 105710 0
0.49483513832092285 0.20473003387451172 102851 0
0.4774661064147949 0.19931697845458984 102543 0
0.4821135997772217 0.14960193634033203 101989 0
0.4913933277130127 0.1432037353515625 101762 0
0.491147518157959 0.16689848899841309 103410 0
0.4702138900756836 0.21366095542907715 103781 0
0.4704244136810303 0.1442263126373291 103048 0
0.46961307525634766 0.15775227546691895 101502 0
0.4918489456176758 0.12340283393859863 103861 0
0.4655020236968994 0.15465521812438965 105765 0
0.46855926513671875 0.20952081680297852 97014 0
0.471571683883667 0.15840601921081543 104946 0
0.4797344207763672 0.17141342163085938 104881 0
0.48295164108276367 0.1922316551208496 102498 0
0.4813258647918701 0.139786958694458 106435 0
0.47054028511047363 0.12929964065551758 106715 0
0.4778428077697754 0.1347362995147705 102970 0
0.45169854164123535 0.1323683261871338 108031 0
0.4669153690338135 0.2121727466583252 106468 0
0.4593942165374756 0.20397543907165527 107332 0
0.47310662269592285 0.13649845123291016 105466 0
0.4790079593658447 0.13670134544372559 102174 0
0.4851875305175781 0.22091102600097656 103094 0
0.45572423934936523 0.1435239315032959 101598 0
0.47905898094177246 0.17163562774658203 101181 0
0.47109079360961914 0.19470810890197754 102207 0
0.44635438919067383 0.16559696197509766 100625 0
0.47284913063049316 0.1407914161682129 101376 0
0.47096705436706543 0.1879901885986328 101281 0
0.45421338081359863 0.14254069328308105 99414 0
0.47800517082214355 0.1724088191986084 99881 0
0.46575069427490234 0.20884013175964355 98671 0
0.4845561981201172 0.15359139442443848 101069 0
0.48183250427246094 0.18545246124267578 101132 0
0.4487650394439697 0.13876938819885254 101073 0
0.47745180130004883 0.2171647548675537 100001 0
0.46108222007751465 0.21422505378723145 99873 0
0.45484447479248047 0.1927168369293213 101914 0
0.46692395210266113 0.17821860313415527 100860 0
0.4813570976257324 0.14810895919799805 99719 0
0.47668886184692383 0.15557146072387695 99751 0
0.4656238555908203 0.15642070770263672 98012 0
0.49503040313720703 0.14113879203796387 98486 0
0.4694857597351074 0.14979934692382812 99158 0
0.46361875534057617 0.17196178436279297 100593 0
0.469928503036499 0.20058321952819824 100625 0
0.4686858654022217 0.12805485725402832 100693 0
0.46164417266845703 0.18590450286865234 99445 0
0.4215199947357178 0.14830946922302246 100540 0
0.4930551052093506 0.1363539695739746 99899 0
