0.2508430480957031 0.015139579772949219 1111711 222662
0.2425386905670166 0.015246868133544922 1111561 222967
0.2442173957824707 0.0157012939453125 1117720 218176
0.24857234954833984 0.016269922256469727 1113513 221482
0.25037145614624023 0.016400814056396484 1117336 218801
0.2481532096862793 0.014948368072509766 1120722 216052
0.23767924308776855 0.015161752700805664 1121946 215296
0.2541990280151367 0.015022754669189453 1121382 215799
0.24500632286071777 0.0142059326171875 1120629 216255
0.24319744110107422 0.015188932418823242 1120612 216170
0.24373912811279297 0.015337467193603516 1113844 221088
0.2468554973602295 0.015022039413452148 1107618 225108
0.2483229637145996 0.01492452621459961 1120141 216577
0.25190234184265137 0.01524806022644043 1112232 222220
0.25601625442504883 0.015334129333496094 1064358 253692
0.250791072845459 0.015213727951049805 1109358 224265
0.2538416385650635 0.015229940414428711 1102936 228128
0.254000186920166 0.016426801681518555 1093715 233771
0.24988532066345215 0.0158846378326416 1080584 242225
0.2550632953643799 0.015450716018676758 1104091 227326
0.2450258731842041 0.016006946563720703 1103037 227997
0.24397063255310059 0.015006542205810547 1090241 235693
0.2468736171722412 0.015645265579223633 1104634 227017
0.24510812759399414 0.015453338623046875 1116470 219378
0.26163315773010254 0.016107797622680664 1116648 219089
0.24838042259216309 0.016664743423461914 1112095 222284
0.2501261234283447 0.016017913818359375 1091787 234790
0.2440955638885498 0.015030622482299805 1109544 223849
0.25561046600341797 0.016140460968017578 1112128 222383
0.2538137435913086 0.014740467071533203 1099377 230436
0.24801874160766602 0.015581846237182617 1110129 223328
0.2637441158294678 0.015276670455932617 1113219 221645
0.24694013595581055 0.015105962753295898 1104909 226848
0.2420058250427246 0.015002965927124023 1107123 225477
0.24971508979797363 0.017452716827392578 1088324 236859
0.24356603622436523 0.014678716659545898 1112980 221678
0.25708580017089844 0.016012907028198242 1128051 211420
0.24018311500549316 0.015341997146606445 1120078 216520
0.24408173561096191 0.014687776565551758 1126814 212045
0.24609708786010742 0.015573978424072266 1113377 221369
0.2468862533569336 0.015469789505004883 1096037 232366
0.250277042388916 0.016185760498046875 1103071 227979
0.2501106262207031 0.016086339950561523 1118832 217372
0.25796031951904297 0.015496969223022461 1117843 218183
0.25292134284973145 0.015212297439575195 1078539 243381
0.2491903305053711 0.015769243240356445 1114419 220789
0.24265313148498535 0.015605449676513672 1119488 216971
0.2537846565246582 0.016544580459594727 1113006 221525
0.25065016746520996 0.015597105026245117 1119184 217275
0.2512056827545166 0.014684200286865234 1118328 218060
0.25632667541503906 0.015515804290771484 1114387 220756
0.2426142692565918 0.015059709548950195 1120063 216810
0.25577688217163086 0.015740394592285156 1118006 218065
0.24709177017211914 0.01539468765258789 1118783 217434
0.24810004234313965 0.015130996704101562 1119814 216730
0.2549569606781006 0.015840530395507812 1120270 216430
0.2474825382232666 0.014432191848754883 1120921 215857
0.24568510055541992 0.015192508697509766 1121292 215875
0.24455523490905762 0.014810562133789062 1121377 215807
0.24214529991149902 0.01579904556274414 1121730 215435
0.253953218460083 0.015303850173950195 1116407 219479
0.2454843521118164 0.014631032943725586 1117411 218361
0.24689459800720215 0.015576362609863281 1116020 219447
0.24524140357971191 0.01596236228942871 1114797 220265
0.2550780773162842 0.01660919189453125 1107686 225047
0.25016021728515625 0.015988588333129883 1115488 219680
0.25182366371154785 0.015573501586914062 1118169 217742
0.24521684646606445 0.015482425689697266 1118324 217595
0.24766063690185547 0.016498327255249023 1117432 218281
0.25053858757019043 0.015522480010986328 1117111 218424
0.2433159351348877 0.01565265655517578 1112905 221573
0.2422633171081543 0.015263795852661133 1105887 226201
0.25254130363464355 0.014561653137207031 1115837 219156
0.25345468521118164 0.016021251678466797 1111799 222271
0.2566969394683838 0.015298843383789062 1064136 253651
0.2446744441986084 0.01485753059387207 1115073 219890
0.24376893043518066 0.0147552490234375 1113227 221113
0.2647745609283447 0.015099287033081055 1104735 226945
0.2568480968475342 0.014830827713012695 1107834 224815
0.2539560794830322 0.015735626220703125 1107865 224914
0.24717020988464355 0.016407251358032227 1115193 219726
0.2423088550567627 0.014975786209106445 1115419 220037
0.2461707592010498 0.018301963806152344 1111289 223040
0.25589609146118164 0.014815568923950195 1110518 223417
0.2554664611816406 0.01574397087097168 1116471 219862
0.2476041316986084 0.015886306762695312 1115837 220267
0.2462754249572754 0.016535520553588867 1098043 231598
0.24779057502746582 0.015447616577148438 1116152 219766
0.24425005912780762 0.015711069107055664 1116548 219536
0.2503397464752197 0.014960050582885742 1117511 218885
0.2461538314819336 0.014349699020385742 1114662 220830
0.257094144821167 0.014739990234375 1112914 222226
0.251190185546875 0.015544891357421875 1113804 221441
0.24274778366088867 0.01565098762512207 1103993 227689
0.2511870861053467 0.016078948974609375 1115459 220295
0.24786877632141113 0.015511751174926758 1111533 222868
0.2658705711364746 0.016408920288085938 1063911 254178
0.23978638648986816 0.014951229095458984 1115160 220458
0.24158024787902832 0.01503896713256836 1114673 220866
0.25556182861328125 0.015612125396728516 1099979 230027
0.2446603775024414 0.015138626098632812 1105562 226415
0.25101757049560547 0.015477895736694336 1108891 224330
0.24602031707763672 0.015089750289916992 1113340 221775
0.2519967555999756 0.015142202377319336 1123120 214613
0.24933409690856934 0.014203071594238281 1120353 216736
0.2464609146118164 0.015347957611083984 1121578 215741
0.23936176300048828 0.016912221908569336 1120277 216615
0.2399919033050537 0.0151824951171875 1124682 213708
0.24905109405517578 0.015911340713500977 1123622 214569
0.25908803939819336 0.015452384948730469 1121270 215958
0.2540769577026367 0.01602959632873535 1121247 215987
0.2536616325378418 0.01517486572265625 1120330 216775
0.25466346740722656 0.015651464462280273 1121328 215991
0.24794626235961914 0.015759944915771484 1121933 215615
0.24676871299743652 0.01622796058654785 1114985 220753
0.24884319305419922 0.01565098762512207 1119355 217600
0.2594473361968994 0.016703128814697266 1091772 234828
0.25266242027282715 0.016082048416137695 1120873 216454
0.24545001983642578 0.015002965927124023 1119385 217394
0.249891996383667 0.01554727554321289 1120927 216307
0.2488396167755127 0.015270709991455078 1116401 219726
0.24288582801818848 0.015655517578125 1118901 217799
0.24148178100585938 0.01515960693359375 1112693 222113
0.2458338737487793 0.015981674194335938 1106795 225760
0.2622532844543457 0.015011310577392578 1115437 220267
0.25502824783325195 0.015827655792236328 1116609 219343
0.2479844093322754 0.015799999237060547 1070442 249916
0.25314831733703613 0.015589714050292969 1108391 224712
0.2625541687011719 0.015725135803222656 1078034 244094
0.2506682872772217 0.015358448028564453 1087266 237579
0.2483677864074707 0.015220403671264648 1092012 234566
0.2512786388397217 0.015555381774902344 1097819 231074
0.2612025737762451 0.015480995178222656 1086530 238180
0.24224090576171875 0.015071868896484375 1098183 230883
0.25715088844299316 0.01612997055053711 1106255 225955
0.25966334342956543 0.01611495018005371 1111157 223007
0.24697470664978027 0.016777515411376953 1108536 224563
0.24803829193115234 0.015215396881103516 1110705 223062
0.24457550048828125 0.015172481536865234 1106743 225507
0.24826478958129883 0.015341758728027344 1110030 223358
0.2535548210144043 0.015501737594604492 1115947 219811
0.23772430419921875 0.014994382858276367 1117687 218700
0.2521498203277588 0.015195846557617188 1111338 222890
0.24724745750427246 0.014976263046264648 1112646 221937
0.2580387592315674 0.015410423278808594 1108951 224274
0.25024914741516113 0.01600360870361328 1121545 216099
0.2434854507446289 0.015100240707397461 1115377 220246
0.24967551231384277 0.015079975128173828 1110629 223363
0.2421097755432129 0.01484060287475586 1100555 229512
0.26723194122314453 0.015767335891723633 1099533 229897
0.2390422821044922 0.014186859130859375 1115106 220413
0.24317240715026855 0.015146493911743164 1127728 211840
0.24277973175048828 0.015602588653564453 1123964 214233
0.24977946281433105 0.015571117401123047 1122311 215448
0.25177812576293945 0.014886856079101562 1122515 215458
0.2538611888885498 0.015395879745483398 1112465 221983
0.26319146156311035 0.014941692352294922 1063656 254423
0.2459566593170166 0.01518106460571289 1104127 227418
0.2431316375732422 0.015235424041748047 1108323 224691
0.2530238628387451 0.01542353630065918 1086181 238688
0.25189924240112305 0.014919281005859375 1085920 238688
0.26629209518432617 0.015995502471923828 1089453 236596
0.24834036827087402 0.015539407730102539 1085987 238767
0.24830865859985352 0.015404939651489258 1090452 235773
0.2461872100830078 0.015254974365234375 1103426 227803
0.24468421936035156 0.014664173126220703 1093448 234010
0.2547307014465332 0.01592850685119629 1091228 235164
0.24552536010742188 0.015065670013427734 1109018 224417
0.2478926181793213 0.014982223510742188 1104224 227829
0.25601673126220703 0.01516866683959961 1121662 216538
0.25926780700683594 0.01568746566772461 1101129 229398
0.24653220176696777 0.015231132507324219 1113520 221849
0.24553728103637695 0.014464378356933594 1116478 219762
0.2502560615539551 0.016431331634521484 1119254 217932
0.24273967742919922 0.015040874481201172 1116060 219874
0.2551126480102539 0.01598525047302246 1117580 219215
0.2530345916748047 0.01643204689025879 1099882 230071
0.25352001190185547 0.01584792137145996 1121092 216429
0.2459883689880371 0.015661239624023438 1122444 215279
0.2520594596862793 0.015299797058105469 1121998 215916
0.24967408180236816 0.015755653381347656 1116609 219659
0.251589298248291 0.015032291412353516 1114443 221069
0.2550923824310303 0.01509404182434082 1115832 219973
0.2586252689361572 0.015819072723388672 1103984 227596
0.2513253688812256 0.014724254608154297 1114890 220472
0.24918913841247559 0.015232563018798828 1114322 220839
0.25518131256103516 0.01562356948852539 1067850 251507
0.25197649002075195 0.01531839370727539 1117703 218788
0.25559473037719727 0.01510763168334961 1118630 218026
0.2511177062988281 0.01519918441772461 1102595 228544
0.24727869033813477 0.015436649322509766 1110817 223176
0.24516725540161133 0.015168905258178711 1111760 222421
0.2504563331604004 0.015753507614135742 1114928 220670
0.24508905410766602 0.015403270721435547 1118619 217965
0.25171566009521484 0.015736103057861328 1116670 219187
0.25028443336486816 0.015429973602294922 1115396 220157
0.25557374954223633 0.015567541122436523 1116367 219523
0.24401545524597168 0.015103340148925781 1119042 217550
0.24492454528808594 0.015033960342407227 1119627 216995
0.24669837951660156 0.01484060287475586 1116938 219145
0.2558128833770752 0.015378475189208984 1115208 222076
0.2620081901550293 0.015845298767089844 1078284 245729
0.26313304901123047 0.016642093658447266 1066164 253929
0.25113654136657715 0.015565633773803711 1071016 250504
0.2728729248046875 0.01665210723876953 1068396 252320
0.24725103378295898 0.015091180801391602 1071362 250232
0.25864624977111816 0.01560664176940918 1072042 249714
0.2580263614654541 0.015822887420654297 1075728 247337
0.2558166980743408 0.016167163848876953 1081767 243630
0.27161598205566406 0.01661539077758789 1079234 244958
0.25168657302856445 0.015104293823242188 1072386 249752
0.26133155822753906 0.015320539474487305 1076650 246560
0.2561788558959961 0.015698909759521484 1076911 246294
0.25435853004455566 0.015430212020874023 1072382 249777
0.257521390914917 0.018506526947021484 1073986 248534
0.24914121627807617 0.015620946884155273 1070202 251015
0.25947070121765137 0.015526533126831055 1071136 250502
0.24948787689208984 0.015245199203491211 1049829 265248
0.2544877529144287 0.015062808990478516 1072774 249236
0.25849390029907227 0.014698028564453125 1074672 248032
0.25556516647338867 0.015055179595947266 1074375 248248
0.27044200897216797 0.01569223403930664 1074411 248029
0.25681257247924805 0.015501022338867188 1073969 248371
0.2571985721588135 0.016504526138305664 1074200 248108
0.2529923915863037 0.015298128128051758 1075405 247427
0.24764084815979004 0.014681577682495117 1073343 248911
0.2544541358947754 0.015311956405639648 1073874 248605
0.2577505111694336 0.0161592960357666 1073053 249075
0.25803065299987793 0.015733718872070312 1071596 249972
0.26008152961730957 0.015158414840698242 1073279 248961
0.25330615043640137 0.01566457748413086 1070652 250647
0.24693965911865234 0.015560150146484375 1072319 249652
0.24874043464660645 0.015383243560791016 1073037 249129
0.26805734634399414 0.015665292739868164 1074027 248393
0.2500650882720947 0.015416860580444336 1076973 246410
0.25592947006225586 0.016569852828979492 1075453 247243
0.2530968189239502 0.015237092971801758 1074825 247843
0.2500455379486084 0.015510082244873047 1073743 248711
0.2622532844543457 0.015789031982421875 1073297 248953
0.25110316276550293 0.016276836395263672 1074006 248326
0.2604079246520996 0.015607595443725586 1072252 249546
0.26410651206970215 0.01593184471130371 1074234 248219
0.25039196014404297 0.01590418815612793 1076613 246656
0.25543665885925293 0.01579141616821289 1075547 247249
0.24801230430603027 0.015107393264770508 1077338 245880
0.25950121879577637 0.015297412872314453 1074495 247803
0.2543470859527588 0.01656651496887207 1075004 247518
0.25543999671936035 0.015831947326660156 1049726 265189
0.25832080841064453 0.015784025192260742 1074392 248007
0.250504732131958 0.015484094619750977 1074730 247731
0.25815367698669434 0.016254663467407227 1075557 246996
0.25075531005859375 0.015306234359741211 1077007 246173
0.2495412826538086 0.015028238296508789 1077423 245860
0.25570225715637207 0.015639305114746094 1077419 245743
0.255016565322876 0.01523447036743164 1078209 245487
0.25362443923950195 0.015411376953125 1076763 246403
0.2527449131011963 0.01575183868408203 1077357 245926
0.2583122253417969 0.01578998565673828 1075072 247436
0.24867963790893555 0.015619516372680664 1071957 249592
0.26027345657348633 0.015284538269042969 1072058 249522
0.2552943229675293 0.01735091209411621 1072124 249483
0.24677586555480957 0.01598525047302246 1074290 247925
0.251969575881958 0.015558004379272461 1077584 245768
0.24958181381225586 0.01455998420715332 1077014 246191
0.2531106472015381 0.01532745361328125 1081291 243839
0.26154351234436035 0.015137910842895508 1078330 245396
0.25023627281188965 0.015791893005371094 1081135 243729
0.26133179664611816 0.016295433044433594 1079894 244443
0.2517695426940918 0.016054868698120117 1081945 243131
0.25224971771240234 0.015598058700561523 1082095 243357
0.2536501884460449 0.016136646270751953 1077116 246049
0.24892210960388184 0.015555620193481445 1078753 245106
0.25554323196411133 0.015312671661376953 1079800 244522
0.2508835792541504 0.016627073287963867 1102244 230940
0.2640047073364258 0.01592540740966797 1100401 232313
0.253582239151001 0.015594005584716797 1081804 243823
0.24384665489196777 0.014883995056152344 1121922 217999
0.24878716468811035 0.016108274459838867 1107822 227448
0.24675583839416504 0.015008211135864258 1120638 218797
0.25297093391418457 0.014787673950195312 1110339 225331
0.2433912754058838 0.015931129455566406 1100470 232104
0.24253225326538086 0.016078948974609375 1104874 229324
0.2469489574432373 0.016158342361450195 1105717 228613
0.2555062770843506 0.015250444412231445 1103345 230387
0.25812721252441406 0.014801025390625 1100383 232211
0.25194454193115234 0.015159845352172852 1095610 235179
0.25501394271850586 0.01611042022705078 1079903 244471
0.2508540153503418 0.015461921691894531 1080921 243959
0.2556471824645996 0.01518106460571289 1066710 253598
0.26712751388549805 0.016723155975341797 1075719 247450
0.2515385150909424 0.01583099365234375 1076881 246308
0.26671385765075684 0.016025781631469727 1072819 249353
0.24477863311767578 0.015783309936523438 1071469 250215
0.2505066394805908 0.014988899230957031 1075383 247484
0.25309062004089355 0.015543460845947266 1073974 248453
0.24779105186462402 0.01444864273071289 1075033 247843
0.25579380989074707 0.015998125076293945 1076215 246842
0.2622811794281006 0.016393184661865234 1078002 245676
0.25156426429748535 0.015438556671142578 1078900 244938
0.2612764835357666 0.01711273193359375 1039388 271916
0.2472832202911377 0.015093088150024414 1077570 245962
0.25864124298095703 0.018664836883544922 1080135 244264
0.2535576820373535 0.015275716781616211 1072995 249331
0.2619316577911377 0.015610456466674805 1080295 244068
0.26279211044311523 0.014766693115234375 1080352 244104
0.24820733070373535 0.015426874160766602 1078967 244864
0.2640511989593506 0.016532182693481445 1082606 242837
0.25174546241760254 0.01527094841003418 1079558 244637
0.2577497959136963 0.01430654525756836 1077997 245527
0.25142431259155273 0.015256881713867188 1077585 245767
0.2580602169036865 0.01587533950805664 1075111 247423
0.2644047737121582 0.01566338539123535 1077145 246104
0.2545433044433594 0.015735387802124023 1077174 246134
0.2525806427001953 0.015923500061035156 1080398 244087
0.25464320182800293 0.0157315731048584 1081561 243491
0.25923728942871094 0.015749216079711914 1083417 242370
0.2518327236175537 0.015810251235961914 1079201 244778
0.25820279121398926 0.015597105026245117 1078548 245328
0.2496175765991211 0.01706242561340332 1079748 244502
0.258573055267334 0.016028642654418945 1077279 246110
0.25649452209472656 0.015420913696289062 1075700 247125
0.25795793533325195 0.014970064163208008 1078703 245017
0.25255918502807617 0.015814781188964844 1078371 245450
0.2543807029724121 0.01570439338684082 1079985 244342
0.24817204475402832 0.015267372131347656 1080382 244086
0.25948333740234375 0.015590190887451172 1078237 245481
0.25547194480895996 0.01592707633972168 1076019 246822
0.25281858444213867 0.015550851821899414 1084522 241763
0.2512190341949463 0.015325069427490234 1083143 242602
0.2582275867462158 0.015491008758544922 1041764 270506
0.26311588287353516 0.015145301818847656 1080438 244037
0.2577030658721924 0.015900611877441406 1087714 239989
0.26708078384399414 0.01581406593322754 1072718 249402
0.25185203552246094 0.01632213592529297 1088405 239578
0.2513549327850342 0.01615428924560547 1086394 240828
0.2532510757446289 0.016204118728637695 1078204 245244
0.2541019916534424 0.014953136444091797 1087970 239831
0.25478506088256836 0.015211820602416992 1085969 240929
0.25181078910827637 0.015097618103027344 1085449 241146
0.2561924457550049 0.016522884368896484 1083375 242219
0.25377988815307617 0.015445232391357422 1079510 244678
0.24780488014221191 0.01510000228881836 1085327 241356
0.2657430171966553 0.015725374221801758 1079552 244492
0.24715304374694824 0.014702081680297852 1084236 242078
0.2542099952697754 0.015639305114746094 1085067 241663
0.24816131591796875 0.015206575393676758 1086449 240692
0.24686741828918457 0.015483617782592773 1088866 239365
0.2529728412628174 0.015504121780395508 1085070 241418
0.26140832901000977 0.01534581184387207 1085688 241021
0.2503209114074707 0.015325784683227539 1084187 241997
0.2550234794616699 0.014886856079101562 1080425 244196
0.2464737892150879 0.01611161231994629 1085942 241050
0.2691836357116699 0.01800704002380371 1081467 243737
0.24876809120178223 0.01601266860961914 1084639 241887
0.265106201171875 0.01583075523376465 1085809 241104
0.2574350833892822 0.014265298843383789 1080766 244124
0.2627110481262207 0.015717029571533203 1075953 246695
0.24957060813903809 0.015794754028320312 1089791 238551
0.26152682304382324 0.015761375427246094 1089235 239031
0.27144813537597656 0.015367507934570312 1039859 271460
0.25215601921081543 0.015758752822875977 1077362 245854
0.25570154190063477 0.015464305877685547 1085676 241307
0.25049805641174316 0.016423940658569336 1069504 251300
0.2572603225708008 0.01622152328491211 1083685 242727
0.24472904205322266 0.014906167984008789 1087020 240619
0.2520127296447754 0.01568889617919922 1053493 262889
0.26519775390625 0.015555620193481445 1031986 276805
0.25511932373046875 0.015578746795654297 1074265 248324
0.25125837326049805 0.015558958053588867 1082987 243109
0.24833250045776367 0.01548624038696289 1090130 238856
0.26438140869140625 0.015817642211914062 1087037 241165
0.25555944442749023 0.015280485153198242 1087301 240722
0.24793767929077148 0.015508174896240234 1088231 240145
0.24797630310058594 0.015275001525878906 1084514 242671
0.260012149810791 0.015672683715820312 1077483 246432
0.26694226264953613 0.01496577262878418 1038823 272830
0.25594329833984375 0.017257213592529297 1036674 274202
0.2565305233001709 0.01666402816772461 1079289 245720
0.26179027557373047 0.01616811752319336 1083861 243088
0.2543933391571045 0.015498161315917969 1075531 247877
0.25499486923217773 0.01556539535522461 1077730 246712
0.25841593742370605 0.015451669692993164 1078612 246159
0.24805164337158203 0.014940977096557617 1077278 247230
0.25312066078186035 0.015463829040527344 1081569 244778
0.24707460403442383 0.014352083206176758 1082367 244240
0.2556180953979492 0.0154266357421875 1080372 245050
0.253659725189209 0.014993429183959961 1074810 248537
0.261486291885376 0.015407562255859375 1080981 244637
0.25631117820739746 0.01603102684020996 1080302 245167
0.25547361373901367 0.015726804733276367 1055192 262479
0.2577834129333496 0.01538848876953125 1077315 246713
0.2545347213745117 0.015445947647094727 1076355 247334
0.24695277214050293 0.015332937240600586 1076461 247089
0.25515198707580566 0.015199661254882812 1080034 245343
0.26304054260253906 0.01566934585571289 1078842 246147
0.25354790687561035 0.01513671875 1076608 247066
0.25157904624938965 0.01588749885559082 1074275 248772
0.2588975429534912 0.015158653259277344 1080039 245320
0.2523801326751709 0.015773296356201172 1079479 245587
0.256824254989624 0.015198707580566406 1074460 248322
0.2615046501159668 0.015055179595947266 1074397 244091
0.2572653293609619 0.01614522933959961 1072175 245705
0.24737811088562012 0.015070915222167969 1072319 244345
0.25156354904174805 0.015183687210083008 1071242 245435
0.24596261978149414 0.014312744140625 1075317 242335
0.2519052028656006 0.01534581184387207 1075817 242049
0.2520275115966797 0.015247106552124023 1070796 246313
0.2548973560333252 0.015848636627197266 1065577 249891
0.24897074699401855 0.015102148056030273 1071324 246594
0.25278306007385254 0.01500844955444336 1066263 249600
0.2682070732116699 0.015143871307373047 1032296 272090
0.2527496814727783 0.015285491943359375 1066331 249711
0.2590525150299072 0.015136003494262695 1066990 249095
0.24956774711608887 0.01503300666809082 1070303 246070
0.2626364231109619 0.016084671020507812 1062838 250872
0.244917631149292 0.015220403671264648 1065886 248755
0.2561831474304199 0.01517486572265625 1067242 247595
0.2545166015625 0.015631914138793945 1064011 249817
0.2507309913635254 0.014803171157836914 1064195 249725
0.25473499298095703 0.015265703201293945 1066221 248314
0.25767016410827637 0.014871358871459961 1065493 248825
0.2569091320037842 0.015392541885375977 1065586 248717
0.2628490924835205 0.014629364013671875 1067095 247927
0.25136494636535645 0.015426874160766602 1062672 250686
0.2644319534301758 0.0167999267578125 1065016 249135
0.2627594470977783 0.015675783157348633 1066659 248138
0.2555267810821533 0.01591205596923828 1063920 249368
0.25113749504089355 0.015379190444946289 1066067 248114
0.25360608100891113 0.015160799026489258 1067437 248105
0.2583491802215576 0.01700139045715332 1066798 247685
0.2519805431365967 0.015255928039550781 1068069 247842
0.26564860343933105 0.016373157501220703 1068213 246953
0.250241756439209 0.015671968460083008 1068639 247403
0.255504846572876 0.01532745361328125 1068578 247383
0.2569577693939209 0.015922069549560547 1069743 246815
0.2531275749206543 0.015709877014160156 1068434 247569
0.25687718391418457 0.01554107666015625 1070329 246361
0.25530481338500977 0.015611410140991211 1063122 251241
0.24892401695251465 0.015209674835205078 1067551 249139
0.2596733570098877 0.01587677001953125 1067173 249187
0.2556438446044922 0.015356302261352539 1031905 273137
0.25092315673828125 0.014975547790527344 1065458 250498
0.2561047077178955 0.015561580657958984 1067602 248997
0.2573204040527344 0.015157222747802734 1070725 246874
0.2539057731628418 0.014926671981811523 1065601 250648
0.253986120223999 0.015282869338989258 1067136 249570
0.259113073348999 0.015211343765258789 1069243 247871
0.2513854503631592 0.015687227249145508 1067419 249029
0.2615020275115967 0.0164794921875 1067102 249165
0.2607541084289551 0.0183866024017334 1069937 247127
0.25054049491882324 0.015387535095214844 1066683 249837
0.25710248947143555 0.01590728759765625 1066539 249925
0.26073694229125977 0.016066789627075195 1066763 249502
0.25446438789367676 0.015819311141967773 1065970 250473
0.251373291015625 0.015419721603393555 1065934 250533
0.2662394046783447 0.016208648681640625 1066147 249987
0.2571523189544678 0.016425132751464844 1064513 251267
0.2583785057067871 0.01648116111755371 1063677 251761
0.2535233497619629 0.014728307723999023 1065750 250179
0.26142334938049316 0.01604461669921875 1065417 250656
0.25083208084106445 0.015864849090576172 1066496 249925
0.270435094833374 0.01601409912109375 1067579 249212
0.2548551559448242 0.015474796295166016 1065607 250095
0.2576782703399658 0.01526498794555664 1065253 250397
0.2600059509277344 0.015206336975097656 1067563 248767
0.25569987297058105 0.015842437744140625 1065587 250253
0.26342153549194336 0.015791893005371094 1066638 249526
0.2577195167541504 0.01598834991455078 1060537 254031
0.25633811950683594 0.015733003616333008 1064589 250937
0.2602109909057617 0.014945268630981445 1062952 252079
0.2675745487213135 0.01506185531616211 1027425 276179
0.2608795166015625 0.015406370162963867 1060617 253710
0.2520256042480469 0.015935659408569336 1063956 251285
0.2596895694732666 0.015536308288574219 1065901 249998
0.25196313858032227 0.015627384185791016 1062606 252331
0.25557518005371094 0.015091896057128906 1065188 250415
0.25255298614501953 0.015237569808959961 1068188 248311
0.2496492862701416 0.015442609786987305 1069066 247548
0.25385284423828125 0.014508724212646484 1069087 247686
0.2532801628112793 0.015717506408691406 1067699 248600
0.25127696990966797 0.015212774276733398 1065539 250255
0.2660653591156006 0.016468048095703125 1064879 250648
0.2546517848968506 0.014702081680297852 1063267 251721
0.2572486400604248 0.01567220687866211 1064824 250373
0.2503926753997803 0.01589512825012207 1066535 249716
0.26027703285217285 0.01640605926513672 1066189 249985
0.25440549850463867 0.015447854995727539 1056201 256553
0.25940418243408203 0.01555180549621582 1055015 257089
0.2654378414154053 0.016142845153808594 1058465 254624
0.2515833377838135 0.0159454345703125 1064572 250538
0.2587263584136963 0.015645742416381836 1063405 250976
0.2614288330078125 0.016370773315429688 1067239 248401
0.25267577171325684 0.014838457107543945 1071941 245814
0.2546985149383545 0.017714500427246094 1073346 245094
0.25418639183044434 0.015966415405273438 1072368 245461
0.25356245040893555 0.014984607696533203 1073853 244762
0.2505223751068115 0.014664649963378906 1062451 251846
0.254194974899292 0.015346527099609375 1054397 257473
0.2614865303039551 0.016358375549316406 1060509 253058
0.25791263580322266 0.016332626342773438 1057237 255424
0.26970601081848145 0.015309572219848633 1021604 279227
0.2553689479827881 0.01641678810119629 1059900 253507
0.25725293159484863 0.014813899993896484 1060915 252563
0.25658726692199707 0.016288280487060547 1059312 253672
0.25302839279174805 0.016041994094848633 1054545 256651
0.2674894332885742 0.015240192413330078 1058130 254069
0.25582242012023926 0.016126632690429688 1070564 246299
0.25262975692749023 0.015399694442749023 1065202 249741
0.25953054428100586 0.015573978424072266 1065408 249402
0.2519981861114502 0.015395164489746094 1062045 251678
0.256941556930542 0.014530420303344727 1056454 255768
0.25338006019592285 0.014997720718383789 1054753 257224
0.2597959041595459 0.01572585105895996 1054692 256920
0.24842166900634766 0.014963150024414062 1054256 257435
0.25296902656555176 0.015632152557373047 1054393 257593
0.26639389991760254 0.016332626342773438 1056270 256640
0.25524067878723145 0.016115665435791016 1059695 254141
0.2537703514099121 0.014834403991699219 1063726 250851
0.25449061393737793 0.015309810638427734 1065297 249869
0.24895930290222168 0.014396905899047852 1061315 252635
0.251600980758667 0.015398502349853516 1061389 252549
0.2545745372772217 0.015303850173950195 1061178 252748
0.26807522773742676 0.016234397888183594 1060562 253061
0.2573661804199219 0.016461610794067383 1060574 252976
0.2599949836730957 0.015278339385986328 1057595 255223
0.2514054775238037 0.015655994415283203 1058333 254595
0.25139498710632324 0.015842437744140625 1054372 257255
0.2564280033111572 0.015652179718017578 1046037 263580
0.2591862678527832 0.015447378158569336 1059058 254243
0.26595497131347656 0.014760494232177734 1054335 257502
0.2585465908050537 0.015644550323486328 1020812 279911
0.26250123977661133 0.015529155731201172 1054808 257110
0.2670559883117676 0.016402482986450195 1060823 253094
0.2509276866912842 0.015583992004394531 1061744 252415
0.25641870498657227 0.015022516250610352 1057460 255435
0.25719428062438965 0.01663661003112793 1063724 250915
0.25898194313049316 0.015149831771850586 1059808 253655
0.25463414192199707 0.017482995986938477 1058097 254857
0.26413416862487793 0.015468358993530273 1062690 250296
0.253371000289917 0.015397787094116211 1058394 253499
0.26388096809387207 0.014835596084594727 1019704 279820
0.2471177577972412 0.014755725860595703 1058101 253930
0.26093196868896484 0.016672849655151367 1062848 250471
0.25552988052368164 0.016244888305664062 1060403 252082
0.2684018611907959 0.016538381576538086 1056956 254527
0.25075554847717285 0.01523900032043457 1062219 250939
0.25534653663635254 0.014192342758178711 1070227 246246
0.24701571464538574 0.015479803085327148 1068016 247496
0.25539422035217285 0.014965057373046875 1071177 245628
0.2562272548675537 0.015687942504882812 1065935 248642
0.2466588020324707 0.015083551406860352 1065725 248404
0.25873565673828125 0.016535520553588867 1064219 249493
0.256603479385376 0.015796422958374023 1065809 248736
0.25468969345092773 0.015136003494262695 1067936 247443
0.2701895236968994 0.016284465789794922 1069514 246362
0.2464277744293213 0.016075611114501953 1061859 250841
0.2718324661254883 0.016164779663085938 1051541 258037
0.24943041801452637 0.01535177230834961 1052374 257237
0.24994897842407227 0.015388250350952148 1060693 251900
0.2612590789794922 0.015178442001342773 1060657 252095
0.2537050247192383 0.015491247177124023 1064442 249519
0.2605726718902588 0.015661239624023438 1062453 250887
0.25049424171447754 0.015990734100341797 1057740 254261
0.24716997146606445 0.015019416809082031 1057851 254108
0.2640047073364258 0.0160830020904541 1058212 253876
0.24974489212036133 0.015213966369628906 1058109 253855
0.2704017162322998 0.015279054641723633 1056048 255281
0.2535209655761719 0.01501917839050293 1055043 256345
0.2566807270050049 0.015602588653564453 1057832 254213
0.2580678462982178 0.016073942184448242 1054322 256626
0.25000429153442383 0.01471710205078125 1060533 252116
0.2586069107055664 0.015582084655761719 1059015 253151
0.2490711212158203 0.01551961898803711 1060722 252069
0.27225613594055176 0.016861677169799805 1061271 251354
0.2632791996002197 0.016386985778808594 1059504 252484
0.24851632118225098 0.015354156494140625 1059357 252720
0.26489830017089844 0.015274524688720703 1047378 261596
0.2507181167602539 0.015287399291992188 1058684 253436
0.25482749938964844 0.015505790710449219 1054839 255943
0.26280689239501953 0.015470504760742188 1017743 280635
0.2562906742095947 0.015661001205444336 1057509 254034
0.2573885917663574 0.015808582305908203 1058721 253121
0.2518332004547119 0.015618562698364258 1059092 252919
0.26749086380004883 0.016241073608398438 1052957 257129
0.25762367248535156 0.015427827835083008 1057446 254015
0.25365352630615234 0.01584458351135254 1069952 245934
0.25031471252441406 0.01565837860107422 1070362 245565
0.25409531593322754 0.015543222427368164 1070706 245535
0.25530171394348145 0.01589202880859375 1068381 246490
0.2590298652648926 0.01606011390686035 1062373 250706
0.25089478492736816 0.014920473098754883 1064533 249059
0.25873732566833496 0.01566791534423828 1056879 254567
0.24938321113586426 0.015384435653686523 1059009 253339
0.2492532730102539 0.01719975471496582 1062254 251070
0.25255680084228516 0.015239953994750977 1059585 252965
0.25492095947265625 0.014890432357788086 1060443 252339
0.24814534187316895 0.015016555786132812 1064532 249331
0.2543766498565674 0.01575756072998047 1068137 246883
0.25563979148864746 0.015131473541259766 1061281 251799
0.256603479385376 0.015349149703979492 1065079 248933
0.2631058692932129 0.014686107635498047 1061450 251538
0.2672994136810303 0.016332149505615234 1061593 251738
0.25557851791381836 0.014952659606933594 1058825 253337
0.25095701217651367 0.016118288040161133 1062390 250995
0.2602565288543701 0.014431953430175781 1102561 228979
0.25435709953308105 0.015398263931274414 1114586 221868
0.2419729232788086 0.015247106552124023 1115869 220939
0.25800180435180664 0.015057802200317383 1117171 220042
0.25861620903015137 0.01595306396484375 1116378 220456
0.24535274505615234 0.015598535537719727 1117368 220049
0.2501256465911865 0.0174863338470459 1117910 219617
0.2609846591949463 0.016023874282836914 1113554 222459
0.25058412551879883 0.015057086944580078 1119414 218936
0.2528111934661865 0.01611614227294922 1117197 220059
0.24930047988891602 0.015753507614135742 1112107 223499
0.24233222007751465 0.015721559524536133 1118122 219716
0.2537074089050293 0.01588582992553711 1116931 220396
0.2522892951965332 0.015207290649414062 1116891 220303
0.2502470016479492 0.015618324279785156 1118011 219635
0.2507898807525635 0.015737056732177734 1118003 219517
0.2576456069946289 0.01602339744567871 1120129 218194
0.2429370880126953 0.01491093635559082 1113612 222352
0.25452351570129395 0.015756607055664062 1094055 235188
0.2460036277770996 0.015033245086669922 1118403 219444
0.25988054275512695 0.015583992004394531 1118534 219361
0.24764204025268555 0.015920639038085938 1118248 219233
0.24297237396240234 0.015050649642944336 1120764 217986
0.24930143356323242 0.015399456024169922 1118328 219269
0.2503941059112549 0.016303062438964844 1125434 214683
0.25343942642211914 0.014829874038696289 1119309 218327
0.2579965591430664 0.015694379806518555 1124384 215442
0.24167680740356445 0.015389442443847656 1120727 217472
0.2664346694946289 0.01564788818359375 1081146 244600
0.25324010848999023 0.0152435302734375 1119631 218218
0.2535576820373535 0.015857458114624023 1118053 219244
0.25400876998901367 0.016000032424926758 1121990 216620
0.24428606033325195 0.015064477920532227 1122601 216100
0.24497580528259277 0.013984441757202148 1126058 213910
0.24951958656311035 0.015132665634155273 1125960 214191
0.25650787353515625 0.01596975326538086 1126880 213564
0.24851012229919434 0.015230178833007812 1126090 214052
0.25502729415893555 0.01636195182800293 1124925 214592
0.2511880397796631 0.015743732452392578 1116352 220365
0.25113511085510254 0.015636682510375977 1126360 213987
0.25248289108276367 0.015088796615600586 1120632 217624
0.2431640625 0.015555143356323242 1124638 215061
0.25163865089416504 0.015550613403320312 1124299 215238
0.25336194038391113 0.016393661499023438 1125722 214335
0.25234127044677734 0.015182018280029297 1123248 215852
0.2553997039794922 0.015505313873291016 1127400 213271
0.2392115592956543 0.014818191528320312 1124996 214863
0.24984455108642578 0.015256166458129883 1126847 213593
0.2502305507659912 0.01556253433227539 1102951 228656
0.2541649341583252 0.015757322311401367 1126111 214359
0.24469304084777832 0.01674175262451172 1125396 214719
0.24888134002685547 0.01601386070251465 1124834 214972
0.2437424659729004 0.014878034591674805 1125294 214789
0.25478601455688477 0.015757083892822266 1124868 215077
0.259479284286499 0.015592336654663086 1125530 214597
0.2418379783630371 0.015348434448242188 1116299 220676
0.2503225803375244 0.01583123207092285 1125920 214381
0.2457141876220703 0.014989376068115234 1127977 212994
0.2541470527648926 0.016024351119995117 1083849 242650
0.2504160404205322 0.01562666893005371 1122796 216359
0.25664186477661133 0.015822410583496094 1112832 222680
0.24992012977600098 0.014817237854003906 1113495 222319
0.24469733238220215 0.015296220779418945 1125317 214680
0.2463994026184082 0.01516270637512207 1126277 214027
0.26186227798461914 0.015251874923706055 1114062 222054
0.24884557723999023 0.015666723251342773 1129385 212198
0.25482177734375 0.01631641387939453 1125914 214431
0.24244976043701172 0.014870882034301758 1126164 214347
0.2453930377960205 0.015622854232788086 1126645 214092
0.25861167907714844 0.015389442443847656 1120946 217614
0.24660229682922363 0.015550374984741211 1114661 222022
0.2581753730773926 0.015413999557495117 1123528 216097
0.24798870086669922 0.015841007232666016 1125655 214925
0.2604055404663086 0.015430450439453125 1123088 216487
0.2555537223815918 0.01616692543029785 1124686 215542
0.24779558181762695 0.01573920249938965 1121633 217397
0.24558186531066895 0.01593780517578125 1126007 214653
0.2478468418121338 0.015607357025146484 1125605 214990
0.2544853687286377 0.01570582389831543 1101128 229969
0.25467967987060547 0.01571512222290039 1120588 218071
0.25088953971862793 0.015148401260375977 1123409 216270
0.24869036674499512 0.015809059143066406 1122478 216806
0.2447507381439209 0.015140056610107422 1120837 218183
0.2530810832977295 0.016126632690429688 1121541 217654
0.24645280838012695 0.016214370727539062 1118007 220047
0.2583930492401123 0.01502847671508789 1107352 226920
0.24843049049377441 0.015677690505981445 1120926 218212
0.2483365535736084 0.015130758285522461 1119227 219175
0.2638537883758545 0.01589059829711914 1064325 255603
0.24519824981689453 0.014608621597290039 1110472 224951
0.2649970054626465 0.01577901840209961 1097545 232585
0.25194478034973145 0.015405893325805664 1097203 232916
0.2552213668823242 0.015618324279785156 1106807 227066
0.2493760585784912 0.015109539031982422 1109929 224987
0.2511758804321289 0.015402555465698242 1103602 229179
0.249039888381958 0.01568460464477539 1114330 222255
0.2538015842437744 0.015694141387939453 1110708 224805
0.25402307510375977 0.015591144561767578 1109548 225505
0.2509596347808838 0.015120983123779297 1105921 227712
0.25242018699645996 0.014200210571289062 1106577 227270
0.2694261074066162 0.016299009323120117 1085700 240405
0.24773740768432617 0.015376091003417969 1104601 228531
0.2496485710144043 0.015570878982543945 1105084 228352
0.25333118438720703 0.016005992889404297 1105437 228049
0.24770307540893555 0.01722121238708496 1105094 228353
0.25382232666015625 0.015240192413330078 1105667 227855
0.2502288818359375 0.0159604549407959 1107546 226943
0.25677967071533203 0.015246868133544922 1105708 228022
0.26383471488952637 0.01551365852355957 1086694 239510
0.2503819465637207 0.016635894775390625 1106926 227128
0.2502162456512451 0.015052318572998047 1114112 222434
0.24776458740234375 0.015857458114624023 1112777 223438
0.2601480484008789 0.01540374755859375 1112272 223541
0.2493729591369629 0.015436887741088867 1115295 221744
0.2613863945007324 0.015105724334716797 1110532 224709
0.26189732551574707 0.015556097030639648 1096998 233214
0.24806547164916992 0.01572394371032715 1108087 226439
0.25968027114868164 0.0179746150970459 1106758 227210
0.2558925151824951 0.015539407730102539 1058295 259631
0.25325703620910645 0.016033411026000977 1107161 226875
0.2527792453765869 0.015028715133666992 1089740 237211
0.25969505310058594 0.014771699905395508 1099640 231528
0.249464750289917 0.01643681526184082 1107387 226643
0.24398326873779297 0.015045642852783203 1107133 226688
0.2667388916015625 0.01575779914855957 1104342 228495
0.24805188179016113 0.015141487121582031 1115051 221532
0.2521696090698242 0.016445159912109375 1114598 221803
0.2407824993133545 0.01579117774963379 1117544 220155
0.24551105499267578 0.015508174896240234 1117259 220150
0.2581772804260254 0.018182754516601562 1116403 220637
0.25101423263549805 0.015694141387939453 1097923 232343
0.26320934295654297 0.016207218170166016 1117940 219580
0.2458493709564209 0.01533651351928711 1118034 219453
0.24744081497192383 0.015183448791503906 1117312 219962
0.24322128295898438 0.015511751174926758 1118158 219649
0.24112439155578613 0.01522684097290039 1117994 219621
0.24973726272583008 0.015629053115844727 1116059 220868
0.24728631973266602 0.015452146530151367 1117187 220098
0.25646066665649414 0.015516042709350586 1095862 233393
0.24583983421325684 0.015162229537963867 1114853 221475
0.2572042942047119 0.016002655029296875 1118121 219388
0.2622394561767578 0.016920804977416992 1115673 221095
0.24344396591186523 0.015348196029663086 1116129 220776
0.25766539573669434 0.014518976211547852 1115788 221016
0.2629227638244629 0.016877412796020508 1113671 222475
0.25962162017822266 0.015287399291992188 1106514 227183
0.25171732902526855 0.01455068588256836 1115592 221291
0.25141406059265137 0.016659975051879883 1114758 221630
0.26170778274536133 0.016299724578857422 1065857 254340
0.24832987785339355 0.015077352523803711 1110108 224808
0.2564122676849365 0.015390872955322266 1091258 236079
0.24975275993347168 0.015170097351074219 1101286 230279
0.24540281295776367 0.015122652053833008 1113549 222391
0.2517523765563965 0.015498638153076172 1114129 221959
0.2513439655303955 0.016214370727539062 1109252 225093
0.25043153762817383 0.015573263168334961 1117278 220165
0.2458784580230713 0.014711618423461914 1117064 220073
0.2462015151977539 0.01513671875 1116964 220245
0.2532525062561035 0.015201807022094727 1116912 220462
0.24669575691223145 0.0156705379486084 1114254 222059
0.25221967697143555 0.014920711517333984 1093162 235048
0.2510230541229248 0.016342878341674805 1116059 220914
0.25763607025146484 0.015047311782836914 1114573 221873
0.24586772918701172 0.014852762222290039 1114833 221716
0.255997896194458 0.015552997589111328 1115023 221781
0.24538969993591309 0.016117572784423828 1116682 220443
0.2414085865020752 0.015566110610961914 1114464 222082
0.2539989948272705 0.014809846878051758 1113952 222346
0.25086402893066406 0.014881610870361328 1088744 238062
0.2506122589111328 0.015142440795898438 1114616 222130
0.26520490646362305 0.015165090560913086 1116191 220927
0.2443382740020752 0.015339136123657227 1115618 221260
0.2553849220275879 0.014897346496582031 1114471 222015
0.2494974136352539 0.016042709350585938 1115926 221062
0.2551586627960205 0.014946937561035156 1113713 222512
0.24558711051940918 0.015394210815429688 1103471 229323
0.24993538856506348 0.015533924102783203 1113933 222502
0.24444580078125 0.01703786849975586 1113679 222586
0.26106953620910645 0.015951156616210938 1072130 250176
0.25125622749328613 0.015834569931030273 1112127 223510
0.25481700897216797 0.016581058502197266 1085040 240632
0.24901461601257324 0.016025781631469727 1111522 223963
0.2483229637145996 0.016205549240112305 1113648 222508
0.24327778816223145 0.015027761459350586 1115174 221492
0.25452566146850586 0.015614032745361328 1106305 227288
0.24242663383483887 0.015553474426269531 1116838 220444
0.2530534267425537 0.015702247619628906 1117383 220028
0.26162028312683105 0.015983104705810547 1117125 220255
0.24785757064819336 0.014851808547973633 1119018 219076
0.25087738037109375 0.015755653381347656 1115359 221393
0.25464510917663574 0.015329360961914062 1095747 233538
0.25446391105651855 0.016336917877197266 1116543 220593
0.24848604202270508 0.015834808349609375 1116903 220204
0.24959063529968262 0.015067100524902344 1117747 219740
0.24578356742858887 0.015274524688720703 1117973 219425
0.24576449394226074 0.015844345092773438 1118495 219342
0.2533905506134033 0.015396356582641602 1113826 222291
0.24996614456176758 0.015303611755371094 1113860 222370
0.250990629196167 0.015726804733276367 1098156 232050
0.25438594818115234 0.01477193832397461 1110307 224452
0.24514055252075195 0.015171051025390625 1127326 213588
0.24355149269104004 0.015409231185913086 1126020 214422
0.25505590438842773 0.015238046646118164 1128850 212905
0.25186944007873535 0.014832735061645508 1130089 212006
0.24715304374694824 0.01581859588623047 1130592 211593
0.24751973152160645 0.016469478607177734 1127837 213511
0.24788331985473633 0.01524806022644043 1131780 210683
0.24665021896362305 0.016134262084960938 1125472 214877
0.24930453300476074 0.014849424362182617 1124609 215307
0.2474207878112793 0.016036033630371094 1128762 212582
0.2552056312561035 0.018459320068359375 1121268 217716
0.24536705017089844 0.015944957733154297 1125220 214898
0.24116253852844238 0.01549386978149414 1127528 213648
0.24405837059020996 0.015059232711791992 1127745 213490
0.2529106140136719 0.014936685562133789 1132234 210421
0.2475724220275879 0.015630245208740234 1131326 211170
0.24424147605895996 0.01516270637512207 1129899 212046
0.24148893356323242 0.015246391296386719 1131773 211093
0.24439191818237305 0.015223503112792969 1131424 211059
0.2441725730895996 0.01536870002746582 1125008 215173
0.2561829090118408 0.015406131744384766 1123704 215915
0.25963854789733887 0.01627373695373535 1122522 216773
0.24428486824035645 0.015277624130249023 1122998 216335
0.24605584144592285 0.015688180923461914 1120423 218050
0.24690794944763184 0.015831947326660156 1124306 215800
0.25060391426086426 0.0164186954498291 1124038 215739
0.24461030960083008 0.015626907348632812 1120472 218087
0.24845290184020996 0.01582050323486328 1128774 212848
0.25716567039489746 0.015760183334350586 1129600 212238
0.24473214149475098 0.015439271926879883 1125549 214822
0.24523663520812988 0.014977216720581055 1126128 214453
0.24431276321411133 0.015151500701904297 1127441 213570
0.2538454532623291 0.015578508377075195 1123787 215971
0.2446901798248291 0.015589475631713867 1123577 216079
0.2521986961364746 0.015732288360595703 1120416 218145
0.2543976306915283 0.015379905700683594 1121804 217228
0.25067615509033203 0.015357017517089844 1119632 218587
0.25780248641967773 0.015826940536499023 1123084 216344
0.24200439453125 0.015416622161865234 1128088 213216
0.2507903575897217 0.015293359756469727 1121171 217763
0.24750399589538574 0.014166593551635742 1122114 217054
0.24831008911132812 0.01505899429321289 1123083 216407
0.24310302734375 0.014852523803710938 1124223 215833
0.24764466285705566 0.015256643295288086 1121861 217272
0.2458200454711914 0.016078710556030273 1123540 216175
0.25226688385009766 0.015822887420654297 1122729 216560
0.25461912155151367 0.015959739685058594 1119550 218671
0.24409985542297363 0.015289306640625 1125224 214991
0.24357199668884277 0.014948844909667969 1130222 211819
0.24748921394348145 0.01586008071899414 1126842 213910
0.24065804481506348 0.014846086502075195 1128436 213190
0.2477424144744873 0.014656782150268555 1128666 212910
0.25411343574523926 0.014857769012451172 1125591 215019
0.2517685890197754 0.015615463256835938 1127395 213843
0.25974202156066895 0.01662588119506836 1124278 215947
0.24151015281677246 0.015587091445922852 1123277 216593
0.2449655532836914 0.015422582626342773 1124423 215744
0.2462143898010254 0.015231132507324219 1123949 216159
0.2530856132507324 0.01647353172302246 1126306 214459
0.25505924224853516 0.014990091323852539 1127443 213878
0.2432398796081543 0.015179157257080078 1125810 214743
0.24445247650146484 0.016034841537475586 1126647 214269
0.24394822120666504 0.015687227249145508 1125831 214567
0.2567911148071289 0.016515493392944336 1129034 212697
0.2451934814453125 0.015292882919311523 1129771 212204
0.2459878921508789 0.014980077743530273 1129365 212479
0.24466681480407715 0.01557159423828125 1129723 212077
0.24421310424804688 0.015884876251220703 1130689 211551
0.24764728546142578 0.014934062957763672 1129307 212741
0.2583136558532715 0.015794992446899414 1129357 212445
0.2548816204071045 0.01782822608947754 1126815 214097
0.24569487571716309 0.014158964157104492 1126513 214450
0.24770498275756836 0.014916181564331055 1118761 219491
0.2552042007446289 0.014814615249633789 1134775 208769
0.24942231178283691 0.015411376953125 1132364 210763
0.24710965156555176 0.014357805252075195 1131631 211173
0.25685691833496094 0.016468286514282227 1131019 211721
0.24977469444274902 0.014722824096679688 1135505 208272
0.24262380599975586 0.014995813369750977 1133741 209887
0.25263285636901855 0.016453027725219727 1135405 208218
0.24860882759094238 0.016454458236694336 1133839 209463
0.2441389560699463 0.015662670135498047 1134460 209003
0.25750160217285156 0.015250444412231445 1109903 225711
0.25824618339538574 0.015672922134399414 1102515 230106
0.2518584728240967 0.0155792236328125 1129049 212964
0.24189186096191406 0.015566349029541016 1144467 203109
0.24573397636413574 0.015526533126831055 1121939 218228
0.24856781959533691 0.015143871307373047 1134082 209397
0.24907755851745605 0.0159299373626709 1117365 221260
0.2617473602294922 0.014632940292358398 1118994 220034
0.2522270679473877 0.01511693000793457 1123044 217205
0.2556803226470947 0.015687942504882812 1129564 212440
0.2393655776977539 0.015057563781738281 1129407 212670
0.2448863983154297 0.014705419540405273 1125770 215393
0.24768590927124023 0.01516580581665039 1134552 209029
0.24608230590820312 0.014869928359985352 1131694 210779
0.2556602954864502 0.016794919967651367 1105673 228036
0.24274802207946777 0.01574873924255371 1139098 205725
0.2476041316986084 0.014812469482421875 1130626 211430
0.24266743659973145 0.015256881713867188 1127651 213869
0.2421581745147705 0.013935089111328125 1140974 204653
0.2533707618713379 0.015301704406738281 1143074 203406
0.25574302673339844 0.015563011169433594 1114627 222263
0.25328540802001953 0.015190362930297852 1142733 203552
0.24391555786132812 0.014921426773071289 1144131 202594
0.23708271980285645 0.014095783233642578 1145104 201881
0.24008560180664062 0.015187263488769531 1142118 203500
0.24496173858642578 0.015498876571655273 1146919 200683
0.2557342052459717 0.01642918586730957 1146573 200792
0.23698091506958008 0.015310049057006836 1147005 200678
0.24592018127441406 0.015111923217773438 1141227 204003
0.24322271347045898 0.014162778854370117 1145516 201321
0.23962187767028809 0.015223503112792969 1152232 197513
0.24546122550964355 0.0155487060546875 1146679 200596
0.24637603759765625 0.014861106872558594 1144513 202037
0.2599048614501953 0.0164794921875 1143910 202356
0.24217724800109863 0.015689611434936523 1140405 204570
0.24434375762939453 0.014917373657226562 1142080 203476
0.24210405349731445 0.015048742294311523 1143896 202554
0.2464296817779541 0.015635251998901367 1140253 204746
0.25426745414733887 0.016613006591796875 1142262 203465
0.2535061836242676 0.015146255493164062 1144150 202300
0.24820637702941895 0.01597285270690918 1144177 202112
0.24654531478881836 0.015614032745361328 1138641 205629
0.24076342582702637 0.015032768249511719 1144235 201984
0.24562382698059082 0.015508413314819336 1145409 200876
0.25310611724853516 0.015785694122314453 1117854 219939
0.24718689918518066 0.015043973922729492 1141567 203963
0.24265384674072266 0.01485443115234375 1134167 209328
0.24115991592407227 0.014712095260620117 1133337 210095
0.23847270011901855 0.015017271041870117 1142880 203084
0.24309754371643066 0.015094995498657227 1143265 202674
0.25345873832702637 0.01789546012878418 1121486 217654
0.24588656425476074 0.015049934387207031 1144790 201728
0.24922490119934082 0.015187263488769531 1142355 203208
0.23994088172912598 0.015859127044677734 1147261 200411
0.2473742961883545 0.015856504440307617 1143843 202537
0.24596476554870605 0.0160067081451416 1142630 203017
0.23794770240783691 0.014954328536987305 1143826 202064
0.24648380279541016 0.01511383056640625 1143788 202206
0.2424306869506836 0.014932870864868164 1147562 199969
0.2532932758331299 0.014472246170043945 1148016 199473
0.25032663345336914 0.01540231704711914 1143400 202278
0.2444779872894287 0.015417814254760742 1147813 199415
0.2404940128326416 0.014271974563598633 1145499 200894
0.23986053466796875 0.015561342239379883 1148621 198791
0.24800777435302734 0.0157320499420166 1143664 202015
0.24038076400756836 0.01472926139831543 1142531 202784
0.24854469299316406 0.014745235443115234 1142559 202961
0.23811054229736328 0.015049457550048828 1141442 203687
0.2522149085998535 0.015552759170532227 1147306 200331
0.24773883819580078 0.014755010604858398 1147142 200284
0.23752450942993164 0.014890670776367188 1146480 200843
0.24468016624450684 0.01561117172241211 1138282 206254
0.24413609504699707 0.015159368515014648 1146469 200968
0.23973441123962402 0.01447606086730957 1147208 200621
0.24451804161071777 0.016179323196411133 1116061 221134
0.2533400058746338 0.01579594612121582 1142222 203566
0.24277853965759277 0.01794147491455078 1139752 205167
0.24382829666137695 0.016233444213867188 1137542 206886
0.24414563179016113 0.015275955200195312 1146616 200467
0.24353647232055664 0.01518869400024414 1148643 199351
0.2541520595550537 0.016152143478393555 1133767 209563
0.2486116886138916 0.01417231559753418 1151968 197362
0.2407221794128418 0.014957189559936523 1146843 200492
0.24834895133972168 0.015639543533325195 1147893 199595
0.2424449920654297 0.015401363372802734 1145327 201450
0.24872541427612305 0.015842199325561523 1138583 205562
0.2412128448486328 0.01574540138244629 1138584 205739
0.24317312240600586 0.016135454177856445 1138014 206246
0.2456650733947754 0.015346288681030273 1137151 206884
0.24495506286621094 0.016211509704589844 1139395 205413
0.2536790370941162 0.015492439270019531 1137221 206853
0.23841023445129395 0.015582084655761719 1139703 204977
0.25726962089538574 0.01497030258178711 1136667 206999
0.24750757217407227 0.015035390853881836 1135162 208163
0.24852275848388672 0.015259504318237305 1134088 208702
0.2443385124206543 0.01582050323486328 1133631 209264
0.24355006217956543 0.01565837860107422 1141617 203638
0.2519097328186035 0.01632976531982422 1140357 204382
0.23920726776123047 0.014407873153686523 1141985 203302
0.2576143741607666 0.01479196548461914 1137382 206710
0.24027657508850098 0.0158383846282959 1134993 208153
0.2515523433685303 0.015564680099487305 1137400 206561
0.24625444412231445 0.015153169631958008 1137925 206292
0.24651384353637695 0.015494823455810547 1136675 207121
0.24359631538391113 0.014338016510009766 1136944 206833
0.24310874938964844 0.0155029296875 1133137 209892
0.24489808082580566 0.014392852783203125 1136246 207306
0.24492835998535156 0.015969514846801758 1134261 208886
0.24293184280395508 0.015158414840698242 1138797 205580
0.2480156421661377 0.014653921127319336 1135979 207535
0.24214410781860352 0.014194011688232422 1137953 206184
0.25550174713134766 0.0158538818359375 1133683 209476
0.2534060478210449 0.015840530395507812 1137499 206630
0.2511146068572998 0.01579880714416504 1137788 206335
