0.4425513744354248 0.142333984375 34374 0
0.4568967819213867 0.1367049217224121 33942 0
0.44050145149230957 0.13568925857543945 35562 0
0.43955302238464355 0.18930840492248535 34372 0
0.4325861930847168 0.13983654975891113 35399 0
0.4326820373535156 0.13927197456359863 35659 0
0.41689109802246094 0.13521409034729004 36208 0
0.41535353660583496 0.13714289665222168 36290 0
0.4298388957977295 0.13683485984802246 35432 0
0.44309306144714355 0.13605451583862305 35705 0
0.46909546852111816 0.14509224891662598 34237 0
0.4404313564300537 0.12760186195373535 33059 0
0.43776893615722656 0.14389824867248535 35186 0
0.4412498474121094 0.1844329833984375 33790 0
0.409898042678833 0.13027286529541016 27295 0
0.4275984764099121 0.13016080856323242 33011 0
0.42964982986450195 0.129042387008667 31968 0
0.4240593910217285 0.13930916786193848 30931 0
0.44123029708862305 0.17568469047546387 29113 0
0.4386417865753174 0.2073976993560791 31528 0
0.43369579315185547 0.13778924942016602 31724 0
0.43700671195983887 0.13457202911376953 30682 0
0.4261617660522461 0.20171666145324707 32412 0
0.4374120235443115 0.17406582832336426 34481 0
0.4265279769897461 0.13086915016174316 34714 0
0.430436372756958 0.16516947746276855 33588 0
0.42248964309692383 0.1277458667755127 30465 0
0.43940186500549316 0.14226627349853516 32947 0
0.4406590461730957 0.13373351097106934 33569 0
0.4491856098175049 0.1649918556213379 31739 0
0.41272401809692383 0.1433422565460205 33264 0
0.43644046783447266 0.19419121742248535 33376 0
0.43852686882019043 0.14424586296081543 32238 0
0.4305837154388428 0.14113473892211914 32536 0
0.4453561305999756 0.1306912899017334 30214 0
0.4294261932373047 0.1367950439453125 33836 0
0.4344797134399414 0.1407642364501953 36536 0
0.4538867473602295 0.14692020416259766 35495 0
0.4422926902770996 0.19806504249572754 36733 0
0.43544793128967285 0.13304829597473145 34170 0
0.4364767074584961 0.14277434349060059 31144 0
0.4273703098297119 0.137376070022583 32851 0
0.41702938079833984 0.14522051811218262 34768 0
0.4462110996246338 0.13810372352600098 34488 0
0.4450984001159668 0.147629976272583 28780 0
0.42359113693237305 0.13727617263793945 34228 0
0.4402637481689453 0.15215826034545898 35367 0
0.4629373550415039 0.14377760887145996 34394 0
0.4381234645843506 0.2012622356414795 35299 0
0.4461979866027832 0.14398789405822754 34801 0
0.4362761974334717 0.17391729354858398 34469 0
0.44733357429504395 0.12813282012939453 35601 0
0.4621551036834717 0.13106942176818848 35651 0
0.44298267364501953 0.15064406394958496 35322 0
0.43137621879577637 0.13046884536743164 35512 0
0.444995641708374 0.12652969360351562 35993 0
0.4371633529663086 0.14410018920898438 36630 0
0.42467546463012695 0.13210391998291016 36512 0
0.4339592456817627 0.2012920379638672 36648 0
0.4427835941314697 0.14665985107421875 36724 0
0.4340360164642334 0.19350814819335938 35598 0
0.4347116947174072 0.1631603240966797 35937 0
0.4495866298675537 0.13043665885925293 35954 0
0.43793344497680664 0.1386096477508545 35159 0
0.43819308280944824 0.14643287658691406 33978 0
0.42664170265197754 0.19577717781066895 35292 0
0.4523625373840332 0.13219976425170898 36071 0
0.44820523262023926 0.14045238494873047 35822 0
0.44739699363708496 0.1589052677154541 35077 0
0.45453691482543945 0.12780284881591797 35563 0
0.4340226650238037 0.20892047882080078 34460 0
0.4365973472595215 0.16332674026489258 33245 0
0.4384462833404541 0.14388513565063477 35199 0
0.4279336929321289 0.11934542655944824 34397 0
0.42430615425109863 0.17684125900268555 27241 0
0.44196367263793945 0.19811034202575684 35045 0
0.44065260887145996 0.1980149745941162 34430 0
0.43309664726257324 0.2022712230682373 32762 0
0.46100449562072754 0.14933276176452637 33793 0
0.4249997138977051 0.14181017875671387 33608 0
0.44704198837280273 0.1340949535369873 34869 0
0.42914485931396484 0.13025808334350586 34862 0
0.4365200996398926 0.1735832691192627 34328 0
0.44056081771850586 0.1493983268737793 34215 0
0.43874144554138184 0.1631779670715332 35646 0
0.43689727783203125 0.1555492877960205 35257 0
0.42571020126342773 0.18281793594360352 32750 0
0.44603848457336426 0.19333744049072266 35774 0
0.44069480895996094 0.1245412826538086 35606 0
0.44266176223754883 0.13417959213256836 35811 0
0.4303455352783203 0.14361834526062012 35212 0
0.46363258361816406 0.20524120330810547 34651 0
0.4205965995788574 0.12642145156860352 35080 0
0.43927502632141113 0.14701533317565918 33204 0
0.4453155994415283 0.14363551139831543 34979 0
0.4572465419769287 0.13639354705810547 34422 0
0.43714213371276855 0.13768577575683594 27763 0
0.4366319179534912 0.13048267364501953 35112 0
0.44513845443725586 0.1303260326385498 34689 0
0.42388010025024414 0.13594484329223633 32503 0
0.43553590774536133 0.13612604141235352 33920 0
0.4495053291320801 0.13810515403747559 33885 0
0.44786906242370605 0.1356666088104248 34410 0
0.45337700843811035 0.155792236328125 36382 0
0.45910167694091797 0.13363122940063477 35733 0
0.43264150619506836 0.15897393226623535 35702 0
0.4408378601074219 0.13289260864257812 35800 0
0.4272184371948242 0.2170863151550293 36837 0
0.43522191047668457 0.19782400131225586 36232 0
0.4420905113220215 0.1455366611480713 35736 0
0.4168224334716797 0.19490981101989746 35657 0
0.4528059959411621 0.1313610076904297 35473 0
0.4370286464691162 0.13200831413269043 35025 0
0.4647696018218994 0.15145087242126465 35450 0
0.4512629508972168 0.1283886432647705 34282 0
0.454434871673584 0.12768864631652832 34917 0
0.431934118270874 0.1575336456298828 30382 0
0.42801785469055176 0.1376056671142578 35302 0
0.43140578269958496 0.16926860809326172 35055 0
0.44579482078552246 0.14700794219970703 35120 0
0.4239373207092285 0.15833210945129395 34084 0
0.43936991691589355 0.12360405921936035 34684 0
0.43993401527404785 0.14688777923583984 33729 0
0.4346590042114258 0.13531017303466797 32781 0
0.44315409660339355 0.1510024070739746 34458 0
0.4360697269439697 0.13685250282287598 34201 0
0.43608951568603516 0.1361699104309082 27622 0
0.4400162696838379 0.14103341102600098 32409 0
0.390897274017334 0.1227424144744873 28295 0
0.4320950508117676 0.1452324390411377 29207 0
0.4376695156097412 0.16288185119628906 30123 0
0.45092201232910156 0.15042328834533691 30581 0
0.43315720558166504 0.1633284091949463 29235 0
0.4441394805908203 0.13807916641235352 30915 0
0.4587726593017578 0.1917407512664795 32271 0
0.424358606338501 0.13235092163085938 33280 0
0.46265220642089844 0.13741445541381836 32631 0
0.4600958824157715 0.14225363731384277 33046 0
0.44561219215393066 0.14949750900268555 32148 0
0.43837881088256836 0.12497472763061523 32492 0
0.45093226432800293 0.1453230381011963 33594 0
0.45929932594299316 0.20227909088134766 34239 0
0.4605379104614258 0.13477754592895508 32869 0
0.44400596618652344 0.13893508911132812 32955 0
0.4337794780731201 0.12946319580078125 32713 0
0.4518747329711914 0.12915635108947754 34947 0
0.4556739330291748 0.13438987731933594 33685 0
0.45416736602783203 0.18003463745117188 33047 0
0.4489119052886963 0.12223935127258301 31566 0
0.4288017749786377 0.16605138778686523 31191 0
0.4345827102661133 0.13322091102600098 33681 0
0.419874906539917 0.19133687019348145 35899 0
0.4329981803894043 0.12044787406921387 35500 0
0.45288920402526855 0.15960359573364258 34183 0
0.4349324703216553 0.12777185440063477 34684 0
0.44147586822509766 0.17990994453430176 32855 0
0.44672131538391113 0.13443279266357422 25967 0
0.43611764907836914 0.21001935005187988 31693 0
0.4352147579193115 0.13477683067321777 32127 0
0.45296502113342285 0.14362311363220215 29104 0
0.43517017364501953 0.1391446590423584 29259 0
0.45088911056518555 0.18384766578674316 30138 0
0.44188642501831055 0.13910412788391113 30245 0
0.4414067268371582 0.12596869468688965 31419 0
0.42859935760498047 0.1318962574005127 33036 0
0.43892598152160645 0.14932703971862793 31378 0
0.461395263671875 0.1440134048461914 31869 0
0.42091941833496094 0.13597321510314941 34131 0
0.43850040435791016 0.20238447189331055 33144 0
0.4136500358581543 0.13317036628723145 35555 0
0.4267861843109131 0.15378475189208984 32668 0
0.43343663215637207 0.1488182544708252 34087 0
0.4418001174926758 0.13569903373718262 34812 0
0.4365365505218506 0.17763900756835938 35627 0
0.4340627193450928 0.11362528800964355 35409 0
0.4393961429595947 0.1227574348449707 35926 0
0.4336991310119629 0.13194704055786133 32949 0
0.45893311500549316 0.13959407806396484 37012 0
0.4465630054473877 0.19618701934814453 37133 0
0.46569156646728516 0.16047191619873047 36951 0
0.44623732566833496 0.22067809104919434 35959 0
0.4289083480834961 0.16304349899291992 35172 0
0.4366731643676758 0.13703393936157227 35586 0
0.39739179611206055 0.13633322715759277 33965 0
0.4434318542480469 0.1341235637664795 36048 0
0.45386743545532227 0.1335606575012207 35302 0
0.42899250984191895 0.19395995140075684 28894 0
0.4371941089630127 0.18036746978759766 36060 0
0.43422722816467285 0.13628101348876953 36250 0
0.4421982765197754 0.12670540809631348 34040 0
0.4456665515899658 0.1949770450592041 35305 0
0.44305968284606934 0.1277933120727539 35770 0
0.4506673812866211 0.14319205284118652 36156 0
0.4355800151824951 0.2040729522705078 37326 0
0.4432406425476074 0.16312050819396973 36197 0
0.444443941116333 0.13236045837402344 36523 0
0.4638364315032959 0.15535330772399902 37093 0
0.4320535659790039 0.14513611793518066 36880 0
0.4450533390045166 0.13065338134765625 37130 0
0.4457385540008545 0.13339829444885254 35982 0
0.448261022567749 0.14917635917663574 38060 0
0.43299245834350586 0.17268776893615723 32804 0
0.43137598037719727 0.14678239822387695 31397 0
0.4290485382080078 0.13866233825683594 32726 0
0.4388902187347412 0.14461612701416016 31926 0
0.44164466857910156 0.14169573783874512 32198 0
0.4308028221130371 0.12850069999694824 32730 0
0.42257165908813477 0.13194060325622559 32910 0
0.43862247467041016 0.16907525062561035 33767 0
0.42452549934387207 0.1388721466064453 32846 0
0.45021700859069824 0.1507718563079834 32153 0
0.4306812286376953 0.14116168022155762 32666 0
0.42882561683654785 0.16289782524108887 33108 0
0.4689035415649414 0.14457464218139648 32520 0
0.43753623962402344 0.2240889072418213 32258 0
0.43224644660949707 0.14174604415893555 31641 0
0.43465423583984375 0.1496753692626953 31681 0
0.43452024459838867 0.13223981857299805 28848 0
0.44998669624328613 0.1357738971710205 31901 0
0.4457993507385254 0.14962220191955566 32449 0
0.42185163497924805 0.13004636764526367 32302 0
0.4409501552581787 0.13045120239257812 32554 0
0.45668959617614746 0.1355733871459961 32396 0
0.42829418182373047 0.1908252239227295 32819 0
0.45503783226013184 0.1397380828857422 32854 0
0.42775726318359375 0.13817572593688965 32726 0
0.43416500091552734 0.16528582572937012 32497 0
0.41440677642822266 0.13756251335144043 32638 0
0.4209263324737549 0.13756442070007324 32374 0
0.4381537437438965 0.15575551986694336 31888 0
0.4306654930114746 0.14634060859680176 32090 0
0.4362301826477051 0.1589195728302002 31664 0
0.4582846164703369 0.1257481575012207 31661 0
0.4432981014251709 0.1275324821472168 32080 0
0.4644131660461426 0.1653587818145752 32595 0
0.42038464546203613 0.14156627655029297 31931 0
0.43611860275268555 0.13741779327392578 32634 0
0.4422159194946289 0.12497425079345703 32910 0
0.4198760986328125 0.12949657440185547 31609 0
0.45090174674987793 0.1318814754486084 32040 0
0.4381673336029053 0.1339571475982666 31922 0
0.407808780670166 0.14187049865722656 32071 0
0.44478392601013184 0.14028406143188477 32315 0
0.45639467239379883 0.14057350158691406 32021 0
0.4315919876098633 0.20329546928405762 32751 0
0.4409809112548828 0.13788652420043945 32269 0
0.4446885585784912 0.1371614933013916 32558 0
0.4285316467285156 0.13687396049499512 28344 0
0.4308626651763916 0.2165067195892334 32268 0
0.4368102550506592 0.144331693649292 32727 0
0.43169498443603516 0.14217376708984375 32873 0
0.4205012321472168 0.14291787147521973 32702 0
0.44368624687194824 0.2085707187652588 32780 0
0.4639551639556885 0.18597698211669922 32694 0
0.4314253330230713 0.19232439994812012 32871 0
0.455535888671875 0.1244652271270752 32936 0
0.49970340728759766 0.1984543800354004 32825 0
0.4631161689758301 0.1945781707763672 32561 0
0.44271206855773926 0.14557194709777832 32284 0
0.42334485054016113 0.14096307754516602 32443 0
0.43021202087402344 0.1458115577697754 32396 0
0.43737077713012695 0.18184208869934082 32340 0
0.4366455078125 0.13701176643371582 32840 0
0.44031786918640137 0.14191818237304688 32497 0
0.4256744384765625 0.1226203441619873 33172 0
0.4488399028778076 0.16269803047180176 32840 0
0.4432859420776367 0.18047642707824707 33562 0
0.44721508026123047 0.17026615142822266 33212 0
0.4465625286102295 0.1342761516571045 33371 0
0.43854355812072754 0.14431285858154297 33492 0
0.42676353454589844 0.14826130867004395 32939 0
0.4413433074951172 0.1364297866821289 32866 0
0.4415750503540039 0.1271991729736328 33241 0
0.4427359104156494 0.17249703407287598 36749 0
0.42722320556640625 0.16620731353759766 36476 0
0.42635560035705566 0.15639138221740723 33992 0
0.4627101421356201 0.14749836921691895 39704 0
0.4671015739440918 0.13387632369995117 37319 0
0.4507906436920166 0.13457274436950684 39425 0
0.44316935539245605 0.12139129638671875 37484 0
0.4338266849517822 0.1530439853668213 36207 0
0.4349339008331299 0.14857912063598633 36653 0
0.45926475524902344 0.14304280281066895 36314 0
0.4435150623321533 0.14109134674072266 36432 0
0.4405500888824463 0.19458985328674316 35742 0
0.4205141067504883 0.13728046417236328 35248 0
0.43412232398986816 0.13159537315368652 33249 0
0.4544861316680908 0.12747597694396973 33455 0
0.4494168758392334 0.14682698249816895 31502 0
0.44979143142700195 0.14225316047668457 32667 0
0.4304947853088379 0.14562153816223145 33160 0
0.42646074295043945 0.17336177825927734 32248 0
0.4311635494232178 0.1446363925933838 32456 0
0.4389078617095947 0.19092369079589844 32389 0
0.46457600593566895 0.15543866157531738 32293 0
0.470339298248291 0.13665270805358887 32390 0
0.43264222145080566 0.15006542205810547 32383 0
0.43817996978759766 0.15723180770874023 32975 0
0.4417738914489746 0.12406158447265625 33221 0
0.45472002029418945 0.14081287384033203 27647 0
0.4646131992340088 0.14436745643615723 32656 0
0.4431893825531006 0.16588544845581055 33242 0
0.43024563789367676 0.19819402694702148 32349 0
0.4339284896850586 0.1345996856689453 33087 0
0.43134212493896484 0.12793588638305664 33362 0
0.44383692741394043 0.21384334564208984 32993 0
0.4482901096343994 0.14702892303466797 33376 0
0.4423081874847412 0.13507771492004395 33109 0
0.3811066150665283 0.18185973167419434 33373 0
0.43259358406066895 0.13993334770202637 32989 0
0.4574601650238037 0.1388838291168213 32009 0
0.47354960441589355 0.2104802131652832 31881 0
0.4567129611968994 0.1579906940460205 32398 0
0.4305305480957031 0.17228150367736816 33071 0
0.45998668670654297 0.13479375839233398 33151 0
0.3772926330566406 0.14696121215820312 33451 0
0.43240857124328613 0.20007658004760742 32843 0
0.4355466365814209 0.21386122703552246 32317 0
0.43728041648864746 0.18694448471069336 32276 0
0.46108317375183105 0.16394400596618652 32167 0
0.43615007400512695 0.13813447952270508 32449 0
0.4466378688812256 0.1341090202331543 32553 0
0.4383690357208252 0.14202380180358887 32431 0
0.4543793201446533 0.12913942337036133 32741 0
0.43140721321105957 0.16236114501953125 32696 0
0.41334033012390137 0.13788247108459473 32861 0
0.4426593780517578 0.1866312026977539 32043 0
0.4352986812591553 0.19961285591125488 33181 0
0.4623415470123291 0.19548463821411133 33466 0
0.44040513038635254 0.11713361740112305 27412 0
0.4688277244567871 0.13424086570739746 33027 0
0.4345362186431885 0.14285945892333984 34193 0
0.4602789878845215 0.14888715744018555 31971 0
0.40083742141723633 0.14483070373535156 34412 0
0.43230628967285156 0.14574503898620605 33998 0
0.4161994457244873 0.1692795753479004 33313 0
0.4384591579437256 0.13701391220092773 33977 0
0.4573521614074707 0.13722896575927734 34210 0
0.46462273597717285 0.16305947303771973 33945 0
0.44064998626708984 0.14145565032958984 33769 0
0.4328286647796631 0.12096452713012695 33173 0
0.4426729679107666 0.13304972648620605 33698 0
0.448854923248291 0.13088750839233398 33329 0
0.43183112144470215 0.20442414283752441 33829 0
0.4335334300994873 0.13796329498291016 34039 0
0.4375646114349365 0.13215851783752441 34189 0
0.4380762577056885 0.1300508975982666 34499 0
0.43370556831359863 0.14662718772888184 34122 0
0.4235107898712158 0.14121174812316895 33985 0
0.44318628311157227 0.1373734474182129 33971 0
0.4364008903503418 0.1865098476409912 33464 0
0.41496920585632324 0.12866806983947754 33791 0
0.43291664123535156 0.13379812240600586 33402 0
0.42905712127685547 0.1791067123413086 33695 0
0.4335625171661377 0.1515815258026123 33871 0
0.423997163772583 0.13181018829345703 33188 0
0.44657373428344727 0.13530850410461426 32794 0
0.43213462829589844 0.15029644966125488 33935 0
0.44702649116516113 0.16486501693725586 34007 0
0.4475219249725342 0.1669139862060547 27308 0
0.4428374767303467 0.13208723068237305 32568 0
0.43486833572387695 0.19925618171691895 33580 0
0.4340801239013672 0.1612544059753418 31503 0
0.3921470642089844 0.14368557929992676 33738 0
0.4359462261199951 0.1539154052734375 33963 0
0.43203210830688477 0.13947510719299316 29512 0
0.48583006858825684 0.1253957748413086 26916 0
0.43158984184265137 0.143568754196167 32875 0
0.4330451488494873 0.14334607124328613 33799 0
0.4336225986480713 0.13490581512451172 35052 0
0.4344768524169922 0.1646742820739746 34218 0
0.4384500980377197 0.1605668067932129 34176 0
0.4322810173034668 0.15911030769348145 34264 0
0.4410672187805176 0.12363386154174805 33873 0
0.4401249885559082 0.20863056182861328 33497 0
0.43146467208862305 0.19969701766967773 27858 0
0.4102790355682373 0.13395404815673828 27258 0
0.43911170959472656 0.13352537155151367 32943 0
0.42769408226013184 0.1958611011505127 33254 0
0.436004638671875 0.12401366233825684 32586 0
0.4448704719543457 0.12744832038879395 32786 0
0.4345743656158447 0.13819289207458496 32577 0
0.4495415687561035 0.1794722080230713 32870 0
0.45709919929504395 0.15837430953979492 32998 0
0.4339170455932617 0.18949651718139648 32723 0
0.4478189945220947 0.15681242942810059 32388 0
0.43664979934692383 0.13570809364318848 31794 0
0.42450642585754395 0.15976905822753906 32428 0
0.42704296112060547 0.14059972763061523 32867 0
0.45075559616088867 0.16473150253295898 29370 0
0.47008824348449707 0.14269137382507324 32367 0
0.43386411666870117 0.1390547752380371 32629 0
0.4398219585418701 0.13752079010009766 32576 0
0.4334404468536377 0.13162827491760254 32805 0
0.4369316101074219 0.1461200714111328 33090 0
0.43973565101623535 0.13324236869812012 32814 0
0.436168909072876 0.13678669929504395 31838 0
0.4566526412963867 0.11965346336364746 32322 0
0.43401455879211426 0.12773704528808594 31855 0
0.4370756149291992 0.1666412353515625 31859 0
0.4303569793701172 0.15546298027038574 30217 0
0.450361967086792 0.13682055473327637 29572 0
0.4352235794067383 0.13926053047180176 30334 0
0.4344496726989746 0.13711142539978027 29641 0
0.43576550483703613 0.17765140533447266 30133 0
0.4287149906158447 0.16667771339416504 30259 0
0.4217691421508789 0.13804125785827637 29550 0
0.43683457374572754 0.11791300773620605 28738 0
0.43466830253601074 0.1311650276184082 30138 0
0.4355454444885254 0.20513606071472168 29483 0
0.4006624221801758 0.13515472412109375 24967 0
0.4286165237426758 0.18146634101867676 29447 0
0.4377319812774658 0.1917724609375 29179 0
0.4313819408416748 0.14164352416992188 29769 0
0.43167567253112793 0.20933914184570312 29519 0
0.42740321159362793 0.1702430248260498 30008 0
0.4291419982910156 0.13898587226867676 29960 0
0.4271421432495117 0.15910792350769043 29744 0
0.4377748966217041 0.16785216331481934 30212 0
0.44601893424987793 0.15614700317382812 30196 0
0.44172191619873047 0.18853998184204102 30442 0
0.43279504776000977 0.13980412483215332 30001 0
0.44490933418273926 0.17640233039855957 29946 0
0.4408853054046631 0.13890933990478516 29792 0
0.44749999046325684 0.12399911880493164 29990 0
0.4399294853210449 0.12730836868286133 30069 0
0.44358325004577637 0.14769911766052246 29863 0
0.43982434272766113 0.13453221321105957 29604 0
0.43128466606140137 0.1634366512298584 29315 0
0.45309972763061523 0.14354395866394043 29603 0
0.4436929225921631 0.14169573783874512 29310 0
0.46117377281188965 0.14881539344787598 29422 0
0.4570798873901367 0.1322031021118164 29705 0
0.44259047508239746 0.13576126098632812 29916 0
0.45648622512817383 0.14427804946899414 29749 0
0.4310617446899414 0.13469505310058594 30094 0
0.4325904846191406 0.18740415573120117 30198 0
0.4695460796356201 0.16916322708129883 28530 0
0.41076159477233887 0.1781151294708252 29626 0
0.42130279541015625 0.1439194679260254 29557 0
0.41608119010925293 0.13443565368652344 25231 0
0.4248621463775635 0.14233708381652832 29575 0
0.46011948585510254 0.1444554328918457 30098 0
0.45525145530700684 0.2018587589263916 30242 0
0.43779468536376953 0.13984966278076172 29995 0
0.45952510833740234 0.16970062255859375 29956 0
0.4416768550872803 0.20702886581420898 30324 0
0.43630313873291016 0.14769911766052246 29934 0
0.4130887985229492 0.20876002311706543 30566 0
0.4544098377227783 0.1316847801208496 30780 0
0.4046783447265625 0.13562393188476562 30604 0
0.40958547592163086 0.14221405982971191 30659 0
0.4290807247161865 0.1388416290283203 30588 0
0.43996334075927734 0.16630148887634277 30721 0
0.4368720054626465 0.1567990779876709 30099 0
0.4441657066345215 0.14584875106811523 30493 0
0.470306396484375 0.16960430145263672 30238 0
0.4454216957092285 0.13762211799621582 29770 0
0.4257028102874756 0.19554686546325684 30668 0
0.44455432891845703 0.2035062313079834 30943 0
0.4402599334716797 0.13643383979797363 31050 0
0.4355628490447998 0.1497800350189209 31226 0
0.44543886184692383 0.12243175506591797 30973 0
0.4341001510620117 0.1518697738647461 31178 0
0.4597640037536621 0.1382923126220703 30840 0
0.43114495277404785 0.12416863441467285 31048 0
0.42831993103027344 0.131727933883667 31085 0
0.4372131824493408 0.15788674354553223 30042 0
0.43497514724731445 0.1469254493713379 31392 0
0.4303104877471924 0.12830710411071777 31091 0
0.44825005531311035 0.13085389137268066 26103 0
0.4345839023590088 0.13577580451965332 31068 0
0.44432973861694336 0.15821433067321777 31114 0
0.4414680004119873 0.19035744667053223 31489 0
0.45446014404296875 0.21004295349121094 31377 0
0.4238102436065674 0.13256072998046875 31895 0
0.4044616222381592 0.13500237464904785 32045 0
0.4294147491455078 0.22877264022827148 32044 0
0.4573230743408203 0.13663697242736816 32078 0
0.4579622745513916 0.19186639785766602 31907 0
0.4488406181335449 0.162672758102417 31631 0
0.4397094249725342 0.19974660873413086 31534 0
0.43332886695861816 0.14569687843322754 31588 0
0.4406318664550781 0.14016509056091309 31241 0
0.4312875270843506 0.12968087196350098 31409 0
0.43990135192871094 0.21131134033203125 31376 0
0.4428694248199463 0.15314412117004395 29994 0
0.4476628303527832 0.16199541091918945 29706 0
0.44762182235717773 0.1356492042541504 30369 0
0.4274461269378662 0.13577675819396973 31050 0
0.4411625862121582 0.14499521255493164 30830 0
0.44623661041259766 0.148024320602417 31063 0
0.4354233741760254 0.17364835739135742 31936 0
0.43952298164367676 0.15768194198608398 31980 0
0.4238133430480957 0.1403965950012207 32021 0
0.44353699684143066 0.19270777702331543 31968 0
0.44016003608703613 0.1544661521911621 30635 0
0.43184471130371094 0.17127180099487305 28998 0
0.4550938606262207 0.153364896774292 30151 0
0.42905521392822266 0.14322996139526367 29652 0
0.44948601722717285 0.19934535026550293 24987 0
0.4476490020751953 0.19336795806884766 29889 0
0.4501078128814697 0.14081215858459473 29734 0
0.4448356628417969 0.1329343318939209 29137 0
0.45718812942504883 0.12524867057800293 29087 0
0.4374525547027588 0.12948822975158691 29235 0
0.42638611793518066 0.14484906196594238 30651 0
0.45653700828552246 0.15680313110351562 29965 0
0.4535555839538574 0.18391990661621094 30094 0
0.4352841377258301 0.13116121292114258 29465 0
0.40767407417297363 0.1308116912841797 29017 0
0.43996357917785645 0.1944141387939453 28724 0
0.4365572929382324 0.12227129936218262 28932 0
0.44353795051574707 0.15196514129638672 28583 0
0.43973374366760254 0.14329910278320312 28371 0
0.44600772857666016 0.12543034553527832 29042 0
0.4343292713165283 0.14615201950073242 29231 0
0.4137086868286133 0.14243412017822266 29864 0
0.45392465591430664 0.13294196128845215 29557 0
0.461345911026001 0.1830461025238037 29213 0
0.42433762550354004 0.14723706245422363 28827 0
0.438535213470459 0.1377580165863037 29258 0
0.4481027126312256 0.12973690032958984 29395 0
0.43513941764831543 0.14225482940673828 29214 0
0.42768383026123047 0.13598012924194336 28439 0
0.42932820320129395 0.18654727935791016 29035 0
0.4391036033630371 0.20179152488708496 28571 0
0.4405224323272705 0.147108793258667 27126 0
0.44562530517578125 0.13792109489440918 29200 0
0.42626047134399414 0.18144559860229492 28648 0
0.41726040840148926 0.1443030834197998 23945 0
0.4427652359008789 0.19453024864196777 28660 0
0.4498262405395508 0.13058114051818848 29416 0
0.4642765522003174 0.1269235610961914 29420 0
0.37220215797424316 0.1375560760498047 29140 0
0.43745994567871094 0.19324731826782227 29911 0
0.4335057735443115 0.18872404098510742 29266 0
0.43437647819519043 0.19040584564208984 29086 0
0.4478185176849365 0.1357107162475586 28767 0
0.44597601890563965 0.1290912628173828 28157 0
0.4342162609100342 0.1341261863708496 23342 0
0.4467620849609375 0.1224675178527832 28405 0
0.4053776264190674 0.12404155731201172 28856 0
0.43584370613098145 0.15372943878173828 28660 0
0.4241774082183838 0.1273965835571289 28735 0
0.436368465423584 0.1344742774963379 29050 0
0.40537476539611816 0.12014174461364746 30097 0
0.4519028663635254 0.1537175178527832 29804 0
0.437105655670166 0.18153667449951172 30603 0
0.4484884738922119 0.14396047592163086 30363 0
0.43829870223999023 0.13707923889160156 30309 0
0.4461023807525635 0.14191150665283203 29781 0
0.4280049800872803 0.19083261489868164 29762 0
0.469602108001709 0.1326291561126709 30018 0
0.43221211433410645 0.13422083854675293 30690 0
0.4360024929046631 0.20139074325561523 29449 0
0.44978952407836914 0.16998553276062012 27955 0
0.43938493728637695 0.15968847274780273 28287 0
0.43537425994873047 0.14429473876953125 29421 0
0.4281437397003174 0.14948177337646484 29324 0
0.45725035667419434 0.19577813148498535 30199 0
0.4197511672973633 0.15090370178222656 29857 0
0.440716028213501 0.13949942588806152 29589 0
0.446505069732666 0.14333844184875488 28603 0
0.44866156578063965 0.18971037864685059 28814 0
0.44434690475463867 0.1471846103668213 29507 0
0.42652082443237305 0.12933707237243652 28749 0
0.449993371963501 0.1709604263305664 28429 0
0.4346044063568115 0.15939760208129883 28881 0
0.4440314769744873 0.1415717601776123 28329 0
0.4300107955932617 0.18459224700927734 29110 0
0.44420862197875977 0.1391003131866455 29069 0
0.44194698333740234 0.1498110294342041 28528 0
0.428814172744751 0.12136363983154297 29147 0
0.43956875801086426 0.14218354225158691 29163 0
0.41707944869995117 0.16648006439208984 28996 0
0.4278087615966797 0.20221400260925293 27306 0
0.4100072383880615 0.13333725929260254 28257 0
0.4356844425201416 0.19579100608825684 27999 0
0.43639540672302246 0.16187500953674316 23553 0
0.4533534049987793 0.20247435569763184 28089 0
0.457244873046875 0.17416000366210938 27869 0
0.4137132167816162 0.12286114692687988 27847 0
0.437685489654541 0.1248018741607666 27710 0
0.44072437286376953 0.13177156448364258 28014 0
0.42587757110595703 0.12675213813781738 29288 0
0.4481384754180908 0.1339278221130371 29305 0
0.44107747077941895 0.13159441947937012 29362 0
0.43732190132141113 0.12878990173339844 29062 0
0.4283576011657715 0.14319300651550293 28240 0
0.4517402648925781 0.12781167030334473 28800 0
0.4352083206176758 0.12858963012695312 28165 0
0.4051990509033203 0.23348021507263184 28286 0
0.423046350479126 0.1538689136505127 28800 0
0.4270665645599365 0.14183998107910156 28240 0
0.4301421642303467 0.2068624496459961 28249 0
0.45397257804870605 0.16738629341125488 29296 0
0.4448089599609375 0.1343097686767578 29753 0
0.4439122676849365 0.16008543968200684 28834 0
0.43093109130859375 0.20296144485473633 29645 0
0.41668152809143066 0.14368009567260742 29190 0
0.43569207191467285 0.181196928024292 29918 0
0.42790794372558594 0.13503408432006836 29552 0
0.45702075958251953 0.13677144050598145 29759 0
0.4506213665008545 0.19681882858276367 31178 0
0.43179798126220703 0.13541316986083984 32342 0
0.42718505859375 0.1760857105255127 32410 0
0.4354362487792969 0.1370861530303955 32893 0
0.4398188591003418 0.1324295997619629 33239 0
0.45517873764038086 0.12746143341064453 32844 0
0.458451509475708 0.14294910430908203 33235 0
0.45229673385620117 0.12627315521240234 32561 0
0.44449639320373535 0.13183045387268066 33777 0
0.44284749031066895 0.20085430145263672 32696 0
0.4509158134460449 0.14066314697265625 32014 0
0.43556690216064453 0.14282965660095215 33406 0
0.44431090354919434 0.14600729942321777 32737 0
0.43892812728881836 0.14660096168518066 32441 0
0.4418070316314697 0.14233040809631348 32732 0
0.43692898750305176 0.12417173385620117 32949 0
0.4532806873321533 0.12981486320495605 33393 0
0.4349477291107178 0.11997199058532715 32731 0
0.44779539108276367 0.1309492588043213 30053 0
0.4507620334625244 0.12869858741760254 32940 0
0.46053290367126465 0.16425204277038574 33011 0
0.42206597328186035 0.1809988021850586 32668 0
0.4225897789001465 0.1341090202331543 33325 0
0.433194637298584 0.146104097366333 33145 0
0.4301331043243408 0.151702880859375 34230 0
0.4123115539550781 0.1436924934387207 33462 0
0.44234514236450195 0.12750792503356934 33803 0
0.42286086082458496 0.13979816436767578 33279 0
0.4337913990020752 0.1357262134552002 28516 0
0.44112467765808105 0.18492841720581055 32923 0
0.45687031745910645 0.13736486434936523 32665 0
0.45533108711242676 0.20317530632019043 33202 0
0.43637585639953613 0.14327025413513184 33352 0
0.42584896087646484 0.14217782020568848 34133 0
0.4276566505432129 0.131181001663208 33877 0
0.462846040725708 0.1834700107574463 34421 0
0.4183471202850342 0.1424858570098877 34180 0
0.4612457752227783 0.12985754013061523 33914 0
0.44820713996887207 0.11730623245239258 31566 0
0.44347357749938965 0.13630032539367676 33212 0
0.4393012523651123 0.12874770164489746 33050 0
0.4487144947052002 0.12411665916442871 32967 0
0.42539548873901367 0.15035176277160645 33393 0
0.42549920082092285 0.132918119430542 33718 0
0.4368743896484375 0.1876208782196045 33523 0
0.4364645481109619 0.1370224952697754 34035 0
0.42583394050598145 0.1250460147857666 33571 0
0.3772244453430176 0.13443493843078613 33253 0
0.44834113121032715 0.18156194686889648 30619 0
0.4435555934906006 0.12390017509460449 33469 0
0.45383214950561523 0.1418595314025879 33374 0
0.4324374198913574 0.13414883613586426 33265 0
0.4403374195098877 0.14740347862243652 33789 0
0.4317047595977783 0.1300203800201416 33404 0
0.42605137825012207 0.1752312183380127 34239 0
0.4383413791656494 0.1399857997894287 32798 0
0.4468648433685303 0.126265287399292 34736 0
0.40462493896484375 0.19103765487670898 35006 0
0.46021223068237305 0.17288827896118164 28269 0
0.45416712760925293 0.13791394233703613 34214 0
0.4333062171936035 0.18570160865783691 33109 0
0.4651365280151367 0.15151762962341309 33036 0
0.43642520904541016 0.20885968208312988 34837 0
0.4220542907714844 0.15414214134216309 35632 0
0.43393993377685547 0.14328289031982422 33492 0
0.4283630847930908 0.16108155250549316 36043 0
0.44655442237854004 0.1452929973602295 35595 0
0.4320082664489746 0.20484209060668945 35670 0
0.4507255554199219 0.13540053367614746 35611 0
0.44481897354125977 0.13523077964782715 34723 0
0.4338078498840332 0.14822959899902344 33775 0
0.4694061279296875 0.1357285976409912 34681 0
0.4603850841522217 0.14161920547485352 35241 0
0.4323718547821045 0.13565945625305176 34598 0
0.45880985260009766 0.14565157890319824 35031 0
0.43841052055358887 0.1713695526123047 34073 0
0.4484436511993408 0.14705991744995117 35168 0
0.4425945281982422 0.14250421524047852 34886 0
0.44075894355773926 0.2004246711730957 31857 0
0.4300651550292969 0.13534808158874512 33910 0
0.42750978469848633 0.14215755462646484 34429 0
0.43616461753845215 0.14330554008483887 34263 0
0.4486370086669922 0.12394595146179199 33737 0
0.4202897548675537 0.139693021774292 34198 0
0.4311656951904297 0.139570951461792 34018 0
0.4372127056121826 0.16427946090698242 32424 0
0.43776607513427734 0.17835545539855957 34189 0
0.44753408432006836 0.1419236660003662 34361 0
0.45195865631103516 0.14265847206115723 26994 0
0.49495840072631836 0.1758430004119873 32611 0
0.4219329357147217 0.16657137870788574 31179 0
0.45859861373901367 0.12459421157836914 30880 0
0.4578897953033447 0.14132928848266602 32204 0
0.45583105087280273 0.13609790802001953 32444 0
0.4251828193664551 0.1430976390838623 31876 0
0.43795084953308105 0.15375971794128418 33096 0
0.44596171379089355 0.13485312461853027 32628 0
0.452378511428833 0.14416718482971191 32378 0
0.4351644515991211 0.14601492881774902 31839 0
0.44093894958496094 0.1449282169342041 31911 0
0.4402306079864502 0.11750578880310059 29769 0
0.4364137649536133 0.16367197036743164 31809 0
0.43074607849121094 0.12995004653930664 31969 0
0.42611002922058105 0.17781686782836914 31852 0
0.44562625885009766 0.12896299362182617 32416 0
0.4539508819580078 0.13034510612487793 31631 0
0.42976903915405273 0.20823001861572266 32421 0
0.43250179290771484 0.1413424015045166 31616 0
0.4385533332824707 0.14808154106140137 29633 0
0.41652798652648926 0.12901711463928223 31966 0
0.43713974952697754 0.13562536239624023 33221 0
0.43579816818237305 0.14096355438232422 32947 0
0.4379456043243408 0.18045282363891602 32732 0
0.40946245193481445 0.13131999969482422 33493 0
0.45443129539489746 0.1905803680419922 33020 0
0.45902180671691895 0.21591854095458984 30951 0
0.45409345626831055 0.13521122932434082 31663 0
0.4616110324859619 0.1421644687652588 31819 0
0.4461848735809326 0.16160082817077637 26528 0
0.45336174964904785 0.17641973495483398 31988 0
0.4081442356109619 0.13486909866333008 30438 0
0.4301340579986572 0.1432664394378662 31403 0
0.4118967056274414 0.14322614669799805 32445 0
0.47715210914611816 0.20436596870422363 32102 0
0.4611024856567383 0.1367959976196289 31870 0
0.4128286838531494 0.13542580604553223 33153 0
0.41027092933654785 0.14479303359985352 33223 0
0.44960594177246094 0.13819217681884766 33754 0
0.44330930709838867 0.18147540092468262 33565 0
0.4431331157684326 0.18437433242797852 33367 0
0.4401087760925293 0.12853217124938965 31373 0
0.43279194831848145 0.1822352409362793 33828 0
0.42646336555480957 0.1364736557006836 33959 0
0.43776917457580566 0.1394484043121338 33366 0
0.4415159225463867 0.13083362579345703 33496 0
0.43567991256713867 0.12829017639160156 33035 0
0.44446587562561035 0.14217567443847656 33257 0
0.4525306224822998 0.14338397979736328 33554 0
0.44630956649780273 0.13764286041259766 30824 0
0.4517185688018799 0.16153645515441895 33535 0
0.44676756858825684 0.20358014106750488 33267 0
0.44327211380004883 0.12679457664489746 33627 0
0.45262813568115234 0.14066028594970703 33505 0
0.4566366672515869 0.13342618942260742 33504 0
0.44632506370544434 0.11871147155761719 32770 0
0.4504258632659912 0.13022899627685547 31763 0
0.43691563606262207 0.1301887035369873 33046 0
0.449737548828125 0.13257145881652832 33202 0
0.45350027084350586 0.14601564407348633 26470 0
0.4060482978820801 0.12534117698669434 32564 0
0.44902825355529785 0.14342665672302246 30070 0
0.4382627010345459 0.13752293586730957 31355 0
0.4462556838989258 0.16143512725830078 32752 0
0.4417243003845215 0.16469788551330566 32699 0
0.44965219497680664 0.1209259033203125 32375 0
0.4394526481628418 0.1361079216003418 33616 0
0.4450535774230957 0.13480663299560547 33397 0
0.42471837997436523 0.17128729820251465 33346 0
0.43207645416259766 0.11907768249511719 33311 0
0.4231116771697998 0.1643810272216797 32579 0
0.4411301612854004 0.15539216995239258 30080 0
0.43523526191711426 0.18065881729125977 33399 0
0.41272425651550293 0.12674236297607422 33419 0
0.43578577041625977 0.1322314739227295 33287 0
0.42878127098083496 0.1294112205505371 32831 0
0.4316542148590088 0.1354656219482422 32989 0
0.4270355701446533 0.15698981285095215 33070 0
0.4418666362762451 0.12810635566711426 33037 0
0.43550610542297363 0.14272785186767578 29699 0
0.45632123947143555 0.16813445091247559 32746 0
0.4450385570526123 0.1217353343963623 32957 0
0.4436032772064209 0.15672588348388672 33037 0
0.4363081455230713 0.21618270874023438 33120 0
0.42766904830932617 0.1321713924407959 32843 0
0.45993590354919434 0.1197812557220459 32380 0
0.42806243896484375 0.1848745346069336 31099 0
0.42075133323669434 0.1350855827331543 33108 0
0.42800068855285645 0.13958501815795898 32703 0
0.44455957412719727 0.12011599540710449 27637 0
0.4458029270172119 0.1288316249847412 32327 0
0.4266471862792969 0.17717599868774414 29128 0
0.4243018627166748 0.12791061401367188 32448 0
0.43852877616882324 0.1971452236175537 32952 0
0.4450187683105469 0.1403789520263672 32890 0
0.43163537979125977 0.1968097686767578 31669 0
0.4433860778808594 0.13720035552978516 33371 0
0.43819427490234375 0.19875335693359375 33183 0
0.41570615768432617 0.13871073722839355 32961 0
0.4334108829498291 0.19281291961669922 33353 0
0.43834829330444336 0.14215612411499023 32864 0
0.44235754013061523 0.13678550720214844 30611 0
0.43843984603881836 0.17782926559448242 32972 0
0.44754528999328613 0.1402454376220703 33095 0
0.4261038303375244 0.12693285942077637 33024 0
0.4651012420654297 0.13727235794067383 33225 0
0.428699254989624 0.20381426811218262 33075 0
0.4391365051269531 0.1867961883544922 32445 0
0.45581531524658203 0.1300058364868164 32680 0
0.435305118560791 0.1399214267730713 30736 0
0.4391441345214844 0.14871859550476074 31990 0
0.4303460121154785 0.1859445571899414 35217 0
0.4581298828125 0.1284482479095459 35495 0
0.4320201873779297 0.13246798515319824 35613 0
0.43514490127563477 0.18404102325439453 35981 0
0.44115376472473145 0.13133883476257324 36422 0
0.43520140647888184 0.15056085586547852 35862 0
0.4218897819519043 0.12390375137329102 36260 0
0.4358851909637451 0.19296050071716309 35774 0
0.44016170501708984 0.13098621368408203 34977 0
0.4439687728881836 0.14059138298034668 36152 0
0.4302237033843994 0.18340444564819336 32206 0
0.46134495735168457 0.1280362606048584 33233 0
0.4353199005126953 0.17303681373596191 33825 0
0.4261314868927002 0.13519883155822754 34217 0
0.4440622329711914 0.199049711227417 34934 0
0.45394110679626465 0.1582794189453125 34530 0
0.4540894031524658 0.14179372787475586 34462 0
0.42206692695617676 0.1401817798614502 35149 0
0.44664573669433594 0.13437652587890625 34716 0
0.44544172286987305 0.13897490501403809 33961 0
0.4223473072052002 0.15359163284301758 34188 0
0.4245145320892334 0.13048267364501953 33658 0
0.43356776237487793 0.1810460090637207 34221 0
0.4318373203277588 0.13260841369628906 33854 0
0.439866304397583 0.20951509475708008 34444 0
0.4295768737792969 0.14146947860717773 34084 0
0.44045472145080566 0.1389451026916504 33845 0
0.442990779876709 0.14209794998168945 35595 0
0.42575907707214355 0.14232754707336426 35319 0
0.45975470542907715 0.13327932357788086 34910 0
0.43966221809387207 0.16805052757263184 34834 0
0.4409596920013428 0.13489079475402832 35320 0
0.44260430335998535 0.14164495468139648 34932 0
0.43651270866394043 0.18347501754760742 34649 0
0.4005403518676758 0.14152097702026367 33977 0
0.4376847743988037 0.17713451385498047 34760 0
0.4682652950286865 0.14171195030212402 33643 0
0.44196271896362305 0.20935583114624023 34731 0
0.4348115921020508 0.18276047706604004 35303 0
0.4651942253112793 0.12399435043334961 33888 0
0.41506433486938477 0.1441490650177002 33946 0
0.42610645294189453 0.14336776733398438 34141 0
0.44271039962768555 0.13777375221252441 34346 0
0.4340250492095947 0.19035601615905762 33573 0
0.4330589771270752 0.17770123481750488 34394 0
0.4566001892089844 0.16445517539978027 34112 0
0.44574546813964844 0.1349632740020752 33392 0
0.45183825492858887 0.14937257766723633 34075 0
0.4539916515350342 0.12932467460632324 34800 0
0.46164512634277344 0.1538684368133545 34103 0
0.46523499488830566 0.13193964958190918 34524 0
0.44567012786865234 0.11624646186828613 34270 0
0.43041205406188965 0.1485278606414795 33403 0
0.4371473789215088 0.12743926048278809 33801 0
0.43500399589538574 0.17354846000671387 33417 0
0.4405176639556885 0.16421294212341309 33579 0
0.463670015335083 0.18222641944885254 33670 0
0.4334292411804199 0.14266657829284668 33197 0
0.4479398727416992 0.13528656959533691 33507 0
0.43467283248901367 0.15123200416564941 33785 0
0.438692569732666 0.17361783981323242 33481 0
0.44675326347351074 0.1453256607055664 33864 0
0.43854475021362305 0.13929986953735352 33841 0
0.4335966110229492 0.12560677528381348 34110 0
0.4580686092376709 0.13205957412719727 34052 0
0.4417448043823242 0.17601752281188965 34054 0
0.41565632820129395 0.1394493579864502 34753 0
0.43206357955932617 0.1415705680847168 34596 0
0.4159109592437744 0.13748788833618164 34204 0
0.42375874519348145 0.12751269340515137 34724 0
0.4591200351715088 0.16024017333984375 34392 0
0.44353175163269043 0.14130806922912598 34419 0
0.4601166248321533 0.19544339179992676 32493 0
0.46866679191589355 0.16997671127319336 36005 0
0.4416360855102539 0.13167643547058105 35742 0
0.4137752056121826 0.16832304000854492 35317 0
0.45107150077819824 0.12356233596801758 35769 0
0.42730236053466797 0.13382220268249512 36994 0
0.4236288070678711 0.12644219398498535 36479 0
0.4412369728088379 0.1280992031097412 36500 0
0.44236326217651367 0.14979791641235352 36773 0
0.43599438667297363 0.17203140258789062 36572 0
0.4331231117248535 0.18441557884216309 33376 0
0.43051815032958984 0.16619133949279785 32572 0
0.4514627456665039 0.1548771858215332 36381 0
0.43012094497680664 0.134840726852417 38990 0
0.4347100257873535 0.1893482208251953 35221 0
0.4404323101043701 0.12587547302246094 36985 0
0.4354548454284668 0.1792151927947998 34463 0
0.43788719177246094 0.16604042053222656 34079 0
0.44266200065612793 0.13886189460754395 34189 0
0.45180511474609375 0.16314268112182617 35328 0
0.43826985359191895 0.17658543586730957 35918 0
0.41283106803894043 0.13160347938537598 35006 0
0.42830514907836914 0.15005064010620117 36468 0
0.44347357749938965 0.1446080207824707 36402 0
0.4369471073150635 0.13400793075561523 33501 0
0.44048476219177246 0.14999890327453613 37302 0
0.44551706314086914 0.1694505214691162 35934 0
0.4307363033294678 0.15073633193969727 35307 0
0.4333505630493164 0.14650774002075195 37922 0
0.42684102058410645 0.17829108238220215 38655 0
0.42127513885498047 0.18268108367919922 33811 0
0.4424598217010498 0.17189908027648926 37869 0
0.4066438674926758 0.14281296730041504 38908 0
0.4337928295135498 0.15452790260314941 38810 0
0.4514918327331543 0.18407011032104492 37836 0
0.435791015625 0.21967577934265137 38492 0
0.45479559898376465 0.1312568187713623 38142 0
0.44803762435913086 0.12178230285644531 39070 0
0.43684983253479004 0.1350269317626953 37646 0
0.4356729984283447 0.15254855155944824 38541 0
0.4257810115814209 0.12538719177246094 39740 0
0.4471144676208496 0.14077115058898926 37961 0
0.45993494987487793 0.1450519561767578 37665 0
0.46316981315612793 0.12203121185302734 37199 0
0.4409825801849365 0.1449904441833496 37261 0
0.4488863945007324 0.13088464736938477 37116 0
0.44476819038391113 0.12470412254333496 37697 0
0.43058013916015625 0.14496397972106934 36746 0
0.4464712142944336 0.1203622817993164 37425 0
0.41306567192077637 0.14140081405639648 37896 0
0.4421849250793457 0.14673066139221191 37808 0
0.4395732879638672 0.16254663467407227 36276 0
0.4555826187133789 0.12898659706115723 37387 0
0.40352296829223633 0.14014148712158203 37119 0
0.4048128128051758 0.14552855491638184 33125 0
0.444629430770874 0.13293957710266113 37428 0
0.40586352348327637 0.129347562789917 36028 0
0.44506072998046875 0.12985992431640625 35669 0
0.4510972499847412 0.16191911697387695 37518 0
0.4566833972930908 0.1414182186126709 37627 0
0.4403035640716553 0.1296679973602295 33923 0
0.43821024894714355 0.12816905975341797 38183 0
0.44550418853759766 0.13390660285949707 37977 0
0.4610753059387207 0.16103315353393555 38147 0
0.42638468742370605 0.19546198844909668 37253 0
0.43441152572631836 0.1479356288909912 37028 0
0.43706440925598145 0.13053297996520996 37160 0
0.38240504264831543 0.16924810409545898 37162 0
0.43964195251464844 0.1277318000793457 38028 0
0.420060396194458 0.13820981979370117 37693 0
0.429201602935791 0.1362607479095459 37327 0
0.4389612674713135 0.20364713668823242 37652 0
0.4453301429748535 0.14504194259643555 37272 0
0.4431729316711426 0.13323116302490234 37921 0
0.46200132369995117 0.1612379550933838 36980 0
0.4478287696838379 0.12804365158081055 36800 0
0.4339635372161865 0.13198280334472656 36871 0
0.42658114433288574 0.138533353805542 36666 0
0.42975568771362305 0.13778328895568848 37994 0
0.44284939765930176 0.15324616432189941 37593 0
0.4156782627105713 0.19147634506225586 38127 0
0.4332852363586426 0.1233515739440918 36198 0
0.44535231590270996 0.14077043533325195 38457 0
0.4434077739715576 0.12252330780029297 38933 0
0.4340331554412842 0.14883875846862793 33674 0
0.4318246841430664 0.21011567115783691 39257 0
0.46317529678344727 0.20069146156311035 38738 0
0.4481978416442871 0.14041590690612793 37682 0
0.44494128227233887 0.1452949047088623 39954 0
0.43459129333496094 0.13168692588806152 39827 0
0.4402308464050293 0.14621758460998535 37141 0
0.4141380786895752 0.124114990234375 41229 0
0.422710657119751 0.18997859954833984 40425 0
0.41991639137268066 0.12917566299438477 41014 0
0.43947267532348633 0.16507387161254883 40119 0
0.4291346073150635 0.1359107494354248 38856 0
0.4088764190673828 0.14599156379699707 38351 0
0.4339253902435303 0.16094470024108887 37606 0
0.4434549808502197 0.13766813278198242 37978 0
0.4073352813720703 0.1358792781829834 37774 0
0.43265438079833984 0.2080385684967041 37492 0
0.44292187690734863 0.12986159324645996 37389 0
0.4770653247833252 0.12758445739746094 37155 0
0.46038317680358887 0.16851234436035156 36701 0
0.4555091857910156 0.1318974494934082 36638 0
0.4313187599182129 0.13742756843566895 35968 0
0.4349081516265869 0.18985819816589355 37152 0
0.442213773727417 0.14352750778198242 37191 0
0.4426121711730957 0.1441175937652588 37097 0
0.4457688331604004 0.13071846961975098 36228 0
0.4404942989349365 0.1557157039642334 36006 0
0.43908095359802246 0.16528987884521484 35698 0
0.47191691398620605 0.12815117835998535 35855 0
0.4358394145965576 0.14160513877868652 35249 0
0.4384169578552246 0.1533641815185547 36086 0
0.44756054878234863 0.11754655838012695 35053 0
0.45511913299560547 0.14854860305786133 35532 0
0.4255177974700928 0.13912081718444824 35497 0
0.4373018741607666 0.13745522499084473 35629 0
0.43251538276672363 0.14074945449829102 35448 0
0.42732787132263184 0.12949275970458984 35580 0
0.4437084197998047 0.13994812965393066 34986 0
0.4299123287200928 0.12043046951293945 36258 0
0.4396500587463379 0.1696178913116455 36201 0
