0.11080312728881836 0.020395994186401367 61352 0
0.11486935615539551 0.020235776901245117 61604 0
0.11159563064575195 0.020121097564697266 63276 0
0.11293315887451172 0.01903390884399414 62076 0
0.11326074600219727 0.020660877227783203 63916 0
0.11365985870361328 0.018726348876953125 66778 0
0.11390256881713867 0.019642114639282227 66674 0
0.11382699012756348 0.01959085464477539 66584 0
0.11332392692565918 0.01944732666015625 66006 0
0.11121869087219238 0.019716739654541016 66426 0
0.11475658416748047 0.019681930541992188 62138 0
0.1128087043762207 0.01897907257080078 61072 0
0.1141824722290039 0.01925039291381836 66150 0
0.1166067123413086 0.019361495971679688 62346 0
0.10755133628845215 0.02494335174560547 50322 0
0.11158585548400879 0.019678831100463867 62526 0
0.11331772804260254 0.018970966339111328 60442 0
0.11212038993835449 0.01973104476928711 58626 0
0.10980606079101562 0.01973700523376465 55666 0
0.11599564552307129 0.019528627395629883 60590 0
0.11326265335083008 0.01958918571472168 60458 0
0.11745882034301758 0.018883466720581055 57862 0
0.11103439331054688 0.019129037857055664 61122 0
0.11443328857421875 0.019421100616455078 63206 0
0.1140604019165039 0.019191741943359375 64894 0
0.11798715591430664 0.021651506423950195 63080 0
0.10972952842712402 0.019454479217529297 57478 0
0.12013363838195801 0.019581079483032227 62274 0
0.11240530014038086 0.018870115280151367 62634 0
0.11150050163269043 0.018372535705566406 59948 0
0.11240839958190918 0.018973827362060547 63006 0
0.1154332160949707 0.020008563995361328 63674 0
0.11872267723083496 0.019664764404296875 61692 0
0.1172177791595459 0.020354032516479492 62386 0
0.10997414588928223 0.018957853317260742 57830 0
0.11048436164855957 0.020217180252075195 63342 0
0.1178743839263916 0.019343852996826172 68744 0
0.11126065254211426 0.01995396614074707 66762 0
0.11386442184448242 0.02014017105102539 68990 0
0.11069440841674805 0.018827199935913086 63656 0
0.11544251441955566 0.019388914108276367 59342 0
0.12110137939453125 0.01868438720703125 62192 0
0.11219072341918945 0.020250320434570312 65006 0
0.11683821678161621 0.019263267517089844 64912 0
0.10944271087646484 0.019207477569580078 55080 0
0.11173033714294434 0.019428253173828125 64210 0
0.11638021469116211 0.019371986389160156 65426 0
0.11252570152282715 0.01933598518371582 63848 0
0.1109769344329834 0.02068638801574707 65244 0
0.11133837699890137 0.018385887145996094 64646 0
0.11201024055480957 0.019819259643554688 64266 0
0.11528921127319336 0.019502878189086914 66306 0
0.11489653587341309 0.018200159072875977 64218 0
0.11305427551269531 0.019447803497314453 64870 0
0.1109316349029541 0.018931150436401367 65046 0
0.11239075660705566 0.0193479061126709 65466 0
0.11439776420593262 0.019623517990112305 66764 0
0.11662960052490234 0.019107341766357422 66098 0
0.11496281623840332 0.019259214401245117 67040 0
0.1182851791381836 0.020000934600830078 67236 0
0.11209344863891602 0.01836419105529785 64478 0
0.12137937545776367 0.01968836784362793 64550 0
0.11206889152526855 0.019326448440551758 64238 0
0.11654233932495117 0.024613142013549805 63920 0
0.10905861854553223 0.019217491149902344 62308 0
0.11755871772766113 0.02083897590637207 64248 0
0.11244940757751465 0.019742965698242188 64764 0
0.11521029472351074 0.019062519073486328 64724 0
0.11524605751037598 0.019461631774902344 63980 0
0.11252498626708984 0.018056392669677734 63224 0
0.11233377456665039 0.019395112991333008 62382 0
0.11586308479309082 0.02055668830871582 60564 0
0.11562323570251465 0.0195620059967041 63320 0
0.11077690124511719 0.01929640769958496 61914 0
0.10588884353637695 0.019199132919311523 50460 0
0.1148061752319336 0.019723892211914062 62874 0
0.11152791976928711 0.020352602005004883 62626 0
0.11320614814758301 0.01927971839904785 60480 0
0.11185121536254883 0.01947927474975586 61290 0
0.10922431945800781 0.01885390281677246 61390 0
0.10965800285339355 0.019672632217407227 62970 0
0.11323666572570801 0.019034147262573242 63016 0
0.10947656631469727 0.019191503524780273 61638 0
0.11284351348876953 0.018521547317504883 61874 0
0.11195731163024902 0.01921820640563965 63470 0
0.11230993270874023 0.01889348030090332 63350 0
0.1097109317779541 0.0193939208984375 59014 0
0.11852526664733887 0.020168304443359375 63878 0
0.11462950706481934 0.019610881805419922 63846 0
0.11570286750793457 0.019426584243774414 64138 0
0.1149594783782959 0.021074533462524414 63582 0
0.11640596389770508 0.01987457275390625 63118 0
0.11239838600158691 0.019860029220581055 62782 0
0.11856889724731445 0.018923044204711914 60388 0
0.1137855052947998 0.01896810531616211 63098 0
0.11381888389587402 0.019985437393188477 62664 0
0.10727119445800781 0.0185544490814209 50396 0
0.11266589164733887 0.020188331604003906 63368 0
0.1114804744720459 0.020900964736938477 63960 0
0.11418938636779785 0.018764019012451172 60422 0
0.11115217208862305 0.019370317459106445 61706 0
0.1109609603881836 0.023636817932128906 62006 0
0.11046719551086426 0.018980026245117188 63202 0
0.11274886131286621 0.01984691619873047 67438 0
0.11272764205932617 0.0189516544342041 66152 0
0.11116290092468262 0.020293474197387695 66344 0
0.10988044738769531 0.020022869110107422 65508 0
0.11719512939453125 0.01993083953857422 67520 0
0.11323046684265137 0.020498991012573242 67404 0
0.11602997779846191 0.020111083984375 67328 0
0.11429858207702637 0.019707679748535156 67052 0
0.1103355884552002 0.019654035568237305 66094 0
0.11318397521972656 0.018908262252807617 66470 0
0.11174607276916504 0.019750595092773438 67520 0
0.11513328552246094 0.02148723602294922 64398 0
0.11068248748779297 0.019403934478759766 66006 0
0.11000537872314453 0.018854379653930664 58366 0
0.11153340339660645 0.019901037216186523 66628 0
0.11359000205993652 0.01894974708557129 66250 0
0.11878824234008789 0.02065587043762207 66326 0
0.11513423919677734 0.019004106521606445 63492 0
0.11600351333618164 0.021003246307373047 64038 0
0.11237406730651855 0.01927804946899414 63090 0
0.11211276054382324 0.022283315658569336 61612 0
0.11146926879882812 0.020689725875854492 64912 0
0.11625838279724121 0.019855260848999023 63540 0
0.10505294799804688 0.019273042678833008 52186 0
0.11059188842773438 0.01926112174987793 62438 0
0.10985112190246582 0.019304990768432617 54958 0
0.10812664031982422 0.01844954490661621 56926 0
0.11592411994934082 0.02000713348388672 58390 0
0.1179051399230957 0.018585205078125 59350 0
0.1125936508178711 0.018530845642089844 56672 0
0.11046338081359863 0.01967620849609375 60266 0
0.11619853973388672 0.01947498321533203 61860 0
0.11202526092529297 0.018049240112304688 63310 0
0.11673951148986816 0.019781827926635742 63604 0
0.1208198070526123 0.020181894302368164 63528 0
0.11150002479553223 0.01905226707458496 62468 0
0.11314249038696289 0.02387714385986328 63620 0
0.11337637901306152 0.019535541534423828 64556 0
0.11099100112915039 0.0194547176361084 67124 0
0.1122586727142334 0.01934027671813965 63842 0
0.11356639862060547 0.018883466720581055 64274 0
0.11170315742492676 0.02013254165649414 63706 0
0.1177971363067627 0.02046513557434082 67732 0
0.12000203132629395 0.019837141036987305 66638 0
0.10946464538574219 0.01879739761352539 63536 0
0.11468625068664551 0.01918482780456543 61986 0
0.11171841621398926 0.019038677215576172 61066 0
0.11226511001586914 0.019786834716796875 67034 0
0.11668252944946289 0.021240949630737305 71766 0
0.11221766471862793 0.018602609634399414 69716 0
0.1151885986328125 0.01936793327331543 68174 0
0.1137082576751709 0.018793582916259766 68812 0
0.11275172233581543 0.019010305404663086 64496 0
0.11066031455993652 0.018564462661743164 52004 0
0.11966872215270996 0.019913434982299805 62582 0
0.11552023887634277 0.019264936447143555 64520 0
0.11023306846618652 0.020068883895874023 58214 0
0.10817170143127441 0.018860340118408203 57848 0
0.11021184921264648 0.018939971923828125 58960 0
0.11475563049316406 0.019384384155273438 57978 0
0.11578941345214844 0.0196530818939209 59546 0
0.11146259307861328 0.019361257553100586 63364 0
0.11133313179016113 0.02018141746520996 61166 0
0.11329984664916992 0.020121335983276367 60504 0
0.11313915252685547 0.018751144409179688 64268 0
0.11625409126281738 0.019556760787963867 62872 0
0.11939525604248047 0.019910097122192383 69394 0
0.11168026924133301 0.020855426788330078 62588 0
0.11549568176269531 0.0192718505859375 65860 0
0.11435532569885254 0.019230365753173828 65960 0
0.11620020866394043 0.02146148681640625 68314 0
0.11723136901855469 0.020360708236694336 67804 0
0.11981964111328125 0.021408796310424805 68268 0
0.11206817626953125 0.01871967315673828 61660 0
0.11267542839050293 0.024543046951293945 68762 0
0.11322879791259766 0.019166946411132812 69302 0
0.11886906623840332 0.021005868911743164 69234 0
0.11304855346679688 0.01836419105529785 66666 0
0.11763525009155273 0.01922440528869629 65154 0
0.11976885795593262 0.02043747901916504 65896 0
0.10923600196838379 0.018799304962158203 62136 0
0.11252570152282715 0.02009725570678711 66172 0
0.12001490592956543 0.020994901657104492 65034 0
0.1086578369140625 0.01819014549255371 52642 0
0.11413192749023438 0.019132137298583984 67352 0
0.11749792098999023 0.02175736427307129 68100 0
0.11210775375366211 0.018278121948242188 62362 0
0.11802387237548828 0.02039933204650879 64114 0
0.11417889595031738 0.019325733184814453 64122 0
0.11238360404968262 0.019510269165039062 66346 0
0.1135091781616211 0.019893169403076172 66982 0
0.11767315864562988 0.019054174423217773 65826 0
0.12227725982666016 0.020508289337158203 65710 0
0.11530756950378418 0.019077539443969727 66572 0
0.11858344078063965 0.020139217376708984 67662 0
0.1198270320892334 0.020368099212646484 67548 0
0.11123061180114746 0.01947498321533203 64542 0
0.11388587951660156 0.019504785537719727 63530 0
0.1057288646697998 0.019026517868041992 54716 0
0.10663557052612305 0.01826333999633789 51324 0
0.11145591735839844 0.018533945083618164 53336 0
0.11296820640563965 0.019306182861328125 53020 0
0.10992574691772461 0.019554853439331055 53518 0
0.10970282554626465 0.022391557693481445 53684 0
0.10811448097229004 0.01810431480407715 54772 0
0.11341333389282227 0.019479751586914062 56328 0
0.10914254188537598 0.018619298934936523 55370 0
0.11101388931274414 0.018393516540527344 53608 0
0.10826945304870605 0.019245386123657227 54840 0
0.10816121101379395 0.018548011779785156 54524 0
0.11235904693603516 0.018487930297851562 53560 0
0.10975170135498047 0.01861739158630371 54002 0
0.10648274421691895 0.019435405731201172 53176 0
0.1140751838684082 0.018381834030151367 53362 0
0.10922455787658691 0.019464492797851562 47968 0
0.11072754859924316 0.019569873809814453 54376 0
0.10833215713500977 0.0184781551361084 54218 0
0.10643148422241211 0.020224571228027344 54782 0
0.10589742660522461 0.0184938907623291 54504 0
0.11206722259521484 0.018288373947143555 54156 0
0.10827469825744629 0.018700838088989258 54664 0
0.11152768135070801 0.01948380470275879 55460 0
0.10980510711669922 0.018962383270263672 54570 0
0.11069178581237793 0.017737150192260742 54226 0
0.11419391632080078 0.01838517189025879 54024 0
0.11406803131103516 0.020322322845458984 53972 0
0.11671566963195801 0.018787145614624023 54436 0
0.10824751853942871 0.020441055297851562 53612 0
0.10899019241333008 0.018140554428100586 53562 0
0.10909080505371094 0.019585371017456055 53470 0
0.1104428768157959 0.021593809127807617 53884 0
0.11038684844970703 0.018543243408203125 55296 0
0.10858774185180664 0.018965959548950195 54086 0
0.10911703109741211 0.01853775978088379 54070 0
0.10682892799377441 0.018086671829223633 53676 0
0.10759997367858887 0.019068002700805664 53884 0
0.11494898796081543 0.018532752990722656 53802 0
0.1160733699798584 0.01885533332824707 53296 0
0.10881686210632324 0.018174171447753906 53370 0
0.11445426940917969 0.019284725189208984 53808 0
0.10626006126403809 0.01996779441833496 53906 0
0.11345791816711426 0.01804947853088379 54262 0
0.11045050621032715 0.01920151710510254 53422 0
0.1142125129699707 0.01855301856994629 53192 0
0.10516476631164551 0.01863241195678711 46544 0
0.10759329795837402 0.019437313079833984 53200 0
0.1075599193572998 0.01802682876586914 53186 0
0.10721349716186523 0.018685340881347656 53792 0
0.1147160530090332 0.01810479164123535 53376 0
0.11380267143249512 0.019936323165893555 54078 0
0.11182022094726562 0.018304824829101562 54450 0
0.11316847801208496 0.019418954849243164 54270 0
0.10848474502563477 0.020093917846679688 54348 0
0.11159086227416992 0.019360780715942383 54416 0
0.11128807067871094 0.019043445587158203 53016 0
0.11097288131713867 0.01786184310913086 52582 0
0.10718154907226562 0.01832866668701172 52692 0
0.1146855354309082 0.017910003662109375 52550 0
0.10779666900634766 0.017522335052490234 52554 0
0.10643434524536133 0.019173145294189453 52810 0
0.10744905471801758 0.01948237419128418 52938 0
0.11609101295471191 0.01829814910888672 54248 0
0.10933041572570801 0.018452167510986328 53752 0
0.10700035095214844 0.01849055290222168 53854 0
0.10757899284362793 0.01889324188232422 54150 0
0.1068716049194336 0.018813371658325195 54376 0
0.1166996955871582 0.019493579864501953 54114 0
0.10609102249145508 0.01981186866760254 53340 0
0.11278963088989258 0.01973891258239746 53536 0
0.11266160011291504 0.01853179931640625 53612 0
0.11582684516906738 0.020036935806274414 59858 0
0.1164553165435791 0.01862621307373047 59414 0
0.10806751251220703 0.019094467163085938 55346 0
0.11634564399719238 0.020379066467285156 64808 0
0.1148366928100586 0.01954364776611328 61326 0
0.11492109298706055 0.019869327545166016 64360 0
0.11396503448486328 0.018399715423583984 62210 0
0.11038398742675781 0.01913738250732422 59664 0
0.11290407180786133 0.019092798233032227 61174 0
0.11704087257385254 0.01893758773803711 60758 0
0.11118197441101074 0.019631147384643555 60826 0
0.10868310928344727 0.019643068313598633 59688 0
0.10982823371887207 0.019807100296020508 59412 0
0.10884928703308105 0.0190582275390625 55454 0
0.11677384376525879 0.018242597579956055 54790 0
0.10503959655761719 0.017992734909057617 52118 0
0.11193084716796875 0.019130706787109375 54410 0
0.10873913764953613 0.01956653594970703 54792 0
0.10790657997131348 0.01802659034729004 53500 0
0.10981249809265137 0.019124269485473633 53582 0
0.10598444938659668 0.019423246383666992 53980 0
0.10767221450805664 0.018825292587280273 53536 0
0.11292672157287598 0.018581151962280273 53856 0
0.11289167404174805 0.018299102783203125 54854 0
0.10770964622497559 0.018764495849609375 55202 0
0.11328244209289551 0.01916670799255371 55796 0
0.10523414611816406 0.017517566680908203 45720 0
0.10939192771911621 0.01863384246826172 56140 0
0.11344790458679199 0.018846988677978516 56592 0
0.11169910430908203 0.017702102661132812 54442 0
0.11216354370117188 0.018305063247680664 55366 0
0.11074542999267578 0.019156455993652344 56262 0
0.11725950241088867 0.01976799964904785 55866 0
0.10912966728210449 0.01862931251525879 56372 0
0.11069941520690918 0.019519567489624023 55828 0
0.11478638648986816 0.0187530517578125 54960 0
0.10994815826416016 0.018950700759887695 54358 0
0.10944533348083496 0.01803731918334961 53710 0
0.11036086082458496 0.018279075622558594 54002 0
0.11472773551940918 0.019060134887695312 54882 0
0.11016058921813965 0.02000141143798828 54866 0
0.11924123764038086 0.019453763961791992 55796 0
0.10903358459472656 0.019190073013305664 56530 0
0.11285042762756348 0.019497394561767578 55714 0
0.10956883430480957 0.018830537796020508 54824 0
0.1066286563873291 0.018146276473999023 54750 0
0.1083841323852539 0.01940751075744629 54286 0
0.10954737663269043 0.018770933151245117 54112 0
0.10780596733093262 0.019205570220947266 54938 0
0.10940980911254883 0.018385648727416992 53966 0
0.11553549766540527 0.018612146377563477 54612 0
0.10670042037963867 0.018666505813598633 54110 0
0.10839986801147461 0.018455028533935547 53750 0
0.10914158821105957 0.019034385681152344 53126 0
0.10915112495422363 0.019225597381591797 54838 0
0.11038875579833984 0.01873779296875 55482 0
0.10390305519104004 0.01776289939880371 44496 0
0.10804557800292969 0.019013166427612305 54580 0
0.11044955253601074 0.019188404083251953 56078 0
0.1079714298248291 0.023176908493041992 52348 0
0.10990691184997559 0.019042491912841797 56170 0
0.11249852180480957 0.019162893295288086 55914 0
0.10950303077697754 0.018867969512939453 54728 0
0.10822653770446777 0.01739048957824707 56146 0
0.10752010345458984 0.01922321319580078 55776 0
0.10978841781616211 0.018578290939331055 55616 0
0.11862492561340332 0.018439769744873047 55494 0
0.11023640632629395 0.018960237503051758 54552 0
0.1166222095489502 0.024000883102416992 55592 0
0.10904932022094727 0.01984858512878418 53944 0
0.11258792877197266 0.018428802490234375 54960 0
0.10861635208129883 0.01897430419921875 55132 0
0.1136472225189209 0.019791841506958008 55330 0
0.11296629905700684 0.019521236419677734 55902 0
0.1049954891204834 0.018802642822265625 55532 0
0.11217045783996582 0.01869988441467285 55494 0
0.10681867599487305 0.019132137298583984 55148 0
0.10968685150146484 0.02414083480834961 54394 0
0.1102759838104248 0.018749713897705078 54930 0
0.10822153091430664 0.01906108856201172 54604 0
0.1075277328491211 0.01860666275024414 55254 0
0.10683155059814453 0.019264936447143555 55122 0
0.10858941078186035 0.01909017562866211 54106 0
0.10576534271240234 0.01799941062927246 52694 0
0.11066079139709473 0.018436193466186523 55146 0
0.10727596282958984 0.01857280731201172 54762 0
0.10374593734741211 0.017825841903686523 43334 0
0.1054220199584961 0.0180819034576416 52244 0
0.11059689521789551 0.01847362518310547 54206 0
0.11232614517211914 0.01940155029296875 50802 0
0.11397504806518555 0.01905655860900879 55364 0
0.10671234130859375 0.01904463768005371 56164 0
0.1033179759979248 0.018563270568847656 47736 0
0.10712337493896484 0.017816781997680664 41664 0
0.10943174362182617 0.01961231231689453 53596 0
0.10704302787780762 0.018497705459594727 55392 0
0.10831189155578613 0.01980757713317871 57178 0
0.10895109176635742 0.019341707229614258 55878 0
0.10795378684997559 0.01858067512512207 56516 0
0.1155235767364502 0.019385814666748047 57172 0
0.10706901550292969 0.019572019577026367 56504 0
0.10923027992248535 0.01833653450012207 54978 0
0.10634827613830566 0.017566204071044922 44692 0
0.1045830249786377 0.01900482177734375 43390 0
0.10949921607971191 0.01880955696105957 55948 0
0.11394357681274414 0.01925206184387207 56676 0
0.11610031127929688 0.01964735984802246 54468 0
0.1075124740600586 0.020143508911132812 54784 0
0.1072084903717041 0.01832747459411621 54520 0
0.10593199729919434 0.01878833770751953 54688 0
0.11051511764526367 0.01895761489868164 55732 0
0.11657309532165527 0.020517349243164062 56620 0
0.10912561416625977 0.018877506256103516 55862 0
0.10657858848571777 0.018259286880493164 54178 0
0.11403822898864746 0.020986557006835938 56160 0
0.11127424240112305 0.01957106590270996 56008 0
0.10721111297607422 0.018967866897583008 49660 0
0.11013913154602051 0.01889634132385254 55250 0
0.1069486141204834 0.019124984741210938 54732 0
0.11274528503417969 0.01930522918701172 54494 0
0.11284661293029785 0.01867818832397461 56418 0
0.10836243629455566 0.019025325775146484 55838 0
0.10678243637084961 0.018764495849609375 54956 0
0.10808372497558594 0.018290042877197266 53734 0
0.10811138153076172 0.019347667694091797 54934 0
0.11354589462280273 0.019330739974975586 54776 0
0.10716438293457031 0.019320011138916016 53954 0
0.10949015617370605 0.01921820640563965 54914 0
0.10796427726745605 0.017843961715698242 53614 0
0.11125946044921875 0.01845383644104004 54484 0
0.11361265182495117 0.019286394119262695 54228 0
0.10776233673095703 0.01888442039489746 55518 0
0.10857629776000977 0.019072771072387695 55036 0
0.10806775093078613 0.01872873306274414 54124 0
0.10613393783569336 0.018446922302246094 52874 0
0.10893082618713379 0.01878213882446289 53716 0
0.10602068901062012 0.018377065658569336 51764 0
0.10147619247436523 0.017624616622924805 42062 0
0.10865521430969238 0.019235610961914062 51292 0
0.11257457733154297 0.019927978515625 51274 0
0.10751128196716309 0.01832270622253418 52680 0
0.11166739463806152 0.018439054489135742 51596 0
0.10664939880371094 0.018932104110717773 52280 0
0.11393547058105469 0.01833343505859375 52202 0
0.1130058765411377 0.019167184829711914 52086 0
0.10548543930053711 0.01987290382385254 51644 0
0.10774803161621094 0.01862359046936035 51834 0
0.11445879936218262 0.0182955265045166 51906 0
0.10658526420593262 0.018888235092163086 51430 0
0.10535669326782227 0.018248558044433594 51656 0
0.11308979988098145 0.01824212074279785 50342 0
0.10833168029785156 0.018012285232543945 51226 0
0.11316204071044922 0.019940614700317383 51914 0
0.10634946823120117 0.019347429275512695 51074 0
0.10907530784606934 0.018346548080444336 50772 0
0.11064267158508301 0.01874542236328125 51316 0
0.10804057121276855 0.018031597137451172 50340 0
0.10552406311035156 0.018558025360107422 51008 0
0.10602855682373047 0.018778324127197266 51626 0
0.1131429672241211 0.018277645111083984 51538 0
0.10698604583740234 0.020355701446533203 51594 0
0.10573554039001465 0.018123626708984375 51726 0
0.10666584968566895 0.01850605010986328 50998 0
0.10620403289794922 0.018067121505737305 51316 0
0.10433578491210938 0.019957304000854492 48334 0
0.11500835418701172 0.019496917724609375 50754 0
0.10631871223449707 0.018590450286865234 49286 0
0.10134053230285645 0.017241239547729492 40408 0
0.10630393028259277 0.01827549934387207 49060 0
0.10889577865600586 0.018998384475708008 51130 0
0.11547732353210449 0.01835942268371582 51172 0
0.10455822944641113 0.017861366271972656 50472 0
0.1115262508392334 0.018262147903442383 50902 0
0.11083745956420898 0.01865410804748535 50192 0
0.10964584350585938 0.01838970184326172 50808 0
0.10738992691040039 0.01854395866394043 50802 0
0.10600161552429199 0.0188140869140625 51430 0
0.10608959197998047 0.018612384796142578 49444 0
0.11130595207214355 0.019100427627563477 50480 0
0.10584139823913574 0.018447160720825195 51064 0
0.10392069816589355 0.018442869186401367 49324 0
0.11108613014221191 0.018276691436767578 49748 0
0.10939621925354004 0.018217802047729492 50316 0
0.10808801651000977 0.018358469009399414 50446 0
0.11235308647155762 0.018789052963256836 49198 0
0.10660481452941895 0.018834590911865234 50626 0
0.11146235466003418 0.019172191619873047 50398 0
0.11201834678649902 0.020564794540405273 50168 0
0.1075282096862793 0.018482446670532227 50950 0
0.11022567749023438 0.01868295669555664 50178 0
0.10473179817199707 0.024013519287109375 50352 0
0.10507488250732422 0.018995285034179688 50874 0
0.10840630531311035 0.01866936683654785 50258 0
0.10534024238586426 0.01821303367614746 50882 0
0.10363364219665527 0.018799781799316406 47856 0
0.10617280006408691 0.018125057220458984 49946 0
0.10591721534729004 0.018752336502075195 49738 0
0.10737919807434082 0.017368793487548828 39698 0
0.10435009002685547 0.01766180992126465 48098 0
0.10785079002380371 0.01827716827392578 48734 0
0.10662651062011719 0.017887115478515625 49100 0
0.10635709762573242 0.018118858337402344 48938 0
0.11098241806030273 0.018645048141479492 50042 0
0.10913705825805664 0.018724918365478516 49546 0
0.10641002655029297 0.01828169822692871 49586 0
0.10686326026916504 0.01970505714416504 50718 0
0.10836625099182129 0.018506526947021484 49542 0
0.10644888877868652 0.017727136611938477 49684 0
0.11689019203186035 0.019130468368530273 49888 0
0.10566592216491699 0.018259048461914062 49350 0
0.10631585121154785 0.019097566604614258 48482 0
0.10629725456237793 0.018535614013671875 48666 0
0.11089110374450684 0.018964052200317383 49520 0
0.10819244384765625 0.0175020694732666 46474 0
0.10339808464050293 0.017856597900390625 45682 0
0.1047816276550293 0.018400907516479492 46696 0
0.10518574714660645 0.018072843551635742 48160 0
0.10597777366638184 0.018300294876098633 47710 0
0.10514187812805176 0.018033504486083984 48748 0
0.10741019248962402 0.01802992820739746 49396 0
0.10839438438415527 0.01873493194580078 49020 0
0.10674810409545898 0.019011735916137695 49600 0
0.11027026176452637 0.0187222957611084 49462 0
0.10658955574035645 0.019240856170654297 47036 0
0.10541725158691406 0.018667221069335938 44900 0
0.108062744140625 0.017507076263427734 46090 0
0.10510683059692383 0.01844000816345215 45224 0
0.09998607635498047 0.0170748233795166 37292 0
0.10413646697998047 0.019208908081054688 45730 0
0.11409187316894531 0.01824474334716797 45976 0
0.1102132797241211 0.01851963996887207 45306 0
0.11302995681762695 0.01860952377319336 44136 0
0.10398149490356445 0.017615556716918945 45560 0
0.10811734199523926 0.018566131591796875 48532 0
0.1064004898071289 0.017965316772460938 46434 0
0.10613322257995605 0.01802206039428711 46702 0
0.11031460762023926 0.01911640167236328 46070 0
0.10446858406066895 0.017850160598754883 44936 0
0.10684394836425781 0.019684791564941406 44642 0
0.10403585433959961 0.0175478458404541 44394 0
0.10354113578796387 0.017758846282958984 44632 0
0.1036539077758789 0.017889738082885742 43964 0
0.1064913272857666 0.017584800720214844 44576 0
0.1084585189819336 0.018187999725341797 45214 0
0.10400247573852539 0.01923823356628418 46296 0
0.10423707962036133 0.018370866775512695 46128 0
0.10420846939086914 0.018350601196289062 45060 0
0.10817790031433105 0.01823711395263672 45554 0
0.10888481140136719 0.019016742706298828 45524 0
0.1032259464263916 0.017967939376831055 45022 0
0.10342812538146973 0.01785755157470703 45266 0
0.10965919494628906 0.018841981887817383 44898 0
0.10264182090759277 0.017447710037231445 45068 0
0.10306954383850098 0.01735091209411621 44792 0
0.10520529747009277 0.017507553100585938 41546 0
0.10451269149780273 0.01782512664794922 44214 0
0.10921359062194824 0.01808023452758789 43708 0
0.10213422775268555 0.017977476119995117 35584 0
0.10330796241760254 0.018093585968017578 43906 0
0.10380315780639648 0.017748594284057617 45112 0
0.1032865047454834 0.017760515213012695 45068 0
0.10398435592651367 0.017689943313598633 44504 0
0.1050257682800293 0.018427371978759766 45930 0
0.11255598068237305 0.0177154541015625 44990 0
0.10458993911743164 0.017811298370361328 44418 0
0.10762524604797363 0.01781487464904785 47674 0
0.10292649269104004 0.0181121826171875 45938 0
0.10203838348388672 0.017018556594848633 37564 0
0.10475587844848633 0.017804861068725586 45824 0
0.10975360870361328 0.01923394203186035 46638 0
0.11278843879699707 0.01877880096435547 46678 0
0.10512399673461914 0.01779460906982422 45302 0
0.1067192554473877 0.018140316009521484 46994 0
0.11020851135253906 0.01909637451171875 48242 0
0.10932064056396484 0.01912403106689453 48388 0
0.10718297958374023 0.018591880798339844 49916 0
0.10731172561645508 0.017893552780151367 47470 0
0.1072990894317627 0.01832294464111328 48048 0
0.10764145851135254 0.018168926239013672 47098 0
0.11230134963989258 0.01809549331665039 47918 0
0.10783529281616211 0.01769733428955078 48396 0
0.1130530834197998 0.01927328109741211 48726 0
0.10428166389465332 0.018341779708862305 46928 0
0.11107420921325684 0.017912864685058594 44626 0
0.1085212230682373 0.017429590225219727 45018 0
0.10816168785095215 0.017982006072998047 48136 0
0.11131644248962402 0.017726659774780273 47974 0
0.10798859596252441 0.017827987670898438 48802 0
0.11103034019470215 0.018189191818237305 48638 0
0.10577678680419922 0.016602754592895508 46750 0
0.10884284973144531 0.019604206085205078 46626 0
0.10992956161499023 0.01789116859436035 46650 0
0.1051645278930664 0.017764568328857422 47932 0
0.10535359382629395 0.017420053482055664 46202 0
0.10505008697509766 0.01852869987487793 46110 0
0.11044120788574219 0.018065929412841797 46834 0
0.10572314262390137 0.01796102523803711 45972 0
0.11176705360412598 0.018573284149169922 48132 0
0.1058652400970459 0.018367767333984375 47620 0
0.112762451171875 0.019540786743164062 47972 0
0.10723686218261719 0.01830911636352539 47176 0
0.10431265830993652 0.017657756805419922 47188 0
0.10556888580322266 0.017940759658813477 46416 0
0.10388064384460449 0.018959522247314453 43734 0
0.1067056655883789 0.018117189407348633 46050 0
0.10953688621520996 0.0187075138092041 45804 0
0.10105562210083008 0.017307281494140625 36672 0
0.11163544654846191 0.018557310104370117 46630 0
0.11179232597351074 0.018071889877319336 46780 0
0.10717463493347168 0.019550561904907227 46186 0
0.10438275337219238 0.01771402359008789 44578 0
0.11339211463928223 0.017625093460083008 45950 0
0.10588622093200684 0.01812005043029785 48966 0
0.10505390167236328 0.01800990104675293 48836 0
0.10717439651489258 0.01744866371154785 49058 0
0.10791778564453125 0.018556833267211914 49968 0
0.10706663131713867 0.0194091796875 48148 0
0.10570478439331055 0.01793527603149414 49064 0
0.10530757904052734 0.017678260803222656 46826 0
0.10764026641845703 0.018558502197265625 47320 0
0.10892295837402344 0.017986536026000977 47764 0
0.10764884948730469 0.017949581146240234 47122 0
0.10509610176086426 0.019395828247070312 47304 0
0.10574865341186523 0.018506526947021484 48450 0
0.10580635070800781 0.018253564834594727 50378 0
0.10581421852111816 0.018089771270751953 48046 0
0.10629940032958984 0.018416404724121094 48862 0
0.11231374740600586 0.017171859741210938 48542 0
0.10517144203186035 0.018256187438964844 48474 0
0.1079246997833252 0.020119667053222656 47558 0
0.10663700103759766 0.018121004104614258 48542 0
0.11113119125366211 0.018736600875854492 57394 0
0.11654448509216309 0.019532203674316406 60534 0
0.11141657829284668 0.019378662109375 61112 0
0.117462158203125 0.019227266311645508 63398 0
0.11522269248962402 0.01900792121887207 60966 0
0.11462235450744629 0.019405841827392578 61888 0
0.11035680770874023 0.019427061080932617 63042 0
0.1130366325378418 0.022081851959228516 60568 0
0.11101984977722168 0.01944255828857422 63092 0
0.11137843132019043 0.01955246925354004 62126 0
0.11072063446044922 0.018698930740356445 61406 0
0.11217904090881348 0.01936054229736328 62462 0
0.1104881763458252 0.020557880401611328 61404 0
0.10970091819763184 0.019878864288330078 61436 0
0.11736345291137695 0.018941879272460938 61458 0
0.11268448829650879 0.018828630447387695 63108 0
0.1131737232208252 0.025967836380004883 63722 0
0.10982108116149902 0.01917123794555664 61108 0
0.10775399208068848 0.01879715919494629 55480 0
0.11464262008666992 0.01992964744567871 61462 0
0.11582112312316895 0.02033233642578125 62866 0
0.11049652099609375 0.02019357681274414 62752 0
0.1167900562286377 0.018941879272460938 63520 0
0.1091914176940918 0.020816564559936523 62204 0
0.11232399940490723 0.01973867416381836 65156 0
0.11877083778381348 0.019008398056030273 62760 0
0.11754751205444336 0.021277666091918945 64918 0
0.11413884162902832 0.01980733871459961 63620 0
0.10547304153442383 0.018073320388793945 52630 0
0.10904240608215332 0.019265174865722656 62032 0
0.11684179306030273 0.019263267517089844 63034 0
0.11855244636535645 0.01962733268737793 63810 0
0.11363387107849121 0.01945209503173828 64402 0
0.11699771881103516 0.021676301956176758 66286 0
0.11650371551513672 0.02009725570678711 66312 0
0.11182618141174316 0.01830005645751953 65800 0
0.11842179298400879 0.01996445655822754 66648 0
0.11183023452758789 0.021201610565185547 65132 0
0.11929821968078613 0.019246578216552734 62600 0
0.11204862594604492 0.020779848098754883 65672 0
0.11634540557861328 0.019929885864257812 63570 0
0.11181044578552246 0.01915764808654785 65336 0
0.11277031898498535 0.019072532653808594 65516 0
0.11122965812683105 0.019882678985595703 65886 0
0.11344051361083984 0.01933908462524414 64832 0
0.1153562068939209 0.02071213722229004 67168 0
0.11406326293945312 0.018942832946777344 65506 0
0.11169862747192383 0.021966934204101562 66914 0
0.11008405685424805 0.01925373077392578 58716 0
0.1122293472290039 0.019598960876464844 66866 0
0.1132512092590332 0.01866745948791504 66186 0
0.11878180503845215 0.019916296005249023 66328 0
0.1140451431274414 0.018706560134887695 66414 0
0.11406493186950684 0.01932358741760254 66608 0
0.12127113342285156 0.019486188888549805 66618 0
0.11194562911987305 0.019765138626098633 63578 0
0.11331462860107422 0.019332170486450195 67852 0
0.11465120315551758 0.019205808639526367 68310 0
0.10685205459594727 0.017391204833984375 53064 0
0.11830592155456543 0.01951146125793457 66144 0
0.11342167854309082 0.018772363662719727 63526 0
0.11209607124328613 0.020333051681518555 62610 0
0.11474037170410156 0.019429445266723633 67690 0
0.11662507057189941 0.019156694412231445 68392 0
0.11396527290344238 0.019547700881958008 63544 0
0.11279034614562988 0.01955890655517578 68504 0
0.11488103866577148 0.019710063934326172 67594 0
0.11199593544006348 0.01963210105895996 68110 0
0.1128990650177002 0.020647048950195312 68428 0
0.11338615417480469 0.019327878952026367 67284 0
0.11266541481018066 0.019153356552124023 63740 0
0.11907815933227539 0.02102184295654297 67848 0
0.11369824409484863 0.02130746841430664 69072 0
0.1132957935333252 0.019497156143188477 67608 0
0.11701607704162598 0.019006967544555664 67926 0
0.11320805549621582 0.01947188377380371 67136 0
0.11492252349853516 0.019725561141967773 67796 0
0.1118621826171875 0.019304990768432617 67972 0
0.11457681655883789 0.019628047943115234 59314 0
0.11326909065246582 0.01956343650817871 66630 0
0.11339044570922852 0.02035212516784668 66838 0
0.11184120178222656 0.01980447769165039 67144 0
0.11040472984313965 0.019389629364013672 65936 0
0.11269760131835938 0.019382953643798828 65584 0
0.11337900161743164 0.0195009708404541 65514 0
0.11034345626831055 0.02303004264831543 60650 0
0.11388850212097168 0.019214868545532227 65994 0
0.11311769485473633 0.019931316375732422 66088 0
0.1097867488861084 0.018267154693603516 49934 0
0.1159663200378418 0.019623994827270508 62526 0
0.11000370979309082 0.019173860549926758 57562 0
0.11252260208129883 0.01788043975830078 57296 0
0.1120903491973877 0.019466638565063477 60386 0
0.11396098136901855 0.019102811813354492 61646 0
0.11842632293701172 0.019680500030517578 59362 0
0.11198091506958008 0.0195159912109375 62772 0
0.11368560791015625 0.01984548568725586 61830 0
0.10947322845458984 0.019336223602294922 60008 0
0.1100318431854248 0.019675254821777344 58870 0
0.11095380783081055 0.01932358741760254 59108 0
0.10779809951782227 0.018253803253173828 54342 0
0.10903072357177734 0.01902151107788086 58154 0
0.1085362434387207 0.019611597061157227 58250 0
0.11566329002380371 0.018934011459350586 57886 0
0.11057806015014648 0.01870131492614746 57532 0
0.10926675796508789 0.019838333129882812 57876 0
0.11203908920288086 0.01878523826599121 58112 0
0.11089229583740234 0.018865108489990234 58476 0
0.10814070701599121 0.019420862197875977 54108 0
0.11027359962463379 0.018932342529296875 58476 0
0.10950088500976562 0.01922440528869629 61832 0
0.11256957054138184 0.019259929656982422 61758 0
0.12156820297241211 0.01960897445678711 60000 0
0.10860872268676758 0.020464658737182617 60760 0
0.11152982711791992 0.019875049591064453 60100 0
0.1120760440826416 0.01956629753112793 56454 0
0.1128685474395752 0.018614768981933594 57500 0
0.11622858047485352 0.018454551696777344 57878 0
0.10344362258911133 0.018494844436645508 46454 0
0.10774946212768555 0.02086663246154785 57414 0
0.11323285102844238 0.018718242645263672 54700 0
0.11365699768066406 0.018688678741455078 55228 0
0.11839175224304199 0.01874065399169922 57632 0
0.10982871055603027 0.018362760543823242 57018 0
0.10654354095458984 0.01926565170288086 56304 0
0.11160445213317871 0.0192105770111084 60072 0
0.11062955856323242 0.01896810531616211 60418 0
0.11156201362609863 0.0190279483795166 61230 0
0.11450839042663574 0.01936173439025879 61166 0
0.10991573333740234 0.01963329315185547 60252 0
0.11480522155761719 0.02038884162902832 54896 0
0.1095724105834961 0.019286394119262695 60854 0
0.11671566963195801 0.019914865493774414 60696 0
0.11223530769348145 0.02038407325744629 60280 0
0.10954070091247559 0.020156145095825195 59830 0
0.11010527610778809 0.019652605056762695 60820 0
0.11453676223754883 0.0186917781829834 59826 0
0.10849809646606445 0.018996238708496094 59994 0
0.11080384254455566 0.019351482391357422 54444 0
0.11413455009460449 0.019003629684448242 59360 0
0.10824155807495117 0.018975257873535156 59548 0
0.1103675365447998 0.019568204879760742 59294 0
0.10737442970275879 0.01894235610961914 59424 0
0.1099393367767334 0.02019786834716797 58386 0
0.11255335807800293 0.019023418426513672 58326 0
0.10982275009155273 0.019463300704956055 56442 0
0.1076195240020752 0.019270896911621094 59288 0
0.11193346977233887 0.0188138484954834 58302 0
0.11417865753173828 0.018502473831176758 45544 0
0.10829758644104004 0.019756317138671875 57374 0
0.10846924781799316 0.0185391902923584 52620 0
0.10736775398254395 0.019562721252441406 54442 0
0.10965538024902344 0.020495891571044922 57964 0
0.11016058921813965 0.01996636390686035 58630 0
0.10925507545471191 0.019123315811157227 56510 0
0.10765266418457031 0.018960237503051758 58812 0
0.10900044441223145 0.018963098526000977 59328 0
0.1161959171295166 0.020575523376464844 59328 0
0.11112713813781738 0.019703149795532227 58708 0
0.11024689674377441 0.019710779190063477 58196 0
0.1073763370513916 0.018890857696533203 52992 0
0.11287379264831543 0.0179903507232666 59472 0
0.1108558177947998 0.02057051658630371 58622 0
0.10753273963928223 0.018864154815673828 58510 0
0.11691832542419434 0.01839447021484375 58824 0
0.11385464668273926 0.019973278045654297 59306 0
0.11825275421142578 0.020308732986450195 58032 0
0.10992193222045898 0.01763153076171875 58762 0
0.10815787315368652 0.01925826072692871 52208 0
0.1087195873260498 0.01876235008239746 58188 0
0.10808634757995605 0.019162416458129883 58308 0
0.11594867706298828 0.019011735916137695 59110 0
0.11182403564453125 0.018842458724975586 58016 0
0.11020946502685547 0.021193265914916992 59044 0
0.10879039764404297 0.01954030990600586 57954 0
0.11368083953857422 0.0187380313873291 54602 0
0.11775660514831543 0.01953887939453125 58960 0
0.10963726043701172 0.022751808166503906 58152 0
0.10804224014282227 0.01845383644104004 47994 0
0.10887432098388672 0.018627405166625977 57056 0
0.10820770263671875 0.018653392791748047 52034 0
0.11014389991760254 0.018457889556884766 56932 0
0.10883021354675293 0.0188446044921875 57578 0
0.1116781234741211 0.01918339729309082 59416 0
0.11475014686584473 0.018258333206176758 56994 0
0.11569452285766602 0.0184786319732666 59534 0
0.10757279396057129 0.025120973587036133 59552 0
0.11322760581970215 0.019156455993652344 59402 0
0.11657881736755371 0.01969623565673828 59098 0
0.11066937446594238 0.019652605056762695 58842 0
0.1063089370727539 0.018807649612426758 53856 0
0.10984206199645996 0.01937389373779297 59458 0
0.10755157470703125 0.01961517333984375 59406 0
0.10932683944702148 0.019037246704101562 59382 0
0.11294865608215332 0.018831729888916016 60226 0
0.11255669593811035 0.019220590591430664 60216 0
0.1100454330444336 0.018991947174072266 58914 0
0.10675859451293945 0.018583059310913086 57534 0
0.10526633262634277 0.019222736358642578 53564 0
0.10711956024169922 0.018607139587402344 57120 0
0.1133873462677002 0.020748376846313477 65190 0
0.11408233642578125 0.018590688705444336 64016 0
0.11516475677490234 0.019434690475463867 64194 0
0.11338996887207031 0.02000880241394043 66082 0
0.11430978775024414 0.023371219635009766 64738 0
0.11735820770263672 0.019852876663208008 63974 0
0.11859774589538574 0.019771337509155273 65882 0
0.11673665046691895 0.020021677017211914 63424 0
0.11122918128967285 0.018520593643188477 63062 0
0.11233711242675781 0.019640445709228516 65078 0
0.11149978637695312 0.01891613006591797 62296 0
0.11804628372192383 0.020092248916625977 63228 0
0.11667847633361816 0.02125859260559082 63236 0
0.12131261825561523 0.020490646362304688 64520 0
0.11311793327331543 0.021232128143310547 65552 0
0.1112508773803711 0.02002716064453125 64936 0
0.11736035346984863 0.02025914192199707 63970 0
0.1131742000579834 0.01981377601623535 65536 0
0.11233043670654297 0.0196378231048584 65622 0
0.11101412773132324 0.020841360092163086 63050 0
0.1123049259185791 0.018497705459594727 62774 0
0.11513614654541016 0.019046783447265625 61636 0
0.11182689666748047 0.020406484603881836 61996 0
0.11133456230163574 0.018606901168823242 61670 0
0.11795282363891602 0.019067764282226562 63024 0
0.11360764503479004 0.018191099166870117 62976 0
0.11815214157104492 0.020601987838745117 62572 0
0.11879420280456543 0.019783735275268555 65270 0
0.11889290809631348 0.021091222763061523 64800 0
0.11237215995788574 0.019361257553100586 63172 0
0.11170244216918945 0.019181251525878906 63154 0
0.11551380157470703 0.019047260284423828 63790 0
0.11037254333496094 0.019542455673217773 62960 0
0.1152944564819336 0.019287586212158203 62886 0
0.11144518852233887 0.019083738327026367 61418 0
0.11757946014404297 0.01894378662109375 62086 0
0.1106405258178711 0.019462108612060547 62288 0
0.11246228218078613 0.021356821060180664 63278 0
0.11821150779724121 0.020062685012817383 63644 0
0.1137990951538086 0.02034449577331543 62196 0
0.1112830638885498 0.01893138885498047 62698 0
0.1101536750793457 0.019617319107055664 62258 0
0.11272883415222168 0.018134355545043945 62948 0
0.11069440841674805 0.020184040069580078 61920 0
0.11299920082092285 0.01940441131591797 62398 0
0.11291265487670898 0.01912236213684082 62532 0
0.11056709289550781 0.0187985897064209 60950 0
0.1121680736541748 0.019411325454711914 62514 0
0.1132817268371582 0.02062201499938965 63436 0
0.11007809638977051 0.018924474716186523 62334 0
0.11742281913757324 0.019824743270874023 63734 0
0.1138010025024414 0.019555330276489258 63198 0
0.11210775375366211 0.02060675621032715 62604 0
0.11876630783081055 0.01954936981201172 63366 0
0.11197328567504883 0.019024372100830078 62626 0
0.11205291748046875 0.01956772804260254 62454 0
0.11389613151550293 0.020676136016845703 62698 0
0.11213493347167969 0.019291400909423828 62520 0
0.1100156307220459 0.019473552703857422 63244 0
0.11269354820251465 0.020210742950439453 62840 0
0.11086034774780273 0.019232988357543945 62880 0
0.11246633529663086 0.018078327178955078 63562 0
0.11632013320922852 0.019268035888671875 63128 0
0.11207389831542969 0.019334077835083008 64192 0
0.11844253540039062 0.020436525344848633 64008 0
0.11006736755371094 0.019272565841674805 64140 0
0.1153097152709961 0.02004528045654297 64514 0
0.11394929885864258 0.02013850212097168 64692 0
0.11834430694580078 0.020027875900268555 64178 0
0.11302566528320312 0.01930379867553711 64378 0
0.11660361289978027 0.02121424674987793 64046 0
0.1170954704284668 0.019726991653442383 64076 0
0.11525225639343262 0.020918846130371094 62014 0
0.11213898658752441 0.018316268920898438 65882 0
0.11306262016296387 0.020525455474853516 65212 0
0.11281776428222656 0.019149303436279297 64468 0
0.11465859413146973 0.01855325698852539 64842 0
0.11939311027526855 0.019397497177124023 67710 0
0.11424064636230469 0.019783735275268555 67274 0
0.1201322078704834 0.02000737190246582 68264 0
0.12486624717712402 0.020317554473876953 67528 0
0.11142158508300781 0.02061009407043457 67386 0
0.11468195915222168 0.019133806228637695 58966 0
0.1081078052520752 0.019097089767456055 56960 0
0.11288332939147949 0.019143104553222656 63666 0
0.1145009994506836 0.020160198211669922 69102 0
0.11246681213378906 0.018390655517578125 61746 0
0.11391782760620117 0.01927471160888672 64678 0
0.10935020446777344 0.019181251525878906 59452 0
0.11111998558044434 0.018890857696533203 60958 0
0.11292052268981934 0.019772768020629883 60978 0
0.11656570434570312 0.019318819046020508 62742 0
0.11214351654052734 0.01905965805053711 63088 0
0.11760878562927246 0.019816160202026367 62132 0
0.11233949661254883 0.019726276397705078 63720 0
0.10987997055053711 0.019847869873046875 64190 0
0.11027812957763672 0.018438100814819336 57392 0
0.11530160903930664 0.0193178653717041 66622 0
0.11508750915527344 0.019458293914794922 63710 0
0.11034369468688965 0.01954174041748047 62852 0
0.11657905578613281 0.0204770565032959 66716 0
0.11298513412475586 0.02024221420288086 68482 0
0.10974526405334473 0.01908111572265625 59246 0
0.11458063125610352 0.019992589950561523 68456 0
0.11803746223449707 0.01992034912109375 68620 0
0.11264634132385254 0.019765853881835938 69174 0
0.11678814888000488 0.01964426040649414 68482 0
0.11497163772583008 0.02014327049255371 69732 0
0.11401534080505371 0.019453763961791992 68924 0
0.11819958686828613 0.021401166915893555 70182 0
0.1122124195098877 0.020816564559936523 67530 0
0.11772513389587402 0.01968836784362793 70482 0
0.11579442024230957 0.020689725875854492 72814 0
0.11345052719116211 0.020346641540527344 70606 0
0.11780214309692383 0.01979827880859375 70036 0
0.11850810050964355 0.019521713256835938 68812 0
0.1147317886352539 0.019742965698242188 67814 0
0.11710619926452637 0.020484447479248047 68636 0
0.11507415771484375 0.021242141723632812 68390 0
0.11504650115966797 0.020737171173095703 67186 0
0.11770820617675781 0.019293546676635742 68206 0
0.11441254615783691 0.019780397415161133 68742 0
0.12061429023742676 0.02551126480102539 69346 0
0.11441516876220703 0.01912212371826172 67240 0
0.11516523361206055 0.02198338508605957 70990 0
0.11287450790405273 0.0198214054107666 69828 0
0.11306023597717285 0.01864171028137207 61518 0
0.11489176750183105 0.019815683364868164 68658 0
0.11234164237976074 0.019076824188232422 64948 0
0.11268448829650879 0.019541263580322266 66192 0
0.11515402793884277 0.020204782485961914 69092 0
0.12184309959411621 0.021393537521362305 71678 0
0.11145877838134766 0.019521474838256836 62782 0
0.12089085578918457 0.024065732955932617 69968 0
0.11568069458007812 0.021001338958740234 69882 0
0.11373209953308105 0.020119667053222656 70090 0
0.11709427833557129 0.021793603897094727 68880 0
0.1146092414855957 0.020017385482788086 68908 0
0.11284279823303223 0.01987314224243164 69674 0
0.12178492546081543 0.020721435546875 69870 0
0.11430168151855469 0.02026987075805664 72576 0
0.11442065238952637 0.020451068878173828 73456 0
0.11762642860412598 0.01970815658569336 70084 0
0.11912250518798828 0.02023768424987793 72826 0
0.11743497848510742 0.02573370933532715 71588 0
0.11748814582824707 0.02048349380493164 73148 0
0.11853885650634766 0.019213199615478516 69660 0
0.11510229110717773 0.019487619400024414 70368 0
0.1188361644744873 0.019942760467529297 69994 0
0.11822962760925293 0.02096271514892578 69868 0
0.11410903930664062 0.020336627960205078 71514 0
0.11428213119506836 0.019036054611206055 70276 0
0.11362266540527344 0.020557880401611328 71464 0
0.11792445182800293 0.020644664764404297 68126 0
0.11483979225158691 0.019654512405395508 72656 0
0.12020444869995117 0.020862340927124023 72864 0
0.12019848823547363 0.019646644592285156 62940 0
0.11659598350524902 0.019457101821899414 72956 0
0.12124848365783691 0.0211184024810791 71254 0
0.11413288116455078 0.019554853439331055 69872 0
0.11480593681335449 0.02089977264404297 73112 0
0.11367225646972656 0.0196835994720459 73132 0
0.11124134063720703 0.019969701766967773 68312 0
0.1217501163482666 0.021689653396606445 73804 0
0.11998939514160156 0.021062135696411133 72292 0
0.11578178405761719 0.021245718002319336 73238 0
0.11543989181518555 0.01999974250793457 72376 0
0.11473798751831055 0.02034306526184082 68680 0
0.11423873901367188 0.0196683406829834 68690 0
0.11557149887084961 0.019166946411132812 68426 0
0.11791825294494629 0.01922750473022461 67844 0
0.11379790306091309 0.01936626434326172 68154 0
0.11370587348937988 0.021404504776000977 67752 0
0.11823892593383789 0.019620418548583984 68596 0
0.1167287826538086 0.0187990665435791 68024 0
0.11684679985046387 0.01936483383178711 65138 0
0.11643457412719727 0.020282268524169922 64978 0
0.11662721633911133 0.020827293395996094 64244 0
0.11632537841796875 0.021271228790283203 67338 0
0.11317658424377441 0.022257566452026367 67488 0
0.11509895324707031 0.019317150115966797 67828 0
0.11327052116394043 0.01980137825012207 66316 0
0.1122126579284668 0.020618438720703125 64296 0
0.11029529571533203 0.019316673278808594 65160 0
0.11458396911621094 0.019649505615234375 66390 0
0.11231017112731934 0.019247770309448242 65542 0
0.11168551445007324 0.01984691619873047 64728 0
0.1132042407989502 0.01844048500061035 63898 0
0.11677122116088867 0.020919322967529297 64160 0
0.11214780807495117 0.019819021224975586 64294 0
0.11446309089660645 0.01942896842956543 66036 0
0.11322832107543945 0.019483566284179688 64554 0
0.11070752143859863 0.019500732421875 66954 0
0.12169742584228516 0.02152419090270996 63960 0
0.11382484436035156 0.019673824310302734 66232 0
0.11661124229431152 0.020328998565673828 66170 0
