0.5204107761383057 0.15093517303466797 73260 0
0.5456850528717041 0.12649893760681152 72878 0
0.4620859622955322 0.1433577537536621 75209 0
0.5192861557006836 0.14801692962646484 73988 0
0.48369574546813965 0.1239614486694336 76468 0
0.5345277786254883 0.14982819557189941 78832 0
0.5412271022796631 0.1977086067199707 78301 0
0.5354866981506348 0.20265889167785645 77022 0
0.5142357349395752 0.17032146453857422 76232 0
0.5206975936889648 0.1729109287261963 77410 0
0.5171959400177002 0.14159107208251953 73876 0
0.5225536823272705 0.14095807075500488 72253 0
0.5113823413848877 0.17703723907470703 76902 0
0.5418930053710938 0.21460914611816406 74210 0
0.499661922454834 0.18384146690368652 62542 0
0.522059440612793 0.14792275428771973 74705 0
0.5241389274597168 0.17267060279846191 72655 0
0.5048360824584961 0.14813542366027832 70338 0
0.5151393413543701 0.1343095302581787 67796 0
0.5195481777191162 0.14226651191711426 72371 0
0.5208470821380615 0.2127821445465088 72381 0
0.5264670848846436 0.14764809608459473 70166 0
0.5251734256744385 0.20402765274047852 73443 0
0.5002226829528809 0.13840937614440918 75936 0
0.5213456153869629 0.17723917961120605 75995 0
0.5348615646362305 0.12703442573547363 75196 0
0.529900312423706 0.19356656074523926 69125 0
0.5440075397491455 0.14584708213806152 74165 0
0.5462772846221924 0.14136362075805664 74879 0
0.5410459041595459 0.16087841987609863 70838 0
0.5451846122741699 0.13287615776062012 74336 0
0.5184736251831055 0.18878602981567383 75476 0
0.5110645294189453 0.1652514934539795 73564 0
0.5063247680664062 0.17148065567016602 73796 0
0.5019659996032715 0.16298484802246094 69775 0
0.5149209499359131 0.1486971378326416 76988 0
0.5266046524047852 0.15323734283447266 80756 0
0.5305135250091553 0.20922255516052246 77842 0
0.5301764011383057 0.13782572746276855 79842 0
0.4994192123413086 0.13531231880187988 75132 0
0.5402839183807373 0.14470934867858887 70813 0
0.5046353340148926 0.12543272972106934 72957 0
0.5127909183502197 0.1406087875366211 77015 0
0.544792890548706 0.13689589500427246 76527 0
0.5449540615081787 0.1432337760925293 67265 0
0.48093199729919434 0.15174603462219238 75806 0
0.5367343425750732 0.1825852394104004 77998 0
0.552912712097168 0.18877196311950684 75558 0
0.5501229763031006 0.12181258201599121 77302 0
0.5237934589385986 0.17001891136169434 76296 0
0.5513553619384766 0.18007445335388184 76522 0
0.5269689559936523 0.19795775413513184 77482 0
0.5345251560211182 0.1656203269958496 77324 0
0.539034366607666 0.16645121574401855 77517 0
0.5189166069030762 0.1298990249633789 77851 0
0.5099749565124512 0.16632723808288574 77901 0
0.538189172744751 0.1670234203338623 77989 0
0.528033971786499 0.14933156967163086 79047 0
0.5194191932678223 0.1966543197631836 78935 0
0.5341112613677979 0.14191746711730957 78345 0
0.5106818675994873 0.1413106918334961 76328 0
0.5196177959442139 0.13587522506713867 76538 0
0.5238614082336426 0.16822576522827148 76337 0
0.5569970607757568 0.17479276657104492 74874 0
0.524766206741333 0.16407489776611328 73241 0
0.5242483615875244 0.14191341400146484 75794 0
0.503251314163208 0.14791035652160645 76210 0
0.5295393466949463 0.17719316482543945 77042 0
0.5289676189422607 0.22707438468933105 75722 0
0.5297262668609619 0.15547609329223633 75688 0
0.5355751514434814 0.15813899040222168 74296 0
0.5418128967285156 0.16016793251037598 71923 0
0.527155876159668 0.1325366497039795 76019 0
0.527916431427002 0.21123933792114258 74047 0
0.5402581691741943 0.20329880714416504 62724 0
0.5443985462188721 0.14437460899353027 74706 0
0.5188014507293701 0.18538117408752441 73423 0
0.534205436706543 0.16070771217346191 71455 0
0.5346941947937012 0.14368915557861328 73242 0
0.5213661193847656 0.2058544158935547 72510 0
0.528827428817749 0.14478588104248047 75507 0
0.5275979042053223 0.18387055397033691 75755 0
0.5249114036560059 0.18994712829589844 73854 0
0.5231776237487793 0.17554950714111328 73777 0
0.5338418483734131 0.17781901359558105 76020 0
0.5203559398651123 0.20001935958862305 76147 0
0.5038161277770996 0.18390774726867676 71861 0
0.5265982151031494 0.16703057289123535 75781 0
0.5256705284118652 0.20565581321716309 75361 0
0.5268828868865967 0.15259671211242676 77165 0
0.5433073043823242 0.17707419395446777 75793 0
0.5305643081665039 0.15304994583129883 76028 0
0.547215461730957 0.1558389663696289 75101 0
0.5382626056671143 0.18187332153320312 72740 0
0.5161721706390381 0.17306160926818848 75565 0
0.5320448875427246 0.14371991157531738 75628 0
0.5298213958740234 0.14415478706359863 63053 0
0.5126540660858154 0.1614844799041748 75794 0
0.5234260559082031 0.1360924243927002 76174 0
0.5168397426605225 0.14906072616577148 71822 0
0.5382297039031982 0.13910412788391113 74235 0
0.5416491031646729 0.1383805274963379 74730 0
0.551668643951416 0.18697333335876465 75640 0
0.5209236145019531 0.14357995986938477 78317 0
0.5022077560424805 0.17194652557373047 77504 0
0.5059201717376709 0.15445160865783691 77246 0
0.47338366508483887 0.15079069137573242 77873 0
0.539189338684082 0.14981675148010254 79819 0
0.48873186111450195 0.14040422439575195 78593 0
0.5433282852172852 0.16939425468444824 77900 0
0.5529065132141113 0.18744683265686035 77507 0
0.5347363948822021 0.1988675594329834 77487 0
0.508465051651001 0.19838476181030273 78152 0
0.5051507949829102 0.15394020080566406 78671 0
0.5062294006347656 0.16146302223205566 75841 0
0.5161066055297852 0.18862247467041016 77661 0
0.5057790279388428 0.1466832160949707 69719 0
0.5191872119903564 0.14957571029663086 78199 0
0.529555082321167 0.13612818717956543 77588 0
0.5179789066314697 0.1709766387939453 77775 0
0.519627571105957 0.18210196495056152 75623 0
0.5432307720184326 0.15943408012390137 76925 0
0.5431356430053711 0.13738751411437988 76448 0
0.5304505825042725 0.1599442958831787 73351 0
0.5038356781005859 0.1463310718536377 75765 0
0.5176970958709717 0.14151406288146973 76590 0
0.5140259265899658 0.14971303939819336 63969 0
0.540870189666748 0.14005494117736816 73741 0
0.5249977111816406 0.19810867309570312 66186 0
0.54703688621521 0.21302318572998047 68986 0
0.5189833641052246 0.15591883659362793 71772 0
0.5236237049102783 0.1342775821685791 71265 0
0.5116894245147705 0.15204954147338867 69042 0
0.5131278038024902 0.13154029846191406 73003 0
0.5427408218383789 0.1779782772064209 74270 0
0.5238034725189209 0.16518831253051758 76171 0
0.5183203220367432 0.15889906883239746 75766 0
0.5182726383209229 0.13339734077453613 76378 0
0.5389277935028076 0.14984130859375 74678 0
0.5200691223144531 0.18822813034057617 75715 0
0.5393276214599609 0.14228105545043945 77319 0
0.5209019184112549 0.1416463851928711 77659 0
0.5107040405273438 0.1650683879852295 76221 0
0.5120992660522461 0.17952442169189453 77004 0
0.5385880470275879 0.19484233856201172 75549 0
0.5307962894439697 0.13678503036499023 79357 0
0.5280909538269043 0.1869344711303711 77672 0
0.5086138248443604 0.15146207809448242 76352 0
0.5229949951171875 0.1562516689300537 73269 0
0.5312747955322266 0.15331363677978516 73172 0
0.5267796516418457 0.14827775955200195 78250 0
0.524045467376709 0.14316821098327637 82237 0
0.5285470485687256 0.1765761375427246 80991 0
0.5378360748291016 0.14872455596923828 79653 0
0.5158355236053467 0.1848437786102295 80286 0
0.527055025100708 0.1433396339416504 77912 0
0.5101368427276611 0.20362138748168945 64589 0
0.5426506996154785 0.1768324375152588 74427 0
0.5092084407806396 0.17205452919006348 76037 0
0.5027105808258057 0.16385722160339355 69770 0
0.5296344757080078 0.14385056495666504 69003 0
0.48560261726379395 0.13310813903808594 70305 0
0.5319147109985352 0.1548140048980713 69499 0
0.5268440246582031 0.19942617416381836 70442 0
0.5296342372894287 0.19549083709716797 74535 0
0.5280356407165527 0.18804359436035156 72195 0
0.5198357105255127 0.1594080924987793 72285 0
0.5207023620605469 0.15007734298706055 76528 0
0.5225114822387695 0.16937661170959473 73969 0
0.5357434749603271 0.1904160976409912 79564 0
0.5160601139068604 0.16023826599121094 73494 0
0.5235776901245117 0.17511367797851562 77501 0
0.5124495029449463 0.17023682594299316 77411 0
0.5136570930480957 0.16158556938171387 79189 0
0.5023965835571289 0.1442117691040039 78103 0
0.5163884162902832 0.1767106056213379 78585 0
0.5215818881988525 0.17309141159057617 73762 0
0.5272386074066162 0.1921544075012207 79414 0
0.5211405754089355 0.17768073081970215 80521 0
0.5164370536804199 0.20159411430358887 80234 0
0.5201256275177002 0.15367722511291504 78081 0
0.5175096988677979 0.14812135696411133 76876 0
0.5353057384490967 0.14003705978393555 77470 0
0.5113699436187744 0.1473407745361328 74536 0
0.49781227111816406 0.15317392349243164 76645 0
0.5208382606506348 0.20214438438415527 77867 0
0.52337646484375 0.17248749732971191 64993 0
0.5447216033935547 0.1519777774810791 78748 0
0.5288639068603516 0.1384880542755127 78888 0
0.5276336669921875 0.17365074157714844 74179 0
0.5291838645935059 0.14599108695983887 75838 0
0.5279691219329834 0.14765667915344238 76706 0
0.5354633331298828 0.18570947647094727 77473 0
0.5198891162872314 0.17036700248718262 78256 0
0.5001568794250488 0.1422109603881836 77235 0
0.5024261474609375 0.146498441696167 76770 0
0.5061392784118652 0.1447758674621582 77264 0
0.5383617877960205 0.15099740028381348 77683 0
0.5474967956542969 0.1858842372894287 77786 0
0.5328848361968994 0.16732144355773926 76705 0
0.5019917488098145 0.18767333030700684 73142 0
0.544217586517334 0.14332890510559082 65129 0
0.5310921669006348 0.1615924835205078 62262 0
0.5156893730163574 0.20430779457092285 64238 0
0.5006809234619141 0.16824579238891602 63116 0
0.5236990451812744 0.1813182830810547 65327 0
0.523186445236206 0.14453697204589844 64493 0
0.5284149646759033 0.20576167106628418 65353 0
0.5174362659454346 0.2019338607788086 66496 0
0.5282292366027832 0.17596793174743652 65823 0
0.5245561599731445 0.18025636672973633 64734 0
0.5140409469604492 0.1466524600982666 67041 0
0.5457990169525146 0.14386463165283203 65391 0
0.48781752586364746 0.147627592086792 64774 0
0.5101854801177979 0.16714882850646973 64658 0
0.49910449981689453 0.13639140129089355 63788 0
0.535452127456665 0.13251113891601562 63895 0
0.5233445167541504 0.15907883644104004 59670 0
0.5321316719055176 0.16005539894104004 64835 0
0.5277376174926758 0.15559697151184082 65467 0
0.4963953495025635 0.13976788520812988 66064 0
0.5085129737854004 0.16845107078552246 65322 0
0.5178556442260742 0.15046977996826172 65350 0
0.5287764072418213 0.15321063995361328 65734 0
0.5348892211914062 0.13852930068969727 65541 0
0.5212430953979492 0.18257427215576172 65065 0
0.545274019241333 0.1494917869567871 64846 0
0.5323712825775146 0.14763689041137695 65129 0
0.5258529186248779 0.21289277076721191 64558 0
0.5382211208343506 0.15520882606506348 65150 0
0.5034022331237793 0.19972491264343262 65818 0
0.497084379196167 0.202681303024292 63942 0
0.528179407119751 0.1432785987854004 63681 0
0.5240895748138428 0.1440286636352539 65010 0
0.5057902336120605 0.13130545616149902 66036 0
0.5196948051452637 0.16402745246887207 65803 0
0.5286176204681396 0.1830434799194336 65514 0
0.5313680171966553 0.15926885604858398 64749 0
0.5253469944000244 0.15296554565429688 64798 0
0.5272383689880371 0.18084263801574707 64595 0
0.5250325202941895 0.15336823463439941 63746 0
0.5188000202178955 0.14912104606628418 64506 0
0.5497167110443115 0.1353905200958252 65684 0
0.5088798999786377 0.1338038444519043 64149 0
0.5339646339416504 0.13852310180664062 64969 0
0.5428824424743652 0.15589427947998047 64718 0
0.5229041576385498 0.20534420013427734 64367 0
0.5156369209289551 0.16541314125061035 60263 0
0.4998800754547119 0.19046711921691895 63757 0
0.5215849876403809 0.18341517448425293 63934 0
0.5149221420288086 0.1752166748046875 64544 0
0.5201804637908936 0.16281938552856445 64712 0
0.5404140949249268 0.20097088813781738 64481 0
0.5241174697875977 0.14552736282348633 65045 0
0.5179381370544434 0.20819664001464844 65387 0
0.5205869674682617 0.13588476181030273 64871 0
0.5225586891174316 0.14680218696594238 65339 0
0.5143415927886963 0.20185208320617676 64083 0
0.5016837120056152 0.1492934226989746 62831 0
0.5442173480987549 0.13820695877075195 63570 0
0.5246303081512451 0.1671154499053955 63475 0
0.5131716728210449 0.1744523048400879 63461 0
0.5370805263519287 0.16327834129333496 64866 0
0.523521900177002 0.18059420585632324 63865 0
0.5209689140319824 0.13669252395629883 64588 0
0.53196120262146 0.14040875434875488 65015 0
0.5141925811767578 0.1692359447479248 65481 0
0.5341978073120117 0.13238954544067383 65164 0
0.5298731327056885 0.1488199234008789 65077 0
0.5126049518585205 0.17346525192260742 65737 0
0.5284774303436279 0.17205071449279785 64365 0
0.5235135555267334 0.20000600814819336 64615 0
0.5155270099639893 0.20272469520568848 65754 0
0.520092248916626 0.15739154815673828 69960 0
0.5249693393707275 0.14412260055541992 69942 0
0.5118391513824463 0.12938809394836426 65812 0
0.48203158378601074 0.1842942237854004 75548 0
0.5296292304992676 0.1763460636138916 71312 0
0.5258941650390625 0.1431128978729248 74871 0
0.5366373062133789 0.19738173484802246 72398 0
0.5255286693572998 0.13487815856933594 70062 0
0.5403881072998047 0.18008732795715332 70889 0
0.5099351406097412 0.1362922191619873 71392 0
0.5322091579437256 0.13489651679992676 70719 0
0.5346734523773193 0.16562891006469727 69683 0
0.5277748107910156 0.18889975547790527 69227 0
0.5211966037750244 0.2031269073486328 66545 0
0.5192751884460449 0.18519902229309082 65834 0
0.4946568012237549 0.1383373737335205 62791 0
0.4898719787597656 0.1338062286376953 65008 0
0.5173490047454834 0.17946529388427734 65526 0
0.508230447769165 0.15879297256469727 63939 0
0.5268642902374268 0.15630102157592773 64551 0
0.5039424896240234 0.1403343677520752 65348 0
0.5284132957458496 0.1401522159576416 64827 0
0.5464072227478027 0.2035839557647705 65007 0
0.5138864517211914 0.17488336563110352 65448 0
0.5248973369598389 0.20467853546142578 66422 0
0.5387775897979736 0.1686410903930664 66304 0
0.5169515609741211 0.13036704063415527 57882 0
0.5937540531158447 0.13156771659851074 67255 0
0.5236780643463135 0.16921138763427734 66603 0
0.5106179714202881 0.1395254135131836 65393 0
0.5284936428070068 0.14160561561584473 66503 0
0.5370640754699707 0.16263175010681152 66691 0
0.5074408054351807 0.14303946495056152 66685 0
0.5306758880615234 0.16727900505065918 66813 0
0.5473151206970215 0.19391655921936035 66038 0
0.5288631916046143 0.1357433795928955 65637 0
0.5056753158569336 0.12601566314697266 65267 0
0.5145483016967773 0.15035295486450195 63782 0
0.5329716205596924 0.13736367225646973 64689 0
0.5238304138183594 0.20447397232055664 65510 0
0.531179666519165 0.14128780364990234 66214 0
0.5170831680297852 0.1912546157836914 66383 0
0.5522420406341553 0.20806550979614258 66634 0
0.5124576091766357 0.1694655418395996 66237 0
0.5200181007385254 0.14087653160095215 65547 0
0.5203683376312256 0.1603100299835205 66046 0
0.5100088119506836 0.14462828636169434 65217 0
0.5003163814544678 0.17886590957641602 64625 0
0.5241804122924805 0.13824701309204102 65327 0
0.504711389541626 0.17650198936462402 65232 0
0.5341558456420898 0.14296579360961914 65590 0
0.5373928546905518 0.1333608627319336 65314 0
0.5327701568603516 0.13489532470703125 64452 0
0.5311257839202881 0.12953591346740723 64326 0
0.5307090282440186 0.15906405448913574 66058 0
0.5305039882659912 0.15082144737243652 65550 0
0.5252676010131836 0.18590664863586426 55883 0
0.5233352184295654 0.20084166526794434 64769 0
0.5464363098144531 0.12323832511901855 66522 0
0.5275371074676514 0.12588906288146973 63634 0
0.5495295524597168 0.1330406665802002 67196 0
0.48472046852111816 0.13779354095458984 68717 0
0.526822566986084 0.13489222526550293 65208 0
0.48982906341552734 0.17606163024902344 67427 0
0.5343418121337891 0.15815973281860352 66648 0
0.5242605209350586 0.1423187255859375 65831 0
0.5375854969024658 0.1426842212677002 65727 0
0.49297308921813965 0.1534867286682129 65834 0
0.5557212829589844 0.19123029708862305 66160 0
0.5210347175598145 0.19418001174926758 65502 0
0.518653392791748 0.13659119606018066 65582 0
0.5442516803741455 0.17392849922180176 65345 0
0.5289773941040039 0.13672399520874023 65971 0
0.47587084770202637 0.12807178497314453 66445 0
0.4667491912841797 0.13475966453552246 65876 0
0.4714467525482178 0.18122339248657227 66317 0
0.48810911178588867 0.16118788719177246 66023 0
0.5199313163757324 0.16080141067504883 64842 0
0.4847729206085205 0.1668095588684082 65275 0
0.5147488117218018 0.14918088912963867 64723 0
0.5190334320068359 0.14172792434692383 65810 0
0.5358679294586182 0.1663658618927002 65570 0
0.49414896965026855 0.15604758262634277 64731 0
0.518496036529541 0.17244696617126465 63250 0
0.5325441360473633 0.15933895111083984 66179 0
0.5171217918395996 0.21082353591918945 65796 0
0.5249817371368408 0.14976906776428223 55626 0
0.5414011478424072 0.154921293258667 63430 0
0.5251975059509277 0.140228271484375 64728 0
0.5207357406616211 0.12928342819213867 61813 0
0.5065882205963135 0.2149510383605957 65433 0
0.5267801284790039 0.17356610298156738 66385 0
0.5179128646850586 0.13771629333496094 59231 0
0.5320959091186523 0.15401029586791992 54912 0
0.527371883392334 0.14303278923034668 64507 0
0.5281405448913574 0.1579601764678955 65797 0
0.5195937156677246 0.20188498497009277 67941 0
0.5184955596923828 0.16867876052856445 67401 0
0.5223801136016846 0.1338059902191162 66628 0
0.5171177387237549 0.19551753997802734 67773 0
0.5221295356750488 0.21044492721557617 66491 0
0.5163729190826416 0.12979555130004883 65370 0
0.5360383987426758 0.1753396987915039 56510 0
0.5060279369354248 0.20466923713684082 55503 0
0.5261800289154053 0.18941426277160645 65611 0
0.536210298538208 0.1298384666442871 66807 0
0.513751745223999 0.1333022117614746 64942 0
0.5468270778656006 0.13375091552734375 65184 0
0.5156748294830322 0.2088322639465332 64925 0
0.5355145931243896 0.19626188278198242 64949 0
0.5496504306793213 0.1895608901977539 66561 0
0.5257391929626465 0.20550298690795898 66971 0
0.5390377044677734 0.14861273765563965 66317 0
0.5295095443725586 0.1724231243133545 64904 0
0.5076408386230469 0.19810247421264648 67192 0
0.5395200252532959 0.1430976390838623 66587 0
0.5190527439117432 0.16513538360595703 60323 0
0.5360138416290283 0.20383405685424805 65839 0
0.5619139671325684 0.15299391746520996 65859 0
0.5357298851013184 0.18105721473693848 65632 0
0.5320031642913818 0.16561675071716309 65959 0
0.527503252029419 0.19389939308166504 65236 0
0.5084133148193359 0.21343541145324707 65668 0
0.5203361511230469 0.17752885818481445 64604 0
0.5504553318023682 0.13600540161132812 65955 0
0.5332138538360596 0.1374804973602295 65199 0
0.5465397834777832 0.17667174339294434 64727 0
0.518883466720581 0.13292598724365234 64310 0
0.524390459060669 0.18082952499389648 63475 0
0.5264229774475098 0.2029714584350586 63923 0
0.5215277671813965 0.16318750381469727 64022 0
0.5178933143615723 0.17608308792114258 65702 0
0.5282504558563232 0.16646409034729004 65730 0
0.5226049423217773 0.14544463157653809 63680 0
0.5163741111755371 0.13342499732971191 62215 0
0.516679048538208 0.20132708549499512 62959 0
0.5243258476257324 0.1501617431640625 61967 0
0.502371072769165 0.21189570426940918 55046 0
0.5508201122283936 0.1636495590209961 61785 0
0.5269021987915039 0.16789817810058594 61642 0
0.512096643447876 0.14493036270141602 62218 0
0.5185091495513916 0.18717241287231445 60825 0
0.5504856109619141 0.20777583122253418 62121 0
0.5184495449066162 0.1465158462524414 61790 0
0.5061726570129395 0.12967920303344727 60863 0
0.5234851837158203 0.20494461059570312 61371 0
0.5111141204833984 0.13799595832824707 61210 0
0.5131847858428955 0.17139959335327148 61356 0
0.5122427940368652 0.1289660930633545 62034 0
0.5265498161315918 0.14412236213684082 61115 0
0.5122671127319336 0.183563232421875 61392 0
0.5345942974090576 0.13290667533874512 60936 0
0.5056867599487305 0.208512544631958 61224 0
0.4943418502807617 0.13902974128723145 60790 0
0.501044511795044 0.18551993370056152 60439 0
0.5153067111968994 0.16820597648620605 60932 0
0.5255157947540283 0.17199945449829102 61010 0
0.5197439193725586 0.1758882999420166 61450 0
0.5291633605957031 0.14978599548339844 62943 0
0.5214736461639404 0.18611645698547363 62260 0
0.515596866607666 0.17197704315185547 61021 0
0.5111172199249268 0.13689613342285156 61969 0
0.5249781608581543 0.13460063934326172 60941 0
0.5096118450164795 0.18815255165100098 60782 0
0.5225584506988525 0.1916344165802002 59641 0
0.5155625343322754 0.14927196502685547 60573 0
0.47418975830078125 0.1623516082763672 61288 0
0.5106363296508789 0.17720603942871094 52718 0
0.48262500762939453 0.14400696754455566 59835 0
0.5167317390441895 0.14551734924316406 61255 0
0.5085546970367432 0.15453696250915527 60787 0
0.5109531879425049 0.16305160522460938 61180 0
0.5445919036865234 0.18173766136169434 61006 0
0.5431876182556152 0.19398999214172363 61740 0
0.5223736763000488 0.16175484657287598 60230 0
0.490084171295166 0.14654326438903809 60183 0
0.5219430923461914 0.18043971061706543 61806 0
0.5289208889007568 0.17426133155822754 60460 0
0.5079836845397949 0.14144682884216309 60281 0
0.5062761306762695 0.14723587036132812 60084 0
0.5282270908355713 0.17716193199157715 60320 0
0.5353827476501465 0.13107919692993164 59349 0
0.5069842338562012 0.18934297561645508 60013 0
0.5246262550354004 0.13599133491516113 59387 0
0.49788594245910645 0.1516730785369873 60755 0
0.5423893928527832 0.13771533966064453 60085 0
0.5156853199005127 0.1985929012298584 60684 0
0.5334200859069824 0.18702316284179688 59992 0
0.5216491222381592 0.14577054977416992 61547 0
0.5277371406555176 0.19123005867004395 60749 0
0.5090975761413574 0.18089795112609863 59811 0
0.5147194862365723 0.13476324081420898 60329 0
0.5301368236541748 0.1779029369354248 59404 0
0.4980323314666748 0.15109634399414062 60283 0
0.5145711898803711 0.1392977237701416 59007 0
0.5207080841064453 0.16881871223449707 59856 0
0.5157501697540283 0.1473555564880371 59079 0
0.5126128196716309 0.1888272762298584 50983 0
0.514911413192749 0.21053624153137207 58040 0
0.5213613510131836 0.14652752876281738 59283 0
0.5137815475463867 0.14299488067626953 58887 0
0.5263321399688721 0.13325810432434082 58508 0
0.5462446212768555 0.19701099395751953 59703 0
0.5110304355621338 0.14277172088623047 61174 0
0.5222828388214111 0.17943215370178223 60015 0
0.5106308460235596 0.1564044952392578 59083 0
0.5212574005126953 0.15352630615234375 59626 0
0.4920814037322998 0.14037179946899414 59058 0
0.5148980617523193 0.1659708023071289 58698 0
0.5189895629882812 0.20232653617858887 59501 0
0.534541130065918 0.210310697555542 58870 0
0.5039050579071045 0.13846898078918457 58954 0
0.5033247470855713 0.16004276275634766 59614 0
0.5217032432556152 0.14859390258789062 57798 0
0.5082345008850098 0.14253830909729004 57522 0
0.5216972827911377 0.18188214302062988 56964 0
0.5155761241912842 0.14494609832763672 58348 0
0.5171971321105957 0.17820286750793457 57595 0
0.5233333110809326 0.18334245681762695 59210 0
0.5190088748931885 0.19191241264343262 58086 0
0.5199546813964844 0.16133880615234375 59606 0
0.48636531829833984 0.14477229118347168 60138 0
0.5083937644958496 0.13809895515441895 59990 0
0.5139386653900146 0.13838744163513184 56881 0
0.5398590564727783 0.19717073440551758 54891 0
0.5173733234405518 0.18172192573547363 56404 0
0.5206577777862549 0.18544292449951172 55102 0
0.514409065246582 0.14678502082824707 48423 0
0.5218536853790283 0.14958524703979492 55461 0
0.5193419456481934 0.1636960506439209 55945 0
0.5220885276794434 0.12581467628479004 55426 0
0.5210208892822266 0.1966843605041504 54263 0
0.5540347099304199 0.17616820335388184 54525 0
0.5101194381713867 0.15885496139526367 56949 0
0.516627311706543 0.14384126663208008 56868 0
0.5153203010559082 0.15571022033691406 56222 0
0.5078353881835938 0.1360771656036377 56555 0
0.514392614364624 0.13982176780700684 54806 0
0.5345468521118164 0.1413710117340088 54252 0
0.5321037769317627 0.14302563667297363 54840 0
0.52559494972229 0.14516830444335938 53968 0
0.517209529876709 0.15768694877624512 54044 0
0.52054762840271 0.1877448558807373 54338 0
0.5288352966308594 0.14114856719970703 54163 0
0.5231494903564453 0.14084172248840332 56257 0
0.522824764251709 0.2034456729888916 57241 0
0.5197000503540039 0.16690897941589355 56632 0
0.5199165344238281 0.15667986869812012 55465 0
0.5122790336608887 0.16338586807250977 56425 0
0.5253157615661621 0.17952919006347656 55349 0
0.5154962539672852 0.20410776138305664 55254 0
0.5262486934661865 0.15870904922485352 54731 0
0.5172884464263916 0.19625401496887207 54778 0
0.506760835647583 0.15239167213439941 54777 0
0.5168700218200684 0.18216395378112793 53279 0
0.4935116767883301 0.14852643013000488 55738 0
0.5181515216827393 0.15027284622192383 54387 0
0.48616671562194824 0.14346551895141602 48178 0
0.4962279796600342 0.1367948055267334 53756 0
0.509749174118042 0.18400168418884277 56804 0
0.5144078731536865 0.15743684768676758 55478 0
0.5169932842254639 0.15935373306274414 54091 0
0.5096774101257324 0.15417027473449707 55684 0
0.5003292560577393 0.1362926959991455 55174 0
0.5175058841705322 0.20052528381347656 53701 0
0.5193839073181152 0.1545088291168213 57761 0
0.4976058006286621 0.14677810668945312 56834 0
0.5098047256469727 0.20336627960205078 48036 0
0.5269656181335449 0.20226049423217773 55909 0
0.5151598453521729 0.20380234718322754 57637 0
0.5326018333435059 0.21951508522033691 57408 0
0.5433988571166992 0.14980530738830566 56016 0
0.5058162212371826 0.17369508743286133 57511 0
0.5467555522918701 0.16621994972229004 58478 0
0.5210063457489014 0.16086959838867188 59670 0
0.502913236618042 0.17362713813781738 58985 0
0.52866530418396 0.17517971992492676 57693 0
0.5068831443786621 0.17470335960388184 57634 0
0.5146279335021973 0.16589999198913574 57943 0
0.486896276473999 0.14984536170959473 58330 0
0.508580207824707 0.1489851474761963 59624 0
0.5129427909851074 0.16264081001281738 58786 0
0.5175304412841797 0.20756006240844727 57968 0
0.5219168663024902 0.17668867111206055 54843 0
0.5458831787109375 0.13439226150512695 56145 0
0.5254597663879395 0.1609029769897461 59235 0
0.5294144153594971 0.14802193641662598 58997 0
0.5179932117462158 0.20707345008850098 59682 0
0.5175032615661621 0.15003061294555664 60645 0
0.5083274841308594 0.1411428451538086 58226 0
0.5254511833190918 0.1785740852355957 58961 0
0.5174064636230469 0.14850378036499023 59075 0
0.5143344402313232 0.17743587493896484 58144 0
0.5133011341094971 0.19649362564086914 57414 0
0.5443413257598877 0.13055920600891113 56814 0
0.5142955780029297 0.1533048152923584 58334 0
0.5037984848022461 0.1333904266357422 57083 0
0.4919877052307129 0.12329506874084473 59247 0
0.5449678897857666 0.12579703330993652 57572 0
0.5086467266082764 0.2105238437652588 58656 0
0.5182127952575684 0.13195013999938965 58486 0
0.5326988697052002 0.1432044506072998 56892 0
0.5073330402374268 0.1948869228363037 57673 0
0.5428743362426758 0.13245344161987305 54114 0
0.525749683380127 0.13020896911621094 57489 0
0.527040958404541 0.15877342224121094 57359 0
0.5340580940246582 0.14311647415161133 48834 0
0.5266854763031006 0.1402149200439453 57117 0
0.5183596611022949 0.18890666961669922 57368 0
0.5135273933410645 0.1851961612701416 57333 0
0.49312758445739746 0.18866944313049316 56228 0
0.501007080078125 0.14635181427001953 56178 0
0.5208899974822998 0.1340925693511963 59405 0
0.5392343997955322 0.14546799659729004 58694 0
0.528796911239624 0.14848113059997559 59925 0
0.5087754726409912 0.2053823471069336 59938 0
0.5392911434173584 0.13904881477355957 57809 0
0.5381808280944824 0.18793749809265137 58730 0
0.5223419666290283 0.14932966232299805 57448 0
0.5326683521270752 0.14108681678771973 58556 0
0.5226428508758545 0.15750980377197266 58449 0
0.5329039096832275 0.15066933631896973 57734 0
0.5376536846160889 0.17746758460998535 57892 0
0.5251476764678955 0.19427132606506348 60123 0
0.5233731269836426 0.15530896186828613 60305 0
0.5171878337860107 0.15542387962341309 58479 0
0.5400848388671875 0.13391661643981934 59651 0
0.5511865615844727 0.14557504653930664 58535 0
0.5147511959075928 0.22078561782836914 58771 0
0.5472989082336426 0.15421247482299805 57930 0
0.5004444122314453 0.15469861030578613 58923 0
0.48815107345581055 0.15033769607543945 70676 0
0.5089197158813477 0.14178061485290527 73848 0
0.5141520500183105 0.1716315746307373 74783 0
0.515770673751831 0.17477679252624512 74361 0
0.555793285369873 0.14737939834594727 74315 0
0.5263411998748779 0.12690114974975586 74147 0
0.5228073596954346 0.14952325820922852 75197 0
0.5158367156982422 0.1272754669189453 73993 0
0.5122358798980713 0.1500089168548584 75727 0
0.5496175289154053 0.133284330368042 75451 0
0.5104820728302002 0.16864013671875 73475 0
0.5534601211547852 0.15045595169067383 76074 0
0.5538859367370605 0.15814900398254395 74195 0
0.536186695098877 0.17704987525939941 74361 0
0.5379254817962646 0.169935941696167 75718 0
0.5315291881561279 0.19274473190307617 74319 0
0.5163764953613281 0.13698840141296387 75212 0
0.5384976863861084 0.1485908031463623 74050 0
0.5282912254333496 0.2150592803955078 68192 0
0.5097603797912598 0.1407637596130371 74480 0
0.5271792411804199 0.15998268127441406 74898 0
0.5165274143218994 0.13263535499572754 75524 0
0.5317153930664062 0.1830747127532959 75908 0
0.5272774696350098 0.16763925552368164 75560 0
0.5046863555908203 0.14419960975646973 76591 0
0.5582125186920166 0.18442106246948242 75475 0
0.5135495662689209 0.13818120956420898 76571 0
0.5288491249084473 0.148453950881958 76062 0
0.5203542709350586 0.19923782348632812 65931 0
0.5137495994567871 0.14540576934814453 75043 0
0.5077610015869141 0.14725470542907715 75148 0
0.5218241214752197 0.1963341236114502 76887 0
0.5472888946533203 0.1504213809967041 76947 0
0.5610702037811279 0.17853999137878418 77433 0
0.5241398811340332 0.16051411628723145 78470 0
0.5374233722686768 0.1420605182647705 78134 0
0.5083310604095459 0.15229344367980957 77729 0
0.5149326324462891 0.17980074882507324 78195 0
0.5039329528808594 0.16951489448547363 74776 0
0.5195844173431396 0.17364287376403809 78066 0
0.5126347541809082 0.13329648971557617 77491 0
0.5159578323364258 0.17040610313415527 76678 0
0.5150892734527588 0.18198060989379883 78351 0
0.5394563674926758 0.1793973445892334 77400 0
0.5142350196838379 0.16149473190307617 77396 0
0.5241107940673828 0.14872264862060547 77635 0
0.5205116271972656 0.17534327507019043 77541 0
0.5019543170928955 0.15524554252624512 79160 0
0.5111300945281982 0.1402888298034668 71563 0
0.5257568359375 0.17279291152954102 78119 0
0.5169198513031006 0.19448399543762207 79680 0
0.5247945785522461 0.13456940650939941 79861 0
0.5352740287780762 0.14533233642578125 78227 0
0.5282094478607178 0.157576322555542 77480 0
0.558530330657959 0.20396184921264648 77974 0
0.5190854072570801 0.13741040229797363 74713 0
0.5158097743988037 0.1634814739227295 77713 0
0.5163464546203613 0.15294098854064941 80010 0
0.499392032623291 0.16135740280151367 66964 0
0.5231688022613525 0.14809703826904297 78146 0
0.5263001918792725 0.14433050155639648 76024 0
0.5224127769470215 0.16824603080749512 75883 0
0.5277366638183594 0.15504145622253418 79833 0
0.5305886268615723 0.18332886695861816 79336 0
0.5178086757659912 0.20854926109313965 76028 0
0.5283429622650146 0.1471562385559082 80417 0
0.486358642578125 0.14525866508483887 79117 0
0.5236287117004395 0.17238950729370117 78782 0
0.5500035285949707 0.14833998680114746 79245 0
0.5092837810516357 0.16273736953735352 77503 0
0.5451452732086182 0.1331501007080078 76127 0
0.543053388595581 0.14018940925598145 77652 0
0.5267837047576904 0.14293169975280762 79504 0
0.5502471923828125 0.20047831535339355 79433 0
0.5266942977905273 0.19023394584655762 78724 0
0.5167338848114014 0.14375591278076172 77724 0
0.5114412307739258 0.18671274185180664 80131 0
0.518047571182251 0.13381576538085938 78661 0
0.5257925987243652 0.17687296867370605 72796 0
0.5130500793457031 0.13192367553710938 78112 0
0.5216000080108643 0.14059996604919434 78341 0
0.5160608291625977 0.15276861190795898 78455 0
0.5323433876037598 0.16699790954589844 76547 0
0.5241901874542236 0.1757824420928955 77416 0
0.5518567562103271 0.15228939056396484 76791 0
0.5352966785430908 0.13346123695373535 74776 0
0.5291736125946045 0.1734781265258789 77589 0
0.514373779296875 0.18359661102294922 76582 0
0.526695966720581 0.14616942405700684 62474 0
0.5526669025421143 0.17239761352539062 73315 0
0.5037810802459717 0.1392369270324707 72333 0
0.5147783756256104 0.11995124816894531 69738 0
0.5205261707305908 0.18185162544250488 72894 0
0.5422720909118652 0.13425040245056152 72717 0
0.5199062824249268 0.18575596809387207 72799 0
0.5352268218994141 0.1947634220123291 73254 0
0.5213956832885742 0.15181875228881836 75250 0
0.5391414165496826 0.15795040130615234 73355 0
0.526170015335083 0.14571928977966309 70289 0
0.5192434787750244 0.13975214958190918 72756 0
0.5272171497344971 0.13313579559326172 66473 0
0.5361340045928955 0.13855648040771484 70733 0
0.5239303112030029 0.1921555995941162 72146 0
0.5233464241027832 0.141859769821167 71634 0
0.5159807205200195 0.1895740032196045 70861 0
0.5275824069976807 0.20059490203857422 70907 0
0.5113446712493896 0.15768671035766602 70582 0
0.5278232097625732 0.17688298225402832 70242 0
0.5481131076812744 0.1540217399597168 67127 0
0.5104832649230957 0.15646886825561523 70769 0
0.5606939792633057 0.19441008567810059 72293 0
0.5176713466644287 0.1820690631866455 72802 0
0.5313320159912109 0.21024036407470703 72196 0
0.5510458946228027 0.14420390129089355 72868 0
0.5527713298797607 0.12703251838684082 72812 0
0.5183506011962891 0.191375732421875 69260 0
0.5407826900482178 0.17868447303771973 71069 0
0.5304617881774902 0.17890262603759766 71012 0
0.5379929542541504 0.1262197494506836 58520 0
0.5174908638000488 0.15036582946777344 72093 0
0.5329651832580566 0.21979379653930664 67905 0
0.5180509090423584 0.12574434280395508 68098 0
0.5363297462463379 0.13739919662475586 72676 0
0.537663459777832 0.15297698974609375 70844 0
0.5179555416107178 0.14300966262817383 69534 0
0.5219249725341797 0.18815398216247559 71784 0
0.5290851593017578 0.17617011070251465 72365 0
0.5216684341430664 0.14490127563476562 73069 0
0.5089764595031738 0.17861270904541016 73461 0
0.5308675765991211 0.16197681427001953 72100 0
0.546118974685669 0.1354079246520996 68280 0
0.54581618309021 0.15635919570922852 72680 0
0.5361833572387695 0.14724946022033691 72684 0
0.5197911262512207 0.19118618965148926 72886 0
0.5362198352813721 0.14746332168579102 72689 0
0.5421926975250244 0.15321969985961914 72407 0
0.5229709148406982 0.13750028610229492 72330 0
0.5205168724060059 0.18808746337890625 72504 0
0.5278875827789307 0.14031004905700684 67549 0
0.5490548610687256 0.17338085174560547 71735 0
0.5718514919281006 0.145249605178833 72932 0
0.5296335220336914 0.18203949928283691 72155 0
0.5327262878417969 0.20823240280151367 72124 0
0.5201935768127441 0.15714740753173828 72290 0
0.5383937358856201 0.1519613265991211 71126 0
0.538785457611084 0.1707782745361328 69035 0
0.5265212059020996 0.16644549369812012 71715 0
0.542853832244873 0.15298819541931152 70936 0
0.5262565612792969 0.18944239616394043 59273 0
0.5261094570159912 0.17998957633972168 70120 0
0.5168895721435547 0.15114045143127441 65552 0
0.5238497257232666 0.15416765213012695 67834 0
0.5359516143798828 0.14020538330078125 70277 0
0.5338151454925537 0.16346049308776855 71692 0
0.5298187732696533 0.14406156539916992 69891 0
0.5119490623474121 0.15302681922912598 72664 0
0.5081558227539062 0.1495378017425537 71648 0
0.505608081817627 0.13879632949829102 71580 0
0.5225269794464111 0.15982365608215332 71081 0
0.5437233448028564 0.17569732666015625 71173 0
0.5310111045837402 0.12851667404174805 66393 0
0.5200483798980713 0.12435531616210938 72385 0
0.5390658378601074 0.1384720802307129 71572 0
0.5184166431427002 0.18863868713378906 71524 0
0.546271800994873 0.20203733444213867 71435 0
0.5202786922454834 0.14402079582214355 71748 0
0.5222210884094238 0.1417832374572754 71426 0
0.509113073348999 0.13740181922912598 71145 0
0.5179545879364014 0.13774585723876953 64836 0
0.5152566432952881 0.1536424160003662 71163 0
0.5250778198242188 0.13233613967895508 72118 0
0.5363249778747559 0.1571195125579834 72058 0
0.5250098705291748 0.14730501174926758 71578 0
0.4935190677642822 0.1580352783203125 71779 0
0.5216155052185059 0.16989660263061523 70841 0
0.5342082977294922 0.14604496955871582 67916 0
0.5249266624450684 0.15314269065856934 70589 0
0.5362510681152344 0.1417253017425537 70765 0
0.5248768329620361 0.18284106254577637 61802 0
0.5161294937133789 0.21091198921203613 70495 0
0.5068001747131348 0.18134617805480957 64933 0
0.5303544998168945 0.16296005249023438 70463 0
0.5221977233886719 0.14118099212646484 71011 0
0.5128402709960938 0.1497175693511963 71678 0
0.5188703536987305 0.1356666088104248 71094 0
0.5406486988067627 0.1556246280670166 72959 0
0.5078113079071045 0.16420745849609375 72073 0
0.5256474018096924 0.18964886665344238 72633 0
0.5366940498352051 0.1387162208557129 72835 0
0.52713942527771 0.14197468757629395 71692 0
0.5269148349761963 0.14815163612365723 67903 0
0.5311489105224609 0.1777181625366211 71675 0
0.5272574424743652 0.15904951095581055 72207 0
0.5111615657806396 0.14357662200927734 73111 0
0.5246951580047607 0.14347624778747559 73096 0
0.5290341377258301 0.14867353439331055 73310 0
0.5500776767730713 0.15504741668701172 71376 0
0.5490775108337402 0.13262248039245605 71299 0
0.5136730670928955 0.14534807205200195 67528 0
0.5244433879852295 0.19887733459472656 70731 0
0.530534029006958 0.1581733226776123 75925 0
0.5143716335296631 0.2017970085144043 75688 0
0.5174839496612549 0.14723420143127441 76653 0
0.520390510559082 0.1368565559387207 77293 0
0.5295774936676025 0.1980907917022705 77259 0
0.5288465023040771 0.13791656494140625 76901 0
0.5228514671325684 0.17553424835205078 77477 0
0.5408082008361816 0.1349937915802002 75557 0
0.4969146251678467 0.1432173252105713 75197 0
0.5468237400054932 0.1423485279083252 76809 0
0.5202691555023193 0.1950068473815918 74568 0
0.5201623439788818 0.1976149082183838 75915 0
0.5158905982971191 0.1766502857208252 76748 0
0.5557403564453125 0.13887882232666016 76596 0
0.5535895824432373 0.13364386558532715 77842 0
0.5120697021484375 0.17781901359558105 77629 0
0.5560050010681152 0.13811182975769043 76414 0
0.5227220058441162 0.12654709815979004 77631 0
0.5257165431976318 0.14237546920776367 76610 0
0.5319497585296631 0.14540314674377441 75391 0
0.5456032752990723 0.1598355770111084 74612 0
0.5503091812133789 0.16063213348388672 74689 0
0.5207579135894775 0.21021461486816406 75179 0
0.5264725685119629 0.14369511604309082 74715 0
0.5228359699249268 0.21278810501098633 75334 0
0.5452556610107422 0.1332101821899414 74987 0
0.5285844802856445 0.15326881408691406 74525 0
0.5269389152526855 0.18237686157226562 76628 0
0.5199086666107178 0.20885443687438965 76406 0
0.5525717735290527 0.20667743682861328 76374 0
0.5565316677093506 0.20717859268188477 75415 0
0.5473742485046387 0.17688822746276855 76839 0
0.5185892581939697 0.13929128646850586 75328 0
0.5374960899353027 0.1822643280029297 75342 0
0.5213873386383057 0.1655895709991455 74460 0
0.5072298049926758 0.16636252403259277 75034 0
0.5112166404724121 0.14063191413879395 74496 0
0.5347018241882324 0.13127899169921875 76294 0
0.5288655757904053 0.17766618728637695 76603 0
0.5435032844543457 0.16277384757995605 74588 0
0.5287783145904541 0.14787793159484863 74018 0
0.5201032161712646 0.13364863395690918 74599 0
0.5283451080322266 0.14868950843811035 74635 0
0.5730972290039062 0.17922306060791016 74327 0
0.49466800689697266 0.14044928550720215 74627 0
0.5117254257202148 0.16542363166809082 74364 0
0.5422966480255127 0.1706531047821045 73192 0
0.5112073421478271 0.13175106048583984 74082 0
0.5338056087493896 0.1721181869506836 75376 0
0.5172438621520996 0.14035987854003906 74675 0
0.5295960903167725 0.17558860778808594 75605 0
0.5203924179077148 0.1759049892425537 75349 0
0.5247728824615479 0.18255329132080078 74330 0
0.4976387023925781 0.1291663646697998 75035 0
0.5075769424438477 0.13466286659240723 73922 0
0.5237271785736084 0.17429399490356445 73947 0
0.5271341800689697 0.18758702278137207 73157 0
0.5518403053283691 0.16563987731933594 73467 0
0.515653133392334 0.19003820419311523 75087 0
0.5312550067901611 0.17264485359191895 75479 0
0.5093240737915039 0.12909817695617676 74186 0
0.525195837020874 0.15787029266357422 75225 0
0.515355110168457 0.16051220893859863 74560 0
0.5349996089935303 0.183607816696167 76390 0
0.5214014053344727 0.15272092819213867 76109 0
0.5211625099182129 0.14462065696716309 75381 0
0.5069975852966309 0.1646440029144287 76057 0
0.5001721382141113 0.13650727272033691 76545 0
0.5323734283447266 0.14438724517822266 75465 0
0.5230197906494141 0.2035074234008789 75692 0
0.5452075004577637 0.18178963661193848 74686 0
0.5204493999481201 0.17549347877502441 75702 0
0.5204837322235107 0.15409469604492188 72439 0
0.5153372287750244 0.16057562828063965 77918 0
0.534456729888916 0.133148193359375 77768 0
0.5213608741760254 0.15942668914794922 76842 0
0.5275797843933105 0.169295072555542 76655 0
0.5482907295227051 0.191025972366333 78786 0
0.5323326587677002 0.1350846290588379 78189 0
0.5094363689422607 0.13328337669372559 79412 0
0.5234782695770264 0.14760804176330566 77933 0
0.5178890228271484 0.19905924797058105 78528 0
0.5213048458099365 0.15865516662597656 71200 0
0.5245542526245117 0.15128779411315918 69044 0
0.5296120643615723 0.16230201721191406 75862 0
0.5254228115081787 0.18418598175048828 80133 0
0.5223667621612549 0.19718694686889648 73424 0
0.5243358612060547 0.15042996406555176 76456 0
0.5310835838317871 0.14907431602478027 72172 0
0.5218086242675781 0.16077828407287598 72049 0
0.4986610412597656 0.15126967430114746 72173 0
0.5076801776885986 0.14199399948120117 74612 0
0.520702600479126 0.17345571517944336 74018 0
0.5058882236480713 0.1879260540008545 73423 0
0.5397708415985107 0.18798828125 76216 0
0.535761833190918 0.2464585304260254 76697 0
0.5263671875 0.15767455101013184 69268 0
0.5205414295196533 0.15236520767211914 77265 0
0.5282065868377686 0.19640731811523438 75161 0
0.5153584480285645 0.16713356971740723 74625 0
0.5053398609161377 0.21460199356079102 77420 0
0.5510749816894531 0.13320636749267578 78238 0
0.521432638168335 0.21114659309387207 70943 0
0.5429885387420654 0.15552711486816406 79215 0
0.5373244285583496 0.14198637008666992 78679 0
0.5347373485565186 0.18866753578186035 79279 0
0.4990255832672119 0.1907672882080078 78010 0
0.5444254875183105 0.1414320468902588 80231 0
0.5345458984375 0.12255978584289551 79565 0
0.5297091007232666 0.2055830955505371 80323 0
0.5210840702056885 0.19827938079833984 78164 0
0.5412695407867432 0.19271349906921387 80454 0
0.5416650772094727 0.13413643836975098 81669 0
0.5221586227416992 0.16779279708862305 80356 0
0.5266261100769043 0.1568281650543213 79823 0
0.5157444477081299 0.16325902938842773 79366 0
0.5449578762054443 0.14711642265319824 78315 0
0.5251004695892334 0.16114425659179688 78820 0
0.5514144897460938 0.1513526439666748 78546 0
0.5109093189239502 0.1547868251800537 78116 0
0.5481352806091309 0.1311938762664795 78418 0
0.5341925621032715 0.17173194885253906 78881 0
0.5472321510314941 0.18686223030090332 78776 0
0.5391597747802734 0.1459522247314453 77765 0
0.5335547924041748 0.18373608589172363 80005 0
0.5150251388549805 0.16448163986206055 81348 0
0.5266988277435303 0.1833183765411377 72355 0
0.538527250289917 0.18256759643554688 79662 0
0.4831266403198242 0.16367459297180176 76868 0
0.5155525207519531 0.18215155601501465 77737 0
0.5294475555419922 0.1467149257659912 79449 0
0.5259127616882324 0.1740550994873047 80050 0
0.534808874130249 0.14374852180480957 74436 0
0.5351598262786865 0.14754581451416016 80404 0
0.5260379314422607 0.14489054679870605 79141 0
0.5442774295806885 0.1517937183380127 80479 0
0.5100743770599365 0.14797401428222656 79275 0
0.5308022499084473 0.14278125762939453 78609 0
0.5216279029846191 0.14609313011169434 80067 0
0.5327703952789307 0.1455085277557373 79724 0
0.5217990875244141 0.18230557441711426 81226 0
0.5220448970794678 0.1423196792602539 81826 0
0.5117185115814209 0.15645265579223633 81835 0
0.5191643238067627 0.14436650276184082 82622 0
0.5186114311218262 0.16399359703063965 81587 0
0.5457625389099121 0.13833284378051758 82964 0
0.501417875289917 0.1418006420135498 80574 0
0.5934693813323975 0.15881109237670898 79915 0
0.4546632766723633 0.18785357475280762 80075 0
0.5194249153137207 0.17659378051757812 78699 0
0.5266695022583008 0.2092905044555664 80702 0
0.5229532718658447 0.16551470756530762 81431 0
0.5264573097229004 0.14511728286743164 80600 0
0.5239500999450684 0.1774766445159912 78945 0
0.52886962890625 0.14915180206298828 81145 0
0.5048425197601318 0.14860224723815918 82906 0
0.5131006240844727 0.14309144020080566 75267 0
0.5296101570129395 0.1483311653137207 82662 0
0.5520365238189697 0.16909170150756836 81906 0
0.5152549743652344 0.15350341796875 80020 0
0.5237245559692383 0.16836833953857422 83352 0
0.5182900428771973 0.1587536334991455 83710 0
0.5245208740234375 0.14432334899902344 79884 0
0.5187842845916748 0.18647456169128418 84532 0
0.5276403427124023 0.14351677894592285 83209 0
0.5608208179473877 0.15146374702453613 83876 0
0.5141026973724365 0.15217232704162598 82670 0
0.5243287086486816 0.1419367790222168 79537 0
0.5312740802764893 0.15784668922424316 80291 0
0.5283653736114502 0.15992379188537598 78686 0
0.525416374206543 0.16265606880187988 78838 0
0.5635440349578857 0.16574859619140625 79080 0
0.527296781539917 0.15798377990722656 78192 0
0.4988226890563965 0.17116022109985352 78513 0
0.5252935886383057 0.14371371269226074 78254 0
0.5098316669464111 0.1935710906982422 77281 0
0.5146827697753906 0.18149995803833008 77408 0
0.5122804641723633 0.1498863697052002 77513 0
0.5198805332183838 0.1541581153869629 78504 0
0.5209579467773438 0.17461109161376953 78769 0
0.5174484252929688 0.17546582221984863 78449 0
0.5145313739776611 0.1893625259399414 77867 0
0.5089218616485596 0.13739490509033203 77218 0
0.5081744194030762 0.14824414253234863 78961 0
0.5315487384796143 0.13861942291259766 77890 0
0.4860661029815674 0.13263368606567383 76929 0
0.5252676010131836 0.18233013153076172 77105 0
0.51236891746521 0.13447833061218262 75030 0
0.5391812324523926 0.1505591869354248 75839 0
0.5391585826873779 0.17209744453430176 75922 0
0.5253117084503174 0.2058405876159668 78344 0
0.5457372665405273 0.14494585990905762 78131 0
0.5320806503295898 0.19663715362548828 78026 0
0.5352318286895752 0.1505124568939209 77228 0
0.49439239501953125 0.1537306308746338 78012 0
0.5380563735961914 0.20302796363830566 77451 0
