0.06612467765808105 0.011980295181274414 1373118 0
0.06606578826904297 0.01270747184753418 1373268 0
0.06649494171142578 0.012836694717407227 1373209 0
0.06085824966430664 0.01247549057006836 1373139 0
0.06679153442382812 0.012724876403808594 1373143 0
0.06109356880187988 0.011437654495239258 1373071 0
0.0647435188293457 0.01279759407043457 1373089 0
0.06253194808959961 0.011113166809082031 1373214 0
0.07139396667480469 0.012388229370117188 1373275 0
0.0629420280456543 0.011925697326660156 1372928 0
0.061864614486694336 0.012525320053100586 1373198 0
0.062059879302978516 0.010901927947998047 1373059 0
0.06514143943786621 0.012990713119506836 1373293 0
0.06927132606506348 0.012669086456298828 1373191 0
0.06513190269470215 0.012972831726074219 1373203 0
0.06669139862060547 0.012848377227783203 1373272 0
0.06332111358642578 0.012346029281616211 1372982 0
0.06546640396118164 0.012215137481689453 1373099 0
0.06465649604797363 0.012595415115356445 1373222 0
0.06152939796447754 0.012591123580932617 1373141 0
0.06215262413024902 0.011947154998779297 1373190 0
0.061367034912109375 0.012018203735351562 1373051 0
0.06176495552062988 0.012260198593139648 1373152 0
0.062159061431884766 0.011841058731079102 1373206 0
0.06639695167541504 0.012879133224487305 1373141 0
0.06551718711853027 0.012147188186645508 1373005 0
0.06295156478881836 0.011886835098266602 1373192 0
0.06299304962158203 0.011877298355102539 1372934 0
0.0669856071472168 0.012634754180908203 1373028 0
0.0658721923828125 0.01104736328125 1373257 0
0.06059765815734863 0.012975454330444336 1373279 0
0.06737852096557617 0.011714458465576172 1373179 0
0.061830997467041016 0.012024164199829102 1373203 0
0.06191420555114746 0.011949300765991211 1373362 0
0.06161022186279297 0.011572122573852539 1373244 0
0.061226844787597656 0.011693239212036133 1373125 0
0.06220507621765137 0.010855913162231445 1373105 0
0.06253600120544434 0.011868715286254883 1373349 0
0.06272244453430176 0.01092982292175293 1373282 0
0.06030392646789551 0.012321710586547852 1373334 0
0.06586337089538574 0.012390613555908203 1373376 0
0.0622096061706543 0.01131582260131836 1373384 0
0.061586618423461914 0.013238191604614258 1373346 0
0.06693053245544434 0.011893510818481445 1373423 0
0.06302142143249512 0.01228952407836914 1373536 0
0.062058210372924805 0.01094365119934082 1373470 0
0.06468582153320312 0.01252436637878418 1373338 0
0.06221795082092285 0.011253595352172852 1373292 0
0.0654909610748291 0.011951684951782227 1373315 0
0.06695795059204102 0.012311220169067383 1373367 0
0.06567573547363281 0.01291036605834961 1373308 0
0.062230825424194336 0.010935068130493164 1373415 0
0.06609821319580078 0.012543201446533203 1373445 0
0.06475663185119629 0.012765645980834961 1373391 0
0.07117533683776855 0.012146711349487305 1373206 0
0.06152796745300293 0.01197195053100586 1373212 0
0.06280660629272461 0.012075185775756836 1373251 0
0.06141948699951172 0.011978387832641602 1373092 0
0.06454682350158691 0.012996196746826172 1373297 0
0.06320476531982422 0.010965585708618164 1373118 0
0.060990095138549805 0.011562824249267578 1373188 0
0.06646180152893066 0.012873649597167969 1373028 0
0.0656893253326416 0.012448310852050781 1373144 0
0.062409162521362305 0.012070417404174805 1373051 0
0.061200857162475586 0.012089252471923828 1373158 0
0.06558418273925781 0.011871099472045898 1373231 0
0.0628054141998291 0.011136531829833984 1373243 0
0.0653681755065918 0.012129545211791992 1373133 0
0.06345748901367188 0.011045455932617188 1373093 0
0.06303215026855469 0.011466264724731445 1373219 0
0.06260919570922852 0.01101064682006836 1373086 0
0.061702728271484375 0.012268304824829102 1373218 0
0.06919741630554199 0.012778043746948242 1373178 0
0.06347346305847168 0.013229608535766602 1373198 0
0.06473803520202637 0.012028932571411133 1373161 0
0.06337285041809082 0.012480497360229492 1373189 0
0.06377267837524414 0.012217283248901367 1373024 0
0.06794071197509766 0.01221013069152832 1372880 0
0.06237506866455078 0.011879205703735352 1373135 0
0.06622767448425293 0.012623071670532227 1372926 0
0.06606531143188477 0.01235508918762207 1373063 0
0.06555032730102539 0.012003660202026367 1372925 0
0.06793069839477539 0.012649774551391602 1372887 0
0.0608983039855957 0.011802196502685547 1373028 0
0.06248044967651367 0.011327743530273438 1373573 0
0.06295323371887207 0.011543512344360352 1373526 0
0.061859130859375 0.010794401168823242 1373343 0
0.06238245964050293 0.012002944946289062 1373399 0
0.06194353103637695 0.010921716690063477 1373289 0
0.06234169006347656 0.012218475341796875 1373418 0
0.061036109924316406 0.011832237243652344 1373415 0
0.06522059440612793 0.012433528900146484 1373410 0
0.06783795356750488 0.012784957885742188 1373402 0
0.06349444389343262 0.012891292572021484 1373475 0
0.06463789939880371 0.011991262435913086 1373409 0
0.06737995147705078 0.011919736862182617 1373391 0
0.06226396560668945 0.012076854705810547 1373304 0
0.06806182861328125 0.013357400894165039 1373337 0
0.06508278846740723 0.012675285339355469 1373349 0
0.06171751022338867 0.010963201522827148 1373420 0
0.06306338310241699 0.01476430892944336 1373287 0
0.06270408630371094 0.010902643203735352 1373137 0
0.06398725509643555 0.011794090270996094 1373273 0
0.0630350112915039 0.013334274291992188 1373176 0
0.06693458557128906 0.01388692855834961 1373234 0
0.0620574951171875 0.013106346130371094 1373337 0
0.06341838836669922 0.011831283569335938 1373256 0
0.06636238098144531 0.01352071762084961 1373400 0
0.06645870208740234 0.012869119644165039 1373384 0
0.06406497955322266 0.012244939804077148 1373444 0
0.061594247817993164 0.011002063751220703 1373439 0
0.06637811660766602 0.012923240661621094 1373496 0
0.06236553192138672 0.012315511703491211 1373518 0
0.07072234153747559 0.012665987014770508 1373533 0
0.06820869445800781 0.012777328491210938 1373599 0
0.06220364570617676 0.012196779251098633 1373665 0
0.06638598442077637 0.012599945068359375 1373403 0
0.06248903274536133 0.011658906936645508 1373585 0
0.06851863861083984 0.012467384338378906 1373655 0
0.06558609008789062 0.012981414794921875 1373609 0
0.06322622299194336 0.01110219955444336 1373491 0
0.06223797798156738 0.010941743850708008 1373442 0
0.06624674797058105 0.011994123458862305 1373405 0
0.06383991241455078 0.011694192886352539 1373306 0
0.06268978118896484 0.01211404800415039 1373369 0
0.06319332122802734 0.012234210968017578 1373280 0
0.0624692440032959 0.010977506637573242 1373395 0
0.06564712524414062 0.012531280517578125 1373588 0
0.06681108474731445 0.01181173324584961 1373262 0
0.06250691413879395 0.010953903198242188 1373489 0
0.06374263763427734 0.011026620864868164 1373446 0
0.062194108963012695 0.011062145233154297 1373279 0
0.06229138374328613 0.012081623077392578 1373399 0
0.06512808799743652 0.012758255004882812 1373371 0
0.0643160343170166 0.013058900833129883 1373590 0
0.06143999099731445 0.010863780975341797 1373528 0
0.0652773380279541 0.012723922729492188 1373500 0
0.0630500316619873 0.010912656784057617 1373432 0
0.0611264705657959 0.012021541595458984 1373505 0
0.06269502639770508 0.01116180419921875 1373469 0
0.06437849998474121 0.012474775314331055 1373410 0
0.06766605377197266 0.012115240097045898 1373425 0
0.06097579002380371 0.010925054550170898 1373468 0
0.06770515441894531 0.0129852294921875 1373501 0
0.06320738792419434 0.012139558792114258 1373595 0
0.0656735897064209 0.012633085250854492 1373739 0
0.06305861473083496 0.011070013046264648 1373633 0
0.06271171569824219 0.011307954788208008 1373771 0
0.06177783012390137 0.011392354965209961 1373492 0
0.0627279281616211 0.012384653091430664 1373535 0
0.06368160247802734 0.011883258819580078 1373679 0
0.06621694564819336 0.012025117874145508 1373799 0
0.062186241149902344 0.011744260787963867 1373700 0
0.06191897392272949 0.011063814163208008 1373626 0
0.06287455558776855 0.011312246322631836 1373881 0
0.06125068664550781 0.012004613876342773 1373597 0
0.06357431411743164 0.011857271194458008 1373576 0
0.06340622901916504 0.012099742889404297 1373521 0
0.06108522415161133 0.012415885925292969 1373797 0
0.06953692436218262 0.012292861938476562 1373925 0
0.06560993194580078 0.012499094009399414 1373867 0
0.06322240829467773 0.010979413986206055 1373827 0
0.061435699462890625 0.012265920639038086 1373920 0
0.0622401237487793 0.010860681533813477 1373969 0
0.06876683235168457 0.011340618133544922 1373159 0
0.059996604919433594 0.012460708618164062 1373737 0
0.062136173248291016 0.011561393737792969 1373738 0
0.06283712387084961 0.011407852172851562 1373670 0
0.062319040298461914 0.012259721755981445 1373789 0
0.06281423568725586 0.011379480361938477 1373860 0
0.06248116493225098 0.012522220611572266 1373568 0
0.06344842910766602 0.010854005813598633 1373658 0
0.06582331657409668 0.01228475570678711 1373474 0
0.06619024276733398 0.013116121292114258 1373520 0
0.0665280818939209 0.013239860534667969 1373288 0
0.06188011169433594 0.011885404586791992 1373685 0
0.060372352600097656 0.011716127395629883 1373362 0
0.06244659423828125 0.012592792510986328 1373528 0
0.06410408020019531 0.011385917663574219 1373431 0
0.06269598007202148 0.011644601821899414 1373381 0
0.06554675102233887 0.012707948684692383 1373422 0
0.06183457374572754 0.011822938919067383 1373171 0
0.06503677368164062 0.01195979118347168 1372984 0
0.06534647941589355 0.012153148651123047 1373271 0
0.06259965896606445 0.011599540710449219 1373271 0
0.06610798835754395 0.011928081512451172 1373022 0
0.06195569038391113 0.010975360870361328 1373162 0
0.07043790817260742 0.01341557502746582 1373297 0
0.06179380416870117 0.012131929397583008 1372987 0
0.06772446632385254 0.013184547424316406 1373047 0
0.06272268295288086 0.012104034423828125 1373142 0
0.06256985664367676 0.011883258819580078 1373097 0
0.06347966194152832 0.011018753051757812 1372884 0
0.06147360801696777 0.012100458145141602 1372958 0
0.06314206123352051 0.01087045669555664 1373038 0
0.0614166259765625 0.011343240737915039 1373125 0
0.0622255802154541 0.011342287063598633 1372982 0
0.0602269172668457 0.012880086898803711 1373071 0
0.062410831451416016 0.01126551628112793 1372984 0
0.06631350517272949 0.01263427734375 1372959 0
0.06653308868408203 0.013381242752075195 1374516 0
0.06360960006713867 0.011134862899780273 1374555 0
0.06250309944152832 0.012464284896850586 1374348 0
0.06231069564819336 0.01136016845703125 1374672 0
0.06657981872558594 0.012753963470458984 1374662 0
0.06680440902709961 0.01120448112487793 1374597 0
0.06569790840148926 0.011761665344238281 1374652 0
0.06589007377624512 0.012996196746826172 1374655 0
0.06801223754882812 0.012636423110961914 1374458 0
0.06481695175170898 0.012846946716308594 1374584 0
0.067535400390625 0.012554645538330078 1374578 0
0.06210017204284668 0.012313365936279297 1374578 0
0.06240057945251465 0.011965274810791016 1374459 0
0.060628652572631836 0.012324094772338867 1374747 0
0.06308579444885254 0.011069297790527344 1374412 0
0.0625159740447998 0.011307477951049805 1374588 0
0.061922311782836914 0.011817693710327148 1374494 0
0.06239581108093262 0.010981082916259766 1374507 0
0.06471467018127441 0.012507200241088867 1374657 0
0.06330370903015137 0.011002779006958008 1374463 0
0.06000185012817383 0.012549400329589844 1374256 0
0.06428360939025879 0.012813806533813477 1374300 0
0.062252044677734375 0.012123584747314453 1374520 0
0.06303882598876953 0.011048078536987305 1374328 0
0.06519317626953125 0.013328313827514648 1374527 0
0.06587409973144531 0.012324810028076172 1374612 0
0.0659646987915039 0.012659549713134766 1374551 0
0.06142067909240723 0.012025833129882812 1374375 0
0.06773781776428223 0.011970758438110352 1374400 0
0.0625770092010498 0.010875463485717773 1374429 0
0.06258988380432129 0.010911703109741211 1374556 0
0.06313633918762207 0.011483192443847656 1374427 0
0.06409335136413574 0.012778997421264648 1374560 0
0.06608438491821289 0.013405323028564453 1374347 0
0.06715202331542969 0.012133598327636719 1374485 0
0.062122344970703125 0.01151895523071289 1374252 0
0.06154298782348633 0.010831356048583984 1374382 0
0.06248116493225098 0.01105356216430664 1374433 0
0.06730961799621582 0.01092076301574707 1374472 0
0.06643366813659668 0.012974977493286133 1374429 0
0.06384444236755371 0.012712240219116211 1374408 0
0.06331968307495117 0.011963129043579102 1374423 0
0.06682085990905762 0.011961936950683594 1374448 0
0.06406784057617188 0.012105703353881836 1374359 0
0.0623471736907959 0.012022972106933594 1374271 0
0.061872005462646484 0.011763334274291992 1374287 0
0.06199812889099121 0.011218547821044922 1374122 0
0.06144094467163086 0.012145519256591797 1374155 0
0.062384605407714844 0.012504100799560547 1374341 0
0.06569600105285645 0.01244211196899414 1374341 0
0.061771392822265625 0.012012243270874023 1374257 0
0.06860542297363281 0.011774539947509766 1374489 0
0.06203770637512207 0.011064529418945312 1374233 0
0.06074213981628418 0.01338338851928711 1374136 0
0.06338930130004883 0.011308908462524414 1374404 0
0.06322216987609863 0.01200103759765625 1374523 0
0.06568026542663574 0.014435768127441406 1374463 0
0.061897993087768555 0.010810136795043945 1374279 0
0.06525421142578125 0.011254072189331055 1374316 0
0.064300537109375 0.011792898178100586 1374444 0
0.06193828582763672 0.011754751205444336 1374400 0
0.06324887275695801 0.012321233749389648 1374366 0
0.06718754768371582 0.012343406677246094 1374540 0
0.06390619277954102 0.010881900787353516 1374648 0
0.06213951110839844 0.010968923568725586 1374681 0
0.06756353378295898 0.011257410049438477 1374479 0
0.0641789436340332 0.012665271759033203 1374301 0
0.06491589546203613 0.012372970581054688 1374253 0
0.06193971633911133 0.01250004768371582 1374305 0
0.0631263256072998 0.011535167694091797 1374312 0
0.06143903732299805 0.011468172073364258 1374283 0
0.06428885459899902 0.01202082633972168 1374247 0
0.061643123626708984 0.010992765426635742 1374385 0
0.0684819221496582 0.011489391326904297 1374353 0
0.06884503364562988 0.012602090835571289 1374458 0
0.0624239444732666 0.01222681999206543 1374492 0
0.06180453300476074 0.012225866317749023 1374299 0
0.062110185623168945 0.010860443115234375 1374365 0
0.061766862869262695 0.012110471725463867 1374475 0
0.06585049629211426 0.012931346893310547 1374390 0
0.06433987617492676 0.012059450149536133 1374225 0
0.06202077865600586 0.011647224426269531 1374415 0
0.06510710716247559 0.012502431869506836 1374398 0
0.0615994930267334 0.010931253433227539 1374447 0
0.06271529197692871 0.011818647384643555 1374557 0
0.06141042709350586 0.012412071228027344 1374511 0
0.0619356632232666 0.012018918991088867 1374646 0
0.06261420249938965 0.011347770690917969 1374456 0
0.06205391883850098 0.012880325317382812 1374472 0
0.06195354461669922 0.010925769805908203 1374809 0
0.06503891944885254 0.011034965515136719 1374483 0
0.0664682388305664 0.012418985366821289 1374584 0
0.06716251373291016 0.012620925903320312 1374619 0
0.062438249588012695 0.011467695236206055 1374585 0
0.06382441520690918 0.011297464370727539 1374737 0
0.06606340408325195 0.0124664306640625 1374706 0
0.06316065788269043 0.012739419937133789 1374617 0
0.06673240661621094 0.015290498733520508 1374605 0
0.06350207328796387 0.01297616958618164 1374699 0
0.06651687622070312 0.012589693069458008 1374456 0
0.0653998851776123 0.012964963912963867 1374417 0
0.06042122840881348 0.012072563171386719 1374461 0
0.0662987232208252 0.01289987564086914 1374476 0
0.06508970260620117 0.012544393539428711 1374479 0
0.06660008430480957 0.012007713317871094 1374519 0
0.06477236747741699 0.011817693710327148 1374574 0
0.06667137145996094 0.011946439743041992 1374407 0
0.0645291805267334 0.012624263763427734 1374500 0
0.062247276306152344 0.011808395385742188 1374580 0
0.06592130661010742 0.012655258178710938 1374354 0
0.061736345291137695 0.010890007019042969 1374561 0
0.06326961517333984 0.011942386627197266 1374217 0
0.06507301330566406 0.01200413703918457 1374440 0
0.06242489814758301 0.01215815544128418 1374274 0
0.06535458564758301 0.011045455932617188 1374586 0
0.06779289245605469 0.012118101119995117 1374398 0
0.061536312103271484 0.011777400970458984 1374393 0
0.06512999534606934 0.011983871459960938 1374430 0
0.0627591609954834 0.014191150665283203 1374446 0
0.06141781806945801 0.011989116668701172 1374347 0
0.06474018096923828 0.012784242630004883 1374510 0
0.06323552131652832 0.01161336898803711 1374450 0
0.06310367584228516 0.011043071746826172 1374374 0
0.06104087829589844 0.011262178421020508 1374361 0
0.06350302696228027 0.011081457138061523 1374296 0
0.06247377395629883 0.010942459106445312 1374497 0
0.06319332122802734 0.012300729751586914 1374413 0
0.06374907493591309 0.01119375228881836 1374134 0
0.0621492862701416 0.011988639831542969 1374535 0
0.06238079071044922 0.01128387451171875 1374388 0
0.06314587593078613 0.011377334594726562 1374262 0
0.06461954116821289 0.012211322784423828 1374249 0
0.06407713890075684 0.010899782180786133 1374314 0
0.07164597511291504 0.012559890747070312 1374057 0
0.06496214866638184 0.011628866195678711 1374239 0
0.06681418418884277 0.011763811111450195 1374084 0
0.06631946563720703 0.01273202896118164 1374071 0
0.06690430641174316 0.013954877853393555 1374431 0
0.062265872955322266 0.016002416610717773 1374187 0
0.06186485290527344 0.012378692626953125 1374133 0
0.06202077865600586 0.011766910552978516 1374263 0
0.06150031089782715 0.012348651885986328 1374313 0
0.06230878829956055 0.011821269989013672 1374399 0
0.06333065032958984 0.011986017227172852 1374529 0
0.06354737281799316 0.011695384979248047 1374410 0
0.06449556350708008 0.011444330215454102 1374348 0
0.06604719161987305 0.012913227081298828 1374417 0
0.06703305244445801 0.012240886688232422 1374435 0
0.06474709510803223 0.011865377426147461 1374480 0
0.06693196296691895 0.012757062911987305 1374423 0
0.06542229652404785 0.010987520217895508 1374366 0
0.0657496452331543 0.012240886688232422 1374420 0
0.06199336051940918 0.012636661529541016 1374572 0
0.06530427932739258 0.012353181838989258 1374635 0
0.06197047233581543 0.011103630065917969 1374431 0
0.06206917762756348 0.01089024543762207 1374598 0
0.06914377212524414 0.013363838195800781 1374452 0
0.0624239444732666 0.01132512092590332 1374510 0
0.06212663650512695 0.013086795806884766 1374470 0
0.06532049179077148 0.01178884506225586 1374340 0
0.06195712089538574 0.010969877243041992 1374244 0
0.07129168510437012 0.011842489242553711 1374447 0
0.06250739097595215 0.012227296829223633 1374438 0
0.06352043151855469 0.011312007904052734 1374322 0
0.06317281723022461 0.01094961166381836 1374484 0
0.06197953224182129 0.01267862319946289 1374311 0
0.06270051002502441 0.0117340087890625 1374417 0
0.06537771224975586 0.011194229125976562 1374331 0
0.06558990478515625 0.012580633163452148 1374476 0
0.06602978706359863 0.011978864669799805 1374754 0
0.06625676155090332 0.012601137161254883 1375151 0
0.06511998176574707 0.012431621551513672 1375101 0
0.06726622581481934 0.01252889633178711 1375096 0
0.06990170478820801 0.011825084686279297 1375167 0
0.06209754943847656 0.011672019958496094 1375244 0
0.06564211845397949 0.012387514114379883 1375224 0
0.06393194198608398 0.012159347534179688 1375163 0
0.06266379356384277 0.012925386428833008 1375089 0
0.06582379341125488 0.013140678405761719 1375158 0
0.07199215888977051 0.01183938980102539 1375325 0
0.06609630584716797 0.012140512466430664 1375500 0
0.06133151054382324 0.01138615608215332 1375549 0
0.06231355667114258 0.011811971664428711 1375297 0
0.06097698211669922 0.01218271255493164 1375274 0
0.06453728675842285 0.015621423721313477 1375260 0
0.06615805625915527 0.012692451477050781 1375415 0
0.06592416763305664 0.012178659439086914 1375215 0
0.06212782859802246 0.010863065719604492 1375272 0
0.06514716148376465 0.012790203094482422 1375263 0
0.061003923416137695 0.010915040969848633 1375303 0
0.061997413635253906 0.010890960693359375 1375349 0
0.06231427192687988 0.010960578918457031 1375160 0
0.05997753143310547 0.01210927963256836 1375170 0
0.06154441833496094 0.011920928955078125 1375263 0
0.06189250946044922 0.012699604034423828 1375520 0
0.06231212615966797 0.010859966278076172 1375440 0
0.06448698043823242 0.012928247451782227 1375495 0
0.062033891677856445 0.012134075164794922 1375308 0
0.0652165412902832 0.013741493225097656 1375219 0
0.0659477710723877 0.012388944625854492 1375107 0
0.06565451622009277 0.012454509735107422 1365160 0
0.06227231025695801 0.01213693618774414 1364876 0
0.06292057037353516 0.01469731330871582 1362470 0
0.0612635612487793 0.011035919189453125 1363024 0
0.06229901313781738 0.012300729751586914 1362701 0
0.06346273422241211 0.01282644271850586 1363052 0
0.06447339057922363 0.012462377548217773 1364536 0
0.06179308891296387 0.01078343391418457 1364555 0
0.06378340721130371 0.012661933898925781 1365151 0
0.0654757022857666 0.012230396270751953 1364947 0
0.06572580337524414 0.01261591911315918 1363615 0
0.06317663192749023 0.011332988739013672 1365214 0
0.06163787841796875 0.010946273803710938 1365207 0
0.060018301010131836 0.011927366256713867 1362914 0
0.061330556869506836 0.011709451675415039 1362419 0
0.06158161163330078 0.01150369644165039 1362367 0
0.06133317947387695 0.012459516525268555 1362126 0
0.06002950668334961 0.011499166488647461 1362194 0
0.06568360328674316 0.012875556945800781 1362318 0
0.06367063522338867 0.012300252914428711 1362126 0
0.07197046279907227 0.0129547119140625 1362180 0
0.06686997413635254 0.012551546096801758 1362101 0
0.059737205505371094 0.012127399444580078 1362242 0
0.06052684783935547 0.01221776008605957 1362139 0
0.06134438514709473 0.010968208312988281 1362045 0
0.06230664253234863 0.011933326721191406 1362283 0
0.06131744384765625 0.01092076301574707 1361573 0
0.061536312103271484 0.010924339294433594 1361236 0
0.06158781051635742 0.010836601257324219 1364330 0
0.06270623207092285 0.010879755020141602 1361978 0
0.06185340881347656 0.012000322341918945 1365101 0
0.0619196891784668 0.010764598846435547 1362374 0
0.06174349784851074 0.01085209846496582 1363678 0
0.06376004219055176 0.012181520462036133 1363685 0
0.06307744979858398 0.011808156967163086 1363986 0
0.06426501274108887 0.012144088745117188 1363730 0
0.06318068504333496 0.012308597564697266 1364215 0
0.06156301498413086 0.011880874633789062 1363620 0
0.06940603256225586 0.012187004089355469 1365812 0
0.06270170211791992 0.011198997497558594 1365627 0
0.06168866157531738 0.011847972869873047 1365927 0
0.061464548110961914 0.010862112045288086 1366052 0
0.06717896461486816 0.012676715850830078 1365922 0
0.06315159797668457 0.011931896209716797 1365965 0
0.06492805480957031 0.01288151741027832 1366579 0
0.061513662338256836 0.011858940124511719 1366546 0
0.06527304649353027 0.012860774993896484 1365803 0
0.06143069267272949 0.012308120727539062 1365774 0
0.060776472091674805 0.012039422988891602 1365917 0
0.06577324867248535 0.011922121047973633 1365595 0
0.060797929763793945 0.012589454650878906 1366439 0
0.061684608459472656 0.010930776596069336 1366272 0
0.06006002426147461 0.012170076370239258 1365593 0
0.0627286434173584 0.011980772018432617 1366312 0
0.061974525451660156 0.01108098030090332 1366410 0
0.06575918197631836 0.012863874435424805 1365720 0
0.06889224052429199 0.012198448181152344 1366423 0
0.06239724159240723 0.011064529418945312 1365628 0
0.06495022773742676 0.011286735534667969 1365675 0
0.06414651870727539 0.012418031692504883 1366489 0
0.06386613845825195 0.01347804069519043 1366469 0
0.06342411041259766 0.011445999145507812 1366494 0
0.06134653091430664 0.01083827018737793 1365708 0
0.061446428298950195 0.011673927307128906 1365581 0
0.06714439392089844 0.013647317886352539 1365605 0
0.06523442268371582 0.012488365173339844 1365865 0
0.06472516059875488 0.012233257293701172 1365918 0
0.06723451614379883 0.012323379516601562 1365976 0
0.06195330619812012 0.011074304580688477 1366012 0
0.06130480766296387 0.011925935745239258 1366060 0
0.0625157356262207 0.011404037475585938 1366300 0
0.06218671798706055 0.01182699203491211 1365575 0
0.06236672401428223 0.011910200119018555 1365948 0
0.06108212471008301 0.010897636413574219 1365703 0
0.07017135620117188 0.012299776077270508 1365733 0
0.06473255157470703 0.012412548065185547 1365626 0
0.06309771537780762 0.012011289596557617 1365643 0
0.06191754341125488 0.011901617050170898 1365680 0
0.06574296951293945 0.01295328140258789 1365692 0
0.06446313858032227 0.011696815490722656 1365309 0
0.06338906288146973 0.012626886367797852 1365805 0
0.061559200286865234 0.01258707046508789 1365724 0
0.060617923736572266 0.011871337890625 1365548 0
0.06268787384033203 0.011036157608032227 1365712 0
0.06215333938598633 0.011304378509521484 1366200 0
0.06470394134521484 0.013285636901855469 1365964 0
0.06292033195495605 0.01117396354675293 1365029 0
0.07044386863708496 0.012343168258666992 1365118 0
0.06331157684326172 0.011030197143554688 1365114 0
0.06289029121398926 0.012353897094726562 1365640 0
0.06434512138366699 0.011937379837036133 1365046 0
0.06197214126586914 0.011305570602416992 1364850 0
0.06335186958312988 0.012985944747924805 1365262 0
0.06207871437072754 0.011918067932128906 1365413 0
0.06222224235534668 0.011928319931030273 1365071 0
0.06177091598510742 0.012298107147216797 1365476 0
0.06247735023498535 0.011023521423339844 1365732 0
0.06558084487915039 0.01204824447631836 1365181 0
0.0646066665649414 0.011970996856689453 1365265 0
0.06608200073242188 0.012682199478149414 1365858 0
0.06722545623779297 0.01116633415222168 1365174 0
0.06089949607849121 0.012363195419311523 1365445 0
0.061447858810424805 0.012256383895874023 1365013 0
0.06456470489501953 0.012801170349121094 1365219 0
0.06617498397827148 0.011060237884521484 1364299 0
0.0627741813659668 0.015470027923583984 1364412 0
0.06246066093444824 0.010951995849609375 1364582 0
0.06348228454589844 0.011497735977172852 1365212 0
0.06512594223022461 0.01302790641784668 1365313 0
0.062056541442871094 0.011413812637329102 1365350 0
0.0641021728515625 0.013068437576293945 1365310 0
0.06300139427185059 0.011132001876831055 1365711 0
0.06013679504394531 0.012289285659790039 1365513 0
0.06098818778991699 0.01085519790649414 1365602 0
0.06305718421936035 0.012328624725341797 1365969 0
0.06022787094116211 0.012542486190795898 1366917 0
0.06411314010620117 0.012310266494750977 1366854 0
0.06414079666137695 0.012683868408203125 1366338 0
0.06630778312683105 0.012462615966796875 1366344 0
0.06496310234069824 0.012437105178833008 1366808 0
0.06342816352844238 0.012805700302124023 1366251 0
0.061705589294433594 0.01077723503112793 1366256 0
0.06082487106323242 0.010974884033203125 1366267 0
0.06747055053710938 0.011456727981567383 1366339 0
0.06004023551940918 0.011362075805664062 1366274 0
0.06153535842895508 0.010926246643066406 1365910 0
0.06369328498840332 0.012253761291503906 1366174 0
0.06411480903625488 0.013033151626586914 1366077 0
0.06002950668334961 0.012087106704711914 1366954 0
0.0656881332397461 0.012468814849853516 1366901 0
0.06215047836303711 0.010991334915161133 1366839 0
0.06743431091308594 0.012829065322875977 1367072 0
0.061862945556640625 0.012838602066040039 1367077 0
0.06216073036193848 0.010785579681396484 1367068 0
0.06282496452331543 0.011288166046142578 1366763 0
0.06319594383239746 0.01090383529663086 1366995 0
0.06262397766113281 0.011280059814453125 1366710 0
0.06659913063049316 0.011810302734375 1366721 0
0.0630197525024414 0.011014938354492188 1363621 0
0.0619349479675293 0.010864973068237305 1363552 0
0.06541919708251953 0.011960506439208984 1363644 0
0.06960797309875488 0.012280941009521484 1363660 0
0.06653547286987305 0.012843608856201172 1363300 0
0.06058788299560547 0.01175832748413086 1363596 0
0.06238722801208496 0.011531591415405273 1363741 0
0.06319546699523926 0.012355804443359375 1363778 0
0.06610608100891113 0.013199090957641602 1363920 0
0.06508159637451172 0.012204647064208984 1363845 0
0.06209397315979004 0.01216888427734375 1363770 0
0.06292510032653809 0.011251449584960938 1363623 0
0.0615839958190918 0.012563705444335938 1363540 0
0.06150674819946289 0.012592792510986328 1363696 0
0.06714320182800293 0.011750936508178711 1364153 0
0.0625143051147461 0.01092386245727539 1363696 0
0.06314849853515625 0.011130809783935547 1363121 0
0.06389808654785156 0.013102531433105469 1362962 0
0.06203007698059082 0.01108241081237793 1362898 0
0.06422853469848633 0.011960744857788086 1362614 0
0.06328701972961426 0.012733221054077148 1362661 0
0.07009482383728027 0.011954545974731445 1363093 0
0.06182265281677246 0.011676549911499023 1362777 0
0.06162142753601074 0.010845661163330078 1362747 0
0.061250925064086914 0.010940313339233398 1362806 0
0.06102156639099121 0.011908769607543945 1362807 0
0.06223654747009277 0.01090240478515625 1362849 0
0.06562352180480957 0.011774301528930664 1362507 0
0.061516761779785156 0.010944843292236328 1362573 0
0.06100034713745117 0.011144161224365234 1362997 0
0.06144595146179199 0.011312484741210938 1362945 0
0.06079220771789551 0.011360406875610352 1362992 0
0.06726408004760742 0.012237310409545898 1362812 0
0.06220412254333496 0.01204061508178711 1362721 0
0.06482768058776855 0.012391090393066406 1363037 0
0.06683850288391113 0.012186288833618164 1362673 0
0.06657171249389648 0.012623310089111328 1362609 0
0.06064128875732422 0.012434720993041992 1362574 0
0.06630396842956543 0.012556076049804688 1362721 0
0.06606531143188477 0.010742902755737305 1363016 0
0.06027722358703613 0.011906623840332031 1362552 0
0.06151461601257324 0.012145280838012695 1362521 0
0.06675362586975098 0.01163029670715332 1362608 0
0.06697559356689453 0.012320756912231445 1362557 0
0.06135368347167969 0.013180732727050781 1362442 0
0.062253713607788086 0.011008739471435547 1362560 0
0.06622910499572754 0.012718439102172852 1362535 0
0.06304216384887695 0.010788202285766602 1362590 0
0.06191754341125488 0.0119781494140625 1362395 0
0.061379194259643555 0.011739730834960938 1362503 0
0.0649564266204834 0.011287689208984375 1362448 0
0.0630946159362793 0.011555910110473633 1362521 0
0.0614469051361084 0.010882854461669922 1362499 0
0.06179690361022949 0.010847330093383789 1362690 0
0.05978536605834961 0.011333227157592773 1362908 0
0.06886529922485352 0.011740684509277344 1362653 0
0.06212615966796875 0.012449979782104492 1362674 0
0.060518503189086914 0.012201786041259766 1362729 0
0.06577515602111816 0.012831926345825195 1362667 0
0.06514596939086914 0.01246953010559082 1362565 0
0.06148505210876465 0.011848211288452148 1362632 0
0.059541940689086914 0.01195526123046875 1362729 0
0.06886053085327148 0.011910676956176758 1362491 0
0.06267905235290527 0.012394189834594727 1362870 0
0.061363935470581055 0.011059999465942383 1362793 0
0.06084871292114258 0.011637210845947266 1362808 0
0.06113171577453613 0.011787176132202148 1372858 0
0.06032848358154297 0.012143850326538086 1373184 0
0.06497740745544434 0.012786388397216797 1373017 0
0.06100010871887207 0.010882377624511719 1373208 0
0.06641125679016113 0.012102603912353516 1373229 0
0.0625462532043457 0.012107133865356445 1373045 0
0.06267833709716797 0.01098942756652832 1373106 0
0.0629422664642334 0.010957002639770508 1373173 0
0.06307101249694824 0.0110321044921875 1373226 0
0.06700825691223145 0.011440753936767578 1372998 0
0.06294798851013184 0.012246847152709961 1373055 0
0.06235766410827637 0.012196063995361328 1373226 0
0.062467098236083984 0.012942075729370117 1373176 0
0.06515860557556152 0.01230478286743164 1373259 0
0.062276363372802734 0.010972976684570312 1373194 0
0.06742238998413086 0.012076854705810547 1372952 0
0.06824493408203125 0.012762069702148438 1372974 0
0.062040090560913086 0.010994911193847656 1373049 0
0.06266069412231445 0.012525081634521484 1373012 0
0.06605219841003418 0.012840747833251953 1372976 0
0.06216835975646973 0.011961221694946289 1373016 0
0.06128692626953125 0.011939048767089844 1372834 0
0.06270027160644531 0.01170802116394043 1372921 0
0.06682324409484863 0.01272130012512207 1372877 0
0.0661160945892334 0.01277613639831543 1372756 0
0.06428885459899902 0.012450456619262695 1372781 0
0.06603574752807617 0.011574268341064453 1372667 0
0.06729245185852051 0.012392282485961914 1372851 0
0.06549453735351562 0.01195216178894043 1372593 0
0.06283307075500488 0.011138916015625 1372735 0
0.0620419979095459 0.01094198226928711 1372555 0
0.06117582321166992 0.01093912124633789 1372544 0
0.06409120559692383 0.011915206909179688 1372353 0
0.06308531761169434 0.011541128158569336 1372387 0
0.0638728141784668 0.011158227920532227 1372725 0
0.06258630752563477 0.011086225509643555 1372639 0
0.06452059745788574 0.013001441955566406 1372651 0
0.06357979774475098 0.012061119079589844 1372631 0
0.06650590896606445 0.012626886367797852 1372797 0
0.06730031967163086 0.012974739074707031 1372803 0
0.06250572204589844 0.012042522430419922 1372786 0
0.06508302688598633 0.012004613876342773 1372783 0
0.06395244598388672 0.011986970901489258 1372662 0
0.06285667419433594 0.011979341506958008 1372761 0
0.06256318092346191 0.011287689208984375 1372854 0
0.06900525093078613 0.012712717056274414 1372709 0
0.0632927417755127 0.012393712997436523 1372909 0
0.06342411041259766 0.01189875602722168 1372829 0
0.06546425819396973 0.012534379959106445 1372636 0
0.06343722343444824 0.012097835540771484 1373080 0
0.07222867012023926 0.012168169021606445 1373027 0
0.06581878662109375 0.01092672348022461 1373062 0
0.06311273574829102 0.010843992233276367 1373039 0
0.06377410888671875 0.011649131774902344 1373045 0
0.06363034248352051 0.012545347213745117 1372722 0
0.06548786163330078 0.012437820434570312 1373004 0
0.0631253719329834 0.012012004852294922 1372957 0
0.0623321533203125 0.01121068000793457 1372866 0
0.06278491020202637 0.01131439208984375 1372860 0
0.06504011154174805 0.011499881744384766 1373057 0
0.0649113655090332 0.011920690536499023 1373075 0
0.06556248664855957 0.011956930160522461 1372946 0
0.06388664245605469 0.011248588562011719 1372780 0
0.0618741512298584 0.011085987091064453 1372880 0
0.06374120712280273 0.012540102005004883 1373067 0
0.06629395484924316 0.013228654861450195 1373080 0
0.0630488395690918 0.011819601058959961 1373066 0
0.06521415710449219 0.010893106460571289 1373256 0
0.06181454658508301 0.012299776077270508 1373311 0
0.06272315979003906 0.01195526123046875 1373180 0
0.061197519302368164 0.012588739395141602 1373691 0
0.061676979064941406 0.01252603530883789 1373307 0
0.06187319755554199 0.011960029602050781 1373382 0
0.06764721870422363 0.010907649993896484 1373476 0
0.06368732452392578 0.012389898300170898 1373403 0
0.06298422813415527 0.010953664779663086 1373170 0
0.06285476684570312 0.010869026184082031 1373458 0
0.065887451171875 0.013013124465942383 1373514 0
0.0687563419342041 0.012624263763427734 1373260 0
0.06736898422241211 0.012513160705566406 1373243 0
0.06334424018859863 0.01110386848449707 1373324 0
0.060890913009643555 0.012483835220336914 1373265 0
0.0650637149810791 0.011977434158325195 1373546 0
0.062040090560913086 0.012082099914550781 1373589 0
0.06681013107299805 0.01270604133605957 1373769 0
0.06764721870422363 0.01241159439086914 1373670 0
0.060607194900512695 0.012127399444580078 1373863 0
0.06538677215576172 0.010956525802612305 1373553 0
0.06167268753051758 0.01139688491821289 1373607 0
0.0641777515411377 0.012541532516479492 1373500 0
0.06228756904602051 0.011978387832641602 1373238 0
0.06563854217529297 0.012331247329711914 1373382 0
0.06693816184997559 0.012409448623657227 1373203 0
0.06298017501831055 0.011527061462402344 1373034 0
0.06296706199645996 0.011966705322265625 1373329 0
0.06323742866516113 0.010786771774291992 1373347 0
0.0706486701965332 0.012332439422607422 1373292 0
0.06384849548339844 0.012036800384521484 1373194 0
0.06555294990539551 0.011723518371582031 1373390 0
0.06449723243713379 0.012211799621582031 1373262 0
0.06190967559814453 0.010935544967651367 1373076 0
0.06932640075683594 0.012526750564575195 1373136 0
0.0624544620513916 0.012531042098999023 1373147 0
0.06685113906860352 0.012525558471679688 1373224 0
0.06018662452697754 0.011986494064331055 1373175 0
0.06417655944824219 0.012934684753417969 1373146 0
0.06189990043640137 0.014086246490478516 1373263 0
0.06229281425476074 0.012623786926269531 1373412 0
0.06342053413391113 0.011103153228759766 1373124 0
0.06552791595458984 0.012814044952392578 1373209 0
0.06273388862609863 0.011358261108398438 1373186 0
0.06332826614379883 0.011587142944335938 1373090 0
0.06688356399536133 0.012574195861816406 1373414 0
0.06178689002990723 0.01309514045715332 1373156 0
0.06253838539123535 0.01222372055053711 1372982 0
0.06683683395385742 0.01319432258605957 1373235 0
0.0629575252532959 0.010950088500976562 1373072 0
0.06385040283203125 0.01259160041809082 1373104 0
0.06283187866210938 0.012880802154541016 1373253 0
0.06633734703063965 0.012453794479370117 1373287 0
0.06133460998535156 0.01179051399230957 1373002 0
0.06399822235107422 0.011858224868774414 1373158 0
0.06391596794128418 0.011241436004638672 1373057 0
0.06219601631164551 0.010865926742553711 1372960 0
0.06821012496948242 0.012746095657348633 1372933 0
0.06189131736755371 0.011369943618774414 1372959 0
0.06243562698364258 0.011985540390014648 1372829 0
0.061487436294555664 0.011796236038208008 1372815 0
0.06429004669189453 0.01291346549987793 1372957 0
0.06609582901000977 0.013071537017822266 1372995 0
0.06397557258605957 0.012063264846801758 1372829 0
0.06705784797668457 0.012006759643554688 1372763 0
0.06175947189331055 0.012475728988647461 1372640 0
0.0662846565246582 0.011865615844726562 1372750 0
0.06340765953063965 0.012164592742919922 1372742 0
0.06607675552368164 0.013082504272460938 1372600 0
0.062439680099487305 0.011046171188354492 1372852 0
0.062307119369506836 0.012204647064208984 1372771 0
0.06252861022949219 0.012197256088256836 1372529 0
0.06116795539855957 0.011902093887329102 1372653 0
0.06301569938659668 0.011847972869873047 1372794 0
0.06334757804870605 0.012087106704711914 1372631 0
0.06656455993652344 0.010999679565429688 1372823 0
0.06574130058288574 0.011272192001342773 1372750 0
0.06706905364990234 0.012677669525146484 1372831 0
0.06688618659973145 0.01236414909362793 1372935 0
0.06546521186828613 0.011478900909423828 1372777 0
0.0711054801940918 0.012975931167602539 1372823 0
0.06279444694519043 0.011041879653930664 1372913 0
0.0659637451171875 0.012476921081542969 1372831 0
0.06609058380126953 0.01308751106262207 1372826 0
0.06459879875183105 0.012336969375610352 1372764 0
0.06793713569641113 0.012838125228881836 1372622 0
0.06103110313415527 0.012150049209594727 1372632 0
0.06261682510375977 0.011629581451416016 1372810 0
0.06623005867004395 0.012333393096923828 1372772 0
0.06662559509277344 0.012528657913208008 1372694 0
0.06326532363891602 0.010900497436523438 1372953 0
0.06690406799316406 0.012400150299072266 1372812 0
0.06180453300476074 0.010909557342529297 1373036 0
0.0628821849822998 0.010975360870361328 1372795 0
0.06773924827575684 0.01279592514038086 1372865 0
0.06697845458984375 0.012152433395385742 1372796 0
0.06197810173034668 0.010954141616821289 1372884 0
0.06479740142822266 0.012527704238891602 1372901 0
0.06300592422485352 0.012437582015991211 1372823 0
0.06171393394470215 0.011356115341186523 1373132 0
0.06427431106567383 0.011220455169677734 1373187 0
0.06090283393859863 0.012486457824707031 1372953 0
0.06116533279418945 0.011828422546386719 1372938 0
0.06926751136779785 0.01283884048461914 1372879 0
0.0632925033569336 0.010973215103149414 1372878 0
0.06250691413879395 0.012610673904418945 1372770 0
0.06190681457519531 0.01095890998840332 1372781 0
0.06284737586975098 0.010953187942504883 1372834 0
0.0673067569732666 0.012280941009521484 1373166 0
0.06560564041137695 0.012793302536010742 1372968 0
0.06712961196899414 0.011424541473388672 1372759 0
0.06200122833251953 0.011389493942260742 1372823 0
0.06259870529174805 0.012954950332641602 1372879 0
0.06357812881469727 0.011977195739746094 1373065 0
0.06714987754821777 0.01168060302734375 1372869 0
0.06629443168640137 0.012377500534057617 1372808 0
0.06651520729064941 0.011907100677490234 1372969 0
0.06300830841064453 0.011051416397094727 1373027 0
0.06184530258178711 0.011075019836425781 1372912 0
0.06553912162780762 0.012659549713134766 1372878 0
0.06174969673156738 0.010831117630004883 1372781 0
0.06322526931762695 0.011694908142089844 1372899 0
0.06785249710083008 0.012976408004760742 1372780 0
0.06244397163391113 0.012331962585449219 1372974 0
0.06377053260803223 0.011886119842529297 1372789 0
0.06199955940246582 0.011191368103027344 1372603 0
0.06333804130554199 0.013011455535888672 1372835 0
0.06612157821655273 0.012756824493408203 1372808 0
0.06657218933105469 0.012407064437866211 1372877 0
0.06342744827270508 0.011348724365234375 1372694 0
0.06744265556335449 0.01275491714477539 1372775 0
0.06819367408752441 0.011998653411865234 1372829 0
0.0647122859954834 0.012284994125366211 1372712 0
0.06426525115966797 0.011554479598999023 1373664 0
0.06307363510131836 0.010915040969848633 1373511 0
0.06318187713623047 0.010958433151245117 1373413 0
0.06616926193237305 0.013218879699707031 1373678 0
0.06080746650695801 0.01217198371887207 1373487 0
0.06417155265808105 0.012920618057250977 1373714 0
0.0673818588256836 0.01321864128112793 1373581 0
0.06395220756530762 0.011344194412231445 1373468 0
0.060599327087402344 0.01219487190246582 1373247 0
0.06618404388427734 0.013190269470214844 1373394 0
0.06280016899108887 0.012383699417114258 1373531 0
0.06251835823059082 0.010798454284667969 1373401 0
0.06135988235473633 0.011823654174804688 1373761 0
0.06725811958312988 0.013061285018920898 1373460 0
0.06145644187927246 0.011919021606445312 1373292 0
0.06091761589050293 0.010983705520629883 1373516 0
0.06733894348144531 0.011754512786865234 1373397 0
0.06511044502258301 0.011661529541015625 1373714 0
0.06193065643310547 0.011464357376098633 1373561 0
0.06522846221923828 0.012326717376708984 1373758 0
0.06225776672363281 0.011622428894042969 1373592 0
0.061739444732666016 0.013195037841796875 1373653 0
0.06223034858703613 0.012922525405883789 1373338 0
0.06539249420166016 0.013089895248413086 1373623 0
0.06219148635864258 0.012151718139648438 1373630 0
0.06667041778564453 0.012833356857299805 1373482 0
0.06121993064880371 0.012073993682861328 1373586 0
0.06477808952331543 0.012537002563476562 1373717 0
0.06620407104492188 0.012841463088989258 1373428 0
0.06268692016601562 0.0114593505859375 1373456 0
0.06613636016845703 0.01323080062866211 1373583 0
0.06279826164245605 0.011030912399291992 1373597 0
0.06794214248657227 0.011890888214111328 1373659 0
0.06519937515258789 0.011850833892822266 1373529 0
0.06768512725830078 0.012451410293579102 1373513 0
0.06312942504882812 0.012274742126464844 1373670 0
0.06628966331481934 0.013456583023071289 1373492 0
0.0617365837097168 0.012031078338623047 1373363 0
0.06197166442871094 0.01155710220336914 1373622 0
0.06784844398498535 0.01173853874206543 1373410 0
0.06152677536010742 0.012892961502075195 1373498 0
0.06264233589172363 0.011712074279785156 1373593 0
0.06221795082092285 0.011037111282348633 1373377 0
0.06681203842163086 0.013391971588134766 1373403 0
0.061760902404785156 0.011088132858276367 1373579 0
0.06652116775512695 0.012126922607421875 1373263 0
0.06261277198791504 0.013072967529296875 1373296 0
0.06378698348999023 0.010882854461669922 1373510 0
0.06363844871520996 0.012146711349487305 1373418 0
0.06216144561767578 0.01177835464477539 1373090 0
0.06285381317138672 0.011748313903808594 1373491 0
0.06788325309753418 0.01172947883605957 1373354 0
0.06457710266113281 0.012166500091552734 1373685 0
0.06323361396789551 0.011389970779418945 1373529 0
0.06357431411743164 0.01221776008605957 1373427 0
0.0655508041381836 0.012036323547363281 1373617 0
0.06453680992126465 0.011717557907104492 1373488 0
0.06654047966003418 0.011704683303833008 1373430 0
0.06494641304016113 0.011773347854614258 1373412 0
0.06260418891906738 0.012943029403686523 1373318 0
0.06196784973144531 0.011380910873413086 1373396 0
0.06112408638000488 0.011572599411010742 1373147 0
0.0683901309967041 0.011510848999023438 1373133 0
0.06143641471862793 0.011361837387084961 1373432 0
0.06504249572753906 0.012810230255126953 1373160 0
0.06095576286315918 0.011721611022949219 1373162 0
0.06296849250793457 0.012553215026855469 1373108 0
0.06133103370666504 0.012552261352539062 1373210 0
0.06378555297851562 0.012470006942749023 1373444 0
0.06785249710083008 0.01193857192993164 1373235 0
0.0619504451751709 0.011414289474487305 1373357 0
0.06187772750854492 0.011986732482910156 1373541 0
0.062479257583618164 0.011006593704223633 1373717 0
0.0622105598449707 0.010831594467163086 1373903 0
0.06499910354614258 0.012111425399780273 1373752 0
0.06448960304260254 0.01096653938293457 1374003 0
0.06266140937805176 0.011827230453491211 1374015 0
0.0635824203491211 0.011004924774169922 1373900 0
0.06650590896606445 0.012292623519897461 1373928 0
0.06330013275146484 0.011132240295410156 1374005 0
0.06646919250488281 0.012404918670654297 1374051 0
0.06412410736083984 0.012649059295654297 1373806 0
0.0630192756652832 0.013008594512939453 1374303 0
0.06554293632507324 0.012559890747070312 1373984 0
0.06214141845703125 0.010918378829956055 1374388 0
0.0712738037109375 0.012625455856323242 1374256 0
0.06690859794616699 0.012861013412475586 1374509 0
0.06617522239685059 0.011904239654541016 1374114 0
0.06436538696289062 0.012928962707519531 1374455 0
0.06205177307128906 0.011885643005371094 1374102 0
0.06259894371032715 0.01213526725769043 1373980 0
0.06705904006958008 0.01171255111694336 1374255 0
0.06230759620666504 0.010969877243041992 1374270 0
0.06430435180664062 0.01103520393371582 1373648 0
0.061493635177612305 0.011367559432983398 1373738 0
0.06231260299682617 0.01224207878112793 1373900 0
0.07734179496765137 0.011850833892822266 1373689 0
0.06252670288085938 0.010946989059448242 1373498 0
0.06343746185302734 0.013782024383544922 1373617 0
0.06329011917114258 0.012061834335327148 1373480 0
0.062355756759643555 0.011221885681152344 1373706 0
0.06169557571411133 0.012083292007446289 1373671 0
0.061124324798583984 0.011061668395996094 1373467 0
0.06768226623535156 0.012410402297973633 1373552 0
0.06790804862976074 0.012725830078125 1373512 0
0.06291079521179199 0.011970758438110352 1373473 0
0.06133008003234863 0.010942459106445312 1373532 0
0.06584382057189941 0.012372493743896484 1373399 0
0.07134556770324707 0.012495756149291992 1373355 0
0.06353139877319336 0.01129150390625 1373463 0
0.06558823585510254 0.011031627655029297 1373273 0
0.06538248062133789 0.011776447296142578 1373524 0
0.0626821517944336 0.01255345344543457 1373572 0
0.06923913955688477 0.011885643005371094 1373246 0
0.06625986099243164 0.012571096420288086 1373307 0
0.06284570693969727 0.011055707931518555 1373245 0
0.06424260139465332 0.012864828109741211 1373325 0
0.06475019454956055 0.012621879577636719 1373264 0
0.06282687187194824 0.01099252700805664 1373329 0
0.06250357627868652 0.011902093887329102 1373225 0
0.06656527519226074 0.01321864128112793 1373360 0
0.06122589111328125 0.011384248733520508 1373278 0
0.06472468376159668 0.011016130447387695 1373322 0
0.06208634376525879 0.012309551239013672 1373068 0
0.06596207618713379 0.013161420822143555 1373315 0
0.06736373901367188 0.013115882873535156 1373161 0
0.06322622299194336 0.011994361877441406 1373412 0
0.06339740753173828 0.012670755386352539 1373463 0
0.061447858810424805 0.011053085327148438 1373312 0
0.06128334999084473 0.011772871017456055 1373292 0
0.06337141990661621 0.011103391647338867 1373340 0
0.07017040252685547 0.012168645858764648 1373404 0
0.06200075149536133 0.011053800582885742 1373263 0
0.062375545501708984 0.012002944946289062 1373339 0
0.06192278861999512 0.010998249053955078 1373290 0
0.06222653388977051 0.011919736862182617 1373367 0
0.06435155868530273 0.014618158340454102 1373547 0
0.06195688247680664 0.01099705696105957 1373509 0
0.0661468505859375 0.012659072875976562 1373325 0
0.06361937522888184 0.012281656265258789 1373213 0
0.06290745735168457 0.01116323471069336 1373320 0
0.0617678165435791 0.010798454284667969 1373175 0
0.0624997615814209 0.011155128479003906 1373171 0
0.06363940238952637 0.012581825256347656 1373068 0
0.06187891960144043 0.011356830596923828 1372932 0
0.06187319755554199 0.011017560958862305 1372930 0
0.06273555755615234 0.012278556823730469 1372881 0
0.06436920166015625 0.012032508850097656 1372914 0
0.0648036003112793 0.011997699737548828 1373179 0
0.06376314163208008 0.011406660079956055 1373086 0
0.06708502769470215 0.013160943984985352 1373533 0
0.06529998779296875 0.012376546859741211 1373408 0
0.06057572364807129 0.01178884506225586 1373521 0
0.06617593765258789 0.012453556060791016 1373604 0
0.06635212898254395 0.011791706085205078 1373738 0
0.0635232925415039 0.011527538299560547 1373867 0
0.06659078598022461 0.012647867202758789 1373789 0
0.06611394882202148 0.01310420036315918 1373863 0
0.06546831130981445 0.013224363327026367 1373905 0
0.06266546249389648 0.012388944625854492 1373908 0
0.06620478630065918 0.013163089752197266 1373917 0
0.0624692440032959 0.012437582015991211 1374020 0
0.06214570999145508 0.011836767196655273 1373647 0
0.062236785888671875 0.011911153793334961 1373846 0
0.06211662292480469 0.012726306915283203 1373801 0
0.06225180625915527 0.010985136032104492 1373857 0
0.06241106986999512 0.011780738830566406 1373785 0
0.06315803527832031 0.01098942756652832 1373636 0
0.06534290313720703 0.012364864349365234 1373683 0
0.06294560432434082 0.011519670486450195 1373861 0
0.062067270278930664 0.010862112045288086 1373863 0
0.06286907196044922 0.010949134826660156 1373438 0
0.07190537452697754 0.012569904327392578 1373702 0
0.061248779296875 0.010959625244140625 1373648 0
0.0631711483001709 0.011334657669067383 1373533 0
0.0657954216003418 0.012958765029907227 1373509 0
0.0669252872467041 0.012933492660522461 1373569 0
0.06242775917053223 0.014177799224853516 1373494 0
0.0617673397064209 0.012459516525268555 1373301 0
0.06196856498718262 0.010840654373168945 1373377 0
0.06274127960205078 0.010972261428833008 1373375 0
0.06216835975646973 0.01095438003540039 1373323 0
0.06098151206970215 0.011892080307006836 1373352 0
0.06173062324523926 0.012866735458374023 1373297 0
0.06266641616821289 0.011568546295166016 1373146 0
0.06441617012023926 0.012665987014770508 1373395 0
0.06328606605529785 0.012242555618286133 1373360 0
0.06443262100219727 0.012349605560302734 1373345 0
0.06336259841918945 0.011719465255737305 1373214 0
0.06794929504394531 0.011952877044677734 1373319 0
0.06834697723388672 0.012293100357055664 1373354 0
0.06489849090576172 0.011965513229370117 1373340 0
0.06367158889770508 0.012035608291625977 1373295 0
0.06370806694030762 0.012848138809204102 1373232 0
0.06145930290222168 0.012066841125488281 1373320 0
0.0709083080291748 0.012684106826782227 1373430 0
