0.4366726875305176 0.1601567268371582 8331 0
0.44910311698913574 0.13660097122192383 8012 0
0.42908763885498047 0.14152026176452637 8482 0
0.44141268730163574 0.19011878967285156 8141 0
0.46030426025390625 0.1816694736480713 8505 0
0.4481635093688965 0.14266180992126465 9337 0
0.4112365245819092 0.1289217472076416 9072 0
0.4519340991973877 0.14450621604919434 8681 0
0.4446227550506592 0.15828871726989746 8889 0
0.43839526176452637 0.12835311889648438 8802 0
0.45664501190185547 0.12647175788879395 8408 0
0.44405293464660645 0.13819336891174316 8074 0
0.4502601623535156 0.1262836456298828 8740 0
0.445664644241333 0.1429905891418457 8602 0
0.4635426998138428 0.14051294326782227 6524 0
0.47760534286499023 0.13131999969482422 8291 0
0.44918370246887207 0.18660593032836914 7897 0
0.42521190643310547 0.14404582977294922 7620 0
0.4303746223449707 0.15515851974487305 7290 0
0.44908666610717773 0.14754557609558105 8089 0
0.4421963691711426 0.17780113220214844 7950 0
0.4492061138153076 0.14023542404174805 7507 0
0.4364626407623291 0.17355823516845703 8102 0
0.44333553314208984 0.1425011157989502 8805 0
0.4298088550567627 0.17377209663391113 8606 0
0.43677735328674316 0.1325688362121582 8380 0
0.45102810859680176 0.13646507263183594 7646 0
0.4512455463409424 0.13789725303649902 8335 0
0.4480319023132324 0.14313483238220215 8494 0
0.4465782642364502 0.1903674602508545 7719 0
0.452739953994751 0.1510636806488037 8201 0
0.4641530513763428 0.14579463005065918 8630 0
0.44791293144226074 0.13227581977844238 8206 0
0.4694993495941162 0.15476059913635254 8246 0
0.46041297912597656 0.14996671676635742 7778 0
0.4446258544921875 0.21288204193115234 9054 0
0.46575379371643066 0.1455385684967041 9522 0
0.45556163787841797 0.13408875465393066 9173 0
0.4449934959411621 0.1583559513092041 9535 0
0.44315099716186523 0.16316008567810059 8679 0
0.4374425411224365 0.14129233360290527 7733 0
0.44004368782043457 0.13834214210510254 7926 0
0.45993471145629883 0.13669180870056152 8935 0
0.42749500274658203 0.15078425407409668 8884 0
0.4427330493927002 0.21943902969360352 7048 0
0.456836462020874 0.16120696067810059 8495 0
0.4518599510192871 0.14288020133972168 8750 0
0.44951534271240234 0.1528310775756836 8291 0
0.4546027183532715 0.12491917610168457 8729 0
0.4574000835418701 0.1411581039428711 8575 0
0.437882661819458 0.19999241828918457 8518 0
0.4532613754272461 0.14915037155151367 8676 0
0.4081306457519531 0.15003299713134766 8840 0
0.4784243106842041 0.20563197135925293 8896 0
0.45534825325012207 0.1456303596496582 9375 0
0.4501218795776367 0.15034222602844238 8887 0
0.447190523147583 0.13948440551757812 8797 0
0.466188907623291 0.13650774955749512 9403 0
0.4551665782928467 0.17849230766296387 9107 0
0.4506649971008301 0.13817358016967773 8838 0
0.4196133613586426 0.12238287925720215 8770 0
0.44033145904541016 0.20743393898010254 8804 0
0.4598100185394287 0.17667937278747559 8498 0
0.44686460494995117 0.21817278861999512 8638 0
0.444439172744751 0.16995549201965332 8163 0
0.4544539451599121 0.1284468173980713 8442 0
0.44390344619750977 0.12411046028137207 8566 0
0.4471745491027832 0.18349051475524902 8767 0
0.43051838874816895 0.14889097213745117 8417 0
0.46193528175354004 0.17340373992919922 8532 0
0.4447054862976074 0.15947699546813965 8187 0
0.4380948543548584 0.12089037895202637 7808 0
0.45539402961730957 0.16743707656860352 8476 0
0.4298398494720459 0.13532423973083496 8260 0
0.43618226051330566 0.18779587745666504 6535 0
0.45034289360046387 0.12993693351745605 8633 0
0.4291255474090576 0.20116043090820312 8195 0
0.46451616287231445 0.14089155197143555 7903 0
0.45337986946105957 0.12944459915161133 8410 0
0.4653923511505127 0.18826651573181152 7975 0
0.4597616195678711 0.18320560455322266 8296 0
0.4414229393005371 0.19437885284423828 8803 0
0.46747803688049316 0.19419050216674805 8300 0
0.4437699317932129 0.12676525115966797 8405 0
0.44887447357177734 0.14409971237182617 9247 0
0.44136834144592285 0.14063572883605957 8783 0
0.4592735767364502 0.16097116470336914 7957 0
0.43941402435302734 0.17167186737060547 8633 0
0.4468193054199219 0.14350390434265137 8588 0
0.4454033374786377 0.1854689121246338 9021 0
0.46485280990600586 0.15427446365356445 8643 0
0.44362354278564453 0.14827895164489746 8706 0
0.4608302116394043 0.1411147117614746 8386 0
0.4365885257720947 0.14337801933288574 8247 0
0.4531888961791992 0.1675400733947754 8535 0
0.44089484214782715 0.14814019203186035 8515 0
0.44843125343322754 0.13847780227661133 6499 0
0.46207761764526367 0.14284944534301758 8480 0
0.4464545249938965 0.20888710021972656 8439 0
0.4456522464752197 0.18515944480895996 7837 0
0.43521690368652344 0.18138408660888672 8046 0
0.43253636360168457 0.17311859130859375 8149 0
0.47022414207458496 0.15160655975341797 8361 0
0.46286821365356445 0.1786506175994873 8853 0
0.44414353370666504 0.12226104736328125 8514 0
0.4496927261352539 0.13709235191345215 8696 0
0.46477532386779785 0.18040108680725098 9081 0
0.4269218444824219 0.14185595512390137 9267 0
0.45279669761657715 0.13780426979064941 9167 0
0.4591212272644043 0.17705917358398438 9364 0
0.4333186149597168 0.15958571434020996 8702 0
0.4403703212738037 0.14455509185791016 8655 0
0.4365990161895752 0.18169808387756348 9471 0
0.438201904296875 0.16442441940307617 9418 0
0.4478294849395752 0.13199257850646973 8405 0
0.43863582611083984 0.16095542907714844 8909 0
0.4256398677825928 0.1466996669769287 7415 0
0.4233429431915283 0.13073086738586426 9123 0
0.44034767150878906 0.14640045166015625 8870 0
0.435089111328125 0.13547945022583008 8879 0
0.4314846992492676 0.18112516403198242 8535 0
0.4382004737854004 0.20867657661437988 8534 0
0.4468700885772705 0.16581392288208008 8903 0
0.4364800453186035 0.12298941612243652 8053 0
0.4534640312194824 0.1327955722808838 8576 0
0.44855570793151855 0.14368724822998047 8739 0
0.430633544921875 0.1276707649230957 6621 0
0.46088624000549316 0.1714167594909668 8178 0
0.4579002857208252 0.13559985160827637 6967 0
0.4324808120727539 0.15617966651916504 7405 0
0.4492790699005127 0.2160196304321289 7911 0
0.41175293922424316 0.12836718559265137 7629 0
0.4397718906402588 0.18077301979064941 7592 0
0.4438347816467285 0.13997244834899902 8164 0
0.4420957565307617 0.21459221839904785 8182 0
0.4452860355377197 0.14880585670471191 8572 0
0.4343602657318115 0.19913387298583984 8513 0
0.42989587783813477 0.1690528392791748 8577 0
0.42679572105407715 0.13904738426208496 8356 0
0.43897271156311035 0.13838815689086914 8418 0
0.44672107696533203 0.13496088981628418 8510 0
0.4464700222015381 0.13696050643920898 8597 0
0.439985990524292 0.13492679595947266 8391 0
0.4413933753967285 0.13491511344909668 8445 0
0.4599747657775879 0.1976335048675537 8400 0
0.44484567642211914 0.12945055961608887 9258 0
0.45038700103759766 0.14957070350646973 8985 0
0.4437220096588135 0.19521188735961914 8486 0
0.44048619270324707 0.17329668998718262 7984 0
0.4286355972290039 0.15016627311706543 8268 0
0.4437105655670166 0.14826035499572754 9265 0
0.4448814392089844 0.14327383041381836 9870 0
0.43673086166381836 0.18555212020874023 9436 0
0.44618892669677734 0.16760778427124023 9032 0
0.4443087577819824 0.15029358863830566 9061 0
0.4461061954498291 0.1838545799255371 8670 0
0.4492151737213135 0.1750941276550293 6683 0
0.44034337997436523 0.21426153182983398 7980 0
0.4544506072998047 0.1820831298828125 8428 0
0.44928574562072754 0.16276001930236816 7420 0
0.44416165351867676 0.21010065078735352 7299 0
0.4503364562988281 0.13906311988830566 7357 0
0.442582368850708 0.18869328498840332 7088 0
0.42317795753479004 0.13785815238952637 7126 0
0.43920111656188965 0.1655728816986084 7846 0
0.4558136463165283 0.17609858512878418 7489 0
0.4501464366912842 0.12998151779174805 7493 0
0.4583868980407715 0.13518238067626953 8348 0
0.4455134868621826 0.1439058780670166 7980 0
0.4623234272003174 0.22048568725585938 9003 0
0.4597654342651367 0.17628836631774902 7726 0
0.43854236602783203 0.19519495964050293 8691 0
0.4565925598144531 0.2006690502166748 8583 0
0.43723106384277344 0.1693284511566162 8665 0
0.4462285041809082 0.15921545028686523 8604 0
0.43878817558288574 0.2199413776397705 8859 0
0.47874951362609863 0.12815523147583008 7737 0
0.44405364990234375 0.14585375785827637 8717 0
0.45179128646850586 0.2160959243774414 8970 0
0.4169178009033203 0.1236426830291748 8763 0
0.4207613468170166 0.1407909393310547 8359 0
0.4550197124481201 0.1854262351989746 8239 0
0.46206116676330566 0.15930628776550293 8160 0
0.46585559844970703 0.13799023628234863 8336 0
0.44814348220825195 0.13690567016601562 8347 0
0.4412574768066406 0.13750076293945312 8372 0
0.45659375190734863 0.20132207870483398 6393 0
0.466998815536499 0.1335926055908203 8669 0
0.46456170082092285 0.16368532180786133 8813 0
0.44106316566467285 0.1442399024963379 8172 0
0.44553232192993164 0.14770150184631348 8227 0
0.4345400333404541 0.14936327934265137 8494 0
0.46407175064086914 0.1411149501800537 8692 0
0.4602475166320801 0.1366424560546875 8786 0
0.43854522705078125 0.15496540069580078 8656 0
0.4517707824707031 0.20764970779418945 8675 0
0.4711344242095947 0.1431901454925537 8477 0
0.433394193649292 0.1410813331604004 8764 0
0.4330871105194092 0.1763768196105957 8874 0
0.44869184494018555 0.1523418426513672 8711 0
0.46085262298583984 0.1416001319885254 8748 0
0.4267456531524658 0.1931304931640625 7243 0
0.40384340286254883 0.19453120231628418 6878 0
0.4361855983734131 0.2268836498260498 6929 0
0.42328405380249023 0.13694429397583008 6703 0
0.443817138671875 0.14772915840148926 7461 0
0.4401664733886719 0.1780872344970703 6792 0
0.4520576000213623 0.12976765632629395 7104 0
0.4351460933685303 0.17204523086547852 7251 0
0.4157521724700928 0.14336133003234863 7295 0
0.45725464820861816 0.1525280475616455 7287 0
0.44002509117126465 0.19003939628601074 7988 0
0.4743313789367676 0.1567997932434082 7193 0
0.44292569160461426 0.2223818302154541 7105 0
0.4758007526397705 0.17585468292236328 6847 0
0.4439692497253418 0.13987350463867188 6644 0
0.4554009437561035 0.14368534088134766 6843 0
0.43457841873168945 0.21666526794433594 6140 0
0.4270787239074707 0.13573122024536133 6797 0
0.44016075134277344 0.1470623016357422 7084 0
0.4407496452331543 0.14308881759643555 7139 0
0.4460179805755615 0.12702083587646484 7143 0
0.44594383239746094 0.13928961753845215 7122 0
0.43384432792663574 0.14115428924560547 7138 0
0.43463778495788574 0.1703956127166748 7279 0
0.4133942127227783 0.15897345542907715 6906 0
0.4155869483947754 0.16859960556030273 6851 0
0.4429056644439697 0.1944718360900879 7135 0
0.4426438808441162 0.2176058292388916 6893 0
0.4047527313232422 0.16088104248046875 6981 0
0.430835485458374 0.16336941719055176 7957 0
0.42875170707702637 0.18403124809265137 6895 0
0.4421083927154541 0.18762636184692383 6947 0
0.46300673484802246 0.14004039764404297 6843 0
0.45345449447631836 0.14248991012573242 7242 0
0.4178311824798584 0.12562108039855957 7339 0
0.4562690258026123 0.1435074806213379 6873 0
0.4315831661224365 0.20169281959533691 7002 0
0.4411447048187256 0.1715226173400879 6997 0
0.44301557540893555 0.1535196304321289 6752 0
0.42760539054870605 0.14375758171081543 6709 0
0.43955016136169434 0.1409745216369629 6862 0
0.459667444229126 0.13808250427246094 7431 0
0.44455695152282715 0.1280841827392578 6817 0
0.44839906692504883 0.13020730018615723 7014 0
0.445436954498291 0.21334290504455566 7272 0
0.469301700592041 0.1678006649017334 7053 0
0.45127224922180176 0.1555948257446289 6793 0
0.46274495124816895 0.12636089324951172 7070 0
0.4213559627532959 0.15975379943847656 7060 0
0.46001648902893066 0.15514492988586426 7087 0
0.44916868209838867 0.14513230323791504 7129 0
0.4383702278137207 0.1651289463043213 6913 0
0.4152357578277588 0.13823270797729492 7042 0
0.44785189628601074 0.1884608268737793 7255 0
0.4272284507751465 0.139387845993042 6958 0
0.4342968463897705 0.14136648178100586 7278 0
0.4402191638946533 0.1459484100341797 6838 0
0.4620981216430664 0.1866447925567627 6677 0
0.3698902130126953 0.18250823020935059 6848 0
0.4590888023376465 0.1701972484588623 6954 0
0.44977235794067383 0.19685792922973633 7070 0
0.4468204975128174 0.13895797729492188 7218 0
0.4497058391571045 0.13801789283752441 6944 0
0.46016764640808105 0.14194011688232422 7300 0
0.43749237060546875 0.2010514736175537 7201 0
0.4629817008972168 0.1342329978942871 7184 0
0.45799732208251953 0.17211699485778809 7201 0
0.4423637390136719 0.14633846282958984 7105 0
0.451251745223999 0.15403413772583008 7378 0
0.4662151336669922 0.18805551528930664 7190 0
0.4590601921081543 0.1421971321105957 7095 0
0.4495842456817627 0.17592406272888184 7799 0
0.43013715744018555 0.13371658325195312 8188 0
0.4631500244140625 0.12515735626220703 7995 0
0.43635034561157227 0.16703414916992188 7480 0
0.4439516067504883 0.17262053489685059 9031 0
0.4472932815551758 0.1460120677947998 8260 0
0.4669992923736572 0.14281892776489258 8873 0
0.4358086585998535 0.13674306869506836 8563 0
0.42983579635620117 0.1472339630126953 8179 0
0.4638979434967041 0.15230751037597656 8184 0
0.4590630531311035 0.16861677169799805 8577 0
0.4425675868988037 0.13698482513427734 8463 0
0.4207935333251953 0.1529865264892578 8165 0
0.4673311710357666 0.15572762489318848 7853 0
0.4601914882659912 0.13734984397888184 7190 0
0.4759206771850586 0.13987493515014648 7297 0
0.44808006286621094 0.1506366729736328 6933 0
0.45995235443115234 0.14803004264831543 7078 0
0.4706435203552246 0.1309065818786621 7426 0
0.43612027168273926 0.15117096900939941 6947 0
0.4466855525970459 0.19603729248046875 7235 0
0.43787097930908203 0.1307966709136963 7497 0
0.4406144618988037 0.14055609703063965 7360 0
0.45461297035217285 0.15016555786132812 7319 0
0.4557769298553467 0.134505033493042 7104 0
0.44759082794189453 0.13580083847045898 7204 0
0.4357028007507324 0.2326955795288086 7085 0
0.44136977195739746 0.15857934951782227 5806 0
0.4615135192871094 0.12705683708190918 7648 0
0.4681706428527832 0.18656587600708008 7298 0
0.4414031505584717 0.1259605884552002 7040 0
0.40795111656188965 0.14288640022277832 7547 0
0.44439148902893066 0.14356303215026855 7263 0
0.44304704666137695 0.14880633354187012 7464 0
0.4367949962615967 0.1278541088104248 7333 0
0.4422481060028076 0.1349623203277588 7150 0
0.44215869903564453 0.18767309188842773 7038 0
0.4461379051208496 0.18293547630310059 7065 0
0.4269580841064453 0.15328240394592285 6904 0
0.45047926902770996 0.2048027515411377 7046 0
0.45044875144958496 0.21006059646606445 7263 0
0.44976162910461426 0.14033818244934082 7266 0
0.4510781764984131 0.19484305381774902 7222 0
0.43097591400146484 0.1218271255493164 7202 0
0.44906044006347656 0.16117453575134277 7320 0
0.452409029006958 0.2006528377532959 6887 0
0.45159387588500977 0.13090205192565918 7090 0
0.443347692489624 0.1273636817932129 7042 0
0.4627838134765625 0.1526470184326172 7021 0
0.4471101760864258 0.1680598258972168 7067 0
0.4389965534210205 0.13556909561157227 6671 0
0.44501161575317383 0.12911176681518555 7118 0
0.4456644058227539 0.15485262870788574 6905 0
0.435197114944458 0.13301444053649902 6833 0
0.4612584114074707 0.17878246307373047 6860 0
0.4475255012512207 0.18751215934753418 7334 0
0.438950777053833 0.19421863555908203 7303 0
0.4343276023864746 0.14617681503295898 5825 0
0.4344806671142578 0.14463233947753906 7107 0
0.44490623474121094 0.13500738143920898 7352 0
0.4405694007873535 0.13396763801574707 6929 0
0.4651601314544678 0.13128066062927246 7670 0
0.4301910400390625 0.1380932331085205 8658 0
0.4279749393463135 0.14194917678833008 7535 0
0.43268322944641113 0.1674966812133789 7656 0
0.43240833282470703 0.1645193099975586 7557 0
0.448106050491333 0.16204595565795898 7263 0
0.4654984474182129 0.1302015781402588 7215 0
0.44745349884033203 0.1248314380645752 7315 0
0.44374847412109375 0.21401453018188477 7410 0
0.4293949604034424 0.13770389556884766 7330 0
0.4480321407318115 0.14173316955566406 7378 0
0.44271183013916016 0.143326997756958 7434 0
0.44329380989074707 0.14137887954711914 7248 0
0.43551015853881836 0.166259765625 7381 0
0.44449567794799805 0.13486504554748535 7342 0
0.41461610794067383 0.13573122024536133 7297 0
0.4428415298461914 0.19557571411132812 7225 0
0.42879199981689453 0.1621553897857666 6980 0
0.43480563163757324 0.13936376571655273 7143 0
0.4242079257965088 0.13620758056640625 7157 0
0.43947505950927734 0.21436834335327148 7542 0
0.4387087821960449 0.1419992446899414 7354 0
0.4389774799346924 0.20332980155944824 6996 0
0.43375253677368164 0.1770801544189453 6974 0
0.4185769557952881 0.13189077377319336 7627 0
0.4524819850921631 0.1723785400390625 7338 0
0.4300553798675537 0.14802241325378418 5593 0
0.44945740699768066 0.1607990264892578 6967 0
0.4374566078186035 0.15947914123535156 7320 0
0.4441654682159424 0.11922001838684082 6809 0
0.45429277420043945 0.15743708610534668 7571 0
0.46660614013671875 0.13864517211914062 7541 0
0.4223058223724365 0.1222984790802002 6501 0
0.44763898849487305 0.1416468620300293 5806 0
0.43799424171447754 0.16510868072509766 7032 0
0.4413416385650635 0.16050052642822266 7496 0
0.46772098541259766 0.18215084075927734 7974 0
0.45574402809143066 0.12848210334777832 7735 0
0.46521878242492676 0.14635062217712402 7518 0
0.44484972953796387 0.18046140670776367 7848 0
0.4495542049407959 0.13779497146606445 7638 0
0.45549678802490234 0.132857084274292 7424 0
0.4624457359313965 0.14344191551208496 6091 0
0.3838322162628174 0.17432260513305664 5851 0
0.4544236660003662 0.1484355926513672 7519 0
0.4434950351715088 0.13239049911499023 7555 0
0.41965413093566895 0.15398502349853516 7418 0
0.4453768730163574 0.1602649688720703 7343 0
0.4495580196380615 0.14563441276550293 7400 0
0.44374966621398926 0.16837501525878906 7329 0
0.4482545852661133 0.12179875373840332 7803 0
0.42032456398010254 0.14733147621154785 7620 0
0.44174623489379883 0.20776104927062988 7683 0
0.4454481601715088 0.20433616638183594 7178 0
0.4572293758392334 0.20964884757995605 7642 0
0.45357275009155273 0.14891362190246582 7613 0
0.4497847557067871 0.2367856502532959 6587 0
0.43331313133239746 0.13989615440368652 7684 0
0.464935302734375 0.14195752143859863 7807 0
0.4393336772918701 0.20405197143554688 7560 0
0.4276440143585205 0.1405644416809082 7650 0
0.4286353588104248 0.17404627799987793 7640 0
0.43749284744262695 0.14483165740966797 7319 0
0.4439365863800049 0.19703078269958496 7139 0
0.46979570388793945 0.20899343490600586 7443 0
0.4491899013519287 0.14281797409057617 7055 0
0.4454009532928467 0.20307660102844238 7161 0
0.45862793922424316 0.13962101936340332 7626 0
0.4408588409423828 0.19493961334228516 7168 0
0.48300743103027344 0.1735234260559082 7329 0
0.45003390312194824 0.17920589447021484 7299 0
0.4349334239959717 0.20598745346069336 7604 0
0.4365203380584717 0.17827868461608887 7822 0
0.44634461402893066 0.13501358032226562 7237 0
0.44787168502807617 0.12530231475830078 7012 0
0.43099498748779297 0.15467166900634766 7190 0
0.44930315017700195 0.14674687385559082 7166 0
0.4368720054626465 0.12524962425231934 5697 0
0.4307129383087158 0.19368863105773926 7083 0
0.44359898567199707 0.2067117691040039 7408 0
0.4463942050933838 0.13548588752746582 6946 0
0.4722630977630615 0.12443208694458008 7253 0
0.44556736946105957 0.1339716911315918 7238 0
0.41598057746887207 0.1584794521331787 7063 0
0.46265268325805664 0.14316868782043457 6985 0
0.44594812393188477 0.13278579711914062 7224 0
0.43502378463745117 0.1728363037109375 7350 0
0.4295341968536377 0.1416945457458496 7801 0
0.4421861171722412 0.1904609203338623 7524 0
0.43969297409057617 0.1443479061126709 7145 0
0.4594993591308594 0.15198040008544922 7957 0
0.4381439685821533 0.18441271781921387 7182 0
0.4595773220062256 0.13568544387817383 7264 0
0.4425816535949707 0.13889789581298828 7725 0
0.4334442615509033 0.20627045631408691 7680 0
0.4423704147338867 0.20550131797790527 7257 0
0.42624926567077637 0.1425635814666748 7134 0
0.455669641494751 0.15670156478881836 7383 0
0.44248056411743164 0.14575862884521484 8043 0
0.4399144649505615 0.1426236629486084 8175 0
0.4418494701385498 0.13790297508239746 7445 0
0.45259737968444824 0.1448068618774414 7777 0
0.46053075790405273 0.1389625072479248 7363 0
0.4390273094177246 0.17162179946899414 7479 0
0.44930028915405273 0.13164258003234863 7035 0
0.43846654891967773 0.14643049240112305 7302 0
0.4401116371154785 0.1553046703338623 7641 0
0.4575624465942383 0.21920275688171387 5958 0
0.435213565826416 0.19876766204833984 7548 0
0.45981574058532715 0.20996761322021484 7645 0
0.45514464378356934 0.13646984100341797 7249 0
0.4284384250640869 0.1255054473876953 7903 0
0.4409754276275635 0.1396942138671875 7678 0
0.4356808662414551 0.20054388046264648 7992 0
0.4419877529144287 0.2120037078857422 7307 0
0.4480457305908203 0.14825773239135742 7222 0
0.45685338973999023 0.1684269905090332 7814 0
0.45909810066223145 0.1779470443725586 7280 0
0.437511682510376 0.16675543785095215 7628 0
0.45056748390197754 0.15605878829956055 7529 0
0.4446682929992676 0.20263266563415527 7512 0
0.46129679679870605 0.13574719429016113 7372 0
0.44901084899902344 0.14028620719909668 7446 0
0.4462003707885742 0.14421415328979492 7248 0
0.4498016834259033 0.14208292961120605 8160 0
0.4431736469268799 0.12292718887329102 7643 0
0.4587693214416504 0.1349773406982422 8063 0
0.4439201354980469 0.16332316398620605 7575 0
0.4678187370300293 0.17772388458251953 8264 0
0.42039060592651367 0.18213963508605957 7743 0
0.46193599700927734 0.16989994049072266 7433 0
0.4180309772491455 0.15320181846618652 7587 0
0.43416261672973633 0.13321638107299805 7479 0
0.4426608085632324 0.16069960594177246 7380 0
0.4581887722015381 0.14327168464660645 7165 0
0.45909595489501953 0.13872694969177246 7834 0
0.44347524642944336 0.13027071952819824 7164 0
0.39481067657470703 0.14425301551818848 5911 0
0.44939732551574707 0.13289594650268555 7030 0
0.4359588623046875 0.13921856880187988 7322 0
0.4295542240142822 0.14594388008117676 7083 0
0.47026705741882324 0.16444635391235352 7165 0
0.4590182304382324 0.19509267807006836 7584 0
0.46717381477355957 0.13278794288635254 7864 0
0.43042802810668945 0.1818256378173828 7305 0
0.43590450286865234 0.14167022705078125 7337 0
0.4640359878540039 0.1331157684326172 7462 0
0.4689209461212158 0.16428232192993164 7350 0
0.46172070503234863 0.16443419456481934 7281 0
0.4417288303375244 0.1424555778503418 8066 0
0.43486785888671875 0.1279315948486328 7337 0
0.4439668655395508 0.21770167350769043 7583 0
0.45751285552978516 0.13658928871154785 7512 0
0.4549984931945801 0.1406106948852539 7343 0
0.43025970458984375 0.13943243026733398 7163 0
0.43021631240844727 0.19177007675170898 6700 0
0.43102407455444336 0.1746504306793213 7685 0
0.4388303756713867 0.19840264320373535 7193 0
0.4161362648010254 0.13819336891174316 7528 0
0.4326322078704834 0.19281935691833496 7202 0
0.4340035915374756 0.15190482139587402 7914 0
0.44267916679382324 0.15463018417358398 7917 0
0.44886183738708496 0.13262701034545898 8238 0
0.4329643249511719 0.20287704467773438 7588 0
0.43500208854675293 0.20536231994628906 6647 0
0.4540574550628662 0.14342617988586426 7518 0
0.4275059700012207 0.13576221466064453 6882 0
0.43337535858154297 0.21410536766052246 5709 0
0.4378855228424072 0.1751861572265625 7033 0
0.4481818675994873 0.196502685546875 7427 0
0.47302842140197754 0.1609184741973877 6954 0
0.438748836517334 0.16093778610229492 6914 0
0.4589970111846924 0.20143556594848633 6832 0
0.44452834129333496 0.2002096176147461 7178 0
0.43827295303344727 0.20348715782165527 7433 0
0.4642965793609619 0.1730494499206543 7322 0
0.4381229877471924 0.19515323638916016 7345 0
0.46300387382507324 0.13295412063598633 7122 0
0.4131581783294678 0.14141607284545898 6847 0
0.4127645492553711 0.14543485641479492 6860 0
0.4421722888946533 0.13443470001220703 6572 0
0.46681666374206543 0.1370856761932373 6655 0
0.45542430877685547 0.1294693946838379 6604 0
0.43983912467956543 0.19362187385559082 6909 0
0.4444558620452881 0.12610435485839844 7408 0
0.44271063804626465 0.2108461856842041 7625 0
0.4398074150085449 0.153975248336792 7789 0
0.4592552185058594 0.23615241050720215 7126 0
0.45320653915405273 0.1256880760192871 7707 0
0.44873666763305664 0.1293942928314209 7152 0
0.45804715156555176 0.12308621406555176 6801 0
0.43897175788879395 0.1590285301208496 6757 0
0.4235522747039795 0.14254307746887207 7258 0
0.4283163547515869 0.13332414627075195 7254 0
0.4580063819885254 0.1706082820892334 6419 0
0.41798901557922363 0.1526198387145996 7625 0
0.440532922744751 0.1705610752105713 7340 0
0.4388878345489502 0.1376807689666748 5886 0
0.4585597515106201 0.1268141269683838 6766 0
0.43174076080322266 0.20712637901306152 7899 0
0.4422786235809326 0.14251303672790527 6931 0
0.4301316738128662 0.1361246109008789 6889 0
0.4170823097229004 0.14673542976379395 7351 0
0.43065977096557617 0.18950176239013672 7094 0
0.4248311519622803 0.14764761924743652 6966 0
0.443256139755249 0.1918954849243164 7530 0
0.42107677459716797 0.13405919075012207 7398 0
0.4317333698272705 0.14673089981079102 5552 0
0.43206310272216797 0.14774727821350098 7136 0
0.4502561092376709 0.11901688575744629 7593 0
0.4260447025299072 0.14682960510253906 7634 0
0.4267771244049072 0.1449291706085205 7409 0
0.43927955627441406 0.2283625602722168 8031 0
0.46271443367004395 0.14452862739562988 7710 0
0.4312138557434082 0.13599181175231934 8246 0
0.4397156238555908 0.1995558738708496 7898 0
0.4447505474090576 0.13766217231750488 7351 0
0.44591760635375977 0.16653704643249512 7332 0
0.445526123046875 0.12875676155090332 7546 0
0.4329490661621094 0.16986393928527832 7659 0
0.4599781036376953 0.1477832794189453 7732 0
0.45291852951049805 0.1814560890197754 7705 0
0.45432400703430176 0.17321562767028809 7767 0
0.43740367889404297 0.21989893913269043 6688 0
0.451749324798584 0.17030024528503418 7200 0
0.44583797454833984 0.12262582778930664 7542 0
0.44245219230651855 0.12942242622375488 7416 0
0.4339742660522461 0.18904447555541992 7253 0
0.43688130378723145 0.21007442474365234 7882 0
0.43943166732788086 0.17703795433044434 7218 0
0.4488842487335205 0.1417076587677002 7506 0
0.44434666633605957 0.18511438369750977 7583 0
0.44690489768981934 0.13318824768066406 7238 0
0.44931578636169434 0.13461017608642578 7253 0
0.44437670707702637 0.1427927017211914 6645 0
0.42847204208374023 0.17146611213684082 7640 0
0.43324899673461914 0.14905643463134766 7442 0
0.4392268657684326 0.14168787002563477 7684 0
0.4266951084136963 0.19123291969299316 7281 0
0.433459997177124 0.14653658866882324 7696 0
0.43152618408203125 0.1584174633026123 7106 0
0.457348108291626 0.15671753883361816 7104 0
0.4432861804962158 0.12887811660766602 7599 0
0.44524407386779785 0.18355035781860352 6612 0
0.456021785736084 0.13475275039672852 7700 0
0.4508523941040039 0.21052169799804688 7395 0
0.4468839168548584 0.14984750747680664 5386 0
0.44205164909362793 0.2235426902770996 7294 0
0.4443929195404053 0.15373992919921875 7078 0
0.43906235694885254 0.14305520057678223 7207 0
0.44605231285095215 0.14536190032958984 7104 0
0.4447317123413086 0.15965914726257324 6980 0
0.43892979621887207 0.1485445499420166 7786 0
0.4418635368347168 0.17744708061218262 7529 0
0.44159984588623047 0.12644147872924805 8278 0
0.44367504119873047 0.13975262641906738 8024 0
0.44906044006347656 0.17949509620666504 7347 0
0.43444108963012695 0.18609905242919922 7490 0
0.42697596549987793 0.1958169937133789 7465 0
0.4376702308654785 0.12867116928100586 7638 0
0.44632482528686523 0.13812780380249023 7412 0
0.4121873378753662 0.1405797004699707 7414 0
0.4361076354980469 0.14552974700927734 7397 0
0.4303097724914551 0.144911527633667 7909 0
0.446791410446167 0.14602398872375488 7866 0
0.446608304977417 0.1355290412902832 7209 0
0.43329954147338867 0.1372675895690918 7836 0
0.432051420211792 0.21295976638793945 6782 0
0.4587550163269043 0.15279698371887207 7169 0
0.4520912170410156 0.1382732391357422 7037 0
0.46128296852111816 0.15419793128967285 7189 0
0.43126583099365234 0.12703680992126465 7505 0
0.4438514709472656 0.16662096977233887 8210 0
0.4351632595062256 0.20074105262756348 8627 0
0.4514009952545166 0.17377042770385742 8049 0
0.46520328521728516 0.14310979843139648 8302 0
0.4639759063720703 0.12997102737426758 7850 0
0.45244646072387695 0.1666114330291748 8228 0
0.4437413215637207 0.13983416557312012 8256 0
0.4430828094482422 0.12804484367370605 8721 0
0.4570298194885254 0.1327676773071289 8658 0
0.4418787956237793 0.13310599327087402 7892 0
0.45401430130004883 0.13877439498901367 9206 0
0.45229578018188477 0.16723966598510742 8046 0
0.43387579917907715 0.18955206871032715 8300 0
0.4341609477996826 0.1922762393951416 8842 0
0.4272630214691162 0.19892358779907227 8124 0
0.42180728912353516 0.1429455280303955 8410 0
0.43095874786376953 0.1711881160736084 8153 0
0.46542835235595703 0.13864421844482422 7068 0
0.4495110511779785 0.16809964179992676 7981 0
0.4610483646392822 0.1515347957611084 7942 0
0.45278286933898926 0.20033693313598633 7905 0
0.4488048553466797 0.1263582706451416 8655 0
0.43354129791259766 0.1264181137084961 8677 0
0.44559240341186523 0.21350836753845215 8335 0
0.4237186908721924 0.1367950439453125 8196 0
0.4367334842681885 0.17481350898742676 8561 0
0.4435849189758301 0.14191508293151855 8498 0
0.43115782737731934 0.13829731941223145 7072 0
0.4335346221923828 0.1779935359954834 8163 0
0.45125722885131836 0.13178300857543945 7642 0
0.4443371295928955 0.1361076831817627 8850 0
0.446622371673584 0.19813013076782227 8686 0
0.46181249618530273 0.18250441551208496 8332 0
0.46945714950561523 0.17822623252868652 8967 0
0.466141939163208 0.13388657569885254 8776 0
0.4427189826965332 0.13991332054138184 8566 0
0.44264841079711914 0.1430213451385498 9022 0
0.45204973220825195 0.18224740028381348 8466 0
0.42967653274536133 0.13079547882080078 8450 0
0.43598031997680664 0.14615988731384277 8927 0
0.4338512420654297 0.1497056484222412 8128 0
0.43983983993530273 0.18522024154663086 8624 0
0.4448375701904297 0.1425309181213379 8150 0
0.4598555564880371 0.14496779441833496 8030 0
0.45673513412475586 0.23438167572021484 7887 0
0.46705079078674316 0.1330263614654541 8267 0
0.44270873069763184 0.13232946395874023 9078 0
0.4376981258392334 0.1223607063293457 6967 0
0.43651652336120605 0.14583826065063477 8229 0
0.4307539463043213 0.13426518440246582 9266 0
0.4281468391418457 0.1689751148223877 9008 0
0.44518351554870605 0.16645407676696777 8295 0
0.45333385467529297 0.13193106651306152 8078 0
0.3994441032409668 0.12381505966186523 8064 0
0.46254587173461914 0.1298377513885498 7642 0
0.4536435604095459 0.15555238723754883 8206 0
0.44821715354919434 0.20304083824157715 8902 0
0.4304239749908447 0.13830065727233887 6822 0
0.43470048904418945 0.1334230899810791 8654 0
0.4483175277709961 0.14608335494995117 8210 0
0.4236471652984619 0.13058757781982422 8458 0
0.4678304195404053 0.13776683807373047 8847 0
0.4479503631591797 0.1361231803894043 8424 0
0.44103097915649414 0.14728331565856934 8475 0
0.43526244163513184 0.13542890548706055 8851 0
0.45046544075012207 0.14385128021240234 8721 0
0.4477670192718506 0.20713233947753906 8657 0
0.4462249279022217 0.1430368423461914 8691 0
0.44592809677124023 0.18636178970336914 8337 0
0.434798002243042 0.1369013786315918 7831 0
0.44563889503479004 0.12886571884155273 8237 0
0.42622995376586914 0.12840986251831055 8590 0
0.4309208393096924 0.2129969596862793 8683 0
0.4503638744354248 0.1338942050933838 8360 0
0.422135591506958 0.19440793991088867 7961 0
0.43816518783569336 0.21096301078796387 9286 0
0.46096181869506836 0.13730740547180176 8547 0
0.40453076362609863 0.12991690635681152 7662 0
0.45881009101867676 0.16718840599060059 8710 0
0.4532632827758789 0.15465140342712402 8663 0
0.4556899070739746 0.17060422897338867 8623 0
0.4448208808898926 0.1499650478363037 8000 0
0.4238307476043701 0.1512892246246338 8382 0
0.45177412033081055 0.1832132339477539 8500 0
0.4396021366119385 0.1337885856628418 8588 0
0.44470930099487305 0.13992547988891602 8599 0
0.44794368743896484 0.13919925689697266 8349 0
0.44269609451293945 0.13141536712646484 5950 0
0.44887518882751465 0.15348577499389648 7629 0
0.43659520149230957 0.15918469429016113 8025 0
0.4396216869354248 0.18688082695007324 7122 0
0.4373307228088379 0.20881366729736328 8136 0
0.4451103210449219 0.20453786849975586 7460 0
0.45467090606689453 0.13545870780944824 8144 0
0.44951939582824707 0.17588138580322266 7651 0
0.4623889923095703 0.14370322227478027 8297 0
0.45642638206481934 0.14465546607971191 8234 0
0.4628183841705322 0.18456220626831055 7229 0
0.44725871086120605 0.13761353492736816 8084 0
0.450761079788208 0.1264021396636963 6789 0
0.4277949333190918 0.1371006965637207 7189 0
0.4460639953613281 0.15194225311279297 8268 0
0.44928717613220215 0.1462101936340332 8138 0
0.4280514717102051 0.20634818077087402 7859 0
0.4413723945617676 0.13759613037109375 7692 0
0.4394245147705078 0.22347283363342285 7546 0
0.45891308784484863 0.1871187686920166 7668 0
0.44876742362976074 0.13148117065429688 7185 0
0.4359550476074219 0.12347769737243652 7666 0
0.44603633880615234 0.1305396556854248 7822 0
0.4419713020324707 0.20649003982543945 8147 0
0.43900561332702637 0.1551988124847412 7905 0
0.4362983703613281 0.13638830184936523 7942 0
0.44312024116516113 0.18932819366455078 8342 0
0.43507862091064453 0.12470340728759766 7497 0
0.4373207092285156 0.15137338638305664 7658 0
0.4460434913635254 0.1320054531097412 8040 0
0.4242258071899414 0.14022541046142578 5708 0
0.4445970058441162 0.17321109771728516 8143 0
0.43814659118652344 0.14429712295532227 7709 0
0.4543600082397461 0.18509888648986816 7366 0
0.44078850746154785 0.2045602798461914 8452 0
0.4712686538696289 0.18262743949890137 7590 0
0.4487125873565674 0.17699885368347168 7622 0
0.4375133514404297 0.1545875072479248 7957 0
0.44806694984436035 0.15849018096923828 7783 0
0.4509308338165283 0.1448836326599121 7979 0
0.44921088218688965 0.14862728118896484 7940 0
0.39896512031555176 0.1694810390472412 7820 0
0.44286131858825684 0.20274925231933594 7064 0
0.4637417793273926 0.17166972160339355 7976 0
0.4628260135650635 0.14904379844665527 7954 0
0.45056700706481934 0.14780664443969727 8141 0
0.4451572895050049 0.12601685523986816 8108 0
0.4514899253845215 0.14392948150634766 7965 0
0.46558475494384766 0.13938093185424805 8276 0
0.41833019256591797 0.15378308296203613 7992 0
0.43733644485473633 0.1885509490966797 7088 0
0.4403722286224365 0.15198779106140137 7758 0
0.4629843235015869 0.13989877700805664 8116 0
0.44713687896728516 0.19391274452209473 8021 0
0.4156367778778076 0.13505125045776367 7887 0
0.45268702507019043 0.17952752113342285 8328 0
0.43918609619140625 0.19440674781799316 7805 0
0.4513814449310303 0.20516419410705566 7619 0
0.44337940216064453 0.13564205169677734 7903 0
0.43741846084594727 0.18190765380859375 7681 0
0.4349699020385742 0.1448533535003662 5962 0
0.4438803195953369 0.21766161918640137 7753 0
0.40670275688171387 0.14302277565002441 6712 0
0.453690767288208 0.21117019653320312 7413 0
0.46573376655578613 0.14530587196350098 7836 0
0.44937825202941895 0.13384294509887695 8053 0
0.4396648406982422 0.1407172679901123 7743 0
0.4412856101989746 0.18297195434570312 8298 0
0.4330101013183594 0.14333081245422363 7614 0
0.40399670600891113 0.17402172088623047 7857 0
0.4545280933380127 0.1523125171661377 7901 0
0.4666290283203125 0.1615123748779297 7663 0
0.4569065570831299 0.18540596961975098 7194 0
0.44998955726623535 0.1474463939666748 8276 0
0.4400613307952881 0.18867850303649902 7779 0
0.4318690299987793 0.14409136772155762 7967 0
0.43512892723083496 0.20111966133117676 7803 0
0.4305083751678467 0.14288711547851562 7850 0
0.4375302791595459 0.18998932838439941 7863 0
0.4416999816894531 0.19287538528442383 7619 0
0.43625402450561523 0.18493080139160156 6702 0
0.4483461380004883 0.14648652076721191 7838 0
0.4436147212982178 0.1378798484802246 7857 0
0.42278289794921875 0.14734411239624023 8188 0
0.4279627799987793 0.15801477432250977 7739 0
0.45223283767700195 0.1285548210144043 7736 0
0.4444620609283447 0.18979930877685547 7681 0
0.44226622581481934 0.14824271202087402 7170 0
0.4593687057495117 0.16081929206848145 7564 0
0.4513528347015381 0.13274121284484863 7561 0
0.4465763568878174 0.13040375709533691 6319 0
0.4549565315246582 0.15932440757751465 7786 0
0.4498865604400635 0.13525962829589844 6831 0
0.4334893226623535 0.13428688049316406 7799 0
0.43070268630981445 0.13704133033752441 7933 0
0.4424421787261963 0.12172389030456543 7961 0
0.49964070320129395 0.13785743713378906 8328 0
0.4457838535308838 0.12949371337890625 8356 0
0.4339108467102051 0.16466736793518066 7908 0
0.44202542304992676 0.1625075340270996 8246 0
0.4417250156402588 0.1271049976348877 7910 0
0.4465010166168213 0.1848289966583252 8051 0
0.43762779235839844 0.13485932350158691 7358 0
0.4502067565917969 0.15332388877868652 7770 0
0.42627620697021484 0.13488984107971191 7749 0
0.41261935234069824 0.16421914100646973 8196 0
0.43531298637390137 0.18137335777282715 8073 0
0.4269397258758545 0.1372981071472168 7967 0
0.4604218006134033 0.21308255195617676 7746 0
0.4498107433319092 0.13498425483703613 7566 0
0.4505910873413086 0.13844966888427734 7287 0
0.44858860969543457 0.15009474754333496 7688 0
0.4380607604980469 0.1625347137451172 8491 0
0.4489712715148926 0.14477133750915527 8390 0
0.4525027275085449 0.13048601150512695 8926 0
0.43926286697387695 0.12142014503479004 9211 0
0.442044734954834 0.1382918357849121 8887 0
0.4465150833129883 0.12907099723815918 8809 0
0.46210408210754395 0.17057204246520996 8984 0
0.4453701972961426 0.14209246635437012 8450 0
0.43274617195129395 0.14171886444091797 8504 0
0.40052127838134766 0.15880155563354492 8883 0
0.43178820610046387 0.12221240997314453 8365 0
0.44156432151794434 0.18387317657470703 8516 0
0.43784546852111816 0.1296546459197998 8644 0
0.4598715305328369 0.1660480499267578 8499 0
0.44780802726745605 0.14765548706054688 9035 0
0.4262688159942627 0.15848422050476074 8863 0
0.46129679679870605 0.19989943504333496 8299 0
0.44132041931152344 0.20531225204467773 8710 0
0.45697665214538574 0.14677858352661133 8705 0
0.45273256301879883 0.21792221069335938 8316 0
0.46951818466186523 0.1684412956237793 8604 0
0.4735901355743408 0.13309526443481445 8197 0
0.4404442310333252 0.20538759231567383 8315 0
0.446547269821167 0.16036319732666016 8690 0
0.4401974678039551 0.16528058052062988 7954 0
0.4348487854003906 0.1820695400238037 8317 0
0.4359712600708008 0.1491997241973877 8274 0
0.4526040554046631 0.1446700096130371 8712 0
0.4482600688934326 0.13570427894592285 8851 0
0.4415576457977295 0.16244935989379883 9077 0
0.442277193069458 0.1574544906616211 8840 0
0.4468808174133301 0.16092157363891602 8729 0
0.44263458251953125 0.12317132949829102 8492 0
0.4511415958404541 0.21789765357971191 8315 0
0.4231142997741699 0.2049243450164795 8189 0
0.4265904426574707 0.13572216033935547 8479 0
0.44858336448669434 0.13498830795288086 8304 0
0.4341559410095215 0.18092083930969238 9030 0
0.4313192367553711 0.14748573303222656 8745 0
0.45110082626342773 0.19493770599365234 8456 0
0.4493684768676758 0.13563156127929688 8347 0
0.44327282905578613 0.18365240097045898 8461 0
0.4406874179840088 0.19453859329223633 8517 0
0.4459342956542969 0.14978599548339844 8416 0
0.4462430477142334 0.19089794158935547 8591 0
0.4513688087463379 0.13782095909118652 8231 0
0.48403239250183105 0.17139434814453125 8031 0
0.45316362380981445 0.16109347343444824 8355 0
0.4546363353729248 0.1986370086669922 8602 0
0.4282724857330322 0.136887788772583 8360 0
0.44003939628601074 0.19156193733215332 8619 0
0.4392549991607666 0.12446808815002441 8866 0
0.4490816593170166 0.1427605152130127 8347 0
0.45188069343566895 0.14695096015930176 8519 0
0.45923781394958496 0.1732947826385498 8544 0
0.4610135555267334 0.13969802856445312 8433 0
0.4385216236114502 0.18471741676330566 8436 0
0.453228235244751 0.2093367576599121 8617 0
0.4153401851654053 0.1567096710205078 8735 0
0.4420301914215088 0.1961665153503418 8684 0
0.4361226558685303 0.16600418090820312 8338 0
0.44310593605041504 0.18242406845092773 8841 0
0.4568138122558594 0.14296197891235352 8915 0
0.4366798400878906 0.15500307083129883 9516 0
0.44831371307373047 0.21378326416015625 8702 0
0.42367005348205566 0.13151764869689941 8602 0
0.4451594352722168 0.14625263214111328 8758 0
0.44467878341674805 0.13908839225769043 9061 0
0.42192578315734863 0.14174795150756836 8926 0
0.46164822578430176 0.16988182067871094 8583 0
0.44440460205078125 0.20295000076293945 8834 0
0.46993160247802734 0.14094305038452148 9109 0
0.44240236282348633 0.2278735637664795 8325 0
0.43473100662231445 0.19966840744018555 9046 0
0.4348640441894531 0.13544249534606934 9569 0
0.45751261711120605 0.12454605102539062 8928 0
0.4731106758117676 0.1466686725616455 9123 0
0.44338417053222656 0.1725630760192871 9634 0
0.42235302925109863 0.18696951866149902 9438 0
0.45773887634277344 0.12968850135803223 9571 0
0.44318127632141113 0.13147997856140137 9116 0
0.4658234119415283 0.15009140968322754 9224 0
0.4524545669555664 0.1306915283203125 8675 0
0.4581284523010254 0.12245059013366699 7927 0
0.44565916061401367 0.2075028419494629 9185 0
0.4767601490020752 0.142852783203125 9802 0
0.44405126571655273 0.13932514190673828 9170 0
0.4421839714050293 0.17753124237060547 9350 0
0.4508640766143799 0.13248205184936523 8465 0
0.4616117477416992 0.1304945945739746 8430 0
0.45038700103759766 0.1316826343536377 8400 0
0.4481778144836426 0.16577744483947754 9081 0
0.46122217178344727 0.1390366554260254 8991 0
0.457916259765625 0.13588261604309082 8954 0
0.45228004455566406 0.13850665092468262 9725 0
0.4348137378692627 0.16080141067504883 9668 0
0.43386363983154297 0.1462085247039795 7916 0
0.4426913261413574 0.18220925331115723 9446 0
0.4239766597747803 0.1344292163848877 8983 0
0.4486968517303467 0.14751267433166504 9014 0
0.4568767547607422 0.1413414478302002 9647 0
0.4481329917907715 0.14622068405151367 9721 0
0.40642476081848145 0.14948654174804688 8131 0
0.45033764839172363 0.1474628448486328 9855 0
0.44865965843200684 0.15224885940551758 9750 0
0.4470231533050537 0.1494762897491455 9812 0
0.4262700080871582 0.14693307876586914 9464 0
0.44068098068237305 0.14090967178344727 9642 0
0.45040011405944824 0.13908076286315918 9762 0
0.4567868709564209 0.19501543045043945 9925 0
0.47302961349487305 0.225006103515625 9453 0
0.4463522434234619 0.14842915534973145 9571 0
0.44764208793640137 0.1292281150817871 10190 0
0.44152069091796875 0.20151424407958984 9847 0
0.4538257122039795 0.14719748497009277 9940 0
0.41455507278442383 0.144744873046875 9281 0
0.4366896152496338 0.1598193645477295 9233 0
0.45215678215026855 0.13746333122253418 9727 0
0.45601820945739746 0.20856809616088867 9535 0
0.4439988136291504 0.18212080001831055 9474 0
0.4286041259765625 0.15491628646850586 9463 0
0.44394922256469727 0.12515568733215332 9565 0
0.43053364753723145 0.15036439895629883 9470 0
0.44604945182800293 0.13147664070129395 9438 0
0.4312601089477539 0.16064953804016113 9842 0
0.4453120231628418 0.12171649932861328 10030 0
0.43079280853271484 0.14626240730285645 8114 0
0.4214925765991211 0.14263701438903809 9216 0
0.44975924491882324 0.1355595588684082 8946 0
0.43437862396240234 0.1379239559173584 8910 0
0.44148731231689453 0.13319659233093262 9348 0
0.45772695541381836 0.22835636138916016 9373 0
0.4655623435974121 0.15938448905944824 9114 0
0.45647573471069336 0.12998080253601074 9777 0
0.45766186714172363 0.1480731964111328 9631 0
0.4354524612426758 0.13867902755737305 9707 0
0.4596841335296631 0.1482095718383789 9291 0
0.4594423770904541 0.13147282600402832 9336 0
0.43795180320739746 0.21956801414489746 9440 0
0.4367995262145996 0.14877033233642578 9339 0
0.4386327266693115 0.16124677658081055 9838 0
0.4454212188720703 0.22263646125793457 9633 0
0.45572733879089355 0.13533520698547363 10038 0
0.44765734672546387 0.1467750072479248 10229 0
0.44202637672424316 0.20011377334594727 9819 0
0.4411618709564209 0.21038079261779785 9871 0
0.4535038471221924 0.16829538345336914 9763 0
0.45041418075561523 0.15463757514953613 9558 0
0.44062256813049316 0.14059782028198242 9454 0
0.46172070503234863 0.14361166954040527 9180 0
0.44428133964538574 0.12775278091430664 9831 0
0.4447596073150635 0.20959186553955078 9924 0
0.4427506923675537 0.2042696475982666 9745 0
0.46773743629455566 0.1255333423614502 9649 0
0.45319414138793945 0.17017221450805664 9901 0
0.379791259765625 0.1464242935180664 10431 0
0.4413895606994629 0.1748332977294922 8179 0
0.4762578010559082 0.21921873092651367 9882 0
0.43515491485595703 0.13579201698303223 9778 0
0.44413208961486816 0.14644551277160645 9197 0
0.45177555084228516 0.2047114372253418 10089 0
0.4492959976196289 0.13602757453918457 9880 0
0.4628317356109619 0.16786837577819824 9301 0
0.44708967208862305 0.1264944076538086 10490 0
0.4530630111694336 0.13768410682678223 9990 0
0.4350924491882324 0.13427329063415527 10054 0
0.4321131706237793 0.21107077598571777 9950 0
0.42082691192626953 0.18768310546875 9360 0
0.471616268157959 0.13483548164367676 9754 0
0.4518589973449707 0.18310236930847168 9217 0
0.4317970275878906 0.13288044929504395 8982 0
0.43715572357177734 0.1353321075439453 9147 0
0.4419698715209961 0.14577555656433105 9384 0
0.43555331230163574 0.2088327407836914 8980 0
0.44090795516967773 0.22852659225463867 9038 0
0.43826746940612793 0.15442657470703125 8921 0
0.4475250244140625 0.14811921119689941 8868 0
0.45656752586364746 0.13877534866333008 8861 0
0.4506502151489258 0.16117095947265625 9294 0
0.44371795654296875 0.20747923851013184 9521 0
0.44580841064453125 0.18034124374389648 9527 0
0.43143582344055176 0.19954156875610352 9006 0
0.46109890937805176 0.1776738166809082 9309 0
0.42148470878601074 0.14454126358032227 9664 0
0.4473409652709961 0.135711669921875 9344 0
0.4061551094055176 0.12150120735168457 9174 0
0.4426412582397461 0.21257710456848145 9013 0
0.44466137886047363 0.12182497978210449 8655 0
0.45009326934814453 0.1733560562133789 8820 0
0.4514753818511963 0.20348882675170898 9363 0
0.45024895668029785 0.13244891166687012 9523 0
0.4341695308685303 0.18588781356811523 9571 0
0.43053150177001953 0.13669466972351074 9571 0
0.4691181182861328 0.14461708068847656 9158 0
0.4644463062286377 0.16716456413269043 9649 0
0.4483218193054199 0.12926316261291504 9355 0
