0.1317002773284912 0.021818876266479492 107248 0
0.12355661392211914 0.023763418197631836 108248 0
0.12267327308654785 0.023763656616210938 110500 0
0.12698006629943848 0.022907018661499023 108938 0
0.12647581100463867 0.022817134857177734 113230 0
0.12780165672302246 0.023660898208618164 113928 0
0.13016462326049805 0.022928476333618164 116622 0
0.12657380104064941 0.024082660675048828 113490 0
0.13344025611877441 0.023444652557373047 112880 0
0.1268596649169922 0.023478984832763672 113526 0
0.1234438419342041 0.022457122802734375 110662 0
0.12280535697937012 0.021989822387695312 107562 0
0.12477779388427734 0.024198532104492188 113018 0
0.12280106544494629 0.02240586280822754 109074 0
0.12021517753601074 0.020967960357666016 91118 0
0.12274789810180664 0.023293256759643555 109330 0
0.12448334693908691 0.022251367568969727 105504 0
0.12177252769470215 0.024123191833496094 102676 0
0.12960004806518555 0.021977663040161133 97372 0
0.12410283088684082 0.023354291915893555 106828 0
0.12569475173950195 0.027846813201904297 105738 0
0.12210345268249512 0.023809194564819336 100504 0
0.1243138313293457 0.02189040184020996 107488 0
0.13337469100952148 0.024347782135009766 112434 0
0.12868666648864746 0.025167465209960938 112694 0
0.1259002685546875 0.02312302589416504 110588 0
0.12367773056030273 0.02191638946533203 103070 0
0.12647223472595215 0.02282881736755371 108228 0
0.1273047924041748 0.022467613220214844 110540 0
0.1322193145751953 0.023310184478759766 104962 0
0.12510180473327637 0.023232221603393555 108744 0
0.1320962905883789 0.023307323455810547 111294 0
0.1237938404083252 0.022986412048339844 108538 0
0.1268177032470703 0.02367234230041504 109692 0
0.12244725227355957 0.021582365036010742 100104 0
0.1289808750152588 0.02397918701171875 112346 0
0.13141560554504395 0.023350954055786133 119402 0
0.1276252269744873 0.0221254825592041 114838 0
0.13230204582214355 0.024486064910888672 119794 0
0.1252295970916748 0.023680448532104492 110964 0
0.12230277061462402 0.02240300178527832 102342 0
0.13898849487304688 0.03083944320678711 107392 0
0.1527245044708252 0.024886131286621094 114650 0
0.12827610969543457 0.026389598846435547 112554 0
0.12460017204284668 0.023376941680908203 98050 0
0.1348094940185547 0.023581504821777344 111698 0
0.1309041976928711 0.025184154510498047 115372 0
0.12758135795593262 0.022457361221313477 111370 0
0.1304340362548828 0.02448749542236328 115050 0
0.13525629043579102 0.024312734603881836 114472 0
0.12479877471923828 0.02249622344970703 112002 0
0.12361955642700195 0.02936840057373047 114510 0
0.12766504287719727 0.022577285766601562 113788 0
0.12866616249084473 0.022238969802856445 114632 0
0.12543725967407227 0.02399897575378418 115020 0
0.1297760009765625 0.024097442626953125 115742 0
0.1253509521484375 0.02406024932861328 115768 0
0.13091039657592773 0.02379298210144043 116096 0
0.12789654731750488 0.024395465850830078 116052 0
0.12555456161499023 0.025003433227539062 116352 0
0.13144922256469727 0.02231287956237793 114184 0
0.13412165641784668 0.023011445999145508 114626 0
0.12567925453186035 0.022617340087890625 112016 0
0.12368154525756836 0.02350616455078125 111480 0
0.13121771812438965 0.023272037506103516 107458 0
0.1253812313079834 0.023885250091552734 112010 0
0.12789320945739746 0.022467374801635742 114370 0
0.13178777694702148 0.023738861083984375 114450 0
0.12499856948852539 0.02280449867248535 113810 0
0.12644648551940918 0.023157835006713867 110660 0
0.13411498069763184 0.0221250057220459 109550 0
0.12236618995666504 0.022179126739501953 107546 0
0.12437248229980469 0.023314714431762695 110692 0
0.12487244606018066 0.02271866798400879 109478 0
0.12013673782348633 0.02121257781982422 91630 0
0.12651491165161133 0.02485036849975586 110342 0
0.1262500286102295 0.023633956909179688 109830 0
0.12734365463256836 0.022327423095703125 105700 0
0.12333559989929199 0.024412870407104492 106548 0
0.13110804557800293 0.02416086196899414 106758 0
0.12416553497314453 0.023023128509521484 110350 0
0.1285560131072998 0.023387908935546875 110314 0
0.12621259689331055 0.02380204200744629 108310 0
0.1255207061767578 0.02165079116821289 108408 0
0.12809419631958008 0.02319812774658203 110612 0
0.12390613555908203 0.024022340774536133 110514 0
0.13030076026916504 0.023218393325805664 105022 0
0.12491893768310547 0.024058818817138672 110900 0
0.12953567504882812 0.024016857147216797 110864 0
0.1250147819519043 0.023721933364868164 111374 0
0.1297471523284912 0.024210691452026367 110546 0
0.13115167617797852 0.023679494857788086 110000 0
0.12871432304382324 0.021588563919067383 111472 0
0.12164139747619629 0.022806167602539062 106818 0
0.12740230560302734 0.02247166633605957 112082 0
0.12735962867736816 0.024305105209350586 109842 0
0.12109589576721191 0.021767139434814453 91520 0
0.12494516372680664 0.023957252502441406 112600 0
0.12356400489807129 0.026764869689941406 112860 0
0.12392783164978027 0.024262428283691406 105264 0
0.1251208782196045 0.02403402328491211 108202 0
0.12396645545959473 0.024491310119628906 109522 0
0.13034725189208984 0.02313971519470215 110528 0
0.1287691593170166 0.02252984046936035 115250 0
0.1262373924255371 0.02514338493347168 114452 0
0.1265547275543213 0.02335667610168457 113388 0
0.13240265846252441 0.024161100387573242 114106 0
0.13444089889526367 0.024450302124023438 117840 0
0.12762212753295898 0.024182796478271484 114772 0
0.1266648769378662 0.023422718048095703 114488 0
0.12751293182373047 0.022795677185058594 114468 0
0.13568496704101562 0.023247241973876953 114316 0
0.12775516510009766 0.02268528938293457 113516 0
0.13135623931884766 0.02297043800354004 114990 0
0.12677001953125 0.0224151611328125 112040 0
0.12778353691101074 0.024770021438598633 114042 0
0.12040829658508301 0.021453142166137695 100890 0
0.12782502174377441 0.023202896118164062 114600 0
0.1251516342163086 0.024597883224487305 114344 0
0.1297304630279541 0.023361682891845703 116580 0
0.12633681297302246 0.021933555603027344 112226 0
0.12612104415893555 0.023717641830444336 113056 0
0.13402199745178223 0.023632287979125977 111568 0
0.12786030769348145 0.022782087326049805 108150 0
0.12489175796508789 0.02399134635925293 112464 0
0.12405061721801758 0.023343563079833984 112650 0
0.12723612785339355 0.02277517318725586 92674 0
0.12633538246154785 0.02155590057373047 109376 0
0.12597942352294922 0.02222442626953125 96404 0
0.12166547775268555 0.021426916122436523 98966 0
0.12793850898742676 0.021864891052246094 104446 0
0.12196755409240723 0.02315044403076172 105568 0
0.12232589721679688 0.02244091033935547 99302 0
0.12356925010681152 0.022338390350341797 106584 0
0.12476968765258789 0.023242712020874023 108800 0
0.1248321533203125 0.023649930953979492 111220 0
0.1283721923828125 0.021996021270751953 110984 0
0.12652802467346191 0.023801088333129883 112662 0
0.13135504722595215 0.024132966995239258 109592 0
0.12460112571716309 0.02383589744567871 111484 0
0.12345075607299805 0.022391796112060547 114228 0
0.127716064453125 0.024578094482421875 116054 0
0.12513041496276855 0.0241091251373291 113880 0
0.12866544723510742 0.022488832473754883 112940 0
0.1267833709716797 0.02313852310180664 112750 0
0.12947821617126465 0.023772478103637695 118528 0
0.12913298606872559 0.023456811904907227 115302 0
0.12830400466918945 0.0223085880279541 111928 0
0.12669587135314941 0.022652626037597656 107844 0
0.12382769584655762 0.02399611473083496 107848 0
0.1271355152130127 0.022875547409057617 114620 0
0.12741708755493164 0.024927139282226562 121456 0
0.12874865531921387 0.026282787322998047 120214 0
0.12687301635742188 0.022222042083740234 119140 0
0.1308574676513672 0.02277064323425293 120078 0
0.1279592514038086 0.02246570587158203 114798 0
0.12127304077148438 0.020870447158813477 93702 0
0.12654638290405273 0.023592233657836914 110618 0
0.1356213092803955 0.02386784553527832 113930 0
0.1224675178527832 0.021557331085205078 100768 0
0.12583088874816895 0.021880626678466797 100450 0
0.12300634384155273 0.023623228073120117 103226 0
0.12876176834106445 0.02978992462158203 103566 0
0.12254166603088379 0.022850751876831055 105434 0
0.13053178787231445 0.0243990421295166 111026 0
0.1307053565979004 0.0230100154876709 106288 0
0.13090062141418457 0.02291703224182129 105584 0
0.1332552433013916 0.023441553115844727 112174 0
0.12981677055358887 0.023525476455688477 110194 0
0.12882685661315918 0.023053407669067383 117464 0
0.12545013427734375 0.022510051727294922 108634 0
0.13041996955871582 0.024029970169067383 114006 0
0.130537748336792 0.023723125457763672 116188 0
0.12855815887451172 0.022820711135864258 119218 0
0.12745428085327148 0.022349834442138672 115500 0
0.12737011909484863 0.022884368896484375 115794 0
0.12711548805236816 0.023231983184814453 109272 0
0.1328897476196289 0.023250102996826172 119694 0
0.1349012851715088 0.023298025131225586 119410 0
0.13175344467163086 0.025040388107299805 119320 0
0.12918758392333984 0.023226261138916016 115750 0
0.12530255317687988 0.023504257202148438 115070 0
0.12802457809448242 0.023137331008911133 116138 0
0.12796568870544434 0.023611068725585938 109476 0
0.13536429405212402 0.023437976837158203 115030 0
0.12618756294250488 0.024471282958984375 115120 0
0.12554454803466797 0.022411584854125977 94726 0
0.12610173225402832 0.024695396423339844 115608 0
0.12638354301452637 0.022663116455078125 116222 0
0.12484955787658691 0.023973703384399414 110112 0
0.12956738471984863 0.022745847702026367 113782 0
0.13152146339416504 0.02243947982788086 114242 0
0.13256072998046875 0.024996042251586914 115468 0
0.12635064125061035 0.02209615707397461 117598 0
0.1361222267150879 0.023682117462158203 114798 0
0.12773847579956055 0.023189067840576172 114472 0
0.13007092475891113 0.02353525161743164 115072 0
0.12860846519470215 0.0237424373626709 115664 0
0.12726330757141113 0.023146629333496094 115070 0
0.1261897087097168 0.02218937873840332 114226 0
0.12468194961547852 0.02433323860168457 107670 0
0.1245732307434082 0.02324056625366211 95424 0
0.11889028549194336 0.02199101448059082 91688 0
0.12595105171203613 0.02181220054626465 93534 0
0.12166810035705566 0.021120071411132812 93572 0
0.12352347373962402 0.021536588668823242 94414 0
0.1222372055053711 0.021834850311279297 94574 0
0.11962175369262695 0.02285456657409668 95962 0
0.11908245086669922 0.020991802215576172 97136 0
0.13063335418701172 0.02132439613342285 96870 0
0.12139248847961426 0.02326369285583496 94488 0
0.12221097946166992 0.02880072593688965 96206 0
0.1197364330291748 0.022999048233032227 95660 0
0.12304377555847168 0.02100992202758789 94428 0
0.12500476837158203 0.024394989013671875 94888 0
0.12161803245544434 0.02146434783935547 93416 0
0.12116694450378418 0.022994041442871094 93856 0
0.12125420570373535 0.02044820785522461 88672 0
0.12227177619934082 0.021044254302978516 95142 0
0.12365889549255371 0.023385047912597656 95652 0
0.12046098709106445 0.023240327835083008 96138 0
0.1224815845489502 0.020517587661743164 95804 0
0.12708616256713867 0.02223515510559082 95544 0
0.12280631065368652 0.025055646896362305 95948 0
0.1217494010925293 0.023905515670776367 96520 0
0.1203765869140625 0.022730350494384766 95602 0
0.12672090530395508 0.022550344467163086 95446 0
0.11919522285461426 0.022772789001464844 95130 0
0.12114262580871582 0.023226261138916016 94990 0
0.12151312828063965 0.022522449493408203 95386 0
0.12500286102294922 0.022337675094604492 94410 0
0.12261414527893066 0.02131938934326172 94432 0
0.12584710121154785 0.021800994873046875 95548 0
0.12263154983520508 0.022823810577392578 95388 0
0.12075018882751465 0.02185964584350586 96736 0
0.1316525936126709 0.022494077682495117 95662 0
0.12158465385437012 0.023131370544433594 95492 0
0.12507057189941406 0.02247786521911621 95114 0
0.12106490135192871 0.02204132080078125 95122 0
0.12211847305297852 0.02278614044189453 94848 0
0.12108421325683594 0.02226996421813965 93820 0
0.12276911735534668 0.023142337799072266 94676 0
0.12121367454528809 0.020542383193969727 95098 0
0.12329697608947754 0.022545337677001953 94074 0
0.11911177635192871 0.020931005477905273 95418 0
0.12000846862792969 0.023306846618652344 94306 0
0.11927247047424316 0.022114276885986328 94142 0
0.11829543113708496 0.021285533905029297 86996 0
0.12473344802856445 0.023586750030517578 93934 0
0.12577152252197266 0.023044347763061523 94126 0
0.12513184547424316 0.024641990661621094 94806 0
0.12209868431091309 0.021174907684326172 94416 0
0.1247549057006836 0.02268218994140625 94352 0
0.12049198150634766 0.02201533317565918 94668 0
0.12196993827819824 0.02302074432373047 95758 0
0.12751364707946777 0.021764516830444336 95636 0
0.12741637229919434 0.021632671356201172 94598 0
0.12149834632873535 0.02264571189880371 94014 0
0.11977028846740723 0.0220794677734375 93114 0
0.12367939949035645 0.02069568634033203 92460 0
0.11850500106811523 0.02184891700744629 93080 0
0.12838315963745117 0.023537397384643555 93314 0
0.12454462051391602 0.022120952606201172 93970 0
0.12546038627624512 0.022513628005981445 93862 0
0.12562823295593262 0.021591901779174805 95626 0
0.12021756172180176 0.021422147750854492 94282 0
0.12599992752075195 0.025348663330078125 95280 0
0.12173986434936523 0.022709131240844727 95570 0
0.12476515769958496 0.02234673500061035 95810 0
0.12890958786010742 0.0226593017578125 95274 0
0.12113499641418457 0.02274346351623535 94146 0
0.11971187591552734 0.021345138549804688 94596 0
0.12093305587768555 0.022454023361206055 94726 0
0.12675118446350098 0.022251605987548828 102802 0
0.1217031478881836 0.02315688133239746 102058 0
0.12728238105773926 0.021771907806396484 96118 0
0.13525676727294922 0.024421215057373047 112232 0
0.12884902954101562 0.022353649139404297 104894 0
0.1246953010559082 0.023198366165161133 110384 0
0.12555980682373047 0.02315545082092285 106190 0
0.1313765048980713 0.022821664810180664 102464 0
0.12296533584594727 0.02355647087097168 104226 0
0.12205362319946289 0.022285938262939453 104124 0
0.12392234802246094 0.02248096466064453 104556 0
0.12162375450134277 0.021508216857910156 101436 0
0.12380552291870117 0.02360391616821289 100854 0
0.12088203430175781 0.02229452133178711 95974 0
0.12514328956604004 0.0223538875579834 96300 0
0.12564849853515625 0.024415016174316406 92930 0
0.11960625648498535 0.021245479583740234 95336 0
0.12175250053405762 0.023517131805419922 95410 0
0.12427353858947754 0.02320718765258789 94168 0
0.12683916091918945 0.023773193359375 94394 0
0.1248922348022461 0.02669215202331543 94854 0
0.12066531181335449 0.02152395248413086 94262 0
0.12395787239074707 0.022996902465820312 94844 0
0.11872196197509766 0.021628856658935547 95818 0
0.12032294273376465 0.021472930908203125 96754 0
0.1210029125213623 0.02175116539001465 96332 0
0.11870217323303223 0.022337675094604492 85672 0
0.12070536613464355 0.02213263511657715 96618 0
0.11969661712646484 0.021820545196533203 97210 0
0.11981058120727539 0.021840333938598633 94580 0
0.12029337882995605 0.0229494571685791 97142 0
0.12535858154296875 0.02225041389465332 97788 0
0.12002229690551758 0.02040886878967285 96468 0
0.12218165397644043 0.02854180335998535 97350 0
0.12259078025817871 0.022777318954467773 96486 0
0.12893962860107422 0.02157282829284668 95522 0
0.128248929977417 0.021757841110229492 95784 0
0.12240386009216309 0.021675586700439453 94962 0
0.12142729759216309 0.021220684051513672 95180 0
0.12379145622253418 0.02250981330871582 95554 0
0.12317395210266113 0.022487640380859375 96342 0
0.12065649032592773 0.02448439598083496 96518 0
0.12277841567993164 0.02110147476196289 97632 0
0.12411022186279297 0.021301984786987305 96706 0
0.12769269943237305 0.021643638610839844 95364 0
0.1268618106842041 0.021480083465576172 96594 0
0.12790775299072266 0.02244853973388672 95782 0
0.12026381492614746 0.022273540496826172 95274 0
0.11935663223266602 0.02284407615661621 95492 0
0.11932635307312012 0.021522998809814453 95310 0
0.11976337432861328 0.021886348724365234 95362 0
0.12249207496643066 0.022649288177490234 95512 0
0.11984801292419434 0.022655725479125977 95012 0
0.11907672882080078 0.020844221115112305 94032 0
0.12475299835205078 0.022900104522705078 96116 0
0.11897826194763184 0.022329092025756836 95600 0
0.11884784698486328 0.019564151763916016 84136 0
0.12318181991577148 0.022807598114013672 95006 0
0.1223907470703125 0.02189040184020996 96676 0
0.12574386596679688 0.022423744201660156 93088 0
0.12883543968200684 0.021257638931274414 96886 0
0.12179899215698242 0.02148127555847168 96444 0
0.12080836296081543 0.023114919662475586 94826 0
0.12054038047790527 0.02117633819580078 96946 0
0.11968398094177246 0.021187782287597656 96364 0
0.11927413940429688 0.021746158599853516 96142 0
0.1256084442138672 0.02109527587890625 95850 0
0.11962199211120605 0.02108311653137207 94552 0
0.11952567100524902 0.0213468074798584 96022 0
0.12049603462219238 0.023622751235961914 94128 0
0.12372899055480957 0.021931886672973633 94984 0
0.11932373046875 0.0212557315826416 95630 0
0.12153482437133789 0.02288508415222168 96990 0
0.12517738342285156 0.023060321807861328 96622 0
0.12198972702026367 0.022820711135864258 97494 0
0.1267681121826172 0.022144079208374023 96002 0
0.1202247142791748 0.022910356521606445 95618 0
0.12026524543762207 0.022112369537353516 94512 0
0.12151098251342773 0.02198004722595215 95702 0
0.12166190147399902 0.023075580596923828 94684 0
0.11945629119873047 0.021008968353271484 95222 0
0.12195467948913574 0.023098230361938477 95748 0
0.12082076072692871 0.0211029052734375 94368 0
0.1269395351409912 0.023490190505981445 93380 0
0.12041044235229492 0.02182769775390625 96750 0
0.12270140647888184 0.02337479591369629 95324 0
0.11609220504760742 0.020965576171875 79850 0
0.11979842185974121 0.02079296112060547 92954 0
0.12881135940551758 0.021663188934326172 94336 0
0.1200246810913086 0.02272772789001465 90570 0
0.12077665328979492 0.022564411163330078 95914 0
0.12180781364440918 0.021810531616210938 96808 0
0.12027549743652344 0.021114587783813477 87096 0
0.11717343330383301 0.020396709442138672 77608 0
0.12911367416381836 0.023175716400146484 94506 0
0.12038993835449219 0.021160602569580078 96234 0
0.12535858154296875 0.022149324417114258 99906 0
0.1251671314239502 0.02211284637451172 96746 0
0.12179422378540039 0.022710800170898438 97522 0
0.12179684638977051 0.02143239974975586 98340 0
0.12273740768432617 0.023046493530273438 98562 0
0.12120389938354492 0.024499893188476562 95598 0
0.12241840362548828 0.021706819534301758 84352 0
0.12168335914611816 0.020771503448486328 80172 0
0.12202978134155273 0.02139878273010254 96416 0
0.11911582946777344 0.022292137145996094 97836 0
0.1221013069152832 0.020203828811645508 95092 0
0.12681865692138672 0.021783113479614258 96362 0
0.12254571914672852 0.02403116226196289 96212 0
0.1251208782196045 0.024381160736083984 96272 0
0.12645554542541504 0.02306389808654785 97424 0
0.1278064250946045 0.022736787796020508 97782 0
0.12299060821533203 0.021649599075317383 97384 0
0.11984133720397949 0.022372961044311523 95532 0
0.1287548542022705 0.021729230880737305 98074 0
0.12058711051940918 0.021960735321044922 97046 0
0.12130498886108398 0.020228147506713867 90052 0
0.12725472450256348 0.02182936668395996 97116 0
0.1186974048614502 0.02075362205505371 95924 0
0.1201777458190918 0.022174835205078125 95580 0
0.12125110626220703 0.022358179092407227 97010 0
0.1210012435913086 0.022371768951416016 96904 0
0.12659096717834473 0.021659135818481445 95104 0
0.1254866123199463 0.022919654846191406 94570 0
0.1234886646270752 0.02205801010131836 95140 0
0.1240549087524414 0.02284860610961914 95822 0
0.12249207496643066 0.023779869079589844 94618 0
0.12211298942565918 0.021132469177246094 94648 0
0.12105560302734375 0.02303171157836914 94002 0
0.12488317489624023 0.023434162139892578 94642 0
0.12283015251159668 0.023293495178222656 94014 0
0.1230616569519043 0.0232851505279541 95668 0
0.12158346176147461 0.022176027297973633 95810 0
0.12619757652282715 0.024169445037841797 94036 0
0.11948680877685547 0.02123713493347168 91770 0
0.12331342697143555 0.021729230880737305 93034 0
0.12786006927490234 0.022009611129760742 91328 0
0.12416601181030273 0.021005630493164062 77688 0
0.12359857559204102 0.020888805389404297 90848 0
0.12103867530822754 0.022796630859375 90646 0
0.1251392364501953 0.022278308868408203 92938 0
0.11726570129394531 0.020674705505371094 89176 0
0.12207484245300293 0.02139878273010254 91254 0
0.11882400512695312 0.02113652229309082 91740 0
0.12111520767211914 0.021205663681030273 90912 0
0.12078356742858887 0.021495580673217773 90496 0
0.11872720718383789 0.02107834815979004 91628 0
0.12217497825622559 0.023142337799072266 90596 0
0.12406373023986816 0.022786378860473633 90082 0
0.1188969612121582 0.020630836486816406 91330 0
0.12523984909057617 0.02232646942138672 89102 0
0.12040519714355469 0.020767688751220703 90184 0
0.12001514434814453 0.022791385650634766 89678 0
0.11809134483337402 0.02106928825378418 89716 0
0.12044167518615723 0.021541357040405273 90100 0
0.1260991096496582 0.021951675415039062 90458 0
0.11943411827087402 0.02339339256286621 90174 0
0.12038588523864746 0.020809412002563477 90022 0
0.1256239414215088 0.023241519927978516 90974 0
0.12109851837158203 0.023829936981201172 90408 0
0.11991286277770996 0.02172565460205078 90110 0
0.12051177024841309 0.022784709930419922 91022 0
0.11919426918029785 0.020789623260498047 89892 0
0.11794066429138184 0.025360107421875 90928 0
0.12585163116455078 0.021744966506958008 87570 0
0.12047672271728516 0.022259950637817383 88946 0
0.12436532974243164 0.022400617599487305 89184 0
0.11359500885009766 0.020293235778808594 75008 0
0.11910533905029297 0.023671627044677734 88670 0
0.11867165565490723 0.020810842514038086 89680 0
0.11922192573547363 0.02197718620300293 90808 0
0.11963295936584473 0.02142477035522461 88816 0
0.12021493911743164 0.02084803581237793 89602 0
0.1246788501739502 0.021982192993164062 90704 0
0.12249207496643066 0.022780418395996094 89376 0
0.11974620819091797 0.021136045455932617 89558 0
0.12084817886352539 0.021788835525512695 91706 0
0.12108993530273438 0.020493030548095703 89400 0
0.12107443809509277 0.02093362808227539 89638 0
0.11886262893676758 0.02094125747680664 90018 0
0.12120270729064941 0.023512601852416992 89078 0
0.11971139907836914 0.022129058837890625 88350 0
0.11903905868530273 0.0225675106048584 89104 0
0.11789202690124512 0.02065420150756836 88598 0
0.11931443214416504 0.02086329460144043 88646 0
0.11926484107971191 0.020898818969726562 89372 0
0.11865115165710449 0.02224564552307129 88676 0
0.12169933319091797 0.021239519119262695 88936 0
0.11872601509094238 0.021750688552856445 89828 0
0.11875700950622559 0.021175146102905273 88962 0
0.1210944652557373 0.021397113800048828 87890 0
0.11888551712036133 0.02101421356201172 89750 0
0.11827898025512695 0.02179241180419922 88672 0
0.12495899200439453 0.020528793334960938 89208 0
0.12044668197631836 0.022641658782958984 86754 0
0.12048125267028809 0.022476673126220703 87820 0
0.11762285232543945 0.02160024642944336 87674 0
0.11415338516235352 0.021466493606567383 72618 0
0.12145066261291504 0.02200794219970703 86694 0
0.1200253963470459 0.02043318748474121 86962 0
0.12052536010742188 0.02720165252685547 88676 0
0.11809563636779785 0.0207827091217041 86270 0
0.12116885185241699 0.021638870239257812 87982 0
0.11920404434204102 0.021565914154052734 89422 0
0.11825942993164062 0.02172708511352539 88822 0
0.11799907684326172 0.020772933959960938 89070 0
0.12187337875366211 0.022665023803710938 89086 0
0.1230771541595459 0.022627592086791992 87588 0
0.12373733520507812 0.022181987762451172 86542 0
0.11711692810058594 0.0201873779296875 86236 0
0.12075495719909668 0.021262407302856445 86010 0
0.12658119201660156 0.022882461547851562 86298 0
0.11871862411499023 0.02082085609436035 87972 0
0.12415099143981934 0.023176908493041992 84322 0
0.11774659156799316 0.0228731632232666 83114 0
0.12547063827514648 0.02112603187561035 84536 0
0.11938285827636719 0.021164417266845703 86362 0
0.11902642250061035 0.021331071853637695 84648 0
0.11733770370483398 0.021170854568481445 87416 0
0.11893105506896973 0.021997690200805664 88166 0
0.11875414848327637 0.020685195922851562 87542 0
0.11899542808532715 0.02257061004638672 87224 0
0.12455558776855469 0.020885467529296875 88170 0
0.11748719215393066 0.020427703857421875 82462 0
0.125166654586792 0.020611047744750977 79830 0
0.11722111701965332 0.020279407501220703 83184 0
0.11671042442321777 0.0207364559173584 81814 0
0.11219096183776855 0.02003002166748047 69208 0
0.12224483489990234 0.020743608474731445 82560 0
0.12112808227539062 0.02170419692993164 82726 0
0.11989068984985352 0.020844221115112305 82364 0
0.11711454391479492 0.022400856018066406 80416 0
0.11693716049194336 0.021101713180541992 81756 0
0.11876535415649414 0.0198056697845459 85216 0
0.11729812622070312 0.0199587345123291 81690 0
0.11881518363952637 0.020227670669555664 81646 0
0.12224936485290527 0.022220849990844727 80800 0
0.11683821678161621 0.025824546813964844 79088 0
0.11747026443481445 0.02317070960998535 78742 0
0.11654448509216309 0.020540237426757812 78648 0
0.11614060401916504 0.02101588249206543 78310 0
0.11416101455688477 0.019741058349609375 77794 0
0.11444640159606934 0.020835161209106445 78686 0
0.11342358589172363 0.020181655883789062 79284 0
0.12172961235046387 0.022119760513305664 82922 0
0.11764121055603027 0.02070903778076172 83308 0
0.1226663589477539 0.021800994873046875 81378 0
0.11673760414123535 0.020037412643432617 81980 0
0.12143254280090332 0.020869970321655273 82166 0
0.11745071411132812 0.02046036720275879 81198 0
0.11668705940246582 0.020917415618896484 80220 0
0.11655950546264648 0.020525217056274414 79266 0
0.1158592700958252 0.01994156837463379 79108 0
0.11545038223266602 0.020148038864135742 78444 0
0.11556649208068848 0.01984405517578125 75306 0
0.11488103866577148 0.02228379249572754 80028 0
0.11996865272521973 0.019997358322143555 77076 0
0.11526298522949219 0.01920175552368164 66424 0
0.11574316024780273 0.02045607566833496 77324 0
0.11623597145080566 0.0241396427154541 79012 0
0.1152803897857666 0.020303010940551758 79468 0
0.11861586570739746 0.02030801773071289 78336 0
0.12023663520812988 0.020462989807128906 80128 0
0.11558032035827637 0.019025564193725586 79114 0
0.11993908882141113 0.020394325256347656 78048 0
0.12145829200744629 0.023045778274536133 85328 0
0.11652374267578125 0.02038741111755371 82896 0
0.11248993873596191 0.0182650089263916 68150 0
0.11969161033630371 0.02005934715270996 80416 0
0.1209573745727539 0.020505189895629883 83982 0
0.1173405647277832 0.023440837860107422 83886 0
0.11574721336364746 0.020119190216064453 79864 0
0.12027430534362793 0.020950794219970703 84550 0
0.11850905418395996 0.02127218246459961 85748 0
0.11678743362426758 0.021143198013305664 85978 0
0.1246030330657959 0.02172541618347168 87290 0
0.11757659912109375 0.020213842391967773 84682 0
0.11791372299194336 0.020738840103149414 86098 0
0.11626625061035156 0.020032644271850586 84382 0
0.11837887763977051 0.02095627784729004 85688 0
0.11945557594299316 0.021292448043823242 86922 0
0.12157177925109863 0.02212834358215332 86814 0
0.11680436134338379 0.020382165908813477 84032 0
0.11808562278747559 0.021781206130981445 78996 0
0.1149129867553711 0.019960403442382812 79454 0
0.12439775466918945 0.021169185638427734 85692 0
0.11817216873168945 0.021272659301757812 86720 0
0.11757183074951172 0.02121114730834961 87910 0
0.1219949722290039 0.02114248275756836 87656 0
0.1255199909210205 0.021805524826049805 84704 0
0.11749720573425293 0.02093648910522461 84356 0
0.12450242042541504 0.022022247314453125 85020 0
0.12484598159790039 0.020931720733642578 84988 0
0.11997008323669434 0.02074909210205078 83890 0
0.12669634819030762 0.02133488655090332 83776 0
0.11638236045837402 0.0214235782623291 84328 0
0.1220097541809082 0.02089095115661621 83170 0
0.11769461631774902 0.020860671997070312 86854 0
0.12216711044311523 0.021893024444580078 85728 0
0.12142467498779297 0.021823883056640625 86296 0
0.12383174896240234 0.02236628532409668 85366 0
0.11972689628601074 0.023525476455688477 85312 0
0.11725282669067383 0.020585298538208008 84260 0
0.11606812477111816 0.022033214569091797 78174 0
0.12316155433654785 0.02211785316467285 83274 0
0.1239614486694336 0.022384166717529297 82112 0
0.11524796485900879 0.019995927810668945 69226 0
0.12101888656616211 0.020978450775146484 83016 0
0.12136101722717285 0.02071094512939453 84492 0
0.12149786949157715 0.022045612335205078 83868 0
0.11822175979614258 0.022324323654174805 79622 0
0.1228494644165039 0.020077943801879883 83576 0
0.12140941619873047 0.020738840103149414 88078 0
0.11970329284667969 0.021764278411865234 87526 0
0.11991477012634277 0.021437644958496094 87890 0
0.12046051025390625 0.02289581298828125 87964 0
0.12058162689208984 0.020677566528320312 85034 0
0.1166536808013916 0.022101640701293945 86788 0
0.12306857109069824 0.022401094436645508 85072 0
0.11555337905883789 0.02091217041015625 85594 0
0.12033247947692871 0.026493310928344727 86038 0
0.11902427673339844 0.020806550979614258 85618 0
0.11594486236572266 0.02098369598388672 85450 0
0.11738252639770508 0.022530078887939453 87148 0
0.1180107593536377 0.0209658145904541 88888 0
0.11941885948181152 0.020804405212402344 86602 0
0.12294340133666992 0.020999670028686523 87712 0
0.11882185935974121 0.020631790161132812 87492 0
0.12340784072875977 0.02182173728942871 86934 0
0.12407732009887695 0.02351665496826172 85892 0
0.12416601181030273 0.022893667221069336 87542 0
0.13031911849975586 0.022890806198120117 104548 0
0.12217402458190918 0.022999048233032227 105712 0
0.13396120071411133 0.02303791046142578 109826 0
0.12650823593139648 0.023392200469970703 111760 0
0.1236274242401123 0.023575544357299805 110044 0
0.12381863594055176 0.024075031280517578 110408 0
0.12533164024353027 0.024190425872802734 110886 0
0.12172341346740723 0.023037433624267578 107152 0
0.12614154815673828 0.023560523986816406 110358 0
0.12331342697143555 0.02367997169494629 110642 0
0.12425780296325684 0.02303004264831543 108068 0
0.12443208694458008 0.023868799209594727 111640 0
0.12320280075073242 0.023688077926635742 110364 0
0.12500739097595215 0.023769378662109375 109672 0
0.13141584396362305 0.023784160614013672 110186 0
0.12737727165222168 0.0224912166595459 110566 0
0.12905406951904297 0.02184295654296875 111196 0
0.12480401992797852 0.028246641159057617 109620 0
0.12809324264526367 0.022181272506713867 100706 0
0.13008666038513184 0.022222042083740234 110286 0
0.13167667388916016 0.022784948348999023 110486 0
0.12606287002563477 0.023514986038208008 110640 0
0.12385725975036621 0.022739171981811523 112772 0
0.12772250175476074 0.02278923988342285 110088 0
0.13045668601989746 0.023403644561767578 113628 0
0.12354731559753418 0.022471904754638672 110932 0
0.12842011451721191 0.02249455451965332 112218 0
0.13332104682922363 0.022513628005981445 111738 0
0.11923432350158691 0.021440505981445312 94288 0
0.1243739128112793 0.022566556930541992 110704 0
0.12615227699279785 0.023009300231933594 111636 0
0.12431836128234863 0.022600650787353516 111834 0
0.1286482810974121 0.023225069046020508 112618 0
0.12587952613830566 0.02397298812866211 114796 0
0.12782955169677734 0.023113012313842773 116138 0
0.12662601470947266 0.02434849739074707 114844 0
0.1360797882080078 0.024120092391967773 116694 0
0.12803292274475098 0.02402019500732422 115582 0
0.12418341636657715 0.02277517318725586 110058 0
0.12633728981018066 0.02259373664855957 114354 0
0.12658977508544922 0.02135014533996582 112134 0
0.1319141387939453 0.023611068725585938 113946 0
0.1255347728729248 0.022088050842285156 114310 0
0.128248929977417 0.02283453941345215 114816 0
0.12446880340576172 0.02356100082397461 114356 0
0.12930774688720703 0.024075746536254883 118044 0
0.12635374069213867 0.022771358489990234 114568 0
0.13024163246154785 0.02275824546813965 117222 0
0.12395238876342773 0.022040367126464844 107352 0
0.12896180152893066 0.023119688034057617 117348 0
0.13350796699523926 0.02362990379333496 115396 0
0.13081669807434082 0.022791385650634766 117204 0
0.12427043914794922 0.025606870651245117 115806 0
0.13370084762573242 0.02254343032836914 116960 0
0.12661266326904297 0.02487015724182129 118038 0
0.12771058082580566 0.02271437644958496 112174 0
0.12491798400878906 0.023118972778320312 117832 0
0.1283860206604004 0.0239102840423584 119464 0
0.12350916862487793 0.02153301239013672 96238 0
0.12522006034851074 0.022752761840820312 114526 0
0.1303713321685791 0.022183656692504883 111366 0
0.1257474422454834 0.022710561752319336 111440 0
0.13570952415466309 0.024267911911010742 118568 0
0.12815427780151367 0.022977113723754883 119974 0
0.12845540046691895 0.024382829666137695 114118 0
0.12783050537109375 0.023667097091674805 120224 0
0.12723231315612793 0.02444171905517578 119460 0
0.1312100887298584 0.02372574806213379 119680 0
0.12994694709777832 0.023415803909301758 119544 0
0.12570524215698242 0.02362966537475586 118646 0
0.12418889999389648 0.022269248962402344 113472 0
0.13546490669250488 0.02514934539794922 118932 0
0.130021333694458 0.024130821228027344 119862 0
0.1330394744873047 0.02417731285095215 119018 0
0.12787771224975586 0.02527141571044922 119192 0
0.1292119026184082 0.02316451072692871 118374 0
0.12624740600585938 0.024545907974243164 119210 0
0.13384389877319336 0.02301621437072754 119276 0
0.12383317947387695 0.02405405044555664 108934 0
0.1328566074371338 0.022890090942382812 116490 0
0.12777209281921387 0.025043010711669922 117934 0
0.13657569885253906 0.026349306106567383 118434 0
0.13264822959899902 0.022870302200317383 115918 0
0.12839722633361816 0.022741317749023438 116818 0
0.12480425834655762 0.02417731285095215 114926 0
0.12587451934814453 0.02210688591003418 109970 0
0.12689876556396484 0.024605751037597656 117312 0
0.13198447227478027 0.023026227951049805 115576 0
0.12025976181030273 0.021569013595581055 91826 0
0.12984442710876465 0.023073434829711914 111128 0
0.12631607055664062 0.02351522445678711 106094 0
0.12459802627563477 0.021322011947631836 106326 0
0.12538695335388184 0.022141218185424805 109542 0
0.12387275695800781 0.022525548934936523 111440 0
0.1269998550415039 0.022107839584350586 109108 0
0.12645220756530762 0.02312445640563965 111312 0
0.13514494895935059 0.0228579044342041 110472 0
0.12762999534606934 0.023642301559448242 109844 0
0.12923622131347656 0.02379584312438965 107758 0
0.12815380096435547 0.022213459014892578 108186 0
0.12354016304016113 0.02282428741455078 98094 0
0.12422370910644531 0.02419304847717285 107118 0
0.12503576278686523 0.023587942123413086 107896 0
0.12700152397155762 0.023155927658081055 105798 0
0.12483525276184082 0.022310495376586914 105868 0
0.1248328685760498 0.02146744728088379 106476 0
0.12235474586486816 0.023363828659057617 106444 0
0.13230490684509277 0.02280402183532715 106956 0
0.12375950813293457 0.023101091384887695 99082 0
0.1273210048675537 0.0222012996673584 105338 0
0.1280195713043213 0.02214527130126953 108382 0
0.12817955017089844 0.024003267288208008 108330 0
0.12455177307128906 0.023749351501464844 108792 0
0.12568974494934082 0.022101163864135742 109466 0
0.12433910369873047 0.0234982967376709 107728 0
0.1249544620513916 0.022922277450561523 100778 0
0.12515854835510254 0.02512359619140625 105674 0
0.12087059020996094 0.02227783203125 104484 0
0.11921215057373047 0.020939111709594727 87284 0
0.12295293807983398 0.0231015682220459 104820 0
0.12151265144348145 0.022415876388549805 98254 0
0.1271219253540039 0.022914886474609375 102174 0
0.12781381607055664 0.021787166595458984 105216 0
0.12607622146606445 0.024373531341552734 105226 0
0.12941503524780273 0.02476787567138672 101956 0
0.13010096549987793 0.023458480834960938 108944 0
0.12449765205383301 0.02372455596923828 109396 0
0.12305951118469238 0.024236679077148438 108422 0
0.12409043312072754 0.022318363189697266 107296 0
0.12371563911437988 0.024258852005004883 108696 0
0.12906813621520996 0.023179054260253906 100064 0
0.12566518783569336 0.02188897132873535 109770 0
0.12731456756591797 0.02358555793762207 107790 0
0.13123798370361328 0.024071455001831055 108834 0
0.13129353523254395 0.022316455841064453 108244 0
0.12451553344726562 0.023606061935424805 107956 0
0.12550640106201172 0.023261070251464844 106602 0
0.1307392120361328 0.023429155349731445 106542 0
0.12963342666625977 0.022273540496826172 98738 0
0.12656664848327637 0.02336263656616211 105602 0
0.12409591674804688 0.023040294647216797 107342 0
0.1250317096710205 0.022984027862548828 106824 0
0.12907099723815918 0.022247791290283203 105914 0
0.12136030197143555 0.02319812774658203 104524 0
0.12160682678222656 0.022553205490112305 105814 0
0.12439703941345215 0.022562503814697266 100184 0
0.12603402137756348 0.023247241973876953 107400 0
0.12843728065490723 0.023694753646850586 106332 0
0.1221456527709961 0.02150583267211914 86042 0
0.12495613098144531 0.021970510482788086 103436 0
0.12455224990844727 0.02379322052001953 95400 0
0.12551212310791016 0.0247499942779541 97472 0
0.12941360473632812 0.022675275802612305 103942 0
0.12335395812988281 0.024052143096923828 105666 0
0.12497639656066895 0.023371458053588867 103604 0
0.12370848655700684 0.024307966232299805 106942 0
0.13021159172058105 0.025043249130249023 105658 0
0.12526917457580566 0.021610736846923828 105342 0
0.1253960132598877 0.0235745906829834 104564 0
0.12422990798950195 0.0219573974609375 105578 0
0.12230062484741211 0.02184152603149414 95756 0
0.1223287582397461 0.023459672927856445 107574 0
0.12044334411621094 0.02165508270263672 103618 0
0.12517857551574707 0.021433353424072266 103262 0
0.12144327163696289 0.02162909507751465 102744 0
0.12652325630187988 0.023758411407470703 105766 0
0.1217048168182373 0.023761749267578125 105788 0
0.13062667846679688 0.022720813751220703 104804 0
0.12255287170410156 0.021506071090698242 94298 0
0.12406110763549805 0.023194551467895508 103930 0
0.12300634384155273 0.02333807945251465 106158 0
0.12558197975158691 0.0234527587890625 105206 0
0.12987542152404785 0.02296137809753418 105982 0
0.1282660961151123 0.02410602569580078 104944 0
0.12595272064208984 0.022030353546142578 105342 0
0.12276339530944824 0.02177882194519043 99462 0
0.12505269050598145 0.02190852165222168 105620 0
0.13199281692504883 0.023708581924438477 105018 0
0.11882996559143066 0.021400928497314453 88618 0
0.12279820442199707 0.02231574058532715 102774 0
0.12352585792541504 0.022062301635742188 94392 0
0.12414026260375977 0.023051023483276367 102662 0
0.12784051895141602 0.023652315139770508 105342 0
0.12208771705627441 0.02179121971130371 104160 0
0.12879419326782227 0.022910594940185547 101278 0
0.12604093551635742 0.022536277770996094 104142 0
0.1289076805114746 0.023342609405517578 104602 0
0.12708544731140137 0.023049354553222656 107590 0
0.1221306324005127 0.022781848907470703 107364 0
0.1238865852355957 0.0232546329498291 105370 0
0.11885786056518555 0.021005868911743164 97004 0
0.12303781509399414 0.022483110427856445 106038 0
0.12334465980529785 0.02270221710205078 107948 0
0.12416243553161621 0.0235445499420166 107708 0
0.12709927558898926 0.02397441864013672 107446 0
0.12761855125427246 0.023906230926513672 107398 0
0.12320995330810547 0.02174520492553711 103620 0
0.12859654426574707 0.021558046340942383 105896 0
0.12437891960144043 0.023364782333374023 98294 0
0.1291661262512207 0.028142929077148438 104802 0
0.1313796043395996 0.02334904670715332 114008 0
0.1318824291229248 0.02347731590270996 113748 0
0.12525582313537598 0.023885250091552734 113664 0
0.12422895431518555 0.023962736129760742 114794 0
0.12767362594604492 0.0229189395904541 115352 0
0.1248481273651123 0.02394866943359375 114214 0
0.12792348861694336 0.02204442024230957 115234 0
0.1277177333831787 0.0232391357421875 113194 0
0.12697553634643555 0.02236342430114746 112788 0
0.12932300567626953 0.02332901954650879 113776 0
0.12688541412353516 0.023236751556396484 110346 0
0.12415194511413574 0.023849010467529297 112530 0
0.13109421730041504 0.022441625595092773 113470 0
0.1267390251159668 0.02342677116394043 113768 0
0.13739299774169922 0.0242464542388916 115798 0
0.12847304344177246 0.023466110229492188 115178 0
0.12628841400146484 0.028869152069091797 114578 0
0.12634038925170898 0.02351069450378418 114584 0
0.12883329391479492 0.023404359817504883 114982 0
0.1311628818511963 0.025089502334594727 114084 0
0.1324307918548584 0.023042678833007812 111044 0
0.1240854263305664 0.023929357528686523 111486 0
0.131941556930542 0.022643089294433594 112402 0
0.12449526786804199 0.02382636070251465 111706 0
0.12674617767333984 0.023516178131103516 113196 0
0.12437963485717773 0.023768901824951172 111298 0
0.12390732765197754 0.023341655731201172 108582 0
0.13316035270690918 0.022422313690185547 114216 0
0.13158178329467773 0.021735191345214844 114790 0
0.1366117000579834 0.023794174194335938 113322 0
0.12606334686279297 0.023698806762695312 113160 0
0.1296098232269287 0.02304363250732422 114266 0
0.12790465354919434 0.0242159366607666 113220 0
0.13075494766235352 0.023655414581298828 113032 0
0.129378080368042 0.023363828659057617 111212 0
0.12757468223571777 0.02225494384765625 112088 0
0.12711882591247559 0.022823810577392578 108560 0
0.13037443161010742 0.02276134490966797 113282 0
0.1270158290863037 0.023741722106933594 113864 0
0.12701916694641113 0.024054288864135742 108462 0
0.13070940971374512 0.022490978240966797 110624 0
0.12682604789733887 0.02475738525390625 111630 0
0.1265561580657959 0.022588491439819336 110836 0
0.12679076194763184 0.022591590881347656 108372 0
0.12500953674316406 0.022504091262817383 110198 0
0.12483739852905273 0.022281646728515625 110298 0
0.12811660766601562 0.021803855895996094 108880 0
0.12453961372375488 0.023635387420654297 110516 0
0.12736964225769043 0.025437116622924805 113482 0
0.13172364234924316 0.022477388381958008 110288 0
0.12649297714233398 0.02412581443786621 112886 0
0.13256597518920898 0.023013591766357422 112860 0
0.12572884559631348 0.02340865135192871 111510 0
0.1263139247894287 0.023001670837402344 110440 0
0.12380504608154297 0.021144390106201172 107654 0
0.12502264976501465 0.024417400360107422 107512 0
0.12327766418457031 0.02307271957397461 107642 0
0.13045310974121094 0.023939132690429688 109414 0
0.13463640213012695 0.024090290069580078 110500 0
0.12284159660339355 0.023337602615356445 110344 0
0.12576508522033691 0.023880958557128906 111580 0
0.13369250297546387 0.022432804107666016 110918 0
0.1285228729248047 0.0237429141998291 110426 0
0.12938857078552246 0.022210359573364258 113022 0
0.12871551513671875 0.02278900146484375 111896 0
0.1321699619293213 0.024439573287963867 111618 0
0.1276412010192871 0.023012876510620117 112154 0
0.12671446800231934 0.024489402770996094 114296 0
0.12514209747314453 0.022619009017944336 110308 0
0.1250901222229004 0.0216219425201416 111536 0
0.13042283058166504 0.023322105407714844 110954 0
0.12267351150512695 0.022089719772338867 109634 0
0.12772250175476074 0.024568557739257812 106944 0
0.12401151657104492 0.024286508560180664 115402 0
0.1313340663909912 0.022855281829833984 114582 0
0.12478971481323242 0.02414083480834961 114668 0
0.1272602081298828 0.023817062377929688 114468 0
0.13224196434020996 0.023532390594482422 116652 0
0.1287672519683838 0.02334284782409668 115716 0
0.12904977798461914 0.022441625595092773 117372 0
0.12961578369140625 0.023311614990234375 116194 0
0.13226938247680664 0.022449254989624023 116386 0
0.12660527229309082 0.0288999080657959 102564 0
0.12387871742248535 0.021754026412963867 100516 0
0.12705254554748535 0.023540258407592773 112702 0
0.1292252540588379 0.02329087257385254 117874 0
0.12306714057922363 0.02228236198425293 106638 0
0.12684202194213867 0.02273869514465332 113666 0
0.1266930103302002 0.02445530891418457 105192 0
0.12651753425598145 0.02257394790649414 105602 0
0.12299585342407227 0.023340940475463867 105636 0
0.12624573707580566 0.023604631423950195 109516 0
0.1273043155670166 0.023808002471923828 109970 0
0.13531970977783203 0.022546052932739258 107332 0
0.12631559371948242 0.022647619247436523 112886 0
0.12928271293640137 0.02257370948791504 112800 0
0.12310504913330078 0.021379470825195312 100552 0
0.1336655616760254 0.024599790573120117 114984 0
0.1285381317138672 0.022252321243286133 110532 0
0.12958502769470215 0.02241683006286621 109672 0
0.12833547592163086 0.022834062576293945 115602 0
0.12833571434020996 0.023999691009521484 117000 0
0.12157201766967773 0.022742033004760742 103704 0
0.12941765785217285 0.022988557815551758 115914 0
0.1260359287261963 0.023810386657714844 117236 0
0.12694549560546875 0.0248715877532959 120016 0
0.12787675857543945 0.02521514892578125 117218 0
0.12914419174194336 0.025990962982177734 119054 0
0.13364791870117188 0.023141860961914062 119732 0
0.12785887718200684 0.024822711944580078 120660 0
0.12778925895690918 0.024675607681274414 117408 0
0.13387727737426758 0.025365591049194336 121008 0
0.1360170841217041 0.025052547454833984 122574 0
0.13044166564941406 0.02370905876159668 121374 0
0.13470101356506348 0.023536205291748047 120418 0
0.12614679336547852 0.023343324661254883 119506 0
0.13202714920043945 0.02417469024658203 116346 0
0.1274712085723877 0.024211645126342773 117646 0
0.12784767150878906 0.024207592010498047 119104 0
0.12577509880065918 0.023682355880737305 116032 0
0.12805819511413574 0.022598743438720703 115956 0
0.12612009048461914 0.023737430572509766 117890 0
0.12876558303833008 0.023509502410888672 118600 0
0.12606167793273926 0.02277207374572754 115892 0
0.12782025337219238 0.02486109733581543 120062 0
0.12874364852905273 0.02367258071899414 121054 0
0.12434053421020508 0.02257061004638672 106696 0
0.13128304481506348 0.023198843002319336 119878 0
0.12841343879699707 0.024760961532592773 114874 0
0.1300520896911621 0.022786855697631836 114624 0
0.13085722923278809 0.023801565170288086 120210 0
0.12886404991149902 0.026268482208251953 121072 0
0.12932348251342773 0.024123668670654297 108054 0
0.12993264198303223 0.023465871810913086 119178 0
0.13594436645507812 0.02607107162475586 119582 0
0.12857747077941895 0.022270917892456055 119116 0
0.13299798965454102 0.024338722229003906 119292 0
0.13215351104736328 0.023691177368164062 119598 0
0.13041925430297852 0.022655010223388672 118678 0
0.12849020957946777 0.024483442306518555 119092 0
0.1317307949066162 0.0259554386138916 122190 0
0.12844324111938477 0.024883747100830078 123356 0
0.1277613639831543 0.023821115493774414 121598 0
0.12787675857543945 0.025037288665771484 122696 0
0.13490748405456543 0.024425268173217773 122262 0
0.12946057319641113 0.024251699447631836 123260 0
0.13093876838684082 0.023189783096313477 120772 0
0.13106918334960938 0.023012399673461914 121294 0
0.12836790084838867 0.023430347442626953 119798 0
0.13227033615112305 0.023331165313720703 117834 0
0.13550305366516113 0.026347637176513672 121644 0
0.1264050006866455 0.024046659469604492 121466 0
0.13013792037963867 0.023154020309448242 121964 0
0.12867069244384766 0.023444175720214844 117110 0
0.13656282424926758 0.025724411010742188 122190 0
0.1262071132659912 0.02373504638671875 122714 0
0.12684059143066406 0.022581815719604492 110930 0
0.1341245174407959 0.023053407669067383 122950 0
0.12947940826416016 0.023600339889526367 122490 0
0.13194799423217773 0.023906230926513672 121464 0
0.1271822452545166 0.02499222755432129 124542 0
0.13564491271972656 0.02643108367919922 124856 0
0.12912917137145996 0.02387523651123047 119854 0
0.13574481010437012 0.026292085647583008 125626 0
0.12967157363891602 0.02384471893310547 123876 0
0.13778209686279297 0.023587703704833984 124874 0
0.126539945602417 0.023823261260986328 122578 0
0.12836861610412598 0.02452683448791504 119808 0
0.12738728523254395 0.025083065032958984 119974 0
0.12770485877990723 0.022890329360961914 117664 0
0.1343681812286377 0.02486872673034668 117032 0
0.13537287712097168 0.024591445922851562 119366 0
0.1262669563293457 0.02497696876525879 116978 0
0.13029170036315918 0.023003578186035156 119438 0
0.13137435913085938 0.023988962173461914 117104 0
0.12639784812927246 0.024487733840942383 115670 0
0.1329059600830078 0.023043394088745117 115002 0
0.12628746032714844 0.023964643478393555 114514 0
0.12669825553894043 0.022795438766479492 116590 0
0.128218412399292 0.025031328201293945 116524 0
0.13538122177124023 0.02379631996154785 116980 0
0.12786388397216797 0.023066043853759766 115232 0
0.1300041675567627 0.0229341983795166 114300 0
0.1280510425567627 0.023143529891967773 114880 0
0.13401460647583008 0.02848529815673828 115350 0
0.12517046928405762 0.02428889274597168 114780 0
0.12673735618591309 0.023322343826293945 114990 0
0.12844181060791016 0.024188518524169922 113802 0
0.1257617473602295 0.024415969848632812 114152 0
0.1273798942565918 0.022938966751098633 112362 0
0.12575674057006836 0.024136781692504883 115536 0
0.12684154510498047 0.022926807403564453 114942 0
0.12558412551879883 0.023668766021728516 116206 0
0.1260852813720703 0.022797346115112305 114466 0
0.12406611442565918 0.024729251861572266 114580 0
0.12842392921447754 0.023945331573486328 114632 0
