0.8247411251068115 0.20972800254821777 99849 0
0.884178638458252 0.17726755142211914 100413 0
0.8924412727355957 0.1389329433441162 101879 0
0.8624951839447021 0.22086715698242188 100644 0
0.8644354343414307 0.1625347137451172 103698 0
0.8760476112365723 0.13182926177978516 104649 0
0.8682417869567871 0.19153499603271484 104547 0
0.8581132888793945 0.22396588325500488 104095 0
0.925281286239624 0.1275801658630371 103042 0
0.8426454067230225 0.2244434356689453 104026 0
0.8419327735900879 0.18685460090637207 101762 0
0.8588845729827881 0.15502095222473145 98747 0
0.8587751388549805 0.21752500534057617 102982 0
0.8955349922180176 0.2475295066833496 100443 0
0.8017675876617432 0.21076297760009766 87833 0
0.8296563625335693 0.19078588485717773 101523 0
0.8522727489471436 0.23371338844299316 98644 0
0.8523266315460205 0.21491551399230957 97326 0
0.8393783569335938 0.19127178192138672 93304 0
0.8720364570617676 0.22253942489624023 99019 0
0.8523604869842529 0.2287442684173584 99962 0
0.8176894187927246 0.2207927703857422 97383 0
0.8875658512115479 0.17660999298095703 100456 0
0.8849947452545166 0.14749908447265625 103412 0
0.8222572803497314 0.22215914726257324 103293 0
0.8657658100128174 0.13014650344848633 101848 0
0.8540961742401123 0.17249298095703125 94953 0
0.842308521270752 0.15856456756591797 101401 0
0.8624024391174316 0.18920207023620605 101738 0
0.8690071105957031 0.12533950805664062 98543 0
0.8380284309387207 0.22567105293273926 101314 0
0.8256847858428955 0.23070979118347168 103126 0
0.8424990177154541 0.20749258995056152 100484 0
0.9077239036560059 0.20558786392211914 100674 0
0.8647117614746094 0.2174379825592041 95669 0
0.888887882232666 0.21857261657714844 102755 0
0.8461782932281494 0.1988072395324707 107279 0
0.8498718738555908 0.2178797721862793 104940 0
0.8476958274841309 0.1909172534942627 107377 0
0.869274377822876 0.18732571601867676 103123 0
0.8455140590667725 0.20289969444274902 97740 0
0.852764368057251 0.2001960277557373 100274 0
0.8356771469116211 0.21915936470031738 103222 0
0.8514187335968018 0.2244873046875 103692 0
0.805936336517334 0.21238374710083008 93092 0
0.8496518135070801 0.21190881729125977 102830 0
0.8403751850128174 0.2275543212890625 104879 0
0.8609869480133057 0.20648574829101562 102294 0
0.8442976474761963 0.23732948303222656 103743 0
0.8674492835998535 0.14617395401000977 103246 0
0.8510401248931885 0.23940086364746094 103476 0
0.8459641933441162 0.22263526916503906 104582 0
0.8689358234405518 0.20425963401794434 103120 0
0.8426723480224609 0.22544527053833008 104669 0
0.8815367221832275 0.1479954719543457 104349 0
0.8633346557617188 0.20830774307250977 105251 0
0.8680801391601562 0.1855602264404297 105451 0
0.8897871971130371 0.19852495193481445 104993 0
0.8463225364685059 0.21088480949401855 105318 0
0.844029426574707 0.2168123722076416 105537 0
0.8654413223266602 0.17019367218017578 104275 0
0.8425002098083496 0.23557472229003906 103834 0
0.8466119766235352 0.18369269371032715 104342 0
0.843193531036377 0.21310210227966309 102596 0
0.8311851024627686 0.19489264488220215 99413 0
0.8703570365905762 0.1779468059539795 103671 0
0.8625504970550537 0.18616414070129395 103291 0
0.8462841510772705 0.2174828052520752 103939 0
0.8171274662017822 0.19698452949523926 104508 0
0.8794519901275635 0.19743013381958008 102434 0
0.8819029331207275 0.15440154075622559 101445 0
0.8565332889556885 0.18683290481567383 99054 0
0.8530130386352539 0.2519264221191406 103013 0
0.8524720668792725 0.19460010528564453 101176 0
0.7950608730316162 0.23608756065368652 89528 0
0.7916297912597656 0.19884967803955078 101546 0
0.8568651676177979 0.2104489803314209 101529 0
0.842094898223877 0.19616055488586426 98320 0
0.8134276866912842 0.15839743614196777 99137 0
0.8393058776855469 0.21435761451721191 99240 0
0.8954629898071289 0.15628480911254883 102614 0
0.8613626956939697 0.19464397430419922 103028 0
0.8697588443756104 0.1521151065826416 99770 0
0.8189194202423096 0.20210909843444824 100565 0
0.8450827598571777 0.2111375331878662 101757 0
0.8547830581665039 0.18627095222473145 101945 0
0.8139951229095459 0.19942307472229004 98761 0
0.8363680839538574 0.1985301971435547 102519 0
0.8687937259674072 0.19092202186584473 102576 0
0.8945944309234619 0.211287260055542 102862 0
0.8596611022949219 0.20237278938293457 102156 0
0.8438732624053955 0.1439070701599121 102253 0
0.8659508228302002 0.15325164794921875 101986 0
0.8924164772033691 0.15854930877685547 98822 0
0.8487517833709717 0.20556235313415527 103125 0
0.837291955947876 0.2064352035522461 101491 0
0.8428401947021484 0.20318889617919922 88437 0
0.8168001174926758 0.20923638343811035 102968 0
0.8314793109893799 0.21585488319396973 102545 0
0.8283638954162598 0.20392251014709473 98725 0
0.8285651206970215 0.19977426528930664 100659 0
0.891118049621582 0.14340424537658691 102335 0
0.8739948272705078 0.2114725112915039 102135 0
0.8701987266540527 0.18641138076782227 105222 0
0.8374793529510498 0.167464017868042 104262 0
0.8285441398620605 0.23167109489440918 104460 0
0.8509955406188965 0.19988799095153809 104789 0
0.8761851787567139 0.18888282775878906 106098 0
0.8512964248657227 0.19829511642456055 105093 0
0.8604042530059814 0.20780348777770996 104637 0
0.8439280986785889 0.22095417976379395 104239 0
0.8865561485290527 0.17381525039672852 104156 0
0.9036929607391357 0.1361851692199707 104984 0
0.8468825817108154 0.1480419635772705 104813 0
0.8592722415924072 0.23217988014221191 102534 0
0.8721790313720703 0.20912909507751465 103815 0
0.8135576248168945 0.19175100326538086 96378 0
0.8042263984680176 0.17093300819396973 104619 0
0.8365151882171631 0.22414851188659668 104554 0
0.8496673107147217 0.21608495712280273 105024 0
0.8653483390808105 0.22481799125671387 102658 0
0.8606033325195312 0.18877100944519043 103339 0
0.842423677444458 0.21397805213928223 102641 0
0.88869309425354 0.16405272483825684 100591 0
0.8294503688812256 0.2275378704071045 102724 0
0.8739383220672607 0.15650534629821777 103410 0
0.7798609733581543 0.24246716499328613 89734 0
0.8237228393554688 0.20659208297729492 100641 0
0.8108260631561279 0.21089482307434082 93763 0
0.8261232376098633 0.2015681266784668 94075 0
0.8631620407104492 0.15998125076293945 96884 0
0.8911442756652832 0.19580721855163574 98366 0
0.81211256980896 0.19420671463012695 94334 0
0.8409438133239746 0.21033120155334473 99384 0
0.856285810470581 0.21346116065979004 102056 0
0.8537538051605225 0.22090792655944824 103408 0
0.8441207408905029 0.1838691234588623 104022 0
0.8424804210662842 0.21327996253967285 104089 0
0.8468267917633057 0.18183112144470215 101965 0
0.8640110492706299 0.21025705337524414 103330 0
0.8549172878265381 0.23085880279541016 104170 0
0.8619334697723389 0.20564723014831543 105957 0
0.8935608863830566 0.19839167594909668 103689 0
0.8471002578735352 0.213395357131958 104037 0
0.8837478160858154 0.21004915237426758 103352 0
0.8871428966522217 0.2116563320159912 107651 0
0.8456070423126221 0.18934273719787598 105011 0
0.8706576824188232 0.22100353240966797 102961 0
0.8376984596252441 0.23650527000427246 100649 0
0.8245365619659424 0.23618483543395996 100850 0
0.8334481716156006 0.19362688064575195 104460 0
0.8438608646392822 0.19436860084533691 108548 0
0.8496251106262207 0.20041561126708984 108277 0
0.8424243927001953 0.20294737815856934 107719 0
0.8476674556732178 0.21075701713562012 108162 0
0.8943679332733154 0.19702672958374023 104899 0
0.8041210174560547 0.20401930809020996 90405 0
0.8352768421173096 0.20277953147888184 101567 0
0.8732869625091553 0.1601874828338623 103815 0
0.78672194480896 0.20788335800170898 95745 0
0.8528110980987549 0.19866275787353516 95639 0
0.8251228332519531 0.20192384719848633 97518 0
0.8137400150299072 0.21818041801452637 96019 0
0.8326592445373535 0.19911837577819824 97785 0
0.876387357711792 0.19173693656921387 102685 0
0.853928804397583 0.22163939476013184 98360 0
0.8360481262207031 0.20520544052124023 98842 0
0.873154878616333 0.2261664867401123 103156 0
0.88059401512146 0.1382124423980713 100841 0
0.8805220127105713 0.2075803279876709 106866 0
0.8408446311950684 0.2286999225616455 100529 0
0.8601458072662354 0.2286052703857422 104526 0
0.8612408638000488 0.21368908882141113 104486 0
0.8626129627227783 0.2099449634552002 106893 0
0.8586647510528564 0.181016206741333 105529 0
0.8321325778961182 0.20569658279418945 106677 0
0.8790304660797119 0.17681336402893066 101094 0
0.8016402721405029 0.22159576416015625 107305 0
0.855952262878418 0.17894697189331055 107385 0
0.8947138786315918 0.1753230094909668 107728 0
0.8376882076263428 0.20543980598449707 106008 0
0.8212392330169678 0.2072768211364746 105255 0
0.8730692863464355 0.17250537872314453 105736 0
0.8192281723022461 0.20951342582702637 100530 0
0.836848258972168 0.22943806648254395 106206 0
0.8679885864257812 0.17463970184326172 104577 0
0.8263187408447266 0.2156381607055664 91116 0
0.8651859760284424 0.22734928131103516 107132 0
0.8820745944976807 0.18625736236572266 107074 0
0.8359417915344238 0.2144336700439453 101088 0
0.8649682998657227 0.1662275791168213 103376 0
0.894946813583374 0.20032024383544922 104549 0
0.8603124618530273 0.21757268905639648 104595 0
0.86041259765625 0.20409297943115234 105444 0
0.8372287750244141 0.2163679599761963 104078 0
0.8683168888092041 0.20549678802490234 104069 0
0.8816628456115723 0.16456031799316406 104835 0
0.857825756072998 0.19859695434570312 105678 0
0.8648815155029297 0.21526527404785156 104922 0
0.8681526184082031 0.21007752418518066 103668 0
0.8256571292877197 0.21785783767700195 98751 0
0.7913222312927246 0.22962212562561035 90215 0
0.7978265285491943 0.19647502899169922 87349 0
0.8159561157226562 0.17685556411743164 89326 0
0.8151938915252686 0.20660066604614258 88403 0
0.8196418285369873 0.198805570602417 89446 0
0.8190927505493164 0.20962882041931152 88928 0
0.8025968074798584 0.21969270706176758 89294 0
0.843646764755249 0.21482229232788086 91737 0
0.8330271244049072 0.19164085388183594 91509 0
0.8535318374633789 0.14344215393066406 88856 0
0.8282899856567383 0.21219515800476074 89473 0
0.8041059970855713 0.20475387573242188 90059 0
0.8205389976501465 0.21742963790893555 88771 0
0.8351645469665527 0.13510727882385254 89531 0
0.850956916809082 0.2134256362915039 88441 0
0.8344590663909912 0.13389992713928223 89201 0
0.7977232933044434 0.200364351272583 83769 0
0.8245391845703125 0.18245577812194824 89273 0
0.8111627101898193 0.20937824249267578 89824 0
0.8285162448883057 0.21199369430541992 90035 0
0.7879993915557861 0.21580958366394043 89816 0
0.8292117118835449 0.14339256286621094 90086 0
0.8270649909973145 0.20847797393798828 91116 0
0.86026930809021 0.13921809196472168 90983 0
0.816939115524292 0.18800950050354004 90354 0
0.7791275978088379 0.18407678604125977 90801 0
0.7598531246185303 0.21965765953063965 89707 0
0.807318925857544 0.24071049690246582 89240 0
0.826002836227417 0.20480680465698242 89349 0
0.783621072769165 0.22944140434265137 88475 0
0.7998545169830322 0.17108964920043945 88876 0
0.8376815319061279 0.17569947242736816 88990 0
0.7981760501861572 0.1793513298034668 89951 0
0.8303921222686768 0.18743133544921875 90305 0
0.8437314033508301 0.16782546043395996 89850 0
0.8462436199188232 0.23924016952514648 90322 0
0.8423333168029785 0.21761488914489746 88949 0
0.7991483211517334 0.2134854793548584 88737 0
0.8138108253479004 0.19451904296875 89091 0
0.8414855003356934 0.17400765419006348 88484 0
0.8616383075714111 0.2089705467224121 88593 0
0.8156757354736328 0.17881989479064941 89871 0
0.7977735996246338 0.19801998138427734 89726 0
0.859473466873169 0.18120670318603516 89445 0
0.7675466537475586 0.21065354347229004 88545 0
0.8034985065460205 0.18921852111816406 88601 0
0.823706865310669 0.17853212356567383 82388 0
0.8064413070678711 0.23174023628234863 88801 0
0.8270242214202881 0.150529146194458 88743 0
0.8397417068481445 0.15569233894348145 89868 0
0.8924672603607178 0.15000081062316895 89607 0
0.7907161712646484 0.20406198501586914 89894 0
0.8028218746185303 0.18624663352966309 90260 0
0.7927522659301758 0.16216206550598145 89629 0
0.8174183368682861 0.1799755096435547 89868 0
0.7964639663696289 0.1769406795501709 88945 0
0.8125190734863281 0.1827547550201416 88956 0
0.8053684234619141 0.2052009105682373 88382 0
0.7981817722320557 0.19553303718566895 87874 0
0.7996602058410645 0.1940474510192871 88450 0
0.8134932518005371 0.2099604606628418 88102 0
0.8072075843811035 0.1921401023864746 89033 0
0.8105747699737549 0.20252752304077148 89951 0
0.844287633895874 0.143463134765625 90282 0
0.82602858543396 0.22992873191833496 89704 0
0.8562760353088379 0.18867731094360352 89848 0
0.8156349658966064 0.19906878471374512 89098 0
0.820512056350708 0.20934391021728516 91358 0
0.832352876663208 0.1772599220275879 89344 0
0.82822585105896 0.20511603355407715 88687 0
0.8238804340362549 0.19257616996765137 88958 0
0.8089866638183594 0.16175556182861328 89474 0
0.8412075042724609 0.18052172660827637 95582 0
0.8577768802642822 0.16825127601623535 95808 0
0.8304538726806641 0.19112133979797363 90533 0
0.8381295204162598 0.19674086570739746 101098 0
0.8075375556945801 0.2022864818572998 96768 0
0.8590776920318604 0.1870584487915039 100238 0
0.8151307106018066 0.17699813842773438 97390 0
0.8298068046569824 0.18801188468933105 95772 0
0.817047119140625 0.20012402534484863 95309 0
0.832291841506958 0.16852188110351562 95704 0
0.8294527530670166 0.2056124210357666 95504 0
0.8054041862487793 0.20839357376098633 95687 0
0.8106255531311035 0.20096898078918457 95330 0
0.8198902606964111 0.1817305088043213 90691 0
0.8219385147094727 0.15712690353393555 90278 0
0.8015642166137695 0.19414710998535156 87540 0
0.8290326595306396 0.22120904922485352 89556 0
0.8162963390350342 0.1923847198486328 89492 0
0.8240854740142822 0.1868605613708496 88393 0
0.845484733581543 0.15050172805786133 87862 0
0.8150668144226074 0.2044527530670166 88250 0
0.8253388404846191 0.21098828315734863 88165 0
0.8331379890441895 0.19235682487487793 89241 0
0.820605993270874 0.19920110702514648 90165 0
0.8209075927734375 0.20273804664611816 90797 0
0.8431100845336914 0.15169644355773926 90724 0
0.7920424938201904 0.2293078899383545 81892 0
0.8027439117431641 0.2219409942626953 90734 0
0.8205673694610596 0.20170259475708008 91236 0
0.8282637596130371 0.2146468162536621 88948 0
0.8224573135375977 0.22297215461730957 90148 0
0.8168792724609375 0.19343328475952148 91085 0
0.8709304332733154 0.12842512130737305 90317 0
0.8100593090057373 0.1836564540863037 91725 0
0.853919506072998 0.15330958366394043 90222 0
0.8085768222808838 0.19828200340270996 89726 0
0.7970221042633057 0.21323776245117188 90208 0
0.8010737895965576 0.20071101188659668 88890 0
0.8254685401916504 0.20702719688415527 89494 0
0.7978904247283936 0.19984769821166992 89839 0
0.815143346786499 0.15362310409545898 91657 0
0.7981588840484619 0.2051079273223877 92372 0
0.8070046901702881 0.20323514938354492 91049 0
0.8073215484619141 0.22194528579711914 90683 0
0.8594067096710205 0.2332015037536621 90077 0
0.8114731311798096 0.20813727378845215 91205 0
0.8374104499816895 0.16272687911987305 89913 0
0.8070428371429443 0.2146928310394287 89821 0
0.8074147701263428 0.19289946556091309 90388 0
0.8050117492675781 0.13279104232788086 89897 0
0.8481135368347168 0.2071533203125 90192 0
0.8083162307739258 0.21426677703857422 90401 0
0.8263108730316162 0.17577052116394043 89442 0
0.8331670761108398 0.22072434425354004 89454 0
0.8329746723175049 0.12882614135742188 90922 0
0.8156859874725342 0.2177896499633789 90101 0
0.8008842468261719 0.21940994262695312 80951 0
0.8236241340637207 0.21836018562316895 89573 0
0.8142080307006836 0.232255220413208 91135 0
0.8063867092132568 0.24916863441467285 88079 0
0.7864770889282227 0.23270773887634277 91710 0
0.838569164276123 0.1731550693511963 91062 0
0.8275773525238037 0.14145612716674805 89325 0
0.7542076110839844 0.1440117359161377 92456 0
0.8252816200256348 0.22075533866882324 91759 0
0.8000950813293457 0.2049543857574463 91386 0
0.842954158782959 0.19805693626403809 91835 0
0.7969567775726318 0.21092510223388672 89919 0
0.8115475177764893 0.18811750411987305 90023 0
0.8031606674194336 0.20950579643249512 89194 0
0.8364975452423096 0.205580472946167 90187 0
0.7917933464050293 0.21338963508605957 90486 0
0.8080592155456543 0.19143366813659668 90694 0
0.8040657043457031 0.20308232307434082 91557 0
0.8196933269500732 0.2090146541595459 91338 0
0.8253962993621826 0.19414186477661133 91138 0
0.7919578552246094 0.2115933895111084 90465 0
0.8630752563476562 0.17760443687438965 90302 0
0.8247292041778564 0.20602703094482422 91417 0
0.8083066940307617 0.20850872993469238 90150 0
0.7652285099029541 0.1846630573272705 91125 0
0.8178842067718506 0.16401171684265137 91430 0
0.8042573928833008 0.15530610084533691 89295 0
0.8356916904449463 0.13912200927734375 88457 0
0.8291976451873779 0.2228076457977295 91341 0
0.814096212387085 0.20196223258972168 89900 0
0.8017561435699463 0.1837174892425537 79394 0
0.8009681701660156 0.20910906791687012 89205 0
0.7716977596282959 0.20563745498657227 88948 0
0.8253717422485352 0.1399703025817871 86682 0
0.8230245113372803 0.210221529006958 91161 0
0.8591868877410889 0.18196892738342285 91375 0
0.8337211608886719 0.19513177871704102 83367 0
0.7802019119262695 0.19156241416931152 77519 0
0.794896125793457 0.2059178352355957 89603 0
0.819145917892456 0.20806574821472168 90508 0
0.8155896663665771 0.20982742309570312 92472 0
0.7918484210968018 0.19749689102172852 92334 0
0.8230738639831543 0.1977062225341797 92172 0
0.8116543292999268 0.19180679321289062 92228 0
0.8231101036071777 0.21677207946777344 90796 0
0.804086446762085 0.21425747871398926 89813 0
0.7847950458526611 0.1896040439605713 79295 0
0.8005671501159668 0.17983508110046387 78805 0
0.7985103130340576 0.20942902565002441 91118 0
0.813565731048584 0.21653509140014648 91815 0
0.8581147193908691 0.1761925220489502 89117 0
0.8170068264007568 0.19182872772216797 90076 0
0.8130497932434082 0.19274353981018066 89952 0
0.7837281227111816 0.20129847526550293 89888 0
0.8292970657348633 0.22888970375061035 90959 0
0.8563306331634521 0.20253396034240723 92138 0
0.8042635917663574 0.18769335746765137 90962 0
0.822516918182373 0.25736427307128906 90501 0
0.74871826171875 0.154249906539917 94403 0
0.808525800704956 0.1941385269165039 91488 0
0.7855613231658936 0.2090449333190918 85245 0
0.8331680297851562 0.1943814754486084 90662 0
0.8071143627166748 0.20212984085083008 89986 0
0.8025271892547607 0.18825888633728027 89634 0
0.7984373569488525 0.1694316864013672 92247 0
0.8308205604553223 0.1998434066772461 89755 0
0.7993948459625244 0.20125436782836914 89625 0
0.7952568531036377 0.2348029613494873 89173 0
0.8509793281555176 0.19747185707092285 90183 0
0.7929732799530029 0.16255545616149902 89151 0
0.798551082611084 0.18472504615783691 88547 0
0.8321051597595215 0.1652822494506836 86492 0
0.8132882118225098 0.18691563606262207 86897 0
0.8093388080596924 0.18602347373962402 87358 0
0.8200173377990723 0.18160319328308105 86784 0
0.8077337741851807 0.17133617401123047 87792 0
0.8500056266784668 0.14928317070007324 87932 0
0.8500657081604004 0.13831567764282227 86240 0
0.8228545188903809 0.2174515724182129 85793 0
0.8531138896942139 0.18078017234802246 85527 0
0.8372383117675781 0.16811418533325195 83596 0
0.7523739337921143 0.21976232528686523 76274 0
0.8432366847991943 0.170318603515625 84504 0
0.8423728942871094 0.15851831436157227 84047 0
0.8163166046142578 0.1650562286376953 84526 0
0.7893354892730713 0.18786191940307617 82613 0
0.7939817905426025 0.20497560501098633 84054 0
0.8336632251739502 0.1926720142364502 83431 0
0.82220458984375 0.21103858947753906 82287 0
0.815648078918457 0.21585536003112793 83252 0
0.8025178909301758 0.18610310554504395 83471 0
0.8195285797119141 0.14894819259643555 83027 0
0.8079557418823242 0.18488383293151855 83266 0
0.8075859546661377 0.19267606735229492 84813 0
0.786177396774292 0.22175812721252441 81979 0
0.8043291568756104 0.19495487213134766 83462 0
0.8031487464904785 0.17755365371704102 83052 0
0.828993558883667 0.20566868782043457 82046 0
0.7990798950195312 0.1787428855895996 82074 0
0.8475148677825928 0.17409086227416992 83651 0
0.7757976055145264 0.21106743812561035 83423 0
0.8233942985534668 0.16736245155334473 83013 0
0.8374602794647217 0.16997241973876953 83434 0
0.7979280948638916 0.21795225143432617 83877 0
0.7714381217956543 0.16894960403442383 84647 0
0.8088304996490479 0.1833028793334961 84441 0
0.8047266006469727 0.21761655807495117 82773 0
0.8067929744720459 0.1275348663330078 83356 0
0.7654454708099365 0.2135148048400879 82094 0
0.8263611793518066 0.15783381462097168 82692 0
0.8273191452026367 0.2170274257659912 82646 0
0.8009779453277588 0.22139382362365723 73214 0
0.7582919597625732 0.20301198959350586 83633 0
0.8012959957122803 0.13963079452514648 81748 0
0.7966277599334717 0.17053437232971191 83626 0
0.7720499038696289 0.22364044189453125 82616 0
0.8009700775146484 0.21818280220031738 82066 0
0.7995657920837402 0.23549890518188477 83259 0
0.816087007522583 0.18711042404174805 81879 0
0.823784589767456 0.19001412391662598 82984 0
0.8200681209564209 0.20008492469787598 84254 0
0.8455584049224854 0.21202588081359863 82749 0
0.7837717533111572 0.21385765075683594 81713 0
0.8007411956787109 0.18401145935058594 83860 0
0.8233537673950195 0.19841384887695312 80907 0
0.8170361518859863 0.23430418968200684 81613 0
0.8042287826538086 0.21306967735290527 81935 0
0.8115956783294678 0.14631867408752441 81234 0
0.8277959823608398 0.19968128204345703 81016 0
0.8159792423248291 0.15372896194458008 82270 0
0.822777271270752 0.14947104454040527 81286 0
0.8131122589111328 0.17885637283325195 81623 0
0.7962501049041748 0.1828920841217041 82439 0
0.7851018905639648 0.2086181640625 81627 0
0.8408257961273193 0.19908976554870605 81586 0
0.78165602684021 0.21220946311950684 81971 0
0.7711701393127441 0.19893455505371094 82193 0
0.863945722579956 0.15429282188415527 81313 0
0.7856247425079346 0.15223193168640137 80143 0
0.8201839923858643 0.16372919082641602 80621 0
0.8258569240570068 0.15602922439575195 81284 0
0.8215041160583496 0.2090597152709961 71428 0
0.8080058097839355 0.20102763175964355 79654 0
0.8443610668182373 0.14892792701721191 82227 0
0.8051693439483643 0.20958924293518066 81792 0
0.808690071105957 0.20906329154968262 79745 0
0.814077615737915 0.2025156021118164 81064 0
0.7947955131530762 0.2195751667022705 82535 0
0.7822601795196533 0.24728178977966309 81838 0
0.8077297210693359 0.21582245826721191 81705 0
0.8360705375671387 0.21057772636413574 81846 0
0.822284460067749 0.15255975723266602 81261 0
0.8177673816680908 0.13445162773132324 80773 0
0.7873733043670654 0.17956757545471191 80516 0
0.8279879093170166 0.19772648811340332 80143 0
0.8071472644805908 0.16572356224060059 79632 0
0.7705578804016113 0.21148300170898438 81072 0
0.7505931854248047 0.22169184684753418 78084 0
0.8171141147613525 0.16695046424865723 77860 0
0.793499231338501 0.20424294471740723 78757 0
0.7917029857635498 0.22123169898986816 78800 0
0.8045048713684082 0.21556544303894043 78714 0
0.8233294486999512 0.1490027904510498 80133 0
0.8127341270446777 0.20407557487487793 80696 0
0.8041000366210938 0.22934293746948242 80311 0
0.8632864952087402 0.16934609413146973 80994 0
0.8462789058685303 0.21502685546875 80922 0
0.7858166694641113 0.1996753215789795 78246 0
0.8327665328979492 0.15214037895202637 75784 0
0.7696471214294434 0.20281577110290527 76519 0
0.7698442935943604 0.18517398834228516 75829 0
0.7553479671478271 0.21921348571777344 68283 0
0.7680134773254395 0.20724701881408691 76564 0
0.7735188007354736 0.1989133358001709 77221 0
0.77740478515625 0.20644617080688477 76863 0
0.8107588291168213 0.14931964874267578 74398 0
0.794774055480957 0.22240233421325684 75018 0
0.7666189670562744 0.20174145698547363 79658 0
0.8112432956695557 0.1877143383026123 77684 0
0.7917964458465576 0.19710826873779297 76786 0
0.8126640319824219 0.2046985626220703 76848 0
0.8071193695068359 0.20385432243347168 75064 0
0.786963701248169 0.20380949974060059 74868 0
0.7534942626953125 0.22828388214111328 73958 0
0.7960789203643799 0.16085338592529297 74162 0
0.7185404300689697 0.2128734588623047 74566 0
0.7711696624755859 0.21553492546081543 75009 0
0.8110504150390625 0.22221875190734863 75386 0
0.7751274108886719 0.15817975997924805 78918 0
0.7710061073303223 0.14932608604431152 77360 0
0.7652873992919922 0.19791221618652344 76278 0
0.8200011253356934 0.22022008895874023 76263 0
0.7633318901062012 0.21097350120544434 76999 0
0.7728672027587891 0.20467329025268555 76506 0
0.7771182060241699 0.2229619026184082 76970 0
0.7720978260040283 0.2182776927947998 75603 0
0.7473106384277344 0.1698000431060791 75619 0
0.786290168762207 0.19182491302490234 74721 0
0.7632036209106445 0.2470531463623047 73389 0
0.7848052978515625 0.2070474624633789 74219 0
0.7883651256561279 0.18518877029418945 74388 0
0.7415387630462646 0.18361902236938477 66120 0
0.767540693283081 0.21708416938781738 73408 0
0.8099379539489746 0.20377564430236816 74997 0
0.7502110004425049 0.22677278518676758 76610 0
0.8046951293945312 0.21567058563232422 74344 0
0.7524151802062988 0.19026494026184082 77098 0
0.7675421237945557 0.21259284019470215 75548 0
0.7683727741241455 0.20542311668395996 75074 0
0.8115546703338623 0.17029547691345215 78116 0
0.7935583591461182 0.14888310432434082 76882 0
0.7655684947967529 0.15620636940002441 67252 0
0.7511003017425537 0.20481324195861816 76540 0
0.7974076271057129 0.15600156784057617 78482 0
0.7913248538970947 0.23299479484558105 76834 0
0.8055810928344727 0.19966983795166016 76559 0
0.7403597831726074 0.20441412925720215 78475 0
0.8022894859313965 0.18309450149536133 79416 0
0.7916631698608398 0.22949433326721191 79632 0
0.8104875087738037 0.20013165473937988 80688 0
0.8099377155303955 0.2045137882232666 78189 0
0.7918102741241455 0.21414470672607422 79787 0
0.8299124240875244 0.15298891067504883 78269 0
0.7823777198791504 0.1906726360321045 78906 0
0.784778356552124 0.2061634063720703 79876 0
0.8025739192962646 0.173811674118042 80332 0
0.8047308921813965 0.21234416961669922 78226 0
0.7687177658081055 0.20267534255981445 75294 0
0.7664229869842529 0.15073108673095703 75580 0
0.8411505222320557 0.18252182006835938 80174 0
0.7984769344329834 0.16260981559753418 80454 0
0.7827811241149902 0.1853342056274414 81246 0
0.8115010261535645 0.1450331211090088 81055 0
0.7550923824310303 0.21800899505615234 79146 0
0.8052408695220947 0.19015812873840332 79856 0
0.7793328762054443 0.21446466445922852 79914 0
0.787238359451294 0.21338224411010742 79167 0
0.7669370174407959 0.20561695098876953 78411 0
0.7902266979217529 0.21030688285827637 78503 0
0.7670412063598633 0.21096491813659668 79658 0
0.8038678169250488 0.17420172691345215 77243 0
0.800950288772583 0.19556212425231934 79767 0
0.7936866283416748 0.21400189399719238 78288 0
0.7889626026153564 0.21003127098083496 79421 0
0.8345756530761719 0.16097640991210938 80032 0
0.8011448383331299 0.18158912658691406 79173 0
0.830265998840332 0.17421340942382812 78735 0
0.7664217948913574 0.22059345245361328 74786 0
0.7853455543518066 0.21327686309814453 77781 0
0.7817094326019287 0.20957541465759277 76396 0
0.7465212345123291 0.1604623794555664 68368 0
0.8173718452453613 0.16530895233154297 77683 0
0.8005044460296631 0.21270322799682617 78634 0
0.7869448661804199 0.20259904861450195 78483 0
0.7796151638031006 0.1676313877105713 76810 0
0.7896013259887695 0.20093846321105957 78293 0
0.8179531097412109 0.1486515998840332 82423 0
0.7903199195861816 0.17610907554626465 80754 0
0.8378798961639404 0.20865440368652344 80876 0
0.8064625263214111 0.1850137710571289 80887 0
0.7782397270202637 0.21297812461853027 79496 0
0.8049373626708984 0.21480965614318848 79699 0
0.7899742126464844 0.21416711807250977 78357 0
0.8310484886169434 0.14636731147766113 79026 0
0.7938313484191895 0.2256157398223877 79338 0
0.815955400466919 0.1657700538635254 78725 0
0.835627555847168 0.18768739700317383 79077 0
0.819537878036499 0.1978604793548584 80184 0
0.8422756195068359 0.18816685676574707 81280 0
0.8164443969726562 0.19486665725708008 79891 0
0.8021821975708008 0.2048959732055664 80501 0
0.8289873600006104 0.18645668029785156 81200 0
0.7725024223327637 0.20191287994384766 80063 0
0.7793562412261963 0.20302081108093262 79926 0
0.8540763854980469 0.15520238876342773 80678 0
0.8168926239013672 0.18497180938720703 96920 0
0.8653161525726318 0.17130637168884277 99389 0
0.8560605049133301 0.20790457725524902 98819 0
0.8356668949127197 0.20480847358703613 100228 0
0.8075864315032959 0.21035075187683105 100482 0
0.8679320812225342 0.18692445755004883 100783 0
0.8348212242126465 0.1953427791595459 101411 0
0.8818502426147461 0.2218155860900879 99604 0
0.8501677513122559 0.1758253574371338 101762 0
0.8216817378997803 0.20096421241760254 101049 0
0.8123562335968018 0.22147107124328613 99247 0
0.8430149555206299 0.19334864616394043 101671 0
0.8502457141876221 0.20087146759033203 101108 0
0.8449065685272217 0.20248913764953613 101030 0
0.8657019138336182 0.1962902545928955 100428 0
0.8120965957641602 0.20954418182373047 100987 0
0.8446216583251953 0.18004655838012695 102311 0
0.839367151260376 0.17564034461975098 99130 0
0.826120138168335 0.18448376655578613 93905 0
0.8590598106384277 0.18326997756958008 100366 0
0.8535811901092529 0.19858098030090332 100922 0
0.8235454559326172 0.17035150527954102 100622 0
0.886594295501709 0.18331289291381836 101346 0
0.834491491317749 0.20914649963378906 101907 0
0.8780512809753418 0.2076091766357422 103735 0
0.8261065483093262 0.18366622924804688 101173 0
0.8650636672973633 0.16835474967956543 102794 0
0.8755009174346924 0.1372511386871338 101947 0
0.8375422954559326 0.20327162742614746 90447 0
0.8471899032592773 0.1869516372680664 101304 0
0.834805965423584 0.21445417404174805 101136 0
0.814401388168335 0.21988892555236816 102987 0
0.9095947742462158 0.23226451873779297 103707 0
0.8513226509094238 0.21152329444885254 105198 0
0.8492386341094971 0.21014904975891113 104163 0
0.8358604907989502 0.19413161277770996 105553 0
0.8387570381164551 0.1933448314666748 104887 0
0.8640224933624268 0.13507747650146484 104541 0
0.8210470676422119 0.15513277053833008 102303 0
0.8502399921417236 0.21138262748718262 106498 0
0.8192501068115234 0.20464062690734863 103754 0
0.8247976303100586 0.20634055137634277 103582 0
0.8673131465911865 0.16063976287841797 104481 0
0.8671894073486328 0.20493149757385254 105045 0
0.8410134315490723 0.23378729820251465 104643 0
0.8492035865783691 0.2061614990234375 106028 0
0.8584809303283691 0.20573973655700684 104959 0
0.9005026817321777 0.19349455833435059 105804 0
0.8520631790161133 0.19598388671875 99368 0
0.8376615047454834 0.20325613021850586 105795 0
0.8218386173248291 0.20603156089782715 106006 0
0.8551568984985352 0.2055056095123291 105520 0
0.8555517196655273 0.21613645553588867 105762 0
0.8516738414764404 0.21194887161254883 105749 0
0.8578259944915771 0.1849830150604248 106423 0
0.8408322334289551 0.1884753704071045 103199 0
0.8526887893676758 0.21708106994628906 106026 0
0.8953914642333984 0.2118701934814453 107095 0
0.8174395561218262 0.2004859447479248 92116 0
0.835491418838501 0.2134382724761963 105623 0
0.8293955326080322 0.20138072967529297 102857 0
0.8489162921905518 0.18354105949401855 101751 0
0.8502593040466309 0.21124601364135742 105435 0
0.8709022998809814 0.18511414527893066 107588 0
0.9166195392608643 0.19559144973754883 102149 0
0.8343055248260498 0.21039485931396484 108631 0
0.8699216842651367 0.2210559844970703 106547 0
0.8649647235870361 0.19989514350891113 106436 0
0.883941650390625 0.15198159217834473 106503 0
0.818838357925415 0.1816723346710205 106049 0
0.883155107498169 0.14733099937438965 102780 0
0.8441603183746338 0.21034502983093262 106168 0
0.8594648838043213 0.21173357963562012 108851 0
0.8748836517333984 0.18706321716308594 106268 0
0.8549294471740723 0.19252324104309082 107067 0
0.8294401168823242 0.1932840347290039 105636 0
0.8380680084228516 0.2024707794189453 107115 0
0.8472702503204346 0.20827293395996094 106852 0
0.8146035671234131 0.19254326820373535 98447 0
0.8250129222869873 0.21490836143493652 105227 0
0.8693585395812988 0.2052302360534668 105870 0
0.8646650314331055 0.15850543975830078 105220 0
0.8331048488616943 0.2122647762298584 104537 0
0.8602361679077148 0.1267855167388916 103914 0
0.9007859230041504 0.15043878555297852 103801 0
0.8617820739746094 0.20527982711791992 100091 0
0.8405342102050781 0.22691130638122559 105420 0
0.8294999599456787 0.20534014701843262 104253 0
0.8382406234741211 0.16019868850708008 87860 0
0.8390264511108398 0.21145915985107422 101223 0
0.8287007808685303 0.19577789306640625 97612 0
0.8351495265960693 0.2102351188659668 96107 0
0.8189496994018555 0.19788908958435059 99361 0
0.8777790069580078 0.18895339965820312 101103 0
0.9207901954650879 0.2219686508178711 98798 0
0.8545746803283691 0.18468022346496582 101299 0
0.8565080165863037 0.1911180019378662 101208 0
0.8473982810974121 0.1842818260192871 99946 0
0.8355917930603027 0.21392059326171875 98163 0
0.8694400787353516 0.1678466796875 98852 0
0.7792587280273438 0.1842207908630371 92955 0
0.8523602485656738 0.20427989959716797 97661 0
0.9049253463745117 0.1969757080078125 98608 0
0.8230483531951904 0.2090139389038086 96972 0
0.8354184627532959 0.1403183937072754 97897 0
0.8363943099975586 0.2030935287475586 98112 0
0.8778977394104004 0.17732739448547363 97196 0
0.8269467353820801 0.24900531768798828 97128 0
0.8226492404937744 0.19803643226623535 93372 0
0.8260195255279541 0.21200132369995117 97284 0
0.833625078201294 0.20496606826782227 99561 0
0.8431751728057861 0.2029116153717041 99845 0
0.8230459690093994 0.22167587280273438 98600 0
0.8448798656463623 0.18882966041564941 99539 0
0.8670516014099121 0.19263505935668945 99169 0
0.8163676261901855 0.1769697666168213 94603 0
0.8564727306365967 0.18284821510314941 96788 0
0.8091802597045898 0.23080658912658691 97136 0
0.7895090579986572 0.20276594161987305 85450 0
0.8335368633270264 0.18730688095092773 96803 0
0.8106226921081543 0.21020770072937012 92871 0
0.8157873153686523 0.20870471000671387 95682 0
0.8722853660583496 0.14598774909973145 97092 0
0.7753043174743652 0.1856839656829834 96996 0
0.8223347663879395 0.20531511306762695 95253 0
0.8553421497344971 0.18537211418151855 98881 0
0.8346872329711914 0.18897581100463867 99163 0
0.819709062576294 0.2013263702392578 100072 0
0.8330135345458984 0.19219160079956055 99924 0
0.8172829151153564 0.2156069278717041 98866 0
0.8045251369476318 0.16806960105895996 93762 0
0.8365676403045654 0.20731735229492188 98781 0
0.8515803813934326 0.19074034690856934 99318 0
0.8174307346343994 0.18696999549865723 98802 0
0.8481979370117188 0.1649172306060791 99107 0
0.8376364707946777 0.19594240188598633 98959 0
0.807539701461792 0.2113487720489502 97567 0
0.8278019428253174 0.19420862197875977 98237 0
0.7823011875152588 0.21285796165466309 92191 0
0.8575122356414795 0.20037841796875 97397 0
0.8507819175720215 0.19721508026123047 98471 0
0.842670202255249 0.20813655853271484 97796 0
0.8574597835540771 0.16388177871704102 97619 0
0.8329415321350098 0.20528221130371094 97615 0
0.887855052947998 0.20260381698608398 97997 0
0.881934404373169 0.18025755882263184 94513 0
0.8361515998840332 0.2292478084564209 97733 0
0.8740963935852051 0.17130708694458008 97019 0
0.8087484836578369 0.2007744312286377 83930 0
0.8358249664306641 0.22039532661437988 95676 0
0.8172023296356201 0.20583224296569824 91329 0
0.8399286270141602 0.15311455726623535 91827 0
0.8682749271392822 0.19495272636413574 95568 0
0.8187849521636963 0.21364831924438477 96879 0
0.8242182731628418 0.19516348838806152 94874 0
0.8434724807739258 0.20920825004577637 96778 0
0.826359748840332 0.196030855178833 97635 0
0.8457486629486084 0.20548415184020996 97235 0
0.8243122100830078 0.16100406646728516 96984 0
0.8218715190887451 0.20281004905700684 96573 0
0.8281705379486084 0.19175171852111816 90962 0
0.816563606262207 0.20166254043579102 97441 0
0.8593237400054932 0.20604658126831055 96907 0
0.8147351741790771 0.17701053619384766 96607 0
0.8552811145782471 0.19148635864257812 96559 0
0.7959012985229492 0.1951143741607666 97512 0
0.7920026779174805 0.19350600242614746 98095 0
0.8374724388122559 0.20148229598999023 96233 0
0.8532073497772217 0.18824172019958496 90687 0
0.847851037979126 0.13541436195373535 96707 0
0.844012975692749 0.2206740379333496 97227 0
0.876861572265625 0.19552874565124512 97580 0
0.8330810070037842 0.2036433219909668 97235 0
0.8336446285247803 0.17530584335327148 96945 0
0.8532695770263672 0.18208765983581543 97176 0
0.8450384140014648 0.17654919624328613 94229 0
0.8495893478393555 0.1921703815460205 97158 0
0.8387839794158936 0.21594905853271484 97203 0
0.7612564563751221 0.20122289657592773 86939 0
0.8047230243682861 0.18411540985107422 95787 0
0.8287918567657471 0.1639249324798584 89760 0
0.817286491394043 0.19053173065185547 95720 0
0.8654773235321045 0.1645803451538086 96812 0
0.8363816738128662 0.14621639251708984 97922 0
0.809046745300293 0.21738529205322266 94529 0
0.8565065860748291 0.18588829040527344 98648 0
0.8435866832733154 0.19430327415466309 98456 0
0.8693230152130127 0.17988109588623047 98487 0
0.841099739074707 0.17217278480529785 97830 0
0.8263967037200928 0.19052791595458984 97600 0
0.8144421577453613 0.1949303150177002 92232 0
0.8440654277801514 0.19852113723754883 98031 0
0.8233745098114014 0.23040080070495605 98244 0
0.8165559768676758 0.22670650482177734 98558 0
0.8202412128448486 0.18679189682006836 99091 0
0.8701958656311035 0.1618654727935791 98843 0
0.8553762435913086 0.17800593376159668 98205 0
0.8225774765014648 0.20971012115478516 97804 0
0.8162510395050049 0.20453739166259766 93215 0
0.8384513854980469 0.15993571281433105 96039 0
0.8385841846466064 0.2122962474822998 103875 0
0.8526406288146973 0.18239951133728027 103412 0
0.8610959053039551 0.20021557807922363 103488 0
0.8240540027618408 0.21552753448486328 104495 0
0.8317148685455322 0.20506834983825684 105269 0
0.8417377471923828 0.20593023300170898 104802 0
0.8571395874023438 0.21544694900512695 105591 0
0.8370745182037354 0.22169828414916992 104075 0
0.8279216289520264 0.20107126235961914 102487 0
0.849381685256958 0.19347929954528809 104348 0
0.8422274589538574 0.20107054710388184 101445 0
0.8404490947723389 0.2008986473083496 102232 0
0.872560977935791 0.18147683143615723 103144 0
0.8175556659698486 0.21187901496887207 103655 0
0.8739421367645264 0.1926119327545166 104516 0
0.8626205921173096 0.21140670776367188 104198 0
0.8660075664520264 0.21004033088684082 104062 0
0.8286495208740234 0.2047886848449707 104347 0
0.81551194190979 0.19742536544799805 104947 0
0.821993350982666 0.17574810981750488 103141 0
0.8136663436889648 0.20577788352966309 101954 0
0.8329076766967773 0.1558516025543213 101507 0
0.8230633735656738 0.20264625549316406 102005 0
0.8314669132232666 0.20998048782348633 101530 0
0.8518908023834229 0.19268155097961426 102568 0
0.874305248260498 0.19203734397888184 102731 0
0.8446652889251709 0.20294618606567383 101849 0
0.8428847789764404 0.2259533405303955 103449 0
0.8380305767059326 0.21010899543762207 103911 0
0.8471822738647461 0.1978318691253662 103654 0
0.8168447017669678 0.21955490112304688 102545 0
0.8236227035522461 0.2039332389831543 104050 0
0.870764970779419 0.19384765625 103191 0
0.7603042125701904 0.19087457656860352 103028 0
0.8558709621429443 0.19061827659606934 101245 0
0.8446099758148193 0.19131851196289062 101868 0
0.8729755878448486 0.18262434005737305 101345 0
0.833127498626709 0.20580410957336426 103069 0
0.8264398574829102 0.1782851219177246 103047 0
0.8418197631835938 0.19878005981445312 101616 0
0.8163642883300781 0.20822882652282715 101247 0
0.8275840282440186 0.21619391441345215 101219 0
0.8666281700134277 0.14845776557922363 102213 0
0.847585916519165 0.19907546043395996 100754 0
0.824528694152832 0.2165513038635254 101602 0
0.8441712856292725 0.2014296054840088 101612 0
0.8220179080963135 0.19274139404296875 99826 0
0.8418211936950684 0.18828749656677246 102392 0
0.8701262474060059 0.13732433319091797 102873 0
0.8474369049072266 0.18239831924438477 101448 0
0.8181991577148438 0.15459537506103516 103697 0
0.8062906265258789 0.1873471736907959 102677 0
0.8624296188354492 0.1735832691192627 101172 0
0.8201043605804443 0.17444467544555664 101990 0
0.8199043273925781 0.20535683631896973 101018 0
0.8759586811065674 0.1974012851715088 100792 0
0.8172829151153564 0.19474363327026367 101104 0
0.8099586963653564 0.20677614212036133 101362 0
0.813603401184082 0.20364952087402344 101802 0
0.8602981567382812 0.1910240650177002 101537 0
0.8327438831329346 0.20122909545898438 101202 0
0.7893116474151611 0.19469833374023438 102574 0
0.8673288822174072 0.19478344917297363 102047 0
0.9146935939788818 0.16947102546691895 103455 0
0.8320562839508057 0.12666940689086914 105140 0
0.8596010208129883 0.17908382415771484 102179 0
0.8534865379333496 0.20618009567260742 103537 0
0.8305046558380127 0.218339204788208 103281 0
0.8657445907592773 0.19611597061157227 103260 0
0.8504657745361328 0.21007394790649414 102395 0
0.8249952793121338 0.20159578323364258 100949 0
0.8664608001708984 0.21029281616210938 101486 0
0.7383010387420654 0.20036005973815918 98866 0
0.8691656589508057 0.21515297889709473 104903 0
0.842353343963623 0.18033862113952637 103890 0
0.8354654312133789 0.20795679092407227 104067 0
0.8578338623046875 0.20601582527160645 103109 0
0.829707145690918 0.21657156944274902 105141 0
0.8213310241699219 0.19292902946472168 105248 0
0.8693621158599854 0.214552640914917 105899 0
0.8347632884979248 0.19990801811218262 105530 0
0.825211763381958 0.22446608543395996 105671 0
0.8656151294708252 0.16848182678222656 97253 0
0.8161859512329102 0.2098538875579834 96312 0
0.8373165130615234 0.19364285469055176 101602 0
0.8590161800384521 0.20977115631103516 106530 0
0.8284530639648438 0.21938538551330566 98768 0
0.8479599952697754 0.13289642333984375 103414 0
0.824439525604248 0.21725153923034668 97571 0
0.8397440910339355 0.18702054023742676 97753 0
0.8504607677459717 0.20787835121154785 97968 0
0.8477933406829834 0.2249445915222168 100028 0
0.8150620460510254 0.18649697303771973 99959 0
0.8375494480133057 0.18124985694885254 99805 0
0.8342852592468262 0.21901893615722656 101554 0
0.9033126831054688 0.15354108810424805 102307 0
0.8550655841827393 0.1271686553955078 95860 0
0.7460708618164062 0.1934032440185547 104722 0
0.8341314792633057 0.17898869514465332 102133 0
0.8296449184417725 0.1726820468902588 100340 0
0.8311963081359863 0.19209551811218262 104808 0
0.8326714038848877 0.19707965850830078 106165 0
0.8416786193847656 0.14864468574523926 97100 0
0.8457965850830078 0.19134140014648438 105634 0
0.8392887115478516 0.22465848922729492 106492 0
0.8546411991119385 0.19214868545532227 106446 0
0.8457491397857666 0.20563030242919922 106262 0
0.8690977096557617 0.18253755569458008 107271 0
0.8966338634490967 0.13349127769470215 107082 0
0.8873770236968994 0.14339327812194824 107224 0
0.9081475734710693 0.14946818351745605 105809 0
0.8778274059295654 0.23354768753051758 107062 0
0.8718822002410889 0.19113540649414062 109369 0
0.8665530681610107 0.18281126022338867 108395 0
0.8842902183532715 0.15822625160217285 107943 0
0.8293399810791016 0.2264113426208496 106843 0
0.8740229606628418 0.21129894256591797 105080 0
0.8310980796813965 0.19677519798278809 106169 0
0.8940074443817139 0.19304656982421875 106586 0
0.8385992050170898 0.22003579139709473 106650 0
0.8296291828155518 0.21323442459106445 105274 0
0.8527073860168457 0.20459675788879395 106641 0
0.8525004386901855 0.20343422889709473 106973 0
0.8232913017272949 0.22675347328186035 104634 0
0.8783183097839355 0.2124919891357422 107285 0
0.8959908485412598 0.17756915092468262 108637 0
0.8386406898498535 0.19619345664978027 100071 0
0.864393949508667 0.21191191673278809 106700 0
0.8369994163513184 0.20519375801086426 103375 0
0.8377535343170166 0.19408512115478516 104110 0
0.8571946620941162 0.19943571090698242 106684 0
0.8483688831329346 0.22462058067321777 108591 0
0.8522665500640869 0.20171475410461426 101072 0
0.8439328670501709 0.200150728225708 107725 0
0.8446164131164551 0.2274177074432373 105933 0
0.8459126949310303 0.17842411994934082 107797 0
0.8238308429718018 0.20188045501708984 106371 0
0.8571388721466064 0.18901753425598145 107450 0
0.8558013439178467 0.14151573181152344 106926 0
0.8208780288696289 0.2167377471923828 107102 0
0.8811702728271484 0.20329022407531738 108461 0
0.837597131729126 0.21851754188537598 108868 0
0.8623046875 0.17176079750061035 108574 0
0.8742079734802246 0.18698930740356445 109164 0
0.8446810245513916 0.18366479873657227 108574 0
0.8371498584747314 0.19895720481872559 110439 0
0.8289506435394287 0.21653461456298828 109508 0
0.8490164279937744 0.1928095817565918 108013 0
0.8887171745300293 0.15311646461486816 107314 0
0.8436250686645508 0.18060946464538574 106427 0
0.910844087600708 0.17751359939575195 108827 0
0.9109539985656738 0.14808034896850586 107121 0
0.8483507633209229 0.14910650253295898 108099 0
0.8363101482391357 0.2238621711730957 105614 0
0.8798182010650635 0.15365386009216309 108226 0
0.8609724044799805 0.2046833038330078 109895 0
0.8375406265258789 0.20276498794555664 102638 0
0.8619616031646729 0.21045279502868652 109277 0
0.8719348907470703 0.16490817070007324 109282 0
0.917799711227417 0.1425457000732422 109083 0
0.8815422058105469 0.21588587760925293 111365 0
0.8997211456298828 0.21284222602844238 111001 0
0.8752546310424805 0.17528057098388672 106680 0
0.8620500564575195 0.184523344039917 112482 0
0.8417489528656006 0.20726442337036133 111256 0
0.8689775466918945 0.15857744216918945 112561 0
0.8432445526123047 0.18918919563293457 111028 0
0.8753478527069092 0.18859148025512695 106519 0
0.8225011825561523 0.1996440887451172 106660 0
0.858696460723877 0.1671891212463379 106520 0
0.8300454616546631 0.20682215690612793 106700 0
0.8217949867248535 0.21083855628967285 106453 0
0.8496706485748291 0.20973491668701172 105715 0
0.8852236270904541 0.16990947723388672 106488 0
0.8630163669586182 0.198591947555542 104838 0
0.8268082141876221 0.196091890335083 104152 0
0.8302114009857178 0.17657089233398438 102872 0
0.8169336318969727 0.19555425643920898 103912 0
0.856450080871582 0.13941049575805664 106158 0
0.833829402923584 0.20901799201965332 105669 0
0.8332087993621826 0.1675724983215332 106244 0
0.8633906841278076 0.19230413436889648 104363 0
0.8303377628326416 0.18695068359375 103706 0
0.8447620868682861 0.20085787773132324 105580 0
0.84466552734375 0.19545674324035645 105665 0
0.8481838703155518 0.20630574226379395 103537 0
0.8394231796264648 0.1882925033569336 104715 0
0.8551301956176758 0.13734650611877441 103262 0
0.8813765048980713 0.1916065216064453 104111 0
0.8402688503265381 0.20066332817077637 103597 0
0.8257749080657959 0.20647716522216797 105275 0
0.8491001129150391 0.20894742012023926 104569 0
0.8546888828277588 0.22041034698486328 105390 0
0.8127727508544922 0.1940321922302246 104597 0
0.8239331245422363 0.2049858570098877 104795 0
0.8225302696228027 0.20122814178466797 104421 0
