0.07627105712890625 0.012411117553710938 1316744 0
0.07557535171508789 0.013171195983886719 1317097 0
0.07905840873718262 0.014129400253295898 1316911 0
0.07536840438842773 0.012305498123168945 1316881 0
0.08199214935302734 0.01324009895324707 1317057 0
0.08045172691345215 0.014096260070800781 1317138 0
0.07861042022705078 0.014730215072631836 1317302 0
0.08187389373779297 0.014220952987670898 1316971 0
0.08373880386352539 0.014339208602905273 1317099 0
0.0759434700012207 0.01317739486694336 1316971 0
0.07380795478820801 0.013785600662231445 1317101 0
0.07839345932006836 0.014778852462768555 1317097 0
0.07790541648864746 0.013138294219970703 1317303 0
0.07590126991271973 0.013029098510742188 1316954 0
0.08025169372558594 0.014248132705688477 1316953 0
0.08229637145996094 0.014040231704711914 1317496 0
0.08298468589782715 0.014199256896972656 1316901 0
0.0799875259399414 0.014525890350341797 1317194 0
0.07756829261779785 0.012455463409423828 1317585 0
0.07648754119873047 0.012789249420166016 1317304 0
0.07971501350402832 0.014416933059692383 1317455 0
0.07806086540222168 0.015706539154052734 1317521 0
0.07411479949951172 0.013248443603515625 1317185 0
0.07456350326538086 0.013843059539794922 1317312 0
0.07559061050415039 0.012753009796142578 1317438 0
0.07666969299316406 0.012808561325073242 1317233 0
0.0832822322845459 0.013310432434082031 1317488 0
0.07766366004943848 0.012894153594970703 1317139 0
0.07731103897094727 0.01410818099975586 1317217 0
0.0783233642578125 0.012984514236450195 1317446 0
0.07777714729309082 0.01274418830871582 1317562 0
0.08257174491882324 0.01415562629699707 1317491 0
0.0787651538848877 0.013454914093017578 1317706 0
0.08121442794799805 0.014157533645629883 1317643 0
0.07602190971374512 0.013305902481079102 1317347 0
0.07889199256896973 0.013747453689575195 1317333 0
0.0762181282043457 0.012341976165771484 1317542 0
0.07698750495910645 0.013339996337890625 1317580 0
0.07523608207702637 0.013509035110473633 1317376 0
0.08008170127868652 0.012736797332763672 1317174 0
0.07437968254089355 0.013614892959594727 1317642 0
0.07810592651367188 0.013712644577026367 1317455 0
0.08057117462158203 0.014845132827758789 1317321 0
0.07556724548339844 0.013906002044677734 1317608 0
0.07806181907653809 0.012665987014770508 1317907 0
0.07699847221374512 0.013141393661499023 1317633 0
0.07985997200012207 0.014280557632446289 1318101 0
0.07502937316894531 0.012755155563354492 1317721 0
0.0742340087890625 0.013349056243896484 1317695 0
0.0765535831451416 0.013227462768554688 1317705 0
0.0743722915649414 0.013708353042602539 1317891 0
0.07847738265991211 0.014458894729614258 1317795 0
0.0813591480255127 0.014200210571289062 1317372 0
0.08713817596435547 0.015105485916137695 1317732 0
0.07689118385314941 0.012924671173095703 1317738 0
0.07630705833435059 0.012942314147949219 1317764 0
0.07695555686950684 0.013649940490722656 1318167 0
0.08170843124389648 0.014036178588867188 1317488 0
0.07938957214355469 0.012860774993896484 1317522 0
0.08023786544799805 0.013981819152832031 1317778 0
0.07646989822387695 0.0124359130859375 1317514 0
0.07578873634338379 0.01283574104309082 1317214 0
0.07547330856323242 0.012661457061767578 1317065 0
0.08088135719299316 0.015304803848266602 1316982 0
0.07483911514282227 0.013746023178100586 1317136 0
0.07514572143554688 0.013700723648071289 1317067 0
0.07674860954284668 0.013188838958740234 1316988 0
0.07605528831481934 0.012776851654052734 1316738 0
0.0757300853729248 0.013672351837158203 1316748 0
0.07705926895141602 0.012669801712036133 1316615 0
0.07747960090637207 0.01288294792175293 1316502 0
0.07852554321289062 0.01450347900390625 1316639 0
0.08022332191467285 0.013831377029418945 1316579 0
0.0764462947845459 0.014013528823852539 1316146 0
0.0814666748046875 0.01485443115234375 1316520 0
0.07967138290405273 0.01424860954284668 1316643 0
0.07626223564147949 0.01370549201965332 1316491 0
0.07761144638061523 0.013839006423950195 1316443 0
0.08099675178527832 0.014206647872924805 1316568 0
0.080291748046875 0.013915300369262695 1316342 0
0.07716155052185059 0.015987634658813477 1316692 0
0.0756995677947998 0.012713432312011719 1316888 0
0.07892346382141113 0.012642145156860352 1316636 0
0.07540035247802734 0.013629913330078125 1316906 0
0.08023786544799805 0.014266490936279297 1317841 0
0.0860280990600586 0.013596057891845703 1317714 0
0.07589340209960938 0.01359105110168457 1317676 0
0.07751154899597168 0.014264583587646484 1317418 0
0.08142495155334473 0.014286994934082031 1317305 0
0.07889223098754883 0.014882326126098633 1317470 0
0.07878375053405762 0.013511180877685547 1317274 0
0.07624983787536621 0.01324152946472168 1317723 0
0.07535004615783691 0.01308584213256836 1317682 0
0.07946991920471191 0.012914419174194336 1317757 0
0.07614731788635254 0.013581275939941406 1317686 0
0.08022665977478027 0.012733697891235352 1317852 0
0.07637834548950195 0.013061761856079102 1318136 0
0.07450556755065918 0.01407480239868164 1318052 0
0.07553982734680176 0.013039112091064453 1318158 0
0.08006119728088379 0.01438760757446289 1317755 0
0.07921123504638672 0.014699220657348633 1317636 0
0.08115458488464355 0.013247013092041016 1317888 0
0.07786822319030762 0.013786792755126953 1317885 0
0.07753801345825195 0.013690710067749023 1317793 0
0.07407617568969727 0.01383209228515625 1318129 0
0.0824124813079834 0.015277624130249023 1317438 0
0.07518768310546875 0.013813018798828125 1317785 0
0.07848978042602539 0.014360904693603516 1318046 0
0.08113789558410645 0.013141393661499023 1317820 0
0.07496356964111328 0.014610528945922852 1317744 0
0.08010983467102051 0.014106988906860352 1317621 0
0.0751638412475586 0.014054536819458008 1318055 0
0.08129429817199707 0.014001131057739258 1317858 0
0.07504415512084961 0.013899803161621094 1317955 0
0.07487630844116211 0.013428449630737305 1317951 0
0.07456469535827637 0.013441801071166992 1318092 0
0.0803840160369873 0.013895988464355469 1318247 0
0.08022856712341309 0.013048171997070312 1318088 0
0.07778120040893555 0.013442516326904297 1318158 0
0.08141684532165527 0.014522314071655273 1318232 0
0.07735967636108398 0.013010025024414062 1317689 0
0.0764760971069336 0.013231992721557617 1317794 0
0.07630228996276855 0.013530492782592773 1317637 0
0.07615232467651367 0.01281285285949707 1317542 0
0.0771491527557373 0.013285160064697266 1317676 0
0.08052754402160645 0.014253377914428711 1317990 0
0.07830810546875 0.013372421264648438 1317791 0
0.07462024688720703 0.013654232025146484 1318086 0
0.07461404800415039 0.014063358306884766 1318160 0
0.08073258399963379 0.013994932174682617 1318162 0
0.07891106605529785 0.014258384704589844 1318354 0
0.0772714614868164 0.012860774993896484 1318350 0
0.07957220077514648 0.01379847526550293 1318229 0
0.07570719718933105 0.014325380325317383 1318354 0
0.0756235122680664 0.014417886734008789 1318705 0
0.07463383674621582 0.014136552810668945 1318497 0
0.07935595512390137 0.013635635375976562 1318668 0
0.08020877838134766 0.014808177947998047 1318890 0
0.07593917846679688 0.012479305267333984 1318621 0
0.07392215728759766 0.014124631881713867 1318701 0
0.07483530044555664 0.013334512710571289 1318930 0
0.07616257667541504 0.013150453567504883 1318746 0
0.07442760467529297 0.01361989974975586 1318824 0
0.07996845245361328 0.014932870864868164 1319052 0
0.07808208465576172 0.015908479690551758 1319098 0
0.08161115646362305 0.014067649841308594 1319340 0
0.07569074630737305 0.013818025588989258 1319187 0
0.0753169059753418 0.012848615646362305 1319380 0
0.07643461227416992 0.013593196868896484 1319085 0
0.0823523998260498 0.014652490615844727 1319185 0
0.07859659194946289 0.014381647109985352 1318802 0
0.07784199714660645 0.013479471206665039 1319393 0
0.0810844898223877 0.012558937072753906 1319550 0
0.08032727241516113 0.014302968978881836 1319419 0
0.07811760902404785 0.012799501419067383 1319745 0
0.07423615455627441 0.013603925704956055 1319349 0
0.07565093040466309 0.012626409530639648 1319330 0
0.07925152778625488 0.014406681060791016 1319350 0
0.07430219650268555 0.013228654861450195 1319532 0
0.07646870613098145 0.01434636116027832 1319519 0
0.07532238960266113 0.012995004653930664 1319402 0
0.07515645027160645 0.013847827911376953 1319797 0
0.08075737953186035 0.01447606086730957 1319139 0
0.07498598098754883 0.013711214065551758 1319166 0
0.07601809501647949 0.0124053955078125 1319445 0
0.07462739944458008 0.014022588729858398 1319768 0
0.08003973960876465 0.01406097412109375 1319446 0
0.0731651782989502 0.013480901718139648 1320140 0
0.07495307922363281 0.01330113410949707 1319836 0
0.07653164863586426 0.012757539749145508 1319987 0
0.07548856735229492 0.013432025909423828 1320441 0
0.07666778564453125 0.01352691650390625 1319772 0
0.0760335922241211 0.013490676879882812 1319901 0
0.07558846473693848 0.012772083282470703 1320078 0
0.07776880264282227 0.013043880462646484 1319608 0
0.07502198219299316 0.013567209243774414 1319851 0
0.07348132133483887 0.013204097747802734 1319531 0
0.07532167434692383 0.013569116592407227 1319268 0
0.08147573471069336 0.013538122177124023 1319410 0
0.07949447631835938 0.014595270156860352 1319559 0
0.07611680030822754 0.013921499252319336 1319085 0
0.08534884452819824 0.014544963836669922 1318687 0
0.07564830780029297 0.012343406677246094 1318778 0
0.07723593711853027 0.013113260269165039 1318754 0
0.07750630378723145 0.013353109359741211 1318668 0
0.07872319221496582 0.014280557632446289 1319098 0
0.08330774307250977 0.013490438461303711 1318642 0
0.07799720764160156 0.013848066329956055 1318637 0
0.07919096946716309 0.014060020446777344 1318706 0
0.0744483470916748 0.013999462127685547 1318768 0
0.07652831077575684 0.012489795684814453 1318627 0
0.0847020149230957 0.014332056045532227 1318628 0
0.07588768005371094 0.01339578628540039 1318406 0
0.078338623046875 0.013651609420776367 1318215 0
0.07839250564575195 0.012949705123901367 1318215 0
0.08197784423828125 0.014012813568115234 1318217 0
0.07594847679138184 0.013368368148803711 1317930 0
0.09315037727355957 0.013615608215332031 1318066 0
0.08157610893249512 0.014023303985595703 1317765 0
0.07987022399902344 0.014341592788696289 1317727 0
0.07574105262756348 0.012278318405151367 1316676 0
0.0764627456665039 0.012760639190673828 1316572 0
0.07599902153015137 0.014162302017211914 1316353 0
0.07805204391479492 0.014789819717407227 1317013 0
0.08148956298828125 0.013736724853515625 1317136 0
0.0747826099395752 0.013386249542236328 1317252 0
0.08002567291259766 0.013361215591430664 1317320 0
0.07919931411743164 0.014051198959350586 1317036 0
0.08075070381164551 0.013298749923706055 1317171 0
0.0789494514465332 0.013668060302734375 1317157 0
0.07935857772827148 0.014066219329833984 1316890 0
0.07590246200561523 0.014301776885986328 1316800 0
0.08215546607971191 0.013776540756225586 1316966 0
0.08076596260070801 0.013545513153076172 1317086 0
0.07577633857727051 0.012453556060791016 1316650 0
0.07928919792175293 0.014389753341674805 1316569 0
0.07722353935241699 0.012363195419311523 1316651 0
0.0781102180480957 0.01445317268371582 1317093 0
0.08027529716491699 0.013968467712402344 1317448 0
0.07543468475341797 0.013640165328979492 1317354 0
0.07669734954833984 0.012981653213500977 1317411 0
0.08045697212219238 0.013257980346679688 1317272 0
0.07964777946472168 0.014591693878173828 1317268 0
0.0751805305480957 0.013854026794433594 1317370 0
0.07608151435852051 0.012650489807128906 1317195 0
0.07633638381958008 0.014690876007080078 1317242 0
0.07401585578918457 0.013231754302978516 1317395 0
0.07545208930969238 0.014002084732055664 1317519 0
0.0759420394897461 0.012661218643188477 1317279 0
0.0797109603881836 0.01433420181274414 1317319 0
0.07990622520446777 0.013350248336791992 1317038 0
0.07602953910827637 0.012567520141601562 1316968 0
0.07631802558898926 0.012441396713256836 1317121 0
0.0803382396697998 0.014336585998535156 1317125 0
0.07666921615600586 0.013856887817382812 1317273 0
0.08081603050231934 0.01385354995727539 1317292 0
0.0746769905090332 0.013915538787841797 1317148 0
0.0765068531036377 0.01339578628540039 1317346 0
0.07543563842773438 0.013631105422973633 1317203 0
0.0804142951965332 0.01420283317565918 1317102 0
0.08158111572265625 0.013923406600952148 1316987 0
0.07803034782409668 0.013667821884155273 1316930 0
0.0777900218963623 0.012312173843383789 1317238 0
0.07928037643432617 0.013687372207641602 1316901 0
0.07937908172607422 0.01404428482055664 1316597 0
0.08330130577087402 0.013625860214233398 1316515 0
0.07734084129333496 0.01237940788269043 1316564 0
0.07834506034851074 0.014101505279541016 1316869 0
0.07648253440856934 0.01386880874633789 1316673 0
0.07690739631652832 0.014021158218383789 1316816 0
0.07598066329956055 0.013102054595947266 1316704 0
0.08067011833190918 0.014978647232055664 1316653 0
0.07633399963378906 0.012534379959106445 1316699 0
0.07454419136047363 0.013495206832885742 1316810 0
0.07522368431091309 0.012699365615844727 1316676 0
0.08134198188781738 0.01390981674194336 1316711 0
0.0810849666595459 0.013425588607788086 1316907 0
0.08054947853088379 0.01324915885925293 1316782 0
0.07449483871459961 0.013168811798095703 1316705 0
0.08057689666748047 0.014058351516723633 1316475 0
0.07589077949523926 0.013767004013061523 1316283 0
0.07841086387634277 0.013165473937988281 1316481 0
0.07637572288513184 0.012409448623657227 1316499 0
0.07540440559387207 0.013245582580566406 1316616 0
0.08072924613952637 0.01284480094909668 1316742 0
0.07479357719421387 0.013274908065795898 1316920 0
0.08165431022644043 0.014704227447509766 1316331 0
0.08228707313537598 0.01449441909790039 1316902 0
0.07726621627807617 0.012649297714233398 1316484 0
0.07923316955566406 0.014278173446655273 1316362 0
0.07753396034240723 0.013990163803100586 1316298 0
0.07627487182617188 0.012784481048583984 1316458 0
0.08099079132080078 0.014213800430297852 1316197 0
0.0777134895324707 0.013048887252807617 1316367 0
0.07807350158691406 0.013372182846069336 1316270 0
0.07780671119689941 0.013787984848022461 1316549 0
0.07738637924194336 0.013868093490600586 1316661 0
0.08253073692321777 0.014225244522094727 1316620 0
0.07771587371826172 0.013808727264404297 1316820 0
0.07539606094360352 0.013407707214355469 1316906 0
0.07734298706054688 0.012855291366577148 1316648 0
0.07746005058288574 0.013302326202392578 1316756 0
0.08209967613220215 0.014082908630371094 1317238 0
0.08363151550292969 0.013894319534301758 1316758 0
0.08232736587524414 0.014875173568725586 1317033 0
0.07654547691345215 0.012944459915161133 1317424 0
0.07615327835083008 0.0124969482421875 1317186 0
0.07645606994628906 0.012743711471557617 1317013 0
0.07537627220153809 0.012810468673706055 1317136 0
0.07903814315795898 0.013422727584838867 1317044 0
0.07933378219604492 0.013505697250366211 1316561 0
0.0752260684967041 0.01364445686340332 1317080 0
0.07594466209411621 0.013484001159667969 1316362 0
0.08103227615356445 0.015048503875732422 1316673 0
0.07708859443664551 0.01437520980834961 1316988 0
0.07624936103820801 0.012710809707641602 1316767 0
0.07955813407897949 0.01304316520690918 1316957 0
0.0783071517944336 0.014708757400512695 1317088 0
0.07672882080078125 0.013599157333374023 1316967 0
0.07565903663635254 0.01697230339050293 1316804 0
0.07862520217895508 0.012745380401611328 1317097 0
0.07823371887207031 0.01519012451171875 1316954 0
0.0761256217956543 0.013214349746704102 1317050 0
0.07812666893005371 0.012753009796142578 1317224 0
0.08217430114746094 0.013717174530029297 1317008 0
0.07543516159057617 0.013788938522338867 1317033 0
0.07560992240905762 0.012849807739257812 1317029 0
0.07599639892578125 0.014208555221557617 1317147 0
0.08142590522766113 0.013533830642700195 1317064 0
0.08482098579406738 0.01437520980834961 1316827 0
0.08065247535705566 0.013933420181274414 1316506 0
0.07592439651489258 0.013008356094360352 1316675 0
0.07657575607299805 0.01298379898071289 1317090 0
0.08120965957641602 0.014734745025634766 1316940 0
0.08261346817016602 0.013895511627197266 1317092 0
0.0793616771697998 0.014497995376586914 1317383 0
0.07709813117980957 0.013318300247192383 1316792 0
0.07784390449523926 0.01345205307006836 1317027 0
0.07718062400817871 0.013438224792480469 1317240 0
0.08077096939086914 0.013258695602416992 1316845 0
0.07563543319702148 0.013903617858886719 1316869 0
0.07504463195800781 0.014310598373413086 1316874 0
0.07656550407409668 0.012716293334960938 1316846 0
0.07630372047424316 0.012761831283569336 1316739 0
0.07507681846618652 0.013435602188110352 1316529 0
0.07688140869140625 0.01275777816772461 1316469 0
0.07909703254699707 0.013327598571777344 1316513 0
0.0810856819152832 0.014336347579956055 1316422 0
0.07668232917785645 0.013107061386108398 1316686 0
0.07579255104064941 0.013760805130004883 1316450 0
0.08045530319213867 0.013980388641357422 1316418 0
0.08021712303161621 0.01280832290649414 1316315 0
0.07692408561706543 0.012846231460571289 1316547 0
0.07601141929626465 0.013856172561645508 1316500 0
0.07560133934020996 0.013683795928955078 1316416 0
0.0764472484588623 0.013988733291625977 1316401 0
0.08484339714050293 0.014191389083862305 1316638 0
0.07586884498596191 0.013023138046264648 1316654 0
0.07858157157897949 0.01403045654296875 1316430 0
0.08052587509155273 0.013524055480957031 1316818 0
0.07468080520629883 0.013729572296142578 1316969 0
0.08406662940979004 0.014586687088012695 1316734 0
0.08145785331726074 0.013347148895263672 1316659 0
0.07609796524047852 0.013351678848266602 1316531 0
0.08064413070678711 0.013582706451416016 1316520 0
0.08093094825744629 0.013323307037353516 1316365 0
0.08280467987060547 0.014933109283447266 1316600 0
0.0764005184173584 0.013947248458862305 1316577 0
0.07520484924316406 0.013950347900390625 1316503 0
0.0795447826385498 0.014895915985107422 1316767 0
0.07713627815246582 0.012440204620361328 1316627 0
0.07750511169433594 0.013096094131469727 1316874 0
0.08207559585571289 0.014823675155639648 1316648 0
0.0755302906036377 0.013951301574707031 1316459 0
0.07608914375305176 0.01292562484741211 1316272 0
0.07527947425842285 0.014150381088256836 1316391 0
0.07486367225646973 0.012864828109741211 1316487 0
0.0765841007232666 0.012729406356811523 1316485 0
0.07496500015258789 0.014277935028076172 1316136 0
0.07610702514648438 0.013330221176147461 1316011 0
0.08022379875183105 0.01455545425415039 1315953 0
0.07602214813232422 0.013953685760498047 1316007 0
0.07544517517089844 0.01332712173461914 1316071 0
0.07820630073547363 0.01316070556640625 1316674 0
0.0804603099822998 0.013497114181518555 1316977 0
0.07795190811157227 0.01457667350769043 1317044 0
0.07472491264343262 0.014201164245605469 1316984 0
0.07642078399658203 0.01364588737487793 1316735 0
0.08090734481811523 0.01405191421508789 1316880 0
0.07505631446838379 0.012724637985229492 1317072 0
0.07647013664245605 0.013382434844970703 1316870 0
0.07606220245361328 0.013508319854736328 1316626 0
0.07916760444641113 0.012748241424560547 1316728 0
0.08254241943359375 0.014432907104492188 1316856 0
0.07651758193969727 0.014164209365844727 1317075 0
0.07714152336120605 0.01293492317199707 1317647 0
0.07701444625854492 0.012388467788696289 1317645 0
0.0751190185546875 0.013692378997802734 1317601 0
0.08525872230529785 0.014872074127197266 1318131 0
0.0807344913482666 0.013335227966308594 1317862 0
0.08181285858154297 0.014275312423706055 1317761 0
0.08051514625549316 0.014608621597290039 1317956 0
0.08184409141540527 0.01432943344116211 1317253 0
0.07586240768432617 0.01482248306274414 1317388 0
0.07666134834289551 0.012328386306762695 1317559 0
0.08237123489379883 0.013913631439208984 1317966 0
0.07762527465820312 0.013689041137695312 1317613 0
0.07659459114074707 0.013926029205322266 1318034 0
0.07607579231262207 0.013136863708496094 1317654 0
0.08121585845947266 0.013819217681884766 1317701 0
0.07561683654785156 0.014108419418334961 1317895 0
0.08034229278564453 0.014070987701416016 1317495 0
0.07716226577758789 0.012433290481567383 1317517 0
0.07535481452941895 0.013691902160644531 1317440 0
0.07932472229003906 0.013228893280029297 1317231 0
0.08026409149169922 0.013976335525512695 1317322 0
0.07710504531860352 0.012359142303466797 1317286 0
0.07397675514221191 0.013797760009765625 1317005 0
0.07636308670043945 0.012873172760009766 1317151 0
0.07385563850402832 0.01361083984375 1317051 0
0.07998204231262207 0.01383662223815918 1307978 0
0.07382917404174805 0.013689279556274414 1308058 0
0.07945847511291504 0.013305425643920898 1305836 0
0.0784451961517334 0.013714790344238281 1306218 0
0.0762629508972168 0.013484477996826172 1306645 0
0.0827937126159668 0.014336824417114258 1306077 0
0.07531237602233887 0.012665271759033203 1307075 0
0.07513618469238281 0.012891769409179688 1307797 0
0.07880568504333496 0.013898134231567383 1307707 0
0.07655787467956543 0.014322996139526367 1307609 0
0.07854056358337402 0.013704776763916016 1306914 0
0.07462048530578613 0.014049291610717773 1307405 0
0.07591843605041504 0.012747049331665039 1307131 0
0.07552599906921387 0.014134645462036133 1305760 0
0.07557463645935059 0.012294292449951172 1304355 0
0.0760190486907959 0.013823270797729492 1304523 0
0.07750415802001953 0.013359546661376953 1304672 0
0.07572340965270996 0.013167619705200195 1304236 0
0.07672882080078125 0.012623786926269531 1304216 0
0.07826972007751465 0.014488458633422852 1304678 0
0.07451391220092773 0.013381481170654297 1304200 0
0.07960104942321777 0.013439416885375977 1304386 0
0.07726049423217773 0.012222528457641602 1305099 0
0.07502317428588867 0.012738227844238281 1303828 0
0.07511043548583984 0.01256418228149414 1304205 0
0.07529377937316895 0.012943029403686523 1304657 0
0.07795476913452148 0.014096975326538086 1303278 0
0.08105087280273438 0.01474142074584961 1302990 0
0.07617306709289551 0.013635396957397461 1305920 0
0.07628965377807617 0.012630939483642578 1303934 0
0.08197879791259766 0.013396263122558594 1306510 0
0.07981181144714355 0.014492988586425781 1304583 0
0.0741262435913086 0.013751506805419922 1305992 0
0.07616329193115234 0.012925863265991211 1306044 0
0.07785940170288086 0.013007640838623047 1306660 0
0.07751250267028809 0.014605283737182617 1305927 0
0.07969212532043457 0.012723207473754883 1306969 0
0.07546043395996094 0.015615701675415039 1306559 0
0.07561016082763672 0.013129711151123047 1307606 0
0.07663631439208984 0.014031171798706055 1307449 0
0.0758359432220459 0.014153480529785156 1308342 0
0.0749211311340332 0.014236688613891602 1307902 0
0.08035421371459961 0.014013290405273438 1307896 0
0.07481598854064941 0.013324499130249023 1308660 0
0.07518458366394043 0.012842655181884766 1308399 0
0.07677865028381348 0.013911008834838867 1308397 0
0.07775759696960449 0.012561798095703125 1307937 0
0.08116507530212402 0.014320611953735352 1307546 0
0.07991147041320801 0.01359248161315918 1307336 0
0.08642244338989258 0.013871192932128906 1307860 0
0.08582687377929688 0.013180017471313477 1308318 0
0.07699131965637207 0.013983726501464844 1308193 0
0.07753157615661621 0.013067245483398438 1307988 0
0.07831788063049316 0.013269424438476562 1308088 0
0.09374189376831055 0.013867378234863281 1308093 0
0.07851624488830566 0.013490438461303711 1307645 0
0.07695794105529785 0.013958930969238281 1308120 0
0.07671117782592773 0.013192176818847656 1307618 0
0.07461309432983398 0.015496015548706055 1307741 0
0.08041691780090332 0.014133453369140625 1308105 0
0.07699441909790039 0.013801336288452148 1308074 0
0.07674050331115723 0.014443635940551758 1308106 0
0.0747828483581543 0.012912750244140625 1307266 0
0.0791170597076416 0.01679396629333496 1307322 0
0.07796478271484375 0.012242794036865234 1307899 0
0.07660102844238281 0.012669801712036133 1307397 0
0.07966947555541992 0.01363682746887207 1307547 0
0.08107757568359375 0.01470947265625 1307730 0
0.08123636245727539 0.013929605484008789 1307680 0
0.07796883583068848 0.013352632522583008 1307570 0
0.07780313491821289 0.01315164566040039 1308149 0
0.07604575157165527 0.014172792434692383 1307177 0
0.08155536651611328 0.01443338394165039 1307209 0
0.08133625984191895 0.014074563980102539 1307924 0
0.0753476619720459 0.013155937194824219 1307208 0
0.07402324676513672 0.013028621673583984 1307368 0
0.07984042167663574 0.01296854019165039 1307679 0
0.07560324668884277 0.012743234634399414 1307273 0
0.07465624809265137 0.012579679489135742 1306986 0
0.07502484321594238 0.013429641723632812 1307435 0
0.07878899574279785 0.013257980346679688 1307205 0
0.07436108589172363 0.014105081558227539 1307094 0
0.08064508438110352 0.012320756912231445 1307102 0
0.07520866394042969 0.012608766555786133 1306848 0
0.0753476619720459 0.013541936874389648 1307404 0
0.07530689239501953 0.014081716537475586 1307138 0
0.0754387378692627 0.013567924499511719 1305838 0
0.07585477828979492 0.013344287872314453 1305944 0
0.07474184036254883 0.013666868209838867 1306453 0
0.08087301254272461 0.014403581619262695 1306339 0
0.07544445991516113 0.0128173828125 1305411 0
0.07915973663330078 0.015808820724487305 1305229 0
0.07537984848022461 0.014776229858398438 1305755 0
0.08004188537597656 0.014258384704589844 1305383 0
0.07500529289245605 0.013836383819580078 1305605 0
0.08553886413574219 0.014779329299926758 1305346 0
0.07597661018371582 0.01232004165649414 1305714 0
0.07441830635070801 0.013818740844726562 1305146 0
0.07564258575439453 0.01367330551147461 1304962 0
0.0807645320892334 0.013801336288452148 1305627 0
0.08097147941589355 0.01436161994934082 1304906 0
0.07598614692687988 0.012586355209350586 1305246 0
0.07995748519897461 0.013236761093139648 1304686 0
0.07576751708984375 0.013790130615234375 1304625 0
0.07967305183410645 0.013233661651611328 1303715 0
0.08019089698791504 0.014789819717407227 1303580 0
0.07993006706237793 0.013207674026489258 1304231 0
0.08145785331726074 0.013584136962890625 1304476 0
0.07631802558898926 0.01241755485534668 1304389 0
0.07511591911315918 0.013538360595703125 1304896 0
0.07967877388000488 0.01343226432800293 1304495 0
0.0805518627166748 0.014391183853149414 1305138 0
0.08213543891906738 0.01582050323486328 1305155 0
0.08241391181945801 0.014549732208251953 1304623 0
0.07595968246459961 0.012950897216796875 1305349 0
0.08067941665649414 0.014388561248779297 1306304 0
0.07575154304504395 0.01325082778930664 1305984 0
0.08529829978942871 0.013968706130981445 1305243 0
0.07741022109985352 0.013216733932495117 1305583 0
0.07635879516601562 0.012576580047607422 1305393 0
0.07576155662536621 0.01230001449584961 1304936 0
0.07571601867675781 0.012607574462890625 1305375 0
0.08242344856262207 0.012890100479125977 1305035 0
0.07690167427062988 0.013124942779541016 1305210 0
0.07700276374816895 0.013417720794677734 1305274 0
0.07602524757385254 0.012600898742675781 1304614 0
0.07684183120727539 0.01292109489440918 1305101 0
0.08014726638793945 0.014304876327514648 1305340 0
0.07770109176635742 0.014218330383300781 1305045 0
0.0753169059753418 0.014027595520019531 1305157 0
0.08223843574523926 0.014207839965820312 1305722 0
0.07837057113647461 0.013860225677490234 1305285 0
0.07671165466308594 0.012479305267333984 1305129 0
0.07629132270812988 0.012920379638671875 1305472 0
0.07968831062316895 0.013736724853515625 1304944 0
0.07639217376708984 0.013701200485229492 1305056 0
0.07506084442138672 0.012958288192749023 1305086 0
0.07618236541748047 0.013428926467895508 1304936 0
0.08072829246520996 0.013010263442993164 1302993 0
0.07454705238342285 0.013770103454589844 1303225 0
0.07549095153808594 0.01343226432800293 1302961 0
0.07379460334777832 0.013214826583862305 1303293 0
0.07614302635192871 0.012400627136230469 1302831 0
0.07622957229614258 0.013314008712768555 1302838 0
0.07839560508728027 0.014188766479492188 1302820 0
0.08157968521118164 0.013488531112670898 1303558 0
0.08047342300415039 0.01374363899230957 1303189 0
0.07556676864624023 0.013291597366333008 1303007 0
0.07663440704345703 0.013689994812011719 1303451 0
0.07783126831054688 0.013136148452758789 1303046 0
0.07530999183654785 0.012666463851928711 1303420 0
0.07881355285644531 0.014712095260620117 1302938 0
0.0765528678894043 0.013658285140991211 1303707 0
0.08113241195678711 0.01423501968383789 1303523 0
0.08083939552307129 0.013341665267944336 1303232 0
0.0769493579864502 0.013068199157714844 1302738 0
0.07720041275024414 0.013308525085449219 1302631 0
0.07782745361328125 0.013803958892822266 1302577 0
0.07424235343933105 0.013322591781616211 1304031 0
0.08083581924438477 0.013401031494140625 1304142 0
0.07635688781738281 0.012387990951538086 1304049 0
0.07890820503234863 0.013644218444824219 1304204 0
0.07660269737243652 0.012459039688110352 1303692 0
0.07911825180053711 0.014895915985107422 1303831 0
0.07580709457397461 0.012331962585449219 1304378 0
0.08182597160339355 0.013756036758422852 1303568 0
0.0760040283203125 0.013863086700439453 1303693 0
0.07802772521972656 0.012740373611450195 1304185 0
0.07649731636047363 0.012301445007324219 1303689 0
0.07886195182800293 0.013527154922485352 1303486 0
0.07654237747192383 0.01288914680480957 1303871 0
0.08273005485534668 0.014833688735961914 1303092 0
0.07491874694824219 0.013582468032836914 1303287 0
0.07639670372009277 0.013619184494018555 1303577 0
0.07749652862548828 0.012308597564697266 1302649 0
0.07816910743713379 0.014188051223754883 1303022 0
0.07635259628295898 0.013354063034057617 1303071 0
0.07850503921508789 0.013486623764038086 1302654 0
0.07820725440979004 0.013772010803222656 1303024 0
0.07746601104736328 0.013006210327148438 1302935 0
0.07562088966369629 0.013495445251464844 1302666 0
0.07518959045410156 0.01455378532409668 1302619 0
0.07606291770935059 0.014387130737304688 1303011 0
0.07426118850708008 0.013632774353027344 1303080 0
0.0787343978881836 0.013855218887329102 1302904 0
0.07605504989624023 0.013293743133544922 1303503 0
0.08108997344970703 0.013286113739013672 1303010 0
0.0753471851348877 0.013392448425292969 1303205 0
0.08192253112792969 0.014083623886108398 1303470 0
0.08266472816467285 0.013502120971679688 1303132 0
0.07568168640136719 0.012399435043334961 1303302 0
0.08107376098632812 0.013751745223999023 1303559 0
0.07941341400146484 0.014040946960449219 1303393 0
0.07548689842224121 0.013143777847290039 1303544 0
0.0774388313293457 0.014194011688232422 1303842 0
0.07557916641235352 0.01325368881225586 1303763 0
0.08100748062133789 0.013449668884277344 1303717 0
0.07848358154296875 0.012980461120605469 1304108 0
0.07360076904296875 0.013490915298461914 1303646 0
0.07744002342224121 0.012814760208129883 1303735 0
0.07562589645385742 0.014012336730957031 1303974 0
0.07717728614807129 0.013825416564941406 1304063 0
0.07522368431091309 0.013338804244995117 1304045 0
0.07520341873168945 0.013752937316894531 1304161 0
0.08144235610961914 0.014069557189941406 1319843 0
0.07632017135620117 0.012699604034423828 1319745 0
0.07901358604431152 0.014534711837768555 1320149 0
0.07961225509643555 0.014023303985595703 1320154 0
0.08231568336486816 0.013528108596801758 1319972 0
0.08001875877380371 0.014495849609375 1320018 0
0.07654547691345215 0.013568878173828125 1320391 0
0.07550835609436035 0.01359248161315918 1320013 0
0.07445883750915527 0.014514446258544922 1320042 0
0.07886147499084473 0.013132572174072266 1320126 0
0.07593131065368652 0.013881444931030273 1320155 0
0.0738067626953125 0.0135955810546875 1320167 0
0.07442617416381836 0.013489484786987305 1320500 0
0.07970380783081055 0.014443397521972656 1320454 0
0.07947826385498047 0.013427972793579102 1320338 0
0.07502365112304688 0.013347625732421875 1320358 0
0.075531005859375 0.012722253799438477 1319751 0
0.08004522323608398 0.013506412506103516 1320186 0
0.07555627822875977 0.012605905532836914 1320489 0
0.08124446868896484 0.01656794548034668 1320453 0
0.0834207534790039 0.014509201049804688 1320356 0
0.07859659194946289 0.01302480697631836 1320492 0
0.07509946823120117 0.012791633605957031 1320070 0
0.07941579818725586 0.014251232147216797 1320301 0
0.08266496658325195 0.013353109359741211 1320360 0
0.0767509937286377 0.013853073120117188 1320626 0
0.08204936981201172 0.013839960098266602 1320568 0
0.0780630111694336 0.012947797775268555 1321293 0
0.07969188690185547 0.013869762420654297 1320858 0
0.07727193832397461 0.013266563415527344 1321145 0
0.07981204986572266 0.014075994491577148 1321677 0
0.07587385177612305 0.012764453887939453 1321026 0
0.07769608497619629 0.013122081756591797 1321156 0
0.08059072494506836 0.01356816291809082 1321626 0
0.07539057731628418 0.012562751770019531 1321373 0
0.08018231391906738 0.014238119125366211 1321391 0
0.07909703254699707 0.013723611831665039 1321803 0
0.07523274421691895 0.013540267944335938 1321089 0
0.07404541969299316 0.01400899887084961 1321084 0
0.07541775703430176 0.01464223861694336 1321270 0
0.07508325576782227 0.013142824172973633 1321353 0
0.0747373104095459 0.013069868087768555 1321097 0
0.07626628875732422 0.013837099075317383 1321411 0
0.0760955810546875 0.01377105712890625 1321318 0
0.07950639724731445 0.013676166534423828 1321453 0
0.07710552215576172 0.013031244277954102 1321763 0
0.08395719528198242 0.013463735580444336 1321647 0
0.07460594177246094 0.013226985931396484 1321624 0
0.07506442070007324 0.01427769660949707 1322058 0
0.08005094528198242 0.014229774475097656 1321775 0
0.0747220516204834 0.013514518737792969 1321749 0
0.07913327217102051 0.014654874801635742 1321868 0
0.07437753677368164 0.013002872467041016 1321703 0
0.07823824882507324 0.012657642364501953 1321948 0
0.07599782943725586 0.012770652770996094 1321929 0
0.0767524242401123 0.013578414916992188 1321763 0
0.08177685737609863 0.014005899429321289 1322011 0
0.07431244850158691 0.013655900955200195 1322137 0
0.07561492919921875 0.012957334518432617 1321979 0
0.07729482650756836 0.012851238250732422 1322231 0
0.07672286033630371 0.013663053512573242 1322671 0
0.08517050743103027 0.014522552490234375 1322097 0
0.07616186141967773 0.012419462203979492 1322084 0
0.08020758628845215 0.013426065444946289 1322134 0
0.0769658088684082 0.013705015182495117 1322065 0
0.0796365737915039 0.01395106315612793 1322117 0
0.07478952407836914 0.013499975204467773 1322595 0
0.07964301109313965 0.014003753662109375 1322081 0
0.07489156723022461 0.013105392456054688 1321813 0
0.08036279678344727 0.014144182205200195 1322089 0
0.07546329498291016 0.012375354766845703 1322401 0
0.0750429630279541 0.013867378234863281 1322066 0
0.07460927963256836 0.013522624969482422 1322143 0
0.07706928253173828 0.013030767440795898 1321982 0
0.07564520835876465 0.0125274658203125 1321820 0
0.07407522201538086 0.013016939163208008 1322056 0
0.07458686828613281 0.013882637023925781 1321666 0
0.07639527320861816 0.012737274169921875 1321515 0
0.07636737823486328 0.012502908706665039 1321909 0
0.07592296600341797 0.01244497299194336 1320972 0
0.07716989517211914 0.013910055160522461 1321093 0
0.07513594627380371 0.013988733291625977 1321246 0
0.07828950881958008 0.013908624649047852 1320544 0
0.07663345336914062 0.012636899948120117 1320670 0
0.07937812805175781 0.013862848281860352 1321299 0
0.074554443359375 0.013520002365112305 1320833 0
0.07938075065612793 0.014023780822753906 1320774 0
0.07631564140319824 0.013693094253540039 1320615 0
0.08145403861999512 0.013340473175048828 1320552 0
0.07989740371704102 0.014351367950439453 1320677 0
0.07702517509460449 0.013702630996704102 1320450 0
0.07651495933532715 0.013933420181274414 1320221 0
0.07813239097595215 0.014018535614013672 1320449 0
0.0811607837677002 0.014163732528686523 1320349 0
0.07619094848632812 0.012644290924072266 1319955 0
0.07692193984985352 0.012736797332763672 1319959 0
0.0774545669555664 0.012945175170898438 1320275 0
0.07598662376403809 0.01275014877319336 1319756 0
0.08063864707946777 0.012698173522949219 1319535 0
0.07599472999572754 0.013562202453613281 1319645 0
0.08054018020629883 0.013898849487304688 1319088 0
0.0762174129486084 0.012648344039916992 1319036 0
0.07510113716125488 0.01326298713684082 1319330 0
0.07552003860473633 0.013373374938964844 1319157 0
0.0758962631225586 0.013735771179199219 1318935 0
0.07671904563903809 0.01388239860534668 1319241 0
0.07514429092407227 0.012552022933959961 1318873 0
0.07461118698120117 0.013413190841674805 1319249 0
0.07701253890991211 0.012510538101196289 1319232 0
0.08245182037353516 0.014649152755737305 1319136 0
0.0756220817565918 0.012343406677246094 1319181 0
0.0761861801147461 0.013881444931030273 1319165 0
0.07872796058654785 0.013174772262573242 1318995 0
0.07648897171020508 0.014117717742919922 1318976 0
0.08125090599060059 0.013511180877685547 1318872 0
0.07498526573181152 0.013767719268798828 1318837 0
0.07670140266418457 0.012638092041015625 1318787 0
0.07653951644897461 0.014029741287231445 1318553 0
0.07568216323852539 0.013115882873535156 1318745 0
0.07567119598388672 0.014490604400634766 1318567 0
0.08162736892700195 0.01680159568786621 1318883 0
0.07507205009460449 0.014640331268310547 1318539 0
0.07985353469848633 0.01468205451965332 1318645 0
0.0818331241607666 0.013785839080810547 1318732 0
0.07675385475158691 0.01366281509399414 1318351 0
0.08133339881896973 0.013862848281860352 1318584 0
0.07611894607543945 0.012476682662963867 1318740 0
0.07414484024047852 0.013501405715942383 1318518 0
0.07670307159423828 0.013888359069824219 1318228 0
0.07571887969970703 0.013569831848144531 1318694 0
0.08061075210571289 0.013356924057006836 1318201 0
0.08098268508911133 0.013607501983642578 1318225 0
0.07852792739868164 0.013550996780395508 1318429 0
0.07594466209411621 0.012783527374267578 1317977 0
0.0766146183013916 0.013415336608886719 1318194 0
0.07582569122314453 0.013696908950805664 1318250 0
0.07924795150756836 0.014815568923950195 1318284 0
0.07574343681335449 0.013883829116821289 1318236 0
0.07511043548583984 0.012369871139526367 1318081 0
0.07562804222106934 0.012707710266113281 1318179 0
0.07845520973205566 0.014068841934204102 1317940 0
0.07630133628845215 0.013478755950927734 1318115 0
0.07573413848876953 0.014045953750610352 1318121 0
0.07660746574401855 0.013601541519165039 1318201 0
0.07600092887878418 0.013350963592529297 1318422 0
0.07619953155517578 0.012948751449584961 1318222 0
0.07574176788330078 0.013596534729003906 1318073 0
0.0752863883972168 0.015902042388916016 1318321 0
0.07868051528930664 0.013263940811157227 1318227 0
0.07829499244689941 0.014790773391723633 1317918 0
0.0760335922241211 0.01233220100402832 1318063 0
0.0757603645324707 0.013588666915893555 1317835 0
0.08132100105285645 0.013112306594848633 1317640 0
0.0796973705291748 0.014613151550292969 1318158 0
0.07834506034851074 0.01332402229309082 1318099 0
0.07451081275939941 0.01390838623046875 1318081 0
0.0747990608215332 0.013541936874389648 1318030 0
0.08471035957336426 0.014085054397583008 1318044 0
0.07613086700439453 0.014262676239013672 1317624 0
0.07513260841369629 0.013025999069213867 1318215 0
0.08245611190795898 0.014060497283935547 1318012 0
0.07751822471618652 0.013164281845092773 1317920 0
0.07958507537841797 0.013460397720336914 1318087 0
0.07853245735168457 0.014252662658691406 1317933 0
0.07661056518554688 0.012697458267211914 1317978 0
0.07605934143066406 0.013941526412963867 1318288 0
0.08046150207519531 0.014262199401855469 1318246 0
0.07963347434997559 0.01473236083984375 1318268 0
0.07590270042419434 0.014038562774658203 1318352 0
0.07476997375488281 0.013624191284179688 1318022 0
0.0802302360534668 0.013513565063476562 1318419 0
0.08034825325012207 0.015304327011108398 1318047 0
0.08043885231018066 0.013985872268676758 1318160 0
0.07677531242370605 0.013591766357421875 1318024 0
0.07585525512695312 0.012902021408081055 1318139 0
0.0778045654296875 0.01369476318359375 1318106 0
0.07662653923034668 0.013392925262451172 1318115 0
0.07614445686340332 0.012891054153442383 1318195 0
0.07598328590393066 0.01233363151550293 1317837 0
0.08325719833374023 0.013744354248046875 1318044 0
0.07888245582580566 0.013288259506225586 1318299 0
0.07758402824401855 0.014638423919677734 1318122 0
0.07608389854431152 0.012607097625732422 1317927 0
0.07648515701293945 0.013419389724731445 1318161 0
0.08209872245788574 0.014564990997314453 1318061 0
0.08008623123168945 0.014297246932983398 1318159 0
0.07987833023071289 0.013549327850341797 1318301 0
0.07633829116821289 0.013679981231689453 1318186 0
0.0778493881225586 0.013357162475585938 1318236 0
0.0774223804473877 0.01331329345703125 1318361 0
0.07472991943359375 0.013354301452636719 1318399 0
0.08149242401123047 0.01385641098022461 1318178 0
0.07657504081726074 0.01238870620727539 1318537 0
0.07870984077453613 0.014156341552734375 1318336 0
0.07593321800231934 0.012333869934082031 1318339 0
0.07955574989318848 0.014122724533081055 1318459 0
0.07923102378845215 0.013471841812133789 1318294 0
0.07599878311157227 0.014315128326416016 1318471 0
0.07988739013671875 0.013698101043701172 1318593 0
0.07954859733581543 0.014008522033691406 1318654 0
0.07671904563903809 0.013683080673217773 1322139 0
0.0843353271484375 0.014312982559204102 1322147 0
0.07850122451782227 0.013358354568481445 1321921 0
0.07999014854431152 0.013439655303955078 1322110 0
0.07426095008850098 0.012878656387329102 1322032 0
0.07610416412353516 0.012804031372070312 1322131 0
0.07982802391052246 0.012618303298950195 1322260 0
0.0764315128326416 0.01247549057006836 1322053 0
0.0753624439239502 0.012947320938110352 1321914 0
0.07610440254211426 0.012381792068481445 1321938 0
0.0766294002532959 0.01365804672241211 1321926 0
0.08797621726989746 0.014154672622680664 1321735 0
0.07562875747680664 0.012685060501098633 1321735 0
0.08027815818786621 0.013347625732421875 1321977 0
0.07499313354492188 0.013640403747558594 1321867 0
0.07719969749450684 0.012933492660522461 1322062 0
0.0770571231842041 0.012625694274902344 1322412 0
0.07496881484985352 0.013813257217407227 1322176 0
0.07561469078063965 0.014217615127563477 1322308 0
0.07533717155456543 0.013216257095336914 1322475 0
0.07571887969970703 0.01335906982421875 1322075 0
0.07510209083557129 0.012449026107788086 1322378 0
0.07507872581481934 0.013131380081176758 1321895 0
0.08178591728210449 0.014367341995239258 1321882 0
0.0754539966583252 0.013521194458007812 1322089 0
0.07606720924377441 0.014185905456542969 1322107 0
0.07469344139099121 0.013207197189331055 1322212 0
0.07457852363586426 0.012896060943603516 1322285 0
0.08428239822387695 0.014399290084838867 1322283 0
0.0756075382232666 0.013530492782592773 1321753 0
0.0805811882019043 0.014017581939697266 1322122 0
0.08037447929382324 0.013939380645751953 1322049 0
0.07694220542907715 0.013473033905029297 1321915 0
0.08031821250915527 0.013944864273071289 1321637 0
0.0807027816772461 0.01392817497253418 1322074 0
0.07536196708679199 0.013197183609008789 1321985 0
0.07756662368774414 0.014151334762573242 1321557 0
0.07498359680175781 0.012473821640014648 1321497 0
0.07942986488342285 0.01395273208618164 1321502 0
0.07686352729797363 0.012733936309814453 1321389 0
0.08022451400756836 0.013195276260375977 1321543 0
0.07482290267944336 0.013323068618774414 1321501 0
0.07897233963012695 0.012507200241088867 1321127 0
0.07437920570373535 0.012700557708740234 1321346 0
0.07476401329040527 0.013153791427612305 1321130 0
0.07941937446594238 0.01251363754272461 1321008 0
0.07527995109558105 0.012846231460571289 1321153 0
0.07738065719604492 0.013043880462646484 1321272 0
0.07440733909606934 0.013436079025268555 1321119 0
0.07689714431762695 0.01293039321899414 1320778 0
0.07581567764282227 0.013738632202148438 1321183 0
0.0755615234375 0.012354373931884766 1321074 0
0.08019280433654785 0.014708518981933594 1321037 0
0.07835507392883301 0.01347041130065918 1320766 0
0.07830691337585449 0.01470494270324707 1320696 0
0.07738804817199707 0.016136646270751953 1321109 0
0.07794857025146484 0.012618541717529297 1320931 0
0.07600736618041992 0.014281988143920898 1320749 0
0.0747678279876709 0.014059305191040039 1320656 0
0.08084368705749512 0.014074325561523438 1320952 0
0.0751030445098877 0.01790785789489746 1320640 0
0.07873368263244629 0.01395559310913086 1321009 0
0.07636737823486328 0.01462554931640625 1320815 0
0.07444357872009277 0.013440847396850586 1320993 0
0.07645511627197266 0.013064861297607422 1320762 0
0.08095669746398926 0.01600050926208496 1320860 0
0.07556629180908203 0.012791872024536133 1320756 0
0.07527637481689453 0.012787342071533203 1320895 0
0.07367801666259766 0.013725519180297852 1321022 0
0.07556676864624023 0.01267385482788086 1320798 0
0.08066749572753906 0.01378774642944336 1320584 0
0.07604026794433594 0.012502908706665039 1320988 0
0.0751495361328125 0.013607501983642578 1320849 0
0.08292889595031738 0.013404130935668945 1321358 0
0.07496237754821777 0.013346672058105469 1321343 0
0.08206582069396973 0.013247966766357422 1321743 0
0.07569527626037598 0.012293815612792969 1321837 0
0.07641267776489258 0.014715433120727539 1321690 0
0.08001255989074707 0.01392221450805664 1321710 0
0.08028435707092285 0.013403892517089844 1321885 0
0.07494950294494629 0.012310504913330078 1321747 0
0.08031940460205078 0.013108253479003906 1321820 0
0.07585501670837402 0.01332998275756836 1320638 0
0.07906723022460938 0.014419078826904297 1320593 0
0.07602405548095703 0.013238191604614258 1320385 0
0.07947945594787598 0.014217376708984375 1320449 0
0.07645297050476074 0.012958288192749023 1319919 0
0.07616519927978516 0.013334274291992188 1320084 0
0.07538652420043945 0.012461662292480469 1320043 0
0.07715177536010742 0.012904882431030273 1319457 0
0.07673192024230957 0.014047861099243164 1319627 0
0.07643437385559082 0.013262033462524414 1319661 0
0.07596397399902344 0.012800455093383789 1319582 0
0.07557106018066406 0.013005495071411133 1319578 0
0.0740501880645752 0.012973308563232422 1319639 0
0.07719612121582031 0.014120817184448242 1319460 0
0.0743863582611084 0.013323545455932617 1319524 0
0.08343863487243652 0.015050649642944336 1319728 0
0.0791025161743164 0.013295412063598633 1319649 0
0.07409405708312988 0.013831853866577148 1319484 0
0.0758512020111084 0.01296091079711914 1319802 0
0.07614827156066895 0.012888908386230469 1319794 0
0.08169841766357422 0.01314091682434082 1319597 0
0.07846450805664062 0.013997316360473633 1319679 0
0.07403111457824707 0.013555049896240234 1319851 0
0.07646512985229492 0.012657642364501953 1319966 0
0.07661557197570801 0.013338565826416016 1320058 0
0.07548880577087402 0.013432502746582031 1320126 0
0.07596158981323242 0.013630867004394531 1320182 0
0.07446956634521484 0.012985467910766602 1320534 0
0.07839798927307129 0.012958765029907227 1320400 0
0.07517528533935547 0.012677431106567383 1320483 0
0.07703042030334473 0.013768672943115234 1320448 0
0.07974553108215332 0.013948440551757812 1320450 0
0.08108282089233398 0.01455831527709961 1320460 0
0.08084654808044434 0.013866662979125977 1320697 0
0.07818341255187988 0.013877153396606445 1320307 0
0.08095788955688477 0.014781713485717773 1320622 0
0.07530498504638672 0.012582063674926758 1319981 0
0.07813882827758789 0.013877630233764648 1320003 0
0.07872366905212402 0.014214515686035156 1320090 0
0.0799562931060791 0.014185190200805664 1320544 0
0.07953977584838867 0.01258707046508789 1320585 0
0.0767829418182373 0.013004779815673828 1320575 0
0.08669447898864746 0.014134883880615234 1320695 0
0.07823562622070312 0.013973474502563477 1320917 0
0.07521963119506836 0.013173818588256836 1321566 0
0.07404279708862305 0.013109683990478516 1321468 0
0.08033180236816406 0.013822555541992188 1321352 0
0.08289861679077148 0.013462543487548828 1321614 0
0.07527899742126465 0.014355182647705078 1321330 0
0.07690119743347168 0.013077497482299805 1321507 0
0.07562828063964844 0.012637615203857422 1320864 0
0.07669711112976074 0.014265775680541992 1320946 0
0.08421850204467773 0.014638662338256836 1320441 0
0.07392382621765137 0.013466358184814453 1320828 0
0.07997775077819824 0.01434016227722168 1320877 0
0.07538318634033203 0.013123273849487305 1321722 0
0.07931756973266602 0.013460874557495117 1321119 0
0.07624363899230957 0.013595342636108398 1320918 0
0.07504463195800781 0.015112876892089844 1321137 0
0.07420015335083008 0.013721466064453125 1321215 0
0.07790160179138184 0.014299631118774414 1321314 0
0.07730865478515625 0.014718055725097656 1321515 0
0.07789850234985352 0.012679100036621094 1321133 0
0.07721948623657227 0.013267278671264648 1321080 0
0.07968521118164062 0.0157928466796875 1320663 0
0.07399606704711914 0.013293743133544922 1321133 0
0.0744028091430664 0.013335466384887695 1320855 0
0.0771949291229248 0.013186454772949219 1321007 0
0.07534027099609375 0.01360630989074707 1321180 0
0.07548809051513672 0.015134334564208984 1321036 0
0.0756683349609375 0.012331247329711914 1321169 0
0.07522034645080566 0.014024496078491211 1321541 0
0.07993173599243164 0.013194084167480469 1321806 0
0.08268594741821289 0.014568567276000977 1322006 0
0.07983517646789551 0.013430356979370117 1322839 0
0.07643675804138184 0.014424562454223633 1322369 0
0.07568764686584473 0.012471675872802734 1322723 0
0.0799708366394043 0.013703107833862305 1323011 0
0.07464146614074707 0.013554573059082031 1322929 0
0.07993793487548828 0.013149023056030273 1322917 0
0.07598495483398438 0.012641668319702148 1322668 0
0.07927370071411133 0.013110160827636719 1322588 0
0.08056807518005371 0.013211965560913086 1322271 0
0.0807046890258789 0.013652563095092773 1322244 0
0.08222031593322754 0.013060569763183594 1321755 0
0.07626485824584961 0.01237630844116211 1321475 0
0.07806706428527832 0.013234853744506836 1321604 0
0.07445406913757324 0.013458490371704102 1321583 0
0.074127197265625 0.012295961380004883 1321352 0
0.07693982124328613 0.013365030288696289 1321554 0
0.07464361190795898 0.01294565200805664 1321409 0
0.07571125030517578 0.012614965438842773 1321146 0
0.07572793960571289 0.013857364654541016 1321041 0
0.07502460479736328 0.012842416763305664 1320937 0
0.07544493675231934 0.013723373413085938 1320794 0
0.0816349983215332 0.014318704605102539 1320646 0
0.08104085922241211 0.013367414474487305 1320538 0
0.07695698738098145 0.013175487518310547 1320574 0
0.07499408721923828 0.014258623123168945 1320517 0
0.07807278633117676 0.014840841293334961 1320752 0
0.0755927562713623 0.01336050033569336 1320546 0
0.07485079765319824 0.013570547103881836 1321120 0
0.07443380355834961 0.013134956359863281 1320830 0
0.07590842247009277 0.014306783676147461 1320931 0
0.07408571243286133 0.013912200927734375 1320809 0
0.07533669471740723 0.012855052947998047 1320974 0
0.07996797561645508 0.01256704330444336 1320648 0
0.07886767387390137 0.01470804214477539 1320687 0
0.07518434524536133 0.013443708419799805 1321267 0
0.07705831527709961 0.013877391815185547 1321072 0
0.08335018157958984 0.014084577560424805 1321308 0
0.08095192909240723 0.012932300567626953 1321364 0
0.07810330390930176 0.013759613037109375 1320716 0
0.07786703109741211 0.013393878936767578 1320782 0
