0.16248202323913574 0.008625984191894531 314749 628620
0.15439462661743164 0.009972572326660156 314334 628783
0.15971875190734863 0.010075092315673828 323028 625085
0.15788578987121582 0.01019740104675293 316690 627745
0.16059231758117676 0.010181665420532227 322613 625310
0.16494512557983398 0.008881330490112305 328023 622995
0.1677539348602295 0.010876655578613281 329627 622316
0.1674952507019043 0.011280059814453125 328803 622675
0.15909671783447266 0.010394096374511719 326720 623551
0.1580219268798828 0.009833097457885742 327473 623241
0.15668988227844238 0.010583639144897461 318511 627075
0.15505576133728027 0.010148048400878906 310127 630458
0.1589832305908203 0.008772850036621094 326208 623880
0.15929031372070312 0.00862884521484375 314800 628629
0.14010882377624512 0.008855819702148438 257905 651384
0.1606159210205078 0.009211063385009766 312043 629761
0.16326165199279785 0.009850025177001953 304387 632825
0.15026164054870605 0.008342266082763672 293705 637083
0.14875197410583496 0.009442806243896484 276880 643757
0.15303349494934082 0.009618997573852539 305740 632287
0.15409111976623535 0.009139060974121094 303487 633108
0.15214753150939941 0.0100555419921875 289445 638527
0.16228652000427246 0.008422136306762695 307236 631742
0.15559840202331543 0.009849309921264648 321292 625876
0.17310667037963867 0.011340618133544922 323083 624996
0.15505170822143555 0.009449005126953125 316698 627849
0.15494298934936523 0.009734392166137695 291864 637620
0.15961837768554688 0.008525848388671875 313640 629045
0.15992951393127441 0.008617162704467773 315542 628233
0.15306925773620605 0.00995779037475586 300751 634138
0.16852378845214844 0.008602142333984375 314651 628658
0.1571791172027588 0.009789228439331055 318018 627248
0.16875433921813965 0.010852813720703125 309016 630857
0.15556836128234863 0.008835315704345703 310460 630344
0.15139222145080566 0.008573532104492188 289426 638450
0.15511870384216309 0.008687257766723633 318346 627158
0.1598806381225586 0.0106658935546875 337924 619021
0.16124987602233887 0.008794546127319336 328947 622593
0.16025233268737793 0.009518623352050781 336453 619356
0.15691757202148438 0.009700298309326172 319419 626593
0.15117216110229492 0.008324623107910156 297340 635570
0.1593036651611328 0.008435249328613281 306375 631926
0.1584305763244629 0.008736610412597656 325064 624260
0.16698455810546875 0.008749723434448242 324201 624619
0.1439661979675293 0.009915590286254883 276765 643541
0.1551804542541504 0.010070323944091797 321059 625967
0.16111135482788086 0.00875401496887207 327594 623150
0.15901541709899902 0.008661031723022461 318875 626833
0.15879440307617188 0.009611129760742188 326077 623898
0.1568751335144043 0.009188413619995117 324430 624482
0.15727829933166504 0.009925127029418945 320391 626245
0.1670668125152588 0.008939743041992188 327787 623208
0.16620135307312012 0.011166095733642578 325843 624099
0.16514992713928223 0.010947227478027344 326671 623608
0.16510605812072754 0.009740352630615234 327657 623197
0.15648531913757324 0.010596513748168945 328276 623002
0.16701626777648926 0.010901689529418945 329227 622542
0.16848349571228027 0.010406732559204102 330011 622262
0.17010831832885742 0.010878562927246094 330027 622206
0.16612792015075684 0.009898900985717773 330651 621833
0.15692138671875 0.009152412414550781 323659 624927
0.16411542892456055 0.009739875793457031 325325 624153
0.15746402740478516 0.009805440902709961 322738 625258
0.16360688209533691 0.008694171905517578 320770 626089
0.15727853775024414 0.008697271347045898 312170 629666
0.16276264190673828 0.008837699890136719 322312 625391
0.1592094898223877 0.010126590728759766 326502 623634
0.1676466464996338 0.008852005004882812 326635 623523
0.1576087474822998 0.008770465850830078 325263 624155
0.16337251663208008 0.010743856430053711 323648 624694
0.1584327220916748 0.009868621826171875 318667 626921
0.1558847427368164 0.012112855911254883 310022 630458
0.1588757038116455 0.008827686309814453 323276 624879
0.1599409580230713 0.009846687316894531 317378 627442
0.1426525115966797 0.009412288665771484 258657 651100
0.16202592849731445 0.008733987808227539 320983 625979
0.1659224033355713 0.00875091552734375 318459 627005
0.15656447410583496 0.0102081298828125 307550 631521
0.15912437438964844 0.008540630340576172 312376 629605
0.16524982452392578 0.008978843688964844 312107 629718
0.15902972221374512 0.011011123657226562 321955 625584
0.1619715690612793 0.008950233459472656 321784 625646
0.15566205978393555 0.009950876235961914 315647 628341
0.1556549072265625 0.009769678115844727 315923 628330
0.1599712371826172 0.00872802734375 320345 626525
0.15694117546081543 0.009654521942138672 320470 626452
0.15296673774719238 0.008481264114379883 300189 634566
0.16579866409301758 0.009084939956665039 321295 626040
0.15652704238891602 0.009379863739013672 321372 625962
0.15776324272155762 0.010071039199829102 322810 625330
0.16268420219421387 0.010004043579101562 318922 627040
0.15763378143310547 0.010177373886108398 317594 627576
0.15776324272155762 0.008610248565673828 319352 626790
0.1565241813659668 0.009002923965454102 307319 631703
0.16215229034423828 0.008708715438842773 320960 626145
0.15446949005126953 0.010383129119873047 315791 628227
0.1455979347229004 0.009058713912963867 259107 650968
0.15838909149169922 0.01014399528503418 320043 626469
0.16129112243652344 0.00999307632446289 319544 626661
0.1605374813079834 0.008478879928588867 302324 633682
0.16419172286987305 0.008678674697875977 309411 630904
0.15594863891601562 0.009682655334472656 313151 629241
0.1647505760192871 0.009240388870239258 317454 627570
0.1579890251159668 0.00980830192565918 330995 621884
0.17008638381958008 0.011049747467041016 326568 623758
0.1582489013671875 0.010626792907714844 328957 622823
0.16327714920043945 0.008867025375366211 326806 623616
0.16225504875183105 0.008882284164428711 332700 621165
0.15972352027893066 0.00894927978515625 331488 621670
0.1656785011291504 0.009187936782836914 328804 622797
0.1593177318572998 0.01065683364868164 328909 622726
0.15980005264282227 0.008860349655151367 327044 623494
0.16031575202941895 0.010168790817260742 327067 623490
0.1590275764465332 0.01069784164428711 328235 623038
0.1664257049560547 0.008786916732788086 319063 626954
0.16053271293640137 0.008891582489013672 325381 624338
0.1505119800567627 0.009463310241699219 292292 637476
0.1620197296142578 0.00977945327758789 326505 623834
0.16179180145263672 0.008680105209350586 324534 624595
0.16855597496032715 0.00982522964477539 326093 623840
0.16115069389343262 0.00865483283996582 320024 626504
0.16333794593811035 0.009263038635253906 323640 625013
0.16157841682434082 0.010169267654418945 316105 628100
0.15929865837097168 0.009855985641479492 309078 630895
0.16071081161499023 0.008837461471557617 319461 626741
0.16430997848510742 0.009078502655029297 320312 626430
0.1417999267578125 0.009306669235229492 264949 648661
0.16092538833618164 0.010216712951660156 311089 630108
0.15058684349060059 0.009236812591552734 274403 644697
0.15348577499389648 0.008344173431396484 284990 640347
0.14901137351989746 0.00904536247253418 290658 638017
0.15456604957580566 0.009004592895507812 298270 635209
0.15141963958740234 0.008345842361450195 284877 640419
0.1587541103363037 0.009009122848510742 299560 634695
0.16248106956481934 0.008941888809204102 309876 630578
0.16551899909973145 0.009799003601074219 315684 628295
0.15745019912719727 0.01003408432006836 313066 629279
0.16033625602722168 0.008875608444213867 316373 627918
0.15610337257385254 0.010920047760009766 310981 630126
0.16475892066955566 0.009943723678588867 315308 628411
0.1611621379852295 0.009544849395751953 321807 625757
0.16478204727172852 0.01083827018737793 324509 624633
0.15694642066955566 0.009493827819824219 317029 627628
0.161881685256958 0.013391256332397461 319409 626595
0.1644909381866455 0.010443925857543945 314850 628548
0.16213655471801758 0.010456323623657227 330667 621969
0.17116260528564453 0.008786916732788086 322915 625256
0.16729068756103516 0.010600090026855469 316570 627798
0.15700769424438477 0.009721040725708008 304804 632485
0.15515685081481934 0.008567571640014648 305000 632195
0.1602630615234375 0.008881330490112305 323531 624919
0.16997241973876953 0.011599063873291016 340259 617952
0.16677618026733398 0.010294198989868164 335954 619695
0.16908717155456543 0.008887767791748047 333539 620660
0.16021728515625 0.01020956039428711 333569 620687
0.16009902954101562 0.009977340698242188 321525 625750
0.14104270935058594 0.007735252380371094 258837 650891
0.1559765338897705 0.008733034133911133 309354 630743
0.161895751953125 0.008629560470581055 315149 628369
0.15060973167419434 0.00995016098022461 288457 638902
0.15100812911987305 0.009733915328979492 287629 639304
0.14938592910766602 0.008350610733032227 291586 637670
0.15446996688842773 0.009126663208007812 288266 639035
0.1607058048248291 0.009501457214355469 293840 636675
0.1547985076904297 0.010561943054199219 308995 630760
0.15474152565002441 0.01015782356262207 296807 635639
0.15201783180236816 0.010104894638061523 294753 636284
0.1570594310760498 0.010306835174560547 315177 628412
0.15807318687438965 0.00935816764831543 308771 631024
0.16217684745788574 0.008868932723999023 331113 621938
0.15925836563110352 0.009647607803344727 306516 631819
0.1664116382598877 0.011207818984985352 322828 625434
0.1647944450378418 0.011265993118286133 325238 624417
0.15893125534057617 0.010809183120727539 328670 622918
0.16806483268737793 0.009161949157714844 326307 623810
0.15661263465881348 0.010119915008544922 327256 623536
0.16028785705566406 0.008687973022460938 305664 632116
0.16662335395812988 0.010109424591064453 331690 621609
0.16121196746826172 0.011431217193603516 334126 620604
0.16035747528076172 0.009642839431762695 332857 621094
0.16097021102905273 0.008912324905395508 326148 623963
0.16339468955993652 0.009189367294311523 323336 625217
0.16229677200317383 0.010158300399780273 325888 623967
0.16410207748413086 0.008774995803833008 311842 629805
0.16730523109436035 0.009684085845947266 325327 624112
0.15851354598999023 0.008762359619140625 324337 624560
0.1454617977142334 0.007868289947509766 266449 647903
0.15883302688598633 0.008781671524047852 327999 623176
0.16077876091003418 0.009037494659423828 329740 622362
0.15536737442016602 0.01013326644897461 309551 630638
0.1581408977508545 0.011046409606933594 319233 626752
0.16012167930603027 0.010521173477172852 320640 626122
0.16232895851135254 0.008757829666137695 323760 624829
0.1658470630645752 0.00940847396850586 328274 622865
0.15872693061828613 0.008868932723999023 326073 623836
0.15703248977661133 0.010126829147338867 324468 624575
0.15968871116638184 0.009804010391235352 325477 624079
0.1583859920501709 0.010146141052246094 328923 622434
0.15842723846435547 0.009743690490722656 329162 622367
0.15700221061706543 0.010589838027954102 325085 624109
0.1574387550354004 0.008659839630126953 314335 629741
0.1458740234375 0.008211374282836914 273249 646043
0.14089131355285645 0.008613824844360352 259182 651568
0.14981627464294434 0.007923364639282227 265097 649163
0.14673280715942383 0.007869958877563477 262376 650293
0.155989408493042 0.008995532989501953 266088 648792
0.1447286605834961 0.008028030395507812 266293 648798
0.14862442016601562 0.009681940078735352 270172 647182
0.15209436416625977 0.00811457633972168 276694 644541
0.14768624305725098 0.009605169296264648 274083 645565
0.15410375595092773 0.007918119430541992 265618 648949
0.1528623104095459 0.007958173751831055 271561 646507
0.15240073204040527 0.008298158645629883 272435 646229
0.15362977981567383 0.007939577102661133 266090 648723
0.14602923393249512 0.008029699325561523 268277 647940
0.1415717601776123 0.009543895721435547 264731 649348
0.14647340774536133 0.008806705474853516 265635 648955
0.13770818710327148 0.009078025817871094 242165 658314
0.1555161476135254 0.007857322692871094 268075 647929
0.15297698974609375 0.00996541976928711 270325 647016
0.15524744987487793 0.00798487663269043 269967 647183
0.15272140502929688 0.009557008743286133 270513 647044
0.1442103385925293 0.009676456451416016 269756 647149
0.14753389358520508 0.008170366287231445 270910 646796
0.15674257278442383 0.009369850158691406 271994 646306
0.15535545349121094 0.009619951248168945 268915 647543
0.15322542190551758 0.010368824005126953 269221 647464
0.14412188529968262 0.010201215744018555 268101 647966
0.15485477447509766 0.009475231170654297 266676 648512
0.14957499504089355 0.00964808464050293 269130 647524
0.14443016052246094 0.009562492370605469 265517 648986
0.14350652694702148 0.009011030197143555 267142 648343
0.15644454956054688 0.009344339370727539 267704 648041
0.1462879180908203 0.007998943328857422 269006 647509
0.14592742919921875 0.008050203323364258 272266 646274
0.14757609367370605 0.008092403411865234 270576 646840
0.15410733222961426 0.008198738098144531 269658 647198
0.15530705451965332 0.008012771606445312 268252 647909
0.14261984825134277 0.009514808654785156 267589 648070
0.14287710189819336 0.007935047149658203 268688 647684
0.148911714553833 0.009554862976074219 266140 648792
0.14226174354553223 0.00787663459777832 268470 647816
0.14618706703186035 0.00796651840209961 270770 646773
0.1506505012512207 0.00799417495727539 269992 647199
0.1443643569946289 0.008988142013549805 271643 646479
0.15073204040527344 0.007880687713623047 268848 647632
0.14845776557922363 0.008971691131591797 268933 647581
0.14114069938659668 0.007770538330078125 240765 658866
0.14612340927124023 0.007952451705932617 268675 647702
0.1549217700958252 0.01209712028503418 269678 647276
0.14712262153625488 0.00803828239440918 270851 646787
0.15509390830993652 0.008012533187866211 271867 646404
0.14518237113952637 0.008022069931030273 271458 646473
0.15374350547790527 0.009051799774169922 271922 646257
0.14862394332885742 0.008296012878417969 273080 645882
0.1461949348449707 0.008678436279296875 271211 646639
0.14615249633789062 0.00798654556274414 272134 646197
0.14539766311645508 0.007910966873168945 269791 647230
0.14421629905700684 0.009260416030883789 266004 648682
0.14391708374023438 0.0085906982421875 266141 648709
0.14631867408752441 0.008185386657714844 265522 648939
0.1459653377532959 0.007873058319091797 268009 647962
0.15290570259094238 0.009012699127197266 271272 646602
0.15408587455749512 0.008824348449707031 270858 646716
0.15265369415283203 0.009833335876464844 274887 645230
0.14762020111083984 0.007993698120117188 272177 646205
0.15042543411254883 0.007990121841430664 275743 644897
0.1466197967529297 0.008131980895996094 274577 645433
0.1586143970489502 0.00933694839477539 276324 644680
0.15146088600158691 0.008337259292602539 276766 644533
0.1464700698852539 0.012465715408325195 270679 646746
0.14547109603881836 0.008997440338134766 272406 646076
0.14982032775878906 0.009363412857055664 273772 645680
0.15247416496276855 0.009462594985961914 299703 635686
0.1601717472076416 0.010085821151733398 296085 637192
0.15154409408569336 0.009366512298583984 276858 644666
0.15932703018188477 0.009021282196044922 321630 626763
0.1526196002960205 0.009096860885620117 304849 633571
0.1663665771484375 0.009001493453979492 320993 626988
0.15618896484375 0.010679960250854492 309382 631739
0.16187810897827148 0.008570194244384766 297750 636605
0.15526342391967773 0.009843587875366211 302911 634599
0.15352988243103027 0.00947117805480957 303574 634169
0.15754151344299316 0.009927749633789062 301591 634951
0.15686869621276855 0.00945281982421875 297997 636394
0.1569819450378418 0.009367942810058594 292559 638596
0.14715051651000977 0.009094476699829102 275671 644991
0.1462700366973877 0.008652925491333008 275952 644874
0.1454472541809082 0.008078336715698242 260645 650976
0.1570141315460205 0.00927281379699707 269904 647118
0.15314817428588867 0.009649276733398438 272663 646031
0.15918684005737305 0.008369207382202148 268248 647890
0.14782285690307617 0.008986234664916992 266304 648711
0.15574097633361816 0.01000213623046875 270987 646770
0.1463298797607422 0.00795125961303711 269207 647461
0.15978384017944336 0.010377883911132812 270452 647022
0.14892268180847168 0.009263992309570312 271436 646479
0.1464388370513916 0.008980989456176758 274158 645391
0.14678502082824707 0.009304523468017578 274587 645177
0.13611435890197754 0.009276151657104492 231558 662381
0.14731740951538086 0.0105743408203125 274178 645434
0.15173029899597168 0.008662939071655273 277308 644196
0.1432664394378662 0.008625268936157227 267989 647989
0.14858007431030273 0.008191347122192383 276867 644371
0.14735770225524902 0.008955240249633789 276509 644526
0.14784669876098633 0.009708166122436523 274820 645154
0.14881038665771484 0.008257865905761719 279004 643625
0.1473531723022461 0.008175849914550781 275138 645129
0.14664244651794434 0.008020877838134766 274148 645542
0.14668941497802734 0.008595705032348633 273586 645671
0.15419411659240723 0.00912022590637207 270490 646918
0.14501428604125977 0.008428335189819336 272760 646004
0.15726542472839355 0.009669303894042969 273009 645956
0.14919185638427734 0.008211135864257812 276517 644630
0.1522352695465088 0.009175539016723633 277394 644309
0.14728665351867676 0.008322477340698242 279714 643338
0.15395641326904297 0.008135080337524414 275795 644779
0.1451091766357422 0.00816488265991211 274145 645445
0.15353679656982422 0.00812387466430664 275942 644722
0.15488934516906738 0.01048731803894043 272688 646070
0.15214800834655762 0.008133649826049805 271399 646606
0.153961181640625 0.010181665420532227 273908 645563
0.14819860458374023 0.009778261184692383 273022 645864
0.144850492477417 0.009140968322753906 274644 645351
0.14515233039855957 0.009147882461547852 275079 645161
0.1491401195526123 0.008014917373657227 272657 646044
0.1521470546722412 0.008556604385375977 270713 646832
0.14617133140563965 0.009325504302978516 279113 643759
0.1556992530822754 0.00982213020324707 278582 643986
0.13915157318115234 0.008709192276000977 233077 661842
0.15451765060424805 0.00910043716430664 275424 644984
0.15452814102172852 0.010497093200683594 283143 642197
0.15307378768920898 0.010489940643310547 266782 648518
0.16455459594726562 0.010460853576660156 283342 642152
0.14757895469665527 0.009115457534790039 281429 642863
0.15247631072998047 0.008163213729858398 273535 645690
0.15579605102539062 0.008352518081665039 283799 641959
0.1546182632446289 0.008586883544921875 281391 642834
0.1472179889678955 0.008152246475219727 281099 642919
0.1468045711517334 0.008092403411865234 279370 643616
0.14929747581481934 0.008133888244628906 274725 645321
0.15632390975952148 0.008206605911254883 281030 643007
0.15109539031982422 0.008169412612915039 274678 645350
0.15432357788085938 0.009129047393798828 279302 643632
0.15739989280700684 0.008089065551757812 279784 643420
0.1490628719329834 0.009715557098388672 281859 642662
0.15279102325439453 0.008446216583251953 284503 641675
0.15265464782714844 0.00902414321899414 281384 642835
0.15130829811096191 0.0090789794921875 281311 642807
0.1469414234161377 0.010068416595458984 280026 643352
0.15087676048278809 0.00933980941772461 275427 645001
0.14948105812072754 0.009157657623291016 281084 642941
0.14583396911621094 0.008449792861938477 275722 644945
0.14761137962341309 0.009487152099609375 279072 643708
0.1548328399658203 0.008180856704711914 280057 643314
0.14749932289123535 0.008048534393310547 275107 645224
0.15074396133422852 0.008209228515625 270109 647097
0.15215492248535156 0.01053166389465332 285316 641356
0.15474820137023926 0.010307788848876953 283985 641863
0.13329291343688965 0.00755620002746582 229493 663125
0.14618253707885742 0.009814262390136719 271628 646523
0.15144681930541992 0.008778095245361328 279786 643520
0.14441800117492676 0.0077702999114990234 262519 650134
0.15326619148254395 0.008781909942626953 278842 643874
0.1583719253540039 0.009121179580688477 282352 642533
0.1416008472442627 0.008814573287963867 244490 657496
0.1318666934967041 0.007887840270996094 221272 666321
0.1466357707977295 0.007938146591186523 268473 647889
0.15747737884521484 0.008152246475219727 277199 644609
0.15698623657226562 0.008873224258422852 284529 641802
0.1548459529876709 0.009166479110717773 280783 643334
0.15415310859680176 0.01059722900390625 281717 642994
0.14943599700927734 0.009282827377319336 283292 642308
0.1504678726196289 0.00935816764831543 279374 643912
0.15413808822631836 0.010422229766845703 272162 646529
0.14441967010498047 0.009044885635375977 228224 663758
0.13280677795410156 0.008530855178833008 225924 664709
0.15161585807800293 0.008491992950439453 274300 645733
0.14684414863586426 0.008103132247924805 277994 644360
0.1537938117980957 0.007988691329956055 269984 647355
0.1513674259185791 0.009379386901855469 272299 646515
0.1458420753479004 0.00867009162902832 271812 646621
0.15189528465270996 0.008080244064331055 272463 646472
0.14663171768188477 0.008035659790039062 276249 645066
0.14889836311340332 0.008036136627197266 277368 644628
0.14621448516845703 0.008090972900390625 275126 645410
0.1490497589111328 0.009454965591430664 268879 647804
0.14832043647766113 0.008280277252197266 276960 644700
0.14675641059875488 0.009835958480834961 275831 645155
0.13963961601257324 0.01028132438659668 247137 656503
0.14649653434753418 0.008087635040283203 272304 646349
0.15463685989379883 0.009765625 271781 646629
0.15446114540100098 0.008002758026123047 270989 646883
0.14684486389160156 0.008019208908081055 275139 645387
0.15308475494384766 0.008771419525146484 274002 645857
0.15450310707092285 0.007950305938720703 270948 646961
0.15552282333374023 0.0094146728515625 268410 647935
0.15431666374206543 0.010080814361572266 273721 645982
0.14906835556030273 0.008034944534301758 274127 645964
0.1466350555419922 0.007966995239257812 268909 647768
0.1484057903289795 0.00796365737915039 263383 649603
0.15007257461547852 0.008800268173217773 260001 651012
0.14327216148376465 0.009050607681274414 262459 649943
0.15211248397827148 0.008013486862182617 260537 650754
0.14710688591003418 0.008546113967895508 264724 648886
0.15395092964172363 0.007961273193359375 266713 648184
0.143524169921875 0.00788736343383789 260528 650669
0.13840532302856445 0.008947372436523438 253464 653549
0.15160393714904785 0.009506940841674805 259305 651284
0.1461343765258789 0.007918119430541992 253312 653683
0.1343228816986084 0.007282733917236328 213922 668927
0.1539020538330078 0.008264303207397461 252319 654080
0.13979768753051758 0.008700847625732422 252937 653813
0.14933991432189941 0.008719921112060547 257787 651757
0.1482837200164795 0.008315563201904297 249347 655099
0.14740920066833496 0.011027336120605469 254140 653262
0.14220452308654785 0.007831096649169922 254861 653026
0.14199376106262207 0.008415937423706055 251804 654107
0.13974523544311523 0.009080886840820312 251618 654186
0.1471879482269287 0.007659912109375 253285 653615
0.1390073299407959 0.008877277374267578 251786 654164
0.1530768871307373 0.011118650436401367 252169 654098
0.13928890228271484 0.008858203887939453 253517 653471
0.14029884338378906 0.008682012557983398 249008 655222
0.14386844635009766 0.01016378402709961 251717 654121
0.14496302604675293 0.00828862190246582 253013 653621
0.14844655990600586 0.008188724517822266 251232 654344
0.14149141311645508 0.0076787471771240234 252043 653904
0.15632224082946777 0.007909536361694336 252173 653890
0.14211130142211914 0.00804591178894043 252360 653841
0.1542832851409912 0.010199785232543945 252643 653825
0.14344525337219238 0.0077822208404541016 252960 653644
0.15232205390930176 0.010249614715576172 252504 653849
0.15035581588745117 0.009033203125 252878 653742
0.14386487007141113 0.011066675186157227 253848 653437
0.13909626007080078 0.009007453918457031 252028 654077
0.14336681365966797 0.01004934310913086 253869 653420
0.142228364944458 0.007648944854736328 245329 656823
0.14290261268615723 0.00824594497680664 250227 654936
0.14426279067993164 0.007848262786865234 249847 654992
0.13594365119934082 0.008030176162719727 208281 671146
0.14010143280029297 0.008791685104370117 247623 655943
0.14692044258117676 0.009503602981567383 250446 654841
0.1458263397216797 0.009062051773071289 253463 653489
0.14877820014953613 0.008889198303222656 248307 655628
0.14869356155395508 0.007825851440429688 250045 654925
0.1418139934539795 0.007697582244873047 252340 653999
0.14824581146240234 0.007690906524658203 250716 654599
0.14261174201965332 0.00786900520324707 251173 654436
0.1458272933959961 0.010538578033447266 254389 653118
0.14551854133605957 0.007799863815307617 250394 654825
0.144761323928833 0.009105682373046875 250707 654627
0.1443936824798584 0.009426593780517578 250635 654640
0.1415855884552002 0.0077016353607177734 249496 655124
0.1394193172454834 0.00882577896118164 248255 655649
0.1499335765838623 0.0101470947265625 249478 655136
0.14284801483154297 0.007704734802246094 247386 655980
0.14059758186340332 0.007582902908325195 247038 656204
0.1417837142944336 0.007633209228515625 248757 655373
0.14693808555603027 0.007666826248168945 248748 655347
0.14484405517578125 0.007722616195678711 249308 655210
0.14795374870300293 0.0100555419921875 250798 654594
0.14859580993652344 0.0076446533203125 249494 655127
0.14506316184997559 0.007657289505004883 248429 655472
0.1482841968536377 0.007611989974975586 250296 654649
0.1506202220916748 0.009155750274658203 248764 655322
0.14638161659240723 0.008818387985229492 249924 654773
0.14391374588012695 0.008409976959228516 241803 658044
0.1387481689453125 0.009301424026489258 246876 656083
0.14386391639709473 0.0077304840087890625 246248 656313
0.13419413566589355 0.00693511962890625 204451 672464
0.14321422576904297 0.010687112808227539 242865 657610
0.1386110782623291 0.00982666015625 247321 655855
0.1416182518005371 0.007642984390258789 247971 655534
0.14534306526184082 0.008406877517700195 245072 656744
0.14377903938293457 0.00767970085144043 248161 655489
0.1473228931427002 0.009497404098510742 251110 654320
0.1462256908416748 0.007943153381347656 252040 653924
0.15098810195922852 0.009888648986816406 251922 654052
0.15517067909240723 0.008939027786254883 250124 654775
0.14916729927062988 0.0075702667236328125 247701 655780
0.14273548126220703 0.007605791091918945 247475 655821
0.14308524131774902 0.007518768310546875 245179 656808
0.1529250144958496 0.008636236190795898 246525 656190
0.14582204818725586 0.008076190948486328 247504 655854
0.14096951484680176 0.0081787109375 248156 655581
0.1382284164428711 0.009040117263793945 236479 660199
0.13979053497314453 0.007459878921508789 235859 660443
0.1377391815185547 0.009543418884277344 239336 659052
0.1456608772277832 0.007676362991333008 245377 656670
0.13744401931762695 0.007639884948730469 243897 657307
0.14471912384033203 0.008778810501098633 248000 655495
0.1455080509185791 0.00766301155090332 253218 653672
0.14685416221618652 0.007752656936645508 254229 653355
0.15096044540405273 0.008542776107788086 252815 653802
0.14835095405578613 0.009664535522460938 254893 653105
0.1530146598815918 0.008270740509033203 240921 658407
0.1350853443145752 0.009079694747924805 231566 662147
0.1491708755493164 0.007768154144287109 238463 659368
0.14193940162658691 0.009724855422973633 234437 661002
0.1280827522277832 0.00680232048034668 194464 676255
0.1400127410888672 0.008419275283813477 237330 659824
0.1451549530029297 0.0075092315673828125 238654 659239
0.1358175277709961 0.008592844009399414 236752 660050
0.14056706428527832 0.008572816848754883 230483 662492
0.14506983757019043 0.0074634552001953125 235612 660494
0.14923667907714844 0.007658720016479492 249382 655256
0.13879871368408203 0.008986473083496094 242869 657731
0.14475607872009277 0.00752711296081543 243004 657685
0.14206314086914062 0.007440805435180664 238904 659202
0.14050078392028809 0.009465932846069336 232538 661737
0.14789366722106934 0.009603738784790039 229606 662864
0.1348719596862793 0.0077359676361083984 230184 662620
0.14771604537963867 0.007328033447265625 229816 662854
0.14211392402648926 0.00902104377746582 229229 663071
0.14255428314208984 0.007613182067871094 231127 662290
0.13773274421691895 0.009279251098632812 235428 660624
0.1373755931854248 0.009452581405639648 240838 658408
0.14319109916687012 0.008760213851928711 242055 657965
0.13702630996704102 0.008800983428955078 236874 659982
0.13581633567810059 0.009241342544555664 237170 659829
0.14041900634765625 0.009185791015625 237125 659966
0.13796591758728027 0.00905609130859375 236353 660225
0.14178991317749023 0.0074100494384765625 236528 660134
0.1377246379852295 0.00881648063659668 232924 661513
0.1441190242767334 0.0074427127838134766 233814 661333
0.14426851272583008 0.007590532302856445 229964 662744
0.13500714302062988 0.00866246223449707 218705 667161
0.14170169830322266 0.008357524871826172 233386 661354
0.14094138145446777 0.007304191589355469 229033 663088
0.1275634765625 0.00669097900390625 192034 677207
0.1400601863861084 0.007367849349975586 229953 662659
0.13779664039611816 0.008849859237670898 236498 660147
0.14574122428894043 0.009586095809936523 237566 659751
0.1455836296081543 0.0073244571685791016 232045 661871
0.14894938468933105 0.007448673248291016 238852 659277
0.13553619384765625 0.00834202766418457 234135 661039
0.13578367233276367 0.007895469665527344 232537 661616
0.14233922958374023 0.007523775100708008 244894 656823
0.1400165557861328 0.007528781890869141 239306 659039
0.12574028968811035 0.00859832763671875 195729 675677
0.1489715576171875 0.007433414459228516 238240 659431
0.1442556381225586 0.008858203887939453 243708 657302
0.14297938346862793 0.008780717849731445 241460 658188
0.1425795555114746 0.00948333740234375 237185 659778
0.13875246047973633 0.009289979934692383 242148 657852
0.14380240440368652 0.0077970027923583984 250695 654710
0.14180660247802734 0.007691144943237305 248178 655621
0.13988518714904785 0.009555816650390625 252299 654125
0.1425340175628662 0.00831913948059082 247108 656038
0.14719295501708984 0.008806705474853516 247237 655942
0.141160249710083 0.009099483489990234 245443 656591
0.14124059677124023 0.007731914520263672 246882 656001
0.1452465057373047 0.008854150772094727 249359 655123
0.1448206901550293 0.007651329040527344 251322 654368
0.1408677101135254 0.008772611618041992 243654 657224
0.14258670806884766 0.009065866470336914 231164 662212
0.13759303092956543 0.008060932159423828 232724 661590
0.1408543586730957 0.008968591690063477 242831 657559
0.1411294937133789 0.00756382942199707 243393 657390
0.14020037651062012 0.007682085037231445 247322 655762
0.13914251327514648 0.008716344833374023 245163 656665
0.1389005184173584 0.008495807647705078 240324 658616
0.13786554336547852 0.007464408874511719 240906 658363
0.14213991165161133 0.007910728454589844 241393 658251
0.14245295524597168 0.008743047714233398 241042 658259
0.1370069980621338 0.008689403533935547 238278 659459
0.1380159854888916 0.008571386337280273 237145 659847
0.14330697059631348 0.008277177810668945 240683 658467
0.1419835090637207 0.00741887092590332 236664 660084
0.13836288452148438 0.008944272994995117 243492 657388
0.1430506706237793 0.008511781692504883 240574 658538
0.13909411430358887 0.008023738861083984 243087 657501
0.14046406745910645 0.009079217910766602 243238 657458
0.14507246017456055 0.00872039794921875 241640 658104
0.14198946952819824 0.010144233703613281 240133 658702
0.14207720756530762 0.0084075927734375 225924 664358
0.13733720779418945 0.007919788360595703 239253 659046
0.14525771141052246 0.008491277694702148 235134 660623
0.13292837142944336 0.006734371185302734 194283 676231
0.1393733024597168 0.007543325424194336 238836 659249
0.1407146453857422 0.008669376373291016 240648 658522
0.14521050453186035 0.008951663970947266 240305 658729
0.13741636276245117 0.007544994354248047 234152 661167
0.1460106372833252 0.009644746780395508 237851 659685
0.1432197093963623 0.010122060775756836 251171 654493
0.15433120727539062 0.009742975234985352 252304 654069
0.1450033187866211 0.007731199264526367 253350 653674
0.1452474594116211 0.00876760482788086 251189 654470
0.1451704502105713 0.00956273078918457 244024 657280
0.1433112621307373 0.007738351821899414 247156 655991
0.14620757102966309 0.00744938850402832 239269 659080
0.1441514492034912 0.0074808597564697266 241847 658104
0.14597749710083008 0.008302450180053711 245131 656800
0.1371016502380371 0.007553815841674805 242702 657805
0.14185571670532227 0.007920503616333008 242361 657904
0.14005780220031738 0.008170127868652344 248948 655307
0.14789175987243652 0.0077931880950927734 252577 653805
0.13807439804077148 0.00907444953918457 244605 657022
0.15065813064575195 0.008749961853027344 249154 655220
0.1421656608581543 0.007680654525756836 244754 657022
0.14705133438110352 0.008112907409667969 244366 657085
0.1381974220275879 0.009059906005859375 241097 658373
0.1427001953125 0.008905887603759766 245306 656744
0.15376925468444824 0.00839090347290039 288466 639448
0.16673874855041504 0.00987386703491211 301631 634483
0.1547701358795166 0.009903669357299805 303331 633759
0.15573334693908691 0.008468866348266602 305598 632887
0.16079306602478027 0.00848531723022461 303421 633626
0.15583348274230957 0.010092735290527344 304084 633510
0.15434598922729492 0.008860111236572266 305921 632628
0.15345025062561035 0.008382081985473633 300524 634820
0.15529942512512207 0.008517742156982422 307808 631946
0.15697431564331055 0.009684085845947266 305024 633045
0.15199828147888184 0.009559392929077148 298179 635867
0.15524053573608398 0.00900888442993164 306602 632518
0.15570545196533203 0.00982213020324707 305069 633094
0.15527057647705078 0.008751630783081055 304401 633430
0.16140413284301758 0.00849461555480957 305879 632788
0.1576077938079834 0.009824752807617188 306297 632616
0.15811395645141602 0.010027408599853516 308459 631868
0.15905499458312988 0.008461236953735352 300492 634899
0.15003561973571777 0.008054971694946289 274591 645217
0.16418838500976562 0.009753704071044922 305676 633008
0.1544489860534668 0.009692907333374023 305499 632979
0.15645170211791992 0.009332656860351562 305906 632840
0.1693868637084961 0.008948802947998047 307237 632317
0.15791916847229004 0.009063720703125 306402 632770
0.16044330596923828 0.009701251983642578 314192 629609
0.15334081649780273 0.008617401123046875 305962 632848
0.15959906578063965 0.009115219116210938 312771 630064
0.15353751182556152 0.009312629699707031 309025 631483
0.14903664588928223 0.007749795913696289 258077 651958
0.15478277206420898 0.009914875030517578 307015 632486
0.1668400764465332 0.009386777877807617 305248 633011
0.15607786178588867 0.009208440780639648 310569 630906
0.15857386589050293 0.009885072708129883 312816 630062
0.15898609161376953 0.008662700653076172 316424 628601
0.1560816764831543 0.008641719818115234 315943 628839
0.16691803932189941 0.009083032608032227 317744 628033
0.159881591796875 0.009678363800048828 316861 628436
0.1677248477935791 0.010345935821533203 315543 628952
0.16357636451721191 0.009261608123779297 303601 633839
0.15649914741516113 0.009722471237182617 315965 628826
0.15628409385681152 0.008594512939453125 309689 631423
0.16214323043823242 0.008594989776611328 314659 629278
0.16447043418884277 0.010756492614746094 315589 628978
0.1575770378112793 0.008702754974365234 316574 628587
0.15628457069396973 0.010094881057739258 314095 629629
0.1624279022216797 0.008628368377685547 318257 627760
0.15691661834716797 0.008764266967773438 314969 629209
0.1576557159423828 0.009829282760620117 317695 628101
0.15758371353149414 0.009678125381469727 287760 639937
0.15903425216674805 0.008713960647583008 317115 628479
0.15669918060302734 0.00959634780883789 316827 628596
0.1595008373260498 0.009832143783569336 317291 628367
0.15889310836791992 0.011137247085571289 316855 628643
0.15797209739685059 0.009922981262207031 316470 628740
0.16011881828308105 0.008776664733886719 318190 628096
0.1609816551208496 0.008747577667236328 305825 632960
0.15883803367614746 0.009399175643920898 319642 627470
0.16327524185180664 0.009240865707397461 322822 626115
0.14283204078674316 0.009168624877929688 264497 649748
0.16155219078063965 0.008555889129638672 315141 629290
0.15390253067016602 0.008459091186523438 303149 634025
0.15924429893493652 0.008530139923095703 305419 633154
0.16147422790527344 0.008715152740478516 320370 627191
0.16940045356750488 0.010197877883911133 323377 625998
0.15346240997314453 0.010226726531982422 307268 632373
0.1625041961669922 0.011095046997070312 326613 624662
0.1599571704864502 0.008915185928344727 322925 626057
0.16935300827026367 0.011185884475708008 322058 626547
0.16117382049560547 0.008693695068359375 324377 625581
0.15979719161987305 0.008974552154541016 317851 628192
0.1591649055480957 0.009698629379272461 308465 632053
0.16445350646972656 0.009453535079956055 319638 627516
0.15933966636657715 0.01069188117980957 323553 625962
0.1604764461517334 0.009363174438476562 320285 627232
0.17248821258544922 0.010029792785644531 321350 626772
0.15687918663024902 0.009814262390136719 318460 628049
0.16297197341918945 0.008809804916381836 322876 626100
0.16114211082458496 0.008724212646484375 322809 626138
0.15877771377563477 0.008301258087158203 293593 637665
0.1575322151184082 0.010277509689331055 316536 628752
0.15662598609924316 0.009685277938842773 319298 627663
0.16362881660461426 0.009538888931274414 319046 627709
0.16659069061279297 0.009605884552001953 315665 629087
0.15613222122192383 0.009271621704101562 316562 628711
0.16085171699523926 0.010431289672851562 313712 629884
0.15816712379455566 0.00930476188659668 299638 635458
0.16126632690429688 0.009781360626220703 318485 627996
0.16415834426879883 0.009663105010986328 317430 628305
0.13971209526062012 0.009472846984863281 247956 656123
0.16011476516723633 0.008911609649658203 304535 633528
0.1516714096069336 0.009543657302856445 289124 639378
0.1484215259552002 0.00835418701171875 289530 639309
0.16067123413085938 0.008364439010620117 300812 634897
0.15441417694091797 0.008551359176635742 305646 632979
0.15441536903381348 0.00849771499633789 296207 636764
0.15346455574035645 0.009478569030761719 309261 631570
0.1649785041809082 0.009990453720092773 305216 633197
0.15966320037841797 0.009474515914916992 302624 634276
0.1568889617919922 0.009685754776000977 297941 636087
0.1521439552307129 0.008331775665283203 299082 635649
0.15180349349975586 0.00814962387084961 273705 645505
0.15740585327148438 0.010697126388549805 296934 636580
0.16437220573425293 0.009932756423950195 296445 636718
0.1600806713104248 0.008295774459838867 297229 636416
0.16408300399780273 0.009355783462524414 296956 636443
0.15213966369628906 0.009648561477661133 296949 636386
0.1531529426574707 0.009669780731201172 297502 636362
0.16028499603271484 0.008282184600830078 295923 636902
0.1462709903717041 0.008097410202026367 273066 645683
0.15870022773742676 0.010247230529785156 296075 636825
0.15565729141235352 0.009435892105102539 305132 633172
0.15699505805969238 0.009544849395751953 302967 634050
0.16315960884094238 0.008368730545043945 302517 634279
0.1656813621520996 0.00840902328491211 305878 632906
0.15446019172668457 0.009731769561767578 300533 635018
0.15349817276000977 0.010204792022705078 283556 641718
0.15242314338684082 0.009555339813232422 295898 636881
0.15156078338623047 0.008316278457641602 294356 637429
0.13620781898498535 0.009185314178466797 236526 660431
0.15401768684387207 0.010336637496948242 294966 637218
0.14415240287780762 0.009926557540893555 275123 644870
0.14946866035461426 0.009148120880126953 284823 641155
0.15203046798706055 0.009146451950073242 293995 637638
0.16067767143249512 0.00897979736328125 294072 637611
0.16108989715576172 0.010285615921020508 289364 639445
0.1599113941192627 0.008588314056396484 302295 634275
0.1566755771636963 0.00933527946472168 302301 634301
0.16042280197143555 0.008900642395019531 305607 632926
0.16023492813110352 0.008958578109741211 305463 633054
0.16167116165161133 0.008517265319824219 303833 633641
0.15714192390441895 0.011044740676879883 281718 642446
0.16106700897216797 0.01036524772644043 305079 633111
0.15305256843566895 0.009882926940917969 305969 632745
0.15788841247558594 0.012980937957763672 304407 633443
0.1554090976715088 0.009130477905273438 304203 633448
0.15463519096374512 0.009151220321655273 305224 633068
0.15619587898254395 0.009619951248168945 301655 634487
0.15479612350463867 0.01023244857788086 303305 633916
0.15030694007873535 0.009235620498657227 277642 643897
0.16079497337341309 0.008502483367919922 299325 635463
0.15400099754333496 0.009593725204467773 303625 633744
0.15389633178710938 0.010938644409179688 300129 635136
0.16311931610107422 0.008392095565795898 300102 635140
0.15299320220947266 0.009748458862304688 299863 635265
0.15408015251159668 0.010203838348388672 297640 636245
0.15468811988830566 0.009246349334716797 288432 639826
0.15214800834655762 0.008354425430297852 299657 635391
0.16068387031555176 0.009586811065673828 299449 635487
0.13942980766296387 0.007699489593505859 239521 659183
0.15308284759521484 0.010148763656616211 293019 638001
0.14640402793884277 0.00804758071899414 271105 646382
0.14878177642822266 0.00983572006225586 282057 642350
0.1566760540008545 0.010353565216064453 297346 636284
0.15753889083862305 0.010565996170043945 298713 635660
0.16295480728149414 0.008445024490356445 292754 638230
0.15992379188537598 0.009016990661621094 301862 634434
0.15850114822387695 0.008653640747070312 302300 634248
0.15526723861694336 0.009925365447998047 301564 634635
0.1560804843902588 0.009455680847167969 300599 634982
0.15233111381530762 0.008744239807128906 298631 635737
0.15374517440795898 0.011328458786010742 273187 645629
0.1595001220703125 0.009751319885253906 301023 634789
0.1529247760772705 0.008327245712280273 299318 635478
0.1576402187347412 0.00991368293762207 299174 635550
0.15555906295776367 0.008397102355957031 298396 635835
0.15514278411865234 0.010412454605102539 301413 634689
0.1528301239013672 0.008773326873779297 298422 635830
0.15212392807006836 0.00840306282043457 297998 636039
0.15168166160583496 0.009541511535644531 267834 647829
0.15585017204284668 0.009608268737792969 298917 635692
0.15508770942687988 0.008382081985473633 300620 635029
0.15778112411499023 0.009013652801513672 299543 635397
0.1610245704650879 0.008762598037719727 298819 635634
0.15772724151611328 0.00992441177368164 300313 635116
0.15450477600097656 0.008358001708984375 297704 636222
0.15856575965881348 0.008090972900390625 284898 641263
0.15146207809448242 0.008377313613891602 298202 635932
0.1549210548400879 0.01047658920288086 297184 636322
0.14924335479736328 0.0076236724853515625 247115 656168
0.16158199310302734 0.00918126106262207 295561 637021
0.14720988273620605 0.008001089096069336 263644 649622
0.15873503684997559 0.009860754013061523 294685 637353
0.1520702838897705 0.01006937026977539 297483 636224
0.16590642929077148 0.009093284606933594 300137 635183
0.15161776542663574 0.009284496307373047 288863 639718
0.15871381759643555 0.009778261184692383 301213 634711
0.15744662284851074 0.010061502456665039 302122 634349
0.15692806243896484 0.009747505187988281 301665 634555
0.1548311710357666 0.009133338928222656 303422 633840
0.16010379791259766 0.008557796478271484 299001 635564
0.14704585075378418 0.00876307487487793 275607 644696
0.15192270278930664 0.009509801864624023 300583 634969
0.1536569595336914 0.009262323379516602 300812 634922
0.15941262245178223 0.008368968963623047 302518 634207
0.15901684761047363 0.008831977844238281 303695 633755
0.15799832344055176 0.008411645889282227 303472 633809
0.15369629859924316 0.009699344635009766 298284 635886
0.15349102020263672 0.00901031494140625 297947 636051
0.14887571334838867 0.008953332901000977 278777 643534
0.15535736083984375 0.009725809097290039 293278 637874
0.15725159645080566 0.008651971817016602 315010 629298
0.1563560962677002 0.01035761833190918 312718 630207
0.15654659271240234 0.01022791862487793 315612 629054
0.1587209701538086 0.010173559188842773 317647 628208
0.1561424732208252 0.010470151901245117 319179 627632
0.1571645736694336 0.011177539825439453 315391 629051
0.16721820831298828 0.008816242218017578 320640 626948
0.158951997756958 0.010082006454467773 313067 629965
0.1547689437866211 0.009647369384765625 311786 630567
0.15662384033203125 0.010037422180175781 316651 628613
0.16056609153747559 0.010230779647827148 307923 632015
0.1555185317993164 0.009878158569335938 312761 630157
0.16277551651000977 0.008665323257446289 315384 629114
0.15575170516967773 0.009541034698486328 316182 628766
0.16785931587219238 0.009957075119018555 321576 626494
0.16066980361938477 0.009189844131469727 320450 626974
0.16364073753356934 0.009187698364257812 318716 627810
0.16779136657714844 0.00972294807434082 321323 626731
0.1598372459411621 0.009930610656738281 320584 626956
0.15854978561401367 0.01012730598449707 313830 629703
0.16355419158935547 0.008970975875854492 310716 630909
0.1622328758239746 0.009898662567138672 308656 631895
0.16020798683166504 0.009911298751831055 309627 631363
0.15452194213867188 0.009973526000976562 306657 632533
0.16357946395874023 0.009040117263793945 311012 630945
0.15773248672485352 0.009322166442871094 310744 631007
0.15348482131958008 0.008736371994018555 306381 632696
0.15734553337097168 0.010595083236694336 316017 628890
0.15824317932128906 0.009876251220703125 317334 628287
0.16025757789611816 0.010645866394042969 311860 630606
0.15494108200073242 0.008668661117553711 312669 630216
0.1588454246520996 0.01150059700012207 315632 628972
0.16324281692504883 0.009749650955200195 310989 630942
0.15662407875061035 0.010362386703491211 310244 631193
0.16584181785583496 0.009270668029785156 306277 632772
0.16069436073303223 0.010146856307983398 308015 631932
0.1551361083984375 0.008519172668457031 305257 633146
0.154188871383667 0.010462284088134766 310761 631000
0.15607547760009766 0.01040506362915039 315903 628903
0.16451764106750488 0.008497238159179688 307141 632441
0.15688204765319824 0.010094642639160156 308843 631788
0.15522170066833496 0.008665323257446289 309103 631545
0.15459609031677246 0.009790897369384766 310613 631067
0.1561133861541748 0.010223627090454102 307441 632318
0.16415810585021973 0.008474588394165039 307973 631985
0.1612999439239502 0.010303497314453125 308407 631983
0.16109418869018555 0.009433507919311523 304620 633439
0.15618228912353516 0.010612249374389648 310735 631035
0.15671420097351074 0.008989095687866211 317123 628476
0.1620180606842041 0.00854182243347168 312477 630241
0.16697192192077637 0.011002302169799805 313825 629922
0.16179299354553223 0.00979471206665039 313994 629762
0.1560506820678711 0.008664846420288086 310210 631298
0.1593036651611328 0.009837627410888672 311964 630615
0.16347551345825195 0.00852823257446289 307092 632697
0.16460680961608887 0.008478879928588867 306502 632827
0.16248679161071777 0.009393453598022461 307297 632530
0.1626589298248291 0.009253501892089844 306807 632705
0.1555039882659912 0.010169506072998047 310150 631306
0.1663517951965332 0.011816263198852539 311374 630741
0.15720462799072266 0.008831977844238281 309492 631545
0.16238903999328613 0.008580684661865234 311204 630835
0.15550899505615234 0.009912729263305664 310811 631087
0.15562105178833008 0.00993800163269043 314653 629527
0.16127967834472656 0.010733366012573242 314833 629319
0.15576529502868652 0.009383201599121094 314102 629570
0.1640162467956543 0.009790658950805664 315178 629236
0.15949153900146484 0.008853435516357422 316428 628686
0.1601715087890625 0.010118961334228516 313734 629759
0.16375422477722168 0.009462833404541016 314980 629221
0.1563124656677246 0.010168075561523438 312362 630396
0.15866446495056152 0.009629011154174805 311228 630846
0.1553492546081543 0.009709596633911133 301411 634753
0.15921354293823242 0.010886430740356445 322204 626302
0.16051173210144043 0.009140253067016602 319740 627378
0.15703368186950684 0.010123014450073242 318913 627759
0.15641474723815918 0.01031804084777832 319356 627495
0.16224145889282227 0.009997844696044922 325421 624997
0.16526031494140625 0.009943485260009766 323120 625964
0.16240525245666504 0.008806228637695312 326302 624558
0.1600639820098877 0.010988712310791016 324163 625528
0.15822196006774902 0.011393070220947266 325245 625054
0.15716171264648438 0.008870363235473633 292789 638440
0.14872360229492188 0.009565591812133789 287021 640494
0.16259145736694336 0.009955406188964844 318376 627979
0.16138887405395508 0.00892019271850586 335634 621164
0.15901756286621094 0.010113000869750977 306046 633148
0.16435575485229492 0.009425878524780273 321803 626546
0.15689659118652344 0.010177135467529297 299522 635776
0.15729260444641113 0.010487079620361328 302772 634362
0.1664736270904541 0.009997367858886719 306441 632908
0.1558365821838379 0.009666919708251953 317269 628536
0.1699380874633789 0.011029481887817383 315305 629323
0.15855050086975098 0.010637998580932617 311306 631006
0.15836381912231445 0.01066279411315918 321602 626645
0.15801668167114258 0.008670568466186523 319331 627612
0.15595483779907227 0.00827336311340332 287634 640317
0.16127848625183105 0.008874177932739258 328312 623905
0.16366267204284668 0.01562643051147461 318341 628033
0.16445541381835938 0.010232686996459961 313542 630011
0.15976524353027344 0.010583877563476562 330520 623242
0.16145062446594238 0.008920907974243164 333544 621955
0.16099977493286133 0.009803056716918945 297187 636609
0.1707472801208496 0.01089620590209961 333228 622084
0.1703479290008545 0.009006023406982422 334717 621440
0.17034316062927246 0.011497735977172852 335361 621041
0.16023612022399902 0.009552955627441406 332534 622273
0.1698451042175293 0.009849309921264648 337916 620019
0.16239047050476074 0.009227514266967773 336171 620789
0.1598522663116455 0.009405374526977539 336766 620442
0.16286015510559082 0.010883092880249023 330444 622851
0.1617593765258789 0.00970149040222168 336865 620419
0.16367626190185547 0.009050130844116211 344639 617272
0.16350102424621582 0.009151458740234375 338735 619662
0.16094040870666504 0.009279966354370117 335113 621109
0.16444063186645508 0.009132146835327148 333878 621586
0.16050386428833008 0.010055780410766602 329399 623420
0.1578528881072998 0.009009361267089844 331533 622467
0.16214275360107422 0.009803295135498047 332490 622246
0.16477513313293457 0.01289510726928711 328661 623692
0.16802978515625 0.009240150451660156 330016 623211
0.15918397903442383 0.008916378021240234 332435 622232
0.1654212474822998 0.008992671966552734 333177 621876
0.1674327850341797 0.010303020477294922 326690 624448
0.16212892532348633 0.009129762649536133 334361 621330
0.16042876243591309 0.010364532470703125 336210 620502
0.17658615112304688 0.009927988052368164 301809 634618
0.16499829292297363 0.010160684585571289 332566 621977
0.1674044132232666 0.010239362716674805 321808 626573
0.16203832626342773 0.010269403457641602 320417 627085
0.1775069236755371 0.010334968566894531 333627 621522
0.168304443359375 0.009077072143554688 334464 621198
0.15394020080566406 0.008532285690307617 306236 632826
0.1590728759765625 0.009552955627441406 335974 620694
0.16875386238098145 0.010881185531616211 331700 622422
0.16273140907287598 0.010449886322021484 338475 619800
0.1677556037902832 0.010390996932983398 333475 621662
0.16209053993225098 0.009411096572875977 332214 622139
0.16545486450195312 0.008878707885742188 333112 621676
0.16299772262573242 0.008909940719604492 334167 621340
0.16496014595031738 0.011257410049438477 339124 619394
0.1653432846069336 0.009976625442504883 341479 618459
0.17309165000915527 0.00913548469543457 335626 620774
0.15999388694763184 0.010245561599731445 340751 618626
0.16825270652770996 0.009081125259399414 338679 619343
0.16313672065734863 0.009016752243041992 342608 617882
0.16952157020568848 0.009516716003417969 336019 620595
0.16686058044433594 0.009602069854736328 334848 620887
0.16624236106872559 0.010959148406982422 334533 621152
0.1618635654449463 0.011269569396972656 332687 621911
0.17058515548706055 0.00961446762084961 339743 619050
0.16850519180297852 0.009061574935913086 339250 619327
0.1752767562866211 0.011651992797851562 338492 619664
0.16034913063049316 0.009630918502807617 328547 623605
0.18152761459350586 0.009199142456054688 341013 618607
0.16465020179748535 0.010099649429321289 342407 618094
0.15505146980285645 0.008650064468383789 303908 633670
0.17076659202575684 0.008967876434326172 338826 619410
0.1611778736114502 0.010776758193969727 335916 620666
0.16162633895874023 0.008908748626708984 331547 622432
0.1645345687866211 0.01035451889038086 344391 617044
0.1707780361175537 0.010577678680419922 346077 616493
0.16158294677734375 0.010860681533813477 325887 624743
0.16809344291687012 0.009084224700927734 350246 614808
0.17418479919433594 0.009013175964355469 344220 617193
0.1618211269378662 0.009053945541381836 346027 616442
0.1634819507598877 0.00963449478149414 341339 618418
0.16544318199157715 0.010158777236938477 332635 621888
0.16063404083251953 0.009232759475708008 331889 622256
0.1609964370727539 0.009467601776123047 330207 622973
0.16336297988891602 0.008872270584106445 329252 623271
0.16087961196899414 0.008869171142578125 331625 622328
0.16057443618774414 0.010226964950561523 328765 623577
0.15930962562561035 0.010217666625976562 331881 622154
0.16193866729736328 0.008976221084594727 328767 623512
0.1604752540588379 0.008916854858398438 325272 624948
0.16775870323181152 0.010511398315429688 323613 625648
0.16085028648376465 0.009281158447265625 323131 625955
0.1572437286376953 0.009805917739868164 333788 621464
0.16195297241210938 0.00887751579284668 332296 622019
0.16113877296447754 0.009478569030761719 332724 621805
0.16128039360046387 0.008857965469360352 327067 624210
0.15878629684448242 0.008992433547973633 324164 625491
0.1641860008239746 0.010231733322143555 327051 624350
0.16166162490844727 0.010248422622680664 327574 624082
0.15735292434692383 0.009664058685302734 325516 624794
0.16085410118103027 0.009119987487792969 326413 624478
0.1603999137878418 0.008675336837768555 320186 627218
0.16422367095947266 0.009533405303955078 324805 625253
0.1625070571899414 0.00887298583984375 321735 626513
0.16045403480529785 0.008893728256225586 328614 623711
0.17061066627502441 0.009981632232666016 325359 625016
0.1662144660949707 0.008800268173217773 328056 623945
0.16385388374328613 0.008747339248657227 322624 626251
0.16183900833129883 0.010694026947021484 328551 623776
0.1732180118560791 0.010140419006347656 328887 623570
