0.11738896369934082 0.021892786026000977 79704 0
0.11864662170410156 0.020524024963378906 78632 0
0.1187281608581543 0.021135568618774414 81270 0
0.11783909797668457 0.020725011825561523 79268 0
0.1170356273651123 0.02124309539794922 81852 0
0.11844229698181152 0.022426366806030273 83970 0
0.11633801460266113 0.020645618438720703 83670 0
0.11973857879638672 0.02034902572631836 83480 0
0.12092137336730957 0.021404504776000977 83144 0
0.11745905876159668 0.020969867706298828 83338 0
0.12553811073303223 0.02010488510131836 80400 0
0.11793684959411621 0.021282196044921875 76576 0
0.1174919605255127 0.020287275314331055 83266 0
0.11637687683105469 0.020174741744995117 80042 0
0.11258435249328613 0.019707202911376953 65278 0
0.11536240577697754 0.0205838680267334 79492 0
0.11521673202514648 0.0210113525390625 76334 0
0.11822175979614258 0.019844770431518555 73370 0
0.11894059181213379 0.01976323127746582 70306 0
0.118988037109375 0.02003169059753418 76156 0
0.1155693531036377 0.020073652267456055 76384 0
0.11793255805969238 0.020233869552612305 73888 0
0.12201070785522461 0.02338385581970215 77922 0
0.1190636157989502 0.022427082061767578 82414 0
0.11950564384460449 0.021029949188232422 83102 0
0.12502431869506836 0.021222591400146484 80470 0
0.11708688735961914 0.020873546600341797 72530 0
0.11450529098510742 0.020288944244384766 78686 0
0.12456727027893066 0.01992487907409668 80486 0
0.12117862701416016 0.021480083465576172 75788 0
0.12003469467163086 0.02048778533935547 80358 0
0.11577630043029785 0.021496057510375977 81746 0
0.11588835716247559 0.020870208740234375 77542 0
0.1163170337677002 0.021781206130981445 79604 0
0.11979484558105469 0.020580530166625977 72742 0
0.11864876747131348 0.021546363830566406 82112 0
0.11768150329589844 0.020785808563232422 87306 0
0.1178748607635498 0.020135879516601562 85014 0
0.12145137786865234 0.020742416381835938 86646 0
0.12952351570129395 0.022772550582885742 80968 0
0.11936807632446289 0.020753145217895508 75350 0
0.12150692939758301 0.021587848663330078 77918 0
0.11841344833374023 0.020792484283447266 83000 0
0.12375807762145996 0.02096843719482422 83080 0
0.11386752128601074 0.018410921096801758 70790 0
0.12317633628845215 0.01994156837463379 82202 0
0.11771965026855469 0.021622896194458008 84878 0
0.11822748184204102 0.02107071876525879 83420 0
0.11858916282653809 0.021784067153930664 83466 0
0.12248849868774414 0.02183222770690918 84130 0
0.11572122573852539 0.019408226013183594 81722 0
0.11784815788269043 0.019493818283081055 84656 0
0.12360024452209473 0.023187637329101562 83716 0
0.11673712730407715 0.0205075740814209 84454 0
0.1169886589050293 0.02080512046813965 84668 0
0.12429261207580566 0.022413253784179688 83942 0
0.12222576141357422 0.020476102828979492 85262 0
0.1220393180847168 0.020554542541503906 83972 0
0.11681342124938965 0.020792007446289062 85506 0
0.12403726577758789 0.02274799346923828 85746 0
0.1157827377319336 0.021329879760742188 82634 0
0.12204170227050781 0.021118879318237305 82162 0
0.12354302406311035 0.021619081497192383 81714 0
0.12742328643798828 0.020296812057495117 81200 0
0.12255620956420898 0.02070140838623047 77908 0
0.11940193176269531 0.02332019805908203 81738 0
0.12238144874572754 0.020788192749023438 82418 0
0.11890268325805664 0.021080493927001953 82220 0
0.11573290824890137 0.02042675018310547 81642 0
0.12397933006286621 0.022617816925048828 81326 0
0.11542558670043945 0.021234512329101562 79528 0
0.1157233715057373 0.020926713943481445 76552 0
0.11842632293701172 0.020803213119506836 82630 0
0.1172034740447998 0.020930767059326172 79590 0
0.11430144309997559 0.018829822540283203 63236 0
0.12048459053039551 0.019764423370361328 80242 0
0.12377667427062988 0.026678085327148438 79748 0
0.11558389663696289 0.02053380012512207 76510 0
0.11540508270263672 0.02070903778076172 77294 0
0.11541128158569336 0.019840002059936523 76866 0
0.1182410717010498 0.02003955841064453 80076 0
0.11643123626708984 0.021422386169433594 81630 0
0.1163787841796875 0.01954483985900879 78578 0
0.11769247055053711 0.020350933074951172 78710 0
0.11716961860656738 0.021414995193481445 80556 0
0.11886477470397949 0.021179914474487305 80504 0
0.12157726287841797 0.02277231216430664 75178 0
0.12320351600646973 0.02102494239807129 81088 0
0.11656880378723145 0.020145416259765625 81008 0
0.1181647777557373 0.023272275924682617 82096 0
0.12299013137817383 0.02120804786682129 80878 0
0.12337207794189453 0.020786046981811523 80208 0
0.11930012702941895 0.02066516876220703 81858 0
0.11385345458984375 0.020754575729370117 76062 0
0.11873507499694824 0.020014524459838867 82218 0
0.11792492866516113 0.021605730056762695 80428 0
0.12026691436767578 0.019418716430664062 63926 0
0.12354540824890137 0.02092909812927246 82820 0
0.12146329879760742 0.02181696891784668 81626 0
0.12179350852966309 0.019855499267578125 76104 0
0.11765027046203613 0.021776676177978516 78610 0
0.11747050285339355 0.02130746841430664 79986 0
0.12018990516662598 0.021167993545532227 80506 0
0.11809015274047852 0.020648956298828125 85142 0
0.11752486228942871 0.021381378173828125 84350 0
0.12134218215942383 0.021114110946655273 83680 0
0.11874532699584961 0.020780086517333984 84078 0
0.12518763542175293 0.021048545837402344 84866 0
0.11680865287780762 0.0207822322845459 84806 0
0.1178126335144043 0.02044844627380371 84546 0
0.11717057228088379 0.021061182022094727 84378 0
0.11688995361328125 0.021140336990356445 84344 0
0.12098383903503418 0.022823572158813477 83640 0
0.12569284439086914 0.022054433822631836 84798 0
0.12276577949523926 0.02086615562438965 82198 0
0.1168510913848877 0.02086663246154785 83966 0
0.12134146690368652 0.021396398544311523 73842 0
0.11874604225158691 0.021236658096313477 83780 0
0.1295943260192871 0.022390365600585938 83356 0
0.11766695976257324 0.020899295806884766 84370 0
0.11873006820678711 0.026874780654907227 82114 0
0.12157177925109863 0.021005630493164062 82930 0
0.12155318260192871 0.020727872848510742 81704 0
0.11379742622375488 0.021059513092041016 78294 0
0.11708664894104004 0.022194623947143555 82572 0
0.11661791801452637 0.02015066146850586 82744 0
0.112396240234375 0.019633769989013672 67072 0
0.11445403099060059 0.020766258239746094 79528 0
0.11996626853942871 0.019429445266723633 70132 0
0.12463808059692383 0.023291349411010742 72344 0
0.11789417266845703 0.020634889602661133 74362 0
0.11769604682922363 0.019788742065429688 76596 0
0.11411595344543457 0.020894527435302734 72550 0
0.11725926399230957 0.020395755767822266 76440 0
0.11700153350830078 0.02119588851928711 79612 0
0.11697101593017578 0.020163536071777344 81502 0
0.12261724472045898 0.02126479148864746 80930 0
0.12230181694030762 0.021690845489501953 82406 0
0.11919331550598145 0.020157575607299805 80228 0
0.11706876754760742 0.02026510238647461 81016 0
0.11974096298217773 0.022203445434570312 83830 0
0.12379002571105957 0.02178215980529785 84486 0
0.11709833145141602 0.025333404541015625 81888 0
0.11911702156066895 0.020708560943603516 82814 0
0.11817049980163574 0.020998477935791016 81428 0
0.11696457862854004 0.020337343215942383 86284 0
0.12121295928955078 0.02251124382019043 83958 0
0.11651468276977539 0.020328998565673828 82532 0
0.11921191215515137 0.020964860916137695 78034 0
0.11937904357910156 0.020929813385009766 79882 0
0.1195528507232666 0.020259618759155273 84372 0
0.1276540756225586 0.02135181427001953 88578 0
0.12517833709716797 0.022333621978759766 87554 0
0.12287425994873047 0.021880626678466797 85808 0
0.12076807022094727 0.020668506622314453 86604 0
0.11791086196899414 0.022121191024780273 84206 0
0.11298871040344238 0.020349740982055664 64920 0
0.11697936058044434 0.020689964294433594 80328 0
0.12372994422912598 0.0204315185546875 82614 0
0.11610174179077148 0.02003026008605957 73872 0
0.11500859260559082 0.019928455352783203 73402 0
0.12057828903198242 0.02011418342590332 75178 0
0.119873046875 0.022166967391967773 73114 0
0.12268710136413574 0.0206148624420166 74604 0
0.11605191230773926 0.021085739135742188 80782 0
0.12273335456848145 0.02167367935180664 76720 0
0.11719894409179688 0.022763490676879883 75968 0
0.12052536010742188 0.02048659324645996 81800 0
0.1167609691619873 0.02199077606201172 79472 0
0.11766982078552246 0.02141094207763672 86856 0
0.11738872528076172 0.020097017288208008 78900 0
0.1173100471496582 0.02118706703186035 83494 0
0.11848139762878418 0.020884990692138672 85550 0
0.12320494651794434 0.020977020263671875 85932 0
0.1206662654876709 0.02025437355041504 85042 0
0.11730837821960449 0.022318601608276367 85550 0
0.11931276321411133 0.021041393280029297 79758 0
0.1185598373413086 0.021903038024902344 86234 0
0.12170934677124023 0.022680044174194336 86866 0
0.11766767501831055 0.021079063415527344 86922 0
0.11968278884887695 0.01985645294189453 85498 0
0.11795473098754883 0.021686315536499023 83310 0
0.11972784996032715 0.020731210708618164 84290 0
0.1218867301940918 0.021297693252563477 80108 0
0.1261310577392578 0.02182626724243164 84848 0
0.11664128303527832 0.021496295928955078 84020 0
0.1177513599395752 0.02123403549194336 68064 0
0.117767333984375 0.020620107650756836 85252 0
0.11868834495544434 0.020487308502197266 85702 0
0.11696481704711914 0.020986557006835938 80176 0
0.11657238006591797 0.020193815231323242 81450 0
0.11689591407775879 0.020213603973388672 83512 0
0.11983704566955566 0.022621631622314453 83540 0
0.12368965148925781 0.021764516830444336 84404 0
0.11762070655822754 0.02156853675842285 84672 0
0.11856937408447266 0.020986080169677734 84170 0
0.11858916282653809 0.023081302642822266 84616 0
0.12115812301635742 0.023909568786621094 85148 0
0.1229851245880127 0.021433591842651367 84826 0
0.11917591094970703 0.021124839782714844 83980 0
0.11556553840637207 0.020691871643066406 78816 0
0.11306619644165039 0.020756244659423828 68624 0
0.11795330047607422 0.020131349563598633 66040 0
0.11035275459289551 0.02062058448791504 65712 0
0.11793971061706543 0.019719362258911133 67032 0
0.11758923530578613 0.022449254989624023 68562 0
0.12193441390991211 0.01974940299987793 68756 0
0.1132199764251709 0.0197451114654541 69866 0
0.11372923851013184 0.022929668426513672 71198 0
0.1155545711517334 0.019440412521362305 70474 0
0.11359214782714844 0.019023895263671875 68592 0
0.11442923545837402 0.02008843421936035 69926 0
0.11352777481079102 0.01972198486328125 69604 0
0.11494684219360352 0.019603252410888672 68432 0
0.1169438362121582 0.019452333450317383 68912 0
0.1150813102722168 0.0208282470703125 66710 0
0.11110186576843262 0.020467758178710938 68068 0
0.11256027221679688 0.01855301856994629 60352 0
0.11322951316833496 0.019846677780151367 67010 0
0.11509132385253906 0.020893335342407227 70010 0
0.11496782302856445 0.020070314407348633 70596 0
0.12057685852050781 0.02089071273803711 69746 0
0.11226916313171387 0.02061009407043457 69744 0
0.11395668983459473 0.018508195877075195 69772 0
0.11636614799499512 0.020114898681640625 69490 0
0.11656832695007324 0.020867586135864258 68774 0
0.11765313148498535 0.018688201904296875 68344 0
0.11197304725646973 0.020171165466308594 68140 0
0.11950206756591797 0.019138097763061523 66578 0
0.11284923553466797 0.01972365379333496 68362 0
0.11376714706420898 0.019353628158569336 67556 0
0.11232447624206543 0.020884990692138672 68526 0
0.11868882179260254 0.0191347599029541 67112 0
0.11846661567687988 0.019753456115722656 67198 0
0.11539220809936523 0.021350383758544922 68296 0
0.11370205879211426 0.01996755599975586 69746 0
0.11291885375976562 0.020827770233154297 69200 0
0.11641120910644531 0.019934654235839844 68956 0
0.11213278770446777 0.019858837127685547 68974 0
0.11657381057739258 0.019495010375976562 67964 0
0.11379456520080566 0.01953864097595215 67238 0
0.11487054824829102 0.019248247146606445 68580 0
0.11803627014160156 0.020215988159179688 68918 0
0.11181473731994629 0.018657922744750977 68052 0
0.11467909812927246 0.01979994773864746 68306 0
0.11310410499572754 0.019441843032836914 68370 0
0.11561131477355957 0.01966404914855957 68030 0
0.11490392684936523 0.018865585327148438 59868 0
0.11192584037780762 0.019697904586791992 68046 0
0.11059331893920898 0.0195157527923584 67946 0
0.11476922035217285 0.019676685333251953 68756 0
0.11495614051818848 0.0197296142578125 68352 0
0.11284494400024414 0.01967906951904297 68748 0
0.1163797378540039 0.01954960823059082 69166 0
0.11606240272521973 0.019878149032592773 69502 0
0.11910724639892578 0.019809246063232422 67296 0
0.11512136459350586 0.020116329193115234 68862 0
0.1120748519897461 0.021615266799926758 68072 0
0.11800885200500488 0.018880128860473633 66178 0
0.11290407180786133 0.019498586654663086 66672 0
0.11323356628417969 0.019798755645751953 67242 0
0.11833596229553223 0.02117133140563965 67486 0
0.11315441131591797 0.01921820640563965 68454 0
0.11123824119567871 0.020481109619140625 67930 0
0.11479616165161133 0.020373106002807617 69374 0
0.11586475372314453 0.019600629806518555 68772 0
0.11607170104980469 0.020579814910888672 68990 0
0.11401629447937012 0.019526004791259766 69194 0
0.11543488502502441 0.01860809326171875 69522 0
0.1132209300994873 0.019853591918945312 69174 0
0.11289501190185547 0.019894838333129883 68332 0
0.11288619041442871 0.019284725189208984 68416 0
0.11115622520446777 0.02100992202758789 68628 0
0.11286139488220215 0.020590782165527344 74702 0
0.11426138877868652 0.019434452056884766 74064 0
0.11543869972229004 0.02004837989807129 69320 0
0.11750388145446777 0.020334959030151367 81966 0
0.11757779121398926 0.022469520568847656 76302 0
0.1162111759185791 0.020189762115478516 81918 0
0.11807656288146973 0.02060413360595703 77434 0
0.12095808982849121 0.021231889724731445 74448 0
0.12101364135742188 0.0202176570892334 76006 0
0.12065362930297852 0.02161264419555664 75840 0
0.11696004867553711 0.021469831466674805 76214 0
0.11762499809265137 0.02173638343811035 75242 0
0.11512517929077148 0.019931316375732422 73942 0
0.11698007583618164 0.019811630249023438 70314 0
0.11860942840576172 0.021401643753051758 70616 0
0.11278772354125977 0.025183916091918945 65540 0
0.11714482307434082 0.02011704444885254 67850 0
0.11523628234863281 0.01995563507080078 68450 0
0.11953616142272949 0.02098870277404785 68408 0
0.11719465255737305 0.019379615783691406 68476 0
0.11849093437194824 0.0198667049407959 68820 0
0.1181936264038086 0.020589590072631836 68358 0
0.11688351631164551 0.02042365074157715 68944 0
0.11483168601989746 0.022075891494750977 68594 0
0.11781001091003418 0.019244909286499023 70368 0
0.11777019500732422 0.019808530807495117 70572 0
0.1100623607635498 0.018688201904296875 58580 0
0.11670517921447754 0.019535064697265625 70736 0
0.11517834663391113 0.021631240844726562 71184 0
0.11928868293762207 0.018683671951293945 69176 0
0.11442255973815918 0.019665956497192383 71174 0
0.11268043518066406 0.020083189010620117 70446 0
0.11470842361450195 0.019823789596557617 70114 0
0.11745381355285645 0.0202333927154541 71388 0
0.12172555923461914 0.020837068557739258 70782 0
0.11522793769836426 0.020619869232177734 69798 0
0.11966395378112793 0.019246816635131836 69394 0
0.1149146556854248 0.01936054229736328 68702 0
0.11375641822814941 0.0197908878326416 69022 0
0.11589813232421875 0.0196230411529541 69866 0
0.11264944076538086 0.019773244857788086 70020 0
0.11518311500549316 0.01886606216430664 70060 0
0.11364436149597168 0.02036118507385254 71270 0
0.1177678108215332 0.019565820693969727 70174 0
0.11600685119628906 0.02039194107055664 69182 0
0.1173090934753418 0.020085811614990234 70088 0
0.11268162727355957 0.02507328987121582 69552 0
0.1190652847290039 0.02118849754333496 68254 0
0.11248612403869629 0.019471406936645508 69716 0
0.11260437965393066 0.020056486129760742 69158 0
0.11226487159729004 0.019724607467651367 69658 0
0.12057042121887207 0.019942045211791992 69332 0
0.11790156364440918 0.019968032836914062 69018 0
0.11401605606079102 0.021178483963012695 68058 0
0.11393237113952637 0.021193742752075195 70084 0
0.11975455284118652 0.019305706024169922 69944 0
0.10736656188964844 0.018831729888916016 57698 0
0.11533260345458984 0.0196535587310791 69524 0
0.11406254768371582 0.019283771514892578 70752 0
0.10977792739868164 0.01930689811706543 67080 0
0.11387515068054199 0.01927924156188965 70946 0
0.11511397361755371 0.01964116096496582 70678 0
0.11284399032592773 0.0198976993560791 69082 0
0.11461806297302246 0.019147157669067383 71068 0
0.11629247665405273 0.019512176513671875 70458 0
0.11596465110778809 0.01990532875061035 70304 0
0.11357355117797852 0.022481441497802734 70062 0
0.11331605911254883 0.01900649070739746 68898 0
0.11979246139526367 0.019414901733398438 70062 0
0.11616921424865723 0.019422531127929688 68640 0
0.11550211906433105 0.020322084426879883 69294 0
0.11425995826721191 0.01917266845703125 69886 0
0.11903762817382812 0.020997047424316406 70596 0
0.1158742904663086 0.01969742774963379 70764 0
0.11223268508911133 0.021162033081054688 69874 0
0.11835336685180664 0.02016735076904297 70114 0
0.11237597465515137 0.020115137100219727 69998 0
0.11227941513061523 0.020860671997070312 68936 0
0.11390328407287598 0.019219636917114258 70056 0
0.11545872688293457 0.02181839942932129 69396 0
0.11319565773010254 0.021640300750732422 69658 0
0.11449360847473145 0.01975393295288086 70060 0
0.11443185806274414 0.02039361000061035 68798 0
0.11855006217956543 0.019793033599853516 67532 0
0.11336660385131836 0.019162654876708984 70490 0
0.11524128913879395 0.019622087478637695 69710 0
0.11040616035461426 0.019628286361694336 56050 0
0.11253094673156738 0.018909931182861328 67188 0
0.11244511604309082 0.019499540328979492 68924 0
0.11719202995300293 0.019735336303710938 64052 0
0.11241865158081055 0.01924586296081543 69574 0
0.11510324478149414 0.019037485122680664 71030 0
0.11460757255554199 0.019378662109375 59964 0
0.10902142524719238 0.01875019073486328 54202 0
0.11296820640563965 0.01952219009399414 67512 0
0.11755633354187012 0.02083134651184082 69608 0
0.11995148658752441 0.020499229431152344 71740 0
0.11381983757019043 0.01946234703063965 70974 0
0.11505556106567383 0.019827842712402344 71636 0
0.11934638023376465 0.02162909507751465 72232 0
0.12041282653808594 0.020144939422607422 71866 0
0.11809825897216797 0.022180795669555664 70122 0
0.10714888572692871 0.017972469329833984 56488 0
0.10853815078735352 0.019264698028564453 56186 0
0.11788702011108398 0.019194602966308594 70516 0
0.11633706092834473 0.020233154296875 71716 0
0.1211392879486084 0.023009300231933594 69214 0
0.11364293098449707 0.019572734832763672 69866 0
0.11650419235229492 0.02079939842224121 69850 0
0.1134645938873291 0.01856827735900879 70296 0
0.1153268814086914 0.02001166343688965 71466 0
0.11748909950256348 0.0219879150390625 71722 0
0.11940145492553711 0.02058577537536621 71038 0
0.11411643028259277 0.02072453498840332 69906 0
0.11519098281860352 0.020371437072753906 71432 0
0.11806201934814453 0.02071690559387207 71110 0
0.11337757110595703 0.018604516983032227 62502 0
0.11427998542785645 0.024145126342773438 70802 0
0.11186051368713379 0.019732952117919922 69808 0
0.11409568786621094 0.020198822021484375 69958 0
0.11437273025512695 0.01933431625366211 70766 0
0.11501932144165039 0.01938033103942871 70738 0
0.11466789245605469 0.020580530166625977 69642 0
0.1110377311706543 0.020459651947021484 69194 0
0.11076712608337402 0.019320964813232422 69860 0
0.11652731895446777 0.019522428512573242 69768 0
0.11552262306213379 0.019806385040283203 68726 0
0.11798429489135742 0.02047419548034668 68388 0
0.11443185806274414 0.02045893669128418 66512 0
0.11389803886413574 0.01955866813659668 67330 0
0.11288237571716309 0.020006179809570312 66366 0
0.1127614974975586 0.018979549407958984 67648 0
0.11043500900268555 0.019881248474121094 67914 0
0.11407065391540527 0.019535541534423828 67778 0
0.11264991760253906 0.020228147506713867 64706 0
0.11345911026000977 0.019877910614013672 67008 0
0.11837887763977051 0.020315170288085938 64350 0
0.11481356620788574 0.01876068115234375 54658 0
0.11234092712402344 0.01911163330078125 64086 0
0.11270809173583984 0.020056486129760742 64122 0
0.11791133880615234 0.019025564193725586 65478 0
0.11220693588256836 0.019271373748779297 62990 0
0.11405205726623535 0.020063400268554688 64622 0
0.11365318298339844 0.02050924301147461 64640 0
0.11528635025024414 0.018860816955566406 63120 0
0.11335206031799316 0.020077943801879883 64030 0
0.1145472526550293 0.02118372917175293 64580 0
0.11168026924133301 0.019649744033813477 63112 0
0.11262655258178711 0.019783973693847656 63704 0
0.11692214012145996 0.01976943016052246 64540 0
0.11211442947387695 0.019805192947387695 63828 0
0.11566901206970215 0.02034759521484375 63722 0
0.11383366584777832 0.020200729370117188 62964 0
0.11107230186462402 0.01880049705505371 61984 0
0.11438536643981934 0.019716978073120117 63384 0
0.11475038528442383 0.019841670989990234 63402 0
0.11298298835754395 0.021009445190429688 63472 0
0.11300063133239746 0.01951003074645996 63646 0
0.11446046829223633 0.018851280212402344 64182 0
0.10942816734313965 0.01947498321533203 62796 0
0.11171793937683105 0.018987178802490234 64572 0
0.11614394187927246 0.01942133903503418 64118 0
0.12364077568054199 0.02071547508239746 63620 0
0.11239147186279297 0.019930601119995117 64108 0
0.11412954330444336 0.020237445831298828 61412 0
0.11269164085388184 0.020345687866210938 62618 0
0.11371016502380371 0.019440174102783203 62896 0
0.10616612434387207 0.017904281616210938 51452 0
0.11195826530456543 0.019987106323242188 62084 0
0.10948801040649414 0.01976752281188965 62778 0
0.11125779151916504 0.019675016403198242 63910 0
0.1162118911743164 0.01955270767211914 61764 0
0.11053204536437988 0.019382715225219727 61996 0
0.11435079574584961 0.020374059677124023 63414 0
0.11267638206481934 0.019789457321166992 62628 0
0.11201333999633789 0.019242286682128906 63324 0
0.11098265647888184 0.019051551818847656 64294 0
0.11081671714782715 0.018255949020385742 62726 0
0.11076474189758301 0.01894664764404297 62992 0
0.1127462387084961 0.02033066749572754 62724 0
0.1118772029876709 0.018950462341308594 61580 0
0.11066627502441406 0.019861698150634766 63516 0
0.11276602745056152 0.019392728805541992 61306 0
0.11277055740356445 0.019827604293823242 61242 0
0.11171579360961914 0.018603801727294922 61174 0
0.11541509628295898 0.019518375396728516 62570 0
0.11353659629821777 0.018934011459350586 61256 0
0.10919404029846191 0.020898103713989258 61506 0
0.11110758781433105 0.019417285919189453 62136 0
0.11057162284851074 0.020045995712280273 63654 0
0.11104893684387207 0.020484209060668945 61734 0
0.11420869827270508 0.019393205642700195 61928 0
0.11120986938476562 0.019189119338989258 62050 0
0.1111760139465332 0.019231796264648438 61894 0
0.112060546875 0.01889491081237793 59712 0
0.11374020576477051 0.02118372917175293 61714 0
0.11092567443847656 0.019755840301513672 61438 0
0.10643529891967773 0.018429994583129883 51082 0
0.11315512657165527 0.019942760467529297 60746 0
0.11760330200195312 0.019804000854492188 61306 0
0.1195533275604248 0.02049994468688965 61172 0
0.11249685287475586 0.018059968948364258 60562 0
0.12044453620910645 0.019388437271118164 61870 0
0.1128377914428711 0.019552230834960938 62024 0
0.1095728874206543 0.019916534423828125 61646 0
0.11005997657775879 0.018692731857299805 61564 0
0.11543464660644531 0.019838809967041016 61654 0
0.11090254783630371 0.018976449966430664 61506 0
0.11475896835327148 0.01970839500427246 60846 0
0.10970234870910645 0.019556522369384766 60352 0
0.10925626754760742 0.020159006118774414 60428 0
0.11235833168029785 0.020096302032470703 60626 0
0.11750411987304688 0.01937246322631836 61908 0
0.11341381072998047 0.019113540649414062 57766 0
0.11047649383544922 0.01874232292175293 57936 0
0.10897493362426758 0.019018173217773438 58918 0
0.10749554634094238 0.01918172836303711 59724 0
0.11368203163146973 0.019346952438354492 59522 0
0.11828064918518066 0.018941879272460938 60664 0
0.11240816116333008 0.01925063133239746 61282 0
0.11118507385253906 0.019434213638305664 61788 0
0.11023426055908203 0.018700361251831055 61468 0
0.1100316047668457 0.019339323043823242 61250 0
0.10907506942749023 0.01938009262084961 59402 0
0.10951066017150879 0.018754959106445312 56608 0
0.1115415096282959 0.018326282501220703 58184 0
0.10824942588806152 0.02042698860168457 57096 0
0.10369348526000977 0.017287492752075195 47152 0
0.11022520065307617 0.019592761993408203 57884 0
0.11401772499084473 0.022727489471435547 58164 0
0.11029863357543945 0.020007848739624023 57558 0
0.11046767234802246 0.017627716064453125 55954 0
0.11085057258605957 0.01898360252380371 57170 0
0.1088113784790039 0.019176006317138672 60142 0
0.10996556282043457 0.01917099952697754 58820 0
0.11250615119934082 0.01857733726501465 58712 0
0.10796761512756348 0.018570661544799805 58134 0
0.11171841621398926 0.019112110137939453 56486 0
0.10902953147888184 0.022162914276123047 54662 0
0.1068265438079834 0.018724441528320312 56396 0
0.10951113700866699 0.018184423446655273 56094 0
0.10793161392211914 0.018299341201782227 55468 0
0.11002016067504883 0.01794576644897461 56130 0
0.1067514419555664 0.019081830978393555 56640 0
0.11768722534179688 0.019310474395751953 58272 0
0.10938692092895508 0.019014835357666016 58536 0
0.11309623718261719 0.019300222396850586 57276 0
0.11572456359863281 0.019622802734375 57176 0
0.10798215866088867 0.018877506256103516 57558 0
0.10774111747741699 0.018871068954467773 57128 0
0.11055707931518555 0.01841259002685547 57468 0
0.10763788223266602 0.01853632926940918 56542 0
0.11454224586486816 0.019688844680786133 56978 0
0.1086733341217041 0.019628047943115234 54790 0
0.11498403549194336 0.01913905143737793 51844 0
0.10624885559082031 0.01861429214477539 55764 0
0.10790562629699707 0.02381277084350586 55028 0
0.10291504859924316 0.017644166946411133 45120 0
0.10847306251525879 0.01901721954345703 55504 0
0.1121976375579834 0.018524169921875 56644 0
0.11065244674682617 0.018817424774169922 57074 0
0.10953426361083984 0.019080400466918945 55912 0
0.10823345184326172 0.018874168395996094 57878 0
0.11741065979003906 0.01842498779296875 56482 0
0.11465644836425781 0.0188748836517334 56186 0
0.10795235633850098 0.022404909133911133 59022 0
0.10771346092224121 0.018666744232177734 57866 0
0.10401558876037598 0.018039941787719727 46304 0
0.10922408103942871 0.0188446044921875 57788 0
0.11063027381896973 0.01921701431274414 58830 0
0.11172795295715332 0.01961374282836914 57790 0
0.10780024528503418 0.01851677894592285 57222 0
0.11032843589782715 0.01939868927001953 58364 0
0.11382842063903809 0.019698143005371094 60590 0
0.11016559600830078 0.02010059356689453 59696 0
0.11191296577453613 0.021061420440673828 61780 0
0.11115455627441406 0.019791841506958008 59684 0
0.1130828857421875 0.019544363021850586 60908 0
0.11452436447143555 0.021379470825195312 59338 0
0.1125953197479248 0.01821756362915039 60730 0
0.1162109375 0.020145416259765625 61466 0
0.11143112182617188 0.02089715003967285 60348 0
0.12166452407836914 0.020009756088256836 59014 0
0.11734271049499512 0.01856231689453125 56702 0
0.10958409309387207 0.018637895584106445 57080 0
0.10925650596618652 0.02389049530029297 59982 0
0.10837316513061523 0.01874399185180664 61018 0
0.11320996284484863 0.01984858512878418 62206 0
0.10906672477722168 0.01935863494873047 60560 0
0.1072685718536377 0.018886327743530273 59210 0
0.10872507095336914 0.01905083656311035 59024 0
0.11637163162231445 0.019008159637451172 59476 0
0.11421799659729004 0.019467592239379883 59336 0
0.10967302322387695 0.018912553787231445 58742 0
0.11000585556030273 0.022508859634399414 58398 0
0.11108231544494629 0.020152807235717773 58992 0
0.11180686950683594 0.018519878387451172 58064 0
0.11141085624694824 0.018898725509643555 61128 0
0.10899901390075684 0.019775867462158203 59188 0
0.11315464973449707 0.019027233123779297 59600 0
0.1105961799621582 0.019350767135620117 59928 0
0.11775970458984375 0.018581390380859375 58862 0
0.11547017097473145 0.02026510238647461 59000 0
0.10708951950073242 0.0223691463470459 55684 0
0.10918760299682617 0.019012451171875 58326 0
0.10849618911743164 0.01916360855102539 57250 0
0.10884594917297363 0.019293546676635742 47156 0
0.11001372337341309 0.01900649070739746 58122 0
0.11350560188293457 0.019410371780395508 59212 0
0.10790753364562988 0.018606185913085938 58670 0
0.1140899658203125 0.019893407821655273 57034 0
0.10858011245727539 0.018640756607055664 57336 0
0.11154723167419434 0.02062845230102539 61944 0
0.11782598495483398 0.018937110900878906 61980 0
0.11152267456054688 0.019223451614379883 62366 0
0.11779952049255371 0.020326614379882812 60692 0
0.11151933670043945 0.019240379333496094 59748 0
0.11864995956420898 0.021244525909423828 60742 0
0.10986614227294922 0.01955103874206543 58460 0
0.11702966690063477 0.01881241798400879 59054 0
0.11559605598449707 0.018521547317504883 60442 0
0.1091160774230957 0.0252230167388916 58988 0
0.11117815971374512 0.01972794532775879 58920 0
0.1112208366394043 0.019774913787841797 61340 0
0.11509585380554199 0.01942586898803711 62772 0
0.11015009880065918 0.019452810287475586 61230 0
0.11097145080566406 0.019155025482177734 62092 0
0.11535930633544922 0.019716262817382812 60460 0
0.11274123191833496 0.018778562545776367 60038 0
0.11004209518432617 0.019544124603271484 60654 0
0.11269307136535645 0.018906593322753906 60400 0
0.11806702613830566 0.02050018310546875 74048 0
0.12242627143859863 0.021694660186767578 78230 0
0.12238168716430664 0.01995229721069336 78834 0
0.12290573120117188 0.02120065689086914 80312 0
0.11413168907165527 0.02105259895324707 78930 0
0.11657476425170898 0.020540237426757812 79642 0
0.1220405101776123 0.02177596092224121 79872 0
0.11561393737792969 0.020337820053100586 77708 0
0.1228644847869873 0.019550561904907227 80860 0
0.12224674224853516 0.02115654945373535 79950 0
0.1258249282836914 0.021094322204589844 78072 0
0.11527371406555176 0.020173072814941406 80216 0
0.11589479446411133 0.0200350284576416 79252 0
0.11652398109436035 0.02008819580078125 78374 0
0.11697721481323242 0.020526409149169922 79298 0
0.11449122428894043 0.022258758544921875 79766 0
0.1202383041381836 0.022196054458618164 80244 0
0.11644911766052246 0.020697355270385742 78866 0
0.11491870880126953 0.02071356773376465 72600 0
0.11813592910766602 0.02127838134765625 79308 0
0.11631441116333008 0.02032017707824707 80716 0
0.11902713775634766 0.02173900604248047 79822 0
0.12246203422546387 0.02156686782836914 80544 0
0.12076330184936523 0.023099899291992188 80658 0
0.1160123348236084 0.020435810089111328 82664 0
0.11698150634765625 0.019297361373901367 81334 0
0.11673355102539062 0.02082681655883789 82448 0
0.11791825294494629 0.02039623260498047 82020 0
0.11354947090148926 0.01944756507873535 68110 0
0.11544132232666016 0.019763469696044922 80850 0
0.11499142646789551 0.020410537719726562 80214 0
0.11831188201904297 0.02063155174255371 80676 0
0.12070012092590332 0.020432710647583008 82516 0
0.1157689094543457 0.02087259292602539 83078 0
0.11656951904296875 0.023692607879638672 82960 0
0.11627364158630371 0.02057170867919922 83568 0
0.11779117584228516 0.021733999252319336 83390 0
0.11989808082580566 0.020666837692260742 83560 0
0.11763691902160645 0.019756078720092773 79234 0
0.12084460258483887 0.0206453800201416 84134 0
0.12290072441101074 0.020786285400390625 82206 0
0.11948299407958984 0.02134418487548828 82594 0
0.11713862419128418 0.021274089813232422 83120 0
0.12121033668518066 0.020763158798217773 83350 0
0.11667108535766602 0.0198974609375 83162 0
0.12660455703735352 0.020969867706298828 85900 0
0.12430024147033691 0.020278215408325195 83938 0
0.12245678901672363 0.021947383880615234 84352 0
0.11957025527954102 0.020409822463989258 77116 0
0.11875033378601074 0.020625591278076172 83458 0
0.12379026412963867 0.021390438079833984 83698 0
0.11662983894348145 0.02076554298400879 83788 0
0.1263411045074463 0.021386384963989258 84256 0
0.11600232124328613 0.02084803581237793 84342 0
0.1169595718383789 0.02100992202758789 84224 0
0.12248611450195312 0.020224332809448242 80824 0
0.12153506278991699 0.021481037139892578 85780 0
0.1257467269897461 0.021773099899291992 86152 0
0.11243271827697754 0.020424365997314453 68972 0
0.11860990524291992 0.021420001983642578 83856 0
0.12000298500061035 0.020576953887939453 80886 0
0.12435746192932129 0.022524356842041016 80796 0
0.12537789344787598 0.021262407302856445 84702 0
0.11952066421508789 0.020945310592651367 86324 0
0.11684894561767578 0.020916461944580078 82178 0
0.11910557746887207 0.021956682205200195 88018 0
0.12246322631835938 0.021221160888671875 87026 0
0.12768220901489258 0.021499156951904297 86098 0
0.11753559112548828 0.021157026290893555 87334 0
0.11832404136657715 0.021964550018310547 86136 0
0.11733102798461914 0.02047562599182129 82976 0
0.1248316764831543 0.02211737632751465 85760 0
0.12592506408691406 0.021291494369506836 87346 0
0.11743903160095215 0.021183252334594727 85690 0
0.12099218368530273 0.020458221435546875 86032 0
0.11826300621032715 0.020685911178588867 83900 0
0.11981844902038574 0.02124762535095215 86988 0
0.12450575828552246 0.021631479263305664 87208 0
0.11765360832214355 0.01998758316040039 77260 0
0.11607575416564941 0.02011394500732422 83282 0
0.1257951259613037 0.021722793579101562 85064 0
0.12053632736206055 0.020482540130615234 85388 0
0.11789107322692871 0.020628929138183594 83520 0
0.11784887313842773 0.02277994155883789 83292 0
0.11711454391479492 0.020637989044189453 83174 0
0.11730194091796875 0.020631790161132812 78280 0
0.11717009544372559 0.021140575408935547 83846 0
0.11794018745422363 0.020648956298828125 83838 0
0.11390995979309082 0.020685672760009766 64168 0
0.11988639831542969 0.02010345458984375 79774 0
0.11555719375610352 0.020793437957763672 76070 0
0.11649632453918457 0.02247023582458496 74628 0
0.1241302490234375 0.02252340316772461 78250 0
0.12326812744140625 0.020543813705444336 79788 0
0.1156916618347168 0.02093219757080078 76524 0
0.11879515647888184 0.020363569259643555 80930 0
0.1144719123840332 0.02031230926513672 79942 0
0.12153911590576172 0.021960020065307617 78170 0
0.11490368843078613 0.0200955867767334 76510 0
0.11666560173034668 0.020888805389404297 76572 0
0.12232398986816406 0.019704103469848633 69290 0
0.11576581001281738 0.020545005798339844 77062 0
0.12544918060302734 0.01923203468322754 76666 0
0.12072157859802246 0.021153926849365234 76208 0
0.11573076248168945 0.020325899124145508 75050 0
0.1166682243347168 0.021085500717163086 75478 0
0.11621236801147461 0.020674467086791992 75410 0
0.1203758716583252 0.02042102813720703 75172 0
0.11050152778625488 0.01961994171142578 69026 0
0.11636495590209961 0.019665241241455078 76034 0
0.1163332462310791 0.02047133445739746 78748 0
0.12603449821472168 0.0210418701171875 78654 0
0.11504220962524414 0.01977252960205078 76980 0
0.11825680732727051 0.021450042724609375 77830 0
0.1221473217010498 0.02023911476135254 78168 0
0.11597633361816406 0.020589828491210938 73038 0
0.11544990539550781 0.0209047794342041 75172 0
0.11731934547424316 0.01993727684020996 74856 0
0.1156010627746582 0.01878976821899414 59152 0
0.12193059921264648 0.021180391311645508 74340 0
0.11307144165039062 0.02062368392944336 70942 0
0.1168978214263916 0.019644498825073242 72290 0
0.11975216865539551 0.020132780075073242 75790 0
0.11947035789489746 0.021185636520385742 75230 0
0.11945796012878418 0.01990199089050293 73608 0
0.1155085563659668 0.021012544631958008 76744 0
0.12576031684875488 0.020662546157836914 77272 0
0.12518525123596191 0.02092742919921875 78064 0
0.12120532989501953 0.02094578742980957 78010 0
0.11680054664611816 0.02006387710571289 77188 0
0.11931252479553223 0.02075481414794922 71790 0
0.12024641036987305 0.021358728408813477 77754 0
0.12082195281982422 0.020131826400756836 78324 0
0.11706781387329102 0.02031111717224121 77040 0
0.1378939151763916 0.021675825119018555 77456 0
0.12234807014465332 0.022309064865112305 78646 0
0.11411714553833008 0.02001023292541504 77396 0
0.12230062484741211 0.02277088165283203 76844 0
0.11736845970153809 0.019337177276611328 70722 0
0.11571478843688965 0.020249366760253906 76782 0
0.11668252944946289 0.020470857620239258 76770 0
0.11593866348266602 0.021593809127807617 76688 0
0.11493039131164551 0.020494461059570312 77000 0
0.11489486694335938 0.020413637161254883 75894 0
0.114166259765625 0.020351171493530273 75866 0
0.11340951919555664 0.019614219665527344 71700 0
0.12071561813354492 0.020346403121948242 75930 0
0.11569762229919434 0.020807504653930664 75810 0
0.10837435722351074 0.025867700576782227 60064 0
0.1148524284362793 0.020979642868041992 74612 0
0.11233973503112793 0.019512414932250977 68168 0
0.11376380920410156 0.020284652709960938 70584 0
0.1181035041809082 0.021035432815551758 75138 0
0.1152198314666748 0.020782470703125 75308 0
0.1159520149230957 0.020087718963623047 72928 0
0.11468911170959473 0.01895928382873535 75762 0
0.11861324310302734 0.022046566009521484 76654 0
0.11867666244506836 0.020263671875 76662 0
0.12099123001098633 0.02152419090270996 75386 0
0.11638069152832031 0.020458459854125977 75358 0
0.11296534538269043 0.01961994171142578 67832 0
0.11704254150390625 0.020264863967895508 76102 0
0.11290454864501953 0.020304441452026367 75994 0
0.11463260650634766 0.019979238510131836 75718 0
0.11614632606506348 0.019732236862182617 75436 0
0.12146806716918945 0.02136540412902832 76850 0
0.11405253410339355 0.019965648651123047 74632 0
0.12103939056396484 0.02100515365600586 75496 0
0.12083792686462402 0.019125699996948242 66502 0
0.11943268775939941 0.020605087280273438 74852 0
0.11620473861694336 0.0205080509185791 75820 0
0.11993670463562012 0.021282196044921875 75954 0
0.12040233612060547 0.02133321762084961 75650 0
0.1200106143951416 0.021205425262451172 75780 0
0.11714386940002441 0.020761489868164062 75070 0
0.11773920059204102 0.020882129669189453 71632 0
0.11329221725463867 0.01923537254333496 75812 0
0.11481499671936035 0.020433425903320312 74762 0
0.1119070053100586 0.018555164337158203 62020 0
0.1239616870880127 0.021375417709350586 74420 0
0.11828112602233887 0.020119428634643555 66562 0
0.11612248420715332 0.020127058029174805 74246 0
0.11441683769226074 0.020268917083740234 74958 0
0.11596107482910156 0.01997208595275879 76296 0
0.12045598030090332 0.02153325080871582 73746 0
0.11346101760864258 0.019190073013305664 76302 0
0.1151273250579834 0.020943880081176758 76534 0
0.1144568920135498 0.019941091537475586 76202 0
0.1267249584197998 0.01963329315185547 76598 0
0.11619281768798828 0.019256114959716797 76410 0
0.11700296401977539 0.02019357681274414 68828 0
0.11835885047912598 0.02042102813720703 76834 0
0.12195444107055664 0.02108621597290039 76062 0
0.11516547203063965 0.019808292388916016 76220 0
0.11553001403808594 0.020041227340698242 76988 0
0.11658334732055664 0.01990962028503418 76924 0
0.11643290519714355 0.020364761352539062 75564 0
0.11955046653747559 0.020775556564331055 75006 0
0.11633610725402832 0.02012038230895996 70356 0
0.12052536010742188 0.020055770874023438 73562 0
0.12337899208068848 0.020196199417114258 81976 0
0.12125468254089355 0.021010398864746094 81848 0
0.11667132377624512 0.020859479904174805 81774 0
0.11773538589477539 0.020615816116333008 82922 0
0.11799168586730957 0.02047586441040039 83156 0
0.12221956253051758 0.022464275360107422 82132 0
0.12085652351379395 0.020708799362182617 84880 0
0.11701607704162598 0.02043604850769043 81550 0
0.12189173698425293 0.021268129348754883 80210 0
0.11918759346008301 0.020592451095581055 83672 0
0.1244802474975586 0.02010202407836914 79684 0
0.12258219718933105 0.021792888641357422 81472 0
0.12053990364074707 0.021723508834838867 81304 0
0.12013125419616699 0.02167034149169922 81870 0
0.1194009780883789 0.02214193344116211 84128 0
0.1174318790435791 0.02234959602355957 82756 0
0.12259626388549805 0.021080732345581055 82374 0
0.11878776550292969 0.020167112350463867 83958 0
0.12404727935791016 0.021541833877563477 84190 0
0.11737203598022461 0.020210742950439453 82174 0
0.12364816665649414 0.02257227897644043 80270 0
0.11781835556030273 0.02003765106201172 79204 0
0.11810612678527832 0.020343303680419922 80278 0
0.12319350242614746 0.020098447799682617 79632 0
0.12117958068847656 0.021020889282226562 80482 0
0.12358856201171875 0.02102804183959961 80544 0
0.1215066909790039 0.022125959396362305 79872 0
0.12059307098388672 0.02064990997314453 82420 0
0.11693191528320312 0.02039933204650879 83164 0
0.12232255935668945 0.021575212478637695 81456 0
0.11724209785461426 0.021178007125854492 81226 0
0.12251615524291992 0.02058100700378418 82072 0
0.11733746528625488 0.019994735717773438 81062 0
0.11822700500488281 0.02053380012512207 80396 0
0.11783719062805176 0.021209239959716797 79240 0
0.11671805381774902 0.020914316177368164 80370 0
0.12054944038391113 0.02057194709777832 79550 0
0.12496709823608398 0.020163297653198242 80612 0
0.11894059181213379 0.02122020721435547 81838 0
0.11949777603149414 0.02228403091430664 79964 0
0.11853551864624023 0.020818233489990234 80050 0
0.11824440956115723 0.02050495147705078 79884 0
0.11673569679260254 0.020294904708862305 80300 0
0.1228024959564209 0.02006220817565918 79672 0
0.11720776557922363 0.020650386810302734 79876 0
0.11801338195800781 0.021519184112548828 79812 0
0.11786746978759766 0.0200042724609375 78944 0
0.11912918090820312 0.021433115005493164 80020 0
0.12374234199523926 0.02352309226989746 80828 0
0.1194150447845459 0.02034163475036621 80348 0
0.11658930778503418 0.021389484405517578 81526 0
0.11855506896972656 0.020745515823364258 82008 0
0.11728286743164062 0.021458864212036133 80202 0
0.12718701362609863 0.021140098571777344 80376 0
0.11620903015136719 0.02034926414489746 79566 0
0.11816906929016113 0.020006656646728516 79366 0
0.11924576759338379 0.020498991012573242 79610 0
0.11914825439453125 0.021109580993652344 79486 0
0.12036466598510742 0.021669387817382812 80480 0
0.11784648895263672 0.02051091194152832 80882 0
0.11769318580627441 0.024910926818847656 80108 0
0.12297797203063965 0.021755456924438477 80696 0
0.12225508689880371 0.021963119506835938 80284 0
0.12080717086791992 0.022899866104125977 81844 0
0.11868929862976074 0.02162480354309082 82204 0
0.1176004409790039 0.020759105682373047 82158 0
0.12421894073486328 0.022863149642944336 82448 0
0.12476491928100586 0.02189040184020996 82732 0
0.11591720581054688 0.0212860107421875 81588 0
0.11864638328552246 0.02172565460205078 81866 0
0.12317585945129395 0.020667314529418945 80896 0
0.11899018287658691 0.019996166229248047 79978 0
0.12380480766296387 0.02046823501586914 77700 0
0.1181950569152832 0.019840478897094727 85036 0
0.1167442798614502 0.020756244659423828 84498 0
0.1240847110748291 0.020580768585205078 83326 0
0.1249227523803711 0.021030187606811523 82906 0
0.12316489219665527 0.022261381149291992 86256 0
0.1231393814086914 0.02209329605102539 85524 0
0.12127876281738281 0.021136999130249023 86786 0
0.1182403564453125 0.02111220359802246 85984 0
0.12314867973327637 0.020603179931640625 86202 0
0.11955451965332031 0.02044510841369629 75150 0
0.11511349678039551 0.02096390724182129 73776 0
0.12802553176879883 0.021227359771728516 81574 0
0.12197494506835938 0.020874977111816406 86438 0
0.11614608764648438 0.021405458450317383 77556 0
0.12108087539672852 0.021142244338989258 83690 0
0.11511421203613281 0.019761323928833008 74684 0
0.12142491340637207 0.021665334701538086 76418 0
0.11576604843139648 0.01985764503479004 76468 0
0.11891055107116699 0.020258188247680664 79686 0
0.12376832962036133 0.02147221565246582 80180 0
0.11851096153259277 0.020937204360961914 79418 0
0.11608695983886719 0.021631240844726562 81502 0
0.130845308303833 0.021221399307250977 81904 0
0.11507940292358398 0.01944732666015625 73804 0
0.12284469604492188 0.024118900299072266 83674 0
0.11666226387023926 0.021352291107177734 81428 0
0.11983299255371094 0.020996809005737305 79792 0
0.12229299545288086 0.02106022834777832 84032 0
0.11802196502685547 0.020405292510986328 85984 0
0.11582064628601074 0.020259618759155273 74908 0
0.12451577186584473 0.020800352096557617 86048 0
0.11963868141174316 0.02119922637939453 86070 0
0.11905932426452637 0.021472692489624023 86606 0
0.12685441970825195 0.0224454402923584 85880 0
0.1206517219543457 0.020626068115234375 87322 0
0.12501835823059082 0.02128744125366211 87462 0
0.12011122703552246 0.022550106048583984 87882 0
0.12428903579711914 0.027243375778198242 85976 0
0.11793804168701172 0.021091461181640625 88110 0
0.1278390884399414 0.02216053009033203 90800 0
0.12587237358093262 0.02479863166809082 89572 0
0.122772216796875 0.02195286750793457 86626 0
0.12007260322570801 0.021144628524780273 87196 0
0.11741995811462402 0.020969867706298828 86134 0
0.1259903907775879 0.021439313888549805 87096 0
0.11956262588500977 0.022331953048706055 86788 0
0.11795663833618164 0.020528793334960938 85696 0
0.11998343467712402 0.022825002670288086 85722 0
0.12350130081176758 0.020752668380737305 86302 0
0.12229704856872559 0.022076129913330078 87046 0
0.12164855003356934 0.024514198303222656 85596 0
0.11935949325561523 0.021474838256835938 87366 0
0.11976957321166992 0.020910978317260742 88532 0
0.12054562568664551 0.020734310150146484 77168 0
0.12462496757507324 0.022478103637695312 87202 0
0.11717391014099121 0.020561933517456055 83344 0
0.11688446998596191 0.020492076873779297 83364 0
0.11897730827331543 0.021185636520385742 87764 0
0.11866068840026855 0.020980358123779297 88050 0
0.11764407157897949 0.02068018913269043 78576 0
0.11846303939819336 0.021579742431640625 87568 0
0.12100505828857422 0.02750682830810547 86982 0
0.1190955638885498 0.020924806594848633 88388 0
0.118438720703125 0.021820068359375 86150 0
0.11977410316467285 0.021221399307250977 86552 0
0.12000083923339844 0.02318120002746582 88036 0
0.11868929862976074 0.02099466323852539 87344 0
0.12387442588806152 0.0240325927734375 89156 0
0.12489509582519531 0.021523714065551758 90248 0
0.1280810832977295 0.021081209182739258 88832 0
0.1278526782989502 0.022512435913085938 90900 0
0.12056565284729004 0.022661685943603516 89262 0
0.12927699089050293 0.021854877471923828 91228 0
0.11877822875976562 0.022620201110839844 88046 0
0.12108182907104492 0.022534847259521484 87874 0
0.12185335159301758 0.0207369327545166 87654 0
0.11845541000366211 0.020528793334960938 87294 0
0.11822128295898438 0.020500898361206055 88940 0
0.12085580825805664 0.025368213653564453 88790 0
0.11963129043579102 0.02240157127380371 88990 0
0.12532734870910645 0.023014545440673828 86570 0
0.12320280075073242 0.021909475326538086 90410 0
0.12134313583374023 0.020670413970947266 90774 0
0.11666393280029297 0.020116806030273438 80254 0
0.11974382400512695 0.020913362503051758 89892 0
0.12149524688720703 0.02179718017578125 89240 0
0.1175079345703125 0.02120518684387207 88504 0
0.12366867065429688 0.022493362426757812 91258 0
0.12740087509155273 0.020557403564453125 91408 0
0.11845755577087402 0.020741701126098633 86214 0
0.121063232421875 0.022106409072875977 93420 0
0.12025570869445801 0.022146224975585938 90626 0
0.11903119087219238 0.022147417068481445 91518 0
0.12524771690368652 0.02220463752746582 90558 0
0.12240791320800781 0.02150130271911621 87082 0
0.11744213104248047 0.021596908569335938 86532 0
0.12133026123046875 0.020901203155517578 86124 0
0.11734437942504883 0.02057933807373047 85648 0
0.11995339393615723 0.02089381217956543 86058 0
0.12420535087585449 0.020400524139404297 85562 0
0.11947798728942871 0.021310806274414062 86170 0
0.11796903610229492 0.020691633224487305 85468 0
0.12767481803894043 0.022031784057617188 83522 0
0.11962890625 0.02022552490234375 84202 0
0.12186861038208008 0.0212099552154541 81818 0
0.11724209785461426 0.020655393600463867 85794 0
0.1287853717803955 0.022421598434448242 86000 0
0.12284231185913086 0.022037506103515625 85320 0
0.11831378936767578 0.020971059799194336 84674 0
0.12351202964782715 0.023164749145507812 82234 0
0.12347054481506348 0.020670175552368164 83050 0
0.11888432502746582 0.021724700927734375 84768 0
0.11988162994384766 0.020708084106445312 83010 0
0.12143397331237793 0.02292156219482422 82930 0
0.12528181076049805 0.0214998722076416 81262 0
0.11731100082397461 0.02025890350341797 83708 0
0.12299180030822754 0.02352142333984375 81768 0
0.11888504028320312 0.022315263748168945 84978 0
0.11801362037658691 0.021824359893798828 82920 0
0.12223982810974121 0.022402048110961914 84418 0
0.11938309669494629 0.019969463348388672 82436 0
0.11644172668457031 0.020592927932739258 84320 0
0.1181032657623291 0.02190995216369629 84234 0
