0.2724571228027344 0.015265703201293945 969450 312503
0.26598191261291504 0.01618814468383789 969643 312462
0.2776775360107422 0.016783952713012695 977891 307584
0.27101564407348633 0.016351938247680664 971672 311218
0.27161598205566406 0.015532732009887695 975758 308961
0.26717448234558105 0.015238046646118164 980588 305812
0.2640359401702881 0.015589237213134766 982418 304864
0.27341556549072266 0.01831340789794922 981647 305565
0.25990819931030273 0.015196800231933594 980150 306343
0.2818615436553955 0.016529321670532227 980365 306166
0.2682981491088867 0.014442205429077148 971319 311362
0.2672760486602783 0.015907764434814453 963397 315420
0.2841830253601074 0.01621103286743164 980237 306533
0.2627384662628174 0.015551328659057617 968858 312946
0.27442073822021484 0.016492605209350586 913899 344212
0.2667510509490967 0.015760183334350586 965236 314754
0.265369176864624 0.0155181884765625 958951 318410
0.2626521587371826 0.01679515838623047 950513 323838
0.2606067657470703 0.017515182495117188 935238 332747
0.2778966426849365 0.01645350456237793 960036 317643
0.26355433464050293 0.015452861785888672 959042 318208
0.2613060474395752 0.015443563461303711 947274 325587
0.27680349349975586 0.016095876693725586 961354 316787
0.2706108093261719 0.016047239303588867 975253 309011
0.2654688358306885 0.01570439338684082 975914 308486
0.2662529945373535 0.015926599502563477 970240 311714
0.27343106269836426 0.016269922256469727 949360 324379
0.2717626094818115 0.015980243682861328 967027 313385
0.2584342956542969 0.015726566314697266 969595 312097
0.27604007720947266 0.01589035987854004 956271 319913
0.26406145095825195 0.01565265655517578 966972 313213
0.2766072750091553 0.015671491622924805 970646 311611
0.2672080993652344 0.01676464080810547 961075 316803
0.2664976119995117 0.016040563583374023 963353 315424
0.2770044803619385 0.015375614166259766 945354 326707
0.269956111907959 0.016052961349487305 970394 311619
0.2599151134490967 0.015244483947753906 989336 300697
0.27695536613464355 0.016859054565429688 980706 305848
0.26581597328186035 0.014801025390625 988262 301241
0.276599645614624 0.016611337661743164 971274 311153
0.27022480964660645 0.016726016998291016 952610 322076
0.2761867046356201 0.01754927635192871 959712 317605
0.2673494815826416 0.016561508178710938 978984 306974
0.26178717613220215 0.015293359756469727 977946 307545
0.26439642906188965 0.01567554473876953 934338 332903
0.2578754425048828 0.015324115753173828 973387 310034
0.26586341857910156 0.015838146209716797 980286 306039
0.2693169116973877 0.01686835289001465 972097 310476
0.26067137718200684 0.015383005142211914 980037 306323
0.27948427200317383 0.016348600387573242 978740 306953
0.270416259765625 0.01548147201538086 973578 309781
0.2622056007385254 0.015347003936767578 981056 305824
0.26893091201782227 0.015812397003173828 979023 307048
0.273165225982666 0.015471220016479492 979938 306374
0.27443385124206543 0.0165863037109375 980703 306006
0.27646684646606445 0.015929460525512695 980908 305811
0.2699439525604248 0.015450239181518555 981478 305318
0.2657148838043213 0.015874147415161133 982148 305178
0.2679471969604492 0.015402555465698242 981872 305398
0.27341341972351074 0.015509366989135742 981972 305116
0.2607276439666748 0.015211105346679688 975428 309145
0.26580047607421875 0.015678882598876953 977161 307798
0.270535945892334 0.017426013946533203 975061 309078
0.26407670974731445 0.015869140625 973844 309832
0.2812197208404541 0.01645493507385254 964125 315021
0.26879262924194336 0.01655721664428711 975005 309096
0.27478885650634766 0.01556086540222168 978362 307233
0.2765345573425293 0.015749692916870117 978582 306920
0.2602074146270752 0.015520811080932617 977702 307606
0.2628602981567383 0.01545405387878418 976965 308063
0.2740440368652344 0.01629924774169922 971786 310905
0.26560115814208984 0.01515507698059082 962775 315883
0.28537774085998535 0.015927553176879883 975913 308532
0.2689704895019531 0.015323638916015625 970157 311943
0.2635326385498047 0.016097068786621094 915405 343467
0.26842260360717773 0.01595306396484375 974332 309456
0.2692294120788574 0.015640974044799805 972283 310616
0.27199220657348633 0.015540122985839844 960777 316834
0.2659151554107666 0.016469955444335938 965316 314685
0.2631397247314453 0.016233205795288086 965110 314711
0.26172471046447754 0.01476740837097168 974562 309438
0.26804661750793457 0.016579627990722656 975399 309211
0.27376556396484375 0.01670980453491211 970028 312264
0.27970290184020996 0.017059803009033203 969622 312530
0.2601954936981201 0.016155719757080078 974053 310170
0.27489447593688965 0.016169309616088867 973656 310382
0.27397918701171875 0.015967369079589844 952997 322093
0.2648303508758545 0.016157865524291992 973964 310087
0.26103782653808594 0.015656709671020508 974517 309831
0.2666463851928711 0.015200138092041016 976154 308865
0.2646169662475586 0.015799522399902344 972481 310892
0.2702488899230957 0.015670299530029297 969911 312340
0.27338242530822754 0.015436649322509766 971372 311405
0.27478981018066406 0.01692032814025879 959528 318046
0.26232481002807617 0.01592087745666504 972781 310727
0.2666909694671631 0.01656198501586914 968458 312975
0.2642064094543457 0.01648879051208496 911529 345361
0.2703857421875 0.01608586311340332 972552 310676
0.262545108795166 0.015248775482177734 972332 310825
0.26524996757507324 0.016447067260742188 956129 320077
0.2761077880859375 0.01914381980895996 961215 316862
0.2638514041900635 0.0160067081451416 964664 314746
0.26343846321105957 0.015994548797607422 969685 312135
0.2613499164581299 0.014863014221191406 983256 304349
0.2670423984527588 0.015287637710571289 979811 306648
0.2700824737548828 0.01689457893371582 981457 305834
0.2605419158935547 0.015681982040405273 979917 306671
0.2683281898498535 0.014787435531616211 984937 303470
0.26206159591674805 0.01681065559387207 983241 304657
0.27280521392822266 0.017020225524902344 980818 306157
0.27292943000793457 0.015617609024047852 981246 305872
0.27716588973999023 0.01555013656616211 979679 306899
0.28183889389038086 0.015671968460083008 980256 306570
0.2650787830352783 0.015419244766235352 981709 305683
0.2653367519378662 0.015252351760864258 972187 311166
0.273193359375 0.016674518585205078 978760 307455
0.27501463890075684 0.015799760818481445 948319 325279
0.26693224906921387 0.01508641242980957 980838 306205
0.2647075653076172 0.01637554168701172 978947 307278
0.2674214839935303 0.015288352966308594 980821 306083
0.26871180534362793 0.016928911209106445 974333 309839
0.26563119888305664 0.014942646026611328 978025 307693
0.2677478790283203 0.015969276428222656 970174 311897
0.26088833808898926 0.015583038330078125 963557 315679
0.2583622932434082 0.015434980392456055 974046 309876
0.2709476947784424 0.01599860191345215 974981 309159
0.26971912384033203 0.017015933990478516 921638 340303
0.2653791904449463 0.016350746154785156 964543 314805
0.2730696201324463 0.016797542572021484 932716 334114
0.2668766975402832 0.015649080276489258 944519 327442
0.278214693069458 0.016699552536010742 949542 324454
0.26143932342529297 0.01534581184387207 955801 320779
0.2682230472564697 0.016075849533081055 943804 327844
0.26840925216674805 0.01683187484741211 956362 320204
0.26469898223876953 0.015715837478637695 964668 314971
0.28259706497192383 0.016077041625976562 969504 311967
0.27010083198547363 0.016519784927368164 966085 313940
0.2730536460876465 0.01572728157043457 968953 312233
0.2715311050415039 0.016096115112304688 964091 315257
0.26003289222717285 0.015624046325683594 967896 312982
0.27269482612609863 0.016178369522094727 973917 309449
0.2782399654388428 0.016344070434570312 977055 307914
0.2593271732330322 0.01570415496826172 968732 312580
0.2741856575012207 0.016324281692504883 970541 311342
0.2619023323059082 0.015790939331054688 966390 313852
0.28017520904541016 0.015677690505981445 981924 305190
0.26564979553222656 0.015154600143432617 974750 308987
0.2641260623931885 0.01604604721069336 968970 312310
0.27207159996032715 0.015198230743408203 959052 318443
0.265775203704834 0.01612401008605957 958354 318804
0.2705857753753662 0.016236543655395508 974455 309256
0.26693177223205566 0.015942096710205078 990574 300089
0.2599070072174072 0.015737533569335938 986274 302436
0.26635169982910156 0.016082286834716797 984577 303537
0.2787353992462158 0.016449689865112305 984549 303629
0.26725053787231445 0.015441179275512695 971491 310296
0.2644181251525879 0.016257524490356445 914602 343474
0.2714884281158447 0.01584482192993164 962551 316202
0.26009225845336914 0.017847061157226562 967102 313247
0.26497936248779297 0.016529083251953125 943932 327545
0.26735997200012207 0.015871524810791016 943979 327475
0.26259899139404297 0.015632152557373047 948160 325166
0.26079607009887695 0.01564788818359375 944294 327454
0.2747657299041748 0.020276784896850586 949849 324460
0.262925386428833 0.016253948211669922 963788 315691
0.2715127468109131 0.016829729080200195 953210 322446
0.27099156379699707 0.01613450050354004 950410 323990
0.2663841247558594 0.01598048210144043 968111 312934
0.27333712577819824 0.01593327522277832 962917 316436
0.26099324226379395 0.015276670455932617 983115 304783
0.27614593505859375 0.015820980072021484 961194 317827
0.2680642604827881 0.01650404930114746 973975 309586
0.2626349925994873 0.015118837356567383 977420 307857
0.27382564544677734 0.01605820655822754 979675 306338
0.2704610824584961 0.015700578689575195 976875 308089
0.2701878547668457 0.015093564987182617 977935 307603
0.2670772075653076 0.01579880714416504 958197 319296
0.26325035095214844 0.016135454177856445 983049 304851
0.2647252082824707 0.015357732772827148 985037 303522
0.26334238052368164 0.016199588775634766 983718 304257
0.26680779457092285 0.016168832778930664 976556 308298
0.27646851539611816 0.016216516494750977 973818 309719
0.2651844024658203 0.015407323837280273 975941 308612
0.26885104179382324 0.015810012817382812 961377 316974
0.26866769790649414 0.015636444091796875 974292 309393
0.2642853260040283 0.015752553939819336 972748 310146
0.27091288566589355 0.015974760055541992 918759 341480
0.27214479446411133 0.015714168548583984 977682 307670
0.26813697814941406 0.015680551528930664 979130 306763
0.26061081886291504 0.015491008758544922 959746 317818
0.28018903732299805 0.01506185531616211 969359 312039
0.2649424076080322 0.01607656478881836 970138 311542
0.2655332088470459 0.016083717346191406 973902 309759
0.2747795581817627 0.015655994415283203 979383 306641
0.26246190071105957 0.015338420867919922 977081 307878
0.27518558502197266 0.016113758087158203 975076 309108
0.2667412757873535 0.015513896942138672 976743 308198
0.2736940383911133 0.01649022102355957 979495 306540
0.27454113960266113 0.016183137893676758 981002 305753
0.2704885005950928 0.01629471778869629 977357 307958
0.2674744129180908 0.01579570770263672 971385 313907
0.26784181594848633 0.01651477813720703 930635 337578
0.2653977870941162 0.015718936920166016 915610 346052
0.2808537483215332 0.015770673751831055 922134 342412
0.2647988796234131 0.01570868492126465 919453 343791
0.26992321014404297 0.015881776809692383 923411 341666
0.2711300849914551 0.01629185676574707 924214 341268
0.2670614719390869 0.015764474868774414 928048 339061
0.26885557174682617 0.015818357467651367 934385 335426
0.26174402236938477 0.015408754348754883 932138 336680
0.2762317657470703 0.01620197296142578 923395 341668
0.2689859867095947 0.015030145645141602 929194 338450
0.2625906467437744 0.015419244766235352 929534 338185
0.27619147300720215 0.016142845153808594 923385 341748
0.2649955749511719 0.016013383865356445 925748 340323
0.26602602005004883 0.015853166580200195 921842 342553
0.26190614700317383 0.01498866081237793 922308 342372
0.2700824737548828 0.015619039535522461 895502 356650
0.27794766426086426 0.016434669494628906 923827 341383
0.264737606048584 0.015112876892089844 925994 340200
0.27200770378112793 0.016500473022460938 926139 340169
0.2779824733734131 0.01580643653869629 925835 340221
0.2703859806060791 0.016065120697021484 925314 340427
0.2800424098968506 0.016761064529418945 926018 339973
0.26537609100341797 0.0160982608795166 927590 339173
0.26857423782348633 0.016268014907836914 924382 341031
0.26732707023620605 0.015887975692749023 924602 340793
0.27678442001342773 0.0164797306060791 924491 340978
0.27785563468933105 0.015639543533325195 922744 341884
0.26680850982666016 0.016410112380981445 924509 340898
0.2716851234436035 0.015811443328857422 921626 342609
0.2718021869659424 0.016849994659423828 923476 341632
0.2666921615600586 0.016132116317749023 924182 341172
0.27127957344055176 0.016813278198242188 925139 340483
0.26253294944763184 0.015625715255737305 929018 338267
0.2686481475830078 0.015510082244873047 926891 339327
0.2696070671081543 0.01609659194946289 926507 339717
0.2721254825592041 0.016164302825927734 924761 340977
0.2713348865509033 0.01574420928955078 924193 341214
0.2809567451477051 0.016079425811767578 924956 340701
0.264951229095459 0.01576828956604004 923034 341895
0.27472805976867676 0.016269922256469727 924875 340714
0.2647974491119385 0.015679597854614258 927750 339040
0.2635304927825928 0.01521444320678711 927227 339462
0.26335620880126953 0.015505075454711914 929513 338022
0.27318835258483887 0.016402482986450195 925649 340341
0.27263712882995605 0.0163881778717041 926254 340010
0.263904333114624 0.016038894653320312 894731 356924
0.26904988288879395 0.01578998565673828 925699 340298
0.26691627502441406 0.0161590576171875 925599 340227
0.2711646556854248 0.015569686889648438 927632 339066
0.2705399990081787 0.016206741333007812 928526 338737
0.27109861373901367 0.01629805564880371 928806 338496
0.2667055130004883 0.015233993530273438 929981 337765
0.2711963653564453 0.016378164291381836 929983 337831
0.26835131645202637 0.01558685302734375 928662 338635
0.2796645164489746 0.016083717346191406 929117 338237
0.27690720558166504 0.017273426055908203 927254 339365
0.268665075302124 0.016649246215820312 923239 341575
0.2611122131347656 0.015734434127807617 923025 341707
0.2628746032714844 0.015827417373657227 923379 341670
0.27129149436950684 0.015784263610839844 925273 340397
0.2637355327606201 0.016428709030151367 929630 338169
0.2787468433380127 0.01739954948425293 928682 338716
0.26861095428466797 0.01726984977722168 932520 336474
0.2607293128967285 0.015373468399047852 929840 337844
0.2658352851867676 0.01592850685119629 932864 336127
0.26943039894104004 0.016075611114501953 931769 336759
0.27550339698791504 0.015652894973754883 933519 335505
0.27040886878967285 0.015325307846069336 933558 335675
0.26270627975463867 0.01583576202392578 928802 338522
0.27699947357177734 0.016683101654052734 930171 337674
0.26855969429016113 0.017188072204589844 931147 337044
0.2644369602203369 0.015734434127807617 954619 323332
0.2712211608886719 0.015285491943359375 951433 325125
0.2689027786254883 0.016780853271484375 932413 336567
0.2713024616241455 0.015671968460083008 978213 309994
0.2719721794128418 0.015597343444824219 960404 320333
0.2667872905731201 0.015373945236206055 976355 310877
0.28046202659606934 0.015382766723632812 964779 317833
0.2675895690917969 0.01493215560913086 951791 324784
0.26516222953796387 0.01634979248046875 957070 322052
0.26819300651550293 0.014994382858276367 958578 321023
0.2776947021484375 0.01640629768371582 955451 322859
0.2712059020996094 0.01653742790222168 952133 324649
0.27226948738098145 0.015906810760498047 947092 327599
0.26528215408325195 0.01637434959411621 931217 337279
0.27584314346313477 0.015689849853515625 931947 336991
0.26569414138793945 0.01656055450439453 916245 345911
0.2762026786804199 0.015964031219482422 926073 340288
0.2697298526763916 0.01613450050354004 928345 338942
0.2615070343017578 0.016494274139404297 923582 341784
0.26729822158813477 0.015733957290649414 921341 342998
0.2627255916595459 0.016488075256347656 926419 340168
0.26567625999450684 0.015969514846801758 924741 341165
0.2639327049255371 0.016208887100219727 925154 340789
0.27119970321655273 0.015631914138793945 926648 339870
0.26758718490600586 0.016550779342651367 929499 338389
0.2715294361114502 0.015816926956176758 930198 337963
0.26836371421813965 0.015763282775878906 882919 364041
0.26217198371887207 0.016147375106811523 928578 338795
0.26833319664001465 0.016135692596435547 931666 337106
0.27559757232666016 0.014983892440795898 922403 342360
0.26380038261413574 0.016086339950561523 931477 337160
0.28177452087402344 0.016894102096557617 932064 336880
0.27258801460266113 0.01618647575378418 930173 337823
0.27915382385253906 0.015700578689575195 934600 335290
0.2682209014892578 0.015609025955200195 931203 337409
0.2654387950897217 0.015553951263427734 929560 338129
0.27440476417541504 0.01607823371887207 928734 338730
0.26836252212524414 0.015566110610961914 925641 340395
0.26906275749206543 0.0158994197845459 927850 339189
0.28093767166137695 0.015291929244995117 928327 338916
0.2672760486602783 0.016934871673583984 931989 336869
0.26229000091552734 0.01717376708984375 932735 336394
0.26241111755371094 0.015830039978027344 934791 335139
0.26754236221313477 0.016190767288208008 930656 337624
0.27570390701293945 0.015230655670166016 929185 338499
0.2709059715270996 0.015145540237426758 931319 337325
0.25847506523132324 0.015369415283203125 927775 339281
0.2663919925689697 0.015577316284179688 926368 340088
0.2656731605529785 0.01593184471130371 930216 337943
0.27312517166137695 0.01568746566772461 928688 338743
0.2637450695037842 0.015955448150634766 930669 337649
0.2645406723022461 0.016094207763671875 930660 337667
0.2808668613433838 0.016536474227905273 928418 339063
0.2659001350402832 0.016628026962280273 926061 340392
0.26600122451782227 0.01584482192993164 935212 334901
0.2619321346282959 0.01610875129699707 933362 336061
0.2643091678619385 0.015588998794555664 885389 362813
0.2653932571411133 0.014902591705322266 930792 337530
0.263336181640625 0.016170501708984375 937800 333160
0.26883411407470703 0.015633106231689453 922008 342671
0.2691152095794678 0.016366243362426758 938671 332525
0.2627830505371094 0.01583385467529297 936941 333884
0.2639658451080322 0.0158689022064209 929360 338284
0.27081847190856934 0.017081499099731445 938346 332766
0.27635836601257324 0.016753196716308594 937044 333627
0.27095651626586914 0.01681232452392578 936669 333846
0.27654170989990234 0.01581883430480957 935101 334852
0.279221773147583 0.015241384506225586 931260 337293
0.27638936042785645 0.015845298767089844 936985 333928
0.27977705001831055 0.017065763473510742 931140 337083
0.26348209381103516 0.016060352325439453 935302 334876
0.2648434638977051 0.01580524444580078 935933 334434
0.28278470039367676 0.01612377166748047 937796 333371
0.2679588794708252 0.016193628311157227 939448 332133
0.2784748077392578 0.015980243682861328 936466 334066
0.26858949661254883 0.016092538833618164 936759 333793
0.277956485748291 0.01631927490234375 935222 334784
0.27683401107788086 0.015648365020751953 930880 337295
0.26462602615356445 0.016170024871826172 936328 334137
0.26645541191101074 0.01555633544921875 931467 337069
0.27024412155151367 0.01579451560974121 935026 334981
0.2733118534088135 0.017006635665893555 936333 334031
0.2732391357421875 0.015435218811035156 931418 337008
0.27524518966674805 0.01585698127746582 926681 339778
0.27037549018859863 0.016202449798583984 940146 331469
0.27016139030456543 0.015588521957397461 938842 332287
0.2621603012084961 0.015836238861083984 883444 363482
0.2710258960723877 0.015626907348632812 928126 338962
0.265866756439209 0.015251874923706055 935214 334521
0.2656548023223877 0.01625967025756836 918672 344445
0.26619553565979004 0.015744924545288086 935937 334447
0.274094820022583 0.016883373260498047 938837 332381
0.27363014221191406 0.01604175567626953 900592 353937
0.27129077911376953 0.016160011291503906 878637 366231
0.2691073417663574 0.01572585105895996 926218 340264
0.27158570289611816 0.015439033508300781 934996 335007
0.266160249710083 0.016606569290161133 942555 330342
0.2742433547973633 0.017207860946655273 938630 332856
0.2731599807739258 0.015309333801269531 938438 332942
0.2656378746032715 0.015729427337646484 940352 331660
0.2780592441558838 0.0155792236328125 936588 334139
0.26507043838500977 0.015853404998779297 931128 337562
0.2684786319732666 0.01637101173400879 886958 362049
0.26338768005371094 0.015798330307006836 884484 363467
0.2656116485595703 0.015877962112426758 932937 336668
0.26393842697143555 0.015930652618408203 937833 333923
0.27088212966918945 0.017716646194458008 929705 338694
0.27066969871520996 0.015564441680908203 931743 337488
0.26454663276672363 0.015692710876464844 933219 336568
0.26642298698425293 0.015958309173583984 931728 337579
0.2673981189727783 0.01746821403503418 935491 335440
0.2673203945159912 0.015563249588012695 936580 334677
0.27228307723999023 0.015517711639404297 934769 335769
0.2719905376434326 0.0178372859954834 928348 339384
0.27294063568115234 0.01605510711669922 935259 335271
0.2840855121612549 0.015262126922607422 933663 336411
0.2677285671234131 0.016317367553710938 903343 353240
0.2765483856201172 0.016202926635742188 931259 337983
0.2691535949707031 0.01579737663269043 929797 338755
0.2693760395050049 0.01703810691833496 929207 338915
0.26840710639953613 0.01592540740966797 933094 336699
0.2686648368835449 0.015561580657958984 930958 337960
0.2697932720184326 0.016344070434570312 929110 339073
0.26634716987609863 0.016860246658325195 926397 340636
0.26399755477905273 0.016196727752685547 931437 337732
0.2652583122253418 0.01617598533630371 931525 337627
0.2613227367401123 0.015298128128051758 927010 340311
0.2616875171661377 0.015504598617553711 934641 332076
0.2643613815307617 0.01618814468383789 932046 333443
0.2667727470397949 0.016439199447631836 932862 332221
0.28094005584716797 0.0170443058013916 931524 333070
0.2686350345611572 0.016162395477294922 936677 329872
0.2722439765930176 0.01614236831665039 937420 329744
0.27211976051330566 0.01599860191345215 931647 333395
0.261214017868042 0.01648879051208496 924884 336884
0.26952457427978516 0.015624284744262695 931986 333629
0.2764124870300293 0.016749858856201172 925612 336993
0.2651669979095459 0.015617847442626953 886599 358092
0.26727890968322754 0.015674829483032227 925014 337305
0.2597341537475586 0.015831708908081055 926661 336370
0.2791597843170166 0.01638007164001465 931219 333157
0.265120267868042 0.016322612762451172 921923 338491
0.2785670757293701 0.0163266658782959 925243 336495
0.26691246032714844 0.016384363174438477 927581 335028
0.2659413814544678 0.015898466110229492 924035 337279
0.2787485122680664 0.016138315200805664 924358 337055
0.2613668441772461 0.01570868492126465 927638 335019
0.26993536949157715 0.016170501708984375 925621 336160
0.27274394035339355 0.019227266311645508 925806 335991
0.26331043243408203 0.016112565994262695 928458 334471
0.28186726570129395 0.016778230667114258 923479 337363
0.2718667984008789 0.016823291778564453 925879 335961
0.2735302448272705 0.0157163143157959 928336 334637
0.2601454257965088 0.018571138381958008 924938 336014
0.2630455493927002 0.015834808349609375 926090 335732
0.2825319766998291 0.016477108001708984 928435 334968
0.2693061828613281 0.01631760597229004 927734 334832
0.2791130542755127 0.01731085777282715 928857 334913
0.27295708656311035 0.016365766525268555 929792 333730
0.2664682865142822 0.016339778900146484 929640 334162
0.26656460762023926 0.015685319900512695 930784 333596
0.26786351203918457 0.0166778564453125 931349 333242
0.2614753246307373 0.015833616256713867 929208 334456
0.2725095748901367 0.015585660934448242 931060 333559
0.2599215507507324 0.016582727432250977 923671 337496
0.2653498649597168 0.016103029251098633 928768 335442
0.26991772651672363 0.016923189163208008 928637 335291
0.27026796340942383 0.01603078842163086 886910 358338
0.2746868133544922 0.016634702682495117 925916 336998
0.2749059200286865 0.017171621322631836 928241 335590
0.2706012725830078 0.017293453216552734 931917 333342
0.2753000259399414 0.015842199325561523 925888 337243
0.2632722854614258 0.016872406005859375 928072 336011
0.27161574363708496 0.015621662139892578 930745 334300
0.2750582695007324 0.017055988311767578 928043 335884
0.271665096282959 0.01613140106201172 928256 335729
0.2690753936767578 0.01709437370300293 931643 333711
0.26529550552368164 0.01606917381286621 927749 336224
0.2742750644683838 0.016209125518798828 926460 336799
0.266937255859375 0.01594066619873047 927672 335977
0.26190710067749023 0.016148805618286133 925712 337304
0.26833367347717285 0.016111135482788086 925331 337655
0.26959657669067383 0.017633914947509766 926711 336526
0.2723078727722168 0.01581883430480957 923732 338445
0.275773286819458 0.016402482986450195 923584 338503
0.26880741119384766 0.016742706298828125 926769 336385
0.26320600509643555 0.016759872436523438 925349 337490
0.266923189163208 0.015939712524414062 926649 336894
0.2685525417327881 0.01583552360534668 928324 335848
0.26702237129211426 0.015905380249023438 926063 336877
0.27372288703918457 0.017199039459228516 925576 337216
0.26642513275146484 0.015888214111328125 927500 335853
0.2698822021484375 0.017248153686523438 925551 337064
0.27833056449890137 0.016704797744750977 926523 336510
0.27306270599365234 0.015697717666625977 919428 340497
0.2601494789123535 0.016683340072631836 923897 338118
0.2643430233001709 0.015703678131103516 922333 338930
0.27824926376342773 0.016736268997192383 881620 361386
0.2799415588378906 0.016249418258666992 919376 340566
0.2731473445892334 0.016361474990844727 923689 338189
0.28064799308776855 0.01716017723083496 925826 336827
0.2640655040740967 0.01563429832458496 922362 338812
0.26358580589294434 0.01604747772216797 926177 336682
0.27465128898620605 0.01658797264099121 929245 334899
0.26697659492492676 0.016092538833618164 929973 334503
0.26722288131713867 0.016020536422729492 930552 334227
0.2779858112335205 0.01639842987060547 928579 335226
0.27225780487060547 0.016115903854370117 926072 336745
0.26585984230041504 0.015603303909301758 925506 337223
0.2713806629180908 0.016376256942749023 923844 338074
0.2652132511138916 0.015876054763793945 924719 337620
0.2745707035064697 0.0169832706451416 925986 337215
0.2607109546661377 0.015900611877441406 926671 336643
0.27396583557128906 0.01627039909362793 914537 343147
0.269212007522583 0.015542268753051758 914052 343477
0.2634434700012207 0.016570329666137695 918250 340893
0.2756040096282959 0.01695537567138672 925173 337293
0.27142882347106934 0.015972614288330078 923868 337829
0.2698836326599121 0.015522480010986328 927996 335453
0.2710390090942383 0.01660919189453125 932781 332782
0.26517248153686523 0.015627145767211914 934268 332095
0.2755560874938965 0.016023635864257812 933517 332187
0.27600526809692383 0.017331361770629883 934499 331592
0.2661588191986084 0.016064882278442383 923149 338355
0.26432299613952637 0.01581597328186035 913112 343770
0.27680540084838867 0.016429424285888672 919872 339959
0.2834956645965576 0.017311811447143555 916257 342189
0.26746606826782227 0.015857696533203125 876115 363891
0.2663133144378662 0.0158998966217041 919474 340145
0.274463415145874 0.017095088958740234 921636 338920
0.2678372859954834 0.016030550003051758 920049 339703
0.2811729907989502 0.01668858528137207 914661 342589
0.26074790954589844 0.015729665756225586 919520 339956
0.26502060890197754 0.016208887100219727 932215 332767
0.2608029842376709 0.016354799270629883 926226 336459
0.2779519557952881 0.01689743995666504 926805 336002
0.2719414234161377 0.015544652938842773 923595 337846
0.269864559173584 0.015830516815185547 916731 341655
0.2656712532043457 0.01624894142150879 914217 343273
0.27032995223999023 0.01718878746032715 915167 342563
0.26267075538635254 0.01578807830810547 913730 343570
0.26996922492980957 0.015758275985717773 913972 343651
0.2684817314147949 0.017699480056762695 915864 342474
0.27236270904541016 0.016715288162231445 920271 340308
0.26699280738830566 0.015813112258911133 925030 337251
0.268310546875 0.01701807975769043 927060 336207
0.2758951187133789 0.015954017639160156 922441 338921
0.26544690132141113 0.01685476303100586 922242 338835
0.26163625717163086 0.01583695411682129 922091 338821
0.2757101058959961 0.01676321029663086 920463 339837
0.2621426582336426 0.015204191207885742 920746 339682
0.27583789825439453 0.015942096710205078 917913 341252
0.2701418399810791 0.015889883041381836 917927 341281
0.262096643447876 0.015778541564941406 913826 343504
0.2762432098388672 0.016480445861816406 902405 349544
0.26802611351013184 0.015911579132080078 918242 341304
0.27542853355407715 0.015796899795532227 913623 343805
0.27043581008911133 0.01593637466430664 874597 365152
0.27640748023986816 0.016753673553466797 914491 343408
0.2701857089996338 0.019609689712524414 921160 339606
0.2663402557373047 0.016202688217163086 922758 338659
0.2755622863769531 0.015961647033691406 917308 341835
0.27392029762268066 0.01588749885559082 923949 337884
0.2616448402404785 0.016160249710083008 919848 340229
0.2841222286224365 0.01636672019958496 917504 341569
0.2690463066101074 0.0158541202545166 922915 337931
0.27350544929504395 0.01594853401184082 917272 341139
0.2637052536010742 0.01676011085510254 872817 365741
0.2658717632293701 0.016440629959106445 916485 341565
0.2703239917755127 0.016238927841186523 922505 338125
0.26904916763305664 0.01680159568786621 920632 339256
0.26788973808288574 0.016014575958251953 916387 341630
0.2644541263580322 0.016710996627807617 922878 337945
0.26839733123779297 0.016603469848632812 929894 333709
0.27220749855041504 0.01657390594482422 928052 334943
0.2734353542327881 0.016503572463989258 931390 333015
0.2665283679962158 0.015512228012084961 926424 335992
0.2707483768463135 0.01580953598022461 927011 335384
0.27415037155151367 0.016839265823364258 925043 336778
0.27028632164001465 0.01582503318786621 926329 336159
0.2664914131164551 0.01610708236694336 928703 334671
0.2714378833770752 0.016686201095581055 930461 333223
0.2750067710876465 0.01644444465637207 922880 337716
0.26227855682373047 0.015738964080810547 910599 344563
0.27738165855407715 0.017009973526000977 911202 344253
0.26617980003356934 0.016991138458251953 919840 339304
0.26502013206481934 0.016407251358032227 919409 339658
0.26808595657348633 0.01611781120300293 923989 337149
0.266951322555542 0.016385793685913086 921062 338690
0.26997995376586914 0.01664257049560547 915612 341897
0.2699120044708252 0.017765522003173828 914921 342391
0.26610398292541504 0.016208648681640625 915509 341829
0.2629728317260742 0.01665806770324707 916539 341367
0.2721412181854248 0.016637563705444336 913422 343043
0.27490782737731934 0.0166168212890625 912180 343818
0.2700161933898926 0.01624917984008789 915660 341894
0.2637314796447754 0.016812801361083984 912132 343903
0.26517581939697266 0.01587677001953125 919765 339469
0.2661173343658447 0.015651226043701172 917370 340975
0.27087950706481934 0.01790475845336914 919889 339582
0.25919055938720703 0.016176700592041016 920880 338821
0.26735448837280273 0.016298770904541016 919457 339598
0.2676727771759033 0.015825748443603516 919569 339604
0.2585902214050293 0.016056299209594727 904214 347959
0.28418803215026855 0.016613006591796875 917804 340760
0.2586843967437744 0.0159149169921875 913377 343107
0.2747344970703125 0.017333269119262695 870935 366153
0.2731287479400635 0.016241788864135742 916322 341421
0.26255202293395996 0.016401290893554688 918636 340161
0.27355051040649414 0.01658940315246582 918209 340161
0.26978206634521484 0.015160083770751953 911849 343804
0.26592469215393066 0.017284393310546875 916432 341108
0.2649233341217041 0.015877246856689453 932014 332462
0.2665536403656006 0.01612234115600586 931458 332849
0.28202223777770996 0.016668319702148438 932035 332457
0.27445244789123535 0.016675472259521484 929533 333854
0.27263498306274414 0.01568126678466797 922852 337861
0.2746877670288086 0.01889324188232422 925285 336342
0.2600071430206299 0.015823841094970703 916731 341156
0.2651031017303467 0.016802310943603516 918893 340188
0.2651073932647705 0.016275644302368164 922380 338285
0.2637827396392822 0.016158103942871094 919414 339749
0.26558732986450195 0.016321659088134766 919532 339773
0.26581335067749023 0.016078472137451172 925096 336765
0.27101659774780273 0.016447067260742188 929448 333958
0.26235270500183105 0.015737533569335938 920087 339446
0.2641313076019287 0.01642155647277832 925694 336370
0.27718448638916016 0.016341447830200195 920958 338843
0.26726794242858887 0.015808582305908203 921064 339027
0.26681041717529297 0.016335725784301758 918007 340573
0.2795391082763672 0.016165971755981445 922740 337732
0.26687002182006836 0.016075611114501953 958198 320916
0.26780056953430176 0.020647764205932617 969249 314005
0.26604676246643066 0.015877246856689453 971727 312451
0.27793383598327637 0.01642012596130371 973231 311419
0.26374149322509766 0.015736818313598633 971955 312199
0.2792322635650635 0.016092777252197266 972436 312013
0.2719898223876953 0.016262531280517578 973426 311231
0.27122950553894043 0.015926599502563477 968753 314254
0.2802572250366211 0.015810489654541016 975495 310239
0.2726607322692871 0.01521158218383789 972953 311664
0.27062463760375977 0.01734447479248047 966559 315737
0.2745823860168457 0.015461921691894531 973498 311395
0.26715779304504395 0.0167844295501709 972658 312173
0.2776646614074707 0.014969348907470703 972103 312282
0.2610206604003906 0.015300750732421875 973874 311311
0.26107025146484375 0.016792774200439453 974221 311012
0.2762181758880615 0.015848636627197266 976429 309681
0.2630188465118408 0.015535116195678711 968598 314456
0.26513051986694336 0.015659809112548828 945896 328259
0.2733485698699951 0.015807151794433594 973772 311371
0.26969218254089355 0.015709877014160156 974535 310939
0.27054262161254883 0.01618194580078125 973850 311107
0.27492284774780273 0.016021251678466797 976431 309706
0.26355743408203125 0.015048503875732422 973989 311094
0.2657897472381592 0.016198158264160156 982883 305862
0.2656996250152588 0.016200780868530273 975295 310413
0.274428129196167 0.01565265655517578 980981 306903
0.27252960205078125 0.015986919403076172 977741 308946
0.2691025733947754 0.01627039909362793 927958 337746
0.27234506607055664 0.016754865646362305 975484 310371
0.2710287570953369 0.015513420104980469 973934 311202
0.27306365966796875 0.01618647575378418 978169 308417
0.26979637145996094 0.016204357147216797 979949 307319
0.26624107360839844 0.016118764877319336 983674 304959
0.27139997482299805 0.01656651496887207 983417 305156
0.27256178855895996 0.016023635864257812 985002 304408
0.2831108570098877 0.015622138977050781 984069 304950
0.2744100093841553 0.015686511993408203 982508 305926
0.26619434356689453 0.015774250030517578 972127 312378
0.27089357376098633 0.017415285110473633 983574 305119
0.2660496234893799 0.015848636627197266 977817 308734
0.2691161632537842 0.01564812660217285 981836 306202
0.2669107913970947 0.01685643196105957 982524 305992
0.2710435390472412 0.017750978469848633 983371 305364
0.2766101360321045 0.01654958724975586 981134 306690
0.2718682289123535 0.016658544540405273 985558 303911
0.2778151035308838 0.016295671463012695 983302 305547
0.26633429527282715 0.016150474548339844 985463 304169
0.27648067474365234 0.016710281372070312 959990 319810
0.27549290657043457 0.016241073608398438 985166 304267
0.2703390121459961 0.01672673225402832 984594 304644
0.2705504894256592 0.016097545623779297 984256 304924
0.27126049995422363 0.016107559204101562 983965 304996
0.26425909996032715 0.015846729278564453 983889 305263
0.28021931648254395 0.015310287475585938 985662 303958
0.2648768424987793 0.01545095443725586 974785 310731
0.2665588855743408 0.015222787857055664 986168 303712
0.26775288581848145 0.016050100326538086 989089 302147
0.26482510566711426 0.01648569107055664 933636 334347
0.2778654098510742 0.0166473388671875 981767 306488
0.27100610733032227 0.01583719253540039 972238 312676
0.2685256004333496 0.015006780624389648 972188 312451
0.276278018951416 0.01620340347290039 984338 304868
0.2797675132751465 0.016666889190673828 986735 303604
0.26756978034973145 0.01583123207092285 972528 312079
0.28092098236083984 0.01506495475769043 990135 301922
0.27387499809265137 0.017225980758666992 986582 303559
0.27820682525634766 0.015994548797607422 986270 304020
0.27213239669799805 0.016556978225708008 987332 303567
0.2724189758300781 0.01645183563232422 980858 306953
0.26491403579711914 0.015607833862304688 973458 311810
0.2684354782104492 0.015867233276367188 983170 305812
0.266355037689209 0.015229225158691406 986522 304013
0.26409053802490234 0.016214847564697266 984184 305359
0.2732200622558594 0.016152620315551758 986598 304121
0.2702643871307373 0.01678156852722168 981384 306513
0.2639338970184326 0.016698122024536133 987346 303797
0.2724168300628662 0.01611781120300293 986731 303996
0.26369404792785645 0.01576972007751465 960424 319652
0.27661705017089844 0.017319917678833008 980819 307334
0.26426053047180176 0.016337156295776367 984481 305515
0.2637441158294678 0.015004634857177734 983851 305618
0.26534032821655273 0.015906572341918945 980871 307601
0.2726294994354248 0.01589655876159668 980847 307564
0.2693448066711426 0.015546083450317383 977663 309185
0.26836514472961426 0.016368627548217773 964522 316915
0.2655906677246094 0.01620173454284668 981208 307569
0.2645530700683594 0.01590871810913086 979064 308586
0.2722189426422119 0.017236709594726562 914673 345225
0.27518320083618164 0.016806602478027344 968111 314771
0.2823042869567871 0.016638755798339844 955067 322833
0.2658565044403076 0.017223834991455078 954508 323196
0.2698652744293213 0.0166623592376709 963933 317188
0.273237943649292 0.01602649688720703 967634 314761
0.2738649845123291 0.016501426696777344 959966 319470
0.26016998291015625 0.015850067138671875 971961 312397
0.27399206161499023 0.016152620315551758 967793 314762
0.27168965339660645 0.01613616943359375 965759 316074
0.27234625816345215 0.015790700912475586 961579 318422
0.283738374710083 0.015480279922485352 962109 317996
0.2796964645385742 0.016449689865112305 940405 331409
0.2597811222076416 0.015869855880737305 959953 319396
0.2778053283691406 0.0157315731048584 959935 319582
0.2667839527130127 0.0165252685546875 960971 318852
0.27558302879333496 0.016106605529785156 960257 319411
0.2738966941833496 0.016257047653198242 961124 318596
0.27192139625549316 0.015692472457885742 962388 317975
0.2824058532714844 0.016442298889160156 960775 319110
0.2645392417907715 0.015713214874267578 941022 330870
0.2697269916534424 0.015189647674560547 961250 318659
0.2711911201477051 0.01715397834777832 970141 313628
0.2685120105743408 0.015711069107055664 968454 314704
0.27431488037109375 0.015612125396728516 967493 315187
0.27457284927368164 0.01659846305847168 971306 313068
0.26577091217041016 0.016193628311157227 965905 315775
0.27238893508911133 0.01819300651550293 951279 325023
0.2629826068878174 0.01594233512878418 962232 318092
0.277388334274292 0.0162200927734375 960686 318985
0.27135205268859863 0.015794754028320312 904303 351191
0.26159238815307617 0.01663827896118164 961697 318490
0.26430273056030273 0.018201112747192383 944448 329161
0.2663891315460205 0.016263484954833984 952927 323750
0.278118371963501 0.015668153762817383 960709 318910
0.26580810546875 0.016115188598632812 960996 318781
0.2672295570373535 0.015035390853881836 957638 320938
0.285402774810791 0.01623249053955078 969846 313684
0.2775440216064453 0.017358064651489258 969632 313715
0.2749338150024414 0.015981435775756836 974110 311484
0.26468873023986816 0.015758514404296875 973960 311678
0.264707088470459 0.017572879791259766 972279 312328
0.2700319290161133 0.01627039909362793 952116 324316
0.2767972946166992 0.016796112060546875 974382 311137
0.2714996337890625 0.015941619873046875 975103 310807
0.2706339359283447 0.015760183334350586 973835 311483
0.2643239498138428 0.01609659194946289 974341 311121
0.2710127830505371 0.015618085861206055 974266 311195
0.2758524417877197 0.01679515838623047 971616 312647
0.2633960247039795 0.016417741775512695 973314 311755
0.2701137065887451 0.015928268432617188 950349 325465
0.260974645614624 0.015868663787841797 969649 313708
0.2746126651763916 0.01654529571533203 974175 311273
0.27414751052856445 0.01595926284790039 970971 313098
0.272899866104126 0.015804290771484375 971988 312497
0.2664628028869629 0.019289493560791016 971635 312740
0.26903295516967773 0.015378475189208984 968836 314151
0.2717118263244629 0.015855789184570312 959979 319506
0.2657463550567627 0.016374588012695312 970921 313237
0.2749979496002197 0.016316652297973633 969850 313618
0.2766692638397217 0.015629291534423828 911871 346855
0.26677703857421875 0.017110347747802734 964326 316856
0.27232933044433594 0.015828371047973633 945108 328700
0.2788271903991699 0.017484664916992188 954128 323021
0.2691044807434082 0.015546083450317383 968480 314527
0.26751065254211426 0.015992164611816406 969502 313707
0.27970027923583984 0.015230894088745117 963085 317488
0.2613554000854492 0.017721176147460938 973160 311983
0.27349138259887695 0.01638484001159668 973485 311681
0.2738606929779053 0.015655040740966797 972865 312113
0.2762928009033203 0.01642465591430664 971850 312717
0.2703826427459717 0.0166776180267334 969391 313992
0.26324963569641113 0.015851259231567383 946376 327941
0.2681088447570801 0.01564311981201172 971616 312845
0.2661597728729248 0.015714168548583984 970298 313540
0.27670860290527344 0.015459060668945312 969746 313737
0.2706899642944336 0.016074419021606445 969868 313845
0.26250195503234863 0.015998125076293945 972443 312308
0.26528453826904297 0.016429901123046875 969337 314115
0.2759532928466797 0.01635146141052246 969259 314162
0.26990342140197754 0.015117406845092773 941912 330513
0.26932263374328613 0.01639533042907715 970399 313653
0.2651538848876953 0.015522480010986328 971686 312817
0.26953768730163574 0.016170978546142578 970971 313162
0.2603764533996582 0.015758514404296875 970138 313536
0.27651309967041016 0.01581883430480957 971322 312947
0.26569533348083496 0.015436649322509766 968448 314310
0.276141881942749 0.016785383224487305 956541 321612
0.27132463455200195 0.016024351119995117 968775 314324
0.26886701583862305 0.016904354095458984 968140 314583
0.2736949920654297 0.015980958938598633 919588 342748
0.26668500900268555 0.015919208526611328 966633 315480
0.2690310478210449 0.01687026023864746 937215 333094
0.2763209342956543 0.017352819442749023 965523 316120
0.27198004722595215 0.015842437744140625 968145 314794
0.2694532871246338 0.01593923568725586 970715 313351
0.2664670944213867 0.015691757202148438 960189 319264
0.2696363925933838 0.016117095947265625 972276 312450
0.268343448638916 0.015404939651489258 972717 312010
0.2625911235809326 0.015752553939819336 972484 312220
0.2746403217315674 0.016141176223754883 974709 311261
0.26641225814819336 0.01641392707824707 970077 313569
0.27240848541259766 0.016272544860839844 949169 326212
0.2705721855163574 0.016686677932739258 972532 312196
0.2720968723297119 0.016699552536010742 972960 311884
0.2660350799560547 0.016329050064086914 974716 311034
0.2703549861907959 0.01559591293334961 975410 310550
0.2648329734802246 0.015984773635864258 975591 310483
0.2673187255859375 0.016007423400878906 969568 313634
0.2617058753967285 0.015371322631835938 969606 313692
0.2717461585998535 0.016713380813598633 952834 323942
0.2676095962524414 0.016768693923950195 965301 316289
0.27363109588623047 0.016078948974609375 987769 302957
0.2688453197479248 0.015379905700683594 986080 303961
0.26921916007995605 0.01614999771118164 988569 302449
0.2688779830932617 0.0162506103515625 990800 301289
0.27210474014282227 0.015715837478637695 992158 300647
0.27332639694213867 0.015428543090820312 988100 302879
0.27008986473083496 0.015786170959472656 993466 299827
0.27473926544189453 0.016636133193969727 985801 304317
0.26821064949035645 0.01500558853149414 984048 305198
0.2682974338531494 0.01868891716003418 988861 302334
0.266918420791626 0.01592111587524414 980485 307543
0.26917147636413574 0.016133546829223633 984893 304676
0.27095484733581543 0.015834808349609375 987237 303298
0.2644033432006836 0.015546798706054688 987460 303101
0.2691986560821533 0.015487194061279297 993886 299693
0.2750699520111084 0.0163881778717041 992733 300252
0.2794981002807617 0.016166210174560547 991355 300979
0.26674628257751465 0.017657995223999023 993082 300169
0.26903605461120605 0.016199588775634766 993141 300048
0.2863490581512451 0.01650238037109375 985160 304404
0.26670002937316895 0.015815258026123047 983599 305401
0.27030014991760254 0.01615118980407715 981884 306551
0.26877593994140625 0.01554560661315918 982251 306236
0.2673532962799072 0.016453266143798828 979825 307857
0.2822279930114746 0.01619267463684082 983655 305474
0.27443742752075195 0.015777587890625 983749 305387
0.2797515392303467 0.0160524845123291 980096 307882
0.2657632827758789 0.01571035385131836 988604 302388
0.2653841972351074 0.01611781120300293 990091 301608
0.27066874504089355 0.015511512756347656 985160 304576
0.26457977294921875 0.016037702560424805 985117 304645
0.2687547206878662 0.015921354293823242 987240 303212
0.2743818759918213 0.016649723052978516 983105 305913
0.2755618095397949 0.016343355178833008 982984 305920
0.274782657623291 0.016171932220458984 979818 307846
0.27953648567199707 0.016087055206298828 981216 306987
0.2706949710845947 0.01674795150756836 978470 308510
0.26802730560302734 0.016489028930664062 982814 305881
0.26705121994018555 0.015571117401123047 988651 302812
0.27384018898010254 0.015789508819580078 980001 307775
0.26613736152648926 0.015627384185791016 981236 306896
0.2680201530456543 0.016215085983276367 981752 306570
0.26676297187805176 0.015507221221923828 983025 305783
0.2671675682067871 0.0164186954498291 980369 307538
0.27092862129211426 0.015588998794555664 981795 306490
0.2666497230529785 0.016220808029174805 981713 306690
0.2739908695220947 0.01632833480834961 977729 309133
0.2686445713043213 0.015935182571411133 984124 305257
0.27123379707336426 0.015923738479614258 990566 301754
0.2867882251739502 0.016467809677124023 986200 303963
0.27329325675964355 0.016098976135253906 986462 304423
0.2808051109313965 0.016655445098876953 987129 303950
0.2795400619506836 0.019237279891967773 983171 306174
0.27010250091552734 0.016193628311157227 985199 305045
0.27979421615600586 0.015421867370605469 980713 307534
0.2810664176940918 0.01703667640686035 980595 307636
0.2665824890136719 0.016431331634521484 981086 307147
0.28047823905944824 0.018361806869506836 981212 307220
0.26991844177246094 0.016832828521728516 984205 305447
0.2882542610168457 0.01678633689880371 985273 304862
0.26775550842285156 0.015662193298339844 983372 305733
0.2720661163330078 0.015899658203125 984070 305442
0.2786405086517334 0.015426158905029297 982669 306148
0.26360559463500977 0.01616358757019043 987725 303586
0.27314066886901855 0.01568889617919922 988180 303231
0.26651740074157715 0.016307592391967773 988434 303076
0.26929163932800293 0.01563286781311035 988880 302859
0.2816345691680908 0.017821550369262695 990129 302114
0.2614436149597168 0.01626300811767578 988304 303389
0.27889156341552734 0.015750885009765625 989707 302486
0.27140378952026367 0.0160372257232666 986050 304492
0.26999902725219727 0.015768766403198242 985587 304720
0.27046847343444824 0.015572786331176758 976786 309938
0.2709684371948242 0.016092538833618164 997085 298336
0.27707743644714355 0.015459775924682617 993581 300307
0.26933836936950684 0.01704096794128418 993234 300467
0.2665541172027588 0.016377687454223633 992630 300844
0.2715873718261719 0.01541757583618164 999402 296933
0.26760053634643555 0.016415834426879883 997064 298337
0.2669863700866699 0.016275405883789062 999444 296791
0.26631808280944824 0.016114234924316406 998169 297772
0.27223896980285645 0.01643204689025879 998514 297315
0.27340054512023926 0.016134262084960938 967962 315355
0.2749752998352051 0.015901803970336914 961988 319291
0.2696502208709717 0.01628851890563965 991568 301920
0.2694361209869385 0.016728878021240234 1009114 291310
0.26783204078674316 0.015567541122436523 981175 308257
0.27315664291381836 0.016286373138427734 996996 298860
0.26285862922668457 0.01627039909362793 974324 311862
0.27106308937072754 0.01566147804260254 976232 310808
0.27063989639282227 0.017678260803222656 981667 307900
0.27634596824645996 0.016679763793945312 990714 302621
0.2711000442504883 0.014917612075805664 989713 303307
0.2688882350921631 0.015314102172851562 985273 305821
0.27371883392333984 0.01661396026611328 995845 299668
0.2735288143157959 0.016889095306396484 992249 301715
0.2746453285217285 0.016396045684814453 960867 320169
0.27806520462036133 0.015591859817504883 1001150 296092
0.2705564498901367 0.015908241271972656 991631 301943
0.2798159122467041 0.0167691707611084 985992 305131
0.2759523391723633 0.014828681945800781 1003643 294577
0.27294111251831055 0.015909671783447266 1005796 293317
0.2660801410675049 0.0158846378326416 969693 314392
0.2627420425415039 0.015458106994628906 1005311 293665
0.2659327983856201 0.015405893325805664 1006377 292928
0.27193427085876465 0.015660524368286133 1008030 291886
0.2765836715698242 0.016362428665161133 1005381 293505
0.2700350284576416 0.01604437828063965 1010436 290516
0.27805447578430176 0.01581716537475586 1008819 291323
0.27002429962158203 0.016817808151245117 1009773 290868
0.2770254611968994 0.016043663024902344 1003111 294743
0.2633497714996338 0.016446590423583984 1008988 291302
0.2682802677154541 0.016422510147094727 1016079 286845
0.2710456848144531 0.015533685684204102 1010262 290349
0.27997875213623047 0.015949249267578125 1007766 292033
0.27521586418151855 0.015817880630493164 1006915 292653
0.2754642963409424 0.01634526252746582 1003018 294974
0.268221378326416 0.016317367553710938 1005110 293414
0.2844860553741455 0.01685309410095215 1006354 292982
0.2675158977508545 0.016546249389648438 1003556 294668
0.27195215225219727 0.016572237014770508 1005171 293624
0.27388739585876465 0.017377614974975586 1007506 292223
0.2698218822479248 0.016520261764526367 1007939 291798
0.2727975845336914 0.016118764877319336 1000667 296153
0.2694995403289795 0.015473127365112305 1008085 291733
0.2749664783477783 0.016542673110961914 1009532 290642
0.265810489654541 0.015877723693847656 974334 311522
0.2712252140045166 0.016052961349487305 1004555 293797
0.27352142333984375 0.015868186950683594 993630 300385
0.2644646167755127 0.01520681381225586 992281 301007
0.2826406955718994 0.016872644424438477 1005607 293346
0.2776806354522705 0.016493558883666992 1007042 292397
0.277329683303833 0.01570868492126465 978718 308777
0.27784180641174316 0.0160520076751709 1008474 291395
0.2637488842010498 0.015276432037353516 1005218 293382
0.2669060230255127 0.016748905181884766 1011666 289679
0.26387786865234375 0.015939950942993164 1007742 292265
0.2657184600830078 0.014863014221191406 1007450 292174
0.26865434646606445 0.01566624641418457 1008347 291542
0.2786257266998291 0.015610218048095703 1007985 291674
0.2678389549255371 0.015726566314697266 1012206 289087
0.2662646770477295 0.01578807830810547 1013689 288182
0.26619935035705566 0.015777111053466797 1007743 291642
0.27297329902648926 0.016160011291503906 1012574 288732
0.2805006504058838 0.017589092254638672 1010293 290101
0.2620105743408203 0.016405105590820312 1013490 288000
0.26398134231567383 0.015127897262573242 1007680 291804
0.27869367599487305 0.01721477508544922 1006610 292272
0.2709770202636719 0.017062902450561523 1006942 292232
0.27311205863952637 0.016571044921875 1006026 292851
0.26834654808044434 0.015564441680908203 1013021 288749
0.2709808349609375 0.016636133193969727 1012763 288713
0.26598644256591797 0.01568603515625 1012217 289226
0.2698969841003418 0.016108036041259766 1002558 295062
0.2676119804382324 0.015515327453613281 1013429 288442
0.2743806838989258 0.015757083892822266 1014297 287970
0.2735574245452881 0.016927242279052734 977076 309926
0.2739067077636719 0.015033483505249023 1009000 290989
0.28633594512939453 0.015365362167358398 1006727 292526
0.27489304542541504 0.016286134719848633 1002819 294619
0.2640259265899658 0.014782190322875977 1014712 287506
0.276172399520874 0.015214681625366211 1016569 286389
0.2698807716369629 0.016504764556884766 997632 297539
0.27321839332580566 0.015644073486328125 1019894 284193
0.2777893543243408 0.0172579288482666 1014218 287600
0.267261266708374 0.015417098999023438 1014799 287222
0.2714412212371826 0.01646113395690918 1011901 289236
0.27257370948791504 0.015600204467773438 1003871 293841
0.2688915729522705 0.01631784439086914 1003214 294295
0.2660183906555176 0.01599597930908203 1002609 294931
0.26973867416381836 0.016667604446411133 1001238 295655
0.27657222747802734 0.016225576400756836 1003403 294492
0.2793107032775879 0.016469717025756836 1001406 295735
0.2657051086425781 0.015618085861206055 1004663 293776
0.2773003578186035 0.015833139419555664 1000347 296219
0.2719409465789795 0.01649785041809082 998228 297634
0.2681856155395508 0.015563249588012695 996824 298364
0.26324915885925293 0.016453266143798828 995965 299000
0.27088499069213867 0.015622615814208984 1006106 292738
0.27881622314453125 0.01589369773864746 1004422 293825
0.27437448501586914 0.01717090606689453 1005846 293099
0.28086280822753906 0.015643596649169922 999321 297110
0.27164196968078613 0.016186237335205078 996591 298562
0.2660961151123047 0.016095638275146484 999998 296634
0.2812023162841797 0.017188310623168945 1000404 296343
0.26290035247802734 0.015068769454956055 998591 297528
0.2669236660003662 0.015799522399902344 999275 297000
0.272916316986084 0.015618562698364258 993368 300443
0.2636740207672119 0.016260862350463867 997908 297818
0.2720644474029541 0.015080451965332031 995233 299424
0.26561403274536133 0.015317916870117188 1001613 295615
0.2623636722564697 0.015610694885253906 998360 297562
0.2671511173248291 0.015854358673095703 1000649 296180
0.2697575092315674 0.01571369171142578 993809 299886
0.27371931076049805 0.01702117919921875 999629 296808
0.26403069496154785 0.015558719635009766 1000178 296450
