0.12503623962402344 0.023849964141845703 93872 0
0.12855315208435059 0.022500276565551758 93672 0
0.12766456604003906 0.022743940353393555 96946 0
0.12261247634887695 0.021490812301635742 94474 0
0.12459063529968262 0.021749496459960938 97500 0
0.12037348747253418 0.022805452346801758 98614 0
0.12164092063903809 0.022215843200683594 98436 0
0.13059067726135254 0.024091720581054688 98220 0
0.12131118774414062 0.021843671798706055 97684 0
0.12125563621520996 0.023169517517089844 98112 0
0.13093328475952148 0.022112607955932617 95210 0
0.11903643608093262 0.021387577056884766 93030 0
0.12677383422851562 0.022528886795043945 97884 0
0.11954665184020996 0.021222829818725586 95612 0
0.1191558837890625 0.021254301071166992 78288 0
0.12649798393249512 0.021404027938842773 94962 0
0.1228036880493164 0.023097753524780273 91194 0
0.12107133865356445 0.024540424346923828 88530 0
0.11954784393310547 0.02243661880493164 84048 0
0.12304520606994629 0.021161556243896484 90770 0
0.11968541145324707 0.02162480354309082 91242 0
0.12002372741699219 0.019896984100341797 88458 0
0.12086939811706543 0.024333477020263672 93036 0
0.12995100021362305 0.02497386932373047 97014 0
0.12843823432922363 0.022855043411254883 97496 0
0.1288306713104248 0.023213624954223633 96448 0
0.118194580078125 0.023387670516967773 86972 0
0.12065362930297852 0.021514177322387695 95176 0
0.12032532691955566 0.021390438079833984 95660 0
0.11983704566955566 0.023149728775024414 90528 0
0.13177227973937988 0.022156476974487305 95622 0
0.12925148010253906 0.021410226821899414 97306 0
0.12775206565856934 0.02249908447265625 92362 0
0.12464737892150879 0.023127317428588867 94900 0
0.11927318572998047 0.020989418029785156 88144 0
0.12060904502868652 0.02198314666748047 96624 0
0.12829995155334473 0.021592140197753906 103914 0
0.12180161476135254 0.02204108238220215 99540 0
0.12696242332458496 0.02206897735595703 101654 0
0.12260246276855469 0.022608518600463867 96308 0
0.12233352661132812 0.02221369743347168 90044 0
0.1221926212310791 0.02112436294555664 92756 0
0.12171292304992676 0.021838665008544922 98942 0
0.1281735897064209 0.024605512619018555 98774 0
0.12468814849853516 0.022231578826904297 84764 0
0.12259435653686523 0.02104020118713379 97610 0
0.1252758502960205 0.021912813186645508 99474 0
0.12115001678466797 0.02214813232421875 97612 0
0.12560439109802246 0.021531105041503906 99120 0
0.12940764427185059 0.021775245666503906 98848 0
0.12399053573608398 0.021288394927978516 97858 0
0.1324467658996582 0.02214789390563965 99290 0
0.12563371658325195 0.022276639938354492 98182 0
0.12350153923034668 0.021666526794433594 99036 0
0.12185001373291016 0.022796154022216797 99142 0
0.12420821189880371 0.02257561683654785 99826 0
0.1259932518005371 0.021664857864379883 100044 0
0.1236579418182373 0.022364377975463867 99954 0
0.12154030799865723 0.02313685417175293 100282 0
0.12404966354370117 0.023503541946411133 100640 0
0.12461972236633301 0.02290201187133789 98212 0
0.12118148803710938 0.021412134170532227 98362 0
0.12636256217956543 0.022880077362060547 98014 0
0.12475204467773438 0.0225985050201416 96700 0
0.13060331344604492 0.02145099639892578 92860 0
0.11960816383361816 0.023912668228149414 97236 0
0.12742161750793457 0.021053552627563477 97792 0
0.1278688907623291 0.023065805435180664 98798 0
0.12730765342712402 0.02245616912841797 97962 0
0.12164187431335449 0.021937131881713867 96888 0
0.12550044059753418 0.021164655685424805 95542 0
0.12409019470214844 0.021538257598876953 91328 0
0.12050199508666992 0.021733522415161133 97004 0
0.12101912498474121 0.020998716354370117 94782 0
0.11515116691589355 0.02064967155456543 78956 0
0.1207578182220459 0.021289587020874023 96470 0
0.12295055389404297 0.02349686622619629 95040 0
0.12635231018066406 0.02197885513305664 91212 0
0.12314391136169434 0.022224903106689453 92118 0
0.12356710433959961 0.021828174591064453 92178 0
0.12098455429077148 0.021643638610839844 96140 0
0.12533020973205566 0.022071361541748047 96626 0
0.12101149559020996 0.0228729248046875 93888 0
0.12562799453735352 0.0215914249420166 93802 0
0.12117958068847656 0.02259969711303711 96608 0
0.12459182739257812 0.022772789001464844 96446 0
0.12632346153259277 0.0238189697265625 89824 0
0.12006783485412598 0.02175736427307129 96308 0
0.12196135520935059 0.023542165756225586 96868 0
0.11999845504760742 0.0229337215423584 97494 0
0.12378621101379395 0.022782325744628906 95862 0
0.12237668037414551 0.02199864387512207 96196 0
0.12250566482543945 0.02254176139831543 96060 0
0.12452936172485352 0.0221707820892334 91416 0
0.11967802047729492 0.021695375442504883 96602 0
0.12317943572998047 0.022803544998168945 96206 0
0.11613249778747559 0.021565914154052734 78532 0
0.1295185089111328 0.022186994552612305 97224 0
0.12045526504516602 0.021854400634765625 97220 0
0.13036489486694336 0.020570993423461914 90810 0
0.12549805641174316 0.02248382568359375 94440 0
0.12892746925354004 0.023752927780151367 95836 0
0.12152290344238281 0.02157735824584961 95808 0
0.12495017051696777 0.024881362915039062 99834 0
0.13106918334960938 0.0221099853515625 98994 0
0.13105106353759766 0.024344444274902344 98090 0
0.13020992279052734 0.02158045768737793 98768 0
0.13276267051696777 0.02329564094543457 99656 0
0.12892365455627441 0.023183345794677734 99486 0
0.12917351722717285 0.022927045822143555 99142 0
0.12027692794799805 0.021863222122192383 99088 0
0.1218571662902832 0.021410703659057617 98880 0
0.13001155853271484 0.023420333862304688 98258 0
0.1226646900177002 0.02382826805114746 99428 0
0.12389540672302246 0.023406505584716797 96532 0
0.12987875938415527 0.024057865142822266 98570 0
0.1212613582611084 0.021960735321044922 87582 0
0.12058663368225098 0.021863460540771484 98346 0
0.12449240684509277 0.022376060485839844 97824 0
0.12049984931945801 0.02104949951171875 99096 0
0.1318070888519287 0.0234372615814209 96610 0
0.1250779628753662 0.02238917350769043 97336 0
0.12690019607543945 0.026530742645263672 95944 0
0.12066078186035156 0.023151636123657227 93368 0
0.13250112533569336 0.026128768920898438 97028 0
0.12495923042297363 0.021498918533325195 97150 0
0.11977028846740723 0.022316455841064453 81044 0
0.12262606620788574 0.021500587463378906 94598 0
0.12443780899047852 0.02349066734313965 84352 0
0.1259779930114746 0.022482872009277344 86716 0
0.12058544158935547 0.02297520637512207 89092 0
0.12077903747558594 0.022118330001831055 91678 0
0.12473726272583008 0.02172708511352539 87070 0
0.12187314033508301 0.02234959602355957 92848 0
0.12249636650085449 0.02200913429260254 95108 0
0.12032389640808105 0.021791934967041016 97208 0
0.12764787673950195 0.02475285530090332 96154 0
0.12658166885375977 0.022537946701049805 96940 0
0.12653279304504395 0.023118972778320312 95672 0
0.12435650825500488 0.023026704788208008 96728 0
0.12594270706176758 0.02208733558654785 98462 0
0.1278238296508789 0.02315354347229004 99390 0
0.12745237350463867 0.021669864654541016 97718 0
0.12394094467163086 0.021307706832885742 97326 0
0.12089776992797852 0.02172708511352539 96068 0
0.1276400089263916 0.02273249626159668 102718 0
0.12865924835205078 0.02307891845703125 98930 0
0.1282355785369873 0.022394180297851562 97220 0
0.12076091766357422 0.026487350463867188 92930 0
0.12108302116394043 0.023005247116088867 94296 0
0.13201642036437988 0.021733522415161133 99038 0
0.12246322631835938 0.02261972427368164 105254 0
0.12418937683105469 0.024654626846313477 104092 0
0.12251424789428711 0.023092031478881836 102182 0
0.12685561180114746 0.023105859756469727 101624 0
0.12387657165527344 0.022287368774414062 99036 0
0.11844277381896973 0.021030426025390625 80942 0
0.1295604705810547 0.022899627685546875 95894 0
0.12015366554260254 0.021732330322265625 97130 0
0.12956547737121582 0.021060705184936523 88384 0
0.12157392501831055 0.022681474685668945 88048 0
0.12503886222839355 0.022411346435546875 89278 0
0.11923003196716309 0.021431922912597656 87748 0
0.12462019920349121 0.02181100845336914 89168 0
0.1215524673461914 0.02272343635559082 96130 0
0.12688207626342773 0.022756576538085938 91392 0
0.12360668182373047 0.02182602882385254 90782 0
0.12580585479736328 0.023214340209960938 98172 0
0.11978459358215332 0.021185874938964844 94538 0
0.1255967617034912 0.021908044815063477 101790 0
0.12197661399841309 0.023190021514892578 93740 0
0.12338805198669434 0.021724224090576172 100138 0
0.12763524055480957 0.02237701416015625 100200 0
0.12503743171691895 0.02383136749267578 100782 0
0.12865805625915527 0.02262282371520996 99798 0
0.12596702575683594 0.022517681121826172 100244 0
0.12134313583374023 0.024103403091430664 95242 0
0.1285390853881836 0.02214336395263672 101262 0
0.12336564064025879 0.02332472801208496 101736 0
0.12269973754882812 0.02439093589782715 101964 0
0.12375164031982422 0.02205371856689453 100112 0
0.12029123306274414 0.022154808044433594 99040 0
0.1238241195678711 0.022481918334960938 100192 0
0.12125778198242188 0.022502660751342773 95674 0
0.12296485900878906 0.02266097068786621 99428 0
0.12123465538024902 0.021346092224121094 99228 0
0.11690235137939453 0.019825458526611328 81654 0
0.1293182373046875 0.023402929306030273 99998 0
0.12863779067993164 0.024707555770874023 100666 0
0.12485265731811523 0.022216081619262695 95342 0
0.1216590404510498 0.022797584533691406 97674 0
0.12375450134277344 0.02370452880859375 98386 0
0.12212347984313965 0.02425861358642578 99722 0
0.12335586547851562 0.021469593048095703 99324 0
0.12447118759155273 0.021411418914794922 99436 0
0.1227867603302002 0.02236008644104004 98964 0
0.12387752532958984 0.023460865020751953 99416 0
0.12650084495544434 0.021898508071899414 100052 0
0.12189245223999023 0.023169755935668945 99600 0
0.12023639678955078 0.022136449813842773 98388 0
0.12437987327575684 0.02341938018798828 95024 0
0.11808252334594727 0.020166873931884766 82774 0
0.1249701976776123 0.022037744522094727 78976 0
0.11985111236572266 0.02044963836669922 81082 0
0.12006926536560059 0.020801544189453125 80956 0
0.11880016326904297 0.021845340728759766 81604 0
0.11876583099365234 0.02083897590637207 81670 0
0.12418103218078613 0.022309541702270508 82870 0
0.11728811264038086 0.021673917770385742 83952 0
0.12402534484863281 0.02173328399658203 83720 0
0.11810088157653809 0.02110886573791504 81516 0
0.12132382392883301 0.020630598068237305 83364 0
0.11691999435424805 0.021218061447143555 82862 0
0.11875557899475098 0.02224898338317871 81468 0
0.1159219741821289 0.020145654678344727 81940 0
0.11793160438537598 0.020441532135009766 80864 0
0.11818408966064453 0.020617961883544922 81066 0
0.11373758316040039 0.019566774368286133 73660 0
0.11722016334533691 0.020294904708862305 82606 0
0.12355160713195801 0.019956111907958984 82698 0
0.12002992630004883 0.02075648307800293 83268 0
0.11888504028320312 0.019419431686401367 82898 0
0.11963129043579102 0.02274608612060547 82640 0
0.12249088287353516 0.021843671798706055 83130 0
0.12029051780700684 0.020253419876098633 83742 0
0.11657929420471191 0.022576093673706055 82848 0
0.11637425422668457 0.020391464233398438 82664 0
0.12298846244812012 0.02240586280822754 82284 0
0.11760878562927246 0.020364046096801758 82136 0
0.116241455078125 0.02198195457458496 82512 0
0.11615872383117676 0.020200729370117188 81638 0
0.11724591255187988 0.0219571590423584 81446 0
0.11612462997436523 0.021303176879882812 81474 0
0.11626672744750977 0.020104408264160156 81716 0
0.11684322357177734 0.020902633666992188 84114 0
0.12007999420166016 0.021583080291748047 82572 0
0.11622810363769531 0.020737171173095703 82434 0
0.12059950828552246 0.021669626235961914 82146 0
0.1168057918548584 0.020353078842163086 82062 0
0.12548589706420898 0.021068572998046875 82084 0
0.11890625953674316 0.021537303924560547 81128 0
0.11633419990539551 0.021660566329956055 81528 0
0.12040925025939941 0.022299766540527344 81974 0
0.12257742881774902 0.021399259567260742 81176 0
0.11669611930847168 0.020267486572265625 82636 0
0.11881184577941895 0.020566940307617188 81424 0
0.12252521514892578 0.021071672439575195 81262 0
0.11394238471984863 0.020430564880371094 72110 0
0.1252760887145996 0.021920442581176758 81124 0
0.11749529838562012 0.02152109146118164 81352 0
0.11596155166625977 0.020554304122924805 82018 0
0.1157381534576416 0.021379470825195312 81544 0
0.11847114562988281 0.0211944580078125 81414 0
0.11869025230407715 0.020676851272583008 81868 0
0.1176445484161377 0.02049732208251953 82600 0
0.1182858943939209 0.020969629287719727 82932 0
0.12180089950561523 0.022101402282714844 82834 0
0.11461257934570312 0.02000284194946289 81258 0
0.1142580509185791 0.021216392517089844 80580 0
0.12308549880981445 0.023342370986938477 79802 0
0.11412572860717773 0.021305084228515625 80372 0
0.11742711067199707 0.02030777931213379 80556 0
0.12046313285827637 0.025238990783691406 81214 0
0.11834478378295898 0.020652055740356445 81074 0
0.12241649627685547 0.022237777709960938 82730 0
0.12124848365783691 0.02067708969116211 82594 0
0.11603379249572754 0.020399808883666992 82382 0
0.12292337417602539 0.02130579948425293 82556 0
0.1147911548614502 0.021047592163085938 82818 0
0.1182243824005127 0.02031850814819336 82312 0
0.12103962898254395 0.0206756591796875 81298 0
0.11689019203186035 0.021444082260131836 81724 0
0.11998367309570312 0.020787477493286133 81786 0
0.12123775482177734 0.022505998611450195 88960 0
0.12044262886047363 0.02276921272277832 88296 0
0.1231231689453125 0.021425485610961914 83442 0
0.12651562690734863 0.025580883026123047 97180 0
0.11927485466003418 0.02321028709411621 90666 0
0.12264132499694824 0.022128582000732422 96788 0
0.12132382392883301 0.021343469619750977 93630 0
0.11922144889831543 0.022200345993041992 88602 0
0.11904573440551758 0.021097421646118164 90302 0
0.11965274810791016 0.021158456802368164 90168 0
0.12448382377624512 0.02133655548095703 90362 0
0.11789083480834961 0.02043747901916504 88288 0
0.12546849250793457 0.023557186126708984 87540 0
0.12274527549743652 0.021388530731201172 83072 0
0.12253236770629883 0.022185802459716797 83424 0
0.11542654037475586 0.0200958251953125 79714 0
0.12182283401489258 0.022841215133666992 82434 0
0.11777353286743164 0.02057957649230957 82808 0
0.12118005752563477 0.02167654037475586 81462 0
0.1172945499420166 0.019468307495117188 81578 0
0.11766910552978516 0.02052164077758789 81978 0
0.11518549919128418 0.02099442481994629 81502 0
0.11622166633605957 0.020107746124267578 82020 0
0.12715649604797363 0.021266460418701172 82930 0
0.12256193161010742 0.021117448806762695 83522 0
0.12678050994873047 0.0217592716217041 84718 0
0.1178278923034668 0.01935267448425293 70824 0
0.11882925033569336 0.02160811424255371 83588 0
0.12216448783874512 0.021690845489501953 85310 0
0.1202244758605957 0.020114898681640625 81920 0
0.11733412742614746 0.020232677459716797 83998 0
0.12231206893920898 0.020638465881347656 84906 0
0.12317252159118652 0.022350072860717773 83424 0
0.12305188179016113 0.022457361221313477 84312 0
0.11673212051391602 0.020903587341308594 83600 0
0.11872577667236328 0.020671606063842773 83840 0
0.1280498504638672 0.02103590965270996 82858 0
0.12090158462524414 0.021047115325927734 81812 0
0.12540316581726074 0.02109837532043457 82274 0
0.1185457706451416 0.021831274032592773 82548 0
0.11754798889160156 0.021227598190307617 83442 0
0.11993980407714844 0.02041935920715332 83464 0
0.1177208423614502 0.020330190658569336 84412 0
0.1188821792602539 0.02131795883178711 83692 0
0.11562466621398926 0.020811080932617188 82470 0
0.11675286293029785 0.0204312801361084 83772 0
0.11953902244567871 0.020665645599365234 83040 0
0.1168680191040039 0.021481752395629883 82530 0
0.11817479133605957 0.020687103271484375 82450 0
0.11891746520996094 0.021120786666870117 82424 0
0.11560297012329102 0.021477460861206055 82374 0
0.11992788314819336 0.02161264419555664 82634 0
0.11549854278564453 0.02071404457092285 82072 0
0.1161191463470459 0.02206873893737793 81170 0
0.1228325366973877 0.020604610443115234 83204 0
0.11709976196289062 0.020412445068359375 83790 0
0.11140799522399902 0.019637584686279297 69574 0
0.11982583999633789 0.02106761932373047 82186 0
0.11722755432128906 0.02128314971923828 84834 0
0.11555051803588867 0.022371530532836914 80180 0
0.12280106544494629 0.021673917770385742 85644 0
0.11893415451049805 0.02089381217956543 84584 0
0.11714744567871094 0.028080224990844727 83000 0
0.11594915390014648 0.020241737365722656 85138 0
0.12125182151794434 0.021718978881835938 84440 0
0.1181192398071289 0.021039962768554688 84256 0
0.12167239189147949 0.022496461868286133 83970 0
0.11750650405883789 0.019657373428344727 82738 0
0.11626863479614258 0.021025419235229492 84182 0
0.11635875701904297 0.020585298538208008 82500 0
0.11855268478393555 0.020934343338012695 83166 0
0.11845779418945312 0.02075481414794922 83794 0
0.11850881576538086 0.020809412002563477 83802 0
0.11795687675476074 0.023401498794555664 84612 0
0.11845922470092773 0.021263837814331055 83756 0
0.11909914016723633 0.022226810455322266 84022 0
0.11762213706970215 0.02074122428894043 82746 0
0.12202978134155273 0.02212047576904297 82748 0
0.11496257781982422 0.021092891693115234 83934 0
0.1154482364654541 0.02093505859375 81912 0
0.1184091567993164 0.02020120620727539 83568 0
0.11705732345581055 0.021271944046020508 84082 0
0.11772561073303223 0.02119612693786621 82826 0
0.11658430099487305 0.020022153854370117 80654 0
0.12186670303344727 0.021290063858032227 83840 0
0.1183009147644043 0.02101874351501465 83644 0
0.11280393600463867 0.020328760147094727 68550 0
0.11593747138977051 0.021044254302978516 80216 0
0.11657881736755371 0.020256757736206055 81422 0
0.11819624900817871 0.01984858512878418 77932 0
0.12353634834289551 0.020794153213500977 82842 0
0.11859464645385742 0.020832061767578125 84874 0
0.11492013931274414 0.020407676696777344 74230 0
0.11611580848693848 0.019186735153198242 66362 0
0.12465691566467285 0.020609140396118164 81688 0
0.1259002685546875 0.021606922149658203 82934 0
0.11940717697143555 0.0210723876953125 85712 0
0.11884427070617676 0.026682615280151367 84958 0
0.11810874938964844 0.021254301071166992 85744 0
0.11893391609191895 0.022764921188354492 86344 0
0.11862874031066895 0.021214962005615234 85388 0
0.12268853187561035 0.0206298828125 83948 0
0.11826848983764648 0.02045583724975586 69210 0
0.11441659927368164 0.020369529724121094 68686 0
0.11705946922302246 0.020282983779907227 84580 0
0.12282323837280273 0.02239537239074707 84772 0
0.1250772476196289 0.020827531814575195 83338 0
0.12188458442687988 0.022000551223754883 83332 0
0.1251842975616455 0.02238321304321289 83270 0
0.11979293823242188 0.02075815200805664 83316 0
0.12427139282226562 0.021416425704956055 84428 0
0.11803388595581055 0.020742416381835938 84582 0
0.11864495277404785 0.02134847640991211 84516 0
0.11690568923950195 0.0204925537109375 82632 0
0.11838078498840332 0.0206906795501709 84972 0
0.11815476417541504 0.02258014678955078 84058 0
0.11348176002502441 0.020931482315063477 76678 0
0.11854362487792969 0.02212381362915039 83912 0
0.12095832824707031 0.0222933292388916 83030 0
0.11965703964233398 0.02111530303955078 82608 0
0.11597442626953125 0.020955562591552734 83950 0
0.11978864669799805 0.023853778839111328 83754 0
0.11801862716674805 0.021125078201293945 82128 0
0.11859273910522461 0.019619226455688477 81776 0
0.1155552864074707 0.02081298828125 83670 0
0.12291336059570312 0.023852825164794922 83026 0
0.11629867553710938 0.020835399627685547 81816 0
0.11651730537414551 0.02020430564880371 82150 0
0.11509943008422852 0.020778894424438477 80578 0
0.1156458854675293 0.01980304718017578 81394 0
0.12188386917114258 0.022146224975585938 81386 0
0.1216878890991211 0.021587610244750977 83064 0
0.12013959884643555 0.02196526527404785 82350 0
0.11845731735229492 0.020796537399291992 81668 0
0.11831355094909668 0.020051240921020508 79608 0
0.12108349800109863 0.021233558654785156 80642 0
0.11580324172973633 0.02165079116821289 78212 0
0.11471748352050781 0.019875526428222656 66656 0
0.116485595703125 0.020798206329345703 77518 0
0.11596107482910156 0.01997995376586914 77694 0
0.11800074577331543 0.020045757293701172 79174 0
0.11646032333374023 0.02069854736328125 77530 0
0.1162116527557373 0.020458698272705078 78062 0
0.11797332763671875 0.020186185836791992 78260 0
0.11577510833740234 0.019757986068725586 78028 0
0.12282013893127441 0.02611374855041504 77474 0
0.11480045318603516 0.02072453498840332 78194 0
0.11561965942382812 0.020067214965820312 77800 0
0.11592984199523926 0.020050048828125 77300 0
0.11728119850158691 0.020806550979614258 78080 0
0.11492776870727539 0.020353078842163086 75912 0
0.11671042442321777 0.02024102210998535 77186 0
0.1154470443725586 0.020519256591796875 78140 0
0.11499381065368652 0.019757986068725586 77060 0
0.11765909194946289 0.019918441772460938 76886 0
0.11609482765197754 0.020291805267333984 77508 0
0.11615705490112305 0.021749019622802734 75524 0
0.11913704872131348 0.01983642578125 77006 0
0.11556267738342285 0.020419836044311523 77772 0
0.11600184440612793 0.0203702449798584 77718 0
0.11661744117736816 0.021500349044799805 77824 0
0.12136983871459961 0.021102428436279297 78014 0
0.12201309204101562 0.021182775497436523 77108 0
0.1192169189453125 0.020980119705200195 77480 0
0.11440253257751465 0.019899845123291016 73840 0
0.12068581581115723 0.021807193756103516 76374 0
0.11509346961975098 0.01932382583618164 74320 0
0.11086440086364746 0.02473163604736328 62562 0
0.11487007141113281 0.019802570343017578 74066 0
0.12025141716003418 0.019855737686157227 77452 0
0.11527204513549805 0.020047664642333984 77730 0
0.1178593635559082 0.019784212112426758 76130 0
0.11490130424499512 0.02019667625427246 76854 0
0.11795186996459961 0.020308494567871094 75850 0
0.11388921737670898 0.02012777328491211 76824 0
0.1154782772064209 0.021407365798950195 76770 0
0.120391845703125 0.020116090774536133 78200 0
0.1176142692565918 0.019773006439208984 74820 0
0.11575913429260254 0.01981067657470703 76408 0
0.11684703826904297 0.019870996475219727 77132 0
0.11442756652832031 0.020418405532836914 74494 0
0.12146353721618652 0.021316051483154297 75480 0
0.11928081512451172 0.020017147064208984 76170 0
0.11237072944641113 0.02020120620727539 75920 0
0.11272525787353516 0.021965980529785156 73668 0
0.11564755439758301 0.021111011505126953 76332 0
0.11548233032226562 0.020468473434448242 75922 0
0.11794495582580566 0.020504236221313477 75702 0
0.11541032791137695 0.02040386199951172 76402 0
0.11555814743041992 0.019631147384643555 76120 0
0.11601114273071289 0.020508766174316406 75924 0
0.11574459075927734 0.019695520401000977 76820 0
0.11877298355102539 0.020902156829833984 75798 0
0.11723709106445312 0.020780086517333984 76604 0
0.11597681045532227 0.019693613052368164 72444 0
0.12080121040344238 0.021785259246826172 75340 0
0.11937570571899414 0.020089149475097656 75068 0
0.1179041862487793 0.02058553695678711 60534 0
0.11701822280883789 0.01962447166442871 72512 0
0.11806416511535645 0.0198822021484375 73456 0
0.11398935317993164 0.02373528480529785 73562 0
0.11405539512634277 0.01950550079345703 74698 0
0.1165008544921875 0.020102739334106445 75402 0
0.11376357078552246 0.01966094970703125 74348 0
0.11365008354187012 0.019352436065673828 73966 0
0.11358475685119629 0.020904064178466797 76344 0
0.11854195594787598 0.02015995979309082 74430 0
0.11477804183959961 0.019486427307128906 75152 0
0.11832952499389648 0.019768238067626953 74830 0
0.12061214447021484 0.020832538604736328 74504 0
0.11428165435791016 0.020187854766845703 73058 0
0.1146087646484375 0.020714282989501953 72848 0
0.11856770515441895 0.021399974822998047 75134 0
0.1195363998413086 0.01975107192993164 70216 0
0.11555910110473633 0.01964092254638672 69790 0
0.11628389358520508 0.019481420516967773 71626 0
0.11363744735717773 0.020766258239746094 72164 0
0.11764144897460938 0.018972396850585938 71636 0
0.11946821212768555 0.020067691802978516 73236 0
0.11257767677307129 0.020444631576538086 73712 0
0.11573147773742676 0.020113706588745117 73908 0
0.1334826946258545 0.020258665084838867 74184 0
0.11956477165222168 0.02025771141052246 73988 0
0.1127922534942627 0.01983046531677246 71314 0
0.11542940139770508 0.01949906349182129 68876 0
0.11228132247924805 0.019089937210083008 70030 0
0.11236023902893066 0.01929187774658203 68984 0
0.10779500007629395 0.01881551742553711 57962 0
0.1125786304473877 0.02015066146850586 69568 0
0.11469697952270508 0.021004915237426758 69826 0
0.11089015007019043 0.019368648529052734 69428 0
0.11224484443664551 0.024402856826782227 67642 0
0.11677408218383789 0.019723892211914062 68712 0
0.11600422859191895 0.021819591522216797 72542 0
0.1122441291809082 0.0206301212310791 70406 0
0.1143043041229248 0.018638134002685547 71156 0
0.11878848075866699 0.020648479461669922 70494 0
0.11669516563415527 0.02053046226501465 68604 0
0.11220383644104004 0.019496440887451172 66258 0
0.11262893676757812 0.018535614013671875 66198 0
0.12301063537597656 0.020137786865234375 66072 0
0.11412215232849121 0.019155263900756836 65560 0
0.11590719223022461 0.026796340942382812 67912 0
0.11574959754943848 0.01933908462524414 68702 0
0.1224210262298584 0.022572755813598633 69890 0
0.11343955993652344 0.020426511764526367 70292 0
0.11312508583068848 0.02000713348388672 68848 0
0.11749053001403809 0.019621849060058594 69170 0
0.11238598823547363 0.020372867584228516 69292 0
0.11488127708435059 0.0206296443939209 68562 0
0.11512041091918945 0.019817352294921875 67986 0
0.11475110054016113 0.019138813018798828 68608 0
0.11666345596313477 0.020879030227661133 66656 0
0.11259174346923828 0.019792795181274414 66152 0
0.11248898506164551 0.019855737686157227 63276 0
0.11785149574279785 0.019730567932128906 67460 0
0.11575865745544434 0.019188880920410156 64958 0
0.11162662506103516 0.019332408905029297 55256 0
0.11313271522521973 0.019610881805419922 65306 0
0.11846017837524414 0.019432783126831055 68260 0
0.11217021942138672 0.01941227912902832 68732 0
0.11224842071533203 0.019382476806640625 66090 0
0.1222221851348877 0.02078700065612793 69350 0
0.11304044723510742 0.020052194595336914 68284 0
0.11031508445739746 0.01901698112487793 65966 0
0.11405467987060547 0.020784378051757812 71434 0
0.11256670951843262 0.018880128860473633 69790 0
0.10906028747558594 0.01907944679260254 56842 0
0.11449456214904785 0.02019977569580078 70080 0
0.11327099800109863 0.01960444450378418 70924 0
0.11583709716796875 0.0193936824798584 70086 0
0.11685800552368164 0.019005298614501953 69022 0
0.11883354187011719 0.01966238021850586 70684 0
0.11336374282836914 0.021116018295288086 72664 0
0.11526179313659668 0.02017807960510254 72228 0
0.11697912216186523 0.02064061164855957 74598 0
0.11273002624511719 0.019719600677490234 71798 0
0.11943268775939941 0.020157575607299805 72086 0
0.11257243156433105 0.019638776779174805 71284 0
0.11932969093322754 0.01931023597717285 71654 0
0.11352777481079102 0.020300626754760742 72766 0
0.11695504188537598 0.02111959457397461 72866 0
0.12115311622619629 0.02048492431640625 71360 0
0.11406540870666504 0.018698453903198242 66614 0
0.11260604858398438 0.022734880447387695 67006 0
0.11414217948913574 0.020871877670288086 72834 0
0.12173938751220703 0.021046161651611328 72454 0
0.12072086334228516 0.020880937576293945 73568 0
0.1134333610534668 0.019805908203125 72862 0
0.1147758960723877 0.01984715461730957 71292 0
0.11102843284606934 0.01955699920654297 71236 0
0.11390900611877441 0.020018577575683594 71758 0
0.11253833770751953 0.021085262298583984 72186 0
0.11866092681884766 0.019298553466796875 70636 0
0.1132044792175293 0.019294023513793945 70518 0
0.11385488510131836 0.020842790603637695 71590 0
0.11198282241821289 0.0197906494140625 70244 0
0.1142568588256836 0.020134687423706055 72540 0
0.11617374420166016 0.020149707794189453 71646 0
0.11175274848937988 0.021585464477539062 72206 0
0.11826419830322266 0.021037817001342773 71876 0
0.11258602142333984 0.019991397857666016 71272 0
0.11302018165588379 0.01925826072692871 70904 0
0.11062121391296387 0.019884824752807617 67420 0
0.11351418495178223 0.020485877990722656 70254 0
0.11754870414733887 0.019534587860107422 69106 0
0.10827016830444336 0.018976688385009766 58024 0
0.11424374580383301 0.019564390182495117 69876 0
0.11332488059997559 0.01994776725769043 70608 0
0.11417222023010254 0.019377708435058594 71172 0
0.11227536201477051 0.019861221313476562 68792 0
0.11529088020324707 0.020198822021484375 69824 0
0.11973237991333008 0.019725799560546875 73720 0
0.11627078056335449 0.019559621810913086 73282 0
0.11599588394165039 0.019697904586791992 73794 0
0.12205100059509277 0.02467489242553711 75420 0
0.11958098411560059 0.020338773727416992 72306 0
0.11237454414367676 0.01973247528076172 74152 0
0.11493062973022461 0.02000594139099121 70472 0
0.11703777313232422 0.020250320434570312 71510 0
0.11980128288269043 0.01955437660217285 71970 0
0.11517214775085449 0.020722389221191406 71374 0
0.11846041679382324 0.020008325576782227 71422 0
0.12040066719055176 0.021105527877807617 73024 0
0.12021660804748535 0.02303171157836914 76074 0
0.11480855941772461 0.01859879493713379 72562 0
0.11710047721862793 0.02100515365600586 73446 0
0.11824321746826172 0.02109217643737793 73026 0
0.11575150489807129 0.019964933395385742 72718 0
0.1200096607208252 0.020810604095458984 71712 0
0.11332154273986816 0.019560813903808594 73034 0
0.1261746883392334 0.02219843864440918 89328 0
0.12337994575500488 0.022226572036743164 93592 0
0.12443208694458008 0.021242618560791016 94220 0
0.1223289966583252 0.022641420364379883 95046 0
0.12223696708679199 0.023311853408813477 94480 0
0.12067937850952148 0.021936893463134766 94202 0
0.12513113021850586 0.02271580696105957 95590 0
0.1279125213623047 0.021405935287475586 92834 0
0.12261199951171875 0.02511739730834961 95326 0
0.12026309967041016 0.022933244705200195 94524 0
0.120208740234375 0.022632122039794922 92298 0
0.12388801574707031 0.021944761276245117 94916 0
0.12048053741455078 0.022246122360229492 94696 0
0.12214899063110352 0.02164602279663086 94148 0
0.12456917762756348 0.022000551223754883 94658 0
0.1276378631591797 0.02176070213317871 95488 0
0.1201927661895752 0.02111029624938965 96066 0
0.11914467811584473 0.021457910537719727 94262 0
0.12593865394592285 0.021963834762573242 87310 0
0.12359285354614258 0.02109670639038086 94928 0
0.12767672538757324 0.022240877151489258 95276 0
0.11859607696533203 0.02595973014831543 95444 0
0.12146425247192383 0.020853042602539062 94922 0
0.12085127830505371 0.02121710777282715 95232 0
0.12193894386291504 0.024297237396240234 97356 0
0.12012982368469238 0.021761417388916016 95920 0
0.12859225273132324 0.02241683006286621 97068 0
0.12678074836730957 0.023156166076660156 96442 0
0.1175236701965332 0.020258665084838867 80946 0
0.12764191627502441 0.022584915161132812 95356 0
0.1208353042602539 0.02397894859313965 95884 0
0.12080836296081543 0.021558046340942383 96574 0
0.13137245178222656 0.0219881534576416 97310 0
0.12000608444213867 0.022196292877197266 97988 0
0.1237344741821289 0.02183985710144043 97684 0
0.12226510047912598 0.02294015884399414 98450 0
0.12983131408691406 0.022120952606201172 98094 0
0.12923097610473633 0.022251129150390625 98520 0
0.1260695457458496 0.0233614444732666 94852 0
0.12828731536865234 0.022124528884887695 99048 0
0.12726354598999023 0.020983457565307617 96780 0
0.1204369068145752 0.022799253463745117 97314 0
0.12214016914367676 0.021913528442382812 97836 0
0.12024497985839844 0.022695302963256836 98286 0
0.12024259567260742 0.021057605743408203 97794 0
0.1314098834991455 0.023200511932373047 101448 0
0.12360525131225586 0.02306389808654785 98848 0
0.12638640403747559 0.021574735641479492 99492 0
0.12009835243225098 0.02255105972290039 91540 0
0.1229867935180664 0.024393320083618164 98508 0
0.12682819366455078 0.02273726463317871 98576 0
0.12226176261901855 0.02280902862548828 98640 0
0.1217050552368164 0.02154684066772461 99114 0
0.12314724922180176 0.02334141731262207 100658 0
0.1242678165435791 0.022833585739135742 99282 0
0.12028932571411133 0.02214503288269043 95654 0
0.12508392333984375 0.021681785583496094 102914 0
0.12190079689025879 0.022550582885742188 101354 0
0.11644268035888672 0.02166152000427246 82572 0
0.12745261192321777 0.021214962005615234 98872 0
0.12822818756103516 0.020901203155517578 95654 0
0.12074971199035645 0.021740436553955078 95554 0
0.12721037864685059 0.022081613540649414 99478 0
0.12136149406433105 0.023074626922607422 101646 0
0.12099695205688477 0.02124190330505371 97206 0
0.12758183479309082 0.0225985050201416 105156 0
0.13041329383850098 0.022288084030151367 104246 0
0.12084484100341797 0.023122549057006836 101428 0
0.1246635913848877 0.022917985916137695 104650 0
0.12275362014770508 0.021823883056640625 101888 0
0.120574951171875 0.021249055862426758 97672 0
0.12471175193786621 0.023151636123657227 101082 0
0.1289212703704834 0.02423095703125 104464 0
0.12178874015808105 0.021575450897216797 102674 0
0.12632489204406738 0.0233309268951416 103126 0
0.12532854080200195 0.02194690704345703 100764 0
0.12762784957885742 0.023508787155151367 103928 0
0.12615466117858887 0.0232083797454834 104114 0
0.11894655227661133 0.021901607513427734 92874 0
0.12398290634155273 0.02190995216369629 98152 0
0.12619328498840332 0.022898197174072266 100452 0
0.12468338012695312 0.02425360679626465 102474 0
0.12814092636108398 0.024306535720825195 98428 0
0.12742400169372559 0.021856307983398438 98300 0
0.1216578483581543 0.02164936065673828 98116 0
0.1255323886871338 0.021944046020507812 93974 0
0.1277604103088379 0.02168583869934082 98644 0
0.12259411811828613 0.02280592918395996 98880 0
0.11778974533081055 0.01965045928955078 78616 0
0.12041044235229492 0.022642135620117188 94552 0
0.12431192398071289 0.020495176315307617 90478 0
0.12025761604309082 0.021529436111450195 90112 0
0.11983060836791992 0.021022319793701172 92822 0
0.12038660049438477 0.022222518920898438 94610 0
0.12027740478515625 0.022656679153442383 91952 0
0.11986064910888672 0.021567821502685547 95748 0
0.12109017372131348 0.021590471267700195 94854 0
0.12179851531982422 0.0224454402923584 93928 0
0.12051153182983398 0.022391796112060547 92018 0
0.12838244438171387 0.02200627326965332 92170 0
0.11864328384399414 0.020533323287963867 85268 0
0.1315603256225586 0.02198171615600586 91494 0
0.12089204788208008 0.0214083194732666 91326 0
0.12284541130065918 0.022746801376342773 90524 0
0.11841225624084473 0.02097487449645996 90496 0
0.12031698226928711 0.02206277847290039 90988 0
0.12552452087402344 0.024096250534057617 91076 0
0.12476563453674316 0.023153066635131836 89360 0
0.11846017837524414 0.02056407928466797 84892 0
0.11921906471252441 0.021048784255981445 90136 0
0.12225461006164551 0.0213625431060791 93188 0
0.11993265151977539 0.022480249404907227 92980 0
0.11999821662902832 0.020921945571899414 92286 0
0.1214597225189209 0.022224903106689453 93006 0
0.12536001205444336 0.021775007247924805 92416 0
0.11906075477600098 0.021318912506103516 87988 0
0.12186741828918457 0.023163318634033203 90576 0
0.12090015411376953 0.02271294593811035 89876 0
0.11400985717773438 0.01983165740966797 73792 0
0.11893534660339355 0.020637989044189453 89716 0
0.11866497993469238 0.021027803421020508 85712 0
0.11759471893310547 0.022910594940185547 87028 0
0.12528038024902344 0.02295541763305664 89866 0
0.1224362850189209 0.021079063415527344 89134 0
0.11879372596740723 0.022774934768676758 88564 0
0.11796069145202637 0.020617246627807617 90984 0
0.1250615119934082 0.022550582885742188 91792 0
0.12451434135437012 0.020992755889892578 92366 0
0.11856675148010254 0.021912097930908203 92274 0
0.11952447891235352 0.022522926330566406 92470 0
0.11954808235168457 0.022227764129638672 86606 0
0.12079548835754395 0.022665739059448242 91990 0
0.1203300952911377 0.02150440216064453 92652 0
0.12505459785461426 0.02134537696838379 91340 0
0.12451744079589844 0.0232696533203125 92720 0
0.11950969696044922 0.02147221565246582 92912 0
0.12038779258728027 0.02083611488342285 91610 0
0.11962103843688965 0.021708965301513672 92166 0
0.11962604522705078 0.020668745040893555 85468 0
0.1237800121307373 0.023759841918945312 90792 0
0.12195992469787598 0.023394107818603516 92142 0
0.12139296531677246 0.021283864974975586 90978 0
0.12041163444519043 0.023431062698364258 91034 0
0.11769962310791016 0.02257227897644043 91056 0
0.12019991874694824 0.02234935760498047 90150 0
0.11712765693664551 0.020824670791625977 87592 0
0.11876821517944336 0.02111053466796875 90080 0
0.11867594718933105 0.021210670471191406 91102 0
0.11902880668640137 0.020579099655151367 72484 0
0.11822724342346191 0.022388935089111328 88690 0
0.11830496788024902 0.02077794075012207 83962 0
0.12368178367614746 0.021381616592407227 85362 0
0.11810946464538574 0.02126026153564453 89300 0
0.12050771713256836 0.028051376342773438 90780 0
0.12215328216552734 0.021218061447143555 88488 0
0.1190803050994873 0.020912885665893555 90778 0
0.1186525821685791 0.02199840545654297 91440 0
0.12232041358947754 0.02121591567993164 90492 0
0.12297844886779785 0.023954153060913086 90348 0
0.11776471138000488 0.02092456817626953 90552 0
0.11603331565856934 0.02193617820739746 83402 0
0.11873912811279297 0.020965576171875 90188 0
0.1245124340057373 0.020923614501953125 90822 0
0.12471652030944824 0.023538827896118164 90720 0
0.12017393112182617 0.02096080780029297 90222 0
0.12059974670410156 0.021653175354003906 90974 0
0.12044668197631836 0.022341489791870117 89636 0
0.12525725364685059 0.022193431854248047 90516 0
0.1174325942993164 0.020610809326171875 80460 0
0.11956381797790527 0.02146601676940918 90558 0
0.11869359016418457 0.023558855056762695 90820 0
0.12255167961120605 0.022583961486816406 90748 0
0.12286543846130371 0.02254509925842285 90630 0
0.12575769424438477 0.021845102310180664 90864 0
0.12826275825500488 0.02090597152709961 90294 0
0.1257476806640625 0.021949052810668945 86190 0
0.1253821849822998 0.021214723587036133 89748 0
0.1218719482421875 0.02103734016418457 90086 0
0.11529040336608887 0.020345449447631836 76000 0
0.11854767799377441 0.020693540573120117 89398 0
0.11544585227966309 0.02071237564086914 80612 0
0.11906862258911133 0.02133965492248535 89146 0
0.11892104148864746 0.020563364028930664 89984 0
0.12025046348571777 0.02174091339111328 91410 0
0.11878275871276855 0.021612882614135742 88566 0
0.11863255500793457 0.02115488052368164 91386 0
0.12338972091674805 0.02147078514099121 91680 0
0.12383651733398438 0.021430015563964844 91264 0
0.1316516399383545 0.021958112716674805 91864 0
0.12640738487243652 0.022274494171142578 90458 0
0.11699247360229492 0.0259244441986084 84418 0
0.1182861328125 0.02084803581237793 91026 0
0.11896443367004395 0.019763469696044922 90242 0
0.12060403823852539 0.021691560745239258 91432 0
0.1222829818725586 0.022541046142578125 91440 0
0.12557125091552734 0.021800518035888672 91362 0
0.11802458763122559 0.02057647705078125 90580 0
0.1182861328125 0.021214962005615234 90322 0
0.12060666084289551 0.021758079528808594 85098 0
0.12207174301147461 0.022736310958862305 89406 0
0.12218856811523438 0.02258896827697754 97850 0
0.12714099884033203 0.02253866195678711 97632 0
0.12900424003601074 0.022057533264160156 97826 0
0.12756919860839844 0.02173328399658203 98958 0
0.12390565872192383 0.021674156188964844 99428 0
0.12366652488708496 0.02198314666748047 98388 0
0.12794160842895508 0.022391080856323242 99680 0
0.12213444709777832 0.023682832717895508 97240 0
0.12131333351135254 0.020943164825439453 95928 0
0.12287116050720215 0.023133516311645508 98484 0
0.12272763252258301 0.022946596145629883 95404 0
0.11993789672851562 0.022305011749267578 96076 0
0.12132525444030762 0.021733522415161133 97474 0
0.12372732162475586 0.02318406105041504 97916 0
0.12521004676818848 0.021613121032714844 99104 0
0.12214350700378418 0.021632671356201172 99004 0
0.1257007122039795 0.023834228515625 98568 0
0.12176632881164551 0.0234375 98802 0
0.12102508544921875 0.021777868270874023 99158 0
0.12814092636108398 0.022129297256469727 97024 0
0.12434506416320801 0.02270221710205078 95954 0
0.12011218070983887 0.02142190933227539 95244 0
0.12231206893920898 0.021424055099487305 96122 0
0.12113094329833984 0.021094322204589844 95608 0
0.12089323997497559 0.02193427085876465 96216 0
0.1213233470916748 0.02319169044494629 96296 0
0.12071800231933594 0.022968530654907227 95462 0
0.12592720985412598 0.021424293518066406 98464 0
0.13059043884277344 0.023299455642700195 98084 0
0.12565183639526367 0.02186417579650879 97332 0
0.12428808212280273 0.023052453994750977 97044 0
0.12220644950866699 0.023667097091674805 98238 0
0.12090802192687988 0.021416425704956055 96950 0
0.12288212776184082 0.023287534713745117 96822 0
0.1207587718963623 0.022713899612426758 94970 0
0.12468600273132324 0.023833751678466797 96060 0
0.12163281440734863 0.0232088565826416 95148 0
0.12220406532287598 0.02079486846923828 96302 0
0.12321138381958008 0.02168107032775879 97738 0
0.12417721748352051 0.023516178131103516 95474 0
0.12161922454833984 0.022741079330444336 95766 0
0.12167572975158691 0.021620750427246094 95946 0
0.12505292892456055 0.02229595184326172 95816 0
0.12180376052856445 0.02231001853942871 95302 0
0.12083673477172852 0.02201700210571289 95208 0
0.12275171279907227 0.023360729217529297 95372 0
0.12006497383117676 0.021044492721557617 94768 0
0.12581706047058105 0.021441936492919922 95558 0
0.12111377716064453 0.021689414978027344 97416 0
0.12098526954650879 0.02301168441772461 96342 0
0.12538838386535645 0.022891521453857422 97022 0
0.12706208229064941 0.022200584411621094 96290 0
0.1191861629486084 0.02179098129272461 95522 0
0.12602996826171875 0.021566390991210938 95832 0
0.12143063545227051 0.02248215675354004 94806 0
0.12812376022338867 0.022501707077026367 94570 0
0.127579927444458 0.021908998489379883 94722 0
0.1202387809753418 0.027152538299560547 94756 0
0.12030196189880371 0.021602630615234375 95694 0
0.12093591690063477 0.02144646644592285 96194 0
0.12076926231384277 0.021676063537597656 95556 0
0.1274127960205078 0.021740198135375977 95964 0
0.12088871002197266 0.021702289581298828 96382 0
0.12000179290771484 0.021963834762573242 97224 0
0.12103891372680664 0.02357769012451172 97890 0
0.11927914619445801 0.021625518798828125 97664 0
0.12082886695861816 0.02120518684387207 97980 0
0.11993026733398438 0.021734237670898438 98284 0
0.1265411376953125 0.021738767623901367 97752 0
0.12197303771972656 0.022386789321899414 97360 0
0.12371420860290527 0.02227163314819336 96262 0
0.12098240852355957 0.02281665802001953 96476 0
0.1264970302581787 0.021740436553955078 92580 0
0.12150430679321289 0.020924091339111328 99524 0
0.12804889678955078 0.022563934326171875 98832 0
0.12095952033996582 0.022355079650878906 97866 0
0.12292289733886719 0.023213863372802734 98542 0
0.12199687957763672 0.021772146224975586 101090 0
0.12081575393676758 0.021312236785888672 100230 0
0.12746119499206543 0.021700620651245117 101830 0
0.1248311996459961 0.02231454849243164 100778 0
0.1226496696472168 0.022881507873535156 100834 0
0.12031793594360352 0.021223783493041992 88592 0
0.12266135215759277 0.022324562072753906 86996 0
0.1215662956237793 0.0226137638092041 97070 0
0.126878023147583 0.02210259437561035 101274 0
0.12833261489868164 0.022281885147094727 92448 0
0.12125277519226074 0.022560834884643555 98074 0
0.12381744384765625 0.02353382110595703 91800 0
0.1222686767578125 0.021414518356323242 91296 0
0.11983036994934082 0.021361112594604492 91098 0
0.12173318862915039 0.022870302200317383 95670 0
0.11987853050231934 0.02259540557861328 96122 0
0.12103271484375 0.022981643676757812 95302 0
0.12804174423217773 0.021602153778076172 97036 0
0.12288951873779297 0.02124333381652832 96468 0
0.12416911125183105 0.02293252944946289 87238 0
0.1286029815673828 0.02300715446472168 99448 0
0.13047552108764648 0.021858692169189453 96680 0
0.12539911270141602 0.02246570587158203 95068 0
0.1267542839050293 0.023939132690429688 100018 0
0.12212491035461426 0.022562742233276367 100586 0
0.11988353729248047 0.0206143856048584 89286 0
0.13043498992919922 0.021976709365844727 100368 0
0.12244987487792969 0.022539138793945312 100758 0
0.13221263885498047 0.022207021713256836 101672 0
0.128004789352417 0.02250218391418457 100842 0
0.12386226654052734 0.022350072860717773 102476 0
0.13092875480651855 0.021853923797607422 103890 0
0.12239241600036621 0.02291131019592285 102948 0
0.1209721565246582 0.0216064453125 100826 0
0.1222085952758789 0.023926258087158203 103204 0
0.13042402267456055 0.022210121154785156 107774 0
0.1307086944580078 0.022952795028686523 105082 0
0.12159132957458496 0.02217411994934082 101692 0
0.1249699592590332 0.02835822105407715 102096 0
0.12792563438415527 0.023350238800048828 100836 0
0.1250159740447998 0.02290487289428711 101992 0
0.1259002685546875 0.021532535552978516 101742 0
0.12425374984741211 0.023430347442626953 100276 0
0.12160992622375488 0.022909879684448242 100428 0
0.12103104591369629 0.023117542266845703 101372 0
0.12286591529846191 0.02364945411682129 102140 0
0.12397313117980957 0.021783828735351562 100496 0
0.1303548812866211 0.02201104164123535 103840 0
0.13076186180114746 0.023214340209960938 103570 0
0.12404823303222656 0.022413969039916992 92084 0
0.12404131889343262 0.023781776428222656 102382 0
0.12409687042236328 0.0252077579498291 99096 0
0.12134432792663574 0.02233099937438965 99228 0
0.12195110321044922 0.023357391357421875 102712 0
0.12369585037231445 0.0218353271484375 103274 0
0.1221303939819336 0.023471593856811523 93414 0
0.12165665626525879 0.022322893142700195 102586 0
0.12391066551208496 0.02249622344970703 102114 0
0.12142372131347656 0.02251911163330078 103368 0
0.1302042007446289 0.022348403930664062 100886 0
0.12237000465393066 0.021529674530029297 101276 0
0.12242364883422852 0.02151012420654297 102956 0
0.12452316284179688 0.022376537322998047 102330 0
0.1224355697631836 0.023283004760742188 105832 0
0.12264299392700195 0.027938365936279297 106982 0
0.12380838394165039 0.021808147430419922 103974 0
0.12297677993774414 0.023696184158325195 107850 0
0.1314859390258789 0.022536516189575195 105940 0
0.12557148933410645 0.024635791778564453 108396 0
0.124603271484375 0.023851871490478516 104728 0
0.13188624382019043 0.02230978012084961 102798 0
0.12323474884033203 0.022571563720703125 102298 0
0.12516999244689941 0.023788928985595703 102272 0
0.1226797103881836 0.023944616317749023 105590 0
0.1236729621887207 0.023555994033813477 103940 0
0.12519526481628418 0.022619962692260742 105588 0
0.12302088737487793 0.022430896759033203 101514 0
0.1291816234588623 0.024400711059570312 107354 0
0.12395977973937988 0.023395538330078125 107840 0
0.12833499908447266 0.022120237350463867 95832 0
0.12417387962341309 0.02365851402282715 106530 0
0.1233985424041748 0.023400306701660156 105988 0
0.12301445007324219 0.023598909378051758 105212 0
0.13330292701721191 0.024265050888061523 108206 0
0.12592864036560059 0.021914005279541016 108628 0
0.12090635299682617 0.02171635627746582 101118 0
0.13068294525146484 0.022158384323120117 109482 0
0.12966299057006836 0.022368192672729492 107700 0
0.1280078887939453 0.023136377334594727 108850 0
0.12575030326843262 0.022956371307373047 107708 0
0.12890172004699707 0.02316451072692871 103888 0
0.12738990783691406 0.02228832244873047 101508 0
0.12891006469726562 0.022964000701904297 101162 0
0.1258680820465088 0.02387213706970215 100608 0
0.12888741493225098 0.022847652435302734 102534 0
0.1233978271484375 0.02322840690612793 100440 0
0.12465977668762207 0.021950960159301758 101112 0
0.12671279907226562 0.02189779281616211 100610 0
0.12769079208374023 0.022931575775146484 99636 0
0.12174487113952637 0.022382736206054688 98890 0
0.12210226058959961 0.022655963897705078 98606 0
0.12298202514648438 0.02445697784423828 100900 0
0.12462639808654785 0.022245407104492188 100956 0
0.12127351760864258 0.02219247817993164 100204 0
0.12675881385803223 0.02416539192199707 99546 0
0.12908697128295898 0.021294116973876953 98280 0
0.1205892562866211 0.022383689880371094 98944 0
0.13166093826293945 0.022556543350219727 99612 0
0.12295866012573242 0.023162364959716797 99026 0
0.12949132919311523 0.02190256118774414 98938 0
0.1240851879119873 0.023169755935668945 97738 0
0.12164068222045898 0.021909475326538086 98280 0
0.11997461318969727 0.022003889083862305 97312 0
0.12299942970275879 0.02348613739013672 99716 0
0.12209224700927734 0.022837162017822266 98936 0
0.12865614891052246 0.021422147750854492 99440 0
0.12076640129089355 0.02058887481689453 98424 0
0.12399172782897949 0.02189326286315918 99216 0
0.12319397926330566 0.02132105827331543 99148 0
