0.011557340621948242 0.01365971565246582 170905 0
0.012099981307983398 0.014185905456542969 171018 0
0.012061119079589844 0.014479875564575195 173708 0
0.01235198974609375 0.014484405517578125 171612 0
0.011517763137817383 0.014173746109008789 175003 0
0.011918306350708008 0.016084671020507812 177069 0
0.011615276336669922 0.013191699981689453 177379 0
0.010793209075927734 0.014143228530883789 176752 0
0.011732339859008789 0.014505863189697266 176087 0
0.012690067291259766 0.013667583465576172 176474 0
0.012505769729614258 0.014307975769042969 172910 0
0.011636018753051758 0.01297307014465332 170430 0
0.012053728103637695 0.014583826065063477 176201 0
0.011401891708374023 0.01405954360961914 172323 0
0.01185154914855957 0.012850046157836914 154647 0
0.012365579605102539 0.013797760009765625 172168 0
0.011705398559570312 0.015389204025268555 169443 0
0.012296438217163086 0.015230417251586914 166450 0
0.01213526725769043 0.013813257217407227 161236 0
0.012058258056640625 0.013932943344116211 169927 0
0.011581897735595703 0.014562606811523438 169314 0
0.0103912353515625 0.013892173767089844 165220 0
0.012537956237792969 0.014056205749511719 170560 0
0.01175832748413086 0.014332771301269531 175232 0
0.012044429779052734 0.015461921691894531 175842 0
0.011571645736694336 0.014398813247680664 173353 0
0.012906789779663086 0.014950037002563477 165607 0
0.012885332107543945 0.018370866775512695 172972 0
0.010821104049682617 0.014106035232543945 173645 0
0.012131929397583008 0.01465606689453125 169329 0
0.01036214828491211 0.014409542083740234 173577 0
0.011419296264648438 0.013070821762084961 174837 0
0.012428522109985352 0.01527714729309082 171965 0
0.011386394500732422 0.013343334197998047 172517 0
0.014260292053222656 0.015162944793701172 165854 0
0.012096405029296875 0.014836788177490234 174840 0
0.011034250259399414 0.014404058456420898 181235 0
0.01171112060546875 0.013999223709106445 177822 0
0.013038873672485352 0.014707088470458984 180594 0
0.011628866195678711 0.014496564865112305 174282 0
0.012705564498901367 0.015186548233032227 167347 0
0.012447595596313477 0.015441179275512695 170515 0
0.01249074935913086 0.014714717864990234 176533 0
0.011094331741333008 0.014243602752685547 176544 0
0.011389732360839844 0.014423847198486328 161654 0
0.012507438659667969 0.014466285705566406 175619 0
0.012108564376831055 0.0135040283203125 177703 0
0.012169599533081055 0.015665769577026367 175259 0
0.012585639953613281 0.01610589027404785 177201 0
0.012590885162353516 0.014995813369750977 176560 0
0.012265920639038086 0.015057802200317383 175249 0
0.013039112091064453 0.015011310577392578 177328 0
0.012290477752685547 0.014394760131835938 176425 0
0.01246786117553711 0.014163970947265625 177011 0
0.012736797332763672 0.014640092849731445 177371 0
0.011660099029541016 0.01383066177368164 177892 0
0.01150059700012207 0.014440774917602539 178521 0
0.01159358024597168 0.013049840927124023 178238 0
0.012667179107666016 0.013665437698364258 178534 0
0.012621641159057617 0.015785932540893555 179008 0
0.012322425842285156 0.013922929763793945 176296 0
0.012100458145141602 0.015420675277709961 176666 0
0.012869596481323242 0.019893884658813477 176042 0
0.012109994888305664 0.01483774185180664 174690 0
0.011685371398925781 0.01416325569152832 171627 0
0.011372089385986328 0.015621662139892578 175237 0
0.013318538665771484 0.014251708984375 176086 0
0.012023687362670898 0.01386260986328125 175922 0
0.011404991149902344 0.014000654220581055 175255 0
0.011865854263305664 0.014297008514404297 174241 0
0.01190495491027832 0.014971017837524414 172406 0
0.011301040649414062 0.013349771499633789 169907 0
0.01219797134399414 0.014519691467285156 174337 0
0.012768268585205078 0.014069795608520508 172103 0
0.011403799057006836 0.013744115829467773 153860 0
0.012389183044433594 0.014505863189697266 173553 0
0.012446880340576172 0.014667510986328125 172648 0
0.011615514755249023 0.016102313995361328 168987 0
0.012023448944091797 0.013864517211914062 170324 0
0.011362314224243164 0.014936447143554688 169938 0
0.012390613555908203 0.01428532600402832 173494 0
0.011624574661254883 0.013204097747802734 173691 0
0.011980295181274414 0.014472007751464844 171233 0
0.011789321899414062 0.014062166213989258 171150 0
0.011477947235107422 0.014825582504272461 173033 0
0.012490034103393555 0.014183759689331055 173243 0
0.01063847541809082 0.014486312866210938 166911 0
0.012637853622436523 0.014166831970214844 173782 0
0.011564016342163086 0.014114141464233398 173734 0
0.013113021850585938 0.014254331588745117 174540 0
0.012554407119750977 0.014632940292358398 172963 0
0.013043403625488281 0.015256404876708984 172804 0
0.01276397705078125 0.015375614166259766 173665 0
0.012526750564575195 0.01282191276550293 169491 0
0.011589288711547852 0.014904022216796875 173879 0
0.011968135833740234 0.01537013053894043 172852 0
0.012419939041137695 0.015082120895385742 154496 0
0.011181116104125977 0.014629364013671875 174546 0
0.013015031814575195 0.013438701629638672 174569 0
0.011094331741333008 0.014776945114135742 168828 0
0.012420892715454102 0.013519763946533203 170906 0
0.012343406677246094 0.014294624328613281 172167 0
0.011638641357421875 0.013844013214111328 173160 0
0.011150836944580078 0.014452219009399414 177887 0
0.011532783508300781 0.01435542106628418 176759 0
0.013204813003540039 0.013720273971557617 176729 0
0.01216268539428711 0.0147857666015625 176576 0
0.010498046875 0.014157533645629883 178975 0
0.011971235275268555 0.014657258987426758 178320 0
0.016415119171142578 0.014774560928344727 177342 0
0.011822223663330078 0.014685630798339844 177450 0
0.0127105712890625 0.015168905258178711 176908 0
0.01177525520324707 0.014567136764526367 177004 0
0.011804580688476562 0.014440536499023438 178066 0
0.01217341423034668 0.015467405319213867 174746 0
0.01336526870727539 0.015787363052368164 177285 0
0.011384725570678711 0.014654159545898438 166795 0
0.01042795181274414 0.014018058776855469 177658 0
0.012886762619018555 0.013637304306030273 176797 0
0.010974407196044922 0.014590978622436523 177531 0
0.010426521301269531 0.014906644821166992 174721 0
0.011003971099853516 0.013417243957519531 175997 0
0.013672590255737305 0.014132499694824219 174077 0
0.010893106460571289 0.016084909439086914 171416 0
0.011585712432861328 0.013934612274169922 175085 0
0.010945320129394531 0.014648914337158203 175396 0
0.012189865112304688 0.014338493347167969 157329 0
0.011596918106079102 0.013427019119262695 172237 0
0.010956525802612305 0.014074325561523438 161087 0
0.01126861572265625 0.013062477111816406 164608 0
0.010540485382080078 0.014198064804077148 166637 0
0.01506185531616211 0.01774907112121582 169452 0
0.012614250183105469 0.014028549194335938 165094 0
0.013640880584716797 0.0136566162109375 169713 0
0.012986183166503906 0.014831304550170898 173394 0
0.011744499206542969 0.01436471939086914 174686 0
0.011815786361694336 0.014307260513305664 174026 0
0.012602090835571289 0.014620065689086914 175029 0
0.012420892715454102 0.013782262802124023 173066 0
0.01280832290649414 0.015260457992553711 174725 0
0.012627601623535156 0.013146162033081055 177302 0
0.010535955429077148 0.01473236083984375 177895 0
0.012198209762573242 0.015123367309570312 175006 0
0.011715173721313477 0.014919519424438477 176118 0
0.01132059097290039 0.014429330825805664 174514 0
0.01204228401184082 0.014768600463867188 179863 0
0.012981891632080078 0.014843463897705078 177529 0
0.013146400451660156 0.013295412063598633 175316 0
0.012918472290039062 0.014484405517578125 171303 0
0.012447118759155273 0.014730691909790039 171691 0
0.010992050170898438 0.013712406158447266 177472 0
0.011729955673217773 0.013335704803466797 183345 0
0.01166844367980957 0.015212059020996094 182195 0
0.015187263488769531 0.014878511428833008 181304 0
0.012956857681274414 0.014885425567626953 181203 0
0.012271642684936523 0.015300989151000977 176973 0
0.01219034194946289 0.013876914978027344 157234 0
0.011363029479980469 0.014378070831298828 173165 0
0.01309347152709961 0.015007495880126953 175581 0
0.01169896125793457 0.014256477355957031 166930 0
0.01230168342590332 0.015035390853881836 166658 0
0.01162862777709961 0.014486074447631836 168214 0
0.011379480361938477 0.013175249099731445 166885 0
0.011343240737915039 0.013651371002197266 168530 0
0.012534379959106445 0.014071226119995117 174539 0
0.011731863021850586 0.015624046325683594 170179 0
0.011563539505004883 0.01349782943725586 169592 0
0.012385845184326172 0.015181541442871094 176013 0
0.01177215576171875 0.014353036880493164 173664 0
0.011049985885620117 0.014154911041259766 180852 0
0.011892318725585938 0.014867067337036133 173271 0
0.01042795181274414 0.014055013656616211 178256 0
0.011299610137939453 0.01468205451965332 178577 0
0.012907266616821289 0.014500856399536133 180342 0
0.01139688491821289 0.014601707458496094 179120 0
0.012384653091430664 0.014484405517578125 179326 0
0.01165318489074707 0.0142974853515625 172609 0
0.012174129486083984 0.014658927917480469 181149 0
0.012188434600830078 0.013517618179321289 181605 0
0.01196146011352539 0.014620304107666016 181466 0
0.011083602905273438 0.014507532119750977 178661 0
0.012392759323120117 0.015858888626098633 177404 0
0.013019084930419922 0.014736652374267578 178444 0
0.01139521598815918 0.013378143310546875 173266 0
0.012427091598510742 0.014225244522094727 177887 0
0.012275457382202148 0.015649080276489258 177567 0
0.011229515075683594 0.014378547668457031 158819 0
0.012053489685058594 0.014860868453979492 178701 0
0.012388944625854492 0.015506982803344727 179394 0
0.011646747589111328 0.014219284057617188 172748 0
0.010473251342773438 0.014208316802978516 175448 0
0.012279033660888672 0.013798952102661133 176278 0
0.011844396591186523 0.013598918914794922 177112 0
0.012618780136108398 0.014742374420166016 178697 0
0.010847091674804688 0.014667034149169922 177641 0
0.011932611465454102 0.013631820678710938 177150 0
0.01100778579711914 0.01409006118774414 177144 0
0.011722087860107422 0.013928651809692383 178597 0
0.012568235397338867 0.015362024307250977 178074 0
0.012189388275146484 0.014516592025756836 176347 0
0.011538982391357422 0.013992786407470703 173822 0
0.011385679244995117 0.015068292617797852 160006 0
0.011327743530273438 0.014086484909057617 155502 0
0.011676311492919922 0.014398574829101562 157739 0
0.01211690902709961 0.01524496078491211 157185 0
0.011905431747436523 0.015058517456054688 158816 0
0.011501550674438477 0.013356447219848633 159010 0
0.010269880294799805 0.01353764533996582 160232 0
0.011570453643798828 0.014155387878417969 162834 0
0.011349916458129883 0.014290809631347656 162055 0
0.012670516967773438 0.013869762420654297 158929 0
0.012299060821533203 0.014794111251831055 161027 0
0.011593103408813477 0.01285099983215332 161084 0
0.011690139770507812 0.014246225357055664 158822 0
0.01186370849609375 0.0159914493560791 159303 0
0.011784791946411133 0.01416468620300293 157819 0
0.012284278869628906 0.013899803161621094 158153 0
0.011986494064331055 0.013393402099609375 150801 0
0.011965513229370117 0.014469385147094727 159295 0
0.012062788009643555 0.015890836715698242 160184 0
0.011892318725585938 0.013982772827148438 160356 0
0.011324405670166016 0.014269590377807617 160403 0
0.012282848358154297 0.01310110092163086 160206 0
0.010654687881469727 0.014091014862060547 160643 0
0.011918306350708008 0.01436614990234375 160922 0
0.010369539260864258 0.0142059326171875 159879 0
0.012648820877075195 0.01305079460144043 159884 0
0.011670827865600586 0.014483928680419922 159411 0
0.010352849960327148 0.014951705932617188 159103 0
0.0122833251953125 0.013997793197631836 159763 0
0.010901927947998047 0.013913154602050781 158342 0
0.011298656463623047 0.012964725494384766 158818 0
0.01241612434387207 0.014168500900268555 158984 0
0.010583162307739258 0.013830184936523438 159366 0
0.012195587158203125 0.014069795608520508 160699 0
0.014200687408447266 0.01469731330871582 160128 0
0.011743307113647461 0.014613628387451172 159883 0
0.012395620346069336 0.013111114501953125 159339 0
0.012360811233520508 0.01442575454711914 159439 0
0.012644052505493164 0.014505147933959961 159216 0
0.012026309967041016 0.015023231506347656 158347 0
0.012302875518798828 0.014538049697875977 159210 0
0.011242151260375977 0.014877080917358398 159902 0
0.010935544967651367 0.013196229934692383 159365 0
0.014149188995361328 0.014754772186279297 159967 0
0.012079954147338867 0.015505552291870117 158319 0
0.011900901794433594 0.013909578323364258 158538 0
0.010550975799560547 0.013519048690795898 149261 0
0.01277017593383789 0.014974117279052734 158511 0
0.011897802352905273 0.014393091201782227 158764 0
0.011926651000976562 0.014320135116577148 159368 0
0.011942625045776367 0.013945341110229492 159643 0
0.012144804000854492 0.014657258987426758 159598 0
0.012297868728637695 0.013926029205322266 159844 0
0.011987686157226562 0.014145135879516602 160061 0
0.012018442153930664 0.015613317489624023 159502 0
0.012033700942993164 0.014497756958007812 159654 0
0.011714696884155273 0.015655040740966797 158573 0
0.010681629180908203 0.013908863067626953 157221 0
0.010399103164672852 0.013631820678710938 157217 0
0.01285099983215332 0.013541221618652344 156802 0
0.011272907257080078 0.014445304870605469 157475 0
0.011294841766357422 0.01399850845336914 158604 0
0.013351678848266602 0.014440774917602539 158487 0
0.011855363845825195 0.015133380889892578 159869 0
0.011555671691894531 0.014405012130737305 159440 0
0.012623310089111328 0.014105796813964844 160175 0
0.011025190353393555 0.013890504837036133 159764 0
0.012360095977783203 0.014127254486083984 160513 0
0.012083768844604492 0.014030694961547852 160119 0
0.012516975402832031 0.014383792877197266 158328 0
0.011311531066894531 0.014169454574584961 158979 0
0.011885404586791992 0.014730215072631836 159130 0
0.011457443237304688 0.014284849166870117 167986 0
0.010431528091430664 0.014248847961425781 167016 0
0.011943817138671875 0.013948440551757812 160843 0
0.011902809143066406 0.018466472625732422 176312 0
0.012681961059570312 0.015335798263549805 170111 0
0.012216567993164062 0.015503644943237305 175522 0
0.012287378311157227 0.015085220336914062 172039 0
0.012197494506835938 0.014203786849975586 167937 0
0.012137651443481445 0.015689849853515625 169886 0
0.012151956558227539 0.01434326171875 170691 0
0.012417793273925781 0.01303863525390625 170070 0
0.010932445526123047 0.014308929443359375 168931 0
0.010906457901000977 0.015031576156616211 167487 0
0.012097597122192383 0.014487981796264648 162156 0
0.012076377868652344 0.013134002685546875 162141 0
0.011486291885375977 0.012633323669433594 157084 0
0.011646032333374023 0.014267206192016602 159877 0
0.010471343994140625 0.014506816864013672 160817 0
0.010432720184326172 0.014313697814941406 159123 0
0.012398958206176758 0.014754772186279297 158444 0
0.011611223220825195 0.014000177383422852 159782 0
0.010921955108642578 0.014254331588745117 159244 0
0.012094736099243164 0.01401066780090332 159890 0
0.010416269302368164 0.014469623565673828 160488 0
0.012128829956054688 0.015294790267944336 161744 0
0.01163482666015625 0.014366388320922852 162050 0
0.011220216751098633 0.01464700698852539 147914 0
0.010495185852050781 0.013735532760620117 162018 0
0.01144099235534668 0.014593839645385742 162889 0
0.011370182037353516 0.013129472732543945 159662 0
0.011044740676879883 0.013556241989135742 162698 0
0.011520624160766602 0.013898611068725586 162663 0
0.011018514633178711 0.014922380447387695 162045 0
0.012771129608154297 0.01448369026184082 163136 0
0.012125730514526367 0.015171051025390625 161854 0
0.012217998504638672 0.014739990234375 161204 0
0.012175321578979492 0.01395559310913086 160734 0
0.011713743209838867 0.01537013053894043 159364 0
0.012263298034667969 0.014091253280639648 160117 0
0.011065959930419922 0.014903068542480469 160747 0
0.010991096496582031 0.014960527420043945 161832 0
0.012165546417236328 0.01404571533203125 162049 0
0.012045621871948242 0.014099597930908203 163128 0
0.01238703727722168 0.01555943489074707 161744 0
0.011341571807861328 0.01353907585144043 161100 0
0.01308298110961914 0.013048648834228516 162019 0
0.0122222900390625 0.01450347900390625 160771 0
0.011490821838378906 0.012963533401489258 159895 0
0.011989355087280273 0.014053583145141602 160896 0
0.012257814407348633 0.014796018600463867 160308 0
0.013146162033081055 0.015338897705078125 160820 0
0.012009859085083008 0.014352083206176758 160704 0
0.012523174285888672 0.013980865478515625 159729 0
0.011391401290893555 0.019700288772583008 158643 0
0.011844873428344727 0.012803316116333008 161355 0
0.01136922836303711 0.013403892517089844 161123 0
0.013031005859375 0.016590595245361328 146078 0
0.012174844741821289 0.01498103141784668 160210 0
0.010567188262939453 0.01402139663696289 162469 0
0.01153111457824707 0.014274835586547852 157468 0
0.011435747146606445 0.014540672302246094 163040 0
0.011937379837036133 0.015488624572753906 162091 0
0.01183772087097168 0.013095378875732422 159978 0
0.012037038803100586 0.013470888137817383 163011 0
0.011957168579101562 0.014308691024780273 161982 0
0.01124715805053711 0.014574527740478516 161799 0
0.011789560317993164 0.014435529708862305 161452 0
0.011674165725708008 0.014185905456542969 159564 0
0.010977983474731445 0.013163089752197266 161320 0
0.011108160018920898 0.013664722442626953 159541 0
0.010982036590576172 0.013463258743286133 160763 0
0.011722564697265625 0.013956546783447266 161091 0
0.01282191276550293 0.015582799911499023 162048 0
0.011555910110473633 0.014319419860839844 162860 0
0.012327432632446289 0.015409231185913086 161841 0
0.012653827667236328 0.013226985931396484 161819 0
0.011784076690673828 0.013727903366088867 161276 0
0.011074066162109375 0.013805150985717773 160099 0
0.011530876159667969 0.013742446899414062 161602 0
0.011808633804321289 0.013545751571655273 159969 0
0.011878490447998047 0.013744354248046875 160833 0
0.012048721313476562 0.013298749923706055 161410 0
0.010806083679199219 0.014410257339477539 159633 0
0.011441946029663086 0.01452016830444336 157889 0
0.012102842330932617 0.014199018478393555 162454 0
0.012352466583251953 0.015114784240722656 161469 0
0.010431051254272461 0.013814926147460938 144099 0
0.011466026306152344 0.012969970703125 157790 0
0.011481046676635742 0.01472616195678711 160028 0
0.01145315170288086 0.013250112533569336 154605 0
0.014982938766479492 0.014833688735961914 161064 0
0.010743141174316406 0.01358485221862793 162295 0
0.01168203353881836 0.015171051025390625 150132 0
0.010549068450927734 0.013806819915771484 143517 0
0.012314796447753906 0.014580011367797852 158475 0
0.010755538940429688 0.013667821884155273 161389 0
0.010765552520751953 0.014101266860961914 164211 0
0.011995553970336914 0.015117883682250977 162984 0
0.012604475021362305 0.013579130172729492 163827 0
0.01246190071105957 0.014216899871826172 165116 0
0.011549234390258789 0.015252828598022461 163432 0
0.011646747589111328 0.01542806625366211 161635 0
0.013207674026489258 0.01323390007019043 147716 0
0.011655807495117188 0.02020573616027832 146766 0
0.013358354568481445 0.013999700546264648 162827 0
0.01242828369140625 0.014360666275024414 164060 0
0.016590595245361328 0.013124227523803711 161377 0
0.011510133743286133 0.014417886734008789 162093 0
0.011507272720336914 0.014303207397460938 162295 0
0.01113438606262207 0.01489400863647461 162544 0
0.010901212692260742 0.01491403579711914 163984 0
0.012054920196533203 0.014533281326293945 164856 0
0.011750221252441406 0.015035867691040039 163665 0
0.01204061508178711 0.014173269271850586 161604 0
0.011801004409790039 0.014281272888183594 164407 0
0.01153707504272461 0.012865066528320312 163345 0
0.012609004974365234 0.014751195907592773 153633 0
0.011078834533691406 0.013011932373046875 162354 0
0.011887073516845703 0.013773441314697266 161869 0
0.011672019958496094 0.014023303985595703 161770 0
0.011720895767211914 0.015259742736816406 163027 0
0.011623859405517578 0.012966156005859375 162408 0
0.012316226959228516 0.012841939926147461 161434 0
0.011461257934570312 0.014060497283935547 160483 0
0.011727571487426758 0.014864444732666016 161928 0
0.01090383529663086 0.01433420181274414 161686 0
0.011982917785644531 0.014486074447631836 159950 0
0.011420965194702148 0.012960672378540039 161217 0
0.01294565200805664 0.01339864730834961 160757 0
0.011495113372802734 0.014132261276245117 161176 0
0.013221502304077148 0.014252424240112305 160511 0
0.014347076416015625 0.018195152282714844 161917 0
0.011584758758544922 0.013936758041381836 162238 0
0.011102914810180664 0.01437687873840332 160070 0
0.011391401290893555 0.013872861862182617 157738 0
0.015802860260009766 0.018259048461914062 159319 0
0.011182308197021484 0.014313220977783203 156968 0
0.011020898818969727 0.014046907424926758 144701 0
0.011629104614257812 0.014567375183105469 156512 0
0.011867523193359375 0.013856887817382812 156858 0
0.012087345123291016 0.015087604522705078 158776 0
0.010604619979858398 0.014220476150512695 155340 0
0.012166023254394531 0.013975381851196289 156836 0
0.010480403900146484 0.013736724853515625 157477 0
0.012096643447875977 0.01266622543334961 156134 0
0.010804176330566406 0.013072967529296875 156085 0
0.01210784912109375 0.015351057052612305 156903 0
0.011517763137817383 0.013873577117919922 156163 0
0.012025117874145508 0.014482975006103516 156214 0
0.012008428573608398 0.013853073120117188 156614 0
0.011411190032958984 0.013433456420898438 154716 0
0.010155916213989258 0.014192819595336914 155503 0
0.01033329963684082 0.01449894905090332 156192 0
0.011235475540161133 0.01433706283569336 155047 0
0.010105609893798828 0.01406240463256836 155324 0
0.01222991943359375 0.01407933235168457 155848 0
0.01239323616027832 0.014691591262817383 155452 0
0.01212310791015625 0.01382303237915039 155646 0
0.013145208358764648 0.014644145965576172 156087 0
0.011689186096191406 0.013838052749633789 155401 0
0.01243138313293457 0.01324605941772461 155716 0
0.012363910675048828 0.014752864837646484 156481 0
0.011534929275512695 0.012737751007080078 155695 0
0.011600732803344727 0.014672994613647461 156108 0
0.0123748779296875 0.014373779296875 153289 0
0.012534379959106445 0.014654397964477539 154141 0
0.011636972427368164 0.014244794845581055 154446 0
0.012379169464111328 0.013286590576171875 141336 0
0.012119293212890625 0.015461921691894531 153496 0
0.01217031478881836 0.015393733978271484 154579 0
0.011868953704833984 0.012722969055175781 155871 0
0.012791156768798828 0.015545129776000977 153750 0
0.011182308197021484 0.014248847961425781 154289 0
0.011400461196899414 0.013988971710205078 155540 0
0.010272741317749023 0.015441417694091797 154418 0
0.01051020622253418 0.015022993087768555 154696 0
0.012543916702270508 0.01483607292175293 156196 0
0.011692047119140625 0.013637065887451172 154129 0
0.011582612991333008 0.013640880584716797 154334 0
0.012538909912109375 0.0158231258392334 154632 0
0.011653423309326172 0.013653993606567383 153481 0
0.011213302612304688 0.013524770736694336 152939 0
0.011344194412231445 0.014233589172363281 153638 0
0.011962175369262695 0.015133857727050781 152851 0
0.014808893203735352 0.015312433242797852 152725 0
0.011821508407592773 0.013547897338867188 154015 0
0.011969327926635742 0.01377415657043457 153525 0
0.011628150939941406 0.013936996459960938 153558 0
0.011397123336791992 0.014124155044555664 154751 0
0.012015581130981445 0.014439821243286133 154036 0
0.011626482009887695 0.013902902603149414 153642 0
0.012022733688354492 0.014586925506591797 154437 0
0.012387752532958984 0.015030145645141602 153408 0
0.011631965637207031 0.013706207275390625 154000 0
0.011449098587036133 0.01558375358581543 151218 0
0.011449575424194336 0.013098001480102539 152779 0
0.011487007141113281 0.01355433464050293 152450 0
0.012484073638916016 0.012836694717407227 139044 0
0.012459278106689453 0.014595508575439453 150704 0
0.01045846939086914 0.014167308807373047 152045 0
0.011899709701538086 0.015379190444946289 152782 0
0.011612415313720703 0.014609813690185547 151132 0
0.0124664306640625 0.0141448974609375 152489 0
0.013203859329223633 0.013588666915893555 153340 0
0.012165546417236328 0.01411747932434082 153273 0
0.011521339416503906 0.014368057250976562 153006 0
0.011472702026367188 0.014973878860473633 152882 0
0.011765480041503906 0.013507604598999023 151613 0
0.012175798416137695 0.014665842056274414 151576 0
0.012386083602905273 0.015327215194702148 150912 0
0.011814117431640625 0.013495206832885742 150947 0
0.01146388053894043 0.01413106918334961 151345 0
0.012228250503540039 0.01482081413269043 151819 0
0.010996818542480469 0.013810157775878906 147902 0
0.012699604034423828 0.014966964721679688 147516 0
0.011522054672241211 0.014796018600463867 149050 0
0.012014150619506836 0.012653112411499023 150189 0
0.01190948486328125 0.014199256896972656 149715 0
0.012057304382324219 0.014061689376831055 151107 0
0.011889457702636719 0.014554500579833984 152135 0
0.011434555053710938 0.013877153396606445 152607 0
0.011968851089477539 0.015627145767211914 152441 0
0.011009693145751953 0.013961076736450195 152323 0
0.013870716094970703 0.013489961624145508 148171 0
0.011888265609741211 0.01391911506652832 145484 0
0.011228084564208984 0.014000415802001953 147161 0
0.012133598327636719 0.01472616195678711 145797 0
0.011327505111694336 0.013685464859008789 134254 0
0.01228952407836914 0.013190984725952148 146748 0
0.010760784149169922 0.013168811798095703 147227 0
0.011552095413208008 0.01385045051574707 146675 0
0.012176513671875 0.017363309860229492 144276 0
0.012196063995361328 0.013564586639404297 145644 0
0.011266231536865234 0.014341115951538086 150283 0
0.017289161682128906 0.012604475021362305 147838 0
0.012214183807373047 0.013549566268920898 148152 0
0.012133359909057617 0.014817476272583008 147318 0
0.011610984802246094 0.015094995498657227 144717 0
0.011381149291992188 0.013055086135864258 143823 0
0.011282205581665039 0.013929128646850586 144446 0
0.011153459548950195 0.012866973876953125 143929 0
0.011560678482055664 0.012887239456176758 143393 0
0.011079072952270508 0.013545036315917969 144635 0
0.01187276840209961 0.013887405395507812 145459 0
0.011819601058959961 0.0147857666015625 147271 0
0.011485576629638672 0.015147924423217773 148115 0
0.011513233184814453 0.012495279312133789 146160 0
0.010190725326538086 0.014183759689331055 146153 0
0.010536909103393555 0.014850854873657227 146516 0
0.01079869270324707 0.01354837417602539 145680 0
0.012367725372314453 0.013501882553100586 145791 0
0.012470722198486328 0.014343976974487305 145215 0
0.012465476989746094 0.013804912567138672 144771 0
0.011494636535644531 0.014488935470581055 143785 0
0.011813879013061523 0.013988256454467773 140511 0
0.011069774627685547 0.01262664794921875 144228 0
0.011748552322387695 0.013945579528808594 142725 0
0.012267351150512695 0.014890432357788086 131687 0
0.011609077453613281 0.013677597045898438 143124 0
0.011257171630859375 0.01370382308959961 145120 0
0.010148763656616211 0.01400899887084961 145666 0
0.011592388153076172 0.013239145278930664 143942 0
0.010362386703491211 0.01401972770690918 145952 0
0.011171579360961914 0.013074398040771484 144851 0
0.010531187057495117 0.014199972152709961 144194 0
0.01077723503112793 0.013836145401000977 149338 0
0.01062154769897461 0.015100479125976562 147580 0
0.011711597442626953 0.013989686965942383 133796 0
0.012162923812866211 0.012792110443115234 147100 0
0.011624574661254883 0.014284610748291016 148973 0
0.011569976806640625 0.013875961303710938 147898 0
0.011139154434204102 0.014202356338500977 146575 0
0.011734485626220703 0.014239311218261719 148708 0
0.010276079177856445 0.014485836029052734 151166 0
0.012315511703491211 0.013947248458862305 150390 0
0.011889457702636719 0.014255046844482422 151714 0
0.012970924377441406 0.01500248908996582 149941 0
0.01130223274230957 0.013848066329956055 150202 0
0.011507987976074219 0.013360738754272461 149266 0
0.011516332626342773 0.013892650604248047 150049 0
0.011932373046875 0.013835906982421875 151012 0
0.012542963027954102 0.014080286026000977 151185 0
0.011256933212280273 0.013447761535644531 149407 0
0.011772871017456055 0.013674259185791016 145217 0
0.011963605880737305 0.01546931266784668 145699 0
0.011887073516845703 0.012981653213500977 150819 0
0.011792898178100586 0.013877630233764648 150926 0
0.012084007263183594 0.0135650634765625 152466 0
0.011493921279907227 0.013734579086303711 151603 0
0.012015819549560547 0.012737274169921875 149734 0
0.011317014694213867 0.014101982116699219 149514 0
0.011002302169799805 0.014088153839111328 150315 0
0.011471033096313477 0.01368260383605957 150218 0
0.012999296188354492 0.01585698127746582 149098 0
0.011039972305297852 0.014118432998657227 149368 0
0.011854171752929688 0.014386892318725586 149874 0
0.011725187301635742 0.014779329299926758 148496 0
0.011234521865844727 0.012757301330566406 151116 0
0.011434555053710938 0.01374363899230957 149687 0
0.01123666763305664 0.014296531677246094 150273 0
0.011626005172729492 0.014116287231445312 150431 0
0.012283563613891602 0.014584541320800781 149349 0
0.012034177780151367 0.015793800354003906 149050 0
0.011643171310424805 0.013933897018432617 144201 0
0.011493206024169922 0.015108346939086914 148491 0
0.010169029235839844 0.013625144958496094 147072 0
0.01111459732055664 0.013892889022827148 134818 0
0.012549161911010742 0.013962268829345703 148060 0
0.012542486190795898 0.013458967208862305 148624 0
0.011917352676391602 0.014052152633666992 148904 0
0.011327743530273438 0.012485980987548828 146465 0
0.012330293655395508 0.01425933837890625 148002 0
0.011424779891967773 0.013025045394897461 152966 0
0.012581586837768555 0.01380157470703125 152709 0
0.012314796447753906 0.014666318893432617 153152 0
0.012529850006103516 0.013573646545410156 152862 0
0.013141155242919922 0.013048410415649414 150322 0
0.011815309524536133 0.013645410537719727 151626 0
0.011728763580322266 0.013721942901611328 149583 0
0.012218952178955078 0.012757301330566406 149979 0
0.011463403701782227 0.01373744010925293 151194 0
0.012830495834350586 0.013789176940917969 150399 0
0.012081146240234375 0.013195991516113281 150129 0
0.011406421661376953 0.012814521789550781 151974 0
0.012151479721069336 0.014653921127319336 154167 0
0.011301517486572266 0.01368856430053711 151127 0
0.011659860610961914 0.012681961059570312 152831 0
0.012364387512207031 0.015108823776245117 152092 0
0.012563705444335938 0.014137506484985352 151686 0
0.011281967163085938 0.013839244842529297 150691 0
0.011668205261230469 0.013077259063720703 152373 0
0.011778831481933594 0.01416635513305664 167892 0
0.011572122573852539 0.01395106315612793 171760 0
0.012801647186279297 0.014795303344726562 172284 0
0.01177358627319336 0.015613555908203125 173379 0
0.011750459671020508 0.014441728591918945 172517 0
0.011761188507080078 0.013767004013061523 172614 0
0.01351022720336914 0.014626741409301758 173619 0
0.011656045913696289 0.01306009292602539 171625 0
0.011486530303955078 0.013304948806762695 173971 0
0.011420249938964844 0.020012378692626953 173908 0
0.011835336685180664 0.01445770263671875 171151 0
0.010905265808105469 0.014543294906616211 173803 0
0.012580394744873047 0.013990163803100586 173579 0
0.01204991340637207 0.014690637588500977 173294 0
0.011913776397705078 0.015452146530151367 173780 0
0.012363195419311523 0.01528620719909668 174403 0
0.012332439422607422 0.01502847671508789 174838 0
0.012227773666381836 0.014570236206054688 172418 0
0.011988639831542969 0.014713764190673828 164351 0
0.011074304580688477 0.01405191421508789 174086 0
0.012117147445678711 0.014389991760253906 174157 0
0.012861013412475586 0.013564109802246094 174654 0
0.011811494827270508 0.014777660369873047 175214 0
0.012106180191040039 0.014621973037719727 174473 0
0.012183904647827148 0.013532161712646484 177521 0
0.011966943740844727 0.014059305191040039 174659 0
0.012506246566772461 0.01442718505859375 176986 0
0.012172698974609375 0.014089584350585938 176125 0
0.012325048446655273 0.014612436294555664 159371 0
0.012072324752807617 0.0130462646484375 175242 0
0.012118339538574219 0.014316797256469727 175111 0
0.01289224624633789 0.013748884201049805 176648 0
0.012000560760498047 0.014948844909667969 177247 0
0.013879776000976562 0.01394963264465332 178850 0
0.011179685592651367 0.014317035675048828 178525 0
0.010506391525268555 0.015293121337890625 179357 0
0.012761592864990234 0.01509237289428711 179240 0
0.012025117874145508 0.013057470321655273 178340 0
0.011621952056884766 0.014966011047363281 174475 0
0.01169133186340332 0.014495134353637695 179020 0
0.011921405792236328 0.01430821418762207 176378 0
0.012054443359375 0.013838529586791992 178134 0
0.012084245681762695 0.015621662139892578 178809 0
0.012104511260986328 0.013996601104736328 179263 0
0.011870384216308594 0.013880491256713867 178259 0
0.012022733688354492 0.013593435287475586 180285 0
0.013073205947875977 0.013931751251220703 179148 0
0.012114286422729492 0.01547861099243164 180194 0
0.011673212051391602 0.013059854507446289 170535 0
0.01202535629272461 0.013198375701904297 179840 0
0.011343717575073242 0.014405250549316406 179863 0
0.012574195861816406 0.014691591262817383 180053 0
0.012758970260620117 0.01396489143371582 180018 0
0.012655258178710938 0.014594316482543945 179646 0
0.013166189193725586 0.014639616012573242 180546 0
0.012430429458618164 0.014301776885986328 176466 0
0.012843847274780273 0.0162353515625 181046 0
0.012434244155883789 0.014853715896606445 182504 0
0.012053966522216797 0.015012025833129883 162913 0
0.012051582336425781 0.014557361602783203 179548 0
0.011698722839355469 0.015402555465698242 175958 0
0.011850357055664062 0.014149665832519531 175889 0
0.011700153350830078 0.014623880386352539 181189 0
0.011689901351928711 0.014522552490234375 182336 0
0.012314796447753906 0.01519918441772461 177026 0
0.012056589126586914 0.014723777770996094 183239 0
0.011477231979370117 0.014830827713012695 182623 0
0.012445688247680664 0.015144109725952148 182141 0
0.012102603912353516 0.014960050582885742 182646 0
0.012801647186279297 0.014360666275024414 181075 0
0.01221013069152832 0.015403270721435547 177466 0
0.01213383674621582 0.013860464096069336 181267 0
0.012449026107788086 0.014287948608398438 182758 0
0.012715578079223633 0.014047861099243164 181475 0
0.012076139450073242 0.014489173889160156 181810 0
0.012692928314208984 0.014183282852172852 180726 0
0.012451410293579102 0.016124486923217773 182111 0
0.011988162994384766 0.013742685317993164 181905 0
0.011922121047973633 0.014500617980957031 173076 0
0.012259721755981445 0.014432668685913086 179899 0
0.012518882751464844 0.01583099365234375 180529 0
0.011518716812133789 0.013071537017822266 180687 0
0.010566949844360352 0.014425992965698242 178887 0
0.010773897171020508 0.015418767929077148 179039 0
0.011476516723632812 0.013062477111816406 178773 0
0.01273798942565918 0.015223979949951172 173609 0
0.011919736862182617 0.015234708786010742 179935 0
0.011677265167236328 0.015086174011230469 179439 0
0.011224746704101562 0.015049457550048828 156296 0
0.012023210525512695 0.01593494415283203 174208 0
0.010651111602783203 0.015337467193603516 169265 0
0.01182103157043457 0.014686822891235352 169166 0
0.011908769607543945 0.015011310577392578 172242 0
0.012361288070678711 0.014539957046508789 174410 0
0.012690305709838867 0.015243291854858398 170629 0
0.011697053909301758 0.0131378173828125 175047 0
0.011460542678833008 0.014421939849853516 173802 0
0.013072490692138672 0.0170137882232666 172520 0
0.01296544075012207 0.01427769660949707 171108 0
0.01155853271484375 0.01361227035522461 171666 0
0.010828256607055664 0.013719558715820312 162926 0
0.011900663375854492 0.01584911346435547 170222 0
0.012062549591064453 0.01312708854675293 170483 0
0.011653423309326172 0.013378143310546875 170010 0
0.011043071746826172 0.015240192413330078 169604 0
0.010920286178588867 0.015108823776245117 170330 0
0.011241436004638672 0.013260364532470703 170035 0
0.01239156723022461 0.013988256454467773 169422 0
0.012395858764648438 0.014957904815673828 162607 0
0.01179957389831543 0.015230894088745117 169481 0
0.012200593948364258 0.014137744903564453 172692 0
0.011989116668701172 0.014746904373168945 172209 0
0.012332439422607422 0.014865875244140625 171451 0
0.011774301528930664 0.014990806579589844 172474 0
0.011806011199951172 0.013244390487670898 171054 0
0.011577606201171875 0.013959884643554688 165386 0
0.011674165725708008 0.014566421508789062 169090 0
0.01220083236694336 0.014770746231079102 168652 0
0.012136220932006836 0.01306009292602539 149732 0
0.012142181396484375 0.01389455795288086 168151 0
0.010483264923095703 0.013886451721191406 162434 0
0.012393951416015625 0.014391422271728516 165049 0
0.011769294738769531 0.013705015182495117 167805 0
0.010976314544677734 0.013440847396850586 167955 0
0.010576963424682617 0.014111042022705078 166092 0
0.012307167053222656 0.014324665069580078 170039 0
0.012169837951660156 0.01548457145690918 170568 0
0.011671066284179688 0.015059471130371094 171013 0
0.011703014373779297 0.013918876647949219 170849 0
0.012293100357055664 0.019579172134399414 170913 0
0.011494636535644531 0.01370859146118164 163470 0
0.011674642562866211 0.014694929122924805 170881 0
0.011579275131225586 0.01624441146850586 171193 0
0.012331008911132812 0.01452183723449707 170575 0
0.012261390686035156 0.014333248138427734 170390 0
0.010558366775512695 0.013695478439331055 171221 0
0.012044429779052734 0.015385150909423828 169743 0
0.012527942657470703 0.014605522155761719 170064 0
0.010528802871704102 0.01373910903930664 162278 0
0.012336492538452148 0.014462709426879883 168505 0
0.010659456253051758 0.015471696853637695 170004 0
0.011736392974853516 0.015027999877929688 168990 0
0.011362552642822266 0.013280153274536133 169225 0
0.011421680450439453 0.014434337615966797 168770 0
0.011681079864501953 0.013861656188964844 168299 0
0.011012792587280273 0.015090703964233398 164973 0
0.012405157089233398 0.014163732528686523 168695 0
0.011922836303710938 0.013480901718139648 168679 0
0.011833667755126953 0.013959407806396484 149463 0
0.011304378509521484 0.014137506484985352 166518 0
0.011240243911743164 0.01462411880493164 159913 0
0.011550664901733398 0.013665437698364258 163129 0
0.011533975601196289 0.012908458709716797 167940 0
0.011875152587890625 0.015439033508300781 168604 0
0.011972904205322266 0.01492762565612793 166114 0
0.01035308837890625 0.013966083526611328 169147 0
0.012495040893554688 0.013580799102783203 169765 0
0.011028289794921875 0.013651132583618164 169262 0
0.010827779769897461 0.013478517532348633 168645 0
0.01244354248046875 0.014218807220458984 168603 0
0.011649131774902344 0.014312267303466797 160054 0
0.01144099235534668 0.014731884002685547 168965 0
0.012037277221679688 0.014423608779907227 168536 0
0.011937618255615234 0.013862848281860352 168132 0
0.01199030876159668 0.01557302474975586 167917 0
0.010303735733032227 0.014501810073852539 168980 0
0.01187896728515625 0.01325678825378418 168032 0
0.01218724250793457 0.015541553497314453 168094 0
0.011795759201049805 0.014364242553710938 158737 0
0.012128829956054688 0.01489710807800293 168150 0
0.010960102081298828 0.01989436149597168 169014 0
0.012071609497070312 0.014438152313232422 168904 0
0.01097559928894043 0.01523900032043457 168561 0
0.013322591781616211 0.01856207847595215 168548 0
0.011504173278808594 0.012914896011352539 168034 0
0.0123748779296875 0.014379024505615234 163771 0
0.016559839248657227 0.013710975646972656 168201 0
0.011913776397705078 0.013858318328857422 168018 0
0.012645483016967773 0.013369560241699219 151730 0
0.01271820068359375 0.013699531555175781 167304 0
0.01180887222290039 0.013890981674194336 157224 0
0.011852502822875977 0.01426839828491211 167132 0
0.012534141540527344 0.014933586120605469 168007 0
0.011423826217651367 0.015437126159667969 168762 0
0.011474132537841797 0.013637065887451172 165015 0
0.012303590774536133 0.013737678527832031 169026 0
0.011608600616455078 0.013837337493896484 169442 0
0.012738227844238281 0.015526294708251953 169400 0
0.010385751724243164 0.014074087142944336 169796 0
0.01159048080444336 0.014837265014648438 168762 0
0.010422945022583008 0.014658451080322266 160830 0
0.012333393096923828 0.014741659164428711 168849 0
0.012406587600708008 0.013152837753295898 169098 0
0.011917591094970703 0.014006853103637695 169616 0
0.010469198226928711 0.014258146286010742 170152 0
0.01190638542175293 0.014301776885986328 170034 0
0.011991024017333984 0.014169692993164062 167904 0
0.011591672897338867 0.014400005340576172 168245 0
0.01108694076538086 0.01426243782043457 162044 0
0.012257814407348633 0.013986587524414062 166629 0
0.014081478118896484 0.013923168182373047 176681 0
0.01047658920288086 0.014241933822631836 176253 0
0.011986017227172852 0.015196561813354492 176977 0
0.013006448745727539 0.015459537506103516 177511 0
0.010947942733764648 0.014418601989746094 178300 0
0.010893106460571289 0.014014005661010742 176594 0
0.011663675308227539 0.014838695526123047 178633 0
0.013031959533691406 0.015882253646850586 176280 0
0.011559724807739258 0.014582395553588867 175219 0
0.011440753936767578 0.013576269149780273 176935 0
0.012884378433227539 0.01369023323059082 172841 0
0.013129949569702148 0.014348745346069336 174604 0
0.011659383773803711 0.014187335968017578 175377 0
0.01157236099243164 0.013266324996948242 175951 0
0.011805534362792969 0.018090486526489258 177947 0
0.012050628662109375 0.014999628067016602 177292 0
0.012289285659790039 0.01568436622619629 177179 0
0.011647462844848633 0.01571178436279297 177688 0
0.011585474014282227 0.013383626937866211 177640 0
0.012154579162597656 0.013901472091674805 175473 0
0.010699987411499023 0.015104055404663086 174431 0
0.011471271514892578 0.014618158340454102 173775 0
0.01112675666809082 0.01423954963684082 174271 0
0.01171875 0.013751983642578125 173226 0
0.011919975280761719 0.013229846954345703 174581 0
0.012354612350463867 0.013094902038574219 174519 0
0.011486291885375977 0.014383554458618164 173090 0
0.012468814849853516 0.014894723892211914 176552 0
0.012426614761352539 0.01561284065246582 176944 0
0.012005805969238281 0.014669418334960938 175150 0
0.012162446975708008 0.014639139175415039 175465 0
0.01198887825012207 0.014150857925415039 176743 0
0.011883735656738281 0.014169931411743164 174999 0
0.012499094009399414 0.015430450439453125 174650 0
0.01175689697265625 0.013594865798950195 173825 0
0.011877775192260742 0.01400136947631836 174293 0
0.01203775405883789 0.014636516571044922 173234 0
0.012352228164672852 0.01480865478515625 174925 0
0.011921882629394531 0.01425790786743164 176403 0
0.012068748474121094 0.014740467071533203 173284 0
0.011442184448242188 0.01377558708190918 173693 0
0.011625528335571289 0.013183355331420898 173637 0
0.013092994689941406 0.014760494232177734 173828 0
0.010952472686767578 0.014322042465209961 172984 0
0.011235475540161133 0.01409912109375 173283 0
0.01066279411315918 0.015139102935791016 173232 0
0.01056051254272461 0.014609575271606445 172080 0
0.011758089065551758 0.013360977172851562 173574 0
0.011669158935546875 0.013990402221679688 175384 0
0.011528968811035156 0.012874603271484375 173746 0
0.012490034103393555 0.014294862747192383 175118 0
0.011164426803588867 0.013421297073364258 175168 0
0.012388944625854492 0.01985025405883789 173727 0
0.012583494186401367 0.013857126235961914 174393 0
0.011870622634887695 0.014393091201782227 172565 0
0.012371301651000977 0.014893770217895508 172621 0
0.010355949401855469 0.01398324966430664 172477 0
0.012559890747070312 0.013675451278686523 172699 0
0.01152491569519043 0.013419866561889648 173742 0
0.011296272277832031 0.01415109634399414 174352 0
0.011744499206542969 0.014296770095825195 173891 0
0.012133359909057617 0.015009403228759766 174851 0
0.010471105575561523 0.014484882354736328 174711 0
0.01133418083190918 0.014130830764770508 175835 0
0.012555122375488281 0.01304316520690918 176019 0
0.012188196182250977 0.013143777847290039 175870 0
0.012154102325439453 0.015315532684326172 176045 0
0.012438058853149414 0.014043331146240234 177000 0
0.011476278305053711 0.014116525650024414 175323 0
0.012211799621582031 0.014418840408325195 175901 0
0.011331558227539062 0.014707088470458984 174697 0
0.012539386749267578 0.014758825302124023 174821 0
0.011840105056762695 0.014324665069580078 171196 0
0.010565996170043945 0.014435052871704102 178783 0
0.014006614685058594 0.01310873031616211 177992 0
0.011786937713623047 0.014927148818969727 178139 0
0.011873483657836914 0.014626026153564453 178408 0
0.01194906234741211 0.013543367385864258 180875 0
0.011779069900512695 0.014202356338500977 179868 0
0.011719465255737305 0.014514923095703125 181184 0
0.012073278427124023 0.014300107955932617 180101 0
0.012722969055175781 0.015131235122680664 180547 0
0.010905027389526367 0.01522207260131836 167497 0
0.01294398307800293 0.014292001724243164 166098 0
0.01236271858215332 0.014699697494506836 175562 0
0.012700796127319336 0.014529943466186523 182171 0
0.0121612548828125 0.014050006866455078 171345 0
0.011847734451293945 0.014327049255371094 177116 0
0.01204228401184082 0.014243364334106445 168931 0
0.011700630187988281 0.014335393905639648 169761 0
0.012360095977783203 0.014848709106445312 170665 0
0.01171731948852539 0.012915849685668945 174347 0
0.01324319839477539 0.014625787734985352 173899 0
0.012204170227050781 0.014377832412719727 172778 0
0.011448860168457031 0.014616250991821289 176351 0
0.012641668319702148 0.013840436935424805 175862 0
0.011529207229614258 0.01433706283569336 165088 0
0.012195348739624023 0.01388406753540039 178930 0
0.012038230895996094 0.014522552490234375 175644 0
0.01241612434387207 0.014552116394042969 173829 0
0.012290477752685547 0.015254497528076172 179682 0
0.012843847274780273 0.014750242233276367 180562 0
0.011506080627441406 0.016443490982055664 168074 0
0.012660980224609375 0.01421046257019043 180602 0
0.012231826782226562 0.015200138092041016 181345 0
0.011224031448364258 0.014337778091430664 182543 0
0.012195348739624023 0.01554417610168457 181257 0
0.01210474967956543 0.013640880584716797 183428 0
0.012463808059692383 0.01503896713256836 182784 0
0.011626243591308594 0.013107776641845703 183350 0
0.011999845504760742 0.015384912490844727 181366 0
0.011948347091674805 0.015799999237060547 183549 0
0.011211633682250977 0.014541387557983398 186175 0
0.010467290878295898 0.014238834381103516 183942 0
0.012546539306640625 0.014456748962402344 182835 0
0.01258087158203125 0.014678001403808594 182466 0
0.012336254119873047 0.014835596084594727 180894 0
0.012627601623535156 0.014225006103515625 181695 0
0.01230311393737793 0.014045238494873047 181543 0
0.01098012924194336 0.013690471649169922 180304 0
0.012253761291503906 0.014366626739501953 180801 0
0.011607646942138672 0.014325141906738281 181826 0
0.012276411056518555 0.014838933944702148 182470 0
0.011921882629394531 0.014475345611572266 180360 0
0.012171030044555664 0.013803958892822266 182915 0
0.010962486267089844 0.015094280242919922 183977 0
0.011962413787841797 0.013155698776245117 171867 0
0.012806177139282227 0.01372671127319336 182405 0
0.011908531188964844 0.014879941940307617 178201 0
0.012630462646484375 0.013457536697387695 178100 0
0.01152801513671875 0.013240814208984375 182288 0
0.012866020202636719 0.014543771743774414 182902 0
0.011788129806518555 0.014663457870483398 172841 0
0.012145519256591797 0.014681577682495117 182808 0
0.01236414909362793 0.014995336532592773 181359 0
0.012033700942993164 0.01476597785949707 183862 0
0.011754274368286133 0.014902114868164062 181933 0
0.013265609741210938 0.013788700103759766 182041 0
0.013291120529174805 0.015358209609985352 182491 0
0.012171745300292969 0.01439356803894043 183176 0
0.01264643669128418 0.014608383178710938 185053 0
0.012537240982055664 0.015054941177368164 186153 0
0.01247549057006836 0.01495504379272461 184186 0
0.011687994003295898 0.01997661590576172 186310 0
0.010696172714233398 0.01436758041381836 185298 0
0.011818408966064453 0.014977216720581055 186610 0
0.012191057205200195 0.014171123504638672 184503 0
0.011542797088623047 0.014749765396118164 183981 0
0.011513471603393555 0.015276193618774414 183694 0
0.01262044906616211 0.014357805252075195 182585 0
0.011496543884277344 0.014424800872802734 184987 0
0.012022733688354492 0.015157222747802734 185123 0
0.011872529983520508 0.013966083526611328 184885 0
0.01338052749633789 0.015214681625366211 181512 0
0.011904478073120117 0.01423192024230957 185643 0
0.010833501815795898 0.01579761505126953 186546 0
0.010955810546875 0.01405644416809082 174947 0
0.010683536529541016 0.014458417892456055 186846 0
0.012079715728759766 0.013896703720092773 185577 0
0.012017965316772461 0.015828371047973633 184149 0
0.010685443878173828 0.015169620513916016 188154 0
0.011096715927124023 0.013620138168334961 188782 0
0.01306009292602539 0.014323711395263672 182152 0
0.012037515640258789 0.015594482421875 189929 0
0.011412858963012695 0.01334691047668457 187612 0
0.01116633415222168 0.015183210372924805 188371 0
0.012372255325317383 0.015871047973632812 186115 0
0.01262974739074707 0.013913631439208984 182789 0
0.012290239334106445 0.013860702514648438 182131 0
0.011981964111328125 0.014757394790649414 181238 0
0.012186050415039062 0.015456914901733398 180601 0
0.0109405517578125 0.014999151229858398 181248 0
0.012328624725341797 0.014623165130615234 179839 0
0.012809991836547852 0.01475977897644043 180883 0
0.012275457382202148 0.014572620391845703 179640 0
0.011729001998901367 0.014293193817138672 178269 0
0.010881185531616211 0.01361703872680664 177435 0
0.012872695922851562 0.013457298278808594 177081 0
0.012356996536254883 0.019497394561767578 180168 0
0.011994123458862305 0.014896392822265625 179955 0
0.01306295394897461 0.014696598052978516 180452 0
0.012896060943603516 0.016812801361083984 178750 0
0.011826276779174805 0.013793706893920898 177316 0
0.012700080871582031 0.013923168182373047 178581 0
0.012771129608154297 0.01377105712890625 178954 0
0.011972904205322266 0.01503753662109375 177633 0
0.012649774551391602 0.0138702392578125 177931 0
0.011604785919189453 0.014533758163452148 175918 0
0.012151718139648438 0.014131546020507812 177520 0
0.012809038162231445 0.013502120971679688 176651 0
0.011751174926757812 0.014159202575683594 179334 0
0.011918783187866211 0.014461517333984375 178012 0
0.01275491714477539 0.013671159744262695 179298 0
0.012639284133911133 0.013660669326782227 177262 0
0.011735916137695312 0.015171527862548828 178290 0
0.01151132583618164 0.014739751815795898 178884 0
