0.009129047393798828 0.013634681701660156 55525 0
0.010358095169067383 0.014095306396484375 55374 0
0.011549711227416992 0.01120138168334961 56661 0
0.010944843292236328 0.011065483093261719 55595 0
0.010329723358154297 0.011209249496459961 57066 0
0.011184453964233398 0.011628389358520508 58057 0
0.010787487030029297 0.012437820434570312 58111 0
0.01153254508972168 0.011240005493164062 57974 0
0.010906696319580078 0.011221885681152344 57750 0
0.009622812271118164 0.012667179107666016 57740 0
0.010994672775268555 0.01228785514831543 56247 0
0.009343624114990234 0.011760473251342773 55085 0
0.010990619659423828 0.011756420135498047 57633 0
0.010334253311157227 0.010994434356689453 56026 0
0.010406017303466797 0.011189460754394531 48375 0
0.011159181594848633 0.01120305061340332 55834 0
0.010308265686035156 0.01104593276977539 54712 0
0.010480165481567383 0.011411666870117188 53436 0
0.009445905685424805 0.01358485221862793 51091 0
0.009111881256103516 0.012818098068237305 54868 0
0.009333133697509766 0.013043880462646484 54341 0
0.011114358901977539 0.011389970779418945 52711 0
0.01022481918334961 0.011010885238647461 54908 0
0.009449958801269531 0.012586116790771484 57093 0
0.010560035705566406 0.01107931137084961 57352 0
0.00955510139465332 0.011987686157226562 56489 0
0.009452104568481445 0.012608766555786133 53023 0
0.01186370849609375 0.011423587799072266 56255 0
0.00993657112121582 0.013526439666748047 56554 0
0.009099960327148438 0.01211237907409668 54588 0
0.010399580001831055 0.013004064559936523 56436 0
0.010545730590820312 0.013622760772705078 56877 0
0.010878801345825195 0.01728677749633789 55699 0
0.009183406829833984 0.012529611587524414 55867 0
0.010947704315185547 0.011454582214355469 52913 0
0.017825841903686523 0.011482715606689453 57061 0
0.010364055633544922 0.01117086410522461 59919 0
0.01040196418762207 0.011098384857177734 58423 0
0.009784460067749023 0.012552976608276367 59639 0
0.00979471206665039 0.013098716735839844 56884 0
0.009593486785888672 0.012337207794189453 53662 0
0.010680437088012695 0.013226747512817383 54964 0
0.010452032089233398 0.01159811019897461 57755 0
0.009238004684448242 0.012041568756103516 57706 0
0.010087251663208008 0.011028051376342773 51142 0
0.009793281555175781 0.012807369232177734 57234 0
0.010341405868530273 0.012222766876220703 58275 0
0.011704206466674805 0.01136469841003418 57255 0
0.011765003204345703 0.011792659759521484 58094 0
0.010280132293701172 0.012324333190917969 57809 0
0.010302543640136719 0.011221647262573242 57188 0
0.01068115234375 0.011337995529174805 58331 0
0.010712623596191406 0.01121377944946289 57842 0
0.011469841003417969 0.011772632598876953 58156 0
0.011139392852783203 0.012030363082885742 58241 0
0.010544776916503906 0.011295318603515625 58538 0
0.010324478149414062 0.011581659317016602 58601 0
0.010269641876220703 0.011644601821899414 58550 0
0.01031184196472168 0.011356353759765625 58634 0
0.009653091430664062 0.01296687126159668 58615 0
0.010243415832519531 0.01331949234008789 57342 0
0.010750055313110352 0.011363506317138672 57499 0
0.011794328689575195 0.011493444442749023 57240 0
0.010654211044311523 0.011633157730102539 56720 0
0.010437726974487305 0.0117950439453125 55434 0
0.011168241500854492 0.01214146614074707 56895 0
0.009965896606445312 0.012383460998535156 57352 0
0.011467933654785156 0.01126861572265625 57380 0
0.009072065353393555 0.01356649398803711 56977 0
0.010796546936035156 0.01256251335144043 56784 0
0.010946035385131836 0.011292695999145508 55973 0
0.010864019393920898 0.013366460800170898 54786 0
0.010711908340454102 0.011164426803588867 56799 0
0.010837554931640625 0.011272430419921875 55875 0
0.010620355606079102 0.011648893356323242 47903 0
0.010307550430297852 0.011047840118408203 56503 0
0.009014129638671875 0.012990236282348633 56063 0
0.01041102409362793 0.010972261428833008 54330 0
0.011214494705200195 0.013222932815551758 55031 0
0.010630369186401367 0.011291265487670898 54992 0
0.00951385498046875 0.013982534408569336 56348 0
0.01065683364868164 0.013952255249023438 56447 0
0.011111021041870117 0.011308670043945312 55505 0
0.010669708251953125 0.011170625686645508 55423 0
0.010791778564453125 0.012927055358886719 56654 0
0.009931087493896484 0.011516332626342773 56524 0
0.009962797164916992 0.012871265411376953 53635 0
0.010100364685058594 0.011636018753051758 56698 0
0.011351585388183594 0.011209249496459961 56768 0
0.010775327682495117 0.013803958892822266 57121 0
0.00960993766784668 0.012346506118774414 56456 0
0.010784149169921875 0.012588977813720703 56364 0
0.010884761810302734 0.012590885162353516 56678 0
0.011113882064819336 0.012826681137084961 54912 0
0.010492801666259766 0.011252641677856445 56706 0
0.01019144058227539 0.012059688568115234 56241 0
0.011186838150024414 0.011358499526977539 48303 0
0.010742425918579102 0.01137685775756836 57038 0
0.010323286056518555 0.012311220169067383 56995 0
0.010495185852050781 0.011032819747924805 54469 0
0.01032710075378418 0.012551307678222656 55390 0
0.009692192077636719 0.013024091720581055 55774 0
0.010636568069458008 0.011347532272338867 56323 0
0.009791135787963867 0.011977672576904297 58377 0
0.009710550308227539 0.013411521911621094 57813 0
0.011072874069213867 0.011670589447021484 58080 0
0.010639429092407227 0.01107335090637207 57971 0
0.011139392852783203 0.011384725570678711 58844 0
0.010429859161376953 0.01349020004272461 58800 0
0.009725332260131836 0.012519121170043945 58354 0
0.011858701705932617 0.011362075805664062 58321 0
0.010547399520874023 0.012216567993164062 58145 0
0.014923810958862305 0.01257181167602539 58159 0
0.01113581657409668 0.012989997863769531 58622 0
0.011343717575073242 0.013223886489868164 57044 0
0.010739564895629883 0.01109766960144043 58228 0
0.011222362518310547 0.011493444442749023 53603 0
0.010452508926391602 0.011414051055908203 58546 0
0.012464284896850586 0.01125955581665039 58146 0
0.011120319366455078 0.011214971542358398 58255 0
0.010451316833496094 0.011275291442871094 56998 0
0.010292291641235352 0.012032747268676758 57756 0
0.011036396026611328 0.011012792587280273 56817 0
0.009935617446899414 0.01182246208190918 55643 0
0.010425090789794922 0.012372255325317383 57238 0
0.009911537170410156 0.011989116668701172 57294 0
0.010016202926635742 0.011473894119262695 49470 0
0.010367393493652344 0.011746406555175781 55918 0
0.010200262069702148 0.01096653938293457 50990 0
0.010293722152709961 0.011305570602416992 52629 0
0.01008462905883789 0.011968612670898438 53407 0
0.013451814651489258 0.014678001403808594 54512 0
0.010315418243408203 0.011490106582641602 52762 0
0.010055780410766602 0.012070655822753906 54756 0
0.01047062873840332 0.011645078659057617 56154 0
0.010032892227172852 0.012259244918823242 56965 0
0.01347041130065918 0.015050649642944336 56530 0
0.013982295989990234 0.019011974334716797 56929 0
0.010880231857299805 0.011952400207519531 56063 0
0.010964632034301758 0.011380672454833984 56895 0
0.01155233383178711 0.011612176895141602 57788 0
0.01114344596862793 0.011483192443847656 58422 0
0.010423421859741211 0.011041402816772461 57191 0
0.01025390625 0.010967016220092773 57462 0
0.010957956314086914 0.01106715202331543 56955 0
0.010743856430053711 0.01145315170288086 59332 0
0.010518789291381836 0.011475324630737305 58080 0
0.010567903518676758 0.011706352233886719 57195 0
0.010610818862915039 0.012995004653930664 55504 0
0.011162281036376953 0.011265754699707031 55283 0
0.010939598083496094 0.011438131332397461 58240 0
0.010325431823730469 0.011161327362060547 60864 0
0.010535001754760742 0.01236581802368164 60237 0
0.01074528694152832 0.011395931243896484 59663 0
0.011843442916870117 0.011648178100585938 59694 0
0.010779619216918945 0.011030912399291992 57826 0
0.010870933532714844 0.011494636535644531 49130 0
0.010930776596069336 0.011706113815307617 56174 0
0.010074138641357422 0.011809110641479492 57070 0
0.010354280471801758 0.011588335037231445 53261 0
0.010335445404052734 0.011352300643920898 53296 0
0.010712146759033203 0.012848615646362305 53800 0
0.010999917984008789 0.011737585067749023 53625 0
0.009546995162963867 0.012989282608032227 54166 0
0.010955095291137695 0.012266159057617188 56397 0
0.010586023330688477 0.011898994445800781 54829 0
0.009215831756591797 0.012459516525268555 54475 0
0.010894536972045898 0.011452436447143555 57394 0
0.011449337005615234 0.011738300323486328 56403 0
0.010846853256225586 0.012753725051879883 59585 0
0.009879589080810547 0.01165461540222168 56085 0
0.011433601379394531 0.01117396354675293 58391 0
0.010220050811767578 0.011613130569458008 58610 0
0.01013326644897461 0.01123499870300293 59052 0
0.010351896286010742 0.013799428939819336 58712 0
0.01114654541015625 0.01343083381652832 58780 0
0.010695219039916992 0.012824535369873047 55457 0
0.011320829391479492 0.011470317840576172 59501 0
0.009821891784667969 0.012926578521728516 59885 0
0.010752677917480469 0.011107444763183594 59731 0
0.009610652923583984 0.012755870819091797 58520 0
0.011506795883178711 0.011705636978149414 57952 0
0.009644508361816406 0.01262807846069336 58288 0
0.009406805038452148 0.012585639953613281 56123 0
0.011620759963989258 0.011568784713745117 57976 0
0.011068344116210938 0.012006521224975586 57902 0
0.010003089904785156 0.013478517532348633 49917 0
0.010019540786743164 0.012163162231445312 58448 0
0.010164499282836914 0.01127481460571289 58663 0
0.010370254516601562 0.011328935623168945 55755 0
0.010259151458740234 0.012589693069458008 57164 0
0.011428594589233398 0.011291265487670898 57385 0
0.010955810546875 0.011408090591430664 57803 0
0.010185718536376953 0.011052608489990234 58525 0
0.011012077331542969 0.01125788688659668 58044 0
0.0108642578125 0.011148214340209961 57771 0
0.01733565330505371 0.01364898681640625 57971 0
0.010429143905639648 0.012275934219360352 58333 0
0.010472536087036133 0.01133418083190918 58327 0
0.011603355407714844 0.011610031127929688 57507 0
0.009181737899780273 0.01380777359008789 57384 0
0.010110855102539062 0.011060476303100586 51333 0
0.010809898376464844 0.012717485427856445 49223 0
0.010987520217895508 0.011165618896484375 50341 0
0.010241508483886719 0.010869979858398438 50146 0
0.010225772857666016 0.010754108428955078 50653 0
0.010243892669677734 0.010868549346923828 50699 0
0.01057887077331543 0.01115107536315918 51441 0
0.010554313659667969 0.011050224304199219 52489 0
0.010831594467163086 0.011242151260375977 52233 0
0.010972261428833008 0.011451482772827148 50878 0
0.011876106262207031 0.011594057083129883 51750 0
0.010283231735229492 0.012878179550170898 51799 0
0.00999760627746582 0.01228642463684082 50879 0
0.010259151458740234 0.011384010314941406 50997 0
0.011145353317260742 0.011677742004394531 50363 0
0.011084556579589844 0.013257026672363281 50429 0
0.010344266891479492 0.010889768600463867 47293 0
0.009736776351928711 0.013439416885375977 51050 0
0.010652542114257812 0.010961294174194336 51418 0
0.010969877243041992 0.0135040283203125 51432 0
0.0109100341796875 0.011068582534790039 51526 0
0.00958704948425293 0.012574911117553711 51431 0
0.010225534439086914 0.012238025665283203 51647 0
0.009911298751831055 0.011917591094970703 51823 0
0.010711431503295898 0.011860132217407227 51279 0
0.011445045471191406 0.011691570281982422 51248 0
0.00942373275756836 0.012241363525390625 51096 0
0.010814666748046875 0.012746334075927734 50764 0
0.009756088256835938 0.012421846389770508 51023 0
0.008962869644165039 0.012090206146240234 50455 0
0.010528326034545898 0.01101064682006836 50607 0
0.010913848876953125 0.013396024703979492 50653 0
0.011093854904174805 0.011391878128051758 50992 0
0.011104345321655273 0.012581825256347656 51501 0
0.009033918380737305 0.013714790344238281 51240 0
0.010279655456542969 0.011589288711547852 51216 0
0.010246753692626953 0.012567520141601562 50943 0
0.010892391204833984 0.011580467224121094 50932 0
0.01148676872253418 0.011226177215576172 50959 0
0.010355949401855469 0.010962724685668945 50512 0
0.009651899337768555 0.012318849563598633 50963 0
0.010001659393310547 0.011254549026489258 51303 0
0.009090900421142578 0.01176762580871582 50928 0
0.008943557739257812 0.012967824935913086 51220 0
0.010806798934936523 0.011629581451416016 50625 0
0.010125398635864258 0.01213836669921875 50614 0
0.010154008865356445 0.011267423629760742 46498 0
0.010994195938110352 0.012220144271850586 50667 0
0.010219097137451172 0.01087331771850586 50724 0
0.010046243667602539 0.011779069900512695 50987 0
0.010866403579711914 0.011160135269165039 51023 0
0.011047124862670898 0.011704444885253906 50936 0
0.010162830352783203 0.011049985885620117 50990 0
0.010222673416137695 0.012364387512207031 51141 0
0.009951353073120117 0.012001276016235352 51076 0
0.009303092956542969 0.011731624603271484 50948 0
0.010894775390625 0.013123273849487305 50383 0
0.011453866958618164 0.011533737182617188 49926 0
0.009914875030517578 0.01210474967956543 49981 0
0.010947704315185547 0.011664152145385742 49864 0
0.010264158248901367 0.01085662841796875 50191 0
0.011026859283447266 0.011394977569580078 50577 0
0.010363340377807617 0.012651443481445312 50623 0
0.011135101318359375 0.011513233184814453 51127 0
0.010782003402709961 0.011205434799194336 50895 0
0.009595394134521484 0.012155294418334961 51325 0
0.00977325439453125 0.012409210205078125 51092 0
0.010239124298095703 0.01108860969543457 51409 0
0.010557889938354492 0.011330366134643555 51386 0
0.010664224624633789 0.011069536209106445 50599 0
0.010409832000732422 0.010974407196044922 50785 0
0.010317802429199219 0.010954856872558594 50797 0
0.010376930236816406 0.011290550231933594 54741 0
0.010416746139526367 0.011969327926635742 54360 0
0.010747194290161133 0.013780355453491211 51679 0
0.012266874313354492 0.014307022094726562 58396 0
0.011795282363891602 0.012031316757202148 55843 0
0.009855508804321289 0.012022733688354492 58174 0
0.010744094848632812 0.01403355598449707 56528 0
0.011187553405761719 0.011026859283447266 54901 0
0.010436296463012695 0.010967731475830078 55684 0
0.010544061660766602 0.011135578155517578 55933 0
0.010364770889282227 0.011957168579101562 55776 0
0.009379863739013672 0.013202428817749023 55242 0
0.010390758514404297 0.011215448379516602 54500 0
0.010598421096801758 0.011911392211914062 52258 0
0.009000539779663086 0.01240396499633789 52343 0
0.010710477828979492 0.011533260345458984 50121 0
0.009866476058959961 0.012314796447753906 51384 0
0.011394262313842773 0.012044906616210938 51855 0
0.010858535766601562 0.01146841049194336 50986 0
0.011490106582641602 0.012091875076293945 50910 0
0.011893987655639648 0.011535882949829102 51355 0
0.010637760162353516 0.0109100341796875 51031 0
0.010781049728393555 0.011302947998046875 51279 0
0.010292291641235352 0.011666297912597656 51701 0
0.010159969329833984 0.012140989303588867 52133 0
0.01040506362915039 0.01108551025390625 52355 0
0.01038050651550293 0.010961055755615234 46349 0
0.010970354080200195 0.011474132537841797 52119 0
0.010587930679321289 0.012439727783203125 52592 0
0.009474754333496094 0.012630701065063477 51167 0
0.010543346405029297 0.011241674423217773 52502 0
0.011392354965209961 0.011713981628417969 52475 0
0.010846614837646484 0.011080741882324219 52183 0
0.010824441909790039 0.012006759643554688 52659 0
0.010953187942504883 0.01206517219543457 52182 0
0.010558366775512695 0.01113128662109375 51773 0
0.01068878173828125 0.011311531066894531 51539 0
0.009074926376342773 0.01204538345336914 51006 0
0.011206865310668945 0.011505603790283203 51214 0
0.011126279830932617 0.012224674224853516 51575 0
0.011669397354125977 0.011861085891723633 52054 0
0.010669946670532227 0.011089801788330078 52243 0
0.009482145309448242 0.012729167938232422 52572 0
0.009026050567626953 0.013786792755126953 52030 0
0.010941743850708008 0.011499166488647461 51602 0
0.010245323181152344 0.011057615280151367 51948 0
0.010961294174194336 0.011481285095214844 51569 0
0.009040594100952148 0.012621402740478516 51254 0
0.009520530700683594 0.011989116668701172 51567 0
0.009370088577270508 0.012059688568115234 51358 0
0.009180307388305664 0.012102365493774414 51490 0
0.01059269905090332 0.0128021240234375 51425 0
0.009682178497314453 0.013525009155273438 51032 0
0.010613679885864258 0.01244807243347168 50559 0
0.010152816772460938 0.012250423431396484 51787 0
0.010945320129394531 0.011250734329223633 51718 0
0.009008646011352539 0.013142824172973633 45314 0
0.011002779006958008 0.012859821319580078 51324 0
0.009685754776000977 0.01266789436340332 52424 0
0.009414196014404297 0.01219034194946289 50169 0
0.010491371154785156 0.012361288070678711 52499 0
0.010710000991821289 0.011008977890014648 52156 0
0.009465456008911133 0.012209892272949219 51216 0
0.010208368301391602 0.011149883270263672 52424 0
0.010493993759155273 0.011933326721191406 52109 0
0.009715557098388672 0.014129877090454102 52161 0
0.011758565902709961 0.011157512664794922 51898 0
0.010799407958984375 0.011362552642822266 51074 0
0.009765386581420898 0.012474536895751953 51870 0
0.010344505310058594 0.011067628860473633 50939 0
0.011244058609008789 0.011601448059082031 51567 0
0.009679794311523438 0.01190328598022461 51701 0
0.011369943618774414 0.01104879379272461 51965 0
0.010587453842163086 0.011183023452758789 52242 0
0.010119199752807617 0.010967731475830078 51931 0
0.011242866516113281 0.011142253875732422 51824 0
0.010968208312988281 0.012624263763427734 51669 0
0.011044502258300781 0.012842416763305664 51191 0
0.010463953018188477 0.011606693267822266 51803 0
0.011670827865600586 0.01118326187133789 51253 0
0.014923572540283203 0.01321268081665039 51583 0
0.010365009307861328 0.011388540267944336 51711 0
0.010338544845581055 0.012155532836914062 50973 0
0.010047674179077148 0.010956287384033203 50267 0
0.009741783142089844 0.013141393661499023 52208 0
0.009116888046264648 0.012338876724243164 51902 0
0.00940561294555664 0.011248350143432617 44513 0
0.01073765754699707 0.011356830596923828 50207 0
0.010915994644165039 0.012193679809570312 51332 0
0.01061105728149414 0.011499881744384766 48890 0
0.009487390518188477 0.011549949645996094 51476 0
0.010816812515258789 0.012104511260986328 52150 0
0.010393857955932617 0.01085519790649414 46970 0
0.009942293167114258 0.012680768966674805 44026 0
0.010864973068237305 0.012761592864990234 50334 0
0.010732173919677734 0.012360334396362305 51610 0
0.00924992561340332 0.012778759002685547 52864 0
0.009998798370361328 0.012065887451171875 52419 0
0.009186029434204102 0.011811017990112305 52767 0
0.011556386947631836 0.012230157852172852 53229 0
0.01028895378112793 0.011148452758789062 52719 0
0.010108232498168945 0.01242685317993164 51942 0
0.009106636047363281 0.01313018798828125 45727 0
0.010819196701049805 0.013259410858154297 45505 0
0.010647296905517578 0.011235237121582031 52401 0
0.010375499725341797 0.011719703674316406 52715 0
0.009497880935668945 0.011742353439331055 51682 0
0.011148214340209961 0.01148366928100586 52114 0
0.009894609451293945 0.012427806854248047 52169 0
0.009593963623046875 0.012407064437866211 52468 0
0.010635852813720703 0.012106657028198242 52945 0
0.009103059768676758 0.012140989303588867 53136 0
0.011102914810180664 0.011465787887573242 53028 0
0.010100841522216797 0.011386632919311523 51929 0
0.01006317138671875 0.011321306228637695 53159 0
0.008985042572021484 0.013193368911743164 52929 0
0.01105046272277832 0.011916160583496094 48737 0
0.00933074951171875 0.012298583984375 52445 0
0.010415315628051758 0.011308670043945312 52355 0
0.01080322265625 0.011359691619873047 52276 0
0.010196685791015625 0.011658191680908203 52936 0
0.011194229125976562 0.011332273483276367 52732 0
0.011985540390014648 0.011607170104980469 52219 0
0.01081538200378418 0.011136531829833984 51694 0
0.01079702377319336 0.013129472732543945 52209 0
0.010780096054077148 0.01172494888305664 52192 0
0.009720087051391602 0.012379169464111328 51613 0
0.011105775833129883 0.011405229568481445 52980 0
0.010910749435424805 0.01139378547668457 52513 0
0.009912252426147461 0.013021230697631836 52886 0
0.00912785530090332 0.013017654418945312 52546 0
0.01150059700012207 0.012079238891601562 53042 0
0.00966191291809082 0.011473894119262695 53297 0
0.012433290481567383 0.012094497680664062 52356 0
0.010975837707519531 0.012288093566894531 51295 0
0.009065866470336914 0.012015342712402344 52273 0
0.009351491928100586 0.01360774040222168 51310 0
0.012106895446777344 0.011004447937011719 45620 0
0.010408163070678711 0.01196599006652832 51278 0
0.009154558181762695 0.012131690979003906 51360 0
0.010591268539428711 0.011145830154418945 52062 0
0.008992910385131836 0.013413667678833008 50752 0
0.010528564453125 0.011762857437133789 51282 0
0.010776281356811523 0.013091564178466797 51570 0
0.010330438613891602 0.012738466262817383 51057 0
0.010985374450683594 0.011617660522460938 51156 0
0.011763572692871094 0.012044906616210938 51225 0
0.010516643524169922 0.011672735214233398 51162 0
0.016752958297729492 0.011664628982543945 51189 0
0.010756492614746094 0.011381149291992188 51235 0
0.01125192642211914 0.011396646499633789 50481 0
0.009765148162841797 0.012068033218383789 50815 0
0.010106563568115234 0.011026859283447266 51129 0
0.010441064834594727 0.012885332107543945 50660 0
0.010159969329833984 0.013760089874267578 50775 0
0.010097026824951172 0.012822628021240234 50828 0
0.010056257247924805 0.011809587478637695 50874 0
0.008748054504394531 0.012676477432250977 50826 0
0.010175704956054688 0.011016845703125 50950 0
0.010055303573608398 0.012953996658325195 50749 0
0.009565114974975586 0.01230001449584961 50893 0
0.012144804000854492 0.012869596481323242 51161 0
0.009907960891723633 0.012444257736206055 50823 0
0.011803388595581055 0.011375665664672852 51179 0
0.01062154769897461 0.01177668571472168 49733 0
0.009439945220947266 0.013088464736938477 50473 0
0.010935783386230469 0.011502981185913086 50411 0
0.010643720626831055 0.010918617248535156 44612 0
0.010697603225708008 0.01159048080444336 50041 0
0.010485410690307617 0.011008501052856445 50496 0
0.011143207550048828 0.012231588363647461 50799 0
0.010119438171386719 0.012058258056640625 50146 0
0.010333538055419922 0.011130571365356445 50304 0
0.010285377502441406 0.010996818542480469 50863 0
0.010515928268432617 0.012125968933105469 50386 0
0.010035037994384766 0.012017250061035156 50431 0
0.009948015213012695 0.011598825454711914 51088 0
0.010153055191040039 0.012368440628051758 50471 0
0.010715961456298828 0.011037826538085938 50401 0
0.01012873649597168 0.010927200317382812 50484 0
0.010883331298828125 0.012330293655395508 50150 0
0.010854482650756836 0.011583566665649414 49936 0
0.01106715202331543 0.0116424560546875 50146 0
0.010958194732666016 0.011180877685546875 49965 0
0.011327981948852539 0.011286020278930664 49694 0
0.010285615921020508 0.01197052001953125 50158 0
0.009195089340209961 0.01223134994506836 50055 0
0.010626554489135742 0.013741731643676758 50262 0
0.011656522750854492 0.011524677276611328 50439 0
0.011037826538085938 0.011373519897460938 50259 0
0.010465145111083984 0.013705015182495117 49992 0
0.010217666625976562 0.011650323867797852 50356 0
0.012032508850097656 0.011742830276489258 50134 0
0.01187443733215332 0.011287927627563477 50351 0
0.010800361633300781 0.011068344116210938 48872 0
0.011146306991577148 0.011201143264770508 49695 0
0.010270357131958008 0.012126445770263672 49571 0
0.010645389556884766 0.010941267013549805 43651 0
0.010722637176513672 0.011119365692138672 49068 0
0.01117563247680664 0.011619329452514648 49650 0
0.010557174682617188 0.011163949966430664 49839 0
0.010577917098999023 0.011169195175170898 49330 0
0.011574506759643555 0.01171112060546875 49913 0
0.010744094848632812 0.01105952262878418 50143 0
0.010119915008544922 0.011024236679077148 50359 0
0.009729385375976562 0.011943340301513672 50144 0
0.010854482650756836 0.011859893798828125 49997 0
0.011106729507446289 0.01140594482421875 49642 0
0.008979558944702148 0.012506484985351562 49548 0
0.009721755981445312 0.011591672897338867 49278 0
0.009382486343383789 0.013033628463745117 49301 0
0.011295318603515625 0.01100778579711914 49521 0
0.010488033294677734 0.01086735725402832 49562 0
0.01115727424621582 0.011313676834106445 47720 0
0.01072239875793457 0.011035442352294922 47793 0
0.010255813598632812 0.011067867279052734 48195 0
0.009115219116210938 0.011945962905883789 49011 0
0.010686874389648438 0.012410163879394531 48885 0
0.010609626770019531 0.011175155639648438 49427 0
0.01152348518371582 0.011300802230834961 50004 0
0.009072542190551758 0.012373685836791992 50464 0
0.009199857711791992 0.012606143951416016 50190 0
0.011584281921386719 0.012095212936401367 50418 0
0.010709285736083984 0.012558221817016602 48527 0
0.010294914245605469 0.011051654815673828 47038 0
0.009112358093261719 0.01568007469177246 48170 0
0.01059269905090332 0.011168956756591797 47540 0
0.010582447052001953 0.012212038040161133 42375 0
0.01384282112121582 0.01181340217590332 48024 0
0.010193347930908203 0.01112675666809082 48256 0
0.010379552841186523 0.010838985443115234 47898 0
0.01452779769897461 0.01262211799621582 47154 0
0.010132074356079102 0.011322975158691406 47672 0
0.011450052261352539 0.011279582977294922 49552 0
0.01016092300415039 0.011887550354003906 48647 0
0.01030111312866211 0.010947465896606445 48673 0
0.010639667510986328 0.010843515396118164 48118 0
0.009975910186767578 0.011002540588378906 47409 0
0.00998234748840332 0.013470172882080078 46984 0
0.010956287384033203 0.01246953010559082 47017 0
0.010721445083618164 0.012838363647460938 46863 0
0.011006832122802734 0.012380599975585938 46671 0
0.011583089828491211 0.011177778244018555 47077 0
0.01097249984741211 0.011571407318115234 47635 0
0.011130094528198242 0.011337995529174805 48471 0
0.00978398323059082 0.012905120849609375 48518 0
0.010303974151611328 0.010923147201538086 48028 0
0.011446714401245117 0.011502742767333984 47834 0
0.010117053985595703 0.010834455490112305 48028 0
0.010737419128417969 0.013259410858154297 47944 0
0.010364532470703125 0.011781454086303711 47949 0
0.010701656341552734 0.010973691940307617 47198 0
0.01079702377319336 0.011897802352905273 47295 0
0.010088443756103516 0.010866165161132812 46837 0
0.010622501373291016 0.011049985885620117 45185 0
0.011266708374023438 0.011041879653930664 47333 0
0.01052713394165039 0.012010335922241211 46502 0
0.011334896087646484 0.010855674743652344 41485 0
0.010665178298950195 0.010986804962158203 46779 0
0.011000871658325195 0.011195659637451172 47666 0
0.010775327682495117 0.012631893157958984 47699 0
0.011380195617675781 0.013839006423950195 47090 0
0.009195804595947266 0.013415813446044922 47985 0
0.010499954223632812 0.010923385620117188 47460 0
0.010160684585571289 0.010761260986328125 47185 0
0.010300397872924805 0.0121307373046875 49139 0
0.008996009826660156 0.012059926986694336 48256 0
0.011205434799194336 0.013175725936889648 42433 0
0.011692523956298828 0.01101374626159668 48256 0
0.011016845703125 0.013195037841796875 48934 0
0.009048938751220703 0.012210607528686523 48666 0
0.008989334106445312 0.012781620025634766 48102 0
0.011380434036254883 0.011310338973999023 48891 0
0.009055852890014648 0.013947248458862305 50073 0
0.011219024658203125 0.011261940002441406 49765 0
0.010264873504638672 0.011196136474609375 50259 0
0.009531736373901367 0.01162409782409668 49353 0
0.009823799133300781 0.013038158416748047 49346 0
0.010829925537109375 0.011645793914794922 49025 0
0.01031041145324707 0.010935306549072266 49408 0
0.012316226959228516 0.01099252700805664 49677 0
0.010144472122192383 0.010960817337036133 49970 0
0.010207176208496094 0.013479471206665039 48959 0
0.010724306106567383 0.01092386245727539 47149 0
0.01123809814453125 0.01204681396484375 47453 0
0.010477781295776367 0.013164997100830078 49391 0
0.010280370712280273 0.01116800308227539 49504 0
0.010187387466430664 0.01100778579711914 50142 0
0.011315345764160156 0.01162266731262207 49747 0
0.010540485382080078 0.011374950408935547 48987 0
0.010716438293457031 0.012999296188354492 48860 0
0.01041412353515625 0.013372182846069336 49086 0
0.010439395904541016 0.010920286178588867 49228 0
0.010375261306762695 0.011100053787231445 48611 0
0.011027336120605469 0.011161088943481445 48573 0
0.011468887329101562 0.011629581451416016 49096 0
0.011030912399291992 0.011324882507324219 48486 0
0.010678291320800781 0.011173009872436523 49591 0
0.00995182991027832 0.012479066848754883 49267 0
0.010133028030395508 0.011323928833007812 49443 0
0.009806156158447266 0.012475252151489258 49509 0
0.00905156135559082 0.013876676559448242 49198 0
0.013389825820922852 0.013976573944091797 48985 0
0.009285688400268555 0.013512372970581055 46760 0
0.010092735290527344 0.01146078109741211 48676 0
0.010522603988647461 0.013717174530029297 48192 0
0.011144161224365234 0.013833284378051758 42561 0
0.009355545043945312 0.011905670166015625 48598 0
0.009852886199951172 0.012316465377807617 48815 0
0.00936746597290039 0.01219320297241211 48784 0
0.011502265930175781 0.01137232780456543 47902 0
0.010421276092529297 0.011003494262695312 48506 0
0.00926065444946289 0.012671470642089844 50466 0
0.010377168655395508 0.012511968612670898 50543 0
0.00902104377746582 0.011784076690673828 50779 0
0.010247945785522461 0.01114797592163086 50504 0
0.009749650955200195 0.011827230453491211 49464 0
0.011152982711791992 0.012188911437988281 49972 0
0.009947061538696289 0.01285099983215332 48783 0
0.010289430618286133 0.011091232299804688 49196 0
0.010274648666381836 0.011495828628540039 49564 0
0.010924339294433594 0.011953115463256836 49148 0
0.01031494140625 0.010936498641967773 49275 0
0.011693000793457031 0.01110696792602539 50070 0
0.010134696960449219 0.011253595352172852 50733 0
0.010584831237792969 0.011324405670166016 49579 0
0.011434793472290039 0.011230945587158203 50245 0
0.00944066047668457 0.011676549911499023 49631 0
0.008929252624511719 0.013090372085571289 49824 0
0.009293079376220703 0.012621641159057617 49361 0
0.010437965393066406 0.010873556137084961 49786 0
0.010697364807128906 0.01212310791015625 53821 0
0.010374069213867188 0.01293492317199707 55610 0
0.010715961456298828 0.012138128280639648 55976 0
0.010153532028198242 0.01233053207397461 56408 0
0.009726524353027344 0.011611223220825195 55938 0
0.009309053421020508 0.013648748397827148 56062 0
0.009102582931518555 0.012792587280273438 56439 0
0.010546207427978516 0.010982513427734375 55597 0
0.009171247482299805 0.01259922981262207 56737 0
0.011008024215698242 0.011715173721313477 56475 0
0.0102691650390625 0.01125955581665039 55485 0
0.010866165161132812 0.01141500473022461 56600 0
0.010696887969970703 0.011062383651733398 56487 0
0.011848211288452148 0.011881828308105469 56379 0
0.009534597396850586 0.012872695922851562 56546 0
0.010374784469604492 0.013206958770751953 56812 0
0.010486841201782227 0.011121749877929688 57160 0
0.010633707046508789 0.011123180389404297 56034 0
0.011652946472167969 0.011247873306274414 52326 0
0.010067462921142578 0.011696338653564453 56606 0
0.011452436447143555 0.011353015899658203 56491 0
0.011003494262695312 0.012652873992919922 56509 0
0.010493755340576172 0.012899160385131836 56950 0
0.009017705917358398 0.012151956558227539 56618 0
0.010905981063842773 0.012490272521972656 57976 0
0.011741876602172852 0.01253962516784668 56671 0
0.010058879852294922 0.012871265411376953 57671 0
0.010485172271728516 0.011328935623168945 57112 0
0.011310100555419922 0.010955572128295898 49966 0
0.012837648391723633 0.011170625686645508 56917 0
0.010657787322998047 0.012633323669433594 56701 0
0.010201454162597656 0.011959075927734375 57398 0
0.010799407958984375 0.011269807815551758 57586 0
0.010174989700317383 0.01098775863647461 58249 0
0.010465145111083984 0.011127710342407227 58095 0
0.011157512664794922 0.013023853302001953 58527 0
0.01149129867553711 0.011058568954467773 58227 0
0.01116180419921875 0.011147737503051758 58148 0
0.010841608047485352 0.011397838592529297 56576 0
0.011344671249389648 0.014094114303588867 58299 0
0.010954141616821289 0.011923789978027344 57218 0
0.011278629302978516 0.012059450149536133 57858 0
0.010552644729614258 0.017511606216430664 58102 0
0.01208806037902832 0.011460542678833008 58217 0
0.011821269989013672 0.012423276901245117 57994 0
0.012712717056274414 0.014808416366577148 58610 0
0.009142160415649414 0.012432575225830078 58137 0
0.01050424575805664 0.011252880096435547 58565 0
0.015801668167114258 0.011366605758666992 54340 0
0.010965108871459961 0.011549234390258789 58415 0
0.010087251663208008 0.013676166534423828 58332 0
0.01666426658630371 0.01347661018371582 58443 0
0.010445356369018555 0.012122154235839844 58475 0
0.01048588752746582 0.013448953628540039 58406 0
0.011256933212280273 0.011537790298461914 58653 0
0.009968280792236328 0.011463165283203125 56906 0
0.010884523391723633 0.011478424072265625 58817 0
0.010616064071655273 0.011510848999023438 59267 0
0.011224508285522461 0.01136326789855957 50882 0
0.009665727615356445 0.01244354248046875 58184 0
0.011257410049438477 0.011220693588256836 56528 0
0.011270761489868164 0.011773347854614258 56428 0
0.0105438232421875 0.011546850204467773 58801 0
0.009416580200195312 0.012392044067382812 59279 0
0.00910639762878418 0.012178897857666016 56921 0
0.010658979415893555 0.013977289199829102 59764 0
0.010836124420166016 0.011545419692993164 59120 0
0.010525703430175781 0.012935876846313477 59146 0
0.010465145111083984 0.01137399673461914 59404 0
0.011224508285522461 0.01176762580871582 58467 0
0.010866165161132812 0.012286663055419922 57177 0
0.010543584823608398 0.012931346893310547 59010 0
0.010570764541625977 0.011365175247192383 59370 0
0.009652853012084961 0.012831449508666992 58998 0
0.009280204772949219 0.012342691421508789 59112 0
0.01039886474609375 0.011667490005493164 58399 0
0.0107421875 0.012009143829345703 59112 0
0.009355306625366211 0.012644767761230469 59152 0
0.010947704315185547 0.012939214706420898 55224 0
0.010004758834838867 0.01278829574584961 58327 0
0.011089563369750977 0.011423349380493164 58540 0
0.011103630065917969 0.014106988906860352 58706 0
0.010574579238891602 0.011249065399169922 58071 0
0.010296821594238281 0.01233673095703125 58168 0
0.011543035507202148 0.01185750961303711 57811 0
0.010266780853271484 0.011054277420043945 55639 0
0.009667158126831055 0.011672735214233398 58400 0
0.010169506072998047 0.01131582260131836 58107 0
0.009716272354125977 0.012160301208496094 48278 0
0.01176595687866211 0.012367725372314453 55937 0
0.01018667221069336 0.014070510864257812 53690 0
0.010083675384521484 0.01286172866821289 53749 0
0.010848522186279297 0.012221813201904297 55121 0
0.010254144668579102 0.011324882507324219 55785 0
0.01084756851196289 0.012383699417114258 54463 0
0.010085344314575195 0.012240886688232422 56370 0
0.009335756301879883 0.013135433197021484 55594 0
0.011107206344604492 0.012046337127685547 55330 0
0.010941267013549805 0.012096405029296875 54852 0
0.010235071182250977 0.011142730712890625 54869 0
0.010451316833496094 0.011113643646240234 51415 0
0.010994434356689453 0.011473655700683594 54550 0
0.010637044906616211 0.011573076248168945 54500 0
0.00992441177368164 0.011284112930297852 54523 0
0.01081538200378418 0.011113166809082031 54452 0
0.010460853576660156 0.01102590560913086 54711 0
0.010780572891235352 0.011096477508544922 54708 0
0.011355876922607422 0.011185407638549805 54435 0
0.010824441909790039 0.011003255844116211 51388 0
0.010694742202758789 0.011530876159667969 54380 0
0.015739917755126953 0.013988256454467773 55907 0
0.010350227355957031 0.01129913330078125 55666 0
0.00905609130859375 0.013147354125976562 55310 0
0.010518074035644531 0.012237548828125 55745 0
0.010492324829101562 0.013621091842651367 54999 0
0.010010480880737305 0.012216567993164062 52685 0
0.010937929153442383 0.012066364288330078 54353 0
0.009312152862548828 0.012726068496704102 53999 0
0.010604381561279297 0.012407541275024414 46327 0
0.012163639068603516 0.012330293655395508 54008 0
0.010896921157836914 0.012465715408325195 51538 0
0.010267972946166992 0.01110076904296875 52679 0
0.010281801223754883 0.012353658676147461 53907 0
0.009188175201416016 0.012749433517456055 53826 0
0.011421680450439453 0.011802911758422852 53055 0
0.010663032531738281 0.012924432754516602 54884 0
0.01070261001586914 0.01111459732055664 54930 0
0.009762287139892578 0.011731386184692383 55354 0
0.010321617126464844 0.011381387710571289 55259 0
0.00987696647644043 0.012165307998657227 55027 0
0.010879278182983398 0.012546539306640625 51991 0
0.010346174240112305 0.010965347290039062 55170 0
0.010411262512207031 0.011217117309570312 55142 0
0.010999917984008789 0.01105499267578125 54912 0
0.010260343551635742 0.011137247085571289 54985 0
0.01212453842163086 0.011646270751953125 55145 0
0.010434865951538086 0.011199951171875 54602 0
0.011591672897338867 0.013293266296386719 54771 0
0.010546445846557617 0.011361837387084961 51236 0
0.010831117630004883 0.011339426040649414 54240 0
0.009973287582397461 0.012794017791748047 54796 0
0.010133743286132812 0.011704206466674805 54286 0
0.010026216506958008 0.011125564575195312 54466 0
0.01119375228881836 0.011131763458251953 54363 0
0.009066343307495117 0.013808488845825195 53939 0
0.01137542724609375 0.01121973991394043 52664 0
0.011298179626464844 0.01361846923828125 54295 0
0.011208295822143555 0.011135578155517578 54154 0
0.01010274887084961 0.011697530746459961 46146 0
0.008971214294433594 0.012304544448852539 53348 0
0.011077404022216797 0.01280832290649414 50510 0
0.011497020721435547 0.012041568756103516 51938 0
0.010708808898925781 0.011028528213500977 53923 0
0.010129451751708984 0.011069297790527344 53994 0
0.010335445404052734 0.011297225952148438 53300 0
0.010568857192993164 0.01109623908996582 54470 0
0.010888814926147461 0.011308670043945312 54547 0
0.010758399963378906 0.013237237930297852 54490 0
0.010717153549194336 0.011841535568237305 54294 0
0.011174917221069336 0.013701438903808594 54013 0
0.010304450988769531 0.01140141487121582 50618 0
0.01106572151184082 0.011005401611328125 54451 0
0.010392427444458008 0.011113166809082031 54096 0
0.010779619216918945 0.013059377670288086 53987 0
0.010274887084960938 0.011009931564331055 53864 0
0.010209798812866211 0.011073827743530273 54238 0
0.010058403015136719 0.011858701705932617 53905 0
0.010480403900146484 0.011044979095458984 53972 0
0.011013507843017578 0.011162996292114258 49850 0
0.010025501251220703 0.010964393615722656 54030 0
0.010336637496948242 0.012906074523925781 54261 0
0.010345220565795898 0.011019468307495117 54255 0
0.010558843612670898 0.010998249053955078 54044 0
0.010539770126342773 0.01152181625366211 54249 0
0.010834693908691406 0.011206865310668945 53909 0
0.009051799774169922 0.012104034423828125 52115 0
0.009235620498657227 0.012265205383300781 53954 0
0.009763717651367188 0.01262044906616211 53841 0
0.010346174240112305 0.011205196380615234 47183 0
0.01038813591003418 0.011145591735839844 53625 0
0.011991500854492188 0.011612653732299805 49329 0
0.009810924530029297 0.012909173965454102 53517 0
0.010325431823730469 0.011011838912963867 54000 0
0.009608030319213867 0.01269984245300293 54270 0
0.0112457275390625 0.012486696243286133 52713 0
0.008992433547973633 0.013458967208862305 54393 0
0.011011123657226562 0.012921810150146484 54622 0
0.010523796081542969 0.011909008026123047 54539 0
0.010358333587646484 0.010996341705322266 54667 0
0.010283470153808594 0.010993242263793945 54224 0
0.010146379470825195 0.012355327606201172 50949 0
0.011881113052368164 0.011779308319091797 54387 0
0.010549068450927734 0.011043071746826172 54270 0
0.010621309280395508 0.018426179885864258 54654 0
0.010066747665405273 0.010977983474731445 54836 0
0.010263204574584961 0.011039972305297852 54769 0
0.009689569473266602 0.01790928840637207 53934 0
0.010231733322143555 0.01147317886352539 54027 0
0.010487556457519531 0.013561725616455078 51321 0
0.010004758834838867 0.014039039611816406 53237 0
0.010219812393188477 0.01333165168762207 57304 0
0.011935234069824219 0.011403799057006836 57077 0
0.010959386825561523 0.01696610450744629 57351 0
0.01080465316772461 0.011699676513671875 57732 0
0.010735750198364258 0.01124429702758789 57933 0
0.01427149772644043 0.012879610061645508 57434 0
0.010889530181884766 0.011177539825439453 58082 0
0.010599851608276367 0.012718439102172852 56922 0
0.010925769805908203 0.01201772689819336 56715 0
0.010732173919677734 0.013094902038574219 57409 0
0.00976109504699707 0.011951446533203125 55566 0
0.01032114028930664 0.011315345764160156 56591 0
0.00934457778930664 0.012884140014648438 56837 0
0.010762214660644531 0.011367321014404297 57046 0
0.01136469841003418 0.0115966796875 57917 0
0.010820388793945312 0.011108160018920898 57566 0
0.009250402450561523 0.01237177848815918 57347 0
0.010455131530761719 0.011264562606811523 57902 0
0.010452508926391602 0.01154637336730957 57855 0
0.010253190994262695 0.011614561080932617 56730 0
0.010785102844238281 0.012222051620483398 56407 0
0.011585712432861328 0.011287212371826172 56000 0
0.010175228118896484 0.011439323425292969 56166 0
0.009530067443847656 0.011862993240356445 55834 0
0.010084867477416992 0.011486291885375977 56426 0
0.010803937911987305 0.012765884399414062 56432 0
0.010592937469482422 0.012457609176635742 55860 0
0.010252952575683594 0.012663841247558594 57339 0
0.010521173477172852 0.012774467468261719 57417 0
0.011461973190307617 0.011785030364990234 56693 0
0.010760307312011719 0.013326168060302734 56842 0
0.009432315826416016 0.012391805648803711 57259 0
0.01071023941040039 0.013828277587890625 56516 0
0.011196136474609375 0.012067079544067383 56298 0
0.010915994644165039 0.01195669174194336 56013 0
0.01083064079284668 0.011296987533569336 56187 0
0.011458158493041992 0.011445045471191406 55772 0
0.011800527572631836 0.011507034301757812 56377 0
0.010541200637817383 0.011528253555297852 57030 0
0.010492324829101562 0.011509180068969727 55865 0
0.011442184448242188 0.011058330535888672 55889 0
0.010065317153930664 0.012462615966796875 55964 0
0.010320425033569336 0.013129234313964844 56182 0
0.010300874710083008 0.011268854141235352 55727 0
0.0114288330078125 0.01379847526550293 55818 0
0.009040117263793945 0.013687849044799805 55758 0
0.011257648468017578 0.011729717254638672 55179 0
0.010507345199584961 0.011016368865966797 55901 0
0.011400699615478516 0.011609554290771484 56823 0
0.010569572448730469 0.012478113174438477 56023 0
0.010198593139648438 0.011876821517944336 57303 0
0.011158466339111328 0.012797355651855469 57259 0
0.009053945541381836 0.013403654098510742 56614 0
0.009887933731079102 0.011926412582397461 56834 0
0.009107828140258789 0.013576269149780273 56115 0
0.011046648025512695 0.012754678726196289 56116 0
0.010590553283691406 0.012420654296875 56097 0
0.011674642562866211 0.011588573455810547 56109 0
0.010707378387451172 0.011077165603637695 56559 0
0.010790348052978516 0.011362314224243164 56735 0
0.011868953704833984 0.011727571487426758 56552 0
0.011014699935913086 0.011271476745605469 57006 0
0.011302947998046875 0.012863397598266602 56986 0
0.010494709014892578 0.011817693710327148 57522 0
0.011058330535888672 0.017477035522460938 57500 0
0.009927749633789062 0.012457609176635742 57467 0
0.010978937149047852 0.012102365493774414 57629 0
0.011292457580566406 0.018825292587280273 57909 0
0.011025428771972656 0.011529207229614258 57357 0
0.009319782257080078 0.013456344604492188 57739 0
0.009889602661132812 0.013019323348999023 57112 0
0.009280204772949219 0.011805057525634766 56981 0
0.010116100311279297 0.012421846389770508 55348 0
0.010364294052124023 0.011013031005859375 58580 0
0.009741544723510742 0.011477470397949219 58304 0
0.010170698165893555 0.0130462646484375 58273 0
0.010280370712280273 0.011284112930297852 58607 0
0.009183645248413086 0.012301445007324219 59577 0
0.010896444320678711 0.011215925216674805 59100 0
0.010007381439208984 0.011299848556518555 59584 0
0.010669231414794922 0.01118159294128418 59178 0
0.01085519790649414 0.011629104614257812 59201 0
0.009903192520141602 0.012093544006347656 54289 0
0.009691238403320312 0.013821601867675781 53430 0
0.010188579559326172 0.011111736297607422 57980 0
0.012004852294921875 0.012025833129882812 60571 0
0.010743856430053711 0.011116743087768555 56161 0
0.010428190231323242 0.011991024017333984 58374 0
0.009989023208618164 0.011039018630981445 54943 0
0.010261774063110352 0.011400699615478516 55266 0
0.010452985763549805 0.011446475982666016 55634 0
0.009649515151977539 0.012021303176879883 57327 0
0.010163307189941406 0.01249551773071289 57121 0
0.011528730392456055 0.01182699203491211 56517 0
0.011231422424316406 0.011273622512817383 58184 0
0.010635852813720703 0.011800527572631836 57848 0
0.010371208190917969 0.013380050659179688 53072 0
0.00983285903930664 0.011436939239501953 59126 0
0.010298013687133789 0.01150369644165039 57831 0
0.011240482330322266 0.011635303497314453 56945 0
0.011231184005737305 0.01164555549621582 59704 0
0.01053309440612793 0.011558294296264648 60046 0
0.010881185531616211 0.012313365936279297 54460 0
0.011652946472167969 0.011874198913574219 60011 0
0.011265754699707031 0.011823654174804688 60276 0
0.01035308837890625 0.012182950973510742 60647 0
0.010285615921020508 0.01125788688659668 60183 0
0.010228157043457031 0.011502504348754883 61163 0
0.009321451187133789 0.014095067977905273 61003 0
0.010684728622436523 0.011138439178466797 61182 0
0.010601043701171875 0.01297450065612793 60348 0
0.011489152908325195 0.014783382415771484 61155 0
0.010345220565795898 0.011071920394897461 62443 0
0.009284496307373047 0.012461423873901367 61306 0
0.009100914001464844 0.013194561004638672 60785 0
0.011033296585083008 0.011313915252685547 60662 0
0.010742425918579102 0.013273477554321289 59949 0
0.011340141296386719 0.011700153350830078 60280 0
0.01136636734008789 0.01149749755859375 60443 0
0.009241819381713867 0.012728691101074219 59762 0
0.010890007019042969 0.011486053466796875 59897 0
0.01029825210571289 0.011224508285522461 60507 0
0.01058197021484375 0.012682199478149414 60753 0
0.010414600372314453 0.011141777038574219 59579 0
0.01033926010131836 0.011220455169677734 60846 0
0.011479854583740234 0.01212310791015625 61142 0
0.010659217834472656 0.012658357620239258 55905 0
0.011629581451416016 0.011507511138916016 60595 0
0.010549068450927734 0.01169729232788086 58711 0
0.010750770568847656 0.012213706970214844 58610 0
0.011332035064697266 0.011777162551879883 60594 0
0.01075601577758789 0.014043092727661133 60794 0
0.010148763656616211 0.016993045806884766 56458 0
0.010196685791015625 0.011442422866821289 60838 0
0.011440753936767578 0.011661529541015625 60384 0
0.01421499252319336 0.012811899185180664 61335 0
0.010525703430175781 0.011588096618652344 60522 0
0.011795759201049805 0.012437105178833008 60493 0
0.009507179260253906 0.01284480094909668 60636 0
0.010814428329467773 0.012637138366699219 60818 0
0.011718988418579102 0.011793851852416992 61698 0
0.011452198028564453 0.011690616607666016 62095 0
0.010905981063842773 0.011719226837158203 61165 0
0.01034998893737793 0.011139392852783203 62154 0
0.010258913040161133 0.011595964431762695 61609 0
0.010419607162475586 0.011233806610107422 62219 0
0.010522603988647461 0.011222600936889648 61326 0
0.011200189590454102 0.011774778366088867 61101 0
0.011293411254882812 0.012244462966918945 61067 0
0.00957179069519043 0.011766195297241211 60688 0
0.01024484634399414 0.011538028717041016 61645 0
0.011593341827392578 0.011755228042602539 61747 0
0.010319709777832031 0.011709213256835938 61559 0
0.01108098030090332 0.011841535568237305 59999 0
0.009161949157714844 0.013371467590332031 62011 0
0.010616779327392578 0.01155400276184082 62334 0
0.010707616806030273 0.012283802032470703 56574 0
0.010298490524291992 0.011621236801147461 62122 0
0.010860919952392578 0.011878490447998047 61495 0
0.011086463928222656 0.011482954025268555 60669 0
0.010822534561157227 0.012631654739379883 62579 0
0.00962686538696289 0.013033866882324219 62772 0
0.009204864501953125 0.012979507446289062 59634 0
0.010699272155761719 0.01159524917602539 63364 0
0.011332273483276367 0.011559486389160156 62307 0
0.011495828628540039 0.011837005615234375 62647 0
0.009317874908447266 0.013186216354370117 61749 0
0.011588573455810547 0.011658906936645508 60244 0
0.010504484176635742 0.011265277862548828 60006 0
0.010233879089355469 0.011279821395874023 59557 0
0.010564088821411133 0.011102676391601562 59373 0
0.009428024291992188 0.013077497482299805 59696 0
0.010577917098999023 0.011233091354370117 59142 0
0.011195182800292969 0.011807918548583984 59491 0
0.01271200180053711 0.011399984359741211 58938 0
0.010775089263916016 0.01218414306640625 58345 0
0.009388923645019531 0.012161493301391602 57955 0
0.010567426681518555 0.013769149780273438 57769 0
0.011417150497436523 0.01164388656616211 59290 0
0.010943889617919922 0.011610746383666992 59207 0
0.011116504669189453 0.01123952865600586 59298 0
0.009721040725708008 0.011543512344360352 58312 0
0.010846614837646484 0.012326240539550781 57894 0
0.009656190872192383 0.012017250061035156 58303 0
0.010634183883666992 0.01141357421875 58454 0
0.010480165481567383 0.01161050796508789 57999 0
0.009557247161865234 0.012058734893798828 58160 0
0.010544776916503906 0.011789560317993164 57072 0
0.009997844696044922 0.01278543472290039 57823 0
0.010297060012817383 0.011633872985839844 57460 0
0.011139392852783203 0.01147603988647461 58449 0
0.009705543518066406 0.013419628143310547 58139 0
0.011216878890991211 0.012673616409301758 58632 0
0.010159492492675781 0.011084556579589844 57763 0
0.010490655899047852 0.011061906814575195 58704 0
0.010370731353759766 0.011092901229858398 58785 0
