0.010988473892211914 0.012450218200683594 129077 0
0.0106964111328125 0.013155460357666016 128913 0
0.011219024658203125 0.012412309646606445 131374 0
0.011357307434082031 0.013331890106201172 129465 0
0.010188579559326172 0.014251232147216797 132162 0
0.012069940567016602 0.012830495834350586 134043 0
0.011461257934570312 0.01403498649597168 134357 0
0.011614799499511719 0.015111923217773438 133908 0
0.011439323425292969 0.013675689697265625 133469 0
0.01058340072631836 0.012990713119506836 133598 0
0.011348485946655273 0.013433694839477539 130774 0
0.010214805603027344 0.01548314094543457 128518 0
0.011223793029785156 0.01407623291015625 133467 0
0.010014057159423828 0.013478517532348633 130276 0
0.011392354965209961 0.013422250747680664 115429 0
0.010775327682495117 0.014507055282592773 130001 0
0.011488199234008789 0.01224970817565918 127764 0
0.01233673095703125 0.013857126235961914 125280 0
0.009848356246948242 0.01335763931274414 120952 0
0.011704683303833008 0.015213727951049805 127961 0
0.011166095733642578 0.01965165138244629 127403 0
0.009860992431640625 0.014813423156738281 124007 0
0.011795759201049805 0.013070106506347656 128502 0
0.011647939682006836 0.012248992919921875 132401 0
0.011379718780517578 0.013282299041748047 132955 0
0.011404037475585938 0.013882637023925781 130915 0
0.011554718017578125 0.01358938217163086 124647 0
0.013044595718383789 0.013045549392700195 130696 0
0.01121211051940918 0.013892412185668945 131145 0
0.011005163192749023 0.012742996215820312 127568 0
0.010768651962280273 0.013754606246948242 131194 0
0.011384010314941406 0.012174844741821289 132242 0
0.011496543884277344 0.012378931045532227 129619 0
0.011706352233886719 0.014407634735107422 130083 0
0.011415958404541016 0.014759302139282227 124579 0
0.012054681777954102 0.01481318473815918 132139 0
0.011393547058105469 0.014158010482788086 137406 0
0.011995553970336914 0.013449668884277344 134878 0
0.01130986213684082 0.013958454132080078 136943 0
0.011844635009765625 0.014851570129394531 131668 0
0.011179208755493164 0.013222694396972656 126074 0
0.010856151580810547 0.01353311538696289 128637 0
0.011301755905151367 0.012941837310791016 133764 0
0.01110386848449707 0.012798070907592773 133699 0
0.011090278625488281 0.012149810791015625 121184 0
0.011671304702758789 0.013576507568359375 132818 0
0.0120849609375 0.013727426528930664 134602 0
0.012440204620361328 0.013558149337768555 132536 0
0.011858701705932617 0.013020515441894531 134172 0
0.012271404266357422 0.013027429580688477 133696 0
0.012323141098022461 0.01320791244506836 132609 0
0.011935234069824219 0.013752222061157227 134409 0
0.01243901252746582 0.014458656311035156 133390 0
0.01006627082824707 0.01385807991027832 134061 0
0.012224197387695312 0.014201641082763672 134374 0
0.011672496795654297 0.012491226196289062 134782 0
0.011981725692749023 0.01351618766784668 135112 0
0.011260271072387695 0.01381063461303711 135115 0
0.011972427368164062 0.01494598388671875 135306 0
0.011425256729125977 0.013556957244873047 135458 0
0.01109170913696289 0.01240849494934082 133402 0
0.011563539505004883 0.013403654098510742 133477 0
0.012194395065307617 0.014418601989746094 133043 0
0.011447429656982422 0.013399600982666016 132129 0
0.011523246765136719 0.013091087341308594 129514 0
0.01004171371459961 0.013977766036987305 132344 0
0.011735677719116211 0.014746665954589844 133065 0
0.011237382888793945 0.013568878173828125 132998 0
0.010721683502197266 0.013168811798095703 132338 0
0.01010751724243164 0.013502120971679688 131782 0
0.011592864990234375 0.013025045394897461 130134 0
0.010982275009155273 0.012207269668579102 127995 0
0.016512155532836914 0.017443418502807617 131711 0
0.010987281799316406 0.01241302490234375 129703 0
0.011063337326049805 0.012447595596313477 114635 0
0.011947154998779297 0.013097047805786133 130888 0
0.01245737075805664 0.012501716613769531 130290 0
0.011132001876831055 0.012317657470703125 127133 0
0.011902332305908203 0.013713598251342773 128273 0
0.011459827423095703 0.013930797576904297 128231 0
0.01091456413269043 0.014578819274902344 130921 0
0.0115203857421875 0.013272285461425781 130963 0
0.011140108108520508 0.013792991638183594 129092 0
0.010715723037719727 0.013538599014282227 129112 0
0.011846542358398438 0.013419628143310547 130874 0
0.011945486068725586 0.014611959457397461 130913 0
0.011154890060424805 0.012841463088989258 125665 0
0.011749505996704102 0.01374673843383789 131348 0
0.012028694152832031 0.013916730880737305 131388 0
0.011639595031738281 0.01328277587890625 132057 0
0.010862588882446289 0.012360572814941406 130822 0
0.011850833892822266 0.012805700302124023 130565 0
0.012670516967773438 0.01357269287109375 131333 0
0.011899232864379883 0.012824296951293945 128011 0
0.011943340301513672 0.014332056045532227 131601 0
0.011986970901489258 0.013941764831542969 130757 0
0.0117340087890625 0.013415098190307617 115568 0
0.012217998504638672 0.014616250991821289 132032 0
0.01120138168334961 0.012385368347167969 132134 0
0.010053634643554688 0.01319122314453125 127377 0
0.01166534423828125 0.013515233993530273 129208 0
0.01116800308227539 0.014977216720581055 130186 0
0.012159585952758789 0.014230012893676758 130920 0
0.01074075698852539 0.013052940368652344 134845 0
0.011932611465454102 0.013507604598999023 133785 0
0.011249780654907227 0.013185262680053711 134156 0
0.011888980865478516 0.015106439590454102 133752 0
0.009907722473144531 0.013329505920410156 135573 0
0.011258363723754883 0.013840436935424805 135226 0
0.011431217193603516 0.01344156265258789 134447 0
0.01160740852355957 0.013288259506225586 134380 0
0.010541677474975586 0.012684345245361328 133937 0
0.012072563171386719 0.012618780136108398 134198 0
0.012190103530883789 0.013674736022949219 134831 0
0.011712074279785156 0.01912689208984375 132125 0
0.011876821517944336 0.013834714889526367 134199 0
0.013063192367553711 0.014543294906616211 125341 0
0.011786222457885742 0.013983964920043945 134551 0
0.011655807495117188 0.013922929763793945 133929 0
0.011029243469238281 0.013717889785766602 134171 0
0.011690855026245117 0.012465238571166992 132152 0
0.01164555549621582 0.013144969940185547 133282 0
0.011376142501831055 0.01331782341003418 131540 0
0.009766578674316406 0.015483617782592773 129414 0
0.01099395751953125 0.014010906219482422 132355 0
0.011158943176269531 0.012862682342529297 132753 0
0.011811494827270508 0.012545108795166016 117879 0
0.011101722717285156 0.012625932693481445 130061 0
0.010841608047485352 0.012300252914428711 120899 0
0.012151479721069336 0.012965679168701172 123769 0
0.011548995971679688 0.013591289520263672 125333 0
0.011260032653808594 0.013919353485107422 127410 0
0.01188039779663086 0.015039920806884766 124027 0
0.012146949768066406 0.013147830963134766 127748 0
0.010946512222290039 0.014746904373168945 130679 0
0.011653900146484375 0.01225900650024414 132084 0
0.011675834655761719 0.013882160186767578 131445 0
0.010847091674804688 0.013674259185791016 132267 0
0.010188102722167969 0.01371908187866211 130599 0
0.010978937149047852 0.013980388641357422 132108 0
0.011600017547607422 0.013856172561645508 134039 0
0.011524200439453125 0.013114690780639648 134796 0
0.011313915252685547 0.014048576354980469 132282 0
0.011504173278808594 0.014086723327636719 133041 0
0.012219905853271484 0.015122175216674805 131910 0
0.010305643081665039 0.013702392578125 136302 0
0.012525081634521484 0.014901876449584961 134214 0
0.01132345199584961 0.012692928314208984 132273 0
0.011812210083007812 0.012949943542480469 129169 0
0.011218786239624023 0.013524293899536133 129252 0
0.011120796203613281 0.012334346771240234 134212 0
0.010529518127441406 0.014972448348999023 139377 0
0.012489795684814453 0.012814760208129883 138214 0
0.011430978775024414 0.013114213943481445 137543 0
0.011779546737670898 0.013770580291748047 137322 0
0.011847972869873047 0.014401674270629883 133974 0
0.01268148422241211 0.01271200180053711 117665 0
0.01244497299194336 0.014110803604125977 130795 0
0.011991500854492188 0.01297140121459961 132718 0
0.012260913848876953 0.01477813720703125 125508 0
0.01108551025390625 0.013327598571777344 125519 0
0.011103630065917969 0.012251615524291992 126451 0
0.011301517486572266 0.014028549194335938 125399 0
0.010819673538208008 0.014287710189819336 126891 0
0.012446165084838867 0.012884140014648438 131658 0
0.011562824249267578 0.012508153915405273 128101 0
0.01166391372680664 0.012186765670776367 127449 0
0.012862205505371094 0.013037681579589844 133112 0
0.011356830596923828 0.012404203414916992 130886 0
0.011380672454833984 0.012685298919677734 136959 0
0.01181650161743164 0.01265716552734375 130673 0
0.010483264923095703 0.01363682746887207 134764 0
0.011189460754394531 0.012513399124145508 135220 0
0.011184215545654297 0.013581037521362305 136385 0
0.01087045669555664 0.01265573501586914 135557 0
0.01166987419128418 0.013387680053710938 135775 0
0.011526823043823242 0.015174388885498047 130022 0
0.010279417037963867 0.013593912124633789 137250 0
0.011359930038452148 0.013206243515014648 137650 0
0.01156306266784668 0.012586832046508789 137680 0
0.011430740356445312 0.013777971267700195 135104 0
0.012070417404174805 0.014043807983398438 134120 0
0.011089563369750977 0.019446372985839844 134868 0
0.011751174926757812 0.015018224716186523 130733 0
0.011582612991333008 0.014333963394165039 134376 0
0.01762247085571289 0.014912843704223633 134239 0
0.010262489318847656 0.01300191879272461 118985 0
0.01052546501159668 0.014141321182250977 135052 0
0.011337041854858398 0.014082908630371094 135642 0
0.011617660522460938 0.014418363571166992 130114 0
0.011118173599243164 0.013893604278564453 132455 0
0.012444257736206055 0.014243364334106445 132937 0
0.012527227401733398 0.012787818908691406 133670 0
0.011375665664672852 0.013903379440307617 134985 0
0.010739564895629883 0.013747930526733398 134126 0
0.011216878890991211 0.012312650680541992 133875 0
0.01099395751953125 0.013915538787841797 133925 0
0.011231660842895508 0.012961149215698242 134840 0
0.010405302047729492 0.013611793518066406 134706 0
0.012333869934082031 0.013319015502929688 133246 0
0.011863946914672852 0.013322591781616211 131919 0
0.011018753051757812 0.014344215393066406 120410 0
0.010872125625610352 0.01438450813293457 116716 0
0.012523889541625977 0.012506961822509766 118666 0
0.011172294616699219 0.01245880126953125 118128 0
0.011808156967163086 0.01524209976196289 119284 0
0.01215505599975586 0.0126495361328125 119511 0
0.011505126953125 0.014492988586425781 120704 0
0.009872913360595703 0.013895511627197266 122672 0
0.012119531631469727 0.01284170150756836 122017 0
0.010982036590576172 0.013295888900756836 119538 0
0.010794639587402344 0.013928651809692383 121263 0
0.011937379837036133 0.012763500213623047 121328 0
0.01032114028930664 0.013266801834106445 119442 0
0.011019706726074219 0.012479543685913086 119911 0
0.012165546417236328 0.012619972229003906 118631 0
0.011205196380615234 0.014102697372436523 118918 0
0.012146711349487305 0.01329493522644043 113005 0
0.010786056518554688 0.012730598449707031 120029 0
0.010925769805908203 0.013438224792480469 120675 0
0.01113581657409668 0.013500690460205078 120780 0
0.01045083999633789 0.01391744613647461 120866 0
0.011406421661376953 0.015093564987182617 120607 0
0.010687828063964844 0.014678955078125 120893 0
0.011489152908325195 0.013350486755371094 121157 0
0.010792732238769531 0.01246023178100586 120550 0
0.010808944702148438 0.013644218444824219 120509 0
0.011293172836303711 0.012667417526245117 119967 0
0.010245084762573242 0.012867212295532227 119619 0
0.011807918548583984 0.013782739639282227 120180 0
0.010955810546875 0.012385368347167969 119040 0
0.011939048767089844 0.014210700988769531 119308 0
0.01207113265991211 0.013293743133544922 119471 0
0.011167526245117188 0.012821674346923828 119868 0
0.01153111457824707 0.012276172637939453 120869 0
0.01164865493774414 0.012215137481689453 120511 0
0.012051582336425781 0.012826919555664062 120374 0
0.011687994003295898 0.013557910919189453 119821 0
0.01089167594909668 0.017241716384887695 119907 0
0.010804891586303711 0.013736724853515625 119875 0
0.009821414947509766 0.01388859748840332 119170 0
0.010784387588500977 0.013180732727050781 119784 0
0.01150655746459961 0.014773368835449219 120437 0
0.011764764785766602 0.012440204620361328 119913 0
0.012084245681762695 0.014768838882446289 120485 0
0.011185646057128906 0.01258230209350586 119209 0
0.009970903396606445 0.013969659805297852 119199 0
0.010757923126220703 0.013184785842895508 111574 0
0.011621713638305664 0.012634754180908203 119247 0
0.011455297470092773 0.01337885856628418 119373 0
0.011121273040771484 0.012642621994018555 119957 0
0.011777400970458984 0.01210165023803711 120011 0
0.01214289665222168 0.014625072479248047 120063 0
0.011452913284301758 0.013814926147460938 120132 0
0.010331153869628906 0.013760566711425781 120383 0
0.011139392852783203 0.013574600219726562 119963 0
0.011653661727905273 0.013992547988891602 119994 0
0.009979724884033203 0.014425516128540039 119097 0
0.011737823486328125 0.013852834701538086 118043 0
0.011130332946777344 0.013312816619873047 117945 0
0.01090550422668457 0.01238560676574707 117764 0
0.011565446853637695 0.013176679611206055 118241 0
0.011830329895019531 0.01289987564086914 119317 0
0.011843681335449219 0.013477325439453125 119246 0
0.011916875839233398 0.013826608657836914 120307 0
0.010193109512329102 0.014239311218261719 119803 0
0.012752771377563477 0.012565851211547852 120667 0
0.013890743255615234 0.012906551361083984 120226 0
0.010241985321044922 0.012708425521850586 120766 0
0.010966300964355469 0.013479232788085938 120652 0
0.012009382247924805 0.014246225357055664 118998 0
0.011054754257202148 0.01327967643737793 119298 0
0.011793851852416992 0.014032602310180664 119544 0
0.011094331741333008 0.014394044876098633 126988 0
0.012571096420288086 0.014409065246582031 126056 0
0.010740995407104492 0.014047861099243164 121014 0
0.011499166488647461 0.013677597045898438 133829 0
0.01215672492980957 0.012273788452148438 128892 0
0.010948896408081055 0.012346029281616211 133391 0
0.011681795120239258 0.01535940170288086 130342 0
0.011733293533325195 0.012126922607421875 126927 0
0.01177072525024414 0.014320611953735352 128541 0
0.011187076568603516 0.013292789459228516 129225 0
0.011579036712646484 0.012324094772338867 128607 0
0.011033296585083008 0.013561248779296875 127662 0
0.010901927947998047 0.014328718185424805 126425 0
0.011464357376098633 0.01486825942993164 121955 0
0.011107683181762695 0.013424158096313477 122147 0
0.011096715927124023 0.012752294540405273 118000 0
0.010168313980102539 0.013458251953125 120336 0
0.010294914245605469 0.012885332107543945 120931 0
0.011384010314941406 0.019852161407470703 119622 0
0.011035680770874023 0.012249469757080078 119128 0
0.012518167495727539 0.012569427490234375 120099 0
0.011408805847167969 0.014183998107910156 119676 0
0.01146554946899414 0.012188434600830078 120321 0
0.010026216506958008 0.014062166213989258 120730 0
0.011162996292114258 0.012871265411376953 121743 0
0.010873794555664062 0.013304948806762695 122166 0
0.011338472366333008 0.012992382049560547 110470 0
0.01232147216796875 0.013576030731201172 121886 0
0.011347293853759766 0.013581275939941406 122590 0
0.009881734848022461 0.0132598876953125 120066 0
0.01241159439086914 0.01278996467590332 122471 0
0.012924671173095703 0.012309551239013672 122577 0
0.011281490325927734 0.013425827026367188 121998 0
0.01144719123840332 0.013188362121582031 122757 0
0.010953426361083984 0.013484001159667969 121812 0
0.009792327880859375 0.013367891311645508 121130 0
0.011204957962036133 0.012478828430175781 120792 0
0.011695623397827148 0.012902259826660156 119664 0
0.011488676071166992 0.013112545013427734 120270 0
0.01063227653503418 0.013592243194580078 120759 0
0.011637210845947266 0.013608217239379883 121705 0
0.013672113418579102 0.014513492584228516 122053 0
0.011206865310668945 0.012376785278320312 122846 0
0.010713577270507812 0.01290583610534668 121808 0
0.010509014129638672 0.013742685317993164 121035 0
0.0115966796875 0.013300657272338867 121760 0
0.01185297966003418 0.01356816291809082 120923 0
0.012009382247924805 0.013828516006469727 120241 0
0.012116432189941406 0.013436079025268555 120901 0
0.012270689010620117 0.013185501098632812 120389 0
0.01184391975402832 0.01247406005859375 120887 0
0.010842561721801758 0.01350855827331543 120806 0
0.010836362838745117 0.013643264770507812 119969 0
0.011122941970825195 0.01361083984375 118980 0
0.010419130325317383 0.014259815216064453 121234 0
0.01203155517578125 0.013767719268798828 121049 0
0.012390613555908203 0.012483358383178711 108942 0
0.011112689971923828 0.012412071228027344 120365 0
0.011212348937988281 0.013798713684082031 122321 0
0.010908126831054688 0.012974977493286133 118161 0
0.01272726058959961 0.012814521789550781 122656 0
0.012553215026855469 0.013364791870117188 121947 0
0.011371135711669922 0.013811111450195312 120073 0
0.00978994369506836 0.014237642288208008 122662 0
0.011006832122802734 0.012264013290405273 121910 0
0.009871244430541992 0.013818979263305664 121722 0
0.011438131332397461 0.012299776077270508 121404 0
0.010805130004882812 0.01414179801940918 119844 0
0.011435747146606445 0.01469111442565918 121222 0
0.011696815490722656 0.013039827346801758 119758 0
0.011100053787231445 0.014800071716308594 120788 0
0.011111259460449219 0.013510942459106445 121088 0
0.011684417724609375 0.013180255889892578 121896 0
0.011238574981689453 0.013357400894165039 122472 0
0.012109041213989258 0.013215780258178711 121673 0
0.011723756790161133 0.012452125549316406 121671 0
0.011282920837402344 0.01223897933959961 121242 0
0.012317180633544922 0.014622688293457031 120309 0
0.01134037971496582 0.0142669677734375 121394 0
0.010870933532714844 0.015176057815551758 120317 0
0.01132345199584961 0.01348567008972168 120820 0
0.012482881546020508 0.012830018997192383 121229 0
0.010472297668457031 0.013179540634155273 119877 0
0.01117706298828125 0.0186159610748291 118549 0
0.011693954467773438 0.014518976211547852 122115 0
0.01085519790649414 0.014352560043334961 121423 0
0.01241922378540039 0.01643681526184082 107288 0
0.010425567626953125 0.013100147247314453 118408 0
0.011328458786010742 0.013846158981323242 120239 0
0.011142969131469727 0.013371467590332031 115857 0
0.011202096939086914 0.013480901718139648 120895 0
0.01142120361328125 0.013735055923461914 122279 0
0.012236595153808594 0.012682437896728516 112177 0
0.011152505874633789 0.014372110366821289 106751 0
0.011566877365112305 0.013852596282958984 118956 0
0.011511087417602539 0.012974739074707031 121401 0
0.01159214973449707 0.014296531677246094 123667 0
0.01135563850402832 0.013702154159545898 122893 0
0.011700868606567383 0.013785839080810547 123347 0
0.011369466781616211 0.013601064682006836 124421 0
0.01171875 0.013448715209960938 123237 0
0.009840726852416992 0.01407623291015625 121758 0
0.010861873626708984 0.013520956039428711 110250 0
0.012520074844360352 0.013529777526855469 109688 0
0.010673284530639648 0.014146089553833008 122822 0
0.010290384292602539 0.014742851257324219 123665 0
0.011420249938964844 0.014275550842285156 121360 0
0.012482643127441406 0.012953519821166992 121992 0
0.012711524963378906 0.013861894607543945 122223 0
0.012918710708618164 0.012383699417114258 122420 0
0.011476516723632812 0.012121438980102539 123590 0
0.011286258697509766 0.01455998420715332 124260 0
0.011088848114013672 0.01263570785522461 123425 0
0.011011600494384766 0.012742757797241211 121618 0
0.011333942413330078 0.012193679809570312 123844 0
0.011939525604248047 0.014080047607421875 123169 0
0.011416912078857422 0.013701200485229492 115272 0
0.010996341705322266 0.013515472412109375 122414 0
0.011644601821899414 0.013092279434204102 121880 0
0.011490821838378906 0.013589859008789062 121889 0
0.010625839233398438 0.013650894165039062 122901 0
0.012375831604003906 0.012612104415893555 122348 0
0.009965181350708008 0.014879703521728516 121570 0
0.011965274810791016 0.014467716217041016 120800 0
0.011684417724609375 0.013616561889648438 121897 0
0.009961128234863281 0.013259649276733398 121705 0
0.011696100234985352 0.013292312622070312 120367 0
0.010064363479614258 0.013249874114990234 121938 0
0.010958671569824219 0.014404296875 121408 0
0.011258840560913086 0.013547182083129883 121920 0
0.01147150993347168 0.01257634162902832 121536 0
0.010932445526123047 0.012196063995361328 122517 0
0.011670351028442383 0.012070417404174805 122895 0
0.010840654373168945 0.013986587524414062 121193 0
0.01095128059387207 0.01263427734375 119295 0
0.011746644973754883 0.012121438980102539 120774 0
0.011182308197021484 0.017485380172729492 118828 0
0.011495351791381836 0.012457132339477539 108841 0
0.011256694793701172 0.014347076416015625 118570 0
0.011703729629516602 0.01251530647277832 118728 0
0.010228633880615234 0.013486862182617188 120180 0
0.011934757232666016 0.012294292449951172 117602 0
0.01017618179321289 0.01372218132019043 118668 0
0.009973287582397461 0.014525175094604492 119333 0
0.010028839111328125 0.013771295547485352 117962 0
0.010843038558959961 0.013329505920410156 118236 0
0.009814023971557617 0.013398408889770508 118888 0
0.010673046112060547 0.013921260833740234 118198 0
0.01097869873046875 0.012345314025878906 118479 0
0.011424541473388672 0.012089252471923828 118569 0
0.010765314102172852 0.013408660888671875 117005 0
0.011383771896362305 0.012404441833496094 117657 0
0.011361122131347656 0.012130498886108398 118174 0
0.011214256286621094 0.012410640716552734 117143 0
0.011000633239746094 0.013599634170532227 117485 0
0.010669946670532227 0.014510154724121094 117787 0
0.011115312576293945 0.012512683868408203 117462 0
0.012904167175292969 0.013027667999267578 117671 0
0.011317014694213867 0.014458656311035156 118156 0
0.011312484741210938 0.012199163436889648 117566 0
0.012166023254394531 0.014372825622558594 117918 0
0.011204719543457031 0.01264500617980957 118463 0
0.012427330017089844 0.013265609741210938 117645 0
0.011906147003173828 0.012523889541625977 118241 0
0.010078191757202148 0.013968706130981445 115847 0
0.011419534683227539 0.013125181198120117 116712 0
0.010950326919555664 0.014269113540649414 116712 0
0.01227116584777832 0.013269901275634766 106281 0
0.011650562286376953 0.01318502426147461 115991 0
0.012382745742797852 0.013731002807617188 116828 0
0.010994195938110352 0.013088226318359375 117590 0
0.011005640029907227 0.014251708984375 116197 0
0.01008152961730957 0.013139724731445312 116714 0
0.010936498641967773 0.014605283737182617 117566 0
0.011282682418823242 0.012259483337402344 116639 0
0.011167049407958984 0.012185335159301758 116992 0
0.011588335037231445 0.013359308242797852 118251 0
0.0115966796875 0.013906002044677734 116729 0
0.011983394622802734 0.012579917907714844 116642 0
0.012514114379882812 0.014133691787719727 116757 0
0.011075019836425781 0.013667106628417969 116155 0
0.009744882583618164 0.013047933578491211 115571 0
0.011673927307128906 0.01375579833984375 116113 0
0.011174201965332031 0.012287378311157227 115587 0
0.011072874069213867 0.012665987014770508 115380 0
0.012114524841308594 0.012890100479125977 116285 0
0.01117563247680664 0.013665199279785156 116100 0
0.01104593276977539 0.014245033264160156 116227 0
0.011620044708251953 0.013338565826416016 117111 0
0.013061046600341797 0.01614665985107422 116392 0
0.010930776596069336 0.01361989974975586 116142 0
0.011111974716186523 0.01335906982421875 116708 0
0.010811090469360352 0.013399839401245117 116082 0
0.010949134826660156 0.01372528076171875 116611 0
0.011366844177246094 0.013724327087402344 114056 0
0.011893510818481445 0.014136552810668945 115490 0
0.010656356811523438 0.013725519180297852 115154 0
0.011385440826416016 0.01334834098815918 104348 0
0.011833429336547852 0.01437234878540039 113802 0
0.01193857192993164 0.014313220977783203 115062 0
0.010037422180175781 0.013342142105102539 115487 0
0.01113581657409668 0.01343226432800293 114227 0
0.010015726089477539 0.014703035354614258 115356 0
0.012218475341796875 0.013169527053833008 116030 0
0.011153221130371094 0.011935710906982422 115980 0
0.01198434829711914 0.013864278793334961 115856 0
0.011465787887573242 0.012175559997558594 115646 0
0.012267112731933594 0.012907028198242188 114618 0
0.010465860366821289 0.013400077819824219 114757 0
0.012175321578979492 0.013471841812133789 114275 0
0.011040687561035156 0.013736486434936523 114165 0
0.010412216186523438 0.013269186019897461 114608 0
0.012366771697998047 0.013891458511352539 114874 0
0.011179924011230469 0.012514352798461914 111630 0
0.01052546501159668 0.013283252716064453 111443 0
0.011302709579467773 0.013855934143066406 112504 0
0.011426210403442383 0.013647079467773438 113551 0
0.011951923370361328 0.012991189956665039 113022 0
0.010900497436523438 0.013514518737792969 114319 0
0.011780023574829102 0.013468027114868164 115235 0
0.012166976928710938 0.013805150985717773 115669 0
0.009898185729980469 0.015062093734741211 115447 0
0.011688709259033203 0.014688491821289062 115488 0
0.012102603912353516 0.012916088104248047 112235 0
0.011130809783935547 0.01325678825378418 109998 0
0.011078119277954102 0.012009620666503906 111478 0
0.011795520782470703 0.01303553581237793 110260 0
0.011568784713745117 0.012856483459472656 100991 0
0.011101007461547852 0.012117624282836914 111016 0
0.010816574096679688 0.012031078338623047 111389 0
0.010862588882446289 0.012433528900146484 111047 0
0.009781837463378906 0.01306915283203125 109097 0
0.010877132415771484 0.013620138168334961 110335 0
0.011069297790527344 0.013738632202148438 114071 0
0.011015892028808594 0.012187719345092773 112342 0
0.0113983154296875 0.012810230255126953 112318 0
0.011453866958618164 0.011927127838134766 111614 0
0.010655879974365234 0.01313638687133789 109690 0
0.0110931396484375 0.013796806335449219 108870 0
0.01136469841003418 0.012073755264282227 109128 0
0.009921073913574219 0.013142108917236328 108774 0
0.010875940322875977 0.013246297836303711 108379 0
0.012178421020507812 0.014908790588378906 109333 0
0.010802030563354492 0.012517452239990234 110075 0
0.010624885559082031 0.013634920120239258 111661 0
0.017528772354125977 0.013503074645996094 112254 0
0.010872840881347656 0.012569665908813477 110721 0
0.011371135711669922 0.013255834579467773 110503 0
0.011299371719360352 0.01214146614074707 110806 0
0.01137232780456543 0.013033390045166016 110390 0
0.01138758659362793 0.014423131942749023 110338 0
0.011646747589111328 0.013117790222167969 109793 0
0.012231826782226562 0.013393878936767578 109625 0
0.011924982070922852 0.013440608978271484 108719 0
0.009621620178222656 0.013205766677856445 106136 0
0.01242971420288086 0.012100934982299805 109283 0
0.011016368865966797 0.01208353042602539 107917 0
0.011760950088500977 0.012077093124389648 98856 0
0.011977195739746094 0.013307332992553711 108293 0
0.011162519454956055 0.013059139251708984 109984 0
0.009810686111450195 0.013190269470214844 110398 0
0.010536670684814453 0.013248443603515625 108868 0
0.011110305786132812 0.012603998184204102 110550 0
0.012803792953491211 0.012720346450805664 109597 0
0.011654853820800781 0.012972354888916016 108988 0
0.011020660400390625 0.01473689079284668 113102 0
0.012169837951660156 0.013701438903808594 111526 0
0.011436939239501953 0.012614727020263672 100414 0
0.013262748718261719 0.012128114700317383 111294 0
0.010979413986206055 0.013774394989013672 112691 0
0.01046609878540039 0.013850212097167969 111967 0
0.009933948516845703 0.014702081680297852 110954 0
0.010808229446411133 0.013920068740844727 112586 0
0.010823965072631836 0.01349639892578125 114583 0
0.012184619903564453 0.012921810150146484 114072 0
0.011153697967529297 0.013455867767333984 115094 0
0.011088132858276367 0.013590335845947266 113413 0
0.011246919631958008 0.012107133865356445 113781 0
0.010690689086914062 0.013297080993652344 113048 0
0.011380434036254883 0.012351512908935547 113650 0
0.010949373245239258 0.011932849884033203 114379 0
0.009853124618530273 0.013689994812011719 114764 0
0.010771751403808594 0.012938261032104492 113136 0
0.009955167770385742 0.013826370239257812 109952 0
0.011616230010986328 0.012737274169921875 110264 0
0.012004613876342773 0.012663841247558594 114053 0
0.011709928512573242 0.013735294342041016 114202 0
0.011237144470214844 0.013762474060058594 115375 0
0.012156963348388672 0.012792110443115234 114890 0
0.011173009872436523 0.01452016830444336 113409 0
0.011420249938964844 0.012630224227905273 113036 0
0.010875940322875977 0.012360095977783203 113591 0
0.018326997756958008 0.012407541275024414 113690 0
0.012267112731933594 0.013364553451538086 112748 0
0.012185335159301758 0.012984275817871094 112863 0
0.011427879333496094 0.013233423233032227 113590 0
0.010921239852905273 0.012508869171142578 112301 0
0.011246204376220703 0.012588977813720703 114449 0
0.009944438934326172 0.013094186782836914 113366 0
0.011058568954467773 0.013623237609863281 113834 0
0.011016130447387695 0.012252330780029297 114100 0
0.012670755386352539 0.014389753341674805 113231 0
0.00966191291809082 0.013575077056884766 112879 0
0.011689186096191406 0.013808250427246094 109051 0
0.010309457778930664 0.012677431106567383 112401 0
0.010915517807006836 0.011947870254516602 111403 0
0.010990619659423828 0.011847496032714844 101300 0
0.012464046478271484 0.012631416320800781 112057 0
0.012077808380126953 0.012262344360351562 112448 0
0.010886907577514648 0.012151002883911133 112642 0
0.011542797088623047 0.01210641860961914 110849 0
0.010697126388549805 0.013323068618774414 111894 0
0.01181483268737793 0.012395620346069336 115807 0
0.010965824127197266 0.014072179794311523 115934 0
0.011138200759887695 0.012850284576416016 116219 0
0.011241674423217773 0.013159990310668945 115751 0
0.010724306106567383 0.01352548599243164 113719 0
0.011119842529296875 0.013622045516967773 114905 0
0.01155710220336914 0.01242828369140625 113017 0
0.011521339416503906 0.013504743576049805 113499 0
0.010805368423461914 0.01209568977355957 114435 0
0.011004209518432617 0.012648582458496094 113887 0
0.010877609252929688 0.01196908950805664 113743 0
0.011927366256713867 0.013696670532226562 115077 0
0.011241674423217773 0.014698028564453125 116713 0
0.012176990509033203 0.014455795288085938 114498 0
0.0113525390625 0.013880729675292969 115815 0
0.011026859283447266 0.012847185134887695 114982 0
0.009951353073120117 0.013724088668823242 114790 0
0.00991678237915039 0.014812469482421875 114023 0
0.011057138442993164 0.013282537460327148 115258 0
0.011745214462280273 0.013292074203491211 126254 0
0.011725902557373047 0.013117551803588867 129560 0
0.012020111083984375 0.012998819351196289 130077 0
0.011480331420898438 0.013480424880981445 130978 0
0.00992274284362793 0.014216899871826172 130253 0
0.011009931564331055 0.014372825622558594 130244 0
0.011285066604614258 0.012581348419189453 131075 0
0.01182413101196289 0.013312101364135742 129545 0
0.011423349380493164 0.013095378875732422 131378 0
0.011309385299682617 0.01471567153930664 131175 0
0.01110982894897461 0.013750791549682617 129040 0
0.010490894317626953 0.013223886489868164 131165 0
0.011873960494995117 0.013311624526977539 131027 0
0.010118246078491211 0.014920949935913086 130851 0
0.010392904281616211 0.013802766799926758 131353 0
0.010120391845703125 0.013344526290893555 131638 0
0.011157751083374023 0.012804031372070312 132105 0
0.010420799255371094 0.013183355331420898 129891 0
0.01186990737915039 0.012244939804077148 123080 0
0.01175236701965332 0.014806985855102539 131254 0
0.011713504791259766 0.012686491012573242 131238 0
0.011326074600219727 0.01321554183959961 131706 0
0.011521100997924805 0.01486825942993164 132235 0
0.011726140975952148 0.012367963790893555 131563 0
0.011606931686401367 0.014322042465209961 134047 0
0.01193380355834961 0.013799428939819336 131798 0
0.010874509811401367 0.01393437385559082 133588 0
0.011006832122802734 0.014094114303588867 132691 0
0.011210203170776367 0.014072418212890625 119002 0
0.010225534439086914 0.013336181640625 132247 0
0.010991811752319336 0.012855768203735352 132087 0
0.012791633605957031 0.013636589050292969 133298 0
0.011996030807495117 0.013199567794799805 133650 0
0.012079000473022461 0.014713764190673828 134777 0
0.011722326278686523 0.01391911506652832 134773 0
0.011102437973022461 0.012580633163452148 135407 0
0.010157346725463867 0.013416528701782227 135285 0
0.012055635452270508 0.013123750686645508 134704 0
0.010527849197387695 0.013895750045776367 131417 0
0.010269880294799805 0.013279199600219727 135122 0
0.0101470947265625 0.0133056640625 133004 0
0.01204371452331543 0.013733863830566406 134189 0
0.012664318084716797 0.013263225555419922 134976 0
0.011995315551757812 0.013138294219970703 135156 0
0.011521577835083008 0.01412343978881836 134511 0
0.012822389602661133 0.013882875442504883 136018 0
0.010478973388671875 0.013399362564086914 135143 0
0.01225733757019043 0.013534784317016602 135879 0
0.011039495468139648 0.013640880584716797 127886 0
0.011303424835205078 0.012462139129638672 135722 0
0.011603116989135742 0.013194799423217773 135655 0
0.012757062911987305 0.01474452018737793 135721 0
0.011617183685302734 0.01430821418762207 135787 0
0.012388229370117188 0.014880180358886719 135637 0
0.012488365173339844 0.014394998550415039 136264 0
0.011337757110595703 0.013525724411010742 132980 0
0.01143336296081543 0.015393495559692383 136865 0
0.009950399398803711 0.014461278915405273 137818 0
0.012248754501342773 0.012817859649658203 121715 0
0.011352777481079102 0.014211654663085938 135449 0
0.011052370071411133 0.014012336730957031 132517 0
0.015447854995727539 0.013991832733154297 132482 0
0.012350797653198242 0.014368057250976562 136660 0
0.012835025787353516 0.012998342514038086 137791 0
0.012052059173583984 0.012947797775268555 133144 0
0.0123748779296875 0.013207197189331055 138564 0
0.011911392211914062 0.014552116394042969 137774 0
0.01170492172241211 0.012978076934814453 137468 0
0.012054443359375 0.013371944427490234 137913 0
0.010276317596435547 0.015484333038330078 136755 0
0.011122703552246094 0.014674663543701172 133878 0
0.010635614395141602 0.013672351837158203 136977 0
0.012108325958251953 0.013149023056030273 138175 0
0.011393070220947266 0.012372732162475586 136949 0
0.011325597763061523 0.013644695281982422 137411 0
0.011736869812011719 0.014913558959960938 136149 0
0.010869979858398438 0.013815641403198242 137409 0
0.013114213943481445 0.012924909591674805 137334 0
0.010863542556762695 0.012595415115356445 129893 0
0.011159420013427734 0.013971567153930664 135583 0
0.01155853271484375 0.01320791244506836 136177 0
0.011480093002319336 0.01258540153503418 136393 0
0.011391401290893555 0.013773441314697266 134938 0
0.011966466903686523 0.013113737106323242 135178 0
0.011554718017578125 0.014107704162597656 134539 0
0.01196599006652832 0.013834238052368164 130414 0
0.012125253677368164 0.013787031173706055 135589 0
0.011838197708129883 0.014121294021606445 135349 0
0.011255502700805664 0.013304710388183594 116151 0
0.011383295059204102 0.012266397476196289 130941 0
0.011422157287597656 0.013546466827392578 126783 0
0.009978294372558594 0.013171672821044922 126819 0
0.011257171630859375 0.012645959854125977 129389 0
0.012040376663208008 0.013131856918334961 131078 0
0.011882305145263672 0.013042211532592773 128306 0
0.013211250305175781 0.013134002685546875 131635 0
0.011540889739990234 0.014408111572265625 130688 0
0.01237940788269043 0.013478994369506836 129685 0
0.011414766311645508 0.013181209564208984 128353 0
0.011285781860351562 0.01372218132019043 128871 0
0.011551141738891602 0.012709379196166992 121841 0
0.011276483535766602 0.01378941535949707 127836 0
0.011224031448364258 0.013987302780151367 127951 0
0.011976957321166992 0.014215230941772461 127677 0
0.011800050735473633 0.014559507369995117 127291 0
0.012047767639160156 0.012799263000488281 127661 0
0.012908458709716797 0.012953042984008789 127707 0
0.011602640151977539 0.012675285339355469 127190 0
0.0115966796875 0.012664079666137695 121409 0
0.009932994842529297 0.013171195983886719 127230 0
0.011944293975830078 0.01318669319152832 129806 0
0.011072158813476562 0.014308691024780273 129510 0
0.010191202163696289 0.013268232345581055 128955 0
0.011250495910644531 0.01268315315246582 129718 0
0.011222124099731445 0.012339115142822266 128581 0
0.011067628860473633 0.012307167053222656 123812 0
0.011671066284179688 0.012357950210571289 126975 0
0.011508703231811523 0.013304710388183594 126524 0
0.009775400161743164 0.012817859649658203 111324 0
0.01163792610168457 0.013144731521606445 126313 0
0.011755943298339844 0.013292312622070312 121529 0
0.010588645935058594 0.012629270553588867 123775 0
0.011311054229736328 0.014988422393798828 125914 0
0.01144266128540039 0.018075227737426758 126197 0
0.01186227798461914 0.013182401657104492 124643 0
0.011960744857788086 0.013840198516845703 127900 0
0.01139974594116211 0.012081384658813477 128271 0
0.01001739501953125 0.013394355773925781 128956 0
0.011068105697631836 0.012513875961303711 128824 0
0.010897159576416016 0.013533830642700195 128555 0
0.011601924896240234 0.013006448745727539 122578 0
0.01211857795715332 0.012617349624633789 128663 0
0.011087894439697266 0.013794898986816406 128880 0
0.012094497680664062 0.013875484466552734 128378 0
0.011721611022949219 0.012250423431396484 128366 0
0.011509895324707031 0.012762784957885742 128674 0
0.01125788688659668 0.012295722961425781 127579 0
0.011317253112792969 0.013850927352905273 127870 0
0.012152671813964844 0.013504505157470703 121467 0
0.01140284538269043 0.014387130737304688 126761 0
0.01089787483215332 0.0133056640625 127865 0
0.011091470718383789 0.013633966445922852 127168 0
0.011894941329956055 0.014775991439819336 127175 0
0.01166081428527832 0.013405084609985352 126906 0
0.010448455810546875 0.014232397079467773 126510 0
0.010609626770019531 0.01347970962524414 123733 0
0.012013912200927734 0.014344930648803711 126951 0
0.011963844299316406 0.014203548431396484 126751 0
0.011134862899780273 0.013153314590454102 110927 0
0.011589288711547852 0.012655496597290039 125115 0
0.011946678161621094 0.012474298477172852 119573 0
0.011699914932250977 0.012817859649658203 122198 0
0.011598348617553711 0.012848615646362305 126139 0
0.011852502822875977 0.012649059295654297 126737 0
0.01154637336730957 0.014324188232421875 124758 0
0.009987115859985352 0.013442754745483398 127269 0
0.010814905166625977 0.013997793197631836 127743 0
0.011377096176147461 0.015120744705200195 127160 0
0.011868715286254883 0.012228965759277344 126880 0
0.01236581802368164 0.012377738952636719 126747 0
0.012209177017211914 0.012592554092407227 119868 0
0.010332584381103516 0.013088464736938477 127147 0
0.01148223876953125 0.01296377182006836 126766 0
0.012274742126464844 0.012984275817871094 126385 0
0.011977672576904297 0.01304173469543457 126271 0
0.012197256088256836 0.013857841491699219 127153 0
0.011269092559814453 0.01438140869140625 126331 0
0.01170969009399414 0.013924121856689453 126319 0
0.011147499084472656 0.013367176055908203 118638 0
0.013403892517089844 0.013092994689941406 126534 0
0.011668682098388672 0.013328790664672852 127064 0
0.010921001434326172 0.012439966201782227 126989 0
0.00992131233215332 0.013130426406860352 126634 0
0.011802196502685547 0.012322187423706055 126920 0
0.012326478958129883 0.013425350189208984 126319 0
0.011161327362060547 0.013411760330200195 122829 0
0.012164115905761719 0.013467788696289062 126418 0
0.01003575325012207 0.014436960220336914 126203 0
0.011711597442626953 0.013329267501831055 113108 0
0.011062145233154297 0.01392364501953125 125585 0
0.010362863540649414 0.013204574584960938 117305 0
0.01146245002746582 0.013106346130371094 125314 0
0.011763572692871094 0.013508796691894531 126371 0
0.010100841522216797 0.013181686401367188 126917 0
0.01097249984741211 0.01321721076965332 123888 0
0.011237382888793945 0.014241218566894531 127125 0
0.011336803436279297 0.013774394989013672 127384 0
0.011233806610107422 0.014084339141845703 127372 0
0.011320829391479492 0.012452840805053711 127773 0
0.011911630630493164 0.013144969940185547 126817 0
0.011589527130126953 0.01228022575378418 120474 0
0.011121511459350586 0.013923168182373047 126944 0
0.011570930480957031 0.01350259780883789 127181 0
0.011591672897338867 0.014440059661865234 127685 0
0.012344837188720703 0.01444387435913086 128121 0
0.01157522201538086 0.013135194778442383 128012 0
0.011587858200073242 0.01219630241394043 126282 0
0.011098623275756836 0.014133214950561523 126325 0
0.009925365447998047 0.013320207595825195 121389 0
0.010473489761352539 0.014216899871826172 125073 0
0.011079788208007812 0.01348567008972168 133552 0
0.011325597763061523 0.012921333312988281 133116 0
0.011001348495483398 0.013883829116821289 133533 0
0.011151790618896484 0.012310504913330078 134184 0
0.012232542037963867 0.013860940933227539 134699 0
0.011356115341186523 0.012997627258300781 133419 0
0.012143135070800781 0.013143062591552734 135027 0
0.011115550994873047 0.012638568878173828 132986 0
0.011185646057128906 0.013246297836303711 132270 0
0.011838436126708984 0.013638973236083984 133546 0
0.011823415756225586 0.012740135192871094 130254 0
0.010256528854370117 0.01900458335876465 131745 0
0.010797262191772461 0.01325845718383789 132476 0
0.012377738952636719 0.014156579971313477 132955 0
0.01476597785949707 0.014528036117553711 134531 0
0.011632204055786133 0.013790130615234375 134047 0
0.011332511901855469 0.012482643127441406 133698 0
0.011994123458862305 0.012531518936157227 134273 0
0.011353731155395508 0.014099597930908203 134290 0
0.011431217193603516 0.012445688247680664 132372 0
0.01228642463684082 0.013387680053710938 131679 0
0.010703563690185547 0.012838125228881836 130977 0
0.010945796966552734 0.013972282409667969 131256 0
0.01157999038696289 0.012294292449951172 130535 0
0.012587308883666992 0.012896299362182617 131639 0
0.01134181022644043 0.013298988342285156 131722 0
0.010361194610595703 0.01295924186706543 130424 0
0.01178121566772461 0.01379847526550293 133368 0
0.011182069778442383 0.012449026107788086 133694 0
0.010848522186279297 0.012456178665161133 132214 0
0.010584592819213867 0.013822555541992188 132552 0
0.011804580688476562 0.013765811920166016 133219 0
0.011147737503051758 0.012419462203979492 131958 0
0.011087656021118164 0.012863874435424805 131696 0
0.009856462478637695 0.01516866683959961 130977 0
0.011284828186035156 0.014327049255371094 131426 0
0.012075424194335938 0.013012886047363281 130421 0
0.010641813278198242 0.012770652770996094 131880 0
0.011358022689819336 0.013786792755126953 133072 0
0.011127948760986328 0.015140771865844727 130528 0
0.012198686599731445 0.012813091278076172 130931 0
0.011371135711669922 0.013392448425292969 130817 0
0.011945486068725586 0.013483047485351562 131074 0
0.011066913604736328 0.01292562484741211 130480 0
0.01181340217590332 0.013056039810180664 130603 0
0.011574029922485352 0.013689517974853516 130613 0
0.010321617126464844 0.0134124755859375 129499 0
0.011269569396972656 0.0136566162109375 130768 0
0.010280370712280273 0.014908790588378906 132260 0
0.010914087295532227 0.01378774642944336 130932 0
0.011175155639648438 0.01314234733581543 132223 0
0.011346578598022461 0.013694524765014648 132293 0
0.011314630508422852 0.0123291015625 131052 0
0.01009678840637207 0.01524496078491211 131646 0
0.011333227157592773 0.013978719711303711 130225 0
0.00997161865234375 0.014131784439086914 130272 0
0.01107931137084961 0.012434005737304688 130113 0
0.011754751205444336 0.013765573501586914 130230 0
0.011204719543457031 0.013396978378295898 131171 0
0.011942386627197266 0.015258312225341797 131713 0
0.011018753051757812 0.014247894287109375 131261 0
0.012299299240112305 0.01302337646484375 131829 0
0.011212587356567383 0.014367818832397461 131916 0
0.011245489120483398 0.01385188102722168 133030 0
0.01175689697265625 0.018848657608032227 133054 0
0.011936426162719727 0.014157295227050781 132991 0
0.011196613311767578 0.012827157974243164 133081 0
0.01399374008178711 0.015987634658813477 133754 0
0.011918783187866211 0.013463497161865234 132605 0
0.012199163436889648 0.013063669204711914 133177 0
0.010404586791992188 0.013399600982666016 132089 0
0.012341499328613281 0.014233589172363281 132179 0
0.010924339294433594 0.013526439666748047 129096 0
0.011285066604614258 0.013512134552001953 135302 0
0.01092386245727539 0.012557744979858398 134832 0
0.011201858520507812 0.01239013671875 134815 0
0.01197361946105957 0.01407313346862793 135228 0
0.011836051940917969 0.01424717903137207 136995 0
0.011364221572875977 0.012450456619262695 136246 0
0.011121273040771484 0.012956380844116211 137107 0
0.011539459228515625 0.012462377548217773 136443 0
0.013211727142333984 0.013469457626342773 136614 0
0.010002851486206055 0.012876749038696289 126454 0
0.011719942092895508 0.015049457550048828 124946 0
0.011461734771728516 0.01280522346496582 133175 0
0.011517047882080078 0.013801097869873047 138457 0
0.012037277221679688 0.012618303298950195 129507 0
0.012081384658813477 0.012699365615844727 134151 0
0.010108709335327148 0.013361930847167969 127522 0
0.011787652969360352 0.013939857482910156 128306 0
0.012621641159057617 0.013740062713623047 129133 0
0.011788368225097656 0.014003276824951172 132061 0
0.01287531852722168 0.01286005973815918 131813 0
0.010009765625 0.013408422470092773 130592 0
0.011407136917114258 0.013509988784790039 133728 0
0.012149333953857422 0.012844562530517578 132976 0
0.01164102554321289 0.012471437454223633 124194 0
0.011403322219848633 0.013012409210205078 135523 0
0.012397527694702148 0.013143301010131836 133102 0
0.011155366897583008 0.012514114379882812 131448 0
0.011189460754394531 0.012699604034423828 136320 0
0.011964797973632812 0.014287233352661133 137211 0
0.011474609375 0.012344837188720703 126550 0
0.01159811019897461 0.012473583221435547 136977 0
0.012560606002807617 0.013209819793701172 137673 0
0.012926816940307617 0.014077425003051758 138551 0
0.011549711227416992 0.012999296188354492 137379 0
0.011811971664428711 0.01370859146118164 139241 0
0.012125015258789062 0.012999296188354492 138908 0
0.011369705200195312 0.014066457748413086 139261 0
0.011758089065551758 0.012555122375488281 137859 0
0.01118922233581543 0.013708829879760742 139583 0
0.013707637786865234 0.014218330383300781 141729 0
0.011114358901977539 0.014847278594970703 139693 0
0.010939359664916992 0.013615131378173828 138854 0
0.012773513793945312 0.013683557510375977 138634 0
0.011776208877563477 0.014214038848876953 137202 0
0.012115955352783203 0.013514041900634766 137884 0
0.012418746948242188 0.013213634490966797 137944 0
0.011295080184936523 0.013726472854614258 136684 0
0.010956764221191406 0.013202667236328125 137193 0
0.011728525161743164 0.013574838638305664 138149 0
0.012094497680664062 0.013360738754272461 138651 0
0.012609481811523438 0.016989469528198242 136857 0
0.011816263198852539 0.01470327377319336 138934 0
0.011258363723754883 0.014711141586303711 139819 0
0.011701345443725586 0.01432180404663086 129882 0
0.012129545211791992 0.013972043991088867 138612 0
0.011993646621704102 0.013630151748657227 135034 0
0.011652946472167969 0.013795137405395508 135061 0
0.01040339469909668 0.013635396957397461 138427 0
0.012499809265136719 0.014487743377685547 138824 0
0.01089167594909668 0.013822793960571289 130510 0
0.010768890380859375 0.015318870544433594 138853 0
0.010471343994140625 0.014103889465332031 137784 0
0.011450767517089844 0.012555837631225586 139621 0
0.012285947799682617 0.014417171478271484 138179 0
0.011397600173950195 0.01471400260925293 138176 0
0.01131129264831543 0.012376070022583008 138521 0
0.011763811111450195 0.013879776000976562 139162 0
0.011745691299438477 0.013600349426269531 140574 0
0.011343002319335938 0.014493703842163086 141600 0
0.012442350387573242 0.013749361038208008 139883 0
0.011688232421875 0.012737274169921875 141748 0
0.01230931282043457 0.013498306274414062 140843 0
0.011385679244995117 0.013804912567138672 142042 0
0.011634111404418945 0.012567281723022461 140097 0
0.010075807571411133 0.014321088790893555 139844 0
0.011427879333496094 0.014139890670776367 139660 0
0.01202845573425293 0.014787912368774414 138836 0
0.012099027633666992 0.014942407608032227 140679 0
0.011183977127075195 0.012472152709960938 140778 0
0.012194156646728516 0.013835430145263672 140671 0
0.011437177658081055 0.013963937759399414 137688 0
0.011727333068847656 0.013627052307128906 141270 0
0.011559247970581055 0.012607097625732422 141986 0
0.011845827102661133 0.013264894485473633 131977 0
0.010830879211425781 0.013714075088500977 141945 0
0.012101888656616211 0.013931989669799805 140867 0
0.011502265930175781 0.014040231704711914 139686 0
0.011332511901855469 0.01289057731628418 143322 0
0.011569499969482422 0.01338338851928711 143557 0
0.012735843658447266 0.01467442512512207 137971 0
0.011767864227294922 0.01464080810546875 144519 0
0.011820554733276367 0.012799978256225586 142538 0
0.012766361236572266 0.013522148132324219 143097 0
0.011717557907104492 0.012659549713134766 141168 0
0.01162266731262207 0.013529777526855469 138634 0
0.011022567749023438 0.013049125671386719 138021 0
0.011402368545532227 0.013226032257080078 137194 0
0.011455535888671875 0.019367694854736328 136790 0
0.010226249694824219 0.013788938522338867 137341 0
0.011379480361938477 0.013612985610961914 136339 0
0.012946128845214844 0.012983322143554688 137174 0
0.011609077453613281 0.012955188751220703 136033 0
0.012321233749389648 0.015059232711791992 134823 0
0.011719942092895508 0.014850378036499023 134022 0
0.011358022689819336 0.013974905014038086 133816 0
0.011408329010009766 0.013551712036132812 136789 0
0.010765790939331055 0.012764930725097656 136357 0
0.012586832046508789 0.013181209564208984 136788 0
0.012506246566772461 0.014847755432128906 135037 0
0.011312246322631836 0.012844562530517578 133990 0
0.010630607604980469 0.013611555099487305 134753 0
0.011005640029907227 0.012527227401733398 135122 0
0.01126861572265625 0.014196157455444336 134165 0
0.010284185409545898 0.013242959976196289 134524 0
0.012214422225952148 0.01466822624206543 132735 0
0.011672496795654297 0.012977123260498047 134090 0
0.010257720947265625 0.01480412483215332 133374 0
0.011594533920288086 0.012584209442138672 135461 0
0.011247873306274414 0.014709711074829102 134503 0
0.01002049446105957 0.013671159744262695 135577 0
0.012206077575683594 0.013524532318115234 133980 0
0.011696577072143555 0.014179706573486328 135285 0
0.010885953903198242 0.013924598693847656 135408 0
