0.20563268661499023 0.012755870819091797 529647 534203
0.20544075965881348 0.013565301895141602 530133 533963
0.20891904830932617 0.01340937614440918 537029 530821
0.20281314849853516 0.013061761856079102 532154 533020
0.21154499053955078 0.01336050033569336 534822 532001
0.21028971672058105 0.012473344802856445 538985 530010
0.21095991134643555 0.012744426727294922 540703 529117
0.21533751487731934 0.012892723083496094 538908 529949
0.21419811248779297 0.013867855072021484 537868 530395
0.21173381805419922 0.013577699661254883 538781 530002
0.20688462257385254 0.013068437576293945 531241 533647
0.2069687843322754 0.013140678405761719 524749 536462
0.20302581787109375 0.013469219207763672 536957 530917
0.20789718627929688 0.013174295425415039 527798 535309
0.1966712474822998 0.012580394744873047 483259 555471
0.2088308334350586 0.017574787139892578 526024 535977
0.2034010887145996 0.013701200485229492 520036 538797
0.20212221145629883 0.013046979904174805 511277 542433
0.20274114608764648 0.013061285018920898 499312 547926
0.21573781967163086 0.013406038284301758 521253 538204
0.20003962516784668 0.011755228042602539 520708 538403
0.21106505393981934 0.013697624206542969 508937 543187
0.20775866508483887 0.012578248977661133 523483 537095
0.21374964714050293 0.013271093368530273 534835 531981
0.20318031311035156 0.013562202453613281 536049 531129
0.20619916915893555 0.013632535934448242 530867 533699
0.19761204719543457 0.011420488357543945 511532 542189
0.20376038551330566 0.012396574020385742 527937 535006
0.20232725143432617 0.012588977813720703 529326 534387
0.21191883087158203 0.011751413345336914 518414 539308
0.21584773063659668 0.014028310775756836 528564 534762
0.20539546012878418 0.012914180755615234 531416 533491
0.2128462791442871 0.012789249420166016 524584 536533
0.2024979591369629 0.012797355651855469 525853 536035
0.20413875579833984 0.012595653533935547 509376 543009
0.21085453033447266 0.013947725296020508 532799 532809
0.20494294166564941 0.013074874877929688 547506 526234
0.21084165573120117 0.013542652130126953 540184 529222
0.20819997787475586 0.012119770050048828 546672 526173
0.20512843132019043 0.012872934341430664 533230 532690
0.1983013153076172 0.012725114822387695 516109 540232
0.20078706741333008 0.012702226638793945 524031 536577
0.20508766174316406 0.012892961502075195 538107 530175
0.2075493335723877 0.01284170150756836 537521 530423
0.1964857578277588 0.011688709259033203 501572 546671
0.22074413299560547 0.011695146560668945 535483 531532
0.20757031440734863 0.012201547622680664 540839 528889
0.2146148681640625 0.013014554977416992 534914 531629
0.21572160720825195 0.013335227966308594 539053 529728
0.20496821403503418 0.0126190185546875 538298 530101
0.204420804977417 0.013289690017700195 535557 531473
0.20904254913330078 0.013582468032836914 540977 528915
0.21199679374694824 0.012045621871948242 539448 529808
0.20460963249206543 0.011832475662231445 539969 529314
0.2070930004119873 0.013430595397949219 541491 528708
0.20661306381225586 0.012106180191040039 542036 528434
0.2123699188232422 0.013109445571899414 543523 527684
0.20413494110107422 0.012546062469482422 543161 527897
0.21288394927978516 0.01448512077331543 542916 527793
0.20692205429077148 0.013117551803588867 543918 527441
0.21197152137756348 0.011934280395507812 537858 530442
0.20790553092956543 0.012255668640136719 538912 529713
0.21033906936645508 0.012566328048706055 537661 530358
0.2142009735107422 0.012466907501220703 535966 531135
0.20350289344787598 0.011682748794555664 529523 534168
0.2142808437347412 0.01268315315246582 537704 530379
0.20566725730895996 0.013788700103759766 540242 529170
0.2151789665222168 0.015456676483154297 540414 529102
0.21188020706176758 0.013315677642822266 539708 529473
0.2100062370300293 0.01236581802368164 537592 530414
0.21282720565795898 0.012917041778564453 533730 532273
0.20899486541748047 0.011797904968261719 527819 535034
0.21059012413024902 0.011851787567138672 537595 530358
0.20856142044067383 0.012739181518554688 532892 532650
0.19203710556030273 0.011398553848266602 486675 553764
0.20786714553833008 0.0131683349609375 535844 531308
0.20601415634155273 0.012832880020141602 533808 532212
0.2088468074798584 0.012883186340332031 525644 535918
0.20253753662109375 0.012572765350341797 529270 534373
0.21387767791748047 0.012093305587768555 528912 534629
0.21268486976623535 0.012538909912109375 536073 531185
0.21026110649108887 0.012680292129516602 537902 530291
0.21213459968566895 0.013295173645019531 532408 532976
0.2063896656036377 0.013250112533569336 532289 533033
0.2090461254119873 0.013259172439575195 531853 533551
0.20456552505493164 0.012530326843261719 532398 533283
0.20884060859680176 0.013710737228393555 516801 540117
0.20557284355163574 0.012897729873657227 533061 532946
0.2025890350341797 0.011681079864501953 533399 532710
0.20568609237670898 0.013328075408935547 534880 532003
0.20403480529785156 0.012721776962280273 531569 533530
0.20525121688842773 0.012521505355834961 531021 533849
0.20704174041748047 0.013835668563842773 532814 532817
0.2086181640625 0.01254415512084961 523339 537226
0.20835161209106445 0.012148618698120117 533490 532688
0.21651196479797363 0.01274251937866211 530200 534043
0.1932978630065918 0.011107921600341797 484920 554840
0.21585750579833984 0.013505697250366211 533351 532670
0.20787787437438965 0.013532876968383789 532624 532954
0.20614838600158691 0.013999700546264648 519010 539128
0.20728707313537598 0.012537002563476562 524585 536617
0.204803466796875 0.013846635818481445 528312 534777
0.2034163475036621 0.012778759002685547 531237 533687
0.2152869701385498 0.01344752311706543 541894 528660
0.2085278034210205 0.015032291412353516 539354 529824
0.2109379768371582 0.011972188949584961 539482 529894
0.21602296829223633 0.012320995330810547 538369 530301
0.2056884765625 0.014875650405883789 543529 527881
0.21366167068481445 0.012644767761230469 541252 528990
0.21655654907226562 0.011942863464355469 539093 529971
0.20383763313293457 0.014798402786254883 539293 529885
0.20759248733520508 0.013155937194824219 538251 530496
0.2052474021911621 0.012645483016967773 538195 530501
0.20150089263916016 0.01389169692993164 538860 530257
0.20466184616088867 0.013475179672241211 531643 533685
0.2069108486175537 0.012875556945800781 536882 531184
0.19912004470825195 0.01300668716430664 511165 542291
0.20873045921325684 0.013117074966430664 537906 530801
0.2106618881225586 0.013772249221801758 536961 531050
0.21593499183654785 0.013825416564941406 539341 529879
0.20334315299987793 0.014180898666381836 533702 532482
0.20985698699951172 0.013244152069091797 536538 531251
0.20479345321655273 0.014010429382324219 531278 533469
0.20404839515686035 0.013922929763793945 525251 536190
0.20454978942871094 0.011886835098266602 533593 532428
0.20506691932678223 0.012175559997558594 535807 531538
0.19913983345031738 0.012118101119995117 490781 552081
0.20850324630737305 0.0137176513671875 527532 535096
0.1979694366455078 0.011329889297485352 499000 548094
0.19641947746276855 0.012172937393188477 506531 544473
0.20967555046081543 0.01550912857055664 511120 542317
0.1984093189239502 0.011548280715942383 518427 539073
0.19974017143249512 0.012161731719970703 507153 544160
0.1981339454650879 0.012788534164428711 518220 539262
0.21451759338378906 0.011956930160522461 527781 535119
0.20569252967834473 0.012674570083618164 531183 533705
0.2101747989654541 0.012925386428833008 529272 534549
0.20261526107788086 0.013241052627563477 532148 533058
0.20699357986450195 0.013263463973999023 527373 535267
0.21492528915405273 0.013704776763916016 531214 533675
0.21012616157531738 0.01256704330444336 537026 530836
0.20681118965148926 0.013152837753295898 538340 530306
0.20417284965515137 0.013369083404541016 532683 532808
0.20681548118591309 0.013198137283325195 534596 531845
0.20673179626464844 0.01245737075805664 530365 533861
0.21225190162658691 0.012210607528686523 543059 528016
0.20357418060302734 0.013508081436157227 537309 530645
0.21054720878601074 0.012811422348022461 532534 532873
0.20269250869750977 0.01159524917602539 522974 536986
0.20350384712219238 0.012897014617919922 523658 536427
0.20531344413757324 0.013075590133666992 537203 530716
0.20805811882019043 0.013051033020019531 550656 524489
0.20930910110473633 0.01217031478881836 548302 525479
0.20737266540527344 0.011894702911376953 545755 526590
0.20490384101867676 0.014377117156982422 545583 526699
0.20269298553466797 0.012046337127685547 537418 530399
0.19413161277770996 0.011396169662475586 488839 552955
0.1996467113494873 0.012696266174316406 528057 534728
0.2085890769958496 0.013387203216552734 533587 532174
0.2055981159210205 0.01354217529296875 511718 541886
0.20714998245239258 0.013634920120239258 511623 541981
0.19904279708862305 0.011555194854736328 515684 540047
0.20858263969421387 0.011342287063598633 510572 542618
0.19904088973999023 0.011810302734375 515277 540275
0.20783114433288574 0.012368917465209961 531938 532827
0.20165038108825684 0.011466741561889648 520017 538165
0.20154500007629395 0.012815237045288086 518050 538969
0.21585893630981445 0.013863563537597656 535796 531288
0.2046520709991455 0.013040542602539062 528748 534569
0.20832061767578125 0.013127326965332031 546399 526633
0.21018528938293457 0.011784553527832031 527714 534803
0.2149643898010254 0.013482093811035156 539400 529828
0.21513915061950684 0.012200117111206055 541511 528801
0.21024870872497559 0.012234926223754883 545115 527128
0.2115006446838379 0.01223301887512207 542577 528332
0.21978187561035156 0.014029502868652344 543476 527978
0.20342111587524414 0.013127803802490234 527084 535114
0.20978879928588867 0.012777328491210938 546690 526375
0.20806217193603516 0.013477563858032227 548440 525509
0.21067023277282715 0.01192021369934082 547931 525719
0.20869731903076172 0.012996912002563477 542813 528191
0.20942449569702148 0.011845588684082031 540221 529237
0.21541571617126465 0.017479896545410156 543142 527801
0.21027231216430664 0.01204228401184082 530700 533609
0.21642446517944336 0.01317739486694336 541285 528696
0.21047496795654297 0.011829137802124023 541624 528473
0.21116232872009277 0.012178421020507812 495523 549766
0.21266603469848633 0.013036251068115234 543830 527601
0.20908737182617188 0.012254476547241211 545072 526958
0.20368170738220215 0.011722803115844727 528706 534362
0.20781493186950684 0.01175236701965332 536445 530872
0.20522117614746094 0.012835025787353516 538286 530094
0.20821452140808105 0.012451171875 540114 529251
0.20862340927124023 0.013746500015258789 543901 527548
0.21135306358337402 0.011886358261108398 542402 528176
0.20948314666748047 0.012722492218017578 540614 529076
0.20541715621948242 0.013010978698730469 541648 528541
0.21762776374816895 0.012229442596435547 544459 527027
0.2087385654449463 0.01392817497253418 543918 527478
0.2098402976989746 0.013025283813476562 541005 528849
0.20094537734985352 0.013199090957641602 518463 541340
0.19250893592834473 0.012615442276000977 484796 556083
0.19267821311950684 0.011766910552978516 473392 561336
0.1907362937927246 0.011694669723510742 477445 559393
0.2003498077392578 0.013531923294067383 476423 559916
0.19881367683410645 0.011011362075805664 479607 558386
0.2023146152496338 0.011392831802368164 479578 558438
0.19470763206481934 0.011885881423950195 482324 557119
0.198563814163208 0.011179924011230469 487754 554587
0.1911766529083252 0.01218724250793457 485358 555590
0.19834232330322266 0.011096477508544922 478529 558907
0.19376301765441895 0.011052370071411133 483438 556506
0.19782209396362305 0.011125564575195312 483091 556610
0.20322203636169434 0.013124227523803711 478408 558888
0.19652223587036133 0.012143135070800781 480374 558079
0.1907968521118164 0.012175798416137695 477064 559504
0.20556640625 0.012850046157836914 477807 559215
0.19334149360656738 0.011148691177368164 459190 567920
0.19498729705810547 0.01101231575012207 480303 557992
0.1925654411315918 0.011113166809082031 482243 557019
0.1937553882598877 0.013147115707397461 483084 556619
0.19902658462524414 0.013174057006835938 482327 557012
0.200042724609375 0.01232147216796875 481493 557316
0.19173669815063477 0.011790275573730469 483279 556543
0.1942746639251709 0.012295007705688477 483412 556463
0.1967172622680664 0.013469219207763672 480795 557782
0.19399714469909668 0.011068582534790039 481916 557145
0.1918926239013672 0.012562751770019531 481286 557398
0.20152640342712402 0.01325082778930664 480337 557962
0.19847989082336426 0.012376546859741211 482160 557091
0.19553756713867188 0.011677026748657227 478919 558561
0.19836688041687012 0.012309074401855469 480369 557761
0.19378209114074707 0.011475086212158203 481061 557467
0.1951913833618164 0.011615753173828125 481923 557191
0.1982419490814209 0.01182413101196289 484799 555721
0.19527387619018555 0.01236581802368164 483910 556196
0.19114232063293457 0.012034177780151367 482543 556905
0.19266748428344727 0.010951519012451172 481184 557531
0.19133281707763672 0.011738300323486328 481170 557505
0.19608139991760254 0.011656761169433594 480985 557535
0.1926741600036621 0.012117385864257812 478750 558709
0.19921875 0.01114511489868164 481361 557477
0.19160723686218262 0.012454032897949219 482178 557043
0.19274568557739258 0.010982513427734375 481832 557268
0.19920825958251953 0.011191844940185547 483433 556377
0.19750452041625977 0.012793302536010742 479947 558070
0.19840264320373535 0.012103080749511719 480506 557826
0.1914682388305664 0.012802362442016602 457835 568421
0.19659638404846191 0.012174367904663086 480003 557923
0.193359375 0.01216268539428711 480846 557674
0.19784259796142578 0.013361692428588867 481837 557074
0.19421076774597168 0.012603759765625 482386 556974
0.20064926147460938 0.011679649353027344 482297 556849
0.19432330131530762 0.011020898818969727 483581 556342
0.19512486457824707 0.01140141487121582 483638 556326
0.20223546028137207 0.012758493423461914 482534 556841
0.19551920890808105 0.012510299682617188 484148 556057
0.19623804092407227 0.011481761932373047 481891 557078
0.19335675239562988 0.01177215576171875 478421 558732
0.1916334629058838 0.01256871223449707 478740 558734
0.19667935371398926 0.011445283889770508 477937 559049
0.1929936408996582 0.012018442153930664 479651 558172
0.20174479484558105 0.012630939483642578 482928 556754
0.192901611328125 0.012821435928344727 481174 557452
0.1947040557861328 0.011946678161621094 484827 555936
0.19562411308288574 0.014953136444091797 482985 556550
0.19308972358703613 0.012651443481445312 484935 555941
0.20772624015808105 0.013159513473510742 484321 556067
0.19840312004089355 0.012038946151733398 486521 555132
0.20554161071777344 0.01317739486694336 486662 555212
0.19246840476989746 0.011065006256103516 481459 557262
0.20029783248901367 0.011995077133178711 483238 556517
0.1997523307800293 0.013294696807861328 483916 556299
0.19998764991760254 0.013502359390258789 505210 547325
0.19848036766052246 0.011380672454833984 501737 548965
0.20196223258972168 0.011661529541015625 485377 555875
0.20081138610839844 0.013664484024047852 523207 539267
0.2034139633178711 0.012853384017944336 509247 545639
0.20383596420288086 0.013709783554077148 522528 539440
0.20127582550048828 0.012808799743652344 513375 543561
0.1965775489807129 0.012238502502441406 503414 548226
0.19971752166748047 0.012558221817016602 507340 546420
0.20676517486572266 0.012376546859741211 508780 545672
0.2008986473083496 0.013427495956420898 506257 546884
0.20150470733642578 0.012681722640991211 503708 548043
0.1972181797027588 0.013405084609985352 499914 549672
0.19708013534545898 0.011393070220947266 484667 555955
0.19942951202392578 0.01157522201538086 484887 555952
0.19115591049194336 0.012272119522094727 472470 561738
0.19034123420715332 0.012527704238891602 479947 558233
0.1969902515411377 0.011329889297485352 481470 557478
0.19226789474487305 0.011678218841552734 478359 558977
0.19384455680847168 0.012666940689086914 476514 559885
0.19377636909484863 0.011070728302001953 480015 558096
0.19375991821289062 0.013398170471191406 479189 558482
0.1940782070159912 0.011011123657226562 480188 558101
0.19196462631225586 0.012746810913085938 481429 557347
0.19344043731689453 0.012416362762451172 483949 556285
0.20107126235961914 0.012779712677001953 483930 556379
0.1887190341949463 0.012114524841308594 448273 572898
0.19142484664916992 0.012168169021606445 484077 556127
0.19817614555358887 0.012167215347290039 485783 555416
0.2009594440460205 0.011864900588989258 478002 559020
0.20481562614440918 0.012629270553588867 485734 555480
0.1943960189819336 0.012094259262084961 485219 555695
0.19801568984985352 0.011023998260498047 483496 556394
0.20443415641784668 0.011957168579101562 487857 554540
0.1980140209197998 0.011315584182739258 484979 555779
0.1971721649169922 0.011136531829833984 484067 556189
0.19501090049743652 0.012583255767822266 483538 556314
0.19446158409118652 0.01266169548034668 481009 557500
0.1908552646636963 0.011955738067626953 482447 556852
0.194014310836792 0.012340545654296875 483390 556481
0.19164061546325684 0.012096405029296875 486408 555170
0.199537992477417 0.013968229293823242 486845 554965
0.19675350189208984 0.011334419250488281 489155 553949
0.19599318504333496 0.012786149978637695 485146 555543
0.19348978996276855 0.010986089706420898 483587 556334
0.1969890594482422 0.011883735656738281 486469 555000
0.19180583953857422 0.011176109313964844 482361 556957
0.1993570327758789 0.013547658920288086 480723 557803
0.20064616203308105 0.013079643249511719 483899 556293
0.19731545448303223 0.011323213577270508 482658 556866
0.19980931282043457 0.012008428573608398 483783 556404
0.2009434700012207 0.012341737747192383 485103 555824
0.19139790534973145 0.011116504669189453 481605 557299
0.19260787963867188 0.012926816940307617 480066 558129
0.1983933448791504 0.012270450592041016 487870 554866
0.2031092643737793 0.012273550033569336 486762 555269
0.19116711616516113 0.011171340942382812 448920 572550
0.19124054908752441 0.012433052062988281 484842 555884
0.20197391510009766 0.011307716369628906 490798 553598
0.19722914695739746 0.01164102554321289 476930 559597
0.2008075714111328 0.012908458709716797 492093 553040
0.1950366497039795 0.011086702346801758 489466 554194
0.2165083885192871 0.012244701385498047 483223 556493
0.19311070442199707 0.011513710021972656 493167 552397
0.20283937454223633 0.012171030044555664 490708 553463
0.19335055351257324 0.011774778366088867 490133 553871
0.2028958797454834 0.012143373489379883 488952 554224
0.19319438934326172 0.012302637100219727 483784 556435
0.20320725440979004 0.012700557708740234 488976 554387
0.1966557502746582 0.011832475662231445 484109 556387
0.19374608993530273 0.013007164001464844 487618 554948
0.1920173168182373 0.012297630310058594 487834 554803
0.1931459903717041 0.013147115707397461 489128 554175
0.19547557830810547 0.011181831359863281 491144 553453
0.20028448104858398 0.012560606002807617 488519 554517
0.19881367683410645 0.012727975845336914 489362 554015
0.20033025741577148 0.011629581451416016 487867 554666
0.20058989524841309 0.011738777160644531 484414 556102
0.19450139999389648 0.011904239654541016 488940 554349
0.19104456901550293 0.011987686157226562 483838 556459
0.19240689277648926 0.011829137802124023 486755 555292
0.19893836975097656 0.012199640274047852 488204 554602
0.1939985752105713 0.01269984245300293 483844 556449
0.20477032661437988 0.012339115142822266 479729 558051
0.19701766967773438 0.01109004020690918 493223 552602
0.19850659370422363 0.01218867301940918 491600 553239
0.1874372959136963 0.01175236701965332 446451 573557
0.20050692558288574 0.011927604675292969 481455 557487
0.19383835792541504 0.012537002563476562 488077 554762
0.19274687767028809 0.010955572128295898 473550 560999
0.1964709758758545 0.01282048225402832 490418 553714
0.19939780235290527 0.012296676635742188 493277 552510
0.18894362449645996 0.011765718460083008 461014 567227
0.18186020851135254 0.01134943962097168 442156 575716
0.19462323188781738 0.010987997055053711 481050 557870
0.2043132781982422 0.012041091918945312 488482 554712
0.19942092895507812 0.012615203857421875 495975 551566
0.20435333251953125 0.012894630432128906 491483 553695
0.19844698905944824 0.011346101760864258 491988 553564
0.20269346237182617 0.013080835342407227 494353 552268
0.19980502128601074 0.012876033782958984 490201 554200
0.19281840324401855 0.012897491455078125 484324 556503
0.19269680976867676 0.010824918746948242 448312 573139
0.1842195987701416 0.011778116226196289 446006 574120
0.21021318435668945 0.013324260711669922 486962 555325
0.19510102272033691 0.013132095336914062 491413 553484
0.19521832466125488 0.011606216430664062 483414 556859
0.1927783489227295 0.012189865112304688 484563 556285
0.19427204132080078 0.012380599975585938 485336 556046
0.20286130905151367 0.012307167053222656 484818 556542
0.19117045402526855 0.012384414672851562 488018 555195
0.1984412670135498 0.012598991394042969 490178 554237
0.20135283470153809 0.012655258178710938 488160 555004
0.1952676773071289 0.011822700500488281 482033 557567
0.1998434066772461 0.01136326789855957 489191 554394
0.19360971450805664 0.012833595275878906 487202 555409
0.1947624683380127 0.012894630432128906 462385 566823
0.20226478576660156 0.01193547248840332 483992 556556
0.19909977912902832 0.01232004165649414 482509 557435
0.1971893310546875 0.011627912521362305 482044 557493
0.1963653564453125 0.011367559432983398 485334 556052
0.20514297485351562 0.01279306411743164 483709 557011
0.1951277256011963 0.011927604675292969 481427 557854
0.19562673568725586 0.01299905776977539 478992 558900
0.19892430305480957 0.012279748916625977 483098 557228
0.20358967781066895 0.011462211608886719 483711 557038
0.19672846794128418 0.012241601943969727 479217 558867
0.19746923446655273 0.012224197387695312 482905 556147
0.1915299892425537 0.011301040649414062 481399 556913
0.1995093822479248 0.01163792610168457 482124 556483
0.19686102867126465 0.012247800827026367 480526 557113
0.20007109642028809 0.012855052947998047 486908 554026
0.19371700286865234 0.012788772583007812 485956 554384
0.1924445629119873 0.011399030685424805 480150 557265
0.2004072666168213 0.011819839477539062 475482 559493
0.19116520881652832 0.012131929397583008 479141 558012
0.19682073593139648 0.013636589050292969 473596 560598
0.1868903636932373 0.011818408966064453 438673 576656
0.1970081329345703 0.01540517807006836 472585 560917
0.19890093803405762 0.01244044303894043 473676 560419
0.19670343399047852 0.011665821075439453 478805 557829
0.19231486320495605 0.011456012725830078 467455 563029
0.20007109642028809 0.01136636734008789 473422 560262
0.19649457931518555 0.01136326789855957 475044 559497
0.20753908157348633 0.012832403182983398 471215 561324
0.19381093978881836 0.011253833770751953 471352 561228
0.19295597076416016 0.011740922927856445 475336 559388
0.1993095874786377 0.012166261672973633 471824 560987
0.19022297859191895 0.012516975402832031 473138 560384
0.1902155876159668 0.012760162353515625 476637 558723
0.19546031951904297 0.011129379272460938 469127 562232
0.19053292274475098 0.011945962905883789 473010 560537
0.1902773380279541 0.011956453323364258 475387 559302
0.19563698768615723 0.012685060501098633 471514 560945
0.1882917881011963 0.011922836303710938 472868 560333
0.19237947463989258 0.012730598449707031 474712 559592
0.18928050994873047 0.01251363754272461 473974 559943
0.1991865634918213 0.01381826400756836 474556 559693
0.19205665588378906 0.010915756225585938 476618 558657
0.1926717758178711 0.012847661972045898 474753 559520
0.18935632705688477 0.011986732482910156 475726 559075
0.196044921875 0.011168718338012695 478571 557797
0.19959354400634766 0.012921810150146484 474709 559665
0.1981368064880371 0.011918306350708008 476865 558804
0.19394922256469727 0.011314153671264648 471533 561381
0.1950528621673584 0.012696027755737305 474077 560322
0.19114351272583008 0.01183319091796875 473747 560318
0.19427776336669922 0.011672258377075195 435601 578039
0.1942887306213379 0.010970115661621094 471475 561274
0.18884706497192383 0.011960506439208984 474625 559980
0.20088982582092285 0.013138055801391602 478833 557900
0.1968400478363037 0.010899066925048828 471708 561371
0.19956612586975098 0.013153791427612305 474268 560025
0.1933596134185791 0.012682914733886719 477849 558339
0.20073270797729492 0.013237476348876953 474510 559900
0.19738483428955078 0.01116490364074707 474690 559799
0.19188857078552246 0.011269569396972656 480226 557160
0.19273900985717773 0.011909961700439453 474554 559981
0.20051360130310059 0.013134479522705078 473957 560171
0.19282817840576172 0.012282371520996094 475880 559238
0.200883150100708 0.013068914413452148 472838 560743
0.19611167907714844 0.010998010635375977 472076 561049
0.19870495796203613 0.012232065200805664 474119 560140
0.19254064559936523 0.010943174362182617 469689 562061
0.19452953338623047 0.012365341186523438 470256 562065
0.19025683403015137 0.012115478515625 473774 560178
0.19555068016052246 0.011412382125854492 471423 561312
0.19431114196777344 0.012513160705566406 471887 561196
0.19751286506652832 0.012348175048828125 475253 559505
0.20073604583740234 0.011239051818847656 472128 560917
0.19560766220092773 0.012555837631225586 470973 561384
0.19587373733520508 0.011870622634887695 474336 559884
0.18976092338562012 0.010838985443115234 471436 561247
0.19364571571350098 0.012983560562133789 472628 560598
0.19618773460388184 0.010986089706420898 466149 563757
0.18899965286254883 0.011872291564941406 469721 562002
0.19176626205444336 0.010951995849609375 468768 562361
0.18397212028503418 0.011800289154052734 430162 580486
0.19937992095947266 0.01130986213684082 465794 563973
0.18827509880065918 0.01169276237487793 469848 561928
0.19051456451416016 0.012962579727172852 473210 560235
0.1939687728881836 0.013558387756347656 468427 562564
0.19238042831420898 0.010861873626708984 472318 560673
0.19620084762573242 0.01090550422668457 476711 558621
0.19104361534118652 0.011984586715698242 476172 558843
0.19730019569396973 0.012889385223388672 476312 558789
0.19087934494018555 0.012454032897949219 475777 559102
0.19822144508361816 0.012665271759033203 471621 561071
0.19344091415405273 0.010935783386230469 471310 561266
0.20779037475585938 0.012948274612426758 470993 561415
0.19119501113891602 0.011703729629516602 470740 561461
0.18791580200195312 0.011471986770629883 471759 561089
0.19295930862426758 0.011160850524902344 473641 560128
0.19703888893127441 0.012108564376831055 460742 566194
0.19173574447631836 0.011142969131469727 460261 566282
0.19300365447998047 0.01141047477722168 465331 563912
0.18746209144592285 0.010834455490112305 469119 562115
0.19628691673278809 0.010822296142578125 468163 562486
0.20229721069335938 0.013222455978393555 473503 559959
0.19813251495361328 0.012643098831176758 477419 558406
0.19328522682189941 0.01223134994506836 479193 557846
0.19441676139831543 0.011404037475585938 478826 557595
0.20246505737304688 0.012303829193115234 478945 557874
0.18905329704284668 0.012295961380004883 466322 563417
0.19229674339294434 0.01073312759399414 457302 567680
0.19483613967895508 0.01203155517578125 462623 565093
0.19860506057739258 0.01179957389831543 458888 566917
0.1786942481994629 0.010094165802001953 419732 584828
0.19474124908447266 0.011659860610961914 462499 565162
0.18996834754943848 0.011321306228637695 463504 564550
0.19026780128479004 0.011838436126708984 463365 564655
0.18692278861999512 0.012319326400756836 454907 568628
0.18772172927856445 0.011850595474243164 459802 566373
0.19159889221191406 0.010944366455078125 475098 559473
0.19444942474365234 0.011281251907348633 467225 562945
0.19606232643127441 0.011477470397949219 467714 562686
0.19220852851867676 0.01196599006652832 464755 564013
0.19266939163208008 0.011842489242553711 457151 567598
0.18692946434020996 0.012507200241088867 455420 568500
0.19003844261169434 0.013065338134765625 456317 567960
0.19077515602111816 0.011464118957519531 454775 568733
0.18612170219421387 0.011749744415283203 453949 569137
0.19306421279907227 0.012278079986572266 457532 567547
0.19927573204040527 0.011567831039428711 459764 566469
0.19916486740112305 0.011971235275268555 464956 563919
0.19452381134033203 0.011651992797851562 467545 562642
0.190201997756958 0.012614965438842773 461488 565571
0.19591426849365234 0.012480735778808594 461396 565525
0.19098520278930664 0.010789155960083008 463188 564639
0.19089031219482422 0.011930227279663086 460404 566016
0.1927659511566162 0.011842012405395508 460123 566051
0.19469714164733887 0.012847423553466797 458105 567132
0.18694162368774414 0.011981725692749023 456756 567768
0.20307517051696777 0.011494159698486328 453934 569178
0.1947472095489502 0.01081085205078125 444013 573957
0.2012321949005127 0.010623693466186523 455099 568560
0.18428874015808105 0.012196063995361328 450754 570490
0.17854833602905273 0.011738300323486328 414408 587286
0.1884908676147461 0.01206350326538086 451355 570292
0.18961262702941895 0.012525320053100586 457919 567112
0.19556832313537598 0.01058506965637207 460444 565983
0.1883845329284668 0.012375593185424805 453682 569127
0.19382214546203613 0.012521028518676758 460345 566047
0.1871635913848877 0.011693000793457031 456481 567809
0.1865696907043457 0.011097431182861328 454939 568626
0.19170022010803223 0.012370109558105469 464520 563955
0.1899712085723877 0.012356758117675781 460430 565906
0.1877899169921875 0.011457681655883789 416432 586151
0.1866905689239502 0.011199474334716797 457725 567062
0.19593286514282227 0.01120138168334961 464355 563979
0.19028592109680176 0.01154184341430664 461479 565362
0.19415783882141113 0.011586666107177734 457202 567439
0.19635438919067383 0.011719226837158203 464153 564076
0.19230890274047852 0.012686014175415039 470956 561248
0.19887280464172363 0.011529207229614258 468599 562361
0.18967795372009277 0.01166987419128418 472227 560857
0.20066547393798828 0.011939048767089844 466961 562986
0.2001807689666748 0.011975765228271484 468576 562119
0.19649434089660645 0.012384414672851562 465095 563785
0.19222426414489746 0.012104272842407227 467131 562739
0.19673466682434082 0.012982845306396484 471596 560831
0.20056915283203125 0.012920618057250977 472589 560430
0.19470906257629395 0.012675762176513672 465409 563579
0.1837449073791504 0.011786460876464844 453631 569046
0.19278764724731445 0.011201858520507812 453579 569081
0.18846917152404785 0.01226806640625 464641 563870
0.18819952011108398 0.012162446975708008 463194 564635
0.19133687019348145 0.013024091720581055 467019 562898
0.19719767570495605 0.012979745864868164 465556 563627
0.18526601791381836 0.012466669082641602 460052 566341
0.1922159194946289 0.011717557907104492 459849 566412
0.18921947479248047 0.011755943298339844 461493 565601
0.19547438621520996 0.010685443878173828 460600 565964
0.2004554271697998 0.012052536010742188 458443 567035
0.18501663208007812 0.011175155639648438 458198 567105
0.1931006908416748 0.012568235397338867 459977 566297
0.18804097175598145 0.010793447494506836 455978 568206
0.19230866432189941 0.012788534164428711 464876 563971
0.19154667854309082 0.012648582458496094 460678 565951
0.2021033763885498 0.012861251831054688 462836 564783
0.19534945487976074 0.01178121566772461 464968 563864
0.18826508522033691 0.012259721755981445 461980 565339
0.19552063941955566 0.010648250579833984 461100 565636
0.18463611602783203 0.012093305587768555 448595 571719
0.19192147254943848 0.011919021606445312 459858 566232
0.19307279586791992 0.012229204177856445 456896 567683
0.18703079223632812 0.011583089828491211 418078 585556
0.1849074363708496 0.012039422988891602 459597 566442
0.1923658847808838 0.011414766311645508 461676 565443
0.18739962577819824 0.011922121047973633 463982 564460
0.1864023208618164 0.011806964874267578 456114 568181
0.193342924118042 0.011358022689819336 460626 566009
0.19815707206726074 0.011990070343017578 475836 559069
0.19445490837097168 0.013461112976074219 474902 559491
0.1983656883239746 0.011357784271240234 475899 559093
0.19099187850952148 0.01076364517211914 474144 559595
0.19668960571289062 0.010937690734863281 465944 563589
0.1897592544555664 0.0109710693359375 468867 562035
0.20251941680908203 0.012701034545898438 462414 565128
0.18831610679626465 0.010792016983032227 462768 564944
0.19533681869506836 0.010956287384033203 466266 563461
0.18964266777038574 0.012326240539550781 465408 563867
0.19435715675354004 0.011091232299804688 463424 564741
0.1879885196685791 0.012163639068603516 469240 562094
0.20459938049316406 0.012664318084716797 474327 559599
0.19632267951965332 0.012046575546264648 465044 564033
0.19174981117248535 0.011749267578125 470187 561617
0.19001531600952148 0.01210784912109375 467383 563008
0.1932079792022705 0.0113525390625 465245 563963
0.19079971313476562 0.011867523193359375 463013 564992
0.19130396842956543 0.012074708938598633 468115 562675
0.20354676246643066 0.013428688049316406 509245 544035
0.21096348762512207 0.013851165771484375 519182 539970
0.20475339889526367 0.011566162109375 520772 539220
0.21268939971923828 0.013581037521362305 523283 538014
0.21051788330078125 0.011841297149658203 520970 539084
0.2035205364227295 0.013509035110473633 521639 538910
0.21100521087646484 0.01312708854675293 523632 537836
0.2116074562072754 0.01348423957824707 518496 540291
0.20871257781982422 0.013693571090698242 523608 537941
0.204237699508667 0.012525558471679688 522280 538701
0.1968669891357422 0.012385845184326172 515853 541486
0.20893144607543945 0.012482404708862305 522219 538588
0.2070612907409668 0.012353658676147461 521917 538870
0.20243287086486816 0.013316631317138672 520207 539682
0.2076854705810547 0.01336359977722168 521450 538995
0.2148289680480957 0.012849807739257812 522872 538422
0.20457053184509277 0.011579513549804688 523541 538231
0.20388150215148926 0.012724161148071289 516773 541278
0.1960752010345459 0.012550830841064453 497490 549814
0.21292901039123535 0.012299537658691406 521398 539288
0.2111063003540039 0.011808633804321289 521385 539188
0.2115774154663086 0.013076543807983398 522606 538566
0.2160651683807373 0.013476371765136719 523051 538529
0.20632266998291016 0.014185667037963867 521887 539022
0.2123727798461914 0.011988162994384766 529927 535362
0.20129704475402832 0.011620759963989258 523224 538293
0.20625567436218262 0.013002157211303711 529180 535651
0.21375727653503418 0.013290643692016602 527433 536298
0.19463276863098145 0.011069536209106445 486185 555469
0.2046375274658203 0.011589288711547852 525099 537467
0.20269179344177246 0.014552116394042969 525456 537100
0.20509004592895508 0.011860847473144531 529133 535404
0.20663833618164062 0.013040304183959961 531080 534743
0.20487523078918457 0.012423992156982422 534799 532848
0.21156883239746094 0.011785268783569336 533256 533614
0.21142196655273438 0.012657403945922852 535610 532529
0.21652865409851074 0.014174938201904297 535161 532759
0.20943999290466309 0.01317143440246582 533166 533676
0.20587778091430664 0.011898517608642578 523835 537922
0.20657896995544434 0.011958837509155273 534324 533204
0.21487021446228027 0.013760566711425781 528884 535651
0.20526933670043945 0.011886835098266602 533900 533343
0.20866727828979492 0.011773109436035156 536098 532257
0.20796966552734375 0.013491630554199219 535810 532337
0.20332860946655273 0.011842012405395508 534463 533198
0.22078800201416016 0.012057781219482422 538648 530970
0.21451902389526367 0.013191461563110352 535260 532697
0.2240591049194336 0.013499736785888672 537766 531598
0.20961833000183105 0.011992692947387695 515719 541290
0.2092733383178711 0.013552665710449219 538163 531593
0.2085435390472412 0.012803792953491211 537923 531701
0.21516990661621094 0.013734817504882812 538686 531246
0.2124488353729248 0.013936042785644531 537843 531702
0.21259236335754395 0.013125419616699219 537908 531701
0.2093181610107422 0.013969659805297852 540597 530404
0.20638489723205566 0.014314413070678711 530838 534851
0.2140488624572754 0.01290273666381836 541582 530111
0.2169802188873291 0.01386713981628418 544800 528605
0.20564508438110352 0.012315511703491211 497648 550346
0.2111508846282959 0.01307368278503418 538733 531346
0.21176695823669434 0.012592315673828125 530062 534983
0.2094433307647705 0.012695074081420898 530725 534908
0.2056891918182373 0.013148069381713867 542496 529572
0.2092139720916748 0.012737035751342773 545820 528132
0.20876622200012207 0.012871503829956055 532125 534183
0.20764899253845215 0.011860847473144531 547029 527496
0.2068953514099121 0.013335227966308594 545170 528285
0.21236419677734375 0.014090299606323242 543243 529397
0.21395373344421387 0.011986255645751953 545346 528463
0.21231627464294434 0.012073278427124023 541259 530075
0.21053767204284668 0.01328587532043457 532718 534093
0.21451091766357422 0.013224124908447266 542594 529728
0.21209478378295898 0.012928247451782227 545683 528006
0.21043682098388672 0.012524604797363281 542472 529679
0.20994043350219727 0.013947010040283203 544147 528922
0.21842718124389648 0.013963460922241211 542447 529541
0.20479393005371094 0.013036012649536133 545284 528367
0.2083899974822998 0.01376962661743164 544651 528511
0.2029726505279541 0.012914419174194336 521546 538651
0.2085726261138916 0.011860847473144531 539838 530908
0.20863580703735352 0.012998580932617188 542572 529575
0.21371006965637207 0.012206077575683594 542914 529407
0.2124924659729004 0.014357566833496094 538742 531363
0.2074596881866455 0.013923168182373047 539020 531176
0.21074247360229492 0.012757062911987305 536837 532115
0.19971489906311035 0.012505054473876953 524506 537654
0.21584439277648926 0.011963844299316406 540018 530642
0.21515631675720215 0.01266789436340332 540468 530271
0.19544267654418945 0.011136770248413086 482689 557133
0.2113025188446045 0.013368368148803711 530605 534851
0.20026946067810059 0.013378620147705078 518298 539937
0.2118363380432129 0.013805866241455078 516954 540719
0.20076847076416016 0.012462139129638672 526888 536381
0.20793390274047852 0.013679027557373047 531997 533946
0.20778799057006836 0.012650489807128906 522436 538371
0.21081757545471191 0.013055562973022461 532870 533806
0.2119910717010498 0.011872291564941406 531032 534527
0.21325325965881348 0.012760400772094727 527306 536307
0.20546722412109375 0.012002706527709961 523871 537929
0.21415019035339355 0.01189732551574707 525287 537106
0.20411205291748047 0.01285409927368164 502163 547290
0.1985466480255127 0.01190638542175293 521517 538990
0.19972729682922363 0.012531757354736328 521965 538560
0.2051410675048828 0.01360464096069336 520655 539278
0.1990962028503418 0.012505769729614258 520771 539255
0.20575666427612305 0.013782739639282227 522097 538480
0.20123934745788574 0.013233423233032227 521177 538996
0.20178484916687012 0.012773990631103516 519892 539567
0.20506024360656738 0.014075040817260742 502090 547227
0.20123696327209473 0.013051509857177734 520249 539376
0.2188122272491455 0.013915300369262695 527450 536098
0.20252776145935059 0.012982606887817383 527202 536200
0.21202945709228516 0.012589454650878906 525294 537081
0.20537066459655762 0.011973857879638672 527668 536102
0.20914125442504883 0.01161503791809082 524685 537315
0.20374035835266113 0.01241445541381836 509212 544283
0.20312857627868652 0.012778759002685547 519992 539590
0.21024227142333984 0.012581586837768555 519086 539868
0.18758130073547363 0.011842012405395508 468040 563289
0.20551228523254395 0.012415885925292969 518273 540293
0.1988523006439209 0.012569665908813477 502771 546814
0.19905447959899902 0.011509895324707031 509254 544275
0.2010960578918457 0.012909889221191406 516740 541047
0.20562386512756348 0.012790679931640625 517654 540513
0.19947481155395508 0.013167858123779297 512711 542744
0.20427894592285156 0.013725996017456055 523681 537968
0.20422768592834473 0.013766765594482422 524213 537520
0.20462322235107422 0.012433528900146484 526244 536737
0.20770525932312012 0.013131141662597656 525659 536934
0.21195292472839355 0.012671470642089844 525603 537024
0.19812679290771484 0.011399030685424805 506467 545425
0.20802950859069824 0.01333165168762207 524960 537284
0.21193790435791016 0.012869596481323242 526727 536427
0.20433640480041504 0.012511253356933594 524244 537584
0.21108102798461914 0.011950016021728516 524279 537578
0.2091517448425293 0.01253509521484375 525649 536926
0.20553898811340332 0.011803388595581055 521757 538657
0.20253920555114746 0.012301206588745117 523201 538117
0.20082902908325195 0.011497020721435547 502800 546894
0.20740818977355957 0.013011932373046875 519671 539673
0.20562100410461426 0.012848615646362305 522745 538405
0.20725750923156738 0.012723207473754883 521138 539044
0.20480108261108398 0.012544631958007812 520224 539509
0.20270895957946777 0.012923002243041992 519476 539774
0.20921540260314941 0.012688159942626953 518334 540322
0.20605063438415527 0.01288151741027832 509807 544129
0.20194792747497559 0.012534618377685547 519100 540087
0.21175169944763184 0.011818647384643555 519246 539950
0.18515229225158691 0.011783838272094727 469286 562741
0.20843815803527832 0.012683391571044922 513813 542458
0.19879722595214844 0.012888431549072266 496458 549690
0.19901323318481445 0.011635065078735352 504716 546377
0.20196247100830078 0.013236522674560547 517378 541000
0.20714592933654785 0.012137651443481445 518863 540058
0.20502257347106934 0.01196146011352539 513174 542749
0.21109509468078613 0.011610984802246094 521019 539199
0.20948386192321777 0.013881683349609375 521756 538772
0.20978903770446777 0.012381792068481445 520232 539536
0.20131635665893555 0.012176990509033203 519166 540115
0.20623207092285156 0.013895750045776367 518704 540199
0.20199322700500488 0.013176679611206055 496982 549685
0.1995398998260498 0.011800765991210938 520022 539641
0.20524001121520996 0.011562108993530273 519257 540066
0.20288681983947754 0.01305699348449707 518747 540239
0.20722436904907227 0.013559579849243164 518194 540519
0.20134949684143066 0.013143062591552734 520881 539228
0.21228837966918945 0.01304936408996582 518163 540456
0.20196962356567383 0.012667417526245117 518362 540460
0.20928597450256348 0.012266874313354492 493935 551006
0.20405244827270508 0.01217794418334961 518808 540144
0.2015397548675537 0.012537956237792969 519884 539640
0.20072293281555176 0.013558387756347656 520313 539502
0.21004700660705566 0.013124942779541016 519289 539961
0.2083427906036377 0.013492107391357422 519778 539718
0.20472335815429688 0.013183116912841797 518445 540325
0.2083292007446289 0.013175010681152344 507059 545410
0.20242571830749512 0.01169729232788086 518047 540545
0.20163869857788086 0.01280832290649414 517568 540678
0.20311307907104492 0.013055562973022461 475547 559849
0.2006988525390625 0.011758565902709961 515514 541717
0.1947777271270752 0.01123189926147461 489873 552986
0.1983039379119873 0.011377334594726562 514964 541940
0.19718122482299805 0.012495994567871094 516869 541101
0.20760679244995117 0.01204228401184082 519195 540021
0.19916439056396484 0.012050390243530273 509559 544277
0.2062537670135498 0.011564970016479492 519637 539744
0.20404338836669922 0.01155400276184082 521179 539163
0.21494722366333008 0.012433290481567383 520460 539483
0.20969438552856445 0.012740135192871094 521878 538907
0.20096278190612793 0.012520313262939453 519139 540102
0.19971370697021484 0.012621879577636719 499403 548512
0.2042386531829834 0.013127565383911133 521196 539120
0.20393991470336914 0.011511564254760742 522394 538571
0.2015857696533203 0.012877702713012695 523429 538173
0.20279884338378906 0.013164520263671875 524066 537824
0.2021958827972412 0.01347041130065918 524700 537566
0.20871186256408691 0.012901782989501953 519573 539741
0.20497822761535645 0.013582468032836914 519377 539781
0.21558713912963867 0.013203144073486328 504079 546508
0.19961118698120117 0.012966156005859375 515911 541502
0.21174001693725586 0.012029170989990234 533842 533787
0.2170858383178711 0.013300180435180664 532282 534359
0.22504186630249023 0.013357162475585938 533790 533785
0.21163177490234375 0.013427734375 535028 533303
0.21072697639465332 0.013361454010009766 536844 532499
0.21622991561889648 0.01368093490600586 532391 534372
0.20323824882507324 0.011844158172607422 537225 532189
0.20389580726623535 0.012710809707641602 531807 534603
0.20094776153564453 0.011753559112548828 530014 535492
0.2026519775390625 0.012794733047485352 533719 533846
0.21432828903198242 0.012456417083740234 527988 536236
0.20791387557983398 0.013166189193725586 531743 534551
0.205000638961792 0.013550043106079102 534429 533536
0.20994234085083008 0.013522863388061523 535447 532998
0.2147994041442871 0.012883186340332031 539662 531012
0.20900535583496094 0.01333308219909668 538017 531773
0.20941710472106934 0.013022422790527344 537880 531893
0.20829391479492188 0.013789892196655273 539268 531395
0.21605682373046875 0.013642311096191406 539057 531302
0.212233304977417 0.012229681015014648 533722 533724
0.2034602165222168 0.013219594955444336 531219 534760
0.19992280006408691 0.01277613639831543 529439 535671
0.20560050010681152 0.012885570526123047 530462 535096
0.203582763671875 0.013061046600341797 527457 536542
0.19980382919311523 0.01336216926574707 531179 534987
0.20493221282958984 0.01386404037475586 531315 534870
0.20483970642089844 0.013211488723754883 527055 536680
0.2083909511566162 0.01370096206665039 535186 533131
0.20601415634155273 0.012911081314086914 536404 532475
0.20656895637512207 0.013577938079833984 532009 534669
0.205413818359375 0.013530254364013672 532155 534540
0.2111804485321045 0.012097597122192383 534801 533312
0.20477724075317383 0.013188362121582031 530035 535434
0.2055962085723877 0.01354074478149414 530191 535300
0.2039778232574463 0.011836767196655273 527889 536339
0.2077186107635498 0.012625455856323242 528832 535871
0.20466232299804688 0.011959552764892578 526606 536785
0.20537447929382324 0.012453556060791016 531531 534684
0.2157909870147705 0.013794422149658203 534529 533425
0.20202875137329102 0.013407230377197266 526865 536897
0.20652985572814941 0.012614965438842773 528656 536024
0.21028351783752441 0.011690616607666016 527999 536257
0.2085270881652832 0.011844873428344727 528167 536200
0.20945501327514648 0.014233827590942383 526420 536947
0.21277356147766113 0.011491060256958008 527350 536510
0.20369458198547363 0.011736154556274414 527487 536596
0.20004844665527344 0.012766599655151367 524683 537782
0.20556855201721191 0.012835979461669922 528560 536137
0.20630574226379395 0.013485431671142578 532827 534232
0.20601820945739746 0.013813495635986328 530070 535348
0.20834565162658691 0.012565135955810547 527865 536801
0.20146870613098145 0.012228965759277344 528142 536562
0.20979619026184082 0.01283574104309082 524784 538260
0.2100379467010498 0.013598203659057617 526090 537557
0.20026135444641113 0.01297307014465332 521689 539510
0.20632100105285645 0.011877298355102539 521928 539498
0.20104050636291504 0.01283407211303711 522134 539299
0.2103433609008789 0.012889623641967773 522346 539186
0.20343995094299316 0.013336896896362305 524609 538098
0.21096301078796387 0.01203608512878418 526182 537431
0.2122037410736084 0.013193607330322266 524343 538349
0.20211052894592285 0.012848138809204102 526164 537520
0.2052631378173828 0.012990474700927734 525116 538067
0.2094893455505371 0.013182878494262695 528859 536247
0.20706558227539062 0.014527320861816406 528495 536394
0.20273685455322266 0.012748003005981445 529473 535945
0.20922493934631348 0.012176513671875 529449 535976
0.20257067680358887 0.012963294982910156 530956 535179
0.2095046043395996 0.011683940887451172 529002 536218
0.20314669609069824 0.012900114059448242 529948 535658
0.20798897743225098 0.012729883193969727 527417 536791
0.20589280128479004 0.013896942138671875 527868 536535
0.20693731307983398 0.012252569198608398 519518 540456
0.20731568336486816 0.01266932487487793 536941 532473
0.2055220603942871 0.012761116027832031 534796 533546
0.21333956718444824 0.012576103210449219 534715 533601
0.2053236961364746 0.01328897476196289 535124 533342
0.20590996742248535 0.013488531112670898 540085 530976
0.20874667167663574 0.014063119888305664 537762 532063
0.2138979434967041 0.012076377868652344 541035 530488
0.212388277053833 0.013191938400268555 539532 531358
0.21244597434997559 0.012821197509765625 540378 530875
0.20270276069641113 0.011776208877563477 513097 543500
0.19982457160949707 0.012195587158203125 510493 544264
0.21509385108947754 0.013558387756347656 532676 534534
0.2244577407836914 0.01396489143371582 547498 528242
0.19943022727966309 0.011784076690673828 521441 540042
0.20799016952514648 0.011923074722290039 534703 533818
0.19752287864685059 0.012297630310058594 516146 542366
0.20611357688903809 0.013145923614501953 518631 541196
0.20668387413024902 0.012391328811645508 520301 540508
0.20846343040466309 0.013899087905883789 529221 536440
0.21065235137939453 0.013139963150024414 526407 537752
0.20197463035583496 0.01288747787475586 523868 538925
0.21593165397644043 0.012610435485839844 532275 534972
0.20559310913085938 0.013751745223999023 530167 535824
0.2072737216949463 0.011390209197998047 503881 547700
0.2094132900238037 0.01211690902709961 538233 532299
0.2167525291442871 0.013525962829589844 530059 535876
0.20946145057678223 0.01324772834777832 525686 538060
0.20367789268493652 0.013369083404541016 538639 532274
0.20833396911621094 0.012864112854003906 541275 531029
0.20222115516662598 0.01194453239440918 512513 544013
0.2082839012145996 0.011864185333251953 541583 531070
0.2082679271697998 0.013223886489868164 541839 530959
0.21613693237304688 0.01307368278503418 543011 530294
0.21625876426696777 0.013681411743164062 539800 531787
0.21145057678222656 0.013578176498413086 545385 529219
0.20893406867980957 0.013618707656860352 543655 530054
0.21074485778808594 0.013253450393676758 544313 529509
0.21455931663513184 0.013122797012329102 539188 531727
0.21714162826538086 0.013969659805297852 544285 529548
0.21635985374450684 0.012745141983032227 550087 527036
0.2068347930908203 0.012994050979614258 546294 528653
0.2077007293701172 0.01352834701538086 543429 529739
0.21123671531677246 0.011856317520141602 542462 530349
0.2115778923034668 0.013893365859985352 538372 532149
0.20646333694458008 0.01341867446899414 541000 530716
0.21297955513000488 0.013657569885253906 540990 530987
0.21335577964782715 0.014128923416137695 538237 532155
0.21793007850646973 0.013056039810180664 538843 532033
0.2088792324066162 0.013518095016479492 540940 530958
0.22177743911743164 0.013357877731323242 542169 530410
0.21132683753967285 0.012870550155639648 537458 532333
0.21723580360412598 0.013186216354370117 542958 529927
0.2086925506591797 0.012712717056274414 545949 528424
0.20162105560302734 0.011569976806640625 518382 541002
0.21373772621154785 0.01384878158569336 543202 529618
0.20516204833984375 0.011880636215209961 534754 533753
0.20814800262451172 0.018535137176513672 534415 533769
0.20574593544006348 0.012416839599609375 543512 529561
0.21536779403686523 0.013588428497314453 544729 528913
0.20052456855773926 0.01175379753112793 521668 539563
0.21721243858337402 0.012777328491210938 545689 528628
0.20174598693847656 0.013247489929199219 542294 530320
0.21487951278686523 0.012220144271850586 548530 527535
0.21396946907043457 0.013993978500366211 543474 529751
0.20698142051696777 0.013241291046142578 543432 529583
0.2171638011932373 0.013465642929077148 543343 529491
0.21706724166870117 0.01239919662475586 544642 528938
0.20574164390563965 0.012859344482421875 548558 527335
0.2154085636138916 0.013697624206542969 550960 526271
0.21745085716247559 0.013746261596679688 546180 528222
0.2151806354522705 0.012587547302246094 550710 526147
0.21856260299682617 0.012236833572387695 548863 526901
0.21534943580627441 0.013187885284423828 552294 525515
0.20981359481811523 0.013078927993774414 545946 528296
0.20560073852539062 0.012560606002807617 545956 528263
0.2079143524169922 0.014271974563598633 545377 528616
0.20899653434753418 0.011927604675292969 544369 528937
0.21056342124938965 0.014497756958007812 550062 526604
0.21139836311340332 0.014217853546142578 550762 526168
0.20641064643859863 0.013746500015258789 549218 526978
0.21756267547607422 0.013314008712768555 541900 529973
0.2114872932434082 0.01201176643371582 551479 525925
0.2125110626220703 0.013319969177246094 553363 525032
0.19979333877563477 0.013190984725952148 526203 536975
0.22758889198303223 0.012794017791748047 553058 524993
0.21244311332702637 0.013043880462646484 550150 526295
0.2190718650817871 0.01352381706237793 548676 527120
0.21811437606811523 0.01287221908569336 556810 523218
0.2133321762084961 0.013006925582885742 558925 522326
0.21520543098449707 0.013430356979370117 543141 529534
0.21489810943603516 0.01300811767578125 561941 521009
0.2066953182220459 0.016782522201538086 557565 522983
0.21762394905090332 0.014188051223754883 558520 522555
0.21089482307434082 0.013091802597045898 554037 524545
0.21017789840698242 0.013468503952026367 546850 527768
0.21469974517822266 0.013004541397094727 545702 528266
0.2041301727294922 0.012733936309814453 544128 529116
0.20631051063537598 0.013293981552124023 543594 529351
0.20974302291870117 0.01312565803527832 545477 528475
0.21410822868347168 0.012891292572021484 542599 529897
0.20524907112121582 0.012882232666015625 545178 528636
0.20332694053649902 0.012852668762207031 542758 529744
0.20406651496887207 0.012770891189575195 539135 531353
0.2032763957977295 0.013172388076782227 537573 531926
0.210127592086792 0.015163421630859375 537191 532328
0.20466160774230957 0.013108491897583008 544676 528848
0.21401357650756836 0.012730598449707031 543951 529113
0.20518255233764648 0.012438058853149414 541940 530187
0.21259689331054688 0.012720108032226562 538908 531638
0.2030947208404541 0.013414144515991211 535331 533350
0.2040555477142334 0.013257980346679688 537616 532274
0.20565390586853027 0.012784719467163086 538763 531704
0.21019482612609863 0.012420177459716797 536307 532722
0.20988059043884277 0.013764619827270508 537089 532463
0.2055821418762207 0.012668132781982422 532989 534433
0.2101304531097412 0.012242317199707031 536527 532807
0.2148113250732422 0.013968944549560547 534373 533833
0.21387100219726562 0.012057781219482422 540086 531021
0.2117009162902832 0.01238107681274414 537175 532387
0.20821595191955566 0.013111352920532227 539751 531226
0.2036879062652588 0.011853694915771484 535872 533039
0.21615290641784668 0.01410675048828125 537132 532469
0.20298314094543457 0.013355255126953125 538443 531960
