0.009961605072021484 0.009912729263305664 18582 0
0.010102987289428711 0.011603116989135742 18494 0
0.009410858154296875 0.01133584976196289 19017 0
0.010673761367797852 0.010286569595336914 18603 0
0.010019063949584961 0.010670661926269531 19152 0
0.01332712173461914 0.010488510131835938 19474 0
0.011145830154418945 0.01053309440612793 19492 0
0.010073184967041016 0.010705709457397461 19489 0
0.012665987014770508 0.015161752700805664 19367 0
0.010684013366699219 0.010571956634521484 19352 0
0.008903264999389648 0.011459112167358398 18857 0
0.011066675186157227 0.01544189453125 18420 0
0.010309219360351562 0.010066986083984375 19288 0
0.009175777435302734 0.011670827865600586 18787 0
0.016803979873657227 0.010769128799438477 16231 0
0.01076817512512207 0.011186361312866211 18629 0
0.010096311569213867 0.010112285614013672 18299 0
0.010736465454101562 0.012152433395385742 17829 0
0.010464668273925781 0.011256217956542969 17096 0
0.010419845581054688 0.011065244674682617 18314 0
0.009998083114624023 0.01042032241821289 18163 0
0.00979757308959961 0.01054525375366211 17616 0
0.009734153747558594 0.010348081588745117 18436 0
0.015999317169189453 0.012583255767822266 19094 0
0.009206056594848633 0.011382102966308594 19113 0
0.009433746337890625 0.011892318725585938 18819 0
0.009757280349731445 0.010944366455078125 17651 0
0.010416507720947266 0.010859489440917969 18681 0
0.010732889175415039 0.010203838348388672 18871 0
0.009781360626220703 0.010337114334106445 18205 0
0.009557962417602539 0.010887861251831055 18824 0
0.009133338928222656 0.012092351913452148 18932 0
0.008688926696777344 0.01139688491821289 18517 0
0.010907173156738281 0.01053309440612793 18628 0
0.010049581527709961 0.012190818786621094 17705 0
0.00985860824584961 0.010236263275146484 19019 0
0.009119987487792969 0.010730743408203125 20143 0
0.010462284088134766 0.01035618782043457 19606 0
0.010286092758178711 0.010485410690307617 19953 0
0.01007080078125 0.011209249496459961 19051 0
0.01097869873046875 0.010102033615112305 18042 0
0.010820865631103516 0.010595321655273438 18446 0
0.011313199996948242 0.010437250137329102 19372 0
0.009935617446899414 0.010213851928710938 19338 0
0.011364936828613281 0.009977579116821289 17153 0
0.010030269622802734 0.010260581970214844 19087 0
0.010348081588745117 0.01050567626953125 19438 0
0.009661674499511719 0.010731220245361328 19024 0
0.010551691055297852 0.010983943939208984 19391 0
0.009299993515014648 0.01076507568359375 19265 0
0.010509729385375977 0.010797262191772461 19035 0
0.010485410690307617 0.010312318801879883 19489 0
0.010244369506835938 0.010079145431518555 19292 0
0.00987696647644043 0.010350465774536133 19331 0
0.009968280792236328 0.010942935943603516 19377 0
0.008574247360229492 0.01166391372680664 19439 0
0.008889913558959961 0.011289358139038086 19473 0
0.010045528411865234 0.011550426483154297 19515 0
0.009140968322753906 0.011135339736938477 19529 0
0.010311603546142578 0.010434150695800781 19534 0
0.010963201522827148 0.010522127151489258 19163 0
0.010730743408203125 0.010473012924194336 19235 0
0.008800745010375977 0.01170039176940918 19039 0
0.010503053665161133 0.010832548141479492 18909 0
0.010190010070800781 0.010001420974731445 18462 0
0.00991964340209961 0.010400772094726562 18986 0
0.010076761245727539 0.01060795783996582 19240 0
0.010098934173583984 0.012648344039916992 19240 0
0.009545326232910156 0.012020111083984375 19061 0
0.010453462600708008 0.010631084442138672 19033 0
0.009775161743164062 0.011981964111328125 18722 0
0.01117396354675293 0.011427640914916992 18294 0
0.010443925857543945 0.010314226150512695 18992 0
0.009468793869018555 0.010573387145996094 18696 0
0.009792089462280273 0.010322332382202148 16000 0
0.010369539260864258 0.011286020278930664 18880 0
0.010274648666381836 0.009855985641479492 18759 0
0.010080575942993164 0.010336160659790039 18180 0
0.010532379150390625 0.011495351791381836 18383 0
0.011120319366455078 0.012372493743896484 18359 0
0.009613513946533203 0.01045370101928711 18819 0
0.010237693786621094 0.01046609878540039 18838 0
0.008623123168945312 0.011666059494018555 18593 0
0.01063680648803711 0.01140594482421875 18562 0
0.009741544723510742 0.0103302001953125 19082 0
0.010047435760498047 0.01038980484008789 18942 0
0.010569095611572266 0.010264158248901367 17973 0
0.008969545364379883 0.011784076690673828 19019 0
0.009699821472167969 0.010380744934082031 19017 0
0.011083602905273438 0.011863470077514648 19167 0
0.009841680526733398 0.011314153671264648 18946 0
0.009296894073486328 0.011757850646972656 18834 0
0.01081538200378418 0.010563850402832031 18935 0
0.011107444763183594 0.01057291030883789 18309 0
0.009093284606933594 0.010972261428833008 19019 0
0.010207891464233398 0.010659456253051758 18796 0
0.009871482849121094 0.011009693145751953 16127 0
0.008924245834350586 0.011218070983886719 19112 0
0.008875608444213867 0.01147603988647461 19031 0
0.010015487670898438 0.010478019714355469 18199 0
0.010434150695800781 0.01063394546508789 18495 0
0.00988459587097168 0.010417699813842773 18638 0
0.00996708869934082 0.011565208435058594 18810 0
0.010337591171264648 0.010701656341552734 19503 0
0.010427236557006836 0.010009050369262695 19307 0
0.010134696960449219 0.01059103012084961 19433 0
0.009883880615234375 0.010442256927490234 19296 0
0.010290861129760742 0.011334896087646484 19736 0
0.00848078727722168 0.012653827667236328 19651 0
0.008637428283691406 0.011681795120239258 19481 0
0.011403322219848633 0.010658740997314453 19502 0
0.008661746978759766 0.012091875076293945 19410 0
0.010181188583374023 0.010006427764892578 19449 0
0.008975505828857422 0.011379241943359375 19541 0
0.008516550064086914 0.011818170547485352 19096 0
0.009994745254516602 0.01651763916015625 19478 0
0.010636091232299805 0.012205839157104492 17824 0
0.012341737747192383 0.012064695358276367 19634 0
0.01431584358215332 0.012803316116333008 19458 0
0.008797168731689453 0.013028621673583984 19430 0
0.00962376594543457 0.012506246566772461 19113 0
0.011728525161743164 0.01131129264831543 19311 0
0.010700702667236328 0.013258218765258789 18909 0
0.009730339050292969 0.010286569595336914 18558 0
0.013450860977172852 0.011318683624267578 19101 0
0.00868844985961914 0.011741876602172852 19098 0
0.00946950912475586 0.010971784591674805 16406 0
0.011022329330444336 0.012520551681518555 18590 0
0.010038375854492188 0.01068425178527832 16964 0
0.011446952819824219 0.01028752326965332 17467 0
0.009337425231933594 0.010313987731933594 17719 0
0.011153221130371094 0.010236501693725586 18084 0
0.009866476058959961 0.01007843017578125 17514 0
0.009493350982666016 0.011142730712890625 18167 0
0.010488271713256836 0.010913372039794922 18478 0
0.009217500686645508 0.011655807495117188 18845 0
0.009416818618774414 0.009825944900512695 18691 0
0.009681463241577148 0.010790109634399414 18863 0
0.010037899017333984 0.013394355773925781 18624 0
0.011335372924804688 0.01044607162475586 18787 0
0.00877237319946289 0.010908126831054688 19097 0
0.010750532150268555 0.010342836380004883 19339 0
0.00996708869934082 0.010389089584350586 18931 0
0.009244203567504883 0.012772083282470703 18924 0
0.009071111679077148 0.012456178665161133 18859 0
0.010412454605102539 0.010434150695800781 19669 0
0.010191202163696289 0.012675046920776367 19239 0
0.00997018814086914 0.010515928268432617 18981 0
0.010941267013549805 0.010180473327636719 18390 0
0.010023117065429688 0.012143611907958984 18333 0
0.010901212692260742 0.010500192642211914 19328 0
0.00998377799987793 0.010337352752685547 20294 0
0.010316133499145508 0.013003349304199219 19956 0
0.010360479354858398 0.01111459732055664 19670 0
0.010200977325439453 0.011699199676513672 19736 0
0.010618925094604492 0.010565519332885742 19079 0
0.011449337005615234 0.010163545608520508 16254 0
0.010927200317382812 0.010718584060668945 18532 0
0.010812759399414062 0.010800600051879883 18728 0
0.010101795196533203 0.010828256607055664 17572 0
0.010605096817016602 0.010097265243530273 17490 0
0.010990142822265625 0.010392189025878906 17692 0
0.010009765625 0.011024951934814453 17773 0
0.009918451309204102 0.01018214225769043 18005 0
0.008928298950195312 0.0117645263671875 18514 0
0.00981593132019043 0.02548384666442871 18006 0
0.009824752807617188 0.011368989944458008 17904 0
0.009989738464355469 0.011856555938720703 18820 0
0.008879899978637695 0.011636018753051758 18552 0
0.010096549987792969 0.01032567024230957 19549 0
0.010727882385253906 0.010427474975585938 18347 0
0.010636568069458008 0.010420083999633789 19194 0
0.009463310241699219 0.010415792465209961 19311 0
0.009143829345703125 0.01357889175415039 19418 0
0.009964942932128906 0.011061668395996094 19375 0
0.010526657104492188 0.010241508483886719 19454 0
0.009829998016357422 0.011012792587280273 18303 0
0.009907245635986328 0.012192487716674805 19689 0
0.01048421859741211 0.010415315628051758 19863 0
0.010313749313354492 0.011196613311767578 19674 0
0.009209871292114258 0.011237382888793945 19439 0
0.010589361190795898 0.01171255111694336 19198 0
0.009113788604736328 0.012770652770996094 19259 0
0.009842395782470703 0.010250329971313477 18565 0
0.008920669555664062 0.011640787124633789 19252 0
0.009625434875488281 0.011705160140991211 19164 0
0.009173393249511719 0.01085209846496582 16512 0
0.010562896728515625 0.011408090591430664 19373 0
0.010481595993041992 0.011320829391479492 19483 0
0.009538650512695312 0.011192083358764648 18529 0
0.010032892227172852 0.010335445404052734 19075 0
0.010555744171142578 0.010541915893554688 19042 0
0.009715557098388672 0.009924888610839844 19231 0
0.010757684707641602 0.010465621948242188 19491 0
0.010766744613647461 0.010815143585205078 19226 0
0.010234355926513672 0.010744571685791016 19248 0
0.010390281677246094 0.010115861892700195 19282 0
0.010634899139404297 0.010555267333984375 19377 0
0.010375022888183594 0.010620832443237305 19477 0
0.010351419448852539 0.01056361198425293 19229 0
0.008721351623535156 0.011258363723754883 19186 0
0.009991884231567383 0.010897397994995117 17211 0
0.00895547866821289 0.011556625366210938 16609 0
0.01011204719543457 0.011614084243774414 16948 0
0.008683443069458008 0.012082576751708984 16744 0
0.010016918182373047 0.010378599166870117 16950 0
0.008975028991699219 0.011917352676391602 17000 0
0.008699417114257812 0.011820554733276367 17226 0
0.010444402694702148 0.010139703750610352 17559 0
0.00976419448852539 0.010275602340698242 17451 0
0.010102272033691406 0.010225296020507812 17061 0
0.01100921630859375 0.01077413558959961 17333 0
0.0107574462890625 0.011425495147705078 17337 0
0.009859561920166016 0.01038813591003418 17008 0
0.008555412292480469 0.011470794677734375 17081 0
0.008764028549194336 0.011543035507202148 16870 0
0.009705543518066406 0.010053157806396484 16912 0
0.012920141220092773 0.014236927032470703 15913 0
0.010009765625 0.010288000106811523 17052 0
0.010039091110229492 0.010316848754882812 17171 0
0.01016688346862793 0.010157108306884766 17158 0
0.010397911071777344 0.010656118392944336 17217 0
0.009234905242919922 0.013240814208984375 17195 0
0.009021520614624023 0.012486457824707031 17197 0
0.010143041610717773 0.010328292846679688 17245 0
0.008648395538330078 0.011092424392700195 17106 0
0.008525848388671875 0.011866569519042969 17091 0
0.010415077209472656 0.010272026062011719 17023 0
0.009786605834960938 0.01026153564453125 16921 0
0.011097908020019531 0.010491132736206055 17022 0
0.010861873626708984 0.011325359344482422 16821 0
0.011121988296508789 0.010317802429199219 16948 0
0.010577201843261719 0.010116338729858398 16965 0
0.009894132614135742 0.010291576385498047 16970 0
0.010386228561401367 0.010313987731933594 17134 0
0.01013040542602539 0.010255575180053711 17081 0
0.011069297790527344 0.010190486907958984 17094 0
0.010599613189697266 0.010276317596435547 17037 0
0.010323286056518555 0.01109766960144043 16971 0
0.010710716247558594 0.010363340377807617 17032 0
0.01096200942993164 0.009934663772583008 16879 0
0.00999903678894043 0.010269403457641602 16943 0
0.010982751846313477 0.011187314987182617 17113 0
0.008642911911010742 0.011533975601196289 17039 0
0.01137089729309082 0.011605262756347656 17138 0
0.010526418685913086 0.012828588485717773 16997 0
0.009729623794555664 0.010338783264160156 16958 0
0.008947610855102539 0.01149296760559082 15673 0
0.010278701782226562 0.009949922561645508 16930 0
0.010219573974609375 0.010377883911132812 16939 0
0.009551525115966797 0.010381460189819336 17021 0
0.010000228881835938 0.010227203369140625 17030 0
0.010516881942749023 0.010489225387573242 17038 0
0.009905338287353516 0.011197328567504883 16993 0
0.00920414924621582 0.012020111083984375 17121 0
0.00984501838684082 0.012363433837890625 16953 0
0.009732246398925781 0.009928464889526367 16948 0
0.009011507034301758 0.010920524597167969 16795 0
0.009534597396850586 0.010877370834350586 16691 0
0.010689496994018555 0.010379791259765625 16667 0
0.010179996490478516 0.011086225509643555 16725 0
0.009824514389038086 0.010277986526489258 16833 0
0.009902000427246094 0.010488271713256836 16919 0
0.010521173477172852 0.010617256164550781 16936 0
0.009593725204467773 0.010106801986694336 17076 0
0.009562492370605469 0.010522842407226562 16988 0
0.011081457138061523 0.01099252700805664 17150 0
0.009831666946411133 0.010063409805297852 17090 0
0.010835409164428711 0.010103225708007812 17167 0
0.011052131652832031 0.010494709014892578 17252 0
0.010027408599853516 0.010418176651000977 16959 0
0.010343313217163086 0.010121822357177734 16976 0
0.010083675384521484 0.009923934936523438 17066 0
0.010732650756835938 0.010692596435546875 18264 0
0.009978532791137695 0.010378360748291016 18193 0
0.010260820388793945 0.010255098342895508 17333 0
0.012194633483886719 0.010009050369262695 19583 0
0.009695768356323242 0.010611295700073242 18721 0
0.008939504623413086 0.01162576675415039 19488 0
0.008707046508789062 0.01211404800415039 18917 0
0.010430335998535156 0.009969234466552734 18368 0
0.010222673416137695 0.011212825775146484 18676 0
0.010331869125366211 0.01043248176574707 18665 0
0.010128259658813477 0.010419130325317383 18641 0
0.010123014450073242 0.01015925407409668 18464 0
0.010509252548217773 0.013094663619995117 18247 0
0.009990930557250977 0.011651039123535156 17508 0
0.010368585586547852 0.010243892669677734 17550 0
0.010360479354858398 0.011954545974731445 16800 0
0.009650945663452148 0.010339021682739258 17261 0
0.008701324462890625 0.011455774307250977 17411 0
0.009997367858886719 0.01202392578125 17063 0
0.009624719619750977 0.01224207878112793 17085 0
0.010323762893676758 0.012065887451171875 17178 0
0.008818626403808594 0.013137102127075195 17070 0
0.00952458381652832 0.011065483093261719 17146 0
0.009894609451293945 0.009971141815185547 17253 0
0.008715152740478516 0.011660337448120117 17421 0
0.010192155838012695 0.011627674102783203 17553 0
0.01101374626159668 0.010141849517822266 15630 0
0.009876489639282227 0.009903907775878906 17396 0
0.00890207290649414 0.012350320816040039 17625 0
0.009988546371459961 0.011105060577392578 17204 0
0.010426759719848633 0.011381864547729492 17552 0
0.011299848556518555 0.010050535202026367 17514 0
0.010035276412963867 0.010962724685668945 17461 0
0.00970458984375 0.010892391204833984 17584 0
0.010205268859863281 0.013489246368408203 17494 0
0.010886430740356445 0.010188579559326172 17334 0
0.008613824844360352 0.011213541030883789 17268 0
0.009862422943115234 0.010565757751464844 17155 0
0.009784936904907227 0.010534524917602539 17193 0
0.00995326042175293 0.01014256477355957 17255 0
0.011594772338867188 0.010190963745117188 17396 0
0.008853912353515625 0.017789602279663086 17474 0
0.008762836456298828 0.011862516403198242 17494 0
0.00994873046875 0.010010242462158203 17411 0
0.010037660598754883 0.0163419246673584 17325 0
0.01069498062133789 0.010416269302368164 17320 0
0.01024770736694336 0.010272979736328125 17227 0
0.016388893127441406 0.010835886001586914 17123 0
0.01011347770690918 0.010207891464233398 17189 0
0.010596990585327148 0.010609149932861328 17181 0
0.010073661804199219 0.011908292770385742 17286 0
0.010413646697998047 0.00982046127319336 17243 0
0.008972406387329102 0.011730432510375977 17144 0
0.008260965347290039 0.011611223220825195 17022 0
0.008765459060668945 0.01134800910949707 17406 0
0.008901834487915039 0.011381387710571289 17373 0
0.009798288345336914 0.011046648025512695 15402 0
0.009337902069091797 0.011938810348510742 17223 0
0.009767293930053711 0.010287761688232422 17579 0
0.015720605850219727 0.011422157287597656 16927 0
0.009004354476928711 0.011317253112792969 17618 0
0.008620738983154297 0.012238740921020508 17543 0
0.009845256805419922 0.012120246887207031 17218 0
0.009822607040405273 0.011729955673217773 17538 0
0.009672403335571289 0.011967182159423828 17507 0
0.01004934310913086 0.010471820831298828 17453 0
0.009938955307006836 0.010451316833496094 17360 0
0.008852958679199219 0.011590719223022461 17139 0
0.011187076568603516 0.010289192199707031 17377 0
0.009947776794433594 0.010227680206298828 17149 0
0.009814977645874023 0.01066446304321289 17292 0
0.010542869567871094 0.01016378402709961 17415 0
0.010269641876220703 0.011911153793334961 17347 0
0.009706735610961914 0.011106252670288086 17546 0
0.010442733764648438 0.011111736297607422 17397 0
0.009912252426147461 0.009938955307006836 17361 0
0.009702205657958984 0.012317180633544922 17292 0
0.008786916732788086 0.013316631317138672 17182 0
0.009720563888549805 0.011930227279663086 17337 0
0.010743141174316406 0.010073661804199219 17217 0
0.009194135665893555 0.011759757995605469 17350 0
0.009978771209716797 0.010278701782226562 17290 0
0.009945154190063477 0.01059269905090332 17132 0
0.009843587875366211 0.010404109954833984 16908 0
0.009903907775878906 0.011574268341064453 17511 0
0.010577201843261719 0.010591268539428711 17402 0
0.01076817512512207 0.010901689529418945 15216 0
0.01096796989440918 0.010805606842041016 16859 0
0.010328292846679688 0.010383129119873047 17184 0
0.00989222526550293 0.011354207992553711 16509 0
0.009313583374023438 0.012868404388427734 17316 0
0.010056257247924805 0.009987115859985352 17488 0
0.00989675521850586 0.01152181625366211 15912 0
0.00850534439086914 0.011505126953125 14915 0
0.010604381561279297 0.01194310188293457 16987 0
0.010269403457641602 0.011208295822143555 17315 0
0.009289026260375977 0.011895179748535156 17801 0
0.010223865509033203 0.012496471405029297 17729 0
0.010736703872680664 0.011038541793823242 17778 0
0.010892391204833984 0.010377645492553711 17867 0
0.010476350784301758 0.01029205322265625 17767 0
0.010006904602050781 0.010449647903442383 17469 0
0.010255098342895508 0.010247468948364258 15473 0
0.009758472442626953 0.012276172637939453 15374 0
0.009421110153198242 0.011725664138793945 17643 0
0.010285615921020508 0.010866403579711914 17704 0
0.009835004806518555 0.01025390625 17387 0
0.010389328002929688 0.009853839874267578 17472 0
0.010908842086791992 0.011546134948730469 17470 0
0.010845184326171875 0.010629892349243164 17573 0
0.011075258255004883 0.01023721694946289 17728 0
0.008882761001586914 0.011399984359741211 17735 0
0.009815216064453125 0.010151386260986328 17722 0
0.010252952575683594 0.010885953903198242 17369 0
0.00946664810180664 0.01134037971496582 17729 0
0.0086822509765625 0.010717630386352539 17672 0
0.009978771209716797 0.012343645095825195 16434 0
0.010823488235473633 0.01057124137878418 17550 0
0.009527444839477539 0.011828184127807617 17602 0
0.009767293930053711 0.011239290237426758 17593 0
0.010460853576660156 0.011028051376342773 17763 0
0.009657859802246094 0.01040959358215332 17682 0
0.010475397109985352 0.011783599853515625 17516 0
0.009853839874267578 0.010025978088378906 17324 0
0.009158134460449219 0.01262354850769043 17500 0
0.010621786117553711 0.010822772979736328 17483 0
0.010582447052001953 0.010264873504638672 17383 0
0.01085972785949707 0.010159730911254883 17819 0
0.009525060653686523 0.012881994247436523 17574 0
0.010107040405273438 0.010570049285888672 17810 0
0.009588003158569336 0.011102437973022461 17628 0
0.010524749755859375 0.01008749008178711 17820 0
0.00856161117553711 0.012042760848999023 17862 0
0.010622024536132812 0.010435104370117188 17636 0
0.009434223175048828 0.011459112167358398 17184 0
0.010895490646362305 0.009867191314697266 17650 0
0.00976705551147461 0.010382413864135742 17311 0
0.008472919464111328 0.011164426803588867 15408 0
0.009485483169555664 0.010050296783447266 17292 0
0.009628057479858398 0.009974479675292969 17294 0
0.009688615798950195 0.0104522705078125 17468 0
0.010119915008544922 0.01071929931640625 17216 0
0.0099334716796875 0.01024937629699707 17382 0
0.010257959365844727 0.012296199798583984 17371 0
0.010976076126098633 0.010751724243164062 17292 0
0.009665489196777344 0.012842893600463867 17338 0
0.010346174240112305 0.010540246963500977 17339 0
0.01013636589050293 0.01018667221069336 17347 0
0.01003718376159668 0.013204097747802734 17365 0
0.011001825332641602 0.010462045669555664 17334 0
0.009806156158447266 0.011201858520507812 17240 0
0.010106801986694336 0.011502742767333984 17280 0
0.010837316513061523 0.010206937789916992 17285 0
0.010309696197509766 0.010688066482543945 17281 0
0.011022329330444336 0.01213693618774414 17272 0
0.008718252182006836 0.011272430419921875 17256 0
0.010956525802612305 0.010705947875976562 17337 0
0.008579254150390625 0.012719392776489258 17210 0
0.009691476821899414 0.010359525680541992 17244 0
0.009290695190429688 0.01177072525024414 17253 0
0.011187553405761719 0.01269841194152832 17207 0
0.010852813720703125 0.01044464111328125 17203 0
0.011537790298461914 0.010294675827026367 17190 0
0.009599685668945312 0.011195898056030273 17248 0
0.010324954986572266 0.010291099548339844 16688 0
0.009079217910766602 0.011477231979370117 17024 0
0.010172605514526367 0.012024164199829102 17038 0
0.010631322860717773 0.010157346725463867 15198 0
0.008999824523925781 0.011800765991210938 16963 0
0.010199785232543945 0.017777204513549805 17130 0
0.009395837783813477 0.011136054992675781 17193 0
0.010152578353881836 0.00989985466003418 16992 0
0.016479015350341797 0.011862993240356445 17085 0
0.01057124137878418 0.011699676513671875 17193 0
0.009565591812133789 0.011641263961791992 17079 0
0.016379833221435547 0.010735034942626953 17142 0
0.009068012237548828 0.01280069351196289 17226 0
0.009596824645996094 0.011246204376220703 17037 0
0.009255409240722656 0.011829137802124023 17025 0
0.011453866958618164 0.010411977767944336 16999 0
0.010416507720947266 0.010887384414672852 16971 0
0.00900721549987793 0.011667728424072266 16985 0
0.009743690490722656 0.011859893798828125 16968 0
0.011006355285644531 0.009897708892822266 16982 0
0.00909876823425293 0.011539936065673828 16977 0
0.010705232620239258 0.010798215866088867 17061 0
0.010849952697753906 0.011456966400146484 17069 0
0.010031938552856445 0.010154247283935547 17113 0
0.01024937629699707 0.010249853134155273 17091 0
0.01050877571105957 0.010304927825927734 17062 0
0.008974790573120117 0.010938405990600586 17027 0
0.009679794311523438 0.01000666618347168 17070 0
0.009104490280151367 0.01195669174194336 17020 0
0.010752201080322266 0.010444879531860352 17052 0
0.00985264778137207 0.010314226150512695 16657 0
0.008832931518554688 0.011318445205688477 16999 0
0.008718013763427734 0.011240243911743164 16923 0
0.010055065155029297 0.010132312774658203 15021 0
0.010627508163452148 0.010332584381103516 16795 0
0.00868368148803711 0.010698795318603516 16965 0
0.010210037231445312 0.010239362716674805 16940 0
0.009891510009765625 0.011014938354492188 16855 0
0.008965253829956055 0.011613607406616211 17034 0
0.012319326400756836 0.010557174682617188 17023 0
0.00986027717590332 0.010949134826660156 17150 0
0.00948333740234375 0.010931015014648438 17124 0
0.010358810424804688 0.010920286178588867 17064 0
0.009097814559936523 0.011018753051757812 16947 0
0.008656501770019531 0.012872934341430664 16903 0
0.00982975959777832 0.010278701782226562 16800 0
0.010427713394165039 0.011347532272338867 16892 0
0.008742809295654297 0.011394500732421875 16922 0
0.011142730712890625 0.011879920959472656 16933 0
0.008815765380859375 0.011169672012329102 16443 0
0.008966445922851562 0.011345863342285156 16406 0
0.009836196899414062 0.010176420211791992 16509 0
0.010295629501342773 0.010303258895874023 16778 0
0.008495569229125977 0.01181650161743164 16789 0
0.010949373245239258 0.010353326797485352 16978 0
0.009398937225341797 0.011564254760742188 17210 0
0.008749008178710938 0.011394500732421875 17316 0
0.009768962860107422 0.010628461837768555 17151 0
0.010010242462158203 0.012192964553833008 17368 0
0.011408329010009766 0.010100364685058594 16737 0
0.010693550109863281 0.010197877883911133 16172 0
0.010429143905639648 0.010271549224853516 16634 0
0.008497476577758789 0.01213693618774414 16425 0
0.010402441024780273 0.011547327041625977 14726 0
0.01026296615600586 0.01047062873840332 16563 0
0.009423494338989258 0.01140737533569336 16668 0
0.009842395782470703 0.011453390121459961 16505 0
0.009789228439331055 0.010100126266479492 16310 0
0.010335206985473633 0.010844945907592773 16501 0
0.010853767395019531 0.01023244857788086 17103 0
0.01060342788696289 0.010387420654296875 16830 0
0.010895967483520508 0.01001286506652832 16843 0
0.009270191192626953 0.011461257934570312 16585 0
0.01044011116027832 0.010310888290405273 16406 0
0.00987696647644043 0.010230541229248047 16247 0
0.008865833282470703 0.010635137557983398 16250 0
0.010325193405151367 0.011403560638427734 16282 0
0.010676860809326172 0.01066279411315918 16251 0
0.009661674499511719 0.01019597053527832 16310 0
0.010551214218139648 0.010615348815917969 16529 0
0.00917816162109375 0.012406110763549805 16791 0
0.009724855422973633 0.010184049606323242 16762 0
0.010492086410522461 0.010491371154785156 16642 0
0.009618759155273438 0.009910821914672852 16630 0
0.010325431823730469 0.010464668273925781 16599 0
0.01011037826538086 0.01055908203125 16633 0
0.010030984878540039 0.010216712951660156 16631 0
0.010228633880615234 0.009894609451293945 16358 0
0.010024309158325195 0.010463714599609375 16480 0
0.00971841812133789 0.010207653045654297 16319 0
0.009437084197998047 0.01101231575012207 15734 0
0.009956121444702148 0.009987592697143555 16544 0
0.010756731033325195 0.010261058807373047 16256 0
0.010141611099243164 0.01308131217956543 14680 0
0.01059865951538086 0.010208845138549805 16366 0
0.01055598258972168 0.010070562362670898 16651 0
0.010797977447509766 0.01074981689453125 16608 0
0.009665250778198242 0.010623931884765625 16422 0
0.010103225708007812 0.011453628540039062 16691 0
0.010767459869384766 0.009895801544189453 16515 0
0.008851051330566406 0.011566877365112305 16442 0
0.010318994522094727 0.01097416877746582 16952 0
0.010132074356079102 0.012974977493286133 16593 0
0.010928869247436523 0.010013341903686523 14837 0
0.010429859161376953 0.010283231735229492 16668 0
0.009823799133300781 0.011669397354125977 16892 0
0.01038670539855957 0.01080322265625 16793 0
0.008443832397460938 0.011209726333618164 16660 0
0.010651588439941406 0.010661125183105469 16839 0
0.009325504302978516 0.01158285140991211 17282 0
0.009094953536987305 0.011989355087280273 17188 0
0.009911298751831055 0.009818792343139648 17291 0
0.010686159133911133 0.010481834411621094 17098 0
0.009874105453491211 0.010285139083862305 17003 0
0.010224342346191406 0.01094961166381836 16980 0
0.009333133697509766 0.011223554611206055 17068 0
0.009955883026123047 0.01020956039428711 17071 0
0.008648157119750977 0.012083768844604492 17255 0
0.010260343551635742 0.010254859924316406 16832 0
0.008441686630249023 0.011132240295410156 16279 0
0.010034561157226562 0.010391950607299805 16399 0
0.011301517486572266 0.010305166244506836 16739 0
0.009920120239257812 0.01021885871887207 16861 0
0.010222911834716797 0.010043144226074219 17072 0
0.009658098220825195 0.012758970260620117 16905 0
0.009977102279663086 0.010574102401733398 16655 0
0.011089563369750977 0.011011362075805664 16614 0
0.009389877319335938 0.010051965713500977 16666 0
0.008559942245483398 0.011588573455810547 16720 0
0.00915384292602539 0.012819766998291016 16528 0
0.008651971817016602 0.012277364730834961 16464 0
0.009790182113647461 0.010102033615112305 16700 0
0.009669303894042969 0.01037144660949707 16516 0
0.010918140411376953 0.010395050048828125 16812 0
0.008526802062988281 0.012811660766601562 16807 0
0.008656501770019531 0.011121034622192383 16894 0
0.010165214538574219 0.010823726654052734 16861 0
0.010170698165893555 0.011602163314819336 16870 0
0.010594844818115234 0.012178897857666016 16782 0
0.008563995361328125 0.010982751846313477 16079 0
0.009958028793334961 0.011713504791259766 16730 0
0.010385513305664062 0.010293245315551758 16423 0
0.010143280029296875 0.010376691818237305 14774 0
0.009888410568237305 0.009987115859985352 16701 0
0.009852170944213867 0.010115623474121094 16750 0
0.008964061737060547 0.011002063751220703 16617 0
0.010132074356079102 0.010507822036743164 16392 0
0.009861946105957031 0.011084794998168945 16599 0
0.010736703872680664 0.010356426239013672 17151 0
0.009157180786132812 0.012557744979858398 17249 0
0.010341644287109375 0.010264158248901367 17287 0
0.009783267974853516 0.009959697723388672 17180 0
0.010566949844360352 0.012089967727661133 16922 0
0.008900880813598633 0.012651681900024414 17089 0
0.009386301040649414 0.013359308242797852 16611 0
0.011368751525878906 0.013118982315063477 16871 0
0.010418176651000977 0.012048006057739258 16966 0
0.009316205978393555 0.011539697647094727 16697 0
0.009013652801513672 0.011768817901611328 16742 0
0.00982522964477539 0.009961843490600586 17072 0
0.009988546371459961 0.010241985321044922 17270 0
0.009737253189086914 0.010457754135131836 16898 0
0.01086115837097168 0.010213613510131836 17098 0
0.009946584701538086 0.009866952896118164 16824 0
0.009896516799926758 0.010172128677368164 16916 0
0.010831356048583984 0.010709285736083984 16717 0
0.009983539581298828 0.011281490325927734 16857 0
0.010349512100219727 0.010203123092651367 17500 0
0.012565374374389648 0.010663509368896484 18173 0
0.009818792343139648 0.010430574417114258 18278 0
0.010335683822631836 0.011637210845947266 18330 0
0.009500741958618164 0.011489629745483398 18279 0
0.010073423385620117 0.010339736938476562 18304 0
0.009752035140991211 0.010479927062988281 18481 0
0.008620977401733398 0.011155843734741211 18174 0
0.00893259048461914 0.011407852172851562 18647 0
0.009985685348510742 0.01130366325378418 18435 0
0.010292530059814453 0.011483430862426758 18157 0
0.013820171356201172 0.011783838272094727 18590 0
0.009902477264404297 0.010139942169189453 18404 0
0.010538339614868164 0.010947704315185547 18406 0
0.009053468704223633 0.011494159698486328 18486 0
0.009922027587890625 0.01144099235534668 18529 0
0.010658025741577148 0.010599851608276367 18755 0
0.009482145309448242 0.010175228118896484 18348 0
0.009208440780639648 0.011666059494018555 17066 0
0.009488105773925781 0.011217355728149414 18509 0
0.009246826171875 0.01162099838256836 18464 0
0.01035761833190918 0.011520147323608398 18393 0
0.009480476379394531 0.010651826858520508 18661 0
0.01056218147277832 0.01030874252319336 18518 0
0.009442329406738281 0.010356664657592773 18960 0
0.009897947311401367 0.01028752326965332 18591 0
0.008475780487060547 0.012162208557128906 18970 0
0.00955057144165039 0.01211237907409668 18629 0
0.009967803955078125 0.010396718978881836 16253 0
0.010198831558227539 0.010993719100952148 18499 0
0.010048389434814453 0.010383367538452148 18392 0
0.010337591171264648 0.010589599609375 18632 0
0.009998559951782227 0.00994729995727539 18732 0
0.00984334945678711 0.010335445404052734 18947 0
0.010250568389892578 0.010531902313232422 19057 0
0.009950637817382812 0.010623455047607422 19100 0
0.008575916290283203 0.010807514190673828 18925 0
0.01125645637512207 0.010547399520874023 18907 0
0.011384725570678711 0.010704517364501953 18267 0
0.010344982147216797 0.0107574462890625 18840 0
0.009885787963867188 0.009891271591186523 18557 0
0.010267972946166992 0.011852502822875977 18710 0
0.009382009506225586 0.01065826416015625 18834 0
0.01048731803894043 0.010460615158081055 18881 0
0.010254144668579102 0.009986162185668945 18669 0
0.008856773376464844 0.011515140533447266 18951 0
0.010350942611694336 0.013136148452758789 18835 0
0.010668516159057617 0.010925769805908203 18949 0
0.010502338409423828 0.010001420974731445 17385 0
0.009637594223022461 0.012110233306884766 18875 0
0.00962209701538086 0.011457204818725586 18806 0
0.01019144058227539 0.011135578155517578 18788 0
0.012067794799804688 0.01082301139831543 18867 0
0.010457992553710938 0.0102996826171875 18846 0
0.008638381958007812 0.011933088302612305 18816 0
0.009529590606689453 0.012010574340820312 18189 0
0.009776592254638672 0.010046005249023438 18892 0
0.010622262954711914 0.01055145263671875 19043 0
0.009872198104858398 0.010381460189819336 16286 0
0.010341882705688477 0.010428667068481445 18625 0
0.01038980484008789 0.01001429557800293 18022 0
0.010622262954711914 0.010406732559204102 18257 0
0.010060548782348633 0.01049184799194336 19001 0
0.009971141815185547 0.010306596755981445 19103 0
0.009985923767089844 0.010082006454467773 18279 0
0.008847951889038086 0.011478424072265625 19313 0
0.010202169418334961 0.01035308837890625 18983 0
0.009776592254638672 0.010396242141723633 19022 0
0.010185956954956055 0.012070417404174805 19217 0
0.009107351303100586 0.011942625045776367 18793 0
0.009766578674316406 0.010320663452148438 18412 0
0.008593082427978516 0.012250661849975586 19019 0
0.009382009506225586 0.011433601379394531 19097 0
0.010525703430175781 0.012531042098999023 19124 0
0.008482933044433594 0.011480331420898438 19210 0
0.009127616882324219 0.011822700500488281 18794 0
0.010329961776733398 0.010164976119995117 19227 0
0.009121417999267578 0.01219320297241211 19266 0
0.011312007904052734 0.011103153228759766 17826 0
0.009069681167602539 0.011821746826171875 18947 0
0.009930849075317383 0.010340452194213867 19053 0
0.008893013000488281 0.011552095413208008 19073 0
0.010850667953491211 0.010914325714111328 18913 0
0.008577108383178711 0.012833356857299805 19008 0
0.00935673713684082 0.011178255081176758 18810 0
0.010402679443359375 0.010324478149414062 18117 0
0.010896921157836914 0.011467695236206055 19032 0
0.010317325592041016 0.010712385177612305 18871 0
0.010645627975463867 0.009997844696044922 15757 0
0.009787559509277344 0.011590242385864258 18143 0
0.010153770446777344 0.010511398315429688 17341 0
0.010589599609375 0.010341882705688477 17396 0
0.010515213012695312 0.0112762451171875 17863 0
0.010426521301269531 0.01122593879699707 18077 0
0.010458946228027344 0.010385751724243164 17681 0
0.008683919906616211 0.01270914077758789 18374 0
0.010667800903320312 0.010092735290527344 18037 0
0.010874271392822266 0.01049041748046875 18000 0
0.01030111312866211 0.010679006576538086 17872 0
0.011211156845092773 0.010812520980834961 17780 0
0.010659217834472656 0.010002613067626953 16717 0
0.009735107421875 0.012929677963256836 17761 0
0.010239839553833008 0.010744571685791016 17705 0
0.011353254318237305 0.01083683967590332 17808 0
0.009699583053588867 0.01005411148071289 17793 0
0.010083198547363281 0.010345220565795898 17789 0
0.010119915008544922 0.010531187057495117 17866 0
0.00963449478149414 0.011214017868041992 17764 0
0.010905742645263672 0.010393142700195312 16652 0
0.010274887084960938 0.010205745697021484 17763 0
0.009696483612060547 0.012718439102172852 18347 0
0.009836912155151367 0.01021432876586914 18166 0
0.01041412353515625 0.010352134704589844 18172 0
0.01065826416015625 0.011483907699584961 18404 0
0.009752511978149414 0.010825157165527344 18067 0
0.010063886642456055 0.010311126708984375 17334 0
0.010403633117675781 0.010605812072753906 17806 0
0.010781288146972656 0.012812614440917969 17627 0
0.00959920883178711 0.010262250900268555 15393 0
0.009968280792236328 0.01040959358215332 17786 0
0.010268688201904297 0.010492563247680664 16930 0
0.010118484497070312 0.017739295959472656 17369 0
0.010692358016967773 0.011165857315063477 17806 0
0.010133028030395508 0.010303258895874023 17651 0
0.016073942184448242 0.010713338851928711 17487 0
0.008820295333862305 0.011032819747924805 18142 0
0.009748697280883789 0.010439634323120117 18120 0
0.012544631958007812 0.014380931854248047 18313 0
0.010127544403076172 0.010146141052246094 18305 0
0.01025080680847168 0.010554790496826172 18146 0
0.008235454559326172 0.011963844299316406 17170 0
0.010483980178833008 0.010423898696899414 18305 0
0.009770631790161133 0.010045289993286133 18234 0
0.009602546691894531 0.010418891906738281 18280 0
0.010585784912109375 0.010936737060546875 18242 0
0.010550737380981445 0.01221156120300293 18250 0
0.009734153747558594 0.010573148727416992 18077 0
0.00996088981628418 0.01066279411315918 18167 0
0.010169506072998047 0.010377883911132812 16951 0
0.010305166244506836 0.011302947998046875 17960 0
0.010023832321166992 0.01123189926147461 18127 0
0.00861668586730957 0.012109994888305664 17965 0
0.010420083999633789 0.010393619537353516 18078 0
0.010326862335205078 0.010166406631469727 18037 0
0.008561849594116211 0.011786460876464844 17793 0
0.00992727279663086 0.01034855842590332 17427 0
0.00900578498840332 0.012477636337280273 18021 0
0.008652210235595703 0.011337518692016602 17923 0
0.009405851364135742 0.011158466339111328 15283 0
0.009851217269897461 0.010416984558105469 17616 0
0.009719133377075195 0.010442256927490234 16660 0
0.010246515274047852 0.010385990142822266 17135 0
0.01063680648803711 0.010148286819458008 17876 0
0.010036468505859375 0.010212898254394531 17900 0
0.010571002960205078 0.010554075241088867 17586 0
0.009525299072265625 0.011635541915893555 18038 0
0.00854182243347168 0.012103796005249023 18055 0
0.010576486587524414 0.010939359664916992 18079 0
0.011046886444091797 0.011185646057128906 18056 0
0.009380102157592773 0.011677265167236328 17914 0
0.009432792663574219 0.010853290557861328 16745 0
0.00983738899230957 0.011398553848266602 18093 0
0.009479999542236328 0.010365486145019531 17937 0
0.00991964340209961 0.010230064392089844 17918 0
0.009881973266601562 0.009987592697143555 17903 0
0.009636402130126953 0.010479450225830078 17986 0
0.00932765007019043 0.01172494888305664 17916 0
0.010795354843139648 0.010924339294433594 17914 0
0.010990142822265625 0.010176658630371094 16465 0
0.010197639465332031 0.011319637298583984 17919 0
0.01066136360168457 0.011207342147827148 18014 0
0.009775161743164062 0.010794878005981445 18011 0
0.010769844055175781 0.010336637496948242 17899 0
0.010957479476928711 0.011078119277954102 17981 0
0.008728981018066406 0.01174783706665039 17796 0
0.00999593734741211 0.010237693786621094 17220 0
0.009873628616333008 0.009965896606445312 17841 0
0.00877833366394043 0.012134552001953125 17700 0
0.010100126266479492 0.010888814926147461 15723 0
0.010339498519897461 0.011125564575195312 17720 0
0.00867462158203125 0.011586666107177734 16330 0
0.008559942245483398 0.012402057647705078 17694 0
0.010010957717895508 0.01041722297668457 17885 0
0.011116743087768555 0.010358572006225586 17949 0
0.010725975036621094 0.011070013046264648 17524 0
0.008821964263916016 0.011804819107055664 18022 0
0.009163618087768555 0.01326441764831543 18067 0
0.011152029037475586 0.010515689849853516 18054 0
0.010245561599731445 0.010152339935302734 18165 0
0.009712934494018555 0.012326240539550781 17880 0
0.00979757308959961 0.011518001556396484 16865 0
0.011710882186889648 0.010740041732788086 17974 0
0.008840799331665039 0.010953426361083984 17930 0
0.009987592697143555 0.010846376419067383 18069 0
0.010750055313110352 0.011221170425415039 18132 0
0.01027536392211914 0.010374784469604492 18068 0
0.009957313537597656 0.009970426559448242 17839 0
0.009271383285522461 0.011024951934814453 17864 0
0.009801626205444336 0.010475873947143555 16981 0
0.010577917098999023 0.010414600372314453 17639 0
0.009949207305908203 0.010016202926635742 18891 0
0.01020669937133789 0.01023101806640625 18836 0
0.009530067443847656 0.012079954147338867 18925 0
0.009964466094970703 0.011873006820678711 19148 0
0.008731603622436523 0.012595176696777344 19193 0
0.010226726531982422 0.011772632598876953 18959 0
0.010079145431518555 0.01024627685546875 19188 0
0.01001286506652832 0.011525154113769531 18726 0
0.010629653930664062 0.010175466537475586 18651 0
0.00924992561340332 0.012845516204833984 19012 0
0.009929418563842773 0.010701656341552734 18333 0
0.009624004364013672 0.010740518569946289 18649 0
0.009795188903808594 0.012428760528564453 18779 0
0.010600805282592773 0.010448694229125977 18760 0
0.009731292724609375 0.010391712188720703 19148 0
0.010205507278442383 0.011233091354370117 19019 0
0.008495092391967773 0.012243986129760742 18888 0
0.01028132438659668 0.010435104370117188 19132 0
0.008949756622314453 0.012079000473022461 19078 0
0.010046720504760742 0.010281085968017578 18659 0
0.009763956069946289 0.010019302368164062 18561 0
0.008760690689086914 0.011748790740966797 18397 0
0.009223461151123047 0.011475801467895508 18433 0
0.0088653564453125 0.012573003768920898 18377 0
0.009962081909179688 0.010392427444458008 18559 0
0.010449409484863281 0.010434627532958984 18561 0
0.009386539459228516 0.012554645538330078 18448 0
0.009670734405517578 0.010343074798583984 18941 0
0.009727954864501953 0.010014772415161133 18848 0
0.010129451751708984 0.010936737060546875 18767 0
0.00995635986328125 0.010283708572387695 18692 0
0.010534286499023438 0.010236263275146484 18894 0
0.011209487915039062 0.010029315948486328 18580 0
0.010276079177856445 0.010357141494750977 18511 0
0.009358644485473633 0.014605998992919922 18284 0
0.01032710075378418 0.010747671127319336 18416 0
0.010697603225708008 0.010017156600952148 18331 0
0.010363340377807617 0.017075538635253906 18472 0
0.01038217544555664 0.010728120803833008 18772 0
0.009904146194458008 0.010954618453979492 18426 0
0.010279417037963867 0.017520904541015625 18432 0
0.010602712631225586 0.01049041748046875 18501 0
0.009908676147460938 0.010272979736328125 18520 0
0.009911298751831055 0.017841339111328125 18217 0
0.009886741638183594 0.009986639022827148 18460 0
0.010151147842407227 0.011176347732543945 18406 0
0.009932756423950195 0.016620635986328125 18148 0
0.01039576530456543 0.010615348815917969 18554 0
0.01028585433959961 0.010014057159423828 18822 0
0.010210990905761719 0.011968135833740234 18598 0
0.00983119010925293 0.01033782958984375 19143 0
0.010215282440185547 0.011655569076538086 19154 0
0.009449481964111328 0.011196613311767578 18924 0
0.009858131408691406 0.010213613510131836 18937 0
0.009064912796020508 0.011922359466552734 18692 0
0.008672475814819336 0.011595487594604492 18707 0
0.010898113250732422 0.010531902313232422 18714 0
0.01013040542602539 0.010282039642333984 18678 0
0.01123809814453125 0.010480403900146484 18882 0
0.011070966720581055 0.010280132293701172 18913 0
0.010408878326416016 0.010040283203125 18832 0
0.010402917861938477 0.010270833969116211 18968 0
0.010454177856445312 0.01039576530456543 18973 0
0.009727716445922852 0.010538578033447266 19103 0
0.009968280792236328 0.010085821151733398 19100 0
0.010911226272583008 0.010289430618286133 19077 0
0.009909391403198242 0.010502099990844727 19145 0
0.009905338287353516 0.01056671142578125 19221 0
0.008573293685913086 0.011591911315917969 19116 0
0.010285377502441406 0.010251045227050781 19209 0
0.010591506958007812 0.01040339469909668 18993 0
0.008784055709838867 0.011345624923706055 18942 0
0.008569478988647461 0.01190805435180664 18422 0
0.009839534759521484 0.012808084487915039 19507 0
0.011018514633178711 0.010651826858520508 19338 0
0.010434389114379883 0.010462760925292969 19240 0
0.00954127311706543 0.010165214538574219 19333 0
0.009910106658935547 0.010468721389770508 19746 0
0.01056361198425293 0.010392427444458008 19580 0
0.009432554244995117 0.011740922927856445 19762 0
0.01003575325012207 0.010299444198608398 19707 0
0.009727001190185547 0.010702371597290039 19672 0
0.009979724884033203 0.012047290802001953 18112 0
0.010560989379882812 0.010261058807373047 17769 0
0.009772539138793945 0.00991058349609375 19457 0
0.00966501235961914 0.011727333068847656 20382 0
0.010576725006103516 0.010525226593017578 18991 0
0.009936332702636719 0.011962175369262695 19596 0
0.008965730667114258 0.01234745979309082 18525 0
0.009332895278930664 0.012349367141723633 18689 0
0.009190082550048828 0.011651039123535156 18730 0
0.010145902633666992 0.010299921035766602 19346 0
0.009986400604248047 0.012229681015014648 19301 0
0.009185552597045898 0.011988639831542969 19018 0
0.008544683456420898 0.012495994567871094 19466 0
0.008623600006103516 0.01141810417175293 19382 0
0.010618925094604492 0.010696887969970703 17790 0
0.009897232055664062 0.01035928726196289 19801 0
0.008559942245483398 0.011566638946533203 19343 0
0.008790969848632812 0.011413097381591797 19034 0
0.008829593658447266 0.011421442031860352 20072 0
0.008833646774291992 0.011119604110717773 20131 0
0.009227991104125977 0.013912677764892578 18123 0
0.009860038757324219 0.010286808013916016 20170 0
0.009909391403198242 0.010075569152832031 20249 0
0.011131048202514648 0.01049184799194336 20280 0
0.009971141815185547 0.0115814208984375 20111 0
0.010536670684814453 0.011515140533447266 20402 0
0.008823633193969727 0.011510372161865234 20452 0
0.011165142059326172 0.011427879333496094 20395 0
0.010644912719726562 0.011169195175170898 20144 0
0.0103759765625 0.011318683624267578 20372 0
0.009933710098266602 0.010118961334228516 20916 0
0.008771657943725586 0.011947870254516602 20404 0
0.011014699935913086 0.010581016540527344 20276 0
0.01116180419921875 0.011262893676757812 20242 0
0.009980201721191406 0.011647224426269531 19959 0
0.01048731803894043 0.011135101318359375 19949 0
0.009798765182495117 0.010371208190917969 20058 0
0.010210037231445312 0.010988235473632812 19887 0
0.010392427444458008 0.010526418685913086 19985 0
0.010341882705688477 0.010508298873901367 20116 0
0.010074138641357422 0.010591268539428711 20179 0
0.009167671203613281 0.012457847595214844 19735 0
0.009528875350952148 0.010920524597167969 20239 0
0.009998083114624023 0.010889768600463867 20316 0
0.009621858596801758 0.010529756546020508 18382 0
0.010283470153808594 0.012389421463012695 20060 0
0.009987592697143555 0.010000944137573242 19345 0
0.009907722473144531 0.010453462600708008 19259 0
0.010713815689086914 0.010816335678100586 20079 0
0.010412454605102539 0.011521100997924805 20127 0
0.00950479507446289 0.010434865951538086 18625 0
0.009753227233886719 0.010719060897827148 20171 0
0.010447502136230469 0.010634183883666992 20164 0
0.009977579116821289 0.010572195053100586 20425 0
0.010561704635620117 0.010092973709106445 20213 0
0.010127782821655273 0.010384321212768555 20074 0
0.010125875473022461 0.010376453399658203 20133 0
0.010338306427001953 0.011640548706054688 20155 0
0.010323762893676758 0.01026463508605957 20552 0
0.010441303253173828 0.010489225387573242 20626 0
0.010502338409423828 0.010362863540649414 20199 0
0.010503053665161133 0.01033163070678711 20634 0
0.010543107986450195 0.011788129806518555 20407 0
0.01017451286315918 0.010544300079345703 20694 0
0.010499715805053711 0.01064443588256836 20317 0
0.010770797729492188 0.010380744934082031 20210 0
0.009674787521362305 0.010024547576904297 20233 0
0.008905410766601562 0.012786865234375 20038 0
0.010303735733032227 0.01297140121459961 20483 0
0.010987043380737305 0.010625362396240234 20443 0
0.010042190551757812 0.010223388671875 20471 0
0.009971141815185547 0.010482072830200195 19876 0
0.009533882141113281 0.011799335479736328 20637 0
0.00961756706237793 0.01074671745300293 20752 0
0.010166406631469727 0.011493682861328125 18609 0
0.009479761123657227 0.011317729949951172 20505 0
0.010050296783447266 0.01032114028930664 20382 0
0.009550809860229492 0.011808395385742188 19951 0
0.010483264923095703 0.010233402252197266 20700 0
0.008644580841064453 0.01231241226196289 20759 0
0.00986337661743164 0.012576580047607422 19667 0
0.009214639663696289 0.011359691619873047 20991 0
0.009552001953125 0.012008905410766602 20671 0
0.009975910186767578 0.010375022888183594 20791 0
0.010567426681518555 0.010858535766601562 20559 0
0.010779380798339844 0.010383844375610352 19931 0
0.009305715560913086 0.0114593505859375 19856 0
0.01002955436706543 0.010446310043334961 19705 0
0.010757207870483398 0.010618448257446289 19690 0
0.008963346481323242 0.011766910552978516 19809 0
0.008900880813598633 0.012475013732910156 19634 0
0.008886098861694336 0.012082099914550781 19747 0
0.009603023529052734 0.010462284088134766 19565 0
0.010432243347167969 0.010319709777832031 19430 0
0.009891033172607422 0.010066032409667969 19340 0
0.010065317153930664 0.017693281173706055 19184 0
0.01001119613647461 0.010568618774414062 19733 0
0.008593559265136719 0.011871337890625 19702 0
0.01345515251159668 0.011325359344482422 19778 0
0.009947776794433594 0.010448217391967773 19427 0
0.009881019592285156 0.012031316757202148 19307 0
0.01530003547668457 0.011331319808959961 19387 0
0.009732723236083984 0.011140584945678711 19463 0
0.011063337326049805 0.01047515869140625 19347 0
0.01560068130493164 0.010442018508911133 19473 0
0.010076045989990234 0.011695146560668945 18985 0
0.010142326354980469 0.010085582733154297 19284 0
0.008686065673828125 0.011838197708129883 19213 0
0.009582042694091797 0.010832071304321289 19439 0
0.009625911712646484 0.01216435432434082 19347 0
0.010194063186645508 0.009928464889526367 19574 0
0.009934425354003906 0.010322332382202148 19206 0
0.009884119033813477 0.010401248931884766 19642 0
0.009633302688598633 0.010695934295654297 19691 0
