0.26822638511657715 0.016080141067504883 894681 355171
0.26790761947631836 0.016005516052246094 894966 354947
0.273590087890625 0.016845226287841797 903215 350203
0.2641596794128418 0.015099287033081055 897147 353660
0.2582077980041504 0.01557779312133789 900813 351741
0.270266056060791 0.015920400619506836 905430 348968
0.2618403434753418 0.01516270637512207 907012 348050
0.2636902332305908 0.015537261962890625 906430 348490
0.26744985580444336 0.017224550247192383 905089 349088
0.2600514888763428 0.01569509506225586 905314 349010
0.2743687629699707 0.01617264747619629 896818 354048
0.26221299171447754 0.01627659797668457 889672 357866
0.26230287551879883 0.01568007469177246 904746 349494
0.262204647064209 0.017783641815185547 894275 355753
0.2613494396209717 0.016286611557006836 842645 383935
0.27161359786987305 0.014948129653930664 890875 357548
0.2636566162109375 0.016131162643432617 884702 360765
0.26939845085144043 0.0157473087310791 874612 365985
0.26050496101379395 0.016264677047729492 860100 373665
0.26526451110839844 0.01597142219543457 886503 359677
0.26868271827697754 0.016414165496826172 884908 360456
0.2573122978210449 0.015462160110473633 871139 367435
0.2597472667694092 0.015970230102539062 887823 358982
0.27498865127563477 0.016728878021240234 901039 351610
0.2617347240447998 0.015816688537597656 901642 350919
0.2705085277557373 0.015993833541870117 896271 354307
0.2657914161682129 0.016065359115600586 873496 366236
0.2588968276977539 0.016147851943969727 893553 355780
0.273298978805542 0.01563286781311035 895582 354656
0.2700765132904053 0.016041040420532227 881666 362169
0.262925386428833 0.016158580780029297 893706 355591
0.26580047607421875 0.01701211929321289 896513 354161
0.2592191696166992 0.016025543212890625 887804 358860
0.2578558921813965 0.016499757766723633 889625 357892
0.25812506675720215 0.016434669494628906 869590 368060
0.26416015625 0.01638627052307129 896440 354075
0.2709822654724121 0.015928030014038086 915252 343382
0.2680492401123047 0.017081737518310547 905762 348658
0.264293909072876 0.0159757137298584 913674 344055
0.26169300079345703 0.015277862548828125 897455 353556
0.27318263053894043 0.01720595359802246 878628 363713
0.263049840927124 0.015755891799926758 886219 359465
0.2586498260498047 0.015599489212036133 904427 349345
0.2703733444213867 0.016835689544677734 903295 350000
0.25810861587524414 0.01596379280090332 860456 373163
0.27060389518737793 0.016695022583007812 899904 352215
0.26697635650634766 0.016256332397460938 905990 348480
0.2612118721008301 0.01552128791809082 898364 352874
0.26421022415161133 0.016469717025756836 905404 348918
0.2627298831939697 0.01653003692626953 904497 349442
0.26696038246154785 0.0156252384185791 899872 352194
0.2690095901489258 0.01711106300354004 906405 348349
0.2717905044555664 0.01564478874206543 903894 349767
0.26062488555908203 0.015694379806518555 904915 349164
0.2644064426422119 0.015049457550048828 905486 348808
0.2681241035461426 0.015883922576904297 906009 348470
0.2650158405303955 0.015197515487670898 906617 348082
0.2725636959075928 0.015308618545532227 906752 348138
0.2600984573364258 0.016343355178833008 906863 348161
0.26456141471862793 0.016113996505737305 907171 347854
0.2753105163574219 0.016379356384277344 900931 351703
0.2566545009613037 0.016356945037841797 902275 350531
0.27895665168762207 0.016045570373535156 900832 351647
0.26329994201660156 0.015972137451171875 898794 352644
0.26724886894226074 0.0165250301361084 890640 357224
0.26895713806152344 0.01595306396484375 900354 351618
0.262953519821167 0.015932083129882812 903743 349785
0.27288031578063965 0.015377521514892578 903694 349570
0.2652413845062256 0.016738414764404297 903274 349993
0.2683134078979492 0.016179800033569336 901985 350604
0.26698899269104004 0.016063451766967773 897553 353252
0.2568531036376953 0.01584148406982422 889158 357954
0.2608678340911865 0.015851736068725586 901238 351029
0.2628026008605957 0.015477895736694336 895997 354395
0.2629365921020508 0.016011476516723633 844201 382545
0.28081369400024414 0.016438722610473633 899675 351932
0.2608456611633301 0.015459775924682617 897956 352995
0.2674272060394287 0.016384124755859375 887574 358722
0.26622438430786133 0.016364336013793945 891472 356851
0.2620241641998291 0.015974760055541992 890978 357082
0.2735419273376465 0.0167386531829834 900010 351875
0.2650940418243408 0.01616644859313965 901242 351247
0.27448153495788574 0.01616978645324707 896002 354478
0.2618710994720459 0.01674628257751465 895575 354791
0.2630491256713867 0.015488147735595703 898613 353421
0.25722527503967285 0.019419431686401367 898305 353549
0.26730942726135254 0.017878055572509766 878368 364249
0.2630131244659424 0.015827655792236328 898956 353133
0.2630319595336914 0.01648426055908203 899379 352858
0.26121973991394043 0.015609264373779297 900490 352059
0.2576172351837158 0.01565718650817871 897096 354036
0.2583451271057129 0.015901803970336914 895012 355391
0.2824687957763672 0.01647639274597168 896461 354345
0.2543809413909912 0.014849662780761719 885441 360444
0.2639622688293457 0.016167640686035156 897707 353713
0.2682969570159912 0.016770362854003906 893886 355873
0.26070475578308105 0.01529836654663086 842357 384056
0.2646758556365967 0.015514850616455078 898029 353538
0.2582063674926758 0.01553487777709961 897304 353953
0.26726698875427246 0.016263961791992188 881232 362509
0.26570892333984375 0.01640796661376953 886979 359231
0.2601034641265869 0.015665292739868164 890839 357245
0.26325225830078125 0.015650272369384766 895178 355122
0.2651033401489258 0.0159146785736084 907696 347763
0.26790809631347656 0.016492843627929688 903808 350023
0.26784348487854004 0.016980886459350586 905497 349099
0.2568325996398926 0.015731096267700195 903836 350081
0.26201438903808594 0.01544952392578125 909628 346687
0.26355695724487305 0.015686750411987305 908364 347588
0.2618699073791504 0.01568746566772461 904771 349525
0.25797200202941895 0.015619039535522461 905635 349082
0.2596719264984131 0.016519784927368164 903410 350291
0.2666342258453369 0.015100717544555664 904115 349976
0.26720476150512695 0.015828609466552734 905303 349339
0.26856350898742676 0.015734195709228516 897043 354265
0.25966763496398926 0.015426397323608398 903255 350603
0.2633340358734131 0.016956090927124023 872564 366911
0.272169828414917 0.0160214900970459 904692 349575
0.2612886428833008 0.016123056411743164 903445 350316
0.2563920021057129 0.016024351119995117 905676 349139
0.26694440841674805 0.01648235321044922 899842 352597
0.26438069343566895 0.015060663223266602 902725 350695
0.2674827575683594 0.01540231704711914 896168 354610
0.26218676567077637 0.015641212463378906 889180 358343
0.2596311569213867 0.016512632369995117 899045 352823
0.2690730094909668 0.016632556915283203 900774 351852
0.2592630386352539 0.01554107666015625 850154 379764
0.26953625679016113 0.015238523483276367 890966 357200
0.2619450092315674 0.015958070755004883 858356 374804
0.27500152587890625 0.016817092895507812 868066 369192
0.2603895664215088 0.015619754791259766 873572 366124
0.27078866958618164 0.016231298446655273 880317 362908
0.273287296295166 0.015860557556152344 868250 369203
0.258746862411499 0.015973329544067383 881243 362272
0.25942516326904297 0.016299009323120117 890857 357218
0.26107263565063477 0.01678752899169922 895965 354689
0.2581818103790283 0.016147613525390625 892522 356397
0.27744555473327637 0.016640901565551758 895569 354628
0.2670102119445801 0.016763687133789062 890044 357720
0.27532005310058594 0.016831636428833008 893949 355537
0.2653617858886719 0.01704883575439453 900723 351814
0.2623023986816406 0.015451192855834961 902534 350838
0.26070475578308105 0.0156400203704834 895536 354921
0.25785350799560547 0.016122817993164062 897392 353664
0.26830124855041504 0.0162656307220459 893255 356028
0.26103878021240234 0.015820980072021484 908045 347655
0.2594013214111328 0.0157315731048584 900787 351718
0.26806068420410156 0.016241788864135742 895235 354862
0.2608072757720947 0.015175819396972656 883878 360723
0.2711310386657715 0.01615738868713379 883605 360579
0.2702453136444092 0.01645946502685547 900591 351845
0.2598292827606201 0.015935897827148438 916209 342758
0.2636585235595703 0.016160011291503906 911729 345131
0.26268887519836426 0.01552438735961914 910426 346075
0.2635498046875 0.015665769577026367 910135 346338
0.2651481628417969 0.01628732681274414 899165 352296
0.26798272132873535 0.01699376106262207 846093 381934
0.271251916885376 0.015882253646850586 889327 357839
0.26008176803588867 0.015873432159423828 894270 355082
0.2680947780609131 0.015079498291015625 870020 367867
0.2538142204284668 0.015646934509277344 869658 368098
0.25876545906066895 0.01651310920715332 873656 365850
0.27174973487854004 0.016875505447387695 869740 368162
0.260021448135376 0.0158383846282959 874592 365431
0.27501845359802246 0.016106843948364258 890583 356931
0.26396608352661133 0.01588296890258789 878788 363136
0.26073551177978516 0.015955448150634766 876131 364402
0.2723569869995117 0.016286134719848633 895980 354260
0.2644171714782715 0.015652894973754883 889674 358039
0.2797114849090576 0.016103744506835938 909770 346966
0.2698936462402344 0.016100406646728516 887265 359044
0.26070213317871094 0.016361236572265625 900761 351888
0.27481985092163086 0.01613903045654297 903764 350430
0.2761194705963135 0.017628908157348633 906091 348849
0.2683584690093994 0.015732765197753906 903466 350324
0.26169276237487793 0.01585245132446289 904307 349998
0.26210474967956543 0.015726804733276367 884630 360291
0.2682149410247803 0.016138315200805664 908866 347230
0.26129961013793945 0.0160672664642334 910661 345946
0.2755160331726074 0.016103744506835938 909542 346770
0.25918054580688477 0.015552759170532227 903363 350441
0.2578704357147217 0.015608787536621094 899931 352138
0.26434755325317383 0.020008087158203125 902409 350728
0.2635674476623535 0.016869068145751953 887997 358766
0.2674129009246826 0.0160520076751709 900652 351804
0.27558183670043945 0.01580357551574707 899846 352100
0.26417970657348633 0.015474557876586914 848773 380447
0.2663905620574951 0.017933368682861328 904009 349965
0.26473140716552734 0.016165971755981445 905238 349184
0.2597987651824951 0.0162656307220459 886709 359436
0.26201534271240234 0.01624298095703125 895963 354303
0.2668929100036621 0.017505645751953125 897309 353517
0.2674133777618408 0.016155481338500977 900602 351935
0.2561075687408447 0.0158083438873291 905106 349205
0.2752680778503418 0.016351699829101562 903196 350375
0.25722599029541016 0.016049623489379883 901269 351326
0.2592275142669678 0.016247272491455078 902796 350462
0.2690575122833252 0.016554832458496094 905602 348749
0.26628851890563965 0.016202449798583984 906088 348433
0.27327513694763184 0.01562809944152832 902661 350539
0.2626454830169678 0.016128063201904297 895169 356916
0.2638065814971924 0.015613555908203125 853990 379059
0.2545461654663086 0.015343427658081055 840488 386615
0.2548384666442871 0.015478849411010742 846337 383401
0.2624213695526123 0.01585674285888672 843541 384830
0.2535974979400635 0.015551090240478516 847224 382901
0.2565131187438965 0.016304731369018555 847822 382445
0.25684261322021484 0.015344858169555664 851232 380396
0.2596735954284668 0.015330314636230469 857706 376965
0.25969719886779785 0.015790939331054688 855029 378332
0.2575962543487549 0.01618170738220215 847727 382573
0.2652430534362793 0.016155719757080078 852432 379715
0.27003979682922363 0.01708531379699707 852278 379747
0.26041555404663086 0.015085697174072266 847221 382767
0.2650914192199707 0.016661643981933594 849061 381713
0.2592349052429199 0.015950679779052734 845819 383589
0.2776169776916504 0.016594886779785156 846335 383314
0.25299906730651855 0.015086174011230469 825048 395523
0.26171183586120605 0.016429901123046875 848523 382119
0.27559828758239746 0.016274690628051758 850060 381055
0.2621777057647705 0.015657424926757812 850700 380869
0.2630934715270996 0.015537500381469727 850073 381160
0.2613046169281006 0.01674675941467285 849721 381286
0.25975561141967773 0.015952110290527344 850460 380713
0.2619192600250244 0.019475221633911133 851281 380261
0.26835012435913086 0.016219377517700195 848803 381817
0.2670552730560303 0.016082286834716797 849464 381348
0.26720571517944336 0.016483306884765625 849048 381667
0.25713372230529785 0.016425371170043945 847732 382403
0.2568984031677246 0.01891350746154785 849451 381372
0.2548503875732422 0.016217708587646484 846337 383210
0.2628166675567627 0.01611185073852539 848125 382244
0.2576780319213867 0.015545129776000977 848577 381932
0.25869202613830566 0.01591777801513672 849612 381249
0.26108622550964355 0.016500234603881836 852918 379320
0.261460542678833 0.017159461975097656 851388 380232
0.26264214515686035 0.016536951065063477 850596 380711
0.25369739532470703 0.015792369842529297 849134 381718
0.25881218910217285 0.015700817108154297 848469 381994
0.26299428939819336 0.01685333251953125 849638 381241
0.2649557590484619 0.015039443969726562 847472 382650
0.2604091167449951 0.016270160675048828 849147 381441
0.2623734474182129 0.017281055450439453 851339 380288
0.26102185249328613 0.015765666961669922 850995 380518
0.2664618492126465 0.015987157821655273 852893 379325
0.25995469093322754 0.015376806259155273 849664 381309
0.2664642333984375 0.015619277954101562 850064 380988
0.2565279006958008 0.01612114906311035 824428 395827
0.26172471046447754 0.01696157455444336 849557 381250
0.26288580894470215 0.015375375747680664 849796 381036
0.25844264030456543 0.015601634979248047 851336 380159
0.27066516876220703 0.015592098236083984 852386 379802
0.25431394577026367 0.015555143356323242 852536 379551
0.27077484130859375 0.015604972839355469 853783 378909
0.26364636421203613 0.0164644718170166 853454 378994
0.25890159606933594 0.01612710952758789 852222 379731
0.26495933532714844 0.01747417449951172 852877 379241
0.26612234115600586 0.015741825103759766 851464 380180
0.26534461975097656 0.01609015464782715 847704 382346
0.2555561065673828 0.015943527221679688 847669 382302
0.2596011161804199 0.015418529510498047 847531 382432
0.26358604431152344 0.016170024871826172 849250 381353
0.25980591773986816 0.015437602996826172 853094 379213
0.27484822273254395 0.016249895095825195 852022 379921
0.2621724605560303 0.01634502410888672 855759 378093
0.268186092376709 0.015391826629638672 853226 379104
0.26194334030151367 0.015454292297363281 856394 377759
0.2601594924926758 0.01611018180847168 855341 378132
0.26225805282592773 0.014770746231079102 857408 376918
0.2571675777435303 0.016273021697998047 857389 377200
0.2540867328643799 0.01564335823059082 852179 379690
0.2614319324493408 0.020892858505249023 853451 379032
0.25824618339538574 0.015601873397827148 854472 378629
0.26449012756347656 0.016364336013793945 878493 366317
0.26534557342529297 0.015770435333251953 875946 367899
0.25760436058044434 0.015930652618408203 855945 378262
0.2580118179321289 0.015471458435058594 901939 353410
0.2726254463195801 0.016354799270629883 884323 363403
0.27315545082092285 0.0159912109375 900199 354260
0.2707242965698242 0.01574254035949707 887917 361084
0.26304149627685547 0.015967607498168945 876338 367663
0.25720834732055664 0.015681982040405273 881281 364926
0.2669031620025635 0.016834020614624023 883157 363929
0.2718055248260498 0.016310453414916992 879591 365849
0.2608022689819336 0.01593947410583496 876314 367731
0.2667043209075928 0.01621842384338379 871340 370366
0.2642557621002197 0.015795230865478516 854399 378813
0.2612173557281494 0.016810178756713867 854888 378724
0.2586028575897217 0.01555943489074707 840211 386865
0.2603776454925537 0.01642584800720215 849211 381649
0.25919508934020996 0.016334056854248047 851231 380392
0.2554028034210205 0.015726566314697266 847293 382884
0.26204681396484375 0.01598381996154785 845265 383945
0.2624344825744629 0.015600442886352539 849491 381584
0.254169225692749 0.01547551155090332 847574 382702
0.2547953128814697 0.01586151123046875 848344 382230
0.2685716152191162 0.016820430755615234 849942 381282
0.2554490566253662 0.015789508819580078 852213 379983
0.25931882858276367 0.015526056289672852 852980 379689
0.25840115547180176 0.015279531478881836 812586 402273
0.26421093940734863 0.016556978225708008 851421 380399
0.25855565071105957 0.016075849533081055 854163 379008
0.25669169425964355 0.015021324157714844 845708 383756
0.26909613609313965 0.015832901000976562 853991 379022
0.25761985778808594 0.015699148178100586 854436 378945
0.2762784957885742 0.016794681549072266 852709 379646
0.26288414001464844 0.016123294830322266 857264 377329
0.26251959800720215 0.015382766723632812 853485 379359
0.26590514183044434 0.016543865203857422 851694 380139
0.2640261650085449 0.016543865203857422 851070 380473
0.26676082611083984 0.015858888626098633 848878 381760
0.2674295902252197 0.016726016998291016 850979 380502
0.26572751998901367 0.015803813934326172 851049 380560
0.2710700035095215 0.0166628360748291 854270 378823
0.259380578994751 0.015825510025024414 854991 378362
0.2599341869354248 0.01634693145751953 857489 377151
0.25905561447143555 0.015928983688354492 852925 379498
0.2600860595703125 0.01574563980102539 851771 380167
0.2701876163482666 0.016128063201904297 853561 379197
0.27732157707214355 0.017059326171875 850365 380998
0.26578354835510254 0.01614689826965332 849124 381709
0.261106014251709 0.015204191207885742 852621 379744
0.2602875232696533 0.01583075523376465 851323 380526
0.26397275924682617 0.016625165939331055 852859 379663
0.26183104515075684 0.016310453414916992 853482 379372
0.27497434616088867 0.016707897186279297 851055 380835
0.26332879066467285 0.015420675277709961 848877 382039
0.2598111629486084 0.01607513427734375 857955 377294
0.2784876823425293 0.01634955406188965 856129 378241
0.25731587409973145 0.015978097915649414 814466 401478
0.26178598403930664 0.015707731246948242 853603 379405
0.2614469528198242 0.015773296356201172 861405 375653
0.257293701171875 0.014975309371948242 845420 383973
0.2684199810028076 0.015775203704833984 862217 375096
0.26035094261169434 0.015346527099609375 860196 376235
0.2604823112487793 0.01556086540222168 851531 380213
0.2612922191619873 0.016369104385375977 862109 375206
0.25668883323669434 0.016165494918823242 860792 375681
0.269118070602417 0.015829086303710938 860483 375954
0.26102709770202637 0.01598978042602539 858576 376624
0.26627492904663086 0.015819787979125977 854043 378995
0.2584972381591797 0.016077280044555664 860296 376074
0.2704498767852783 0.01594257354736328 854121 378889
0.27666425704956055 0.016500234603881836 858750 376946
0.26279282569885254 0.0157315731048584 859453 376449
0.2745504379272461 0.01567697525024414 860918 375650
0.26106858253479004 0.015433549880981445 863237 374522
0.2717583179473877 0.017258167266845703 859450 376316
0.26274752616882324 0.0173947811126709 860066 375998
0.26586341857910156 0.016535520553588867 858668 376833
0.26404595375061035 0.01673412322998047 853772 379089
0.26091670989990234 0.015674114227294922 859825 376351
0.2583425045013428 0.01570582389831543 854817 378893
0.26987719535827637 0.021457910537719727 858371 377098
0.27282142639160156 0.016594648361206055 859677 376378
0.26549458503723145 0.016052722930908203 854071 379158
0.2620964050292969 0.015810489654541016 848911 381695
0.25548243522644043 0.015648603439331055 864356 373981
0.26103878021240234 0.01547694206237793 863356 374599
0.25516414642333984 0.015598297119140625 812770 402103
0.2659754753112793 0.0166628360748291 851153 380662
0.26421117782592773 0.017292022705078125 859578 376524
0.2601451873779297 0.016813278198242188 842147 385544
0.2733612060546875 0.01720428466796875 861730 375177
0.260190486907959 0.016262531280517578 864871 373601
0.26578402519226074 0.015475988388061523 830232 392738
0.26163268089294434 0.0160830020904541 810190 403414
0.26203274726867676 0.016969919204711914 851049 380659
0.26734352111816406 0.016832828521728516 859696 376039
0.2677428722381592 0.016976118087768555 869111 371442
0.2643013000488281 0.016269922256469727 865128 373801
0.2550544738769531 0.01565408706665039 864978 373861
0.25815796852111816 0.016301393508911133 866967 372678
0.2621452808380127 0.01600933074951172 862581 375159
0.25870299339294434 0.01547098159790039 855895 378330
0.257382869720459 0.015633821487426758 817342 399955
0.25708818435668945 0.016288280487060547 815407 400959
0.2588493824005127 0.01587367057800293 857991 377252
0.2710692882537842 0.016413211822509766 863323 374617
0.26249122619628906 0.016794681549072266 854692 378956
0.27945542335510254 0.016928911209106445 857121 377843
0.26612424850463867 0.016381025314331055 857631 377380
0.2561173439025879 0.01569962501525879 856388 378234
0.25719571113586426 0.01571965217590332 861070 376042
0.2573230266571045 0.015794754028320312 862259 375287
0.2640202045440674 0.016188383102416992 860101 376316
0.2685832977294922 0.017055034637451172 853505 379653
0.26054859161376953 0.015490293502807617 861137 375634
0.26081132888793945 0.015409708023071289 859391 376792
0.2719552516937256 0.016739606857299805 832758 391946
0.26780128479003906 0.01704263687133789 855717 378445
0.26256537437438965 0.016365528106689453 854360 379271
0.2629697322845459 0.016162633895874023 853739 379389
0.26192474365234375 0.015785932540893555 857822 377418
0.2655758857727051 0.0156707763671875 855353 378951
0.2614097595214844 0.01606297492980957 853039 379902
0.2616770267486572 0.0164334774017334 850585 381250
0.2669963836669922 0.016263961791992188 855471 378903
0.264784574508667 0.016640663146972656 855452 378863
0.2674109935760498 0.01575326919555664 850745 381192
0.2727692127227783 0.016876935958862305 860661 372348
0.2683289051055908 0.0156862735748291 859277 373197
0.26340699195861816 0.01690220832824707 859360 372219
0.2584240436553955 0.016675949096679688 858235 373051
0.264972448348999 0.016399145126342773 863618 369803
0.262493371963501 0.0168607234954834 863439 369955
0.26433706283569336 0.017136096954345703 858035 373475
0.26777219772338867 0.016054153442382812 852503 376539
0.2586946487426758 0.016511917114257812 858494 373578
0.25484704971313477 0.015661954879760742 852468 376854
0.2629237174987793 0.018182992935180664 818537 395507
0.26033711433410645 0.0162656307220459 851984 377094
0.26739931106567383 0.016732454299926758 853537 376213
0.2602729797363281 0.01629352569580078 858751 372759
0.253248929977417 0.015614986419677734 849186 378120
0.2649543285369873 0.0156857967376709 851984 376320
0.2534468173980713 0.015517473220825195 855031 374502
0.26707005500793457 0.015711069107055664 851177 376791
0.2574276924133301 0.016565799713134766 851334 376677
0.2670314311981201 0.01684737205505371 854988 374660
0.26066160202026367 0.016266584396362305 852891 375721
0.2608332633972168 0.016590356826782227 853734 375123
0.26924705505371094 0.015341997146606445 856403 373664
0.2544994354248047 0.016070842742919922 850721 377029
0.25910186767578125 0.015735626220703125 853656 375303
0.25995635986328125 0.015963077545166016 856125 373901
0.25880885124206543 0.016230344772338867 852946 375158
0.2673075199127197 0.015652179718017578 853696 375053
0.2549009323120117 0.015546321868896484 856521 373946
0.25754857063293457 0.015909194946289062 855302 374202
0.2613823413848877 0.016309499740600586 855801 374372
0.2572143077850342 0.01704573631286621 857542 372886
0.259596586227417 0.015606880187988281 857180 373390
0.2585611343383789 0.015534639358520508 858260 372857
0.27546143531799316 0.016345977783203125 859455 372210
0.2709159851074219 0.016782283782958984 857348 373581
0.25365686416625977 0.01583099365234375 858916 372703
0.2624235153198242 0.016231298446655273 852601 376383
0.25923728942871094 0.015760421752929688 856094 374757
0.2721114158630371 0.01688551902770996 856144 374425
0.25752735137939453 0.01566028594970703 821144 394349
0.26381754875183105 0.016490459442138672 854594 375586
0.26080894470214844 0.01780533790588379 856082 374697
0.26059412956237793 0.016035079956054688 860250 372176
0.27448177337646484 0.01539468765258789 854099 376031
0.25487494468688965 0.015978097915649414 855969 374887
0.25946521759033203 0.016444921493530273 859036 372939
0.26229262351989746 0.016568422317504883 856270 374548
0.2584373950958252 0.01601386070251465 856413 374412
0.2608299255371094 0.016418933868408203 860468 372189
0.2561674118041992 0.01547098159790039 856469 374680
0.25950050354003906 0.01590585708618164 854952 375509
0.2631189823150635 0.0172119140625 856344 374651
0.2616708278656006 0.016367435455322266 854210 376033
0.2662334442138672 0.016533613204956055 853672 376302
0.2554183006286621 0.01621532440185547 855372 375115
0.265531063079834 0.016311168670654297 852585 376888
0.26053571701049805 0.01704239845275879 852095 377122
0.25935912132263184 0.01805710792541504 855271 375137
0.2682340145111084 0.015768766403198242 854034 376056
0.2597990036010742 0.015428543090820312 854982 375509
0.2652766704559326 0.016611576080322266 857029 374364
0.26057887077331543 0.01613163948059082 854483 375552
0.2605316638946533 0.015846967697143555 853606 376261
0.27280187606811523 0.01648879051208496 856149 374504
0.2675025463104248 0.015666961669921875 853967 375915
0.2592587471008301 0.017126798629760742 854819 375287
0.2622537612915039 0.015948772430419922 848776 378951
0.27220869064331055 0.016445159912109375 852432 376856
0.2645106315612793 0.016644954681396484 851279 377519
0.2606470584869385 0.016357898712158203 815152 397662
0.26314878463745117 0.016726255416870117 847960 379297
0.265641450881958 0.016344547271728516 851846 377136
0.2581217288970947 0.016562938690185547 854464 375559
0.26090478897094727 0.01573801040649414 851271 377576
0.26885414123535156 0.017226457595825195 854680 375479
0.2621440887451172 0.015726804733276367 857987 373325
0.2663857936859131 0.0165102481842041 858360 373218
0.2609062194824219 0.015920639038085938 858234 373285
0.2696418762207031 0.015877246856689453 856760 373988
0.26060914993286133 0.01608729362487793 854019 375742
0.25664639472961426 0.015391349792480469 853270 376194
0.25884509086608887 0.016315937042236328 852064 376966
0.2580125331878662 0.016829252243041992 852732 376377
0.26717424392700195 0.0166475772857666 854028 375971
0.2677435874938965 0.01627516746520996 854739 375363
0.26363515853881836 0.01615118980407715 843268 381681
0.2625608444213867 0.016032695770263672 842392 382104
0.25783705711364746 0.016252517700195312 847352 379391
0.2704606056213379 0.016541719436645508 852946 376197
0.26789426803588867 0.01654362678527832 851712 376654
0.2557997703552246 0.015916109085083008 856243 374039
0.27088403701782227 0.01673579216003418 861164 371680
0.2651517391204834 0.015954017639160156 863136 370837
0.26160526275634766 0.015725374221801758 862255 370876
0.2617964744567871 0.016054153442382812 863525 370600
0.26602888107299805 0.016254663467407227 851732 376680
0.26144933700561523 0.016667842864990234 842624 381791
0.2635936737060547 0.016051530838012695 847827 378672
0.27013254165649414 0.015839576721191406 845090 380508
0.25997376441955566 0.016778230667114258 810788 399262
0.27409958839416504 0.016366004943847656 848528 378138
0.274090051651001 0.015472412109375 850465 377109
0.2669854164123535 0.01685023307800293 849433 377694
0.2634134292602539 0.016588211059570312 843422 381032
0.2535545825958252 0.015201807022094727 847814 378383
0.2634549140930176 0.015738248825073242 861380 371394
0.25449109077453613 0.01590561866760254 854543 374882
0.25921082496643066 0.015914440155029297 855351 374501
0.26479458808898926 0.015629053115844727 852033 376311
0.26232004165649414 0.01580500602722168 845786 379837
0.26871252059936523 0.01666545867919922 843705 381152
0.26749205589294434 0.01675558090209961 844375 380698
0.2588481903076172 0.01567864418029785 842909 381655
0.2621033191680908 0.01915740966796875 843071 381697
0.2563815116882324 0.015881061553955078 845315 380351
0.26706552505493164 0.01627206802368164 848991 378537
0.25592470169067383 0.015796661376953125 853370 375521
0.25849390029907227 0.015728473663330078 855091 374594
0.25982213020324707 0.016448974609375 850207 377560
0.26334571838378906 0.016343355178833008 849922 377523
0.26429128646850586 0.015770673751831055 850281 377359
0.2626626491546631 0.015575885772705078 848222 378399
0.2591698169708252 0.016715288162231445 849012 378209
0.26097631454467773 0.016061782836914062 846207 379769
0.26018452644348145 0.01610112190246582 845627 380070
0.2681155204772949 0.015893220901489258 842659 381745
0.26281023025512695 0.016045808792114258 833506 387334
0.26023268699645996 0.015729188919067383 846040 379906
0.25830531120300293 0.01612257957458496 841368 382449
0.2601449489593506 0.017260313034057617 808230 401081
0.2650105953216553 0.01636195182800293 842114 382224
0.2611699104309082 0.016176462173461914 848249 378561
0.2590517997741699 0.01601123809814453 849634 377857
0.27086496353149414 0.016567230224609375 845086 380463
0.2613091468811035 0.015619993209838867 851167 376941
0.2652626037597656 0.015707969665527344 847381 378974
0.2580535411834717 0.01617288589477539 845186 380331
0.2596092224121094 0.015096664428710938 849649 377222
0.2618570327758789 0.018999576568603516 845121 379897
0.2586841583251953 0.015097856521606445 805709 402099
0.2589988708496094 0.016663551330566406 844019 380452
0.2560579776763916 0.015682458877563477 849921 377086
0.2561178207397461 0.015710115432739258 848201 378100
0.2599914073944092 0.017002582550048828 843854 380622
0.25221872329711914 0.015682697296142578 849808 377077
0.26810693740844727 0.016374826431274414 858136 373056
0.2631995677947998 0.015520811080932617 855656 374276
0.2619972229003906 0.01596546173095703 859480 372386
0.2608606815338135 0.017158031463623047 854224 374964
0.25952720642089844 0.015329599380493164 854200 374660
0.2625911235809326 0.016061067581176758 852158 375964
0.25896263122558594 0.015740394592285156 852882 375557
0.2691802978515625 0.016404151916503906 856710 373638
0.26838231086730957 0.017208337783813477 858471 372531
0.2665383815765381 0.016564607620239258 850383 376732
0.2677347660064697 0.016813039779663086 839532 382956
0.2569594383239746 0.01634693145751953 839576 382910
0.26279473304748535 0.01633310317993164 847166 378893
0.25646519660949707 0.016141414642333984 846353 379372
0.2599759101867676 0.016933679580688477 850631 376928
0.2576169967651367 0.016342639923095703 847945 378513
0.26028943061828613 0.015841960906982422 842754 381616
0.26632070541381836 0.01626729965209961 841338 382370
0.2545137405395508 0.01575326919555664 842882 381272
0.25458860397338867 0.01593160629272461 843412 381021
0.2563741207122803 0.016253948211669922 841118 382328
0.26284027099609375 0.01632213592529297 840566 382844
0.27254366874694824 0.017212629318237305 842918 381371
0.2542843818664551 0.015530586242675781 839794 383048
0.255340576171875 0.016304731369018555 847560 378661
0.2697739601135254 0.016273021697998047 844917 380183
0.26042866706848145 0.01659250259399414 847499 378515
0.26203131675720215 0.01675581932067871 848909 377652
0.2582821846008301 0.015383720397949219 847169 378603
0.26178503036499023 0.016284704208374023 846979 378685
0.2568051815032959 0.01707005500793457 834431 386454
0.2557199001312256 0.015474081039428711 845616 379524
0.2629520893096924 0.017055273056030273 841735 381871
0.25473976135253906 0.01581096649169922 805078 402014
0.26680850982666016 0.015895605087280273 844633 380120
0.2639451026916504 0.016116619110107422 846051 379234
0.2582416534423828 0.01563405990600586 847348 378663
0.2633664608001709 0.01641988754272461 840618 382467
0.26161885261535645 0.015217781066894531 845179 379658
0.267719030380249 0.01638174057006836 859559 371803
0.25429248809814453 0.01573944091796875 859224 372193
0.257643461227417 0.01590418815612793 859643 371880
0.2756035327911377 0.01650834083557129 857173 372934
0.26402711868286133 0.015433788299560547 850297 376947
0.2729055881500244 0.016524076461791992 852947 375262
0.26361656188964844 0.016266345977783203 845235 379766
0.26414060592651367 0.016766786575317383 847116 378961
0.2625718116760254 0.019264936447143555 850318 377214
0.26189637184143066 0.015956401824951172 848181 378338
0.26351189613342285 0.01587963104248047 847612 378739
0.25854015350341797 0.015853166580200195 852746 375744
0.263552188873291 0.01568317413330078 856918 373197
0.259319543838501 0.015494108200073242 848546 378214
0.2582700252532959 0.017190217971801758 852965 375571
0.2667555809020996 0.015436887741088867 849623 377619
0.2662186622619629 0.016921520233154297 848539 378283
0.2554748058319092 0.016252994537353516 846791 379251
0.2743833065032959 0.016613006591796875 851539 376473
0.2598893642425537 0.016009807586669922 882006 362981
0.2668633460998535 0.017071008682250977 894672 356628
0.2613708972930908 0.016263961791992188 896698 355502
0.2592635154724121 0.01605391502380371 898533 354386
0.2657155990600586 0.016612768173217773 897577 354966
0.27265477180480957 0.01653742790222168 897772 354855
0.27046871185302734 0.016477346420288086 898886 354194
0.2591369152069092 0.01594090461730957 893731 357247
0.2675356864929199 0.016360759735107422 900319 353615
0.2640492916107178 0.017125844955444336 898279 354645
0.26326751708984375 0.016198396682739258 891575 358378
0.27382588386535645 0.016782760620117188 899035 354324
0.25982117652893066 0.01584029197692871 898195 354915
0.26048851013183594 0.0166623592376709 897162 355343
0.2660074234008789 0.016038179397583008 898990 354527
0.26614856719970703 0.015930652618408203 899116 354194
0.2730214595794678 0.015935659408569336 901382 353010
0.26416873931884766 0.015195131301879883 893328 357479
0.2660715579986572 0.01628708839416504 869430 370297
0.26629042625427246 0.016309738159179688 898719 354673
0.27624940872192383 0.015464067459106445 898611 354716
0.27129340171813965 0.017102956771850586 897839 354789
0.2675032615661621 0.01515960693359375 900999 353299
0.2586042881011963 0.01584768295288086 898087 354914
0.26219940185546875 0.015943527221679688 907482 349659
0.27719831466674805 0.016903162002563477 899887 353883
0.2755436897277832 0.016603469848632812 905712 350790
0.2657432556152344 0.015613317489624023 902807 352105
0.27547121047973633 0.0170590877532959 855752 378592
0.2733452320098877 0.01965785026550293 899763 353804
0.27645277976989746 0.017670392990112305 898710 354165
0.2826540470123291 0.01824164390563965 903030 351716
0.2596869468688965 0.016007184982299805 904485 351050
0.2636380195617676 0.016057252883911133 908853 348547
0.2759568691253662 0.01665329933166504 908190 348952
0.2639131546020508 0.015519142150878906 910324 347879
0.274320125579834 0.01652979850769043 909430 348417
0.2639186382293701 0.016192197799682617 907984 349125
0.2631974220275879 0.01733112335205078 896832 355239
0.26500535011291504 0.016904592514038086 909193 348452
0.2687253952026367 0.016378164291381836 902478 352040
0.2753779888153076 0.01592564582824707 907332 349536
0.25933408737182617 0.01713395118713379 907729 349215
0.26631927490234375 0.016233205795288086 908893 348733
0.27181100845336914 0.016638994216918945 906900 349799
0.27203965187072754 0.016448259353637695 911562 347002
0.27065086364746094 0.016460657119750977 909036 348692
0.2653958797454834 0.016832351684570312 911709 347098
0.27071619033813477 0.01640772819519043 884060 361674
0.2779242992401123 0.016877174377441406 910957 347489
0.27221226692199707 0.017035245895385742 910426 347794
0.2710587978363037 0.01737499237060547 910485 347765
0.2687983512878418 0.01665329933166504 910084 347933
0.26805615425109863 0.01634049415588379 910088 348179
0.2692234516143799 0.01581406593322754 912156 346776
0.2647268772125244 0.016202211380004883 900606 353153
0.27249908447265625 0.0168454647064209 912610 346542
0.2666285037994385 0.016932249069213867 915679 344865
0.26606035232543945 0.016931772232055664 862719 374364
0.26868271827697754 0.01617264747619629 907988 349131
0.27193713188171387 0.015898704528808594 897145 354818
0.26324987411499023 0.01647472381591797 898215 354402
0.27016282081604004 0.015920162200927734 911247 347512
0.2713027000427246 0.016459941864013672 913440 346278
0.28050851821899414 0.016869544982910156 898607 354225
0.27734971046447754 0.016826868057250977 916147 344766
0.26616907119750977 0.016440629959106445 913203 346379
0.27205538749694824 0.01626110076904297 912917 346623
0.2700371742248535 0.015995025634765625 914386 345942
0.2671229839324951 0.01549983024597168 908094 349017
0.26781725883483887 0.01665806770324707 900693 353340
0.26655006408691406 0.01714920997619629 910361 348018
0.27713918685913086 0.016096115112304688 913471 346245
0.26949071884155273 0.016588211059570312 910835 347721
0.2707526683807373 0.016661643981933594 912723 346829
0.26671290397644043 0.016808032989501953 908495 348720
0.26909494400024414 0.01659226417541504 913129 346584
0.2622945308685303 0.016138076782226562 912898 346580
0.27498579025268555 0.016810894012451172 885929 360679
0.2679769992828369 0.01635265350341797 907660 349447
0.2635221481323242 0.015606403350830078 911284 347601
0.266878604888916 0.016254425048828125 911016 347521
0.26700735092163086 0.016472816467285156 907519 349683
0.2688310146331787 0.016774654388427734 907937 349268
0.2687394618988037 0.016941308975219727 904802 351131
0.2568495273590088 0.015462875366210938 892323 357817
0.2631840705871582 0.016314268112182617 908612 349075
0.26715850830078125 0.01634669303894043 907284 349681
0.2691383361816406 0.016387462615966797 845730 383576
0.2665247917175293 0.01684880256652832 896192 355745
0.25850725173950195 0.01727914810180664 880858 363416
0.2646443843841553 0.01585102081298828 880124 363994
0.2722282409667969 0.017619848251342773 891285 358259
0.2659459114074707 0.016184091567993164 894906 356267
0.2730424404144287 0.01647329330444336 887594 360346
0.26392316818237305 0.016310691833496094 899597 353865
0.261502742767334 0.016382455825805664 895992 355797
0.27147936820983887 0.016028165817260742 893712 357150
0.2881429195404053 0.01661849021911621 889344 359302
0.2630915641784668 0.01648855209350586 890430 358612
0.2561318874359131 0.016379594802856445 866560 371249
0.2618379592895508 0.016028165817260742 887810 360419
0.2644689083099365 0.016454458236694336 887486 360584
0.2603576183319092 0.015743255615234375 887895 360204
0.2692704200744629 0.016842365264892578 887716 360603
0.27265501022338867 0.01594686508178711 888430 359882
0.26479077339172363 0.01597452163696289 889307 359576
0.26601266860961914 0.01636219024658203 887677 360530
0.26372361183166504 0.016613245010375977 866674 371028
0.26245689392089844 0.016299724578857422 888061 360255
0.2700362205505371 0.0168001651763916 896837 355413
0.2673921585083008 0.01579880714416504 895289 356366
0.2643718719482422 0.015585660934448242 894112 356902
0.26374316215515137 0.01593780517578125 897624 355081
0.2643473148345947 0.016449689865112305 893390 357207
0.2692389488220215 0.016042470932006836 876784 366107
0.2618691921234131 0.016093015670776367 889207 359662
0.27831315994262695 0.016228199005126953 887317 360518
0.2627577781677246 0.015332460403442383 835055 389427
0.25911378860473633 0.01614236831665039 887653 360435
0.2657501697540283 0.016498804092407227 869245 369837
0.2649497985839844 0.016930103302001953 878513 365350
0.261976957321167 0.015855789184570312 886931 360934
0.2619044780731201 0.016103267669677734 887129 360658
0.2649235725402832 0.01644158363342285 883485 362802
0.2640855312347412 0.016636133193969727 895592 356167
0.27349400520324707 0.01711869239807129 895351 356291
0.27480483055114746 0.01615595817565918 899402 354115
0.2678871154785156 0.017076492309570312 899044 354327
0.2636077404022217 0.016256093978881836 897701 354960
0.2722628116607666 0.01668691635131836 877083 365992
0.2705230712890625 0.01625800132751465 899565 353946
0.266162633895874 0.016573190689086914 900337 353499
0.26330018043518066 0.01580524444580078 898603 354411
0.2725090980529785 0.016387224197387695 899238 354060
0.26760292053222656 0.01611924171447754 899301 354064
0.26791930198669434 0.01558828353881836 897268 355211
0.2659487724304199 0.015618562698364258 898447 354540
0.2715141773223877 0.01697850227355957 874568 367033
0.2600414752960205 0.015349388122558594 895124 356343
0.2644970417022705 0.0161435604095459 899030 354179
0.26253414154052734 0.01564502716064453 896401 355723
0.27483057975769043 0.016890525817871094 897208 355315
0.26265645027160645 0.01638197898864746 896887 355528
0.2649869918823242 0.016391515731811523 894085 356977
0.2568204402923584 0.015901565551757812 885136 361836
0.26055264472961426 0.015906095504760742 896280 355838
0.2774937152862549 0.016811132431030273 895183 356373
0.25799083709716797 0.016516685485839844 840588 386631
0.26111912727355957 0.01601576805114746 889706 359545
0.2558014392852783 0.01558542251586914 868839 370112
0.260408878326416 0.01627802848815918 879327 364996
0.2667858600616455 0.01669168472290039 894160 357072
0.2586674690246582 0.015387296676635742 894781 356467
0.26434326171875 0.015796184539794922 888729 359984
0.2721548080444336 0.017542600631713867 897813 354973
0.2645881175994873 0.01680588722229004 898531 354565
0.2635176181793213 0.01597118377685547 897640 355057
0.2634551525115967 0.016983747482299805 896574 355750
0.2653989791870117 0.01622462272644043 894942 356628
0.26429319381713867 0.016282081604003906 870315 369459
0.265946626663208 0.016617298126220703 896872 355539
0.281735897064209 0.017125844955444336 895834 356204
0.26911115646362305 0.015925168991088867 895315 356310
0.26720547676086426 0.015912294387817383 895237 356564
0.26589012145996094 0.016772031784057617 897616 355023
0.26929545402526855 0.01725625991821289 894772 356668
0.27106547355651855 0.016663551330566406 894468 356853
0.2579383850097656 0.015878915786743164 865561 371931
0.25855064392089844 0.015666961669921875 895465 356465
0.28142786026000977 0.01662468910217285 896912 355560
0.2678864002227783 0.016749858856201172 896501 355740
0.2672891616821289 0.01638650894165039 895616 356282
0.2648589611053467 0.016119956970214844 896729 355595
0.26575803756713867 0.0159604549407959 893881 356982
0.26357269287109375 0.016431570053100586 881743 363684
0.262279748916626 0.01615142822265625 894436 356881
0.2813408374786377 0.016384601593017578 893975 357156
0.2648277282714844 0.017843008041381836 846575 383223
0.27176737785339355 0.01710200309753418 892229 358079
0.2677748203277588 0.016338586807250977 861370 374362
0.26976990699768066 0.016297101974487305 891162 358641
0.2803652286529541 0.016170263290405273 893855 357292
0.27478623390197754 0.016223430633544922 896203 355943
0.2634463310241699 0.015877723693847656 885369 361717
0.26592516899108887 0.016077041625976562 897220 355358
0.26157283782958984 0.01554107666015625 897957 354829
0.27609825134277344 0.016253948211669922 897509 355128
0.2659721374511719 0.01678633689880371 899551 354154
0.2615022659301758 0.01590704917907715 895220 356374
0.2644948959350586 0.0167691707611084 872592 368099
0.26311802864074707 0.015920400619506836 897587 355001
0.266345739364624 0.01641988754272461 898546 354453
0.26616454124450684 0.015902280807495117 900128 353612
0.2615799903869629 0.017043590545654297 900770 353231
0.27109742164611816 0.016129493713378906 900840 353142
0.2666895389556885 0.01686835289001465 895609 355937
0.2783689498901367 0.016674280166625977 895771 355997
0.2590000629425049 0.015716552734375 876939 365673
0.26754140853881836 0.015946149826049805 891224 358410
0.2732539176940918 0.01780247688293457 914229 346096
0.265289306640625 0.015798330307006836 911990 347053
0.27081799507141113 0.016234159469604492 914857 345665
0.2610948085784912 0.015412092208862305 917054 344469
0.26149964332580566 0.016604185104370117 918679 343648
0.26189494132995605 0.01985764503479004 914420 346096
0.26399803161621094 0.01638507843017578 919589 343039
0.2706749439239502 0.016215085983276367 911654 347532
0.27852892875671387 0.015656471252441406 910128 348267
0.27097105979919434 0.015834331512451172 914476 345810
0.26819372177124023 0.016647815704345703 906012 350586
0.25826168060302734 0.01546025276184082 911155 347572
0.2804892063140869 0.016010046005249023 913913 346138
0.2651522159576416 0.016771554946899414 914433 345848
0.26288938522338867 0.015653610229492188 920024 342788
0.2698681354522705 0.018758058547973633 918821 343454
0.2707633972167969 0.01614236831665039 917893 343973
0.26944732666015625 0.01728534698486328 919031 343126
0.27299952507019043 0.01615142822265625 919385 343051
0.2604405879974365 0.01578831672668457 912133 347033
0.27399516105651855 0.017279386520385742 910560 347954
0.26548314094543457 0.016469955444335938 908673 349027
0.2710247039794922 0.016149282455444336 909177 348643
0.26717042922973633 0.017063140869140625 905628 350616
0.264864444732666 0.01627039909362793 910461 348010
0.2699885368347168 0.01731276512145996 910627 347972
0.2642703056335449 0.01646280288696289 906002 350534
0.27581167221069336 0.01661062240600586 915292 345291
0.26760172843933105 0.01603555679321289 916830 344528
0.27014756202697754 0.016480207443237305 912307 347203
0.26923537254333496 0.017017126083374023 911609 347486
0.26485419273376465 0.016715288162231445 914429 345847
0.26457715034484863 0.01560354232788086 909574 348659
0.2691001892089844 0.015878915786743164 909351 348817
0.26967763900756836 0.01631474494934082 905557 350619
0.2781484127044678 0.016229867935180664 906885 350071
0.26337742805480957 0.01645183563232422 904214 351378
0.2842850685119629 0.016452789306640625 909498 348501
0.26385927200317383 0.01645183563232422 914539 345843
0.26410365104675293 0.016060352325439453 905824 350586
0.26604795455932617 0.01587224006652832 907350 349890
0.25972437858581543 0.015921831130981445 907391 349609
0.2735476493835449 0.016043424606323242 908869 348992
0.26460766792297363 0.01690363883972168 906156 350499
0.26896142959594727 0.016345500946044922 907762 349493
0.27611756324768066 0.015997886657714844 907426 349800
0.261699914932251 0.016347169876098633 902883 352300
0.2806692123413086 0.01692962646484375 909491 348666
0.2627592086791992 0.016183137893676758 915615 345316
0.27231669425964355 0.016376733779907227 911363 347633
0.2635939121246338 0.016002178192138672 911821 347885
0.2785961627960205 0.016695261001586914 912388 347414
0.26683688163757324 0.01682424545288086 908482 349763
0.26242518424987793 0.015865802764892578 910400 348563
0.2604024410247803 0.015454530715942383 905618 351305
0.26825952529907227 0.01596856117248535 905018 351578
0.26390624046325684 0.016272306442260742 905664 351011
0.2584402561187744 0.01618051528930664 905849 350909
0.26323866844177246 0.015887737274169922 909363 349108
0.26679325103759766 0.016648530960083008 909585 348936
0.2697880268096924 0.016007184982299805 907413 349917
0.2674078941345215 0.01737070083618164 908808 349361
0.26881909370422363 0.016334056854248047 907434 349890
0.26373839378356934 0.015529394149780273 912068 347441
0.2609105110168457 0.01623845100402832 912382 347440
0.27799201011657715 0.016839265823364258 912343 347319
0.26471614837646484 0.016073226928710938 913323 346820
0.26359033584594727 0.016725540161132812 914816 345965
0.27428317070007324 0.01677680015563965 912702 347205
0.2625081539154053 0.015876054763793945 913781 346665
0.26954030990600586 0.016721248626708984 910778 348199
0.26105332374572754 0.015478372573852539 910724 348196
0.2683231830596924 0.01542973518371582 901305 353462
0.2660360336303711 0.016652584075927734 921771 341697
0.27095508575439453 0.01696300506591797 919385 343218
0.27810049057006836 0.015718698501586914 919092 343517
0.265960693359375 0.017142057418823242 918977 343513
0.27167749404907227 0.01705765724182129 925398 339744
0.2705392837524414 0.01735377311706543 923001 341222
0.2676396369934082 0.01651287078857422 925315 339598
0.27002763748168945 0.01627802848815918 924348 340396
0.2659873962402344 0.016524314880371094 924673 339975
0.2669811248779297 0.015668630599975586 894384 357197
0.2665255069732666 0.016220808029174805 887621 360508
0.27259063720703125 0.016614437103271484 917552 344346
0.26688218116760254 0.01603865623474121 936291 334115
0.2688102722167969 0.01589798927307129 907484 350546
0.27524566650390625 0.016992807388305664 921619 342051
0.2743082046508789 0.01669931411743164 900714 354292
0.2626075744628906 0.01743769645690918 902602 353228
0.26877331733703613 0.01615428924560547 906875 350723
0.2579226493835449 0.015567779541015625 915321 345730
0.26982712745666504 0.016736984252929688 913464 346947
0.26381683349609375 0.01905989646911621 909184 349621
0.26697802543640137 0.015938997268676758 919128 343660
0.26831936836242676 0.016628026962280273 915718 345557
0.25745725631713867 0.016487836837768555 883873 363224
0.26334071159362793 0.016120433807373047 925075 340155
0.2621471881866455 0.018358945846557617 915027 345818
0.2621030807495117 0.01642918586730957 909420 349402
0.26755857467651367 0.017260074615478516 927404 339032
0.25887131690979004 0.015850543975830078 930148 337611
0.269603967666626 0.015548229217529297 893837 357921
0.2619905471801758 0.020473957061767578 929756 337920
0.26281237602233887 0.015726566314697266 930085 337550
0.2652132511138916 0.01551055908203125 931813 336459
0.2739720344543457 0.01649308204650879 928743 338221
0.2640957832336426 0.016881942749023438 934222 335244
0.28211212158203125 0.017403125762939453 932572 336054
0.26726770401000977 0.015869617462158203 933627 335449
0.2633805274963379 0.015850067138671875 926620 338911
0.27270054817199707 0.016921043395996094 933148 335608
0.26790571212768555 0.015990734100341797 941419 331282
0.2690107822418213 0.016724824905395508 934857 334650
0.2711637020111084 0.01581597328186035 931514 336453
0.275775671005249 0.016541242599487305 930571 336927
0.26427578926086426 0.015429258346557617 926260 339331
0.2606544494628906 0.015303373336791992 928856 337656
0.2742347717285156 0.015827178955078125 930232 337244
0.2643270492553711 0.015972614288330078 927001 338897
0.272540807723999 0.016220569610595703 928826 337864
0.26456308364868164 0.01673293113708496 930598 336686
0.27588915824890137 0.01700758934020996 931181 336501
0.2663877010345459 0.01599264144897461 924173 340366
0.26378417015075684 0.016146183013916016 931204 336288
0.2681450843811035 0.016605615615844727 933155 335063
0.2778010368347168 0.017267227172851562 898525 354919
0.2659180164337158 0.016740798950195312 928307 338035
0.2630903720855713 0.015795469284057617 918370 344178
0.2732844352722168 0.015069961547851562 917317 344631
0.26573729515075684 0.015926837921142578 929483 337517
0.26688289642333984 0.01650524139404297 930415 336857
0.2603914737701416 0.016141891479492188 902879 352683
0.2667379379272461 0.01583075523376465 932764 335478
0.26870179176330566 0.01562976837158203 929367 337399
0.27219176292419434 0.016301393508911133 936814 333628
0.26607632637023926 0.016399145126342773 931944 336202
0.25995612144470215 0.01615428924560547 931243 336280
0.2736208438873291 0.016613245010375977 932246 335671
0.26901841163635254 0.016994237899780273 931710 335828
0.27443408966064453 0.015688180923461914 936942 333202
0.26454782485961914 0.016355276107788086 938096 332472
0.28225111961364746 0.017058372497558594 931593 335821
0.26429009437561035 0.015893936157226562 936811 333096
0.26729846000671387 0.016217947006225586 933560 334776
0.26689934730529785 0.015407085418701172 937841 332460
0.26286888122558594 0.016683340072631836 931395 336084
0.26685190200805664 0.01569342613220215 930446 336553
0.27604007720947266 0.017625808715820312 930702 336411
0.26546740531921387 0.01646590232849121 929795 336961
0.26373744010925293 0.016389846801757812 937403 332912
0.2721982002258301 0.016684532165527344 937791 332683
0.26184654235839844 0.015880107879638672 937281 333017
0.27229809761047363 0.016153573989868164 927511 338452
0.27026963233947754 0.016778945922851562 939374 331883
0.2662496566772461 0.016771554946899414 940664 331202
0.2643887996673584 0.016721487045288086 902685 352153
0.2601289749145508 0.015954017639160156 935453 333589
0.2795584201812744 0.016632556915283203 932766 335335
0.27397894859313965 0.016122102737426758 929623 337213
0.26418089866638184 0.01676630973815918 941128 330404
0.268735408782959 0.01622748374938965 943773 329076
0.26183485984802246 0.015737295150756836 924754 340121
0.2713479995727539 0.01653885841369629 947566 327234
0.2617757320404053 0.015787839889526367 941161 330449
0.2725701332092285 0.016422271728515625 942247 329950
0.2630119323730469 0.01789689064025879 938391 332243
0.26541590690612793 0.016496896743774414 929911 336764
0.26549696922302246 0.016120195388793945 928757 337374
0.26369786262512207 0.016457796096801758 927775 338167
0.25988078117370605 0.015801668167114258 926300 339046
0.2646651268005371 0.016138315200805664 928659 337714
0.2670302391052246 0.016362667083740234 926272 339130
0.26064085960388184 0.015774011611938477 928685 337588
0.2636408805847168 0.016463518142700195 925141 339639
0.26670289039611816 0.017130613327026367 922809 341020
0.2672121524810791 0.018262386322021484 921143 341971
0.27404069900512695 0.01609516143798828 919811 342846
0.2709634304046631 0.016392230987548828 930029 336937
0.2643461227416992 0.016757965087890625 928982 337568
0.2642192840576172 0.016002655029296875 928788 337697
0.2783510684967041 0.0170900821685791 922880 341117
0.26538634300231934 0.016214370727539062 919933 342757
0.27083277702331543 0.016387224197387695 923174 341109
0.2716975212097168 0.01645517349243164 923977 340424
0.2673654556274414 0.01574563980102539 922061 341554
0.26915550231933594 0.016650676727294922 923030 341037
0.2761809825897217 0.0168764591217041 917299 344655
0.2783851623535156 0.015949487686157227 920714 342318
0.26623010635375977 0.0164644718170166 919148 343562
0.26472973823547363 0.016475200653076172 925139 339739
0.27170372009277344 0.016525745391845703 921850 341719
0.2757568359375 0.016687631607055664 924222 340339
0.26289963722229004 0.015317678451538086 918523 343698
0.26429200172424316 0.016767501831054688 923280 340954
0.2610464096069336 0.01602029800415039 924130 340470
