0.26836585998535156 0.015342473983764648 1026072 277966
0.25096678733825684 0.014940023422241211 1026844 277611
0.26048827171325684 0.01593327522277832 1034896 272708
0.26058459281921387 0.015506267547607422 1028973 276374
0.26165056228637695 0.014333009719848633 1033418 273620
0.26621389389038086 0.015530586242675781 1038048 270504
0.2629077434539795 0.015323877334594727 1040063 269448
0.26029443740844727 0.015568733215332031 1038932 270340
0.2598907947540283 0.015395164489746094 1037617 271068
0.2604687213897705 0.016158342361450195 1037926 270815
0.2619609832763672 0.01547384262084961 1028524 276424
0.2709977626800537 0.015768766403198242 1020961 280357
0.2648499011993408 0.014930963516235352 1037609 271080
0.254528284072876 0.01559305191040039 1026514 277571
0.2657182216644287 0.016074657440185547 975279 309142
0.26090383529663086 0.015506505966186523 1023497 279239
0.2637495994567871 0.015497207641601562 1016768 283289
0.2711026668548584 0.015600919723510742 1008381 288749
0.2625603675842285 0.015208721160888672 994519 297642
0.2611548900604248 0.015599966049194336 1017971 282459
0.26915931701660156 0.016996383666992188 1016910 283177
0.2580585479736328 0.015535116195678711 1005324 290827
0.2628786563873291 0.015148162841796875 1018863 281865
0.2525594234466553 0.016258955001831055 1032368 274071
0.2538177967071533 0.015360832214355469 1033416 273324
0.2567324638366699 0.015478849411010742 1027179 276939
0.25479722023010254 0.015079498291015625 1006933 289767
0.26352643966674805 0.01615309715270996 1023742 278696
0.2529420852661133 0.015182733535766602 1026789 277208
0.26676464080810547 0.016736745834350586 1013667 285202
0.2699604034423828 0.01727581024169922 1024461 278151
0.266704797744751 0.015291452407836914 1027937 276694
0.2691683769226074 0.01636958122253418 1018959 281787
0.2661867141723633 0.01640033721923828 1020802 280522
0.2582376003265381 0.01449441909790039 1003792 291799
0.26102781295776367 0.017010211944580078 1027596 276608
0.2614264488220215 0.014908075332641602 1045646 265799
0.26253390312194824 0.01551055908203125 1037272 271026
0.2640514373779297 0.01565098762512207 1044747 266353
0.2615349292755127 0.01568913459777832 1028700 276108
0.26717090606689453 0.015333175659179688 1010053 287359
0.2576866149902344 0.01461172103881836 1017323 282741
0.26694703102111816 0.016582012176513672 1035784 272129
0.2678687572479248 0.015614748001098633 1034515 272707
0.2681608200073242 0.015705585479736328 993116 298221
0.25983166694641113 0.015340089797973633 1030294 275301
0.2605316638946533 0.01519632339477539 1037005 271131
0.2662792205810547 0.01619863510131836 1028842 275823
0.2597498893737793 0.016179323196411133 1036718 271381
0.27028989791870117 0.015265464782714844 1035328 272244
0.25652503967285156 0.016421079635620117 1030460 275024
0.26580071449279785 0.016447067260742188 1037572 271057
0.2607235908508301 0.016284465789794922 1035476 272389
0.26491880416870117 0.014745235443115234 1036523 271566
0.26828789710998535 0.016186237335205078 1037519 271111
0.26117682456970215 0.01636791229248047 1037859 270802
0.2624471187591553 0.014921426773071289 1038347 270314
0.2639908790588379 0.01618480682373047 1038622 270422
0.26915907859802246 0.016788959503173828 1038482 270482
0.25168943405151367 0.015414953231811523 1038986 270115
0.25839734077453613 0.015094280242919922 1032327 274237
0.25673985481262207 0.015600442886352539 1034141 272883
0.2560691833496094 0.014706850051879883 1032246 274067
0.2646293640136719 0.016620159149169922 1030611 275114
0.25708866119384766 0.015448808670043945 1021839 280071
0.25665831565856934 0.014981508255004883 1031819 274275
0.25686216354370117 0.01543569564819336 1034928 272557
0.26700282096862793 0.015513896942138672 1035082 272377
0.2639014720916748 0.016767501831054688 1034490 272848
0.26166319847106934 0.015337228775024414 1033878 273216
0.26031041145324707 0.016084909439086914 1028690 276170
0.25424957275390625 0.015515565872192383 1019881 281084
0.25608015060424805 0.018663406372070312 1032730 273758
0.258425235748291 0.015513181686401367 1026825 277309
0.2596299648284912 0.01522684097290039 975560 308831
0.25945329666137695 0.01519322395324707 1031317 274807
0.258838415145874 0.015326738357543945 1028862 276035
0.27167248725891113 0.015674829483032227 1018258 282039
0.25464344024658203 0.01603865623474121 1022431 279840
0.2702200412750244 0.015659332275390625 1022096 279944
0.2651240825653076 0.015675067901611328 1031967 274222
0.2523975372314453 0.014782428741455078 1032266 274432
0.25660037994384766 0.01622629165649414 1026465 277761
0.259629487991333 0.015371322631835938 1026120 278015
0.2714362144470215 0.016415834426879883 1031227 275060
0.2687849998474121 0.016091585159301758 1031102 275177
0.26331019401550293 0.014910697937011719 1011127 287107
0.2557368278503418 0.01584649085998535 1031577 274761
0.26064157485961914 0.01601243019104004 1032024 274607
0.26024580001831055 0.01501917839050293 1033382 273711
0.2638237476348877 0.015789508819580078 1029937 275698
0.257885217666626 0.015798091888427734 1027785 276905
0.25563621520996094 0.015358686447143555 1029052 276103
0.25491905212402344 0.015243291854858398 1017568 282841
0.2647888660430908 0.01631307601928711 1030410 275356
0.2592599391937256 0.015911579132080078 1025829 277867
0.2626922130584717 0.017014503479003906 974096 309828
0.26526689529418945 0.015801668167114258 1029927 275605
0.2573831081390381 0.01533818244934082 1029418 275915
0.26318812370300293 0.016788482666015625 1013755 285194
0.2538440227508545 0.016061067581176758 1018759 281965
0.2613520622253418 0.014905691146850586 1022654 279478
0.2588222026824951 0.015751361846923828 1027509 276889
0.253598690032959 0.01572132110595703 1040770 269023
0.2669038772583008 0.015870332717895508 1036937 271581
0.2687695026397705 0.01635432243347168 1038835 270426
0.2579360008239746 0.015566110610961914 1036816 271512
0.25762510299682617 0.015781402587890625 1042054 268408
0.2634725570678711 0.015581130981445312 1040522 269417
0.26613569259643555 0.015857219696044922 1037907 270916
0.2625091075897217 0.01584458351135254 1038546 270574
0.27556419372558594 0.01623225212097168 1036976 271612
0.25756287574768066 0.015415430068969727 1037967 271037
0.2528574466705322 0.01603221893310547 1038401 270668
0.27408695220947266 0.016279935836791992 1029921 275919
0.265000581741333 0.01619887351989746 1035652 272377
0.2606790065765381 0.015444040298461914 1006857 290076
0.26359105110168457 0.014912128448486328 1037071 271461
0.2571995258331299 0.015012025833129883 1035873 272246
0.25171613693237305 0.018302202224731445 1037396 271197
0.2700510025024414 0.01650261878967285 1031912 274619
0.2586491107940674 0.015958547592163086 1035428 272519
0.25653696060180664 0.015362262725830078 1027532 276849
0.26039743423461914 0.01587843894958496 1020770 280817
0.2557501792907715 0.015719175338745117 1030684 275038
0.2601652145385742 0.015099048614501953 1032606 273859
0.2610311508178711 0.015491724014282227 982211 305270
0.25548696517944336 0.01547384262084961 1022276 279722
0.263944149017334 0.015515327453613281 992188 299067
0.2548060417175293 0.015569686889648438 1002568 292622
0.2558553218841553 0.015295982360839844 1007592 289644
0.2609069347381592 0.016266822814941406 1013165 285815
0.2559659481048584 0.01520991325378418 1002208 293029
0.2616393566131592 0.01533055305480957 1013481 285496
0.2583448886871338 0.015584230422973633 1021574 280318
0.25818300247192383 0.01633739471435547 1025932 277526
0.2658121585845947 0.01627039909362793 1023040 279242
0.2709963321685791 0.016184091567993164 1025905 277515
0.27112627029418945 0.016179561614990234 1021583 280208
0.2676100730895996 0.01529240608215332 1025131 277890
0.25994205474853516 0.016079425811767578 1031169 274445
0.26897454261779785 0.015055656433105469 1033854 273040
0.2652454376220703 0.015170097351074219 1025987 277598
0.26132822036743164 0.01495504379272461 1027890 276355
0.2632431983947754 0.014989614486694336 1023481 279004
0.25687384605407715 0.015483617782592773 1038902 270053
0.26542043685913086 0.015863656997680664 1031329 274365
0.2717585563659668 0.016520977020263672 1025917 277698
0.2602725028991699 0.01591348648071289 1015454 284140
0.25556397438049316 0.015340089797973633 1014947 284472
0.25379037857055664 0.015311956405639648 1030899 274794
0.2632277011871338 0.01568770408630371 1046414 265505
0.26236629486083984 0.015056610107421875 1042515 267870
0.2647216320037842 0.014964818954467773 1040386 269143
0.25690293312072754 0.015184879302978516 1040859 269026
0.25706052780151367 0.016239166259765625 1027792 276051
0.264296293258667 0.016323566436767578 975111 308730
0.25868773460388184 0.014809370040893555 1019044 281852
0.2584495544433594 0.015182018280029297 1024086 278640
0.2728400230407715 0.016416549682617188 1001612 293308
0.2600703239440918 0.014984369277954102 1001888 293015
0.27530860900878906 0.01586747169494629 1006239 290554
0.2538490295410156 0.015093564987182617 1002284 292928
0.2552039623260498 0.014928817749023438 1007392 290031
0.2584264278411865 0.015322446823120117 1020018 281373
0.25632357597351074 0.01573038101196289 1010734 287932
0.26493310928344727 0.016402721405029297 1007887 289620
0.2646961212158203 0.015948772430419922 1024585 278500
0.2610635757446289 0.016173124313354492 1019683 281936
0.26046037673950195 0.016175508499145508 1039123 270166
0.26377153396606445 0.015456438064575195 1017546 283555
0.26896119117736816 0.016330480575561523 1029680 275458
0.2572181224822998 0.015408039093017578 1033455 273470
0.26650190353393555 0.014571666717529297 1035521 271969
0.26546263694763184 0.015825748443603516 1032799 273654
0.2613718509674072 0.014597654342651367 1033744 273477
0.26237034797668457 0.015858173370361328 1015119 284710
0.2584390640258789 0.015336990356445312 1039064 270193
0.26757049560546875 0.015387296676635742 1040475 269329
0.2675480842590332 0.015517234802246094 1039383 269953
0.2532079219818115 0.014931440353393555 1032469 274052
0.2617762088775635 0.015560388565063477 1030204 275288
0.25859713554382324 0.01437687873840332 1032138 274034
0.2631537914276123 0.01593804359436035 1018383 282313
0.254138708114624 0.014913797378540039 1030836 274861
0.25403738021850586 0.015377521514892578 1029685 275376
0.260178804397583 0.016095399856567383 980121 306411
0.25980424880981445 0.01497197151184082 1034703 272773
0.2705826759338379 0.015199422836303711 1035183 272267
0.2634851932525635 0.015509605407714844 1016881 283273
0.2591559886932373 0.01648569107055664 1025558 277748
0.26128506660461426 0.015448570251464844 1026735 276966
0.271618127822876 0.016476869583129883 1030642 275076
0.26424574851989746 0.01466989517211914 1035304 272234
0.253554105758667 0.015269756317138672 1033000 273506
0.2651190757751465 0.015141725540161133 1031513 274522
0.2562263011932373 0.016491413116455078 1032766 273841
0.2668764591217041 0.01662611961364746 1035784 272038
0.25726318359375 0.015045642852783203 1037172 271362
0.26355409622192383 0.015398979187011719 1033298 273667
0.2559492588043213 0.016135215759277344 1029596 278285
0.25748181343078613 0.015642881393432617 990045 302683
0.2611515522003174 0.01624298095703125 976440 310891
0.2679252624511719 0.01513528823852539 982716 307117
0.26599788665771484 0.01645064353942871 979766 308851
0.25943613052368164 0.015398263931274414 983684 306507
0.25949764251708984 0.014940977096557617 984001 306238
0.2654266357421875 0.016067981719970703 987867 303951
0.2693514823913574 0.016450881958007812 994260 300033
0.2543506622314453 0.015568733215332031 991918 301384
0.2644832134246826 0.014798641204833984 984335 306055
0.25603723526000977 0.015002727508544922 989249 302993
0.25794291496276855 0.0153045654296875 989355 302870
0.2805655002593994 0.016425371170043945 983984 306356
0.26330041885375977 0.016933202743530273 986047 305008
0.2671687602996826 0.014894962310791016 982392 307229
0.26250529289245605 0.015285253524780273 982855 307016
0.26515841484069824 0.01561594009399414 957733 321484
0.2747611999511719 0.01602458953857422 984488 305921
0.268765926361084 0.016503572463989258 986778 304543
0.2743396759033203 0.01663827896118164 986839 304653
0.25785040855407715 0.015512228012084961 986456 304699
0.2590200901031494 0.015854835510253906 985748 305067
0.2663888931274414 0.015306234359741211 986263 304642
0.26107168197631836 0.01598525047302246 987897 303817
0.26338768005371094 0.016014814376831055 985301 305351
0.2691230773925781 0.015803098678588867 985449 305272
0.2634420394897461 0.0165250301361084 984922 305598
0.26759886741638184 0.01529383659362793 982827 306737
0.2580142021179199 0.015355587005615234 984867 305673
0.2619163990020752 0.01557469367980957 981971 307339
0.2665133476257324 0.015166759490966797 983907 306310
0.2632768154144287 0.016475200653076172 984768 305798
0.2714388370513916 0.015840530395507812 985639 305146
0.26312708854675293 0.01601386070251465 989195 302977
0.2594594955444336 0.01551508903503418 987103 304032
0.2591676712036133 0.0157468318939209 987150 304229
0.2727036476135254 0.015861034393310547 985284 305495
0.2663285732269287 0.016580581665039062 984973 305606
0.2676272392272949 0.015115022659301758 985764 305085
0.2606370449066162 0.014888763427734375 984183 306086
0.26441407203674316 0.015674352645874023 985904 304966
0.2723994255065918 0.01621842384338379 988216 303559
0.2648344039916992 0.014472246170043945 987386 304097
0.2579047679901123 0.01536870002746582 990015 302433
0.2662694454193115 0.015157699584960938 986589 304525
0.2665238380432129 0.015758752822875977 986991 304329
0.2593660354614258 0.015238046646118164 957106 321887
0.2674977779388428 0.016375303268432617 986476 304585
0.25894856452941895 0.015024900436401367 986821 304300
0.2633082866668701 0.016286611557006836 988323 303477
0.2731151580810547 0.01681661605834961 989559 302844
0.26460862159729004 0.01639866828918457 989552 302737
0.2686159610748291 0.015652894973754883 990432 302171
0.26613545417785645 0.015700101852416992 990719 302044
0.2613706588745117 0.015964508056640625 989204 303002
0.2621777057647705 0.016526460647583008 989761 302600
0.2665896415710449 0.015170097351074219 987232 304160
0.26339244842529297 0.015036344528198242 983578 306268
0.2626183032989502 0.01527261734008789 983498 306331
0.2711646556854248 0.0157012939453125 984128 306077
0.2629067897796631 0.01638174057006836 986070 304782
0.2619445323944092 0.015576362609863281 990098 302545
0.26734232902526855 0.015615224838256836 989106 303179
0.26281142234802246 0.014946699142456055 992865 300844
0.2545890808105469 0.015252113342285156 990246 302206
0.26612043380737305 0.016653776168823242 993125 300539
0.27022671699523926 0.016081809997558594 992318 301103
0.26777172088623047 0.014642477035522461 993718 300008
0.2588183879852295 0.014705181121826172 993744 299989
0.26888155937194824 0.015810728073120117 989053 303005
0.27255725860595703 0.016437768936157227 990979 301840
0.27233171463012695 0.015939712524414062 991645 301414
0.26868653297424316 0.01666259765625 1012978 287978
0.25873684883117676 0.015873432159423828 1010960 289155
0.26640748977661133 0.01621532440185547 992865 300908
0.26297688484191895 0.016455411911010742 1036227 274316
0.25393080711364746 0.015358686447143555 1019302 284551
0.2618567943572998 0.015565872192382812 1034666 275237
0.2627861499786377 0.015750646591186523 1022726 282452
0.2633516788482666 0.016397476196289062 1010703 289241
0.2632284164428711 0.015753746032714844 1016112 286241
0.2666480541229248 0.01605391502380371 1017276 285434
0.26131343841552734 0.015229225158691406 1014442 287129
0.25989365577697754 0.015109777450561523 1010839 289210
0.26763367652893066 0.014907121658325195 1006538 291854
0.26862120628356934 0.016403913497924805 992035 301308
0.26775312423706055 0.015613317489624023 992666 301028
0.271104097366333 0.016321182250976562 977936 310088
0.2655949592590332 0.015723228454589844 987158 304445
0.26624321937561035 0.015140056610107422 989455 303101
0.2681131362915039 0.015564680099487305 984418 306135
0.2624695301055908 0.01643991470336914 982531 307275
0.27022361755371094 0.01691603660583496 987242 304472
0.27697205543518066 0.016611576080322266 985860 305301
0.26509881019592285 0.015294075012207031 986715 304609
0.26325249671936035 0.015936851501464844 988053 303820
0.26401281356811523 0.016112804412841797 990514 302376
0.2704775333404541 0.016100168228149414 990932 302044
0.26642680168151855 0.0162200927734375 944972 328715
0.2586662769317627 0.015177488327026367 989840 302681
0.26817750930786133 0.015280723571777344 992210 301264
0.25973081588745117 0.016031980514526367 984046 306218
0.277263879776001 0.016304969787597656 992696 300919
0.27483201026916504 0.016217947006225586 992346 301174
0.26111531257629395 0.01563405990600586 990762 302074
0.26093077659606934 0.01514887809753418 994987 299530
0.27040839195251465 0.015481233596801758 991669 301600
0.275956392288208 0.015583038330078125 990117 302335
0.2606503963470459 0.01595163345336914 989678 302784
0.27306556701660156 0.015996217727661133 986857 304383
0.2647218704223633 0.01520848274230957 989015 303136
0.2626616954803467 0.015275239944458008 989452 302834
0.2662653923034668 0.01558232307434082 992806 300904
0.26541662216186523 0.015198945999145508 993638 300356
0.25838160514831543 0.015598058700561523 995493 299124
0.2605271339416504 0.01695871353149414 991467 301713
0.2627696990966797 0.015912532806396484 990250 302470
0.26502346992492676 0.016177654266357422 991797 301535
0.26427245140075684 0.014519691467285156 988828 303321
0.2580113410949707 0.014609575271606445 987559 304142
0.26640844345092773 0.015384197235107422 990490 302314
0.25942015647888184 0.015519380569458008 989967 302676
0.2680015563964844 0.01588916778564453 991743 301609
0.25846242904663086 0.015518903732299805 991778 301562
0.27037668228149414 0.01559138298034668 989365 303065
0.26388072967529297 0.017017602920532227 986885 304477
0.258882999420166 0.014396429061889648 995155 298945
0.2762472629547119 0.016388416290283203 994124 299892
0.2577838897705078 0.01574993133544922 947382 327465
0.2695465087890625 0.014447689056396484 991630 301461
0.2615659236907959 0.01586174964904785 997583 297217
0.26277709007263184 0.015929222106933594 983314 306817
0.26451539993286133 0.015712738037109375 998617 296593
0.25980305671691895 0.015403270721435547 996973 297880
0.2641305923461914 0.015294313430786133 989971 302457
0.25861215591430664 0.015386581420898438 998378 296883
0.2688562870025635 0.016565561294555664 996628 297923
0.2651369571685791 0.015226602554321289 996617 297884
0.258331298828125 0.01528477668762207 995356 298877
0.27571773529052734 0.01625680923461914 991604 301561
0.26236677169799805 0.015649795532226562 996768 298029
0.28481006622314453 0.01558375358581543 991505 301374
0.27031469345092773 0.01556706428527832 995128 299121
0.25980067253112793 0.015533208847045898 995429 298804
0.25501513481140137 0.015305042266845703 996988 297893
0.26551294326782227 0.015572786331176758 999200 296255
0.2669386863708496 0.01589679718017578 996349 298195
0.2664673328399658 0.015569210052490234 996570 297974
0.26337504386901855 0.016110897064208984 995163 298996
0.2653625011444092 0.016350507736206055 991826 301314
0.2633829116821289 0.016348600387573242 996379 298138
0.2639479637145996 0.015059947967529297 992334 301082
0.27013278007507324 0.01487278938293457 994878 299103
0.2747364044189453 0.016673803329467773 996638 298041
0.26604247093200684 0.015626192092895508 992167 301220
0.2628464698791504 0.016020774841308594 987576 303819
0.2558772563934326 0.01598501205444336 999983 295700
0.2682456970214844 0.015601396560668945 998974 296363
0.26557326316833496 0.015666961669921875 945458 328180
0.2628142833709717 0.015316963195800781 988896 303109
0.2600393295288086 0.015566349029541016 995394 298680
0.27445507049560547 0.015331506729125977 979857 308731
0.27024054527282715 0.014791250228881836 994674 299350
0.2606055736541748 0.014794111251831055 997749 297235
0.26555776596069336 0.01657557487487793 962073 319299
0.26272034645080566 0.015597343444824219 938954 332563
0.26006627082824707 0.015307188034057617 986150 305176
0.2691977024078369 0.015665054321289062 993876 299939
0.2560544013977051 0.015577077865600586 1001002 295384
0.2632105350494385 0.015710830688476562 997329 297849
0.2570223808288574 0.015471935272216797 997151 297943
0.2760047912597656 0.01644420623779297 999007 296617
0.26673030853271484 0.015670061111450195 995243 299206
0.25903868675231934 0.015281200408935547 990258 302680
0.25836944580078125 0.015748023986816406 946447 328222
0.2594296932220459 0.016030550003051758 944835 329328
0.25661420822143555 0.01528477668762207 992385 301747
0.2601149082183838 0.015728473663330078 996364 299081
0.26555752754211426 0.01484537124633789 989070 303863
0.2590484619140625 0.01543569564819336 991313 302466
0.26459288597106934 0.01642751693725586 992056 301986
0.2577486038208008 0.015450477600097656 990493 303008
0.2770249843597412 0.015555381774902344 993960 300818
0.26066040992736816 0.015735864639282227 995155 299941
0.26534366607666016 0.01549386978149414 993697 300979
0.2630765438079834 0.016536474227905273 987522 304729
0.2677788734436035 0.01586461067199707 994419 300417
0.26306867599487305 0.01549673080444336 993172 301279
0.26346921920776367 0.015838623046875 964845 318490
0.27048325538635254 0.01516413688659668 990785 302932
0.26398491859436035 0.01662921905517578 989279 303730
0.2675158977508545 0.016346216201782227 989172 303666
0.2657146453857422 0.0157930850982666 992507 301674
0.25634312629699707 0.015822649002075195 990941 302669
0.26842689514160156 0.01772904396057129 989383 303615
0.2656121253967285 0.015091419219970703 986804 305214
0.26550912857055664 0.015108108520507812 991806 302155
0.2694845199584961 0.01550602912902832 991630 302170
0.2562570571899414 0.016286611557006836 986968 305036
0.2710387706756592 0.015289306640625 991764 298184
0.26116347312927246 0.015275716781616211 989277 299783
0.2548189163208008 0.015590667724609375 989954 298419
0.26455020904541016 0.018845558166503906 988849 299192
0.2693910598754883 0.015458106994628906 993423 296228
0.26584386825561523 0.016034603118896484 994039 296098
0.26384544372558594 0.015625 988913 299670
0.2679252624511719 0.016355037689208984 982154 303473
0.2639915943145752 0.019342422485351562 988987 300108
0.25951290130615234 0.016006946563720703 983181 303465
0.26717448234558105 0.015744924545288086 944979 325287
0.25487756729125977 0.015766143798828125 982492 303824
0.2723677158355713 0.015974760055541992 983947 302849
0.26172375679016113 0.017843246459960938 988038 299733
0.2705509662628174 0.016073942184448242 979390 304990
0.26097774505615234 0.016324996948242188 982322 302957
0.27108120918273926 0.016631126403808594 984069 301853
0.2559068202972412 0.015751361846923828 980910 303873
0.2597641944885254 0.015750408172607422 981487 303582
0.2565000057220459 0.01547384262084961 983942 302010
0.2629528045654297 0.01599287986755371 982503 302858
0.25416088104248047 0.014825820922851562 982510 302693
0.259063720703125 0.01585841178894043 984877 301252
0.2625460624694824 0.016087770462036133 980311 304130
0.26211977005004883 0.015461444854736328 982425 302881
0.26673150062561035 0.015764951705932617 984472 301608
0.2597837448120117 0.01569509506225586 981565 302817
0.2649350166320801 0.01582503318786621 983273 302218
0.25565266609191895 0.015245676040649414 984749 301921
0.25614261627197266 0.015443801879882812 983954 301728
0.2647995948791504 0.01631307601928711 985706 301435
0.258373498916626 0.015382766723632812 986255 300569
0.26821184158325195 0.016279220581054688 986030 301067
0.2668321132659912 0.015505552291870117 986822 300603
0.2596251964569092 0.01596355438232422 987827 300133
0.2644054889678955 0.015613794326782227 986076 301149
0.2669358253479004 0.016193628311157227 987778 300135
0.2672767639160156 0.016489744186401367 980093 304742
0.26184964179992676 0.015640735626220703 985608 302167
0.2585763931274414 0.01566600799560547 984804 302504
0.26720762252807617 0.016009807586669922 945292 325835
0.2589993476867676 0.016144275665283203 982072 304269
0.2612168788909912 0.01573777198791504 984814 302565
0.2601957321166992 0.01625537872314453 988262 300331
0.2650718688964844 0.016288280487060547 983283 303835
0.27135181427001953 0.016492843627929688 984745 302869
0.2684457302093506 0.015411615371704102 987439 301109
0.2602531909942627 0.01542520523071289 985021 302532
0.27097630500793457 0.014916419982910156 985126 302474
0.26601171493530273 0.016022682189941406 987939 300591
0.26857542991638184 0.01553034782409668 984571 303058
0.25916600227355957 0.016534805297851562 983601 303524
0.284527063369751 0.020631790161132812 984793 302661
0.2677147388458252 0.015604734420776367 983396 303746
0.26380205154418945 0.01580524444580078 982893 304133
0.27485179901123047 0.01613163948059082 983676 303425
0.2769155502319336 0.01594400405883789 981138 305041
0.2761204242706299 0.01649188995361328 980964 305192
0.2628772258758545 0.016610383987426758 983948 303074
0.2684156894683838 0.016169071197509766 982779 304105
0.2599329948425293 0.01639270782470703 984049 303466
0.26720285415649414 0.015643596649169922 985576 302352
0.2657599449157715 0.016044139862060547 983065 303717
0.27114033699035645 0.01691126823425293 982849 303753
0.2591972351074219 0.016054391860961914 984809 302449
0.2653801441192627 0.015639543533325195 982891 303726
0.26892948150634766 0.017000198364257812 983699 303142
0.2684671878814697 0.015369892120361328 976960 307326
0.2636253833770752 0.01614546775817871 981250 304718
0.2612316608428955 0.01590442657470703 979491 305772
0.2621493339538574 0.015217781066894531 939985 329094
0.2766261100769043 0.015737533569335938 977043 307211
0.2650876045227051 0.015950441360473633 980616 305121
0.264514684677124 0.01614212989807129 983006 303575
0.2614326477050781 0.01575183868408203 979507 305802
0.2603738307952881 0.015411138534545898 983400 303362
0.2665069103240967 0.016339540481567383 986449 301540
0.2714076042175293 0.01575446128845215 986729 301200
0.2634103298187256 0.015932083129882812 986833 301218
0.26650166511535645 0.016411304473876953 985396 301992
0.2571990489959717 0.015612602233886719 982920 303798
0.2685973644256592 0.016336917877197266 982573 304072
0.2690856456756592 0.017548084259033203 981036 304920
0.2594289779663086 0.015185117721557617 982105 304190
0.26091623306274414 0.015856027603149414 983022 303955
0.2619779109954834 0.016262292861938477 983996 303164
0.26939821243286133 0.016327381134033203 972193 309863
0.2685115337371826 0.01634526252746582 970984 310534
0.26105260848999023 0.01573014259338379 975665 307790
0.27043843269348145 0.015570878982543945 982086 304175
0.26099562644958496 0.016025066375732422 980742 304745
0.2728390693664551 0.0162506103515625 984491 302350
0.2670772075653076 0.0157778263092041 988896 299482
0.2672865390777588 0.015970706939697266 990258 298608
0.2543487548828125 0.015582799911499023 989662 299013
0.2626044750213623 0.01602315902709961 990266 298337
0.2670447826385498 0.015710830688476562 979821 305357
0.26372742652893066 0.015931367874145508 970056 311137
0.2643001079559326 0.015357255935668945 976972 306887
0.2619898319244385 0.01581716537475586 973303 309259
0.25585484504699707 0.015953540802001953 934028 331787
0.26485586166381836 0.01671886444091797 976444 307201
0.26017284393310547 0.0158846378326416 978111 306059
0.2721736431121826 0.01703190803527832 976436 306986
0.2597780227661133 0.015198707580566406 971571 309834
0.26003360748291016 0.016819477081298828 975725 307412
0.2660403251647949 0.016071557998657227 987881 299561
0.26493287086486816 0.015672683715820312 982880 303195
0.2741522789001465 0.016116857528686523 983287 302861
0.26225972175598145 0.015418529510498047 979910 305020
0.2660708427429199 0.016204118728637695 973769 308779
0.26540470123291016 0.01615595817565918 971054 310611
0.27127695083618164 0.01658940315246582 971507 310240
0.2706334590911865 0.016480684280395508 970420 311024
0.266634464263916 0.016756296157836914 970594 311065
0.2594120502471924 0.016106605529785156 973150 309585
0.26081085205078125 0.016056299209594727 976638 307588
0.26748156547546387 0.015996694564819336 981178 304540
0.27463221549987793 0.016019582748413086 983208 303320
0.26697325706481934 0.016061782836914062 979114 305982
0.26233744621276855 0.01605081558227539 978652 306036
0.2653200626373291 0.015732288360595703 978763 306053
0.2638838291168213 0.015636205673217773 977497 306683
0.26486706733703613 0.015888452529907227 977746 306624
0.26773786544799805 0.016104698181152344 974785 308365
0.26214599609375 0.015037059783935547 975154 308212
0.26932740211486816 0.016481876373291016 971069 310579
0.2630443572998047 0.01596832275390625 960318 316937
0.2624626159667969 0.015101194381713867 975889 307941
0.2674894332885742 0.016860246658325195 970430 311019
0.267777681350708 0.0162966251373291 932429 332866
0.26137447357177734 0.01716756820678711 971307 310674
0.27117300033569336 0.01622605323791504 977779 306527
0.2642481327056885 0.015430688858032227 979113 305784
0.27108240127563477 0.017146587371826172 973852 309028
0.261199951171875 0.016920804977416992 980690 304751
0.2631049156188965 0.016498565673828125 976684 307213
0.276439905166626 0.017393827438354492 974572 308541
0.26745128631591797 0.015616655349731445 979774 304614
0.2643568515777588 0.01609492301940918 974517 307822
0.26241135597229004 0.016474246978759766 931199 333233
0.2664763927459717 0.01648879051208496 973652 308379
0.26615452766418457 0.0158846378326416 979598 304777
0.2705414295196533 0.016190052032470703 977349 306088
0.27066779136657715 0.015909194946289062 973422 308552
0.2636706829071045 0.015298128128051758 979291 304908
0.26227235794067383 0.017264842987060547 986110 300099
0.26988935470581055 0.016057729721069336 984530 301449
0.26782822608947754 0.016616106033325195 987682 299335
0.26473331451416016 0.01604008674621582 982813 302803
0.26605796813964844 0.015492439270019531 983189 302360
0.25692319869995117 0.015257835388183594 981517 303602
0.26002025604248047 0.01577162742614746 982690 303033
0.26140856742858887 0.015581607818603516 985158 301487
0.25640034675598145 0.015393972396850586 986198 300220
0.25945138931274414 0.016030073165893555 979104 304703
0.26498961448669434 0.016600370407104492 967756 311706
0.26163625717163086 0.01571512222290039 968398 311269
0.26927638053894043 0.016153812408447266 977143 305923
0.25600218772888184 0.01576519012451172 977327 305981
0.26045751571655273 0.01589202880859375 981204 303550
0.26435303688049316 0.015729188919067383 978821 305076
0.2584340572357178 0.016084671020507812 973562 308322
0.2704620361328125 0.017406225204467773 972975 308754
0.2625727653503418 0.015457630157470703 973681 308160
0.25776147842407227 0.015724658966064453 974076 307993
0.2568552494049072 0.015444517135620117 970846 309830
0.2603416442871094 0.01582622528076172 969767 310578
0.27735161781311035 0.01671576499938965 973192 308582
0.2574169635772705 0.015357494354248047 969647 310822
0.2659881114959717 0.016093015670776367 977401 305836
0.26165032386779785 0.01555776596069336 974629 307694
0.25770044326782227 0.015722036361694336 976903 306331
0.27294135093688965 0.016663551330566406 977319 305798
0.2622213363647461 0.014882564544677734 976505 306399
0.26051831245422363 0.015167236328125 976203 306621
0.260758638381958 0.01615595817565918 961986 315259
0.2619965076446533 0.01675105094909668 974978 307412
0.27829837799072266 0.01587700843811035 970929 309971
0.26030564308166504 0.015975236892700195 929434 333938
0.2638256549835205 0.01570606231689453 973898 308054
0.26581907272338867 0.0159914493560791 975443 306990
0.2647247314453125 0.015562772750854492 975543 306956
0.2716531753540039 0.018619537353515625 968920 310989
0.2658350467681885 0.015842437744140625 973594 308136
0.25932765007019043 0.015352249145507812 987840 299391
0.268890380859375 0.016556739807128906 987667 299437
0.26100611686706543 0.015828371047973633 987941 299276
0.2695286273956299 0.016146183013916016 986176 300377
0.26480770111083984 0.014765262603759766 979972 304447
0.2596409320831299 0.015619039535522461 982137 302900
0.26314449310302734 0.016102313995361328 974089 307969
0.26621031761169434 0.015506744384765625 976021 306987
0.26764726638793945 0.0156404972076416 979621 304914
0.2616305351257324 0.016156911849975586 976523 306470
0.2624979019165039 0.015643596649169922 976809 306404
0.2586064338684082 0.015766382217407227 981853 303447
0.2577550411224365 0.015314579010009766 985982 300723
0.26490092277526855 0.015361785888671875 977945 305729
0.2644011974334717 0.016017913818359375 982592 302950
0.2638692855834961 0.015043973922729492 978162 305562
0.26518964767456055 0.016157865524291992 978268 305669
0.25964927673339844 0.01584768295288086 975442 307289
0.27874231338500977 0.01556396484375 979888 304554
0.258791446685791 0.015744924545288086 1018245 284778
0.2589077949523926 0.015609502792358398 1029098 277530
0.2559473514556885 0.015072345733642578 1030683 276457
0.26078271865844727 0.016297578811645508 1032211 275223
0.2613537311553955 0.015257596969604492 1031838 275534
0.26320791244506836 0.016124248504638672 1032012 275497
0.2653999328613281 0.015993356704711914 1032639 274907
0.26358890533447266 0.01578497886657715 1027986 278055
0.26387763023376465 0.01693582534790039 1033848 274305
0.2648930549621582 0.016242027282714844 1032237 275277
0.25905919075012207 0.015280485153198242 1026525 279203
0.26682209968566895 0.015370368957519531 1032894 274935
0.2539939880371094 0.015011310577392578 1032044 275723
0.2616093158721924 0.01624464988708496 1031394 275874
0.2654910087585449 0.015799283981323242 1033006 274967
0.25738978385925293 0.015377283096313477 1033523 274637
0.2666141986846924 0.01569533348083496 1035275 273511
0.26189279556274414 0.015311241149902344 1028246 277880
0.27494215965270996 0.01764822006225586 1007717 291667
0.2612605094909668 0.016083955764770508 1033198 274953
0.25575709342956543 0.015035152435302734 1033729 274548
0.27141666412353516 0.016203880310058594 1033935 274275
0.25496768951416016 0.014743566513061523 1035569 273340
0.263824462890625 0.016191482543945312 1033281 274575
0.27370643615722656 0.016246318817138672 1041563 269403
0.26251864433288574 0.015252351760864258 1035083 273556
0.2604241371154785 0.01555776596069336 1040175 270315
0.25701451301574707 0.015158653259277344 1036603 272610
0.2687263488769531 0.016000986099243164 990628 301565
0.2727992534637451 0.017381906509399414 1034779 273942
0.2694714069366455 0.016415119171142578 1033176 274865
0.26061439514160156 0.015246868133544922 1037271 271969
0.2590961456298828 0.015527963638305664 1038666 270990
0.26347804069519043 0.01577305793762207 1041787 268935
0.2617208957672119 0.016056537628173828 1041405 269256
0.26294589042663574 0.015981674194335938 1043402 268257
0.26488184928894043 0.015612125396728516 1042387 268822
0.27108001708984375 0.016024112701416016 1041352 269412
0.26995158195495605 0.015586614608764648 1031682 275687
0.2567322254180908 0.01591324806213379 1042254 268817
0.27114081382751465 0.01606273651123047 1036232 272821
0.2735738754272461 0.01543426513671875 1040387 269886
0.25533318519592285 0.015865564346313477 1041062 269785
0.26035547256469727 0.015345573425292969 1041756 269201
0.25543785095214844 0.015221834182739258 1039814 270425
0.2649102210998535 0.016278743743896484 1043637 267867
0.26749753952026367 0.016402006149291992 1041677 269349
0.2575798034667969 0.016123533248901367 1044236 267748
0.279188871383667 0.01630854606628418 1019792 283918
0.26241159439086914 0.015866756439208984 1042787 268585
0.2595031261444092 0.015689373016357422 1042391 269007
0.25925111770629883 0.015283584594726562 1042002 269170
0.25802183151245117 0.01528310775756836 1042260 268877
0.26546239852905273 0.0157928466796875 1041586 269472
0.25863194465637207 0.01583099365234375 1042611 268602
0.2581143379211426 0.0163576602935791 1032814 275227
0.2664651870727539 0.016460418701171875 1043195 268354
0.2615342140197754 0.01645040512084961 1046121 266670
0.26694726943969727 0.016041994094848633 995286 298815
0.2600862979888916 0.016040325164794922 1039485 270863
0.2672841548919678 0.01691269874572754 1030193 277104
0.2647676467895508 0.01573038101196289 1030354 276686
0.2655308246612549 0.016643524169921875 1042286 268899
0.26606035232543945 0.016187667846679688 1043750 268164
0.26374125480651855 0.015580415725708008 1030476 276673
0.26283907890319824 0.015436887741088867 1047153 266368
0.2637636661529541 0.016893625259399414 1043376 268390
0.260265588760376 0.015474796295166016 1043603 268370
0.26922130584716797 0.015578269958496094 1044574 268075
0.2550349235534668 0.015456914901733398 1037531 271976
0.25696659088134766 0.01635122299194336 1031234 276522
0.2589120864868164 0.015982866287231445 1040018 270570
0.2564961910247803 0.015176057815551758 1043170 268873
0.26773786544799805 0.016536951065063477 1040614 270336
0.26694393157958984 0.015847444534301758 1042419 269405
0.2626919746398926 0.015552520751953125 1038942 271186
0.26153993606567383 0.015602827072143555 1043956 268720
0.2656588554382324 0.016240835189819336 1043423 268878
0.27764248847961426 0.01534414291381836 1018608 284593
0.2614278793334961 0.015230894088745117 1037298 272440
0.2557497024536133 0.015531301498413086 1040947 270457
0.2617065906524658 0.01623058319091797 1040421 270682
0.26634955406188965 0.01616644859313965 1037844 272446
0.2672402858734131 0.015317440032958984 1038266 272133
0.26129651069641113 0.01530003547668457 1034716 274170
0.25977468490600586 0.015675067901611328 1022850 281578
0.26149582862854004 0.015834808349609375 1038732 272212
0.25940704345703125 0.015308380126953125 1036283 273386
0.2646963596343994 0.016218185424804688 974285 311204
0.2591707706451416 0.016225337982177734 1025976 279488
0.26261138916015625 0.015559196472167969 1013404 287912
0.26546216011047363 0.016544103622436523 1013056 288106
0.2667825222015381 0.015436649322509766 1022158 281938
0.27394771575927734 0.0157926082611084 1025371 279617
0.27196764945983887 0.016513824462890625 1018141 284337
0.27108144760131836 0.015894174575805664 1029927 276962
0.26146697998046875 0.01616382598876953 1025854 279414
0.2575089931488037 0.015275716781616211 1024180 280478
0.26927614212036133 0.015695810317993164 1019742 283105
0.2644832134246826 0.01692032814025879 1020882 282410
0.26024889945983887 0.01567697525024414 999700 296404
0.2631864547729492 0.01602649688720703 1018532 283945
0.27046966552734375 0.015603065490722656 1018943 283951
0.2714850902557373 0.016670942306518555 1019489 283410
0.25475454330444336 0.015376806259155273 1019190 283795
0.26374268531799316 0.015056371688842773 1019798 283150
0.2560262680053711 0.015505552291870117 1021185 282405
0.2581791877746582 0.015860319137573242 1019860 283245
0.2627410888671875 0.01623988151550293 1000918 295483
0.2602994441986084 0.015586614608764648 1020368 282906
0.2571980953216553 0.014770746231079102 1028740 277822
0.25592708587646484 0.015119791030883789 1026500 279123
0.266643762588501 0.01644444465637207 1026848 278974
0.2672138214111328 0.017006874084472656 1030091 277104
0.2690856456756592 0.016078948974609375 1024576 280022
0.2666192054748535 0.016281843185424805 1010340 289449
0.26166868209838867 0.01651620864868164 1021115 282365
0.2726140022277832 0.016404151916503906 1020056 283015
0.269728422164917 0.016193628311157227 965366 316446
0.2590920925140381 0.015741825103759766 1020820 282620
0.259108304977417 0.016090869903564453 1004214 293530
0.2621760368347168 0.0158231258392334 1012602 287792
0.2635061740875244 0.0172271728515625 1020496 282727
0.26909637451171875 0.016188859939575195 1020179 282758
0.2574896812438965 0.015164375305175781 1017451 284738
0.25836801528930664 0.016466379165649414 1029009 277360
0.26548218727111816 0.01618647575378418 1028875 277472
0.2586863040924072 0.01466822624206543 1032518 275443
0.2587239742279053 0.015875577926635742 1033137 275297
0.25925683975219727 0.015560626983642578 1031201 276105
0.26474428176879883 0.016602277755737305 1011560 288438
0.2600138187408447 0.01593780517578125 1033330 274944
0.25458693504333496 0.015569925308227539 1033679 274734
0.2650413513183594 0.015784740447998047 1032574 275359
0.2663602828979492 0.01646876335144043 1033112 274976
0.27855467796325684 0.016202688217163086 1033502 274839
0.26828670501708984 0.016222715377807617 1030914 276242
0.26274585723876953 0.016054630279541016 1032334 275445
0.27976226806640625 0.015906095504760742 1010310 289632
0.26372313499450684 0.014933586120605469 1029151 277077
0.26895785331726074 0.01701188087463379 1033856 274514
0.26493382453918457 0.016483783721923828 1030236 276598
0.2650876045227051 0.016522645950317383 1031437 275985
0.27120447158813477 0.015432357788085938 1031453 275985
0.26108741760253906 0.016547203063964844 1028339 277743
0.2612297534942627 0.015756607055664062 1020017 283081
0.2724123001098633 0.015491247177124023 1030360 276740
0.26521897315979004 0.015443801879882812 1029349 277212
0.26967644691467285 0.016403913497924805 974279 311450
0.2553987503051758 0.015416145324707031 1023846 280479
0.2684948444366455 0.01581859588623047 1005528 292705
0.25856447219848633 0.015539884567260742 1014005 286723
0.2615694999694824 0.014503955841064453 1027954 277965
0.26872754096984863 0.016500473022460938 1028767 277406
0.2622194290161133 0.015671730041503906 1022798 280970
0.27463269233703613 0.016191482543945312 1032811 275347
0.263477087020874 0.01581740379333496 1032564 275309
0.25972962379455566 0.01586627960205078 1032289 275502
0.2695918083190918 0.016567707061767578 1031440 276115
0.25635623931884766 0.01620173454284668 1028591 277599
0.26161623001098633 0.015103578567504883 1006904 291930
0.260697603225708 0.015960216522216797 1031360 276184
0.26030588150024414 0.015845060348510742 1029218 277286
0.2588474750518799 0.016345739364624023 1029234 277267
0.2591269016265869 0.015252351760864258 1029434 277267
0.2755136489868164 0.016820669174194336 1031533 276012
0.25798606872558594 0.016030073165893555 1028464 277767
0.25966835021972656 0.01540684700012207 1028264 277965
0.2681150436401367 0.015749216079711914 1002160 294829
0.2662355899810791 0.015408992767333984 1029556 277374
0.2752542495727539 0.01623058319091797 1031095 276275
0.2563040256500244 0.01529383659362793 1030336 276739
0.2651548385620117 0.016408681869506836 1028955 277449
0.2600128650665283 0.01584458351135254 1030852 276451
0.2585866451263428 0.016164064407348633 1027750 278008
0.26648426055908203 0.016063928604125977 1016533 285356
0.2743189334869385 0.01564764976501465 1028467 277865
0.25949859619140625 0.015579938888549805 1027350 278309
0.2625148296356201 0.015577316284179688 981432 307347
0.2587244510650635 0.01594829559326172 1026420 278906
0.26871538162231445 0.016749858856201172 998121 297206
0.26349830627441406 0.015372753143310547 1025413 279544
0.25504374504089355 0.015410661697387695 1027950 278068
0.2583150863647461 0.01601409912109375 1030221 276810
0.2709944248199463 0.015338897705078125 1020313 282873
0.270519495010376 0.01588892936706543 1031695 276013
0.26056694984436035 0.016161203384399414 1032408 275422
0.260265588760376 0.015597820281982422 1032162 275618
0.2608969211578369 0.015652894973754883 1034433 274460
0.2659139633178711 0.01446676254272461 1029611 277095
0.27886056900024414 0.016599655151367188 1009510 290301
0.2630441188812256 0.016876220703125 1031748 275806
0.2648179531097412 0.015306472778320312 1032066 275465
0.2595958709716797 0.015507936477661133 1034061 274568
0.2735457420349121 0.015706777572631836 1034668 274055
0.2588505744934082 0.015570402145385742 1034729 274081
0.2574162483215332 0.01605820655822754 1028676 277403
0.26444125175476074 0.015361309051513672 1028347 277657
0.2678806781768799 0.01644301414489746 1012792 287996
0.26720666885375977 0.016291141510009766 1024733 279925
0.26537609100341797 0.015185832977294922 1045240 267305
0.27173447608947754 0.0159912109375 1043503 268371
0.26891350746154785 0.01542520523071289 1046062 266783
0.26544642448425293 0.015434503555297852 1048690 265284
0.27132534980773926 0.016352415084838867 1049220 265029
0.26741838455200195 0.015345573425292969 1045563 267165
0.25942015647888184 0.015437602996826172 1051221 263896
0.2708866596221924 0.01577305793762207 1043689 268436
0.2701883316040039 0.016434192657470703 1042027 269248
0.26067447662353516 0.014831781387329102 1046954 266221
0.2624044418334961 0.015273332595825195 1038525 271774
0.2591361999511719 0.015314340591430664 1042613 268793
0.26534199714660645 0.015555620193481445 1045072 267420
0.25731611251831055 0.01575779914855957 1045539 267181
0.26214098930358887 0.015529870986938477 1051139 263850
0.26830172538757324 0.015567302703857422 1049911 264573
0.26026201248168945 0.01574230194091797 1048559 265274
0.2711920738220215 0.015848159790039062 1050392 264369
0.257371187210083 0.01625347137451172 1050007 264601
0.25554680824279785 0.015327930450439453 1042845 268718
0.25878167152404785 0.017286300659179688 1041583 269479
0.26346254348754883 0.015416145324707031 1039725 270856
0.2653639316558838 0.015621423721313477 1039841 270581
0.2610352039337158 0.015497684478759766 1037633 272200
0.25781869888305664 0.015815258026123047 1041439 269774
0.2652730941772461 0.015190839767456055 1041526 269736
0.2689504623413086 0.015709400177001953 1038025 272155
0.27481842041015625 0.015563488006591797 1046206 266705
0.25598859786987305 0.015497922897338867 1047594 265867
0.26623082160949707 0.01587677001953125 1043046 268751
0.25821614265441895 0.015450000762939453 1042962 268817
0.25542497634887695 0.015487909317016602 1044444 267681
0.2693061828613281 0.015683412551879883 1041121 269975
0.26805996894836426 0.015964508056640625 1040453 270347
0.2616720199584961 0.015269041061401367 1037695 272198
0.25746893882751465 0.01601862907409668 1038871 271421
0.262831449508667 0.01695108413696289 1036758 272756
0.27350783348083496 0.01639080047607422 1040462 270193
0.2745018005371094 0.015577316284179688 1045924 267021
0.2582814693450928 0.014910697937011719 1038011 271942
0.26381945610046387 0.016234159469604492 1039108 271120
0.258556604385376 0.015746355056762695 1039699 270743
0.26134443283081055 0.014756917953491211 1041059 269835
0.2758641242980957 0.0157012939453125 1038367 271727
0.2719864845275879 0.016749143600463867 1040107 270542
0.2614140510559082 0.016673564910888672 1039507 270953
0.26333165168762207 0.015439748764038086 1036297 273053
0.26981639862060547 0.016522884368896484 1042670 268836
0.2585453987121582 0.016998291015625 1048480 265669
0.26206302642822266 0.015698909759521484 1044348 267895
0.25965356826782227 0.015436172485351562 1045203 267804
0.2593398094177246 0.01578521728515625 1045757 267343
0.26857781410217285 0.01446676254272461 1041737 269628
0.25947117805480957 0.015460491180419922 1044057 268504
0.26836490631103516 0.01589035987854004 1039742 270978
0.2620890140533447 0.01589512825012207 1038992 271493
0.2613496780395508 0.016449689865112305 1039745 270892
0.2706782817840576 0.015663623809814453 1039970 270820
0.26326799392700195 0.01610875129699707 1042713 269013
0.25867366790771484 0.015227794647216797 1044094 268311
0.25710177421569824 0.015630245208740234 1042309 269143
0.26473331451416016 0.01667952537536621 1042755 268851
0.27370262145996094 0.01667642593383789 1042238 269028
0.2722134590148926 0.01598381996154785 1046495 266910
0.27123188972473145 0.015315532684326172 1046880 266661
0.2566556930541992 0.01619696617126465 1046990 266713
0.25600647926330566 0.016683101654052734 1047280 266450
0.26108622550964355 0.015085697174072266 1048557 265628
0.2587301731109619 0.015499114990234375 1046575 267039
0.2638559341430664 0.015653133392333984 1047314 266578
0.2568531036376953 0.015804767608642578 1044408 268254
0.26413774490356445 0.01561427116394043 1043650 268645
0.2669949531555176 0.015602350234985352 1035486 273764
0.25771188735961914 0.01539301872253418 1054167 262543
0.26345348358154297 0.015973329544067383 1050943 264451
0.25768423080444336 0.015536308288574219 1050298 264907
0.2692568302154541 0.01556849479675293 1049946 265195
0.25833916664123535 0.015388250350952148 1055827 261454
0.2544980049133301 0.01517176628112793 1053849 262872
0.27225470542907715 0.01582169532775879 1056468 261019
0.26344943046569824 0.014970779418945312 1054728 262206
0.2601907253265381 0.014888286590576172 1055119 261782
0.26343512535095215 0.016845226287841797 1025568 280431
0.26520514488220215 0.01544046401977539 1019704 284433
0.2659177780151367 0.016936779022216797 1049321 266165
0.25747227668762207 0.014755964279174805 1065047 255854
0.25832080841064453 0.015454530715942383 1039048 272473
0.2558786869049072 0.015272378921508789 1053861 263103
0.2666354179382324 0.01582932472229004 1032797 276018
0.2704615592956543 0.01526021957397461 1034922 274645
0.26448750495910645 0.015708446502685547 1039884 271769
0.2571237087249756 0.015290975570678711 1049274 266380
0.2686741352081299 0.015713214874267578 1048267 266915
0.26742076873779297 0.01641082763671875 1043290 269645
0.2791624069213867 0.016263484954833984 1053858 263265
0.26401185989379883 0.015918970108032227 1051074 264930
0.2675814628601074 0.015372991561889648 1020780 283693
0.2567272186279297 0.014959573745727539 1058892 259560
0.2635815143585205 0.016058683395385742 1050588 265191
0.2725558280944824 0.016266822814941406 1044694 268652
0.25948143005371094 0.014706611633300781 1061464 258068
0.2638976573944092 0.016250133514404297 1063285 256858
0.2611417770385742 0.015664100646972656 1029360 277767
0.2586832046508789 0.01587224006652832 1063042 257029
0.26555657386779785 0.015853404998779297 1063566 256574
0.26111769676208496 0.015801191329956055 1065395 255500
0.27553439140319824 0.01611495018005371 1062244 257319
0.2652912139892578 0.015985488891601562 1067375 254119
0.2568545341491699 0.01568770408630371 1065874 255084
0.26178646087646484 0.015686750411987305 1066993 254470
0.2621750831604004 0.015130758285522461 1061213 258065
0.265247106552124 0.014650821685791016 1066058 254895
0.26184892654418945 0.015321731567382812 1072736 250722
0.2559387683868408 0.015363454818725586 1067443 253919
0.25568079948425293 0.01741480827331543 1065025 255666
0.25955677032470703 0.015453577041625977 1064524 256139
0.25939178466796875 0.01592731475830078 1060821 258448
0.25481390953063965 0.01570916175842285 1063009 256965
0.2545466423034668 0.015720367431640625 1064040 256389
0.26934218406677246 0.01576066017150879 1061406 258139
0.2605412006378174 0.015199661254882812 1062567 257301
0.2649686336517334 0.015058755874633789 1065213 255707
0.25549936294555664 0.01528167724609375 1064936 255573
0.25652527809143066 0.015393733978271484 1058841 259600
0.257859468460083 0.014483928680419922 1065580 255132
0.26481103897094727 0.01580524444580078 1066940 254068
0.2763669490814209 0.01669621467590332 1034178 274876
0.26368165016174316 0.015437841415405273 1062630 257353
0.2544858455657959 0.015911340713500977 1052738 263349
0.2535064220428467 0.015616416931152344 1051165 264331
0.2549142837524414 0.016133546829223633 1063957 256537
0.26207518577575684 0.014806747436523438 1064403 256035
0.26654577255249023 0.016957759857177734 1037449 272589
0.26080894470214844 0.015061616897583008 1065825 254990
0.2565298080444336 0.01566481590270996 1062783 257029
0.26139187812805176 0.01643204689025879 1068366 253516
0.2650635242462158 0.015579700469970703 1064916 255919
0.2562675476074219 0.015705108642578125 1064519 255988
0.2657144069671631 0.01566767692565918 1064859 255622
0.2521646022796631 0.015479087829589844 1064936 255553
0.2626311779022217 0.018386125564575195 1068667 253153
0.25970959663391113 0.015651941299438477 1069678 252349
0.25427985191345215 0.015659332275390625 1064672 255594
0.26128578186035156 0.015218734741210938 1069737 252317
0.2646152973175049 0.015726804733276367 1066874 254134
0.2623937129974365 0.015583992004394531 1069785 252043
0.257159948348999 0.016012907028198242 1064484 255769
0.2585158348083496 0.015946149826049805 1063905 256155
0.2647385597229004 0.015845060348510742 1064272 255969
0.266984224319458 0.015835285186767578 1062869 256934
0.26470184326171875 0.015259027481079102 1068668 253310
0.2558307647705078 0.015686750411987305 1068716 253052
0.2519679069519043 0.014522075653076172 1068299 253645
0.261688232421875 0.01533055305480957 1059216 259446
0.25754666328430176 0.017388343811035156 1068899 253240
0.26692938804626465 0.015882492065429688 1069497 252869
0.269672155380249 0.01671743392944336 1033983 274845
0.25172877311706543 0.01555180549621582 1064861 255565
0.2697157859802246 0.016407012939453125 1062293 257466
0.2662358283996582 0.015664339065551758 1059020 259295
0.25583744049072266 0.015481233596801758 1069651 252512
0.259244441986084 0.016215085983276367 1071948 251196
0.2662956714630127 0.015433073043823242 1054082 262287
0.2657613754272461 0.015101909637451172 1074848 249060
0.26273655891418457 0.01648879051208496 1069770 252353
0.2601282596588135 0.016629934310913086 1070554 251807
0.2699258327484131 0.016246318817138672 1067821 253658
0.25692057609558105 0.01569986343383789 1060545 258367
0.2680809497833252 0.016338586807250977 1060490 258433
0.2589738368988037 0.014951944351196289 1059800 259166
0.25697851181030273 0.015208959579467773 1058836 259703
0.25648045539855957 0.0146636962890625 1060299 258684
0.2575201988220215 0.014572620391845703 1058519 259858
0.26012349128723145 0.015807390213012695 1061265 257901
0.2607238292694092 0.015268564224243164 1057496 260459
0.2643446922302246 0.016039133071899414 1055938 261465
0.2684199810028076 0.015726804733276367 1054712 262033
0.2563040256500244 0.01505279541015625 1053485 262881
0.26317906379699707 0.018226146697998047 1062788 256908
0.2676734924316406 0.01597285270690918 1061452 257706
0.25469231605529785 0.015694141387939453 1062858 256885
0.25371670722961426 0.01600956916809082 1057398 260619
0.2542917728424072 0.014496803283691406 1054578 262271
0.2647271156311035 0.016045570373535156 1057541 260397
0.2582113742828369 0.015882015228271484 1058558 259827
0.26137208938598633 0.01593470573425293 1056890 260856
0.25914597511291504 0.015344858169555664 1057135 260579
0.25740838050842285 0.015201807022094727 1051480 264098
0.26257896423339844 0.016046524047851562 1055783 261339
0.2587926387786865 0.0151519775390625 1053433 262766
0.25740909576416016 0.014635562896728516 1059454 259114
0.25740814208984375 0.015863895416259766 1056198 261142
0.2533087730407715 0.015644073486328125 1058614 259762
0.2640507221221924 0.016236305236816406 1052045 263459
0.2603428363800049 0.01604771614074707 1057778 260380
0.2613840103149414 0.015492677688598633 1058371 259939
