0.4640388488769531 0.14065122604370117 67726 0
0.4611177444458008 0.15879225730895996 67321 0
0.45984315872192383 0.15125274658203125 70011 0
0.48627591133117676 0.1304152011871338 68359 0
0.45723438262939453 0.16881895065307617 70410 0
0.4575958251953125 0.18871593475341797 73332 0
0.48531675338745117 0.15157747268676758 72694 0
0.48621201515197754 0.15432286262512207 71565 0
0.4818096160888672 0.1350727081298828 70955 0
0.4728851318359375 0.13472843170166016 71832 0
0.4678611755371094 0.1533195972442627 68636 0
0.4628477096557617 0.15402436256408691 67015 0
0.4740264415740967 0.2061784267425537 70952 0
0.49947381019592285 0.18332123756408691 68441 0
0.45511507987976074 0.13446426391601562 57347 0
0.46906280517578125 0.1823580265045166 68774 0
0.46930956840515137 0.20269370079040527 66502 0
0.4664008617401123 0.21172070503234863 64901 0
0.4685490131378174 0.1465601921081543 62155 0
0.4763672351837158 0.1431276798248291 66858 0
0.4779355525970459 0.14681744575500488 67004 0
0.4538280963897705 0.156172513961792 64873 0
0.465728759765625 0.19265246391296387 67741 0
0.47658705711364746 0.16602325439453125 70491 0
0.46381473541259766 0.1571047306060791 70870 0
0.46335649490356445 0.14045381546020508 69528 0
0.43093395233154297 0.13536667823791504 63725 0
0.4753689765930176 0.1250312328338623 68627 0
0.47589969635009766 0.21424031257629395 69314 0
0.4761989116668701 0.16550230979919434 65581 0
0.4813394546508789 0.14511752128601074 68564 0
0.44744873046875 0.14324593544006348 70246 0
0.4828829765319824 0.13795137405395508 67828 0
0.5201733112335205 0.22884583473205566 68150 0
0.47334718704223633 0.14519190788269043 64799 0
0.4863302707672119 0.18728089332580566 71488 0
0.465207576751709 0.1539134979248047 75196 0
0.46645259857177734 0.21182942390441895 72473 0
0.4907715320587158 0.13445377349853516 74447 0
0.4733877182006836 0.14214181900024414 70125 0
0.4623904228210449 0.1885058879852295 65356 0
0.46117234230041504 0.20859599113464355 66739 0
0.48300981521606445 0.21307158470153809 72014 0
0.4682304859161377 0.1589357852935791 70924 0
0.47934484481811523 0.14109182357788086 61877 0
0.4555389881134033 0.14049768447875977 70281 0
0.46889472007751465 0.12784957885742188 72126 0
0.4860062599182129 0.1333467960357666 70237 0
0.4683527946472168 0.19733762741088867 71719 0
0.48205995559692383 0.18050432205200195 70911 0
0.46851587295532227 0.20336174964904785 70804 0
0.4736177921295166 0.14819669723510742 72044 0
0.45868825912475586 0.15985345840454102 71566 0
0.4604659080505371 0.1427474021911621 71977 0
0.45095038414001465 0.14558911323547363 72738 0
0.46611928939819336 0.1712033748626709 72334 0
0.4608612060546875 0.20279145240783691 72154 0
0.4986255168914795 0.17652153968811035 73347 0
0.4742145538330078 0.17999887466430664 72981 0
0.4832320213317871 0.18217015266418457 72352 0
0.4708223342895508 0.1491086483001709 70727 0
0.47615575790405273 0.20132827758789062 71569 0
0.455258846282959 0.1890864372253418 70997 0
0.4694538116455078 0.13760948181152344 69918 0
0.46193814277648926 0.13633298873901367 68118 0
0.4551677703857422 0.20446157455444336 70059 0
0.46704936027526855 0.21371150016784668 70611 0
0.471179723739624 0.14458346366882324 71190 0
0.49507975578308105 0.1467914581298828 70375 0
0.4685690402984619 0.20402002334594727 69821 0
0.46860575675964355 0.14042949676513672 68522 0
0.4704434871673584 0.16384625434875488 66813 0
0.48106980323791504 0.14119267463684082 70278 0
0.47148895263671875 0.14764666557312012 68587 0
0.48145484924316406 0.1426236629486084 57524 0
0.4904136657714844 0.1434321403503418 69571 0
0.4736325740814209 0.17567110061645508 68357 0
0.4710555076599121 0.13051390647888184 65853 0
0.4480881690979004 0.15298986434936523 67788 0
0.4959144592285156 0.17669129371643066 66920 0
0.4823143482208252 0.15245485305786133 69439 0
0.42342352867126465 0.13930368423461914 70156 0
0.46192336082458496 0.13254976272583008 68343 0
0.4758462905883789 0.12853527069091797 68488 0
0.45941853523254395 0.15065908432006836 70799 0
0.4806492328643799 0.16989564895629883 70330 0
0.45785021781921387 0.1338024139404297 66758 0
0.4719846248626709 0.12917613983154297 70481 0
0.45996665954589844 0.16115856170654297 69767 0
0.4616849422454834 0.1521623134613037 71837 0
0.48332953453063965 0.2238905429840088 70334 0
0.49187612533569336 0.1858537197113037 70026 0
0.45458078384399414 0.13533425331115723 69542 0
0.47262120246887207 0.12615227699279785 67542 0
0.45255041122436523 0.1773378849029541 70079 0
0.48978543281555176 0.21117067337036133 70393 0
0.47640156745910645 0.20593810081481934 57700 0
0.4833962917327881 0.1483168601989746 70179 0
0.4241938591003418 0.16794323921203613 71128 0
0.4506227970123291 0.21799039840698242 66751 0
0.47134852409362793 0.12350845336914062 68736 0
0.47531700134277344 0.14238214492797852 68818 0
0.4379732608795166 0.16332721710205078 70083 0
0.4830012321472168 0.1324312686920166 73197 0
0.47184014320373535 0.1441025733947754 72356 0
0.4877464771270752 0.1679832935333252 71348 0
0.4820067882537842 0.13669395446777344 72301 0
0.46886420249938965 0.1615920066833496 73697 0
0.46225762367248535 0.21019911766052246 73218 0
0.4719963073730469 0.14767980575561523 72593 0
0.47217798233032227 0.1780414581298828 71999 0
0.45987653732299805 0.17361688613891602 71134 0
0.46053314208984375 0.17380571365356445 71978 0
0.48050904273986816 0.1334996223449707 72492 0
0.4647841453552246 0.21612238883972168 69581 0
0.4973297119140625 0.16367745399475098 72256 0
0.46759700775146484 0.20714807510375977 63825 0
0.4698503017425537 0.20714330673217773 72194 0
0.47115302085876465 0.13485193252563477 72001 0
0.4795823097229004 0.2102034091949463 72204 0
0.47191357612609863 0.15090179443359375 69498 0
0.4746730327606201 0.1267411708831787 70995 0
0.46950864791870117 0.14357495307922363 70882 0
0.4662742614746094 0.13855957984924316 67749 0
0.4560551643371582 0.1381361484527588 70069 0
0.46717071533203125 0.20414519309997559 71525 0
0.4816453456878662 0.16968750953674316 58399 0
0.4703097343444824 0.18054533004760742 68455 0
0.4834280014038086 0.195115327835083 60860 0
0.46930360794067383 0.13652276992797852 63376 0
0.4939913749694824 0.16449451446533203 66276 0
0.4697895050048828 0.19471120834350586 65920 0
0.4908633232116699 0.15978097915649414 63697 0
0.45615100860595703 0.156280517578125 67911 0
0.47962522506713867 0.17055487632751465 68770 0
0.47911810874938965 0.1319108009338379 70119 0
0.47333621978759766 0.14661359786987305 70001 0
0.4640357494354248 0.15679526329040527 70532 0
0.4974958896636963 0.13925766944885254 68714 0
0.4691908359527588 0.15047073364257812 69629 0
0.47185349464416504 0.190185546875 71581 0
0.4835844039916992 0.19883370399475098 71878 0
0.4845752716064453 0.20364952087402344 70382 0
0.4688746929168701 0.14858007431030273 71320 0
0.48413729667663574 0.18340229988098145 69689 0
0.4670872688293457 0.13318347930908203 73966 0
0.47086310386657715 0.1461021900177002 72051 0
0.4674832820892334 0.12801837921142578 70457 0
0.4681873321533203 0.17069363594055176 67793 0
0.46624159812927246 0.20094990730285645 67391 0
0.46569323539733887 0.21478819847106934 72843 0
0.48393845558166504 0.13947153091430664 76619 0
0.49137139320373535 0.17332839965820312 75655 0
0.4681706428527832 0.13456416130065918 73787 0
0.477374792098999 0.13633370399475098 74520 0
0.45255231857299805 0.20929408073425293 72280 0
0.46076083183288574 0.13296222686767578 59677 0
0.4638175964355469 0.18384099006652832 68831 0
0.47020673751831055 0.15044951438903809 70701 0
0.4812500476837158 0.1578831672668457 64547 0
0.5130364894866943 0.15982890129089355 63904 0
0.4790530204772949 0.13568758964538574 64464 0
0.4437553882598877 0.13396215438842773 63595 0
0.47843122482299805 0.17977118492126465 65184 0
0.4772052764892578 0.16202712059020996 69141 0
0.4634981155395508 0.14630389213562012 66543 0
0.45514631271362305 0.18245244026184082 66609 0
0.48072385787963867 0.1640331745147705 70776 0
0.4766719341278076 0.13465380668640137 68434 0
0.4579014778137207 0.14156770706176758 73943 0
0.47633862495422363 0.12562990188598633 68313 0
0.47394704818725586 0.12622594833374023 71995 0
0.46800684928894043 0.18702936172485352 71599 0
0.4497954845428467 0.1752614974975586 73359 0
0.47957801818847656 0.14078688621520996 72048 0
0.5294902324676514 0.12377715110778809 72864 0
0.4704289436340332 0.1419055461883545 68056 0
0.4766509532928467 0.14979982376098633 72982 0
0.4947240352630615 0.2078714370727539 74203 0
0.47595763206481934 0.20890450477600098 73990 0
0.4945676326751709 0.14432191848754883 72098 0
0.5072977542877197 0.12510371208190918 71129 0
0.45809173583984375 0.19352388381958008 71578 0
0.491666316986084 0.16513872146606445 69070 0
0.44098782539367676 0.16588091850280762 71607 0
0.43627405166625977 0.13769245147705078 71453 0
0.46744418144226074 0.12697792053222656 60104 0
0.4719545841217041 0.1449146270751953 72690 0
0.49082231521606445 0.17521142959594727 72979 0
0.4756596088409424 0.14998316764831543 68374 0
0.47113919258117676 0.12970900535583496 70414 0
0.4413771629333496 0.1374812126159668 71313 0
0.47596096992492676 0.13467741012573242 72146 0
0.4783322811126709 0.14629411697387695 72775 0
0.4805326461791992 0.17182612419128418 71594 0
0.48226332664489746 0.13872313499450684 70894 0
0.4770622253417969 0.1508626937866211 71484 0
0.4810512065887451 0.14029526710510254 72158 0
0.4673497676849365 0.1385033130645752 72350 0
0.4669792652130127 0.1816120147705078 71040 0
0.4666290283203125 0.15468120574951172 68289 0
0.48076462745666504 0.14124560356140137 60301 0
0.4844679832458496 0.1735093593597412 57773 0
0.47020506858825684 0.14789962768554688 59315 0
0.46883225440979004 0.1382739543914795 58735 0
0.48419618606567383 0.15484380722045898 60784 0
0.4631514549255371 0.1493983268737793 59808 0
0.46450090408325195 0.19095563888549805 60590 0
0.4734950065612793 0.12551021575927734 62067 0
0.45488405227661133 0.15690827369689941 61432 0
0.4601001739501953 0.1549060344696045 60792 0
0.47262096405029297 0.15631771087646484 62452 0
0.46164965629577637 0.19467616081237793 60925 0
0.4647083282470703 0.14780187606811523 59974 0
0.4782400131225586 0.14232158660888672 60240 0
0.4671962261199951 0.18514013290405273 58730 0
0.4664638042449951 0.18436765670776367 59252 0
0.4479494094848633 0.21419382095336914 55009 0
0.45438051223754883 0.1358184814453125 59816 0
0.4549398422241211 0.14421892166137695 60730 0
0.47141504287719727 0.14418601989746094 61634 0
0.46176815032958984 0.13719582557678223 60716 0
0.5061676502227783 0.14355802536010742 60636 0
0.4975605010986328 0.12488150596618652 60832 0
0.5030462741851807 0.18580913543701172 60910 0
0.46410608291625977 0.12055706977844238 60600 0
0.4751145839691162 0.16244220733642578 60331 0
0.4785802364349365 0.14346861839294434 60767 0
0.46448349952697754 0.20072126388549805 59905 0
0.4582817554473877 0.16777801513671875 60704 0
0.4745807647705078 0.16687870025634766 61332 0
0.48218727111816406 0.14433884620666504 59580 0
0.4893760681152344 0.17613959312438965 59043 0
0.4817800521850586 0.1707453727722168 59489 0
0.479428768157959 0.16816425323486328 61440 0
0.4798102378845215 0.12812137603759766 61099 0
0.47492074966430664 0.13239645957946777 60686 0
0.47426748275756836 0.14151763916015625 60068 0
0.474365234375 0.14801239967346191 60390 0
0.48045778274536133 0.1378166675567627 59395 0
0.4645810127258301 0.23637866973876953 59017 0
0.45487332344055176 0.2091386318206787 59687 0
0.4842488765716553 0.16087746620178223 61076 0
0.45365071296691895 0.1391737461090088 59679 0
0.48602747917175293 0.14210200309753418 60250 0
0.4639761447906494 0.21866869926452637 59886 0
0.48314642906188965 0.13858604431152344 59105 0
0.4673292636871338 0.12619233131408691 55725 0
0.4648325443267822 0.17285466194152832 58842 0
0.47060298919677734 0.1297130584716797 59284 0
0.4594268798828125 0.1634535789489746 59770 0
0.5164735317230225 0.1421511173248291 59621 0
0.46965718269348145 0.12725257873535156 59375 0
0.44729113578796387 0.17957329750061035 60586 0
0.4468047618865967 0.13659143447875977 60116 0
0.4627707004547119 0.13833379745483398 59980 0
0.45113682746887207 0.15762591361999512 60339 0
0.4415931701660156 0.13617324829101562 58897 0
0.4577140808105469 0.17840886116027832 58426 0
0.4629333019256592 0.15723609924316406 59105 0
0.46382689476013184 0.21248626708984375 58652 0
0.4749770164489746 0.15706849098205566 58888 0
0.44631290435791016 0.14644265174865723 59797 0
0.4667234420776367 0.13795018196105957 59304 0
0.4321448802947998 0.13329219818115234 59788 0
0.4650537967681885 0.13375306129455566 59571 0
0.45899319648742676 0.1952977180480957 60121 0
0.48427486419677734 0.15996646881103516 59811 0
0.4904003143310547 0.18328857421875 60109 0
0.4581778049468994 0.18820452690124512 60585 0
0.4812633991241455 0.14613556861877441 59711 0
0.46567440032958984 0.13367724418640137 59474 0
0.4784269332885742 0.14566969871520996 61076 0
0.4733889102935791 0.19466066360473633 64927 0
0.4801144599914551 0.14055156707763672 65095 0
0.4626462459564209 0.13116979598999023 61043 0
0.470797061920166 0.14911818504333496 70769 0
0.4553864002227783 0.18604779243469238 66579 0
0.4766983985900879 0.15311789512634277 69770 0
0.46291041374206543 0.2011575698852539 67481 0
0.4919548034667969 0.14094328880310059 65562 0
0.46556687355041504 0.14070606231689453 66033 0
0.4809694290161133 0.18062663078308105 67103 0
0.4732363224029541 0.20521831512451172 66623 0
0.5075697898864746 0.21753311157226562 65181 0
0.46097278594970703 0.2136368751525879 64775 0
0.46576642990112305 0.2162775993347168 61668 0
0.4747185707092285 0.13480687141418457 61533 0
0.4818687438964844 0.15057945251464844 58699 0
0.4448568820953369 0.1412034034729004 60466 0
0.46513891220092773 0.1535348892211914 61322 0
0.46787428855895996 0.1838397979736328 59554 0
0.4792482852935791 0.13254070281982422 60462 0
0.4636540412902832 0.20331215858459473 60810 0
0.4603455066680908 0.14831757545471191 59869 0
0.44387125968933105 0.14758849143981934 60881 0
0.45544886589050293 0.19764447212219238 60534 0
0.4750206470489502 0.15407013893127441 61539 0
0.4632995128631592 0.1750493049621582 61537 0
0.46350598335266113 0.21448159217834473 53165 0
0.46802663803100586 0.21420717239379883 62756 0
0.4608635902404785 0.13428926467895508 62243 0
0.47572851181030273 0.15897154808044434 60652 0
0.47283363342285156 0.151231050491333 62149 0
0.4482555389404297 0.13823294639587402 62056 0
0.44455862045288086 0.2124950885772705 61826 0
0.4839630126953125 0.19013023376464844 61654 0
0.4686887264251709 0.14764761924743652 61157 0
0.4446413516998291 0.13631057739257812 60406 0
0.4805295467376709 0.14945626258850098 60045 0
0.48263049125671387 0.1577620506286621 58946 0
0.4680824279785156 0.2003326416015625 59980 0
0.4648308753967285 0.19080734252929688 61087 0
0.4721832275390625 0.21918487548828125 61722 0
0.48101186752319336 0.14258337020874023 61470 0
0.46005725860595703 0.19568371772766113 61727 0
0.474560022354126 0.1412055492401123 61473 0
0.4524374008178711 0.12698912620544434 60977 0
0.4610605239868164 0.1729893684387207 61174 0
0.4634582996368408 0.14551210403442383 60885 0
0.45235323905944824 0.14602112770080566 60236 0
0.4542098045349121 0.19756102561950684 60410 0
0.4715888500213623 0.14621257781982422 60121 0
0.46828222274780273 0.13921785354614258 60829 0
0.45348381996154785 0.14247870445251465 59813 0
0.44763684272766113 0.14270496368408203 59370 0
0.4616568088531494 0.1663990020751953 59299 0
0.46149253845214844 0.13844656944274902 61753 0
0.46480679512023926 0.1734027862548828 60401 0
0.47109317779541016 0.13129901885986328 51551 0
0.46453332901000977 0.12513089179992676 59858 0
0.45325279235839844 0.13869452476501465 61478 0
0.44058871269226074 0.15319609642028809 58733 0
0.4958641529083252 0.1494603157043457 62069 0
0.439624547958374 0.14384746551513672 63943 0
0.4913640022277832 0.18770194053649902 60959 0
0.47507762908935547 0.1931450366973877 62036 0
0.46468186378479004 0.17987775802612305 61714 0
0.4808509349822998 0.1903846263885498 61062 0
0.4696652889251709 0.15116190910339355 60761 0
0.4573392868041992 0.1336967945098877 60631 0
0.46207594871520996 0.17949199676513672 61041 0
0.48966169357299805 0.20476078987121582 60959 0
0.4622979164123535 0.1795825958251953 60633 0
0.481975793838501 0.20561838150024414 60454 0
0.4485180377960205 0.1364750862121582 61087 0
0.4654393196105957 0.13805651664733887 61734 0
0.4884505271911621 0.18364977836608887 60621 0
0.47562265396118164 0.18094587326049805 61064 0
0.48793530464172363 0.15986895561218262 60756 0
0.46760106086730957 0.20607638359069824 59943 0
0.47043871879577637 0.12903237342834473 60433 0
0.49277353286743164 0.16017866134643555 59431 0
0.452284574508667 0.1586923599243164 60945 0
0.4689769744873047 0.19406890869140625 60842 0
0.4627671241760254 0.1431121826171875 59971 0
0.4858052730560303 0.12996530532836914 58677 0
0.4660639762878418 0.1598803997039795 61350 0
0.4789009094238281 0.1578061580657959 60859 0
0.4961850643157959 0.13292646408081055 51030 0
0.43033289909362793 0.1296710968017578 58989 0
0.48163843154907227 0.13798761367797852 59559 0
0.49272680282592773 0.18794608116149902 57073 0
0.4352855682373047 0.16142559051513672 61267 0
0.46904897689819336 0.13999271392822266 62093 0
0.4641447067260742 0.15983796119689941 55013 0
0.4620797634124756 0.21149778366088867 50950 0
0.45150256156921387 0.20282936096191406 59953 0
0.4872887134552002 0.14769983291625977 61436 0
0.4777379035949707 0.1406114101409912 63657 0
0.4799923896789551 0.1666395664215088 63532 0
0.4571268558502197 0.17639470100402832 62261 0
0.4786674976348877 0.17991352081298828 63477 0
0.4588170051574707 0.17019104957580566 61865 0
0.45946621894836426 0.14566469192504883 61148 0
0.46923303604125977 0.1366114616394043 52347 0
0.46293139457702637 0.14956021308898926 51373 0
0.47149157524108887 0.13936495780944824 61243 0
0.4610018730163574 0.12748312950134277 61886 0
0.4699692726135254 0.2033538818359375 60342 0
0.44065022468566895 0.1316664218902588 60947 0
0.4495522975921631 0.15633463859558105 60773 0
0.46009039878845215 0.18106722831726074 61163 0
0.451735258102417 0.16990160942077637 62200 0
0.4656031131744385 0.1305370330810547 62703 0
0.46880507469177246 0.18126964569091797 61910 0
0.5021827220916748 0.12984609603881836 60182 0
0.4821033477783203 0.1849656105041504 62137 0
0.45261192321777344 0.128220796585083 61808 0
0.43915510177612305 0.19412612915039062 55960 0
0.4630856513977051 0.15633821487426758 61378 0
0.45747828483581543 0.15571379661560059 61428 0
0.46575212478637695 0.20287847518920898 60804 0
0.45219945907592773 0.20816659927368164 61545 0
0.4750938415527344 0.1372363567352295 60863 0
0.4628121852874756 0.1422560214996338 60975 0
0.45569562911987305 0.16245269775390625 60114 0
0.4756021499633789 0.18700361251831055 61535 0
0.4793524742126465 0.1705338954925537 60565 0
0.4892749786376953 0.15069246292114258 59783 0
0.4958827495574951 0.2047102451324463 60375 0
0.46909570693969727 0.12503361701965332 59848 0
0.46170711517333984 0.21505212783813477 60067 0
0.4769577980041504 0.20157861709594727 60293 0
0.4646298885345459 0.16936874389648438 61736 0
0.47823429107666016 0.12714219093322754 61436 0
0.48816800117492676 0.14676570892333984 59425 0
0.47580552101135254 0.17053818702697754 58364 0
0.4919240474700928 0.13843297958374023 59384 0
0.46573877334594727 0.1386265754699707 57898 0
0.45525097846984863 0.16099882125854492 51419 0
0.46004438400268555 0.19378352165222168 58112 0
0.4800453186035156 0.14612197875976562 58021 0
0.4799044132232666 0.1615910530090332 58645 0
0.4716684818267822 0.15667295455932617 57381 0
0.48339009284973145 0.15209507942199707 58447 0
0.4861156940460205 0.14515089988708496 58716 0
0.48683810234069824 0.1704540252685547 57303 0
0.4590895175933838 0.20991969108581543 57609 0
0.45587921142578125 0.1341686248779297 57847 0
0.4476745128631592 0.17264342308044434 58512 0
0.4639284610748291 0.1608572006225586 58376 0
0.4744303226470947 0.1297590732574463 57666 0
0.4339480400085449 0.14434456825256348 58047 0
0.46484899520874023 0.15176105499267578 57261 0
0.46552419662475586 0.15075016021728516 57992 0
0.46685075759887695 0.20088911056518555 57479 0
0.46988892555236816 0.13809800148010254 57759 0
0.48421788215637207 0.13375163078308105 57396 0
0.47767043113708496 0.16411423683166504 57827 0
0.47082948684692383 0.14506268501281738 58004 0
0.4576985836029053 0.21444916725158691 59655 0
0.4877192974090576 0.1489098072052002 59332 0
0.48847389221191406 0.15135550498962402 57486 0
0.47873592376708984 0.1340634822845459 58306 0
0.4948453903198242 0.156951904296875 57627 0
0.4699523448944092 0.12914037704467773 57647 0
0.47742176055908203 0.13252806663513184 56511 0
0.46004581451416016 0.2054920196533203 56932 0
0.49465012550354004 0.15244078636169434 57623 0
0.451967716217041 0.14491009712219238 49624 0
0.47968173027038574 0.13073182106018066 57121 0
0.44849252700805664 0.16570758819580078 57967 0
0.49336767196655273 0.14407730102539062 58105 0
0.48827457427978516 0.17463374137878418 58303 0
0.46793556213378906 0.1786823272705078 58102 0
0.46391987800598145 0.14210224151611328 58598 0
0.4418215751647949 0.14696407318115234 57069 0
0.46854519844055176 0.13060569763183594 56978 0
0.4650416374206543 0.16812968254089355 59399 0
0.4709963798522949 0.1479494571685791 57111 0
0.4358386993408203 0.17490720748901367 57439 0
0.4774634838104248 0.16479158401489258 57556 0
0.47387146949768066 0.2095193862915039 57664 0
0.46411561965942383 0.13593292236328125 56594 0
0.45528578758239746 0.14201951026916504 56954 0
0.4441952705383301 0.1352694034576416 56279 0
0.4714548587799072 0.144805908203125 57798 0
0.46212029457092285 0.14894986152648926 56721 0
0.4232461452484131 0.18049335479736328 57722 0
0.48957324028015137 0.16350078582763672 57027 0
0.47740674018859863 0.15702128410339355 58538 0
0.463179349899292 0.1397550106048584 57809 0
0.4444282054901123 0.1398911476135254 56507 0
0.4684162139892578 0.13977551460266113 56885 0
0.47068095207214355 0.15094542503356934 57166 0
0.4674508571624756 0.1871318817138672 57043 0
0.4635622501373291 0.1992032527923584 56111 0
0.4676816463470459 0.20557022094726562 57525 0
0.4636509418487549 0.13938021659851074 56077 0
0.4624497890472412 0.21585536003112793 48493 0
0.45990562438964844 0.1378781795501709 55349 0
0.4604980945587158 0.1411886215209961 56353 0
0.45958614349365234 0.1829850673675537 55986 0
0.4604454040527344 0.13745999336242676 55315 0
0.45697474479675293 0.16960668563842773 56780 0
0.45520806312561035 0.12624359130859375 57848 0
0.47606611251831055 0.1892683506011963 57366 0
0.49122023582458496 0.20364594459533691 56192 0
0.4842212200164795 0.1255779266357422 56112 0
0.48284339904785156 0.12316393852233887 55919 0
0.46955204010009766 0.15115904808044434 56335 0
0.4605405330657959 0.1525733470916748 56814 0
0.4711189270019531 0.1944105625152588 55671 0
0.4737544059753418 0.1699390411376953 56254 0
0.45549511909484863 0.14474940299987793 56367 0
0.48007869720458984 0.15529489517211914 55323 0
0.48944997787475586 0.14911222457885742 54302 0
0.46504807472229004 0.20949554443359375 53640 0
0.45228052139282227 0.1799333095550537 55087 0
0.4603230953216553 0.20051264762878418 54772 0
0.4755518436431885 0.1660308837890625 56351 0
0.4860646724700928 0.12759709358215332 55382 0
0.4791426658630371 0.18479347229003906 56524 0
0.47945070266723633 0.12899255752563477 56828 0
0.4041757583618164 0.14932727813720703 57034 0
0.4623422622680664 0.14809799194335938 54146 0
0.468017578125 0.20183515548706055 51717 0
0.4584012031555176 0.19591689109802246 53370 0
0.45897912979125977 0.14591026306152344 52463 0
0.4583933353424072 0.13033390045166016 45612 0
0.45923733711242676 0.1536846160888672 52395 0
0.458970308303833 0.14347410202026367 53512 0
0.44599080085754395 0.15126562118530273 52439 0
0.4830911159515381 0.19693279266357422 51246 0
0.4963095188140869 0.14583373069763184 51588 0
0.4597890377044678 0.1436762809753418 54324 0
0.48465824127197266 0.19427752494812012 53909 0
0.4368138313293457 0.15006566047668457 53534 0
0.46491456031799316 0.14504194259643555 53631 0
0.45850372314453125 0.15369653701782227 51992 0
0.4710500240325928 0.1622917652130127 51409 0
0.49674081802368164 0.18092632293701172 51672 0
0.43733811378479004 0.13724756240844727 51131 0
0.45216989517211914 0.20546817779541016 51295 0
0.49634361267089844 0.18965983390808105 51294 0
0.4626762866973877 0.2039651870727539 51757 0
0.4587595462799072 0.19395112991333008 53886 0
0.46971583366394043 0.17850017547607422 54097 0
0.46291303634643555 0.15804815292358398 53614 0
0.46131229400634766 0.14062166213989258 52315 0
0.45384979248046875 0.15000700950622559 53643 0
0.457425594329834 0.13674116134643555 52425 0
0.4627666473388672 0.15030694007873535 52320 0
0.48274660110473633 0.20126724243164062 51912 0
0.45879673957824707 0.14577317237854004 52168 0
0.45008277893066406 0.15106534957885742 51928 0
0.44699835777282715 0.18395662307739258 49872 0
0.49524474143981934 0.19593071937561035 53136 0
0.4668276309967041 0.16203641891479492 51848 0
0.47986555099487305 0.132554292678833 45225 0
0.4695701599121094 0.1427915096282959 50673 0
0.4336886405944824 0.18015193939208984 53994 0
0.46312379837036133 0.21584725379943848 52379 0
0.4582347869873047 0.19853949546813965 51118 0
0.460906982421875 0.20591115951538086 52900 0
0.4613041877746582 0.21606040000915527 52152 0
0.480008602142334 0.1985301971435547 50781 0
0.45693445205688477 0.16933298110961914 54919 0
0.4762234687805176 0.14789056777954102 54016 0
0.45112013816833496 0.2014930248260498 45072 0
0.45622801780700684 0.18508434295654297 52707 0
0.4698796272277832 0.14471721649169922 54370 0
0.4795815944671631 0.17923283576965332 54210 0
0.4557068347930908 0.13427257537841797 53043 0
0.49655866622924805 0.1627213954925537 54608 0
0.46599268913269043 0.1660473346710205 55698 0
0.45938825607299805 0.20598840713500977 56614 0
0.4628026485443115 0.18701553344726562 56330 0
0.4585080146789551 0.13409924507141113 54627 0
0.469463586807251 0.13693547248840332 54344 0
0.4768187999725342 0.13558173179626465 55066 0
0.46657776832580566 0.1328904628753662 55488 0
0.46266794204711914 0.14761614799499512 56473 0
0.4576411247253418 0.20469379425048828 55406 0
0.47054266929626465 0.17217159271240234 54933 0
0.47449278831481934 0.1970500946044922 51501 0
0.4552435874938965 0.14322376251220703 53253 0
0.48846936225891113 0.14834308624267578 56378 0
0.47001194953918457 0.2162313461303711 55628 0
0.4640367031097412 0.14229035377502441 56478 0
0.47156524658203125 0.14186859130859375 56969 0
0.4253559112548828 0.12387537956237793 55074 0
0.48122119903564453 0.1376044750213623 55376 0
0.47439050674438477 0.19089150428771973 56067 0
0.4361753463745117 0.14367270469665527 54767 0
0.4735410213470459 0.19227004051208496 54498 0
0.4469571113586426 0.17779064178466797 53559 0
0.46227502822875977 0.15883111953735352 55012 0
0.44192051887512207 0.1430971622467041 54522 0
0.4729483127593994 0.16167902946472168 56642 0
0.4804196357727051 0.2003037929534912 54367 0
0.46816372871398926 0.1888866424560547 55414 0
0.4542672634124756 0.1769707202911377 55149 0
0.48351073265075684 0.15934467315673828 54152 0
0.4545750617980957 0.15369486808776855 54948 0
0.45542216300964355 0.17954277992248535 51434 0
0.44877028465270996 0.150956392288208 54864 0
0.4423859119415283 0.13106441497802734 54194 0
0.4394357204437256 0.13835620880126953 46122 0
0.46555066108703613 0.16515231132507324 54096 0
0.44707179069519043 0.20077943801879883 54098 0
0.4700925350189209 0.13939666748046875 53888 0
0.46045470237731934 0.1857748031616211 53376 0
0.45935487747192383 0.14037346839904785 53356 0
0.4604074954986572 0.138688325881958 56378 0
0.43921852111816406 0.14154338836669922 55936 0
0.457197904586792 0.12949633598327637 57465 0
0.4707026481628418 0.14328742027282715 56834 0
0.4760890007019043 0.14959955215454102 54540 0
0.451962947845459 0.15606045722961426 55437 0
0.4533822536468506 0.18610334396362305 54859 0
0.46517443656921387 0.18271923065185547 55632 0
0.48664283752441406 0.1615126132965088 55205 0
0.48708009719848633 0.12783360481262207 54421 0
0.39937591552734375 0.1957395076751709 54929 0
0.46544933319091797 0.1413097381591797 57411 0
0.4488046169281006 0.13764286041259766 57500 0
0.466904878616333 0.14447760581970215 55255 0
0.45287179946899414 0.13771748542785645 56678 0
0.4594733715057373 0.19232654571533203 55184 0
0.46032238006591797 0.20874261856079102 55185 0
0.4760324954986572 0.12931466102600098 54707 0
0.4763667583465576 0.20038223266601562 56048 0
0.4683413505554199 0.13938093185424805 65316 0
0.4854600429534912 0.1560351848602295 68630 0
0.46629953384399414 0.13892698287963867 69524 0
0.46888279914855957 0.20070576667785645 68939 0
0.46520376205444336 0.14075899124145508 69109 0
0.46561527252197266 0.17679500579833984 68767 0
0.4654386043548584 0.16190695762634277 69876 0
0.4649794101715088 0.17598628997802734 69136 0
0.48589491844177246 0.1631636619567871 70944 0
0.469865083694458 0.16847920417785645 70335 0
0.4532172679901123 0.17798972129821777 68233 0
0.4714314937591553 0.14160966873168945 71485 0
0.46526122093200684 0.19057130813598633 68692 0
0.4687964916229248 0.14725303649902344 69585 0
0.45520734786987305 0.2006058692932129 70635 0
0.46608853340148926 0.15700721740722656 69504 0
0.43999409675598145 0.14239978790283203 70014 0
0.46900081634521484 0.147003173828125 69348 0
0.4867825508117676 0.1484997272491455 62914 0
0.46001744270324707 0.1869206428527832 68954 0
0.4734797477722168 0.20671987533569336 69212 0
0.4725220203399658 0.1683340072631836 70002 0
0.4599895477294922 0.19878506660461426 70675 0
0.5018432140350342 0.1291675567626953 71021 0
0.4749302864074707 0.15934538841247559 71113 0
0.4796633720397949 0.14211392402648926 69911 0
0.4653196334838867 0.2014315128326416 70901 0
0.46466660499572754 0.15899372100830078 70513 0
0.4731574058532715 0.15340566635131836 60918 0
0.47940540313720703 0.14992952346801758 69962 0
0.48833703994750977 0.1750946044921875 69580 0
0.4698634147644043 0.1326897144317627 71925 0
0.4883081912994385 0.12726163864135742 71514 0
0.47888803482055664 0.17671918869018555 72055 0
0.44386792182922363 0.1396806240081787 73551 0
0.48707056045532227 0.14240145683288574 73498 0
0.44789791107177734 0.18654417991638184 72564 0
0.4321746826171875 0.15700078010559082 73823 0
0.4751298427581787 0.18882346153259277 69503 0
0.46410489082336426 0.21311593055725098 72585 0
0.46836185455322266 0.21198725700378418 72670 0
0.45496463775634766 0.14832496643066406 71468 0
0.4701368808746338 0.19009995460510254 73459 0
0.48426222801208496 0.14541077613830566 71918 0
0.4662628173828125 0.18312311172485352 71441 0
0.4888637065887451 0.14356470108032227 72511 0
0.46143293380737305 0.1541893482208252 72106 0
0.4571852684020996 0.19053149223327637 74130 0
0.48854756355285645 0.13429522514343262 66879 0
0.4848024845123291 0.1866168975830078 72555 0
0.4725637435913086 0.20303082466125488 74967 0
0.49631643295288086 0.15442585945129395 74394 0
0.4859802722930908 0.14171266555786133 72509 0
0.460040807723999 0.15809893608093262 72220 0
0.45837879180908203 0.17299437522888184 72848 0
0.47707509994506836 0.13398241996765137 68952 0
0.46507883071899414 0.14648032188415527 72564 0
0.46347475051879883 0.17550039291381836 74432 0
0.4691612720489502 0.1351304054260254 62267 0
0.47065019607543945 0.13728904724121094 72243 0
0.4922177791595459 0.1554253101348877 71321 0
0.4956326484680176 0.20442795753479004 71230 0
0.4881155490875244 0.13978838920593262 73881 0
0.47266340255737305 0.137725830078125 73818 0
0.458984375 0.20944595336914062 71196 0
0.47663331031799316 0.1421523094177246 75054 0
0.4630162715911865 0.14527225494384766 73587 0
0.4524495601654053 0.16808199882507324 73299 0
0.4805736541748047 0.16782188415527344 73315 0
0.48842334747314453 0.17893052101135254 72367 0
0.48050832748413086 0.14349937438964844 71111 0
0.4586665630340576 0.18474173545837402 72210 0
0.4670109748840332 0.14230942726135254 73863 0
0.4924592971801758 0.18413996696472168 73968 0
0.4726419448852539 0.1564319133758545 73095 0
0.48494625091552734 0.14691805839538574 71912 0
0.4822070598602295 0.20095062255859375 75222 0
0.45798754692077637 0.1573169231414795 73382 0
0.4468719959259033 0.14702630043029785 67781 0
0.45893239974975586 0.17121267318725586 72652 0
0.4619114398956299 0.13187026977539062 72934 0
0.46546363830566406 0.13106870651245117 73191 0
0.498842716217041 0.15316414833068848 70994 0
0.4664011001586914 0.17282509803771973 71775 0
0.4684164524078369 0.1520402431488037 71707 0
0.48912715911865234 0.160264253616333 69724 0
0.46315813064575195 0.17229390144348145 72192 0
0.46776843070983887 0.1433568000793457 71568 0
0.45009779930114746 0.19879603385925293 57330 0
0.48632287979125977 0.16627979278564453 67620 0
0.46050548553466797 0.1754143238067627 67460 0
0.4735991954803467 0.12258243560791016 64261 0
0.4753992557525635 0.14398956298828125 68189 0
0.4782435894012451 0.16440129280090332 67463 0
0.4208834171295166 0.14311838150024414 67973 0
0.471435546875 0.1423323154449463 68084 0
0.4369161128997803 0.21039962768554688 69903 0
0.4635298252105713 0.20717644691467285 69257 0
0.45020222663879395 0.14494943618774414 65290 0
0.4905507564544678 0.1606452465057373 68048 0
0.45470452308654785 0.18115806579589844 61557 0
0.4648318290710449 0.1237490177154541 65362 0
0.4602358341217041 0.21109724044799805 68143 0
0.47730278968811035 0.13927340507507324 67348 0
0.4738955497741699 0.15219712257385254 65780 0
0.45777225494384766 0.1369168758392334 66150 0
0.46744441986083984 0.15681242942810059 65779 0
0.47194552421569824 0.1607658863067627 65456 0
0.4668729305267334 0.1450939178466797 62793 0
0.48855042457580566 0.13594985008239746 65766 0
0.47385263442993164 0.13816523551940918 67369 0
0.4473154544830322 0.1532275676727295 68035 0
0.4530172348022461 0.21158146858215332 66973 0
0.4874403476715088 0.15140843391418457 67890 0
0.48718857765197754 0.15376019477844238 68471 0
0.4838109016418457 0.12262415885925293 64206 0
0.48979997634887695 0.12213444709777832 65318 0
0.4614682197570801 0.1431581974029541 66242 0
0.4845576286315918 0.15146732330322266 54248 0
0.46866917610168457 0.1528172492980957 67186 0
0.4480292797088623 0.13824963569641113 63687 0
0.4711737632751465 0.21384549140930176 63142 0
0.47815561294555664 0.1553049087524414 67405 0
0.4744453430175781 0.15663743019104004 65731 0
0.453887939453125 0.12772870063781738 64249 0
0.496675968170166 0.15729546546936035 66928 0
0.4678652286529541 0.1646115779876709 67388 0
0.4693927764892578 0.18586254119873047 67824 0
0.4597320556640625 0.190901517868042 67639 0
0.4723169803619385 0.19501233100891113 67212 0
0.5017914772033691 0.1379101276397705 62864 0
0.48634934425354004 0.13346600532531738 67590 0
0.44899797439575195 0.1872539520263672 67437 0
0.45572948455810547 0.15880250930786133 67921 0
0.47274231910705566 0.13591766357421875 67502 0
0.4795229434967041 0.17139720916748047 67538 0
0.44881582260131836 0.14613676071166992 67684 0
0.47209596633911133 0.17966580390930176 67325 0
0.4890446662902832 0.19541335105895996 62681 0
0.48629307746887207 0.15854120254516602 66374 0
0.4910454750061035 0.1453838348388672 67350 0
0.45803236961364746 0.1415083408355713 66737 0
0.4417257308959961 0.14638376235961914 66766 0
0.4615354537963867 0.1320188045501709 67170 0
0.4654066562652588 0.17923545837402344 66067 0
0.46828699111938477 0.12504887580871582 64059 0
0.45541954040527344 0.1841721534729004 67181 0
0.49607372283935547 0.14321541786193848 65857 0
0.46730494499206543 0.165771484375 54730 0
0.48937416076660156 0.1508619785308838 65235 0
0.4814126491546631 0.13345050811767578 60860 0
0.4677462577819824 0.1539783477783203 63201 0
0.45703697204589844 0.15446782112121582 65191 0
0.4422910213470459 0.13391661643981934 66415 0
0.4831974506378174 0.14499640464782715 65151 0
0.4771413803100586 0.15104985237121582 67682 0
0.45897603034973145 0.14246368408203125 66500 0
0.4815196990966797 0.14240169525146484 66682 0
0.43677759170532227 0.1507105827331543 66529 0
0.49576330184936523 0.18750810623168945 65952 0
0.4647703170776367 0.169266939163208 61525 0
0.4652893543243408 0.13391733169555664 67568 0
0.4549226760864258 0.19948196411132812 66234 0
0.47005772590637207 0.16599273681640625 66501 0
0.47327375411987305 0.1198122501373291 66220 0
0.4634859561920166 0.12946605682373047 66427 0
0.48091888427734375 0.16917133331298828 66184 0
0.4570808410644531 0.13634777069091797 66070 0
0.48165154457092285 0.1596059799194336 60016 0
0.4749608039855957 0.13356328010559082 66021 0
0.46315693855285645 0.12227797508239746 66635 0
0.4459702968597412 0.14651799201965332 67069 0
0.4673600196838379 0.1958179473876953 66251 0
0.4609842300415039 0.15788674354553223 66474 0
0.4601759910583496 0.1426708698272705 66012 0
0.4379866123199463 0.13090848922729492 62976 0
0.4119150638580322 0.1285998821258545 65978 0
0.4867873191833496 0.14670968055725098 65884 0
0.4855196475982666 0.17216777801513672 56876 0
0.49031496047973633 0.1990034580230713 65358 0
0.4652516841888428 0.15827012062072754 60311 0
0.44979405403137207 0.12604069709777832 65539 0
0.4741957187652588 0.15745139122009277 65626 0
0.4699223041534424 0.13368725776672363 66157 0
0.4664475917816162 0.13567376136779785 66874 0
0.48191118240356445 0.12908554077148438 68199 0
0.4648599624633789 0.17370939254760742 66598 0
0.43694114685058594 0.1435699462890625 67328 0
0.4764068126678467 0.14406156539916992 67213 0
0.4591710567474365 0.19835615158081055 66242 0
0.48107218742370605 0.14644765853881836 63022 0
0.48200130462646484 0.1428070068359375 66235 0
0.4743022918701172 0.1902179718017578 66886 0
0.46141529083251953 0.17525935173034668 68207 0
0.48415088653564453 0.14073991775512695 67380 0
0.4726221561431885 0.20502591133117676 67631 0
0.4937608242034912 0.20093345642089844 66458 0
0.5032224655151367 0.17312359809875488 65948 0
0.4416849613189697 0.14327096939086914 62390 0
0.46076512336730957 0.18531441688537598 65609 0
0.4552135467529297 0.17415261268615723 70108 0
0.4553408622741699 0.15176844596862793 69398 0
0.4687502384185791 0.20195865631103516 71292 0
0.4392540454864502 0.1366736888885498 71827 0
0.46842455863952637 0.18125343322753906 71453 0
0.47887516021728516 0.1504063606262207 71078 0
0.4540832042694092 0.16419625282287598 71483 0
0.46100783348083496 0.1370863914489746 69694 0
0.47477173805236816 0.14062929153442383 69371 0
0.4349973201751709 0.1454176902770996 71496 0
0.45519065856933594 0.14462018013000488 68486 0
0.475740909576416 0.16453886032104492 69909 0
0.4755079746246338 0.14498591423034668 70290 0
0.46300292015075684 0.21412158012390137 70178 0
0.4726712703704834 0.17200922966003418 71812 0
0.4773528575897217 0.13928914070129395 71526 0
0.4750802516937256 0.14277338981628418 70113 0
0.4834110736846924 0.1387805938720703 71201 0
0.48209095001220703 0.1265125274658203 70395 0
0.4550461769104004 0.1307539939880371 69194 0
0.49548912048339844 0.14757966995239258 68783 0
0.4573235511779785 0.18169474601745605 68509 0
0.47182583808898926 0.13779568672180176 68922 0
0.46358442306518555 0.21314072608947754 69191 0
0.49278974533081055 0.1822376251220703 68880 0
0.4940359592437744 0.1340351104736328 69212 0
0.47050023078918457 0.19586849212646484 68696 0
0.4469282627105713 0.14589619636535645 70785 0
0.47829222679138184 0.14375042915344238 70419 0
0.46806955337524414 0.1457200050354004 70739 0
0.4709165096282959 0.20145106315612793 69940 0
0.46093320846557617 0.20829176902770996 71088 0
0.5011720657348633 0.18415236473083496 69572 0
0.4603452682495117 0.1362297534942627 69428 0
0.454303503036499 0.19814753532409668 68216 0
0.4928116798400879 0.18391108512878418 68988 0
0.49901843070983887 0.20658659934997559 68373 0
0.48296022415161133 0.13159394264221191 70691 0
0.4781074523925781 0.12793946266174316 70457 0
0.48659729957580566 0.1317458152770996 69152 0
0.4937593936920166 0.19670844078063965 68124 0
0.48898983001708984 0.13788342475891113 69158 0
0.5178115367889404 0.2032334804534912 69059 0
0.47756433486938477 0.12743806838989258 68608 0
0.46030163764953613 0.14406681060791016 68641 0
0.4332578182220459 0.13166499137878418 68398 0
0.48174571990966797 0.13757586479187012 67501 0
0.4716672897338867 0.1496868133544922 68031 0
0.4481360912322998 0.14904356002807617 69637 0
0.4753260612487793 0.1443941593170166 68932 0
0.49331212043762207 0.15714716911315918 69221 0
0.46843695640563965 0.13577818870544434 69710 0
0.47756075859069824 0.14260506629943848 69207 0
0.4728071689605713 0.17615175247192383 69487 0
0.4620845317840576 0.1336662769317627 68270 0
0.49026060104370117 0.17206096649169922 67821 0
0.48726344108581543 0.18316864967346191 67908 0
0.4994771480560303 0.13923096656799316 67487 0
0.4910273551940918 0.13916492462158203 68948 0
0.4874436855316162 0.13785862922668457 69161 0
0.4517707824707031 0.1552581787109375 68596 0
0.4493825435638428 0.18563199043273926 69318 0
0.4743978977203369 0.13475275039672852 69048 0
0.4583299160003662 0.15307402610778809 71014 0
0.49278950691223145 0.15782666206359863 69881 0
0.45711779594421387 0.14947223663330078 69895 0
0.4719822406768799 0.13875055313110352 70014 0
0.48533177375793457 0.21284198760986328 70672 0
0.461345911026001 0.13124799728393555 69741 0
0.46324634552001953 0.17311859130859375 70312 0
0.4755384922027588 0.17381072044372559 68912 0
0.4799976348876953 0.17540884017944336 70155 0
0.464876651763916 0.192061185836792 66993 0
0.4869692325592041 0.14476656913757324 71470 0
0.46849703788757324 0.1826941967010498 72180 0
0.4729435443878174 0.13460850715637207 70564 0
0.4917948246002197 0.12807798385620117 70983 0
0.4877660274505615 0.13410091400146484 73058 0
0.47733044624328613 0.1738438606262207 72381 0
0.4799680709838867 0.16837811470031738 73147 0
0.47892260551452637 0.14493894577026367 72204 0
0.48287510871887207 0.14217925071716309 72702 0
0.4741940498352051 0.17885327339172363 66398 0
0.4640498161315918 0.22373056411743164 63758 0
0.4970088005065918 0.1330251693725586 70651 0
0.4652519226074219 0.14907193183898926 73955 0
0.46004509925842285 0.1453409194946289 67803 0
0.4853799343109131 0.16224288940429688 71129 0
0.44593381881713867 0.14805817604064941 66940 0
0.47286176681518555 0.14375710487365723 66575 0
0.48595333099365234 0.21826744079589844 66713 0
0.48262882232666016 0.14433622360229492 69170 0
0.46344661712646484 0.21115946769714355 68860 0
0.48160624504089355 0.16527104377746582 67773 0
0.4787592887878418 0.1449136734008789 70903 0
0.46956539154052734 0.14777851104736328 70662 0
0.46010780334472656 0.16594672203063965 64077 0
0.4962160587310791 0.142974853515625 71717 0
0.47017979621887207 0.2002105712890625 69971 0
0.457042932510376 0.14481878280639648 68892 0
0.4633352756500244 0.1524667739868164 71503 0
0.48548245429992676 0.17139840126037598 72375 0
0.46094799041748047 0.2052316665649414 65262 0
0.4765303134918213 0.14008569717407227 73074 0
0.47329139709472656 0.1311659812927246 72869 0
0.48645663261413574 0.1477031707763672 73853 0
0.4862184524536133 0.13190674781799316 72680 0
0.48397064208984375 0.13975310325622559 74403 0
0.42195987701416016 0.17719101905822754 74262 0
0.46450257301330566 0.14081907272338867 74395 0
0.43082642555236816 0.19520020484924316 72374 0
0.4598817825317383 0.1985032558441162 74359 0
0.47112393379211426 0.16952157020568848 75814 0
0.47655463218688965 0.20496559143066406 74245 0
0.4696183204650879 0.13227581977844238 74076 0
0.47889184951782227 0.14266252517700195 73146 0
0.4819033145904541 0.13599753379821777 72516 0
0.46873950958251953 0.20211005210876465 73347 0
0.45661473274230957 0.13416528701782227 72373 0
0.4577906131744385 0.18598318099975586 72342 0
0.48001575469970703 0.16098260879516602 73009 0
0.49591636657714844 0.20211148262023926 72900 0
0.4511117935180664 0.148634672164917 73396 0
0.4670405387878418 0.14632081985473633 72259 0
0.4781961441040039 0.1483287811279297 74353 0
0.4827916622161865 0.14110851287841797 75550 0
0.4680044651031494 0.2013089656829834 66885 0
0.47522568702697754 0.13360834121704102 74172 0
0.47437381744384766 0.13972091674804688 70941 0
0.47216081619262695 0.17943406105041504 71687 0
0.4879722595214844 0.13689565658569336 74044 0
0.4829976558685303 0.14178943634033203 74484 0
0.4739363193511963 0.14337444305419922 69521 0
0.46083712577819824 0.14745831489562988 73765 0
0.482696533203125 0.17936182022094727 73501 0
0.47870373725891113 0.13889598846435547 73997 0
0.48859643936157227 0.18716168403625488 73373 0
0.4545161724090576 0.18538570404052734 72965 0
0.4894413948059082 0.16603755950927734 73691 0
0.4593656063079834 0.13674139976501465 73446 0
0.46715545654296875 0.14850068092346191 75221 0
0.46041321754455566 0.1348273754119873 75275 0
0.48520708084106445 0.1726996898651123 75645 0
0.4626343250274658 0.21536684036254883 76438 0
0.4590487480163574 0.13820266723632812 75570 0
0.47041797637939453 0.14914917945861816 76786 0
0.46504950523376465 0.18555426597595215 74417 0
0.4826028347015381 0.14727306365966797 74345 0
0.46794652938842773 0.16161274909973145 74107 0
0.4589803218841553 0.14290904998779297 72874 0
0.4613380432128906 0.1678788661956787 74918 0
0.46201348304748535 0.14702248573303223 75433 0
0.459855318069458 0.20157909393310547 74170 0
0.4689021110534668 0.14213013648986816 73064 0
0.48134875297546387 0.1301267147064209 75125 0
0.47497034072875977 0.14999866485595703 76920 0
0.46942591667175293 0.1565864086151123 68891 0
0.46266961097717285 0.13567423820495605 76244 0
0.4604470729827881 0.18898510932922363 75559 0
0.495577335357666 0.13858914375305176 73754 0
0.46895456314086914 0.19789767265319824 77399 0
0.4948883056640625 0.15627050399780273 77430 0
0.47370171546936035 0.14264488220214844 73676 0
0.43335676193237305 0.14716267585754395 78382 0
0.47325897216796875 0.19239163398742676 77029 0
0.4793429374694824 0.17812156677246094 77709 0
0.43822288513183594 0.21120524406433105 76268 0
0.4541299343109131 0.17393112182617188 73221 0
0.4560980796813965 0.15502142906188965 74161 0
0.4593982696533203 0.17401671409606934 72901 0
0.46040940284729004 0.17597675323486328 72661 0
0.4501628875732422 0.14264702796936035 73305 0
0.47595977783203125 0.14582061767578125 72461 0
0.4851527214050293 0.12671637535095215 72592 0
0.4690992832183838 0.12187862396240234 72325 0
0.4990687370300293 0.14435791969299316 70903 0
0.44847750663757324 0.1452651023864746 71205 0
0.46526026725769043 0.15025854110717773 70757 0
0.46622657775878906 0.20178914070129395 72182 0
0.4460015296936035 0.1932680606842041 72617 0
0.4752364158630371 0.15842914581298828 72828 0
0.4518089294433594 0.17563581466674805 71493 0
0.4510328769683838 0.13980770111083984 71205 0
0.4632143974304199 0.1480567455291748 73371 0
0.4881250858306885 0.13170433044433594 72361 0
0.4762599468231201 0.1398630142211914 71434 0
0.468916654586792 0.21184659004211426 71017 0
0.462421178817749 0.20802688598632812 69741 0
0.4221515655517578 0.14159536361694336 70291 0
0.4632542133331299 0.2134385108947754 70784 0
0.49947047233581543 0.13632655143737793 72533 0
0.473219633102417 0.13535737991333008 72233 0
0.47333216667175293 0.13733649253845215 72104 0
0.4643285274505615 0.16642975807189941 71137 0
0.46993470191955566 0.1440877914428711 72481 0
0.462263822555542 0.13934087753295898 71779 0
