0.1583235263824463 0.03400397300720215 242636 0
0.15169048309326172 0.03230929374694824 244116 0
0.16123151779174805 0.03953146934509277 246500 0
0.15810942649841309 0.0332951545715332 244850 0
0.15127825736999512 0.03606891632080078 247386 0
0.1511366367340088 0.03266334533691406 248540 0
0.15310263633728027 0.03297162055969238 248494 0
0.15507197380065918 0.03325176239013672 247974 0
0.15560626983642578 0.034928083419799805 247208 0
0.15299105644226074 0.03373408317565918 248106 0
0.15229439735412598 0.03329324722290039 244620 0
0.15051746368408203 0.033644914627075195 243332 0
0.16475772857666016 0.03401827812194824 247852 0
0.15614056587219238 0.03245949745178223 244764 0
0.14832735061645508 0.030681610107421875 218454 0
0.15243315696716309 0.033548831939697266 245526 0
0.15559887886047363 0.03385424613952637 239284 0
0.15495705604553223 0.033066511154174805 235526 0
0.1515181064605713 0.03260922431945801 226634 0
0.15215158462524414 0.032941341400146484 242320 0
0.1580643653869629 0.034121036529541016 242778 0
0.1533517837524414 0.03323769569396973 235526 0
0.153717041015625 0.033052921295166016 242986 0
0.1523735523223877 0.03354501724243164 247000 0
0.15634846687316895 0.03342008590698242 247694 0
0.15864014625549316 0.03332877159118652 246700 0
0.1579124927520752 0.03329324722290039 238080 0
0.15763306617736816 0.032694101333618164 246290 0
0.15698814392089844 0.03284645080566406 246922 0
0.15221810340881348 0.03256535530090332 238638 0
0.1614086627960205 0.03400301933288574 247014 0
0.15437102317810059 0.03346109390258789 247584 0
0.15603256225585938 0.03423643112182617 244750 0
0.15358328819274902 0.03450131416320801 245630 0
0.15996599197387695 0.0334475040435791 235354 0
0.1590569019317627 0.034200191497802734 246842 0
0.1621096134185791 0.03371405601501465 252054 0
0.15553855895996094 0.034136295318603516 249782 0
0.16044282913208008 0.034127235412597656 252218 0
0.15612220764160156 0.03494906425476074 247282 0
0.15481972694396973 0.03328895568847656 237662 0
0.14998507499694824 0.0323948860168457 241004 0
0.1642143726348877 0.034630537033081055 249480 0
0.1496274471282959 0.032448530197143555 249572 0
0.15094423294067383 0.030941009521484375 227636 0
0.153855562210083 0.032967329025268555 248266 0
0.1560671329498291 0.03340601921081543 250574 0
0.15197157859802246 0.03523755073547363 248044 0
0.16161131858825684 0.03384065628051758 250222 0
0.15436458587646484 0.03316235542297363 249534 0
0.15431427955627441 0.03544116020202637 248694 0
0.16046452522277832 0.03473639488220215 249860 0
0.15971136093139648 0.0342867374420166 248714 0
0.15390920639038086 0.03310656547546387 250006 0
0.15197396278381348 0.033708810806274414 250246 0
0.1528005599975586 0.03316378593444824 251096 0
0.15617752075195312 0.03267359733581543 251322 0
0.15831637382507324 0.03429913520812988 251638 0
0.15245866775512695 0.03395652770996094 251790 0
0.16199040412902832 0.03534269332885742 252152 0
0.1506824493408203 0.032511234283447266 249866 0
0.15331339836120605 0.03329300880432129 249930 0
0.15227675437927246 0.03327584266662598 249316 0
0.15464115142822266 0.033505916595458984 248338 0
0.15075087547302246 0.03306841850280762 242216 0
0.15991997718811035 0.03587460517883301 249024 0
0.15357208251953125 0.033049583435058594 249478 0
0.1539292335510254 0.03310108184814453 249288 0
0.16120696067810059 0.03397369384765625 248822 0
0.1536235809326172 0.0329132080078125 247102 0
0.153076171875 0.033040523529052734 245736 0
0.15126943588256836 0.032797813415527344 243212 0
0.15533828735351562 0.0325627326965332 247058 0
0.16219019889831543 0.03353285789489746 245558 0
0.1473100185394287 0.03179335594177246 220060 0
0.15912389755249023 0.033464908599853516 246694 0
0.15184473991394043 0.03322577476501465 245978 0
0.1544797420501709 0.034140825271606445 239626 0
0.15610122680664062 0.03294777870178223 240552 0
0.15333008766174316 0.033484458923339844 240448 0
0.15545988082885742 0.03255486488342285 246870 0
0.1563863754272461 0.03317761421203613 247364 0
0.15398669242858887 0.03333640098571777 244386 0
0.1509227752685547 0.03375506401062012 244760 0
0.1550593376159668 0.032625675201416016 246054 0
0.15948033332824707 0.03514504432678223 246214 0
0.15698528289794922 0.033370018005371094 239218 0
0.18912005424499512 0.03719496726989746 246666 0
0.15130209922790527 0.031731605529785156 246502 0
0.15484309196472168 0.03591465950012207 247116 0
0.15074634552001953 0.03324556350708008 246304 0
0.15694427490234375 0.03327441215515137 245728 0
0.15890288352966309 0.03506588935852051 245628 0
0.16019105911254883 0.0332951545715332 241870 0
0.15692138671875 0.0331270694732666 246312 0
0.1617598533630371 0.03325247764587402 245646 0
0.15225481986999512 0.029683351516723633 219094 0
0.16034984588623047 0.03502178192138672 246874 0
0.15358567237854004 0.03321480751037598 247346 0
0.161362886428833 0.03625369071960449 242124 0
0.15605974197387695 0.03498053550720215 243684 0
0.1571044921875 0.03271079063415527 245424 0
0.15240049362182617 0.03358316421508789 246560 0
0.15460562705993652 0.03377842903137207 250234 0
0.1524209976196289 0.03347373008728027 249060 0
0.15589332580566406 0.03337717056274414 248108 0
0.1557602882385254 0.034456729888916016 248602 0
0.1557011604309082 0.034439802169799805 250070 0
0.15264105796813965 0.03402876853942871 249620 0
0.15999913215637207 0.03463578224182129 249236 0
0.15256834030151367 0.03403520584106445 249146 0
0.16393494606018066 0.03500223159790039 249090 0
0.15129756927490234 0.03244328498840332 248686 0
0.1627950668334961 0.03470110893249512 249898 0
0.1514270305633545 0.03298664093017578 246534 0
0.1557016372680664 0.033392906188964844 248896 0
0.15171098709106445 0.0325007438659668 236706 0
0.15388178825378418 0.034067630767822266 248582 0
0.15374207496643066 0.033783912658691406 248110 0
0.15386033058166504 0.03419160842895508 249094 0
0.15966033935546875 0.034490346908569336 246766 0
0.15111827850341797 0.03362298011779785 247952 0
0.1532149314880371 0.03412890434265137 246244 0
0.14976716041564941 0.03290867805480957 244268 0
0.15372657775878906 0.03370928764343262 247052 0
0.15313053131103516 0.0338137149810791 247718 0
0.14854812622070312 0.03111863136291504 221294 0
0.15520095825195312 0.03320574760437012 245782 0
0.15238142013549805 0.030888795852661133 234306 0
0.15389633178710938 0.03197908401489258 233852 0
0.15517830848693848 0.03389477729797363 239886 0
0.14992880821228027 0.032799720764160156 241498 0
0.14942622184753418 0.03138375282287598 234468 0
0.15099191665649414 0.03300642967224121 242844 0
0.15352725982666016 0.03287672996520996 246094 0
0.15647053718566895 0.0345454216003418 247892 0
0.15737438201904297 0.0333561897277832 247760 0
0.15645742416381836 0.03287863731384277 247920 0
0.15207386016845703 0.03306436538696289 246434 0
0.15827202796936035 0.03485274314880371 248954 0
0.16060757637023926 0.03527331352233887 250188 0
0.15392565727233887 0.032447099685668945 250684 0
0.1614851951599121 0.03419065475463867 248900 0
0.15069961547851562 0.03318905830383301 248708 0
0.14895343780517578 0.03240823745727539 246260 0
0.1569535732269287 0.033448219299316406 251864 0
0.1581580638885498 0.03310370445251465 249940 0
0.1518259048461914 0.033396244049072266 248030 0
0.1525125503540039 0.03293943405151367 246160 0
0.16010165214538574 0.034821271896362305 244514 0
0.16059160232543945 0.03496241569519043 250110 0
0.15889573097229004 0.03604912757873535 257844 0
0.15743255615234375 0.0345611572265625 253552 0
0.15175414085388184 0.034151554107666016 252940 0
0.15363335609436035 0.03493785858154297 253736 0
0.15498852729797363 0.03404068946838379 250562 0
0.15059876441955566 0.03235316276550293 223586 0
0.15837454795837402 0.03327512741088867 247986 0
0.15082430839538574 0.03425240516662598 248448 0
0.15448641777038574 0.032262325286865234 237122 0
0.16005778312683105 0.03428959846496582 236372 0
0.15523767471313477 0.03271675109863281 240188 0
0.1586284637451172 0.033463478088378906 238958 0
0.15297961235046387 0.03263378143310547 241378 0
0.1523911952972412 0.03306102752685547 248950 0
0.15280795097351074 0.033060550689697266 244664 0
0.15384650230407715 0.033149003982543945 239962 0
0.15415000915527344 0.03558611869812012 249784 0
0.15319538116455078 0.033652305603027344 247172 0
0.15922141075134277 0.03275346755981445 253654 0
0.15230417251586914 0.03462362289428711 248208 0
0.1545581817626953 0.033976078033447266 252196 0
0.16096782684326172 0.03276634216308594 252314 0
0.1611804962158203 0.034275054931640625 252892 0
0.15241432189941406 0.034284114837646484 251540 0
0.1585402488708496 0.03525042533874512 252262 0
0.15227842330932617 0.038331031799316406 246284 0
0.16718173027038574 0.03544926643371582 253292 0
0.157135009765625 0.03615570068359375 253756 0
0.15608572959899902 0.034076690673828125 254040 0
0.16263580322265625 0.03365778923034668 251532 0
0.15235614776611328 0.03316807746887207 250788 0
0.15453863143920898 0.033402204513549805 252310 0
0.1534574031829834 0.03397798538208008 246456 0
0.1554262638092041 0.03268241882324219 250888 0
0.16076087951660156 0.03457355499267578 251040 0
0.15020346641540527 0.03134036064147949 224344 0
0.15302014350891113 0.03330254554748535 251464 0
0.15549802780151367 0.03371000289916992 252222 0
0.1513373851776123 0.032640933990478516 247130 0
0.15634393692016602 0.03408455848693848 249094 0
0.15332651138305664 0.03365969657897949 249780 0
0.16231799125671387 0.03423595428466797 251314 0
0.15201258659362793 0.03325080871582031 250700 0
0.1649928092956543 0.035131216049194336 250966 0
0.15322589874267578 0.03335380554199219 250076 0
0.15705227851867676 0.0326387882232666 250670 0
0.1528327465057373 0.033135175704956055 251538 0
0.15447592735290527 0.03322100639343262 250218 0
0.15272283554077148 0.03274941444396973 249440 0
0.15380072593688965 0.03263545036315918 240886 0
0.15210723876953125 0.031743526458740234 223614 0
0.15352845191955566 0.02974867820739746 218292 0
0.14944982528686523 0.03163862228393555 220814 0
0.15678977966308594 0.03293657302856445 220712 0
0.15182042121887207 0.03178691864013672 222008 0
0.1506633758544922 0.032509565353393555 221976 0
0.14844036102294922 0.03207802772521973 223458 0
0.15615487098693848 0.031780242919921875 230240 0
0.154158353805542 0.03271007537841797 225014 0
0.15582823753356934 0.03278207778930664 221746 0
0.15622425079345703 0.033791303634643555 224024 0
0.15706729888916016 0.032721757888793945 223558 0
0.1479356288909912 0.031705617904663086 221412 0
0.1544787883758545 0.03264570236206055 222116 0
0.1548914909362793 0.033187150955200195 220356 0
0.15588045120239258 0.03275609016418457 220786 0
0.15204429626464844 0.03042745590209961 214380 0
0.15436458587646484 0.030754804611206055 222724 0
0.14573001861572266 0.03100275993347168 223208 0
0.15201973915100098 0.03134608268737793 223800 0
0.1499652862548828 0.03226947784423828 223370 0
0.14930486679077148 0.03115391731262207 222824 0
0.15444135665893555 0.03147101402282715 223528 0
0.15129542350769043 0.03061223030090332 224362 0
0.1552433967590332 0.03224062919616699 223058 0
0.1556413173675537 0.03236222267150879 222882 0
0.14882946014404297 0.03145766258239746 222358 0
0.14937424659729004 0.03115105628967285 222332 0
0.15633821487426758 0.032377004623413086 223072 0
0.16004157066345215 0.03325629234313965 221732 0
0.14937829971313477 0.0320582389831543 221668 0
0.1515789031982422 0.03144431114196777 223166 0
0.15300488471984863 0.03165793418884277 223606 0
0.1606740951538086 0.03197526931762695 224948 0
0.1535511016845703 0.03221416473388672 222976 0
0.15263628959655762 0.032976627349853516 222748 0
0.15577435493469238 0.03025341033935547 222328 0
0.15076017379760742 0.030224323272705078 222392 0
0.14964628219604492 0.030423641204833984 222478 0
0.14902997016906738 0.02996230125427246 221434 0
0.1522834300994873 0.03184318542480469 222260 0
0.15189647674560547 0.032282352447509766 222772 0
0.15229034423828125 0.0327296257019043 221684 0
0.15128612518310547 0.03176689147949219 223220 0
0.1470937728881836 0.030472278594970703 221390 0
0.14753055572509766 0.03110647201538086 221456 0
0.14622735977172852 0.03152656555175781 212840 0
0.15010595321655273 0.03261590003967285 221386 0
0.1487102508544922 0.03147625923156738 221408 0
0.1502985954284668 0.031017541885375977 222418 0
0.15594172477722168 0.031767845153808594 221976 0
0.1535031795501709 0.032898902893066406 221810 0
0.15231060981750488 0.03088998794555664 227368 0
0.15158867835998535 0.033139944076538086 223544 0
0.14751267433166504 0.030010700225830078 223742 0
0.15665221214294434 0.03124523162841797 227174 0
0.15269708633422852 0.032549142837524414 221786 0
0.15035724639892578 0.031124114990234375 220438 0
0.15528035163879395 0.029845476150512695 219562 0
0.1527857780456543 0.031977176666259766 219874 0
0.15098285675048828 0.031503915786743164 220548 0
0.15047907829284668 0.03164029121398926 221744 0
0.1467723846435547 0.03222298622131348 221046 0
0.15156769752502441 0.033272504806518555 223282 0
0.15032362937927246 0.03247690200805664 226766 0
0.162139892578125 0.03314352035522461 228068 0
0.14615082740783691 0.03141188621520996 222994 0
0.15899395942687988 0.03340315818786621 229006 0
0.14859580993652344 0.03174471855163574 222946 0
0.15414786338806152 0.03240180015563965 221652 0
0.15594863891601562 0.03199005126953125 221872 0
0.15403342247009277 0.03416609764099121 221854 0
0.1540079116821289 0.03252577781677246 234320 0
0.15822792053222656 0.03360247611999512 233508 0
0.1475541591644287 0.032163381576538086 223704 0
0.16076350212097168 0.03394317626953125 245832 0
0.15172219276428223 0.032653093338012695 236980 0
0.1601870059967041 0.03430962562561035 245378 0
0.1542651653289795 0.032509565353393555 238600 0
0.15903711318969727 0.03170895576477051 233998 0
0.15154147148132324 0.03449726104736328 236484 0
0.1548628807067871 0.03452444076538086 240272 0
0.1512601375579834 0.032146453857421875 236674 0
0.1534721851348877 0.03310537338256836 235404 0
0.1521434783935547 0.033392906188964844 234846 0
0.15072178840637207 0.031050682067871094 223278 0
0.14766979217529297 0.03257107734680176 223424 0
0.15279030799865723 0.03023052215576172 219964 0
0.14581513404846191 0.03208303451538086 222024 0
0.1568300724029541 0.03250527381896973 222408 0
0.14856863021850586 0.03168821334838867 220838 0
0.15247607231140137 0.03121042251586914 220372 0
0.14470148086547852 0.03142237663269043 221144 0
0.14812898635864258 0.03042888641357422 220670 0
0.14826416969299316 0.031531572341918945 221500 0
0.15878939628601074 0.030204057693481445 222926 0
0.14722275733947754 0.03022146224975586 223936 0
0.15245604515075684 0.03147244453430176 228318 0
0.14415407180786133 0.028675079345703125 209858 0
0.15665531158447266 0.032785654067993164 223974 0
0.15410566329956055 0.03207564353942871 229418 0
0.15544772148132324 0.030981779098510742 221264 0
0.14770936965942383 0.0317537784576416 229944 0
0.15560245513916016 0.03275442123413086 225370 0
0.15255165100097656 0.03232073783874512 228556 0
0.15422368049621582 0.03194618225097656 230080 0
0.1488027572631836 0.03207087516784668 228802 0
0.15158867835998535 0.032491207122802734 227426 0
0.15210509300231934 0.03137540817260742 223100 0
0.15078997611999512 0.0316622257232666 221578 0
0.15005064010620117 0.030919313430786133 222224 0
0.15194988250732422 0.031069278717041016 227694 0
0.14944124221801758 0.030095815658569336 228858 0
0.15244174003601074 0.0315251350402832 229050 0
0.14665937423706055 0.03177475929260254 230550 0
0.1547095775604248 0.031234264373779297 224076 0
0.15799927711486816 0.033864736557006836 227658 0
0.15259504318237305 0.031007051467895508 224494 0
0.14832282066345215 0.031745195388793945 222962 0
0.14952492713928223 0.03224945068359375 222620 0
0.14907073974609375 0.03127264976501465 228044 0
0.15122079849243164 0.030452728271484375 222786 0
0.14786195755004883 0.03130054473876953 227660 0
0.15264081954956055 0.03107476234436035 223272 0
0.1481029987335205 0.030844449996948242 222052 0
0.1542041301727295 0.031072616577148438 220690 0
0.14872002601623535 0.03208160400390625 229162 0
0.15619206428527832 0.03219103813171387 227836 0
0.15225982666015625 0.030861616134643555 208182 0
0.15176177024841309 0.030707597732543945 222376 0
0.15337395668029785 0.033926963806152344 229184 0
0.15255355834960938 0.03060293197631836 219646 0
0.14796042442321777 0.03147172927856445 229596 0
0.15312814712524414 0.03281545639038086 228756 0
0.1502208709716797 0.031635284423828125 227106 0
0.15054845809936523 0.031002283096313477 229892 0
0.15071630477905273 0.03250932693481445 228882 0
0.15166878700256348 0.03223896026611328 228676 0
0.15093684196472168 0.03278803825378418 228592 0
0.15514230728149414 0.030530929565429688 221860 0
0.15840530395507812 0.03418850898742676 228822 0
0.15616536140441895 0.03191113471984863 226290 0
0.15743732452392578 0.0322871208190918 227532 0
0.15435004234313965 0.03121471405029297 228346 0
0.15151739120483398 0.031557321548461914 230440 0
0.16007733345031738 0.03188157081604004 229510 0
0.14840483665466309 0.03158712387084961 228130 0
0.1613175868988037 0.03322720527648926 228730 0
0.14764046669006348 0.03202080726623535 228702 0
0.1506509780883789 0.03127884864807129 226736 0
0.14939522743225098 0.03193998336791992 228990 0
0.1515946388244629 0.031572580337524414 222210 0
0.14690351486206055 0.03197002410888672 222576 0
0.14975452423095703 0.03154277801513672 223396 0
0.14799857139587402 0.03211331367492676 226680 0
0.1533048152923584 0.03129243850708008 220172 0
0.14661264419555664 0.031412601470947266 224852 0
0.1583702564239502 0.031911373138427734 227592 0
0.14268875122070312 0.029921531677246094 205418 0
0.14873361587524414 0.03132033348083496 219842 0
0.15019989013671875 0.03254199028015137 221596 0
0.15427088737487793 0.031461477279663086 216836 0
0.1516115665435791 0.032152414321899414 229276 0
0.1540687084197998 0.03323650360107422 230072 0
0.14926505088806152 0.029523134231567383 213310 0
0.14892935752868652 0.030375003814697266 203696 0
0.14928770065307617 0.03113412857055664 222482 0
0.15312552452087402 0.031473398208618164 229356 0
0.15170049667358398 0.032242536544799805 231068 0
0.1513512134552002 0.033172607421875 229934 0
0.1505725383758545 0.031861066818237305 230528 0
0.159210205078125 0.034058332443237305 232222 0
0.1455082893371582 0.03151655197143555 227396 0
0.1521923542022705 0.03213644027709961 229028 0
0.15221500396728516 0.03218269348144531 209848 0
0.15157055854797363 0.031539201736450195 207162 0
0.1487596035003662 0.03282761573791504 230026 0
0.15128302574157715 0.03194451332092285 227720 0
0.1480848789215088 0.03110980987548828 223814 0
0.1470940113067627 0.031164169311523438 225310 0
0.14779925346374512 0.03146719932556152 225354 0
0.1508932113647461 0.03189706802368164 225378 0
0.15507268905639648 0.032277584075927734 226958 0
0.15570878982543945 0.032973289489746094 232592 0
0.15007877349853516 0.0316004753112793 226848 0
0.16121220588684082 0.03284454345703125 224398 0
0.14861226081848145 0.0305631160736084 227612 0
0.15009450912475586 0.03250885009765625 225916 0
0.1460106372833252 0.030779123306274414 216468 0
0.14990687370300293 0.03296661376953125 225866 0
0.15661358833312988 0.03235197067260742 224082 0
0.15814852714538574 0.03231620788574219 223302 0
0.1489243507385254 0.03035902976989746 225242 0
0.15685081481933594 0.03300070762634277 224446 0
0.15025997161865234 0.03165459632873535 227646 0
0.15030455589294434 0.032546281814575195 226846 0
0.14638185501098633 0.031000614166259766 227570 0
0.1545870304107666 0.030424118041992188 223410 0
0.14735722541809082 0.03153347969055176 221580 0
0.15767908096313477 0.03364109992980957 221822 0
0.1466996669769287 0.02962040901184082 221860 0
0.14920520782470703 0.03403878211975098 222238 0
0.1507279872894287 0.030447721481323242 220682 0
0.1545255184173584 0.03604412078857422 223582 0
0.1515026092529297 0.030915498733520508 223710 0
0.14819073677062988 0.037447214126586914 220756 0
0.14852166175842285 0.03104400634765625 218700 0
0.15695667266845703 0.03461885452270508 219446 0
0.15059685707092285 0.0317845344543457 217330 0
0.1501140594482422 0.03435945510864258 202660 0
0.14957880973815918 0.03150177001953125 216346 0
0.15543437004089355 0.03772854804992676 216702 0
0.14845871925354004 0.0330965518951416 219702 0
0.1503913402557373 0.0351715087890625 213940 0
0.14821076393127441 0.03170061111450195 216918 0
0.15155267715454102 0.037960052490234375 217146 0
0.1481177806854248 0.030957698822021484 215782 0
0.14891386032104492 0.03639984130859375 215198 0
0.1474926471710205 0.03127861022949219 217000 0
0.14890456199645996 0.030468225479125977 215732 0
0.1556410789489746 0.032044172286987305 215550 0
0.14835476875305176 0.0319523811340332 217456 0
0.14565134048461914 0.030819416046142578 213294 0
0.14557981491088867 0.029865264892578125 215136 0
0.1473243236541748 0.0297696590423584 217072 0
0.1445605754852295 0.029195308685302734 214696 0
0.14816904067993164 0.030015230178833008 214790 0
0.1461796760559082 0.029014110565185547 216250 0
0.15268564224243164 0.03224349021911621 215878 0
0.14477777481079102 0.030573368072509766 215202 0
0.15140318870544434 0.032541513442993164 216510 0
0.14874053001403809 0.031128406524658203 216182 0
0.14877772331237793 0.03242135047912598 215646 0
0.15227389335632324 0.03174877166748047 217470 0
0.14804625511169434 0.03190159797668457 215342 0
0.15155577659606934 0.03269529342651367 216224 0
0.14628124237060547 0.0320281982421875 213132 0
0.14781761169433594 0.031104326248168945 214542 0
0.15028977394104004 0.031158447265625 214496 0
0.14432287216186523 0.028599977493286133 198884 0
0.1509397029876709 0.03156590461730957 213898 0
0.15446853637695312 0.03256392478942871 214794 0
0.14643311500549316 0.029895305633544922 217346 0
0.14662408828735352 0.030085325241088867 213762 0
0.14594244956970215 0.030555009841918945 215392 0
0.14685893058776855 0.029270648956298828 217074 0
0.14827942848205566 0.03256344795227051 214944 0
0.14891624450683594 0.02925586700439453 215360 0
0.14838218688964844 0.03058028221130371 217932 0
0.1469419002532959 0.029241085052490234 215090 0
0.14958858489990234 0.03159022331237793 214980 0
0.15529966354370117 0.03217816352844238 216170 0
0.14753985404968262 0.0296022891998291 214522 0
0.14873623847961426 0.031220436096191406 213324 0
0.15210604667663574 0.029756546020507812 214972 0
0.14677143096923828 0.030724048614501953 213306 0
0.14843082427978516 0.03162789344787598 213808 0
0.15199589729309082 0.030887842178344727 215124 0
0.14635181427001953 0.0302731990814209 213640 0
0.1472790241241455 0.029880285263061523 212272 0
0.15163016319274902 0.030937910079956055 215944 0
0.15037012100219727 0.030486345291137695 213886 0
0.15325689315795898 0.02989506721496582 212598 0
0.1477794647216797 0.02942037582397461 215448 0
0.1508791446685791 0.03148388862609863 213336 0
0.1470177173614502 0.0298919677734375 214506 0
0.1495215892791748 0.031182289123535156 211704 0
0.14607977867126465 0.031146526336669922 212538 0
0.1492319107055664 0.029457569122314453 212086 0
0.14732146263122559 0.028571605682373047 194200 0
0.14877891540527344 0.031102657318115234 210658 0
0.14603519439697266 0.03007793426513672 213090 0
0.1550898551940918 0.030360937118530273 212006 0
0.15691781044006348 0.030096054077148438 210056 0
0.1480579376220703 0.02993631362915039 212466 0
0.14909076690673828 0.031092166900634766 212748 0
0.1461174488067627 0.029139995574951172 213728 0
0.1558208465576172 0.033762216567993164 213894 0
0.1532607078552246 0.03040456771850586 214150 0
0.15108656883239746 0.031564950942993164 211964 0
0.146928071975708 0.029999732971191406 210518 0
0.14820456504821777 0.030998706817626953 210202 0
0.15291929244995117 0.03185415267944336 211424 0
0.1453263759613037 0.029573917388916016 212088 0
0.14982342720031738 0.030186891555786133 212332 0
0.15472006797790527 0.030129671096801758 207472 0
0.14484882354736328 0.02893686294555664 205186 0
0.1450362205505371 0.02863025665283203 209424 0
0.14534616470336914 0.029024600982666016 209698 0
0.14607548713684082 0.029176950454711914 207124 0
0.14734363555908203 0.030351638793945312 211238 0
0.14925861358642578 0.030560016632080078 211792 0
0.14496374130249023 0.030873775482177734 212380 0
0.1521894931793213 0.03203749656677246 212830 0
0.15351557731628418 0.031829833984375 211158 0
0.1426246166229248 0.029472827911376953 206034 0
0.147324800491333 0.030405282974243164 203122 0
0.14737415313720703 0.02979278564453125 203468 0
0.1464247703552246 0.03058314323425293 202192 0
0.14298343658447266 0.027605772018432617 187906 0
0.14360976219177246 0.028488874435424805 203062 0
0.14656949043273926 0.031252384185791016 203252 0
0.1441478729248047 0.029052019119262695 203242 0
0.14922380447387695 0.030614614486694336 199360 0
0.14310336112976074 0.028405189514160156 202950 0
0.1470956802368164 0.030232667922973633 208656 0
0.14295387268066406 0.029712200164794922 203568 0
0.1418154239654541 0.028188705444335938 205660 0
0.14435386657714844 0.030313491821289062 205376 0
0.14432168006896973 0.033530473709106445 200598 0
0.1430068016052246 0.029965877532958984 199792 0
0.1433095932006836 0.028179407119750977 200394 0
0.1441028118133545 0.02900862693786621 199646 0
0.14090919494628906 0.029054641723632812 198430 0
0.14456796646118164 0.028922319412231445 200584 0
0.14523768424987793 0.02839517593383789 200854 0
0.15126514434814453 0.03042125701904297 202760 0
0.15404224395751953 0.03069472312927246 203940 0
0.14768433570861816 0.029299020767211914 200586 0
0.14674615859985352 0.029879331588745117 201738 0
0.15506386756896973 0.031807661056518555 201960 0
0.1430950164794922 0.030420541763305664 200370 0
0.15100812911987305 0.030261993408203125 201522 0
0.14559435844421387 0.029459238052368164 201242 0
0.14638066291809082 0.028532981872558594 199612 0
0.14188218116760254 0.028511762619018555 199472 0
0.14385104179382324 0.028277873992919922 195098 0
0.14366793632507324 0.029342174530029297 197650 0
0.1437082290649414 0.0301511287689209 196664 0
0.13958215713500977 0.027560710906982422 181406 0
0.1531076431274414 0.03079843521118164 197012 0
0.14167404174804688 0.029559850692749023 199496 0
0.15379095077514648 0.030509471893310547 200504 0
0.14090251922607422 0.029395341873168945 198260 0
0.14789819717407227 0.029170513153076172 200986 0
0.1453089714050293 0.029290437698364258 199824 0
0.15067219734191895 0.02955007553100586 198164 0
0.14395403861999512 0.028786182403564453 206260 0
0.14559698104858398 0.03276324272155762 204832 0
0.13953542709350586 0.028561830520629883 184486 0
0.149383544921875 0.03643393516540527 204112 0
0.14518189430236816 0.029102802276611328 204678 0
0.14446353912353516 0.0354456901550293 203902 0
0.14557838439941406 0.028645038604736328 201064 0
0.1458275318145752 0.03190445899963379 205554 0
0.1455674171447754 0.029875993728637695 206762 0
0.1456136703491211 0.03033900260925293 206824 0
0.1452028751373291 0.028510570526123047 208332 0
0.145094633102417 0.029129981994628906 205574 0
0.14536070823669434 0.028939247131347656 207366 0
0.14545845985412598 0.03029918670654297 204850 0
0.14511656761169434 0.03042316436767578 206836 0
0.15323662757873535 0.03273153305053711 208738 0
0.15350985527038574 0.03131246566772461 208698 0
0.15143465995788574 0.030853271484375 206484 0
0.14461278915405273 0.028423547744750977 201190 0
0.15302157402038574 0.029950618743896484 201336 0
0.14661049842834473 0.03053903579711914 209696 0
0.14667224884033203 0.030256032943725586 208796 0
0.15397357940673828 0.03228020668029785 211196 0
0.14735198020935059 0.03024005889892578 210866 0
0.1496727466583252 0.03030228614807129 206666 0
0.15226078033447266 0.03005504608154297 206332 0
0.15793633460998535 0.030948877334594727 207276 0
0.14706707000732422 0.029224872589111328 208652 0
0.152116060256958 0.03163552284240723 205430 0
0.14624381065368652 0.03215742111206055 207836 0
0.14353156089782715 0.030266523361206055 207540 0
0.14689040184020996 0.03172016143798828 206082 0
0.14653849601745605 0.028502941131591797 209290 0
0.15210342407226562 0.029389381408691406 207342 0
0.14362287521362305 0.029946565628051758 208270 0
0.1532275676727295 0.03138852119445801 207292 0
0.14595341682434082 0.030120849609375 206252 0
0.14513850212097168 0.03098464012145996 204550 0
0.15034937858581543 0.029622793197631836 199908 0
0.14544224739074707 0.029000043869018555 203464 0
0.1427135467529297 0.03107905387878418 202180 0
0.14072179794311523 0.02850055694580078 187850 0
0.14874482154846191 0.030973434448242188 205436 0
0.1496584415435791 0.02982497215270996 205740 0
0.1476445198059082 0.0313262939453125 206916 0
0.14168357849121094 0.029605627059936523 201706 0
0.14325666427612305 0.028558731079101562 204540 0
0.1530468463897705 0.03001260757446289 211536 0
0.15097832679748535 0.031288862228393555 210092 0
0.14852333068847656 0.029552698135375977 210712 0
0.15041422843933105 0.029471158981323242 211228 0
0.15257954597473145 0.03167724609375 208494 0
0.1515803337097168 0.03180241584777832 209194 0
0.14842581748962402 0.029920339584350586 207772 0
0.14675545692443848 0.02989935874938965 207622 0
0.1516263484954834 0.02873992919921875 208398 0
0.14487338066101074 0.029456377029418945 208466 0
0.14577865600585938 0.029303550720214844 207546 0
0.14543843269348145 0.029578685760498047 209886 0
0.15066099166870117 0.031049251556396484 212490 0
0.1440114974975586 0.028917789459228516 209410 0
0.15273046493530273 0.03134632110595703 210828 0
0.1527109146118164 0.030614852905273438 211376 0
0.14517903327941895 0.03207087516784668 209758 0
0.15775370597839355 0.03188800811767578 208438 0
0.1496288776397705 0.03087639808654785 211406 0
0.15312600135803223 0.03314065933227539 237998 0
0.1567854881286621 0.03324270248413086 243542 0
0.1604290008544922 0.03425288200378418 244534 0
0.16042709350585938 0.035988807678222656 246488 0
0.15770363807678223 0.0345613956451416 244342 0
0.1525435447692871 0.03383660316467285 243712 0
0.15201354026794434 0.03300046920776367 245434 0
0.15422415733337402 0.03393244743347168 243250 0
0.1519179344177246 0.03237438201904297 244622 0
0.15463829040527344 0.03322577476501465 244472 0
0.15317869186401367 0.03319692611694336 241132 0
0.15595412254333496 0.03273892402648926 243112 0
0.1517789363861084 0.0319066047668457 245102 0
0.15342354774475098 0.03265786170959473 244566 0
0.148728609085083 0.03271651268005371 244776 0
0.15115642547607422 0.03379011154174805 245646 0
0.1597301959991455 0.035103559494018555 246036 0
0.1534583568572998 0.033580780029296875 243496 0
0.14813852310180664 0.03198385238647461 235342 0
0.1524200439453125 0.033283233642578125 245298 0
0.15263962745666504 0.0331418514251709 244050 0
0.15214204788208008 0.03315591812133789 246164 0
0.15285372734069824 0.032520294189453125 244782 0
0.15018892288208008 0.032416343688964844 245278 0
0.15170931816101074 0.03302741050720215 248484 0
0.15160346031188965 0.03297305107116699 246444 0
0.15150690078735352 0.03334856033325195 247956 0
0.15196847915649414 0.033025503158569336 248070 0
0.14855313301086426 0.03155779838562012 229312 0
0.16081905364990234 0.03355574607849121 246810 0
0.16270899772644043 0.03434276580810547 248076 0
0.15067195892333984 0.03226447105407715 248362 0
0.15693426132202148 0.034209489822387695 249044 0
0.1592884063720703 0.035280466079711914 250110 0
0.15283775329589844 0.03255653381347656 249506 0
0.15411734580993652 0.03252458572387695 250478 0
0.15311193466186523 0.03304147720336914 250394 0
0.1544339656829834 0.03413033485412598 249436 0
0.15055418014526367 0.032381296157836914 246428 0
0.16170644760131836 0.03455948829650879 250648 0
0.15704035758972168 0.0342862606048584 248836 0
0.15556931495666504 0.03354001045227051 249928 0
0.15454936027526855 0.0331728458404541 250538 0
0.15529584884643555 0.03424811363220215 251218 0
0.15322518348693848 0.034981489181518555 250798 0
0.15258002281188965 0.03311514854431152 252512 0
0.15375733375549316 0.034113407135009766 250838 0
0.15886688232421875 0.034273624420166016 251914 0
0.15274667739868164 0.032919883728027344 244080 0
0.15961313247680664 0.034372806549072266 252078 0
0.15303468704223633 0.03276252746582031 252270 0
0.16382884979248047 0.03422808647155762 252734 0
0.15534067153930664 0.03336501121520996 252880 0
0.15328669548034668 0.0342097282409668 251760 0
0.15349173545837402 0.03427386283874512 253812 0
0.15619564056396484 0.036696672439575195 249184 0
0.1568465232849121 0.034076690673828125 256274 0
0.16274094581604004 0.03616690635681152 255664 0
0.14963006973266602 0.031828880310058594 234858 0
0.16360902786254883 0.03777480125427246 253886 0
0.1540544033050537 0.033315181732177734 250318 0
0.15297460556030273 0.03823113441467285 249726 0
0.15519404411315918 0.0347440242767334 254656 0
0.16437458992004395 0.03522968292236328 256704 0
0.16031217575073242 0.032538414001464844 251792 0
0.1567833423614502 0.03554058074951172 257142 0
0.1613302230834961 0.0347597599029541 256584 0
0.16034197807312012 0.03421139717102051 256232 0
0.16012907028198242 0.03516817092895508 256510 0
0.162827730178833 0.03307604789733887 255450 0
0.1529393196105957 0.033510446548461914 252712 0
0.15697336196899414 0.03427767753601074 255194 0
0.15946388244628906 0.033921003341674805 259896 0
0.16115951538085938 0.034838199615478516 255298 0
0.15615367889404297 0.03438234329223633 255836 0
0.16555404663085938 0.035160064697265625 255132 0
0.15623044967651367 0.03411722183227539 255624 0
0.16272354125976562 0.03335142135620117 255318 0
0.15738892555236816 0.03447079658508301 247386 0
0.1644151210784912 0.03504657745361328 253790 0
0.15233802795410156 0.03401303291320801 254346 0
0.15590238571166992 0.03375554084777832 254388 0
0.15509676933288574 0.03409552574157715 252592 0
0.15337657928466797 0.03463554382324219 252440 0
0.15853023529052734 0.03354763984680176 252538 0
0.15253877639770508 0.03340625762939453 247592 0
0.16293072700500488 0.034210205078125 253176 0
0.15475845336914062 0.03376317024230957 253804 0
0.1576368808746338 0.032538652420043945 223910 0
0.1566004753112793 0.03395533561706543 248356 0
0.1581883430480957 0.03277468681335449 243514 0
0.15150761604309082 0.03387331962585449 243140 0
0.15622448921203613 0.033376455307006836 246094 0
0.151932954788208 0.03575921058654785 248644 0
0.15396404266357422 0.034790754318237305 246704 0
0.15924310684204102 0.03491950035095215 249616 0
0.15061235427856445 0.0336146354675293 248662 0
0.1517341136932373 0.03316950798034668 247094 0
0.1544806957244873 0.03333425521850586 244788 0
0.15619397163391113 0.033731937408447266 245734 0
0.15404224395751953 0.03197598457336426 232850 0
0.1596975326538086 0.03282666206359863 243414 0
0.15529131889343262 0.03386998176574707 242886 0
0.15236663818359375 0.032843589782714844 242060 0
0.14978575706481934 0.03176140785217285 241538 0
0.15248966217041016 0.03315877914428711 242820 0
0.15307855606079102 0.032640933990478516 242554 0
0.15845561027526855 0.03363609313964844 239910 0
0.15172290802001953 0.03279876708984375 235860 0
0.1545274257659912 0.0330500602722168 241158 0
0.15019989013671875 0.03389143943786621 244748 0
0.15706396102905273 0.033719539642333984 244694 0
0.16100597381591797 0.03362226486206055 244604 0
0.1583859920501709 0.033452510833740234 245132 0
0.1507277488708496 0.03298830986022949 243512 0
0.15085935592651367 0.032755374908447266 238636 0
0.15291905403137207 0.034182071685791016 240906 0
0.16057515144348145 0.03441023826599121 241734 0
0.14716339111328125 0.03162837028503418 215074 0
0.16097784042358398 0.03381228446960449 239506 0
0.15001463890075684 0.03212785720825195 235430 0
0.1497478485107422 0.03346657752990723 235830 0
0.15257573127746582 0.03228116035461426 239390 0
0.15127134323120117 0.03265857696533203 239036 0
0.1516878604888916 0.03236103057861328 237864 0
0.1574382781982422 0.03349113464355469 240528 0
0.14989185333251953 0.033280134201049805 241576 0
0.1562480926513672 0.034850120544433594 242084 0
0.1530766487121582 0.03405618667602539 241438 0
0.15439844131469727 0.03211188316345215 243758 0
0.15103697776794434 0.0319674015045166 234722 0
0.14954495429992676 0.03210735321044922 241380 0
0.15109848976135254 0.0326077938079834 242168 0
0.1564466953277588 0.0327451229095459 240098 0
0.15581250190734863 0.04022502899169922 242174 0
0.1488630771636963 0.03287696838378906 242318 0
0.15089106559753418 0.03408527374267578 240484 0
0.15367722511291504 0.03319525718688965 242448 0
0.15211272239685059 0.03602766990661621 232788 0
0.15796804428100586 0.034227609634399414 239226 0
0.15118837356567383 0.03606748580932617 240966 0
0.15749669075012207 0.034173011779785156 239508 0
0.15413165092468262 0.035910606384277344 239320 0
0.1493692398071289 0.0327000617980957 239296 0
0.15836620330810547 0.033020734786987305 238402 0
0.1550154685974121 0.03250551223754883 232568 0
0.1535193920135498 0.03198409080505371 237754 0
0.1536867618560791 0.03264737129211426 239778 0
0.15022897720336914 0.032039642333984375 212574 0
0.15600895881652832 0.032944679260253906 236168 0
0.15543174743652344 0.03365945816040039 230464 0
0.15640020370483398 0.03253340721130371 233168 0
0.14989924430847168 0.03292727470397949 237086 0
0.14992189407348633 0.03430628776550293 239324 0
0.15292787551879883 0.03175640106201172 236664 0
0.15009045600891113 0.033083438873291016 240578 0
0.15661025047302246 0.03332877159118652 241516 0
0.1528770923614502 0.03287863731384277 238846 0
0.16043734550476074 0.03535032272338867 239816 0
0.1528024673461914 0.03234386444091797 239058 0
0.15580010414123535 0.03276348114013672 230922 0
0.16322708129882812 0.03297591209411621 238170 0
0.1561439037322998 0.03185319900512695 240912 0
0.1515793800354004 0.032541751861572266 236846 0
0.15238714218139648 0.0327305793762207 240076 0
0.1511673927307129 0.034383535385131836 239664 0
0.15370631217956543 0.03258037567138672 238868 0
0.15054011344909668 0.0329287052154541 239892 0
0.15494561195373535 0.03291153907775879 225762 0
0.15657877922058105 0.03263139724731445 239082 0
0.15989184379577637 0.03418898582458496 239680 0
0.151961088180542 0.0327916145324707 240880 0
0.15550947189331055 0.034325599670410156 239594 0
0.14964628219604492 0.03298830986022949 240502 0
0.15206098556518555 0.032022714614868164 239350 0
0.14691734313964844 0.031398773193359375 233892 0
0.1530454158782959 0.03292131423950195 238122 0
0.14931058883666992 0.03278636932373047 238856 0
0.1490333080291748 0.031024932861328125 215798 0
0.15683364868164062 0.03217172622680664 238068 0
0.15149712562561035 0.031371116638183594 225668 0
0.14976882934570312 0.03243446350097656 238000 0
0.1620626449584961 0.03325247764587402 238586 0
0.1559906005859375 0.0324559211730957 241586 0
0.15263056755065918 0.03153204917907715 233754 0
0.156111478805542 0.03234601020812988 241298 0
0.15465044975280762 0.03275489807128906 242044 0
0.1518552303314209 0.033318281173706055 241504 0
0.15305471420288086 0.03301405906677246 241180 0
0.1524801254272461 0.03299665451049805 239188 0
0.15227675437927246 0.032315731048583984 232310 0
0.1495802402496338 0.03415846824645996 239908 0
0.15885162353515625 0.033740997314453125 239136 0
0.15276050567626953 0.03325033187866211 241980 0
0.15639400482177734 0.03281903266906738 240268 0
0.15630006790161133 0.03319549560546875 240430 0
0.1585097312927246 0.03371691703796387 240898 0
0.15528607368469238 0.03521895408630371 239324 0
0.15341949462890625 0.03386807441711426 232582 0
0.15630435943603516 0.0344088077545166 238384 0
0.16076183319091797 0.03507590293884277 252530 0
0.1653454303741455 0.04062795639038086 252474 0
0.15414881706237793 0.034265995025634766 252650 0
0.16236615180969238 0.03746175765991211 253542 0
0.15697145462036133 0.0330805778503418 254122 0
0.1536567211151123 0.03613781929016113 252534 0
0.1529996395111084 0.0328824520111084 254098 0
0.15523219108581543 0.03719758987426758 251894 0
0.1575157642364502 0.0341486930847168 251086 0
0.15532827377319336 0.037421464920043945 252088 0
0.1534888744354248 0.03422665596008301 250058 0
0.15451645851135254 0.03574204444885254 249452 0
0.15169429779052734 0.032716989517211914 251786 0
0.1635286808013916 0.03429460525512695 252382 0
0.15311670303344727 0.03350424766540527 253406 0
0.15630722045898438 0.033158063888549805 253948 0
0.15880274772644043 0.03424263000488281 253696 0
0.15713882446289062 0.03363394737243652 253548 0
0.1532273292541504 0.03370189666748047 253842 0
0.15719032287597656 0.03453946113586426 251408 0
0.1543292999267578 0.03459906578063965 251574 0
0.1671450138092041 0.03454709053039551 249804 0
0.15268707275390625 0.03330183029174805 250882 0
0.15835857391357422 0.031737565994262695 249640 0
0.16112232208251953 0.03403353691101074 251792 0
0.15883278846740723 0.03345203399658203 251940 0
0.16026520729064941 0.03485727310180664 250566 0
0.15543198585510254 0.03371882438659668 252746 0
0.15346169471740723 0.034200191497802734 252814 0
0.15810942649841309 0.03326106071472168 251812 0
0.15945792198181152 0.03596758842468262 251780 0
0.16126322746276855 0.03594517707824707 253008 0
0.1554558277130127 0.03289365768432617 251500 0
0.17148423194885254 0.035370826721191406 251154 0
0.15232205390930176 0.0338287353515625 249402 0
0.15560460090637207 0.03369283676147461 250002 0
0.1510164737701416 0.032401084899902344 249948 0
0.1544961929321289 0.034475088119506836 251622 0
0.15234637260437012 0.03288912773132324 252206 0
0.15174460411071777 0.0339047908782959 250172 0
0.15511679649353027 0.0349125862121582 250328 0
0.1543726921081543 0.032937049865722656 248926 0
0.15803122520446777 0.03339433670043945 250428 0
0.1591200828552246 0.03322458267211914 249918 0
0.15513896942138672 0.03375363349914551 249624 0
0.15558791160583496 0.03508734703063965 249608 0
0.15543889999389648 0.03296494483947754 247826 0
0.15786218643188477 0.03549933433532715 249648 0
0.1623826026916504 0.03380894660949707 251128 0
0.15715742111206055 0.033826589584350586 249468 0
0.15967297554016113 0.03475761413574219 249558 0
0.15338945388793945 0.0340723991394043 248208 0
0.15970969200134277 0.03590536117553711 247262 0
0.1586306095123291 0.03317618370056152 248568 0
0.15300655364990234 0.03356599807739258 247322 0
0.1520848274230957 0.032918691635131836 247106 0
0.15561389923095703 0.03305673599243164 247014 0
0.15142178535461426 0.03338623046875 247372 0
0.1604294776916504 0.03338909149169922 248426 0
0.1595611572265625 0.03412055969238281 248516 0
0.15909314155578613 0.03365516662597656 247664 0
0.15525555610656738 0.03317570686340332 249116 0
0.15317988395690918 0.034342050552368164 248846 0
0.15341615676879883 0.033199310302734375 249892 0
0.154984712600708 0.03342795372009277 250324 0
0.15482831001281738 0.03318667411804199 250176 0
0.15788841247558594 0.03548717498779297 250798 0
0.15356945991516113 0.03268027305603027 251040 0
0.15252351760864258 0.032257795333862305 250084 0
0.16323113441467285 0.03345751762390137 249932 0
0.1572561264038086 0.035947322845458984 249096 0
0.1602802276611328 0.03533434867858887 249770 0
0.16073322296142578 0.03416633605957031 242786 0
0.15192914009094238 0.03342008590698242 252514 0
0.15616393089294434 0.03434491157531738 251790 0
0.1545276641845703 0.033301591873168945 251204 0
0.15616154670715332 0.03398013114929199 252490 0
0.15694832801818848 0.034514665603637695 255026 0
0.16050076484680176 0.03445625305175781 253938 0
0.15384817123413086 0.033409833908081055 254790 0
0.15607237815856934 0.033384084701538086 254540 0
0.15224075317382812 0.033173561096191406 254836 0
0.15993547439575195 0.03418374061584473 239368 0
0.15384697914123535 0.03342700004577637 238180 0
0.15800690650939941 0.03309345245361328 248760 0
0.1546640396118164 0.03371310234069824 254812 0
0.1524813175201416 0.03341865539550781 241296 0
0.1528470516204834 0.0339961051940918 250074 0
0.16016459465026855 0.032121896743774414 241448 0
0.15100550651550293 0.0327146053314209 240676 0
0.15525484085083008 0.03244423866271973 244228 0
0.15254664421081543 0.03384757041931152 247366 0
0.1589038372039795 0.03334355354309082 247256 0
0.1520214080810547 0.031828880310058594 246538 0
0.16658830642700195 0.03372788429260254 249070 0
0.15343093872070312 0.03361678123474121 248094 0
0.15084123611450195 0.03383517265319824 237542 0
0.15346026420593262 0.03298544883728027 252352 0
0.15222620964050293 0.03319430351257324 249234 0
0.15572786331176758 0.03515934944152832 248362 0
0.16450262069702148 0.034725189208984375 253142 0
0.1604146957397461 0.03599262237548828 253698 0
0.14858603477478027 0.03285408020019531 238816 0
0.1543276309967041 0.03583931922912598 253716 0
0.1524496078491211 0.03356361389160156 254084 0
0.15245437622070312 0.033956289291381836 255066 0
0.15276789665222168 0.03270411491394043 253916 0
0.1552577018737793 0.03415250778198242 256252 0
0.16255736351013184 0.03529977798461914 254722 0
0.15636539459228516 0.035028934478759766 255490 0
0.16190600395202637 0.033266544342041016 254120 0
0.16166901588439941 0.03600907325744629 256040 0
0.15924859046936035 0.034493207931518555 260756 0
0.15597271919250488 0.03377556800842285 256450 0
0.15639758110046387 0.0347294807434082 255160 0
0.15978002548217773 0.034610748291015625 254796 0
0.15854620933532715 0.0339970588684082 254230 0
0.15514540672302246 0.03402853012084961 254778 0
0.15468621253967285 0.03412222862243652 253878 0
0.15838956832885742 0.034543752670288086 253400 0
0.1522972583770752 0.03292250633239746 253418 0
0.16125988960266113 0.03749561309814453 254672 0
0.1550307273864746 0.033385515213012695 255512 0
0.1613907814025879 0.034441232681274414 253718 0
0.15822339057922363 0.0349268913269043 258038 0
0.1598217487335205 0.03362011909484863 256568 0
0.1532742977142334 0.03192472457885742 243096 0
0.15865039825439453 0.03657197952270508 255480 0
0.15482592582702637 0.03459310531616211 252868 0
0.1554396152496338 0.033849239349365234 252522 0
0.1570732593536377 0.038526296615600586 255392 0
0.15972900390625 0.0357663631439209 259264 0
0.15444660186767578 0.03360390663146973 244892 0
0.1566150188446045 0.03516578674316406 256792 0
0.15387773513793945 0.033614158630371094 257326 0
0.15694022178649902 0.03468203544616699 257038 0
0.1542956829071045 0.033612728118896484 254700 0
0.16056251525878906 0.034561872482299805 255420 0
0.15970802307128906 0.03422856330871582 255932 0
0.1652071475982666 0.03334975242614746 256898 0
0.1631932258605957 0.03614091873168945 260672 0
0.1568465232849121 0.037770986557006836 262450 0
0.15411686897277832 0.03364133834838867 257244 0
0.1642754077911377 0.03394293785095215 261930 0
0.15392041206359863 0.034407854080200195 258372 0
0.16742706298828125 0.034413814544677734 262490 0
0.15381264686584473 0.03431963920593262 256830 0
0.15742135047912598 0.03425121307373047 257532 0
0.1547985076904297 0.03376007080078125 256468 0
0.15530991554260254 0.03346872329711914 256592 0
0.163909912109375 0.03492903709411621 260686 0
0.16175508499145508 0.03531956672668457 257804 0
0.15634870529174805 0.034357309341430664 257644 0
0.15331745147705078 0.0344395637512207 255656 0
0.1575007438659668 0.03491783142089844 261546 0
0.1562497615814209 0.035779714584350586 262014 0
0.15315985679626465 0.03323173522949219 251564 0
0.16238141059875488 0.03324174880981445 263276 0
0.15305304527282715 0.033648014068603516 259462 0
0.16086196899414062 0.03542780876159668 259162 0
0.1578843593597412 0.03510427474975586 264290 0
0.15962505340576172 0.033478498458862305 264642 0
0.15509295463562012 0.03350567817687988 256794 0
0.16114258766174316 0.03433394432067871 265518 0
0.15568876266479492 0.03420257568359375 263334 0
0.16615724563598633 0.03586935997009277 264068 0
0.15848636627197266 0.03375840187072754 262328 0
0.1561746597290039 0.03402113914489746 256274 0
0.1567840576171875 0.03442096710205078 256296 0
0.15718626976013184 0.033757925033569336 255094 0
0.15540432929992676 0.034255266189575195 254578 0
0.15807700157165527 0.03417563438415527 255326 0
0.15488195419311523 0.03428220748901367 254240 0
0.15380430221557617 0.03377103805541992 255632 0
0.16461610794067383 0.04020953178405762 254384 0
0.16044950485229492 0.03450751304626465 253480 0
0.15589308738708496 0.0365903377532959 252388 0
0.15291213989257812 0.03309893608093262 252298 0
0.15673351287841797 0.03647112846374512 254894 0
0.1606309413909912 0.034551143646240234 254624 0
0.16459989547729492 0.03495645523071289 254272 0
0.15470075607299805 0.03485703468322754 253596 0
0.1604905128479004 0.03436779975891113 252194 0
0.16325831413269043 0.03521084785461426 253010 0
0.1578819751739502 0.033538103103637695 253446 0
0.15183353424072266 0.0341486930847168 252210 0
0.16112089157104492 0.03431582450866699 252712 0
0.15763092041015625 0.03308415412902832 251368 0
0.16237425804138184 0.03324437141418457 251832 0
0.15835237503051758 0.033507347106933594 251654 0
0.15728759765625 0.03502774238586426 253854 0
0.15584802627563477 0.03421425819396973 252706 0
0.16346430778503418 0.03359198570251465 253442 0
0.1546034812927246 0.0338740348815918 252434 0
0.1567368507385254 0.03340959548950195 251946 0
0.15851402282714844 0.03341507911682129 252308 0
