0.23868846893310547 0.01457524299621582 697380 456299
0.23589396476745605 0.014724493026733398 697803 455921
0.2542400360107422 0.014916419982910156 704038 453017
0.2418684959411621 0.014528751373291016 699981 454994
0.2408308982849121 0.015541553497314453 700357 454987
0.2446591854095459 0.014862298965454102 704250 453115
0.24215936660766602 0.014707326889038086 705467 452460
0.24733376502990723 0.015216350555419922 704305 452995
0.24583196640014648 0.014461278915405273 703500 453331
0.25112056732177734 0.016622066497802734 704464 452869
0.23912811279296875 0.013980627059936523 697888 456169
0.2413935661315918 0.0146026611328125 692430 458663
0.2388322353363037 0.015275716781616211 702806 453790
0.24355077743530273 0.013891220092773438 694999 457826
0.24634361267089844 0.01550602912902832 656709 475707
0.24193263053894043 0.014663219451904297 693000 458540
0.2453601360321045 0.013933658599853516 688189 460884
0.23404526710510254 0.014926910400390625 680702 464103
0.2382972240447998 0.014306068420410156 670276 468920
0.23587775230407715 0.01424098014831543 689711 460123
0.24477815628051758 0.01570916175842285 689179 460226
0.25293588638305664 0.015621662139892578 678636 464777
0.24102783203125 0.015002965927124023 691192 459328
0.24718022346496582 0.014906644821166992 701616 454319
0.23970270156860352 0.014863729476928711 702640 453568
0.24682927131652832 0.015213251113891602 698364 455825
0.24923419952392578 0.015679359436035156 681226 463446
0.24977827072143555 0.015081405639648438 695786 457110
0.24831271171569824 0.015755891799926758 697315 456329
0.24113130569458008 0.015811920166015625 686970 461128
0.23880338668823242 0.01535177230834961 696025 456915
0.23748350143432617 0.015332937240600586 698892 455601
0.2383265495300293 0.01455831527709961 692149 458673
0.2439725399017334 0.014800786972045898 693881 458055
0.2385423183441162 0.014538049697875977 678977 464454
0.2543356418609619 0.01595139503479004 699675 455191
0.23994684219360352 0.015579938888549805 713897 448557
0.23611140251159668 0.01404118537902832 706716 451716
0.24091792106628418 0.014758586883544922 712100 449021
0.2494044303894043 0.014627695083618164 700031 454999
0.25235962867736816 0.01516413688659668 685473 461552
0.23482155799865723 0.013816118240356445 691654 458666
0.2555732727050781 0.014626264572143555 704673 452516
0.2388758659362793 0.014589071273803711 704508 452640
0.2314162254333496 0.014131546020507812 673360 466974
0.2477874755859375 0.01595473289489746 702766 453565
0.24148845672607422 0.01564621925354004 707812 451029
0.2515537738800049 0.015070915222167969 701930 453753
0.23695874214172363 0.014597415924072266 706437 451754
0.24089717864990234 0.014090538024902344 705983 451961
0.24007225036621094 0.015156984329223633 702857 453299
0.24278688430786133 0.014194965362548828 707349 451226
0.24075794219970703 0.015098094940185547 705420 452180
0.2482755184173584 0.015188455581665039 706517 451634
0.2418355941772461 0.015172481536865234 707374 451206
0.2395162582397461 0.015114307403564453 707534 451091
0.24721765518188477 0.015554666519165039 708567 450462
0.24055194854736328 0.014698266983032227 707847 451036
0.24101901054382324 0.01457667350769043 707724 451003
0.23940587043762207 0.014724016189575195 708737 450483
0.2416980266571045 0.015241146087646484 703766 453121
0.24903464317321777 0.016220808029174805 704833 452266
0.23931455612182617 0.014725923538208008 704026 452799
0.2462453842163086 0.015224218368530273 702637 453522
0.2398386001586914 0.015225410461425781 696755 456380
0.24369001388549805 0.015763282775878906 703661 452972
0.24338936805725098 0.01813960075378418 706969 451475
0.24366068840026855 0.015295743942260742 706963 451327
0.25617241859436035 0.014578580856323242 706184 451742
0.23861265182495117 0.014673709869384766 704914 452276
0.24256491661071777 0.014623641967773438 701208 454091
0.24896955490112305 0.015860795974731445 695650 456802
0.24482417106628418 0.01595163345336914 703990 452776
0.24722790718078613 0.0159149169921875 700236 454714
0.235032320022583 0.014559268951416016 661785 472859
0.24367356300354004 0.014966011047363281 702663 453401
0.24165987968444824 0.014919281005859375 701423 454019
0.24011898040771484 0.014796257019042969 693753 457650
0.2399749755859375 0.014665603637695312 696276 456611
0.2529785633087158 0.017039060592651367 696409 456630
0.24311327934265137 0.015195608139038086 702813 453477
0.2383716106414795 0.014504671096801758 705528 452096
0.2481856346130371 0.015437841415405273 700491 454816
0.2454969882965088 0.014799833297729492 699648 455096
0.24459528923034668 0.015044689178466797 698319 456309
0.2425224781036377 0.017240524291992188 698604 455981
0.24019265174865723 0.015384912490844727 684411 462396
0.253629207611084 0.014447212219238281 699316 455697
0.23838305473327637 0.014423847198486328 699734 455469
0.23603558540344238 0.014433145523071289 701326 454584
0.24768638610839844 0.015597343444824219 698378 456022
0.24158358573913574 0.015090227127075195 697702 456427
0.2415778636932373 0.014678716659545898 699057 455547
0.23830199241638184 0.015285253524780273 690730 459659
0.2454526424407959 0.014641761779785156 698815 455790
0.2532823085784912 0.01479029655456543 696609 456707
0.24280977249145508 0.015219449996948242 657911 475075
0.24114680290222168 0.015726327896118164 699619 455410
0.2537693977355957 0.015361309051513672 699336 455598
0.2463977336883545 0.014046192169189453 686591 461387
0.2330472469329834 0.013760566711425781 691435 459143
0.23676013946533203 0.014867305755615234 694959 457370
0.24570083618164062 0.01460719108581543 697078 456726
0.25035905838012695 0.015110492706298828 707508 451681
0.2401270866394043 0.018688201904296875 704406 452942
0.24187421798706055 0.014474153518676758 704501 453161
0.24867892265319824 0.014472484588623047 703804 453310
0.24304699897766113 0.015190362930297852 707831 451381
0.2532382011413574 0.015358924865722656 706496 452289
0.24355268478393555 0.01464533805847168 704019 453421
0.2511255741119385 0.016108036041259766 703941 453392
0.24803662300109863 0.01458430290222168 703163 453968
0.25087404251098633 0.014781713485717773 703038 454047
0.24472904205322266 0.014862775802612305 703741 453780
0.2506682872772217 0.014769792556762695 697741 456757
0.23955464363098145 0.014543771743774414 702359 454451
0.23793530464172363 0.01438593864440918 679527 464588
0.24570465087890625 0.015301942825317383 703151 453935
0.2477264404296875 0.01427316665649414 702457 454237
0.25305700302124023 0.014720916748046875 704675 453150
0.2413771152496338 0.01389932632446289 700324 455339
0.23779964447021484 0.015234947204589844 702621 454052
0.2495567798614502 0.014175176620483398 697861 456292
0.23542094230651855 0.01510167121887207 692270 458867
0.24438977241516113 0.014852523803710938 699950 455280
0.2556426525115967 0.01553964614868164 701738 454281
0.2345566749572754 0.014209508895874023 663745 472238
0.23973393440246582 0.017276287078857422 694678 457697
0.23124074935913086 0.014930009841918945 670393 468790
0.23456740379333496 0.015604734420776367 676609 465775
0.2496504783630371 0.014697074890136719 681214 463499
0.23620104789733887 0.015028238296508789 686733 461087
0.23604798316955566 0.014530181884765625 677244 465494
0.23646283149719238 0.014829397201538086 687026 461064
0.24233150482177734 0.014985084533691406 695078 457265
0.2429654598236084 0.014595985412597656 698921 455753
0.24343013763427734 0.015209436416625977 696100 456870
0.24521589279174805 0.0182645320892334 698894 455462
0.23981714248657227 0.015375614166259766 694478 457740
0.24254608154296875 0.014403820037841797 697605 456242
0.24373292922973633 0.016010046005249023 703492 453331
0.23647475242614746 0.014791727066040039 704390 453178
0.23720216751098633 0.014821767807006836 698632 455582
0.24035000801086426 0.014473438262939453 701025 454575
0.24633359909057617 0.01465153694152832 696801 456609
0.2529444694519043 0.015978574752807617 708835 450791
0.24793434143066406 0.014935970306396484 703390 453328
0.2505502700805664 0.015160083770751953 698785 455566
0.24029278755187988 0.015486955642700195 690273 459153
0.23695707321166992 0.014538288116455078 691226 458506
0.24251794815063477 0.014764547348022461 703135 453399
0.2491605281829834 0.014230966567993164 715370 447571
0.24203729629516602 0.01474618911743164 712876 448599
0.2427973747253418 0.015257596969604492 710606 449663
0.24255943298339844 0.01412510871887207 711422 449403
0.24335646629333496 0.014890432357788086 703340 452941
0.24027609825134277 0.014976024627685547 662740 472427
0.24047470092773438 0.01490640640258789 695665 456706
0.24731731414794922 0.015661239624023438 699824 454626
0.24663114547729492 0.015185117721557617 680788 463311
0.24651312828063965 0.015935897827148438 680910 463201
0.2328791618347168 0.014321565628051758 685211 461064
0.2464008331298828 0.01477193832397461 680728 463358
0.244215726852417 0.01676034927368164 684122 461691
0.24604105949401855 0.013795137405395508 699857 454152
0.24373507499694824 0.014412641525268555 689742 458953
0.23749208450317383 0.014386892318725586 687790 459845
0.23875045776367188 0.015150785446166992 703070 453064
0.23531794548034668 0.014589071273803711 696782 456155
0.24230241775512695 0.014947652816772461 712568 448836
0.2579925060272217 0.01598048210144043 695853 456485
0.24567604064941406 0.014171600341796875 705668 452135
0.25315141677856445 0.01410055160522461 707673 451136
0.24575257301330566 0.014136075973510742 710150 449887
0.2402033805847168 0.015208959579467773 708129 450947
0.2488417625427246 0.014866828918457031 709298 450483
0.2355501651763916 0.015116691589355469 694923 456808
0.25851869583129883 0.015744924545288086 712346 448866
0.25099682807922363 0.01568126678466797 714168 447878
0.25771641731262207 0.014827251434326172 714159 447922
0.24094653129577637 0.015363216400146484 708047 450903
0.23787593841552734 0.014790058135986328 705622 451969
0.24431371688842773 0.014855146408081055 707566 450979
0.23663568496704102 0.014334678649902344 696147 456503
0.25128912925720215 0.014848470687866211 705723 452037
0.24471688270568848 0.014853477478027344 706502 451562
0.23642587661743164 0.013698577880859375 667847 469938
0.23884892463684082 0.01488184928894043 708212 450742
0.2511105537414551 0.015188217163085938 709547 450065
0.23875904083251953 0.01450800895690918 694644 457044
0.24128961563110352 0.015304327011108398 701750 453760
0.2533297538757324 0.013906240463256836 703340 452943
0.2353806495666504 0.015308141708374023 704910 452300
0.2394545078277588 0.01401376724243164 708473 450625
0.2457752227783203 0.0160214900970459 707812 450860
0.23949337005615234 0.014718770980834961 705786 451938
0.251478910446167 0.015613317489624023 707006 451235
0.2394123077392578 0.015551567077636719 709330 450003
0.24838590621948242 0.01466822624206543 708347 450623
0.239609956741333 0.014989137649536133 705971 451751
0.24035334587097168 0.015483379364013672 688902 462915
0.23427724838256836 0.013484001159667969 658039 476986
0.23859882354736328 0.013977527618408203 646771 482305
0.24596619606018066 0.013325691223144531 650900 480280
0.23844504356384277 0.014604568481445312 649475 480944
0.2394707202911377 0.014583587646484375 652724 479425
0.2373976707458496 0.014313459396362305 652938 479269
0.23665285110473633 0.015491485595703125 655262 478097
0.24076342582702637 0.015230178833007812 660466 475542
0.22849321365356445 0.01450657844543457 658155 476648
0.23499488830566406 0.014444828033447266 652139 479685
0.23570561408996582 0.014703989028930664 655922 477782
0.2400362491607666 0.014939546585083008 656184 477735
0.23574376106262207 0.01469111442565918 651581 479966
0.2363269329071045 0.014154195785522461 653722 478815
0.2358417510986328 0.013698816299438477 650911 480165
0.22795844078063965 0.014382123947143555 651399 479943
0.23946332931518555 0.014801979064941406 634357 488284
0.23299384117126465 0.015190839767456055 652867 479113
0.24718642234802246 0.015245199203491211 654807 478228
0.2351973056793213 0.015633583068847656 655467 477787
0.23932886123657227 0.01416635513305664 654970 478183
0.23808884620666504 0.014794349670410156 654136 478460
0.2443077564239502 0.015680789947509766 655659 477787
0.25008130073547363 0.013824701309204102 655769 477646
0.23627543449401855 0.014695882797241211 653771 478770
0.24720382690429688 0.015523195266723633 654429 478397
0.23404884338378906 0.013374567031860352 653721 478531
0.23628830909729004 0.015309810638427734 653310 478883
0.24032211303710938 0.014438390731811523 654453 478331
0.23051166534423828 0.013214826583862305 652098 479460
0.2374718189239502 0.014127969741821289 653329 478763
0.24029064178466797 0.013976573944091797 653999 478528
0.2293095588684082 0.014531612396240234 654150 478442
0.23310232162475586 0.015548467636108398 656835 477021
0.2333202362060547 0.014318704605102539 656052 477415
0.2311415672302246 0.01422262191772461 655043 478129
0.2302074432373047 0.014551877975463867 653696 478818
0.2367563247680664 0.014455795288085938 653881 478677
0.23782634735107422 0.01572561264038086 653560 478710
0.2400214672088623 0.014367818832397461 651561 479762
0.23516058921813965 0.014512062072753906 653371 478836
0.23706459999084473 0.014323949813842773 654949 478197
0.23065471649169922 0.014208078384399414 654585 478505
0.23110532760620117 0.014184713363647461 656371 477348
0.23363375663757324 0.01450204849243164 652878 479217
0.24170827865600586 0.015664339065551758 653067 479063
0.23756170272827148 0.014078378677368164 634178 488590
0.22835016250610352 0.01491236686706543 653250 478890
0.23800230026245117 0.014278411865234375 654001 478616
0.23977088928222656 0.014248847961425781 654929 477990
0.23865914344787598 0.01458430290222168 655594 477938
0.23230791091918945 0.013726949691772461 655575 477778
0.2300865650177002 0.014632940292358398 656864 477153
0.24378705024719238 0.014801025390625 657225 477146
0.23323583602905273 0.014684438705444336 655738 477806
0.23685741424560547 0.015374898910522461 657172 477018
0.23087072372436523 0.01470494270324707 655953 477620
0.23248028755187988 0.014194250106811523 652837 479136
0.23113059997558594 0.013492584228515625 652826 479075
0.23191308975219727 0.015160799026489258 651881 479649
0.23547768592834473 0.017243623733520508 653229 478836
0.2336103916168213 0.014448881149291992 656601 477214
0.24112772941589355 0.015384912490844727 654776 478252
0.23539113998413086 0.015077590942382812 657915 476848
0.2375164031982422 0.014796257019042969 656596 477308
0.23638129234313965 0.01483774185180664 658215 476779
0.24213480949401855 0.01409292221069336 657835 476755
0.2326371669769287 0.014918327331542969 659698 475908
0.23559951782226562 0.01522970199584961 659507 476167
0.23804616928100586 0.014113903045654297 654893 477979
0.23009634017944336 0.014639139175415039 656252 477469
0.24274706840515137 0.015898942947387695 656573 477360
0.24660468101501465 0.015233755111694336 675212 469492
0.2388460636138916 0.014938116073608398 672416 470779
0.24547147750854492 0.014783620834350586 657137 477621
0.2496798038482666 0.015447378158569336 693789 460925
0.24143385887145996 0.014761209487915039 679573 467689
0.24149417877197266 0.013689994812011719 692657 461314
0.2380223274230957 0.014527082443237305 682761 465867
0.23300576210021973 0.01464533805847168 673575 470439
0.23627066612243652 0.015423059463500977 677223 468583
0.240584135055542 0.017990827560424805 679528 467440
0.24901580810546875 0.015364885330200195 676758 468781
0.24103069305419922 0.015260457992553711 674129 469943
0.23145103454589844 0.014360427856445312 670514 471686
0.2379000186920166 0.01496124267578125 656774 477584
0.2320411205291748 0.014982461929321289 656870 477607
0.22768115997314453 0.014460325241088867 645318 483001
0.23255634307861328 0.01723003387451172 651642 479993
0.23914527893066406 0.015269756317138672 653839 478922
0.23783469200134277 0.014188528060913086 650821 480500
0.2301182746887207 0.014607906341552734 649099 481337
0.23033428192138672 0.01407766342163086 652170 479772
0.23154449462890625 0.014570236206054688 651444 480050
0.22926092147827148 0.01418161392211914 651815 479956
0.23148751258850098 0.014736175537109375 653109 479188
0.23512649536132812 0.015552282333374023 655523 478068
0.24299407005310059 0.014785051345825195 655761 478079
0.22397112846374512 0.014285087585449219 624559 493133
0.23645448684692383 0.013596534729003906 655419 477985
0.22773337364196777 0.01414942741394043 657656 477155
0.23850369453430176 0.014403820037841797 650251 480641
0.23882055282592773 0.016035795211791992 657648 477091
0.23289108276367188 0.01476287841796875 656902 477430
0.23092198371887207 0.014735698699951172 655084 478109
0.23299789428710938 0.013473272323608398 659473 476132
0.23471546173095703 0.014082193374633789 656498 477559
0.22693109512329102 0.013694286346435547 655164 478177
0.23704814910888672 0.01508331298828125 655178 478033
0.2339468002319336 0.014629840850830078 652367 479494
0.2295541763305664 0.013493537902832031 654284 478534
0.23495936393737793 0.013259172439575195 654799 478372
0.22914600372314453 0.015372991561889648 657046 477204
0.24068260192871094 0.015315771102905273 657311 477177
0.24673962593078613 0.015591144561767578 660060 475912
0.2434244155883789 0.015163898468017578 656115 477631
0.23511695861816406 0.013146638870239258 655264 478099
0.2378077507019043 0.014718294143676758 657378 477080
0.23313236236572266 0.013905763626098633 654068 478702
0.23092341423034668 0.014356851577758789 652634 479332
0.23800134658813477 0.014487981796264648 655525 478040
0.23502683639526367 0.014984607696533203 654494 478528
0.23177504539489746 0.014266252517700195 655480 478089
0.2398083209991455 0.014358758926391602 656133 477774
0.23903894424438477 0.013325929641723633 653308 479353
0.2421565055847168 0.015840530395507812 651416 480236
0.23523235321044922 0.01472020149230957 658244 477125
0.25017237663269043 0.014887809753417969 657277 477589
0.23080754280090332 0.014520406723022461 625157 493015
0.23679733276367188 0.015465021133422852 655214 478244
0.23994183540344238 0.014129161834716797 661158 475895
0.22584104537963867 0.014162778854370117 648542 481556
0.2335050106048584 0.016721010208129883 662409 475208
0.23173737525939941 0.014375448226928711 660417 476272
0.24167323112487793 0.014962434768676758 654047 478707
0.2333812713623047 0.014066696166992188 663466 474542
0.2291090488433838 0.013513803482055664 661671 475386
0.24334335327148438 0.014678478240966797 661553 475567
0.23528814315795898 0.014817237854003906 661075 475613
0.2380695343017578 0.015006303787231445 656565 477542
0.23830723762512207 0.014216899871826172 661349 475704
0.24030232429504395 0.014524459838867188 657019 477448
0.23601794242858887 0.014756917953491211 660206 476205
0.23179101943969727 0.014769554138183594 660889 475791
0.23169875144958496 0.015522956848144531 661160 475634
0.24588656425476074 0.014207601547241211 662676 475228
0.23436307907104492 0.015344381332397461 660174 476168
0.24064898490905762 0.01372385025024414 661235 475576
0.23723697662353516 0.014582395553588867 659337 476557
0.23022842407226562 0.014850616455078125 655784 477948
0.24310970306396484 0.015205860137939453 660128 476291
0.23461294174194336 0.014438867568969727 655701 478174
0.23055291175842285 0.015065193176269531 658349 477127
0.23933887481689453 0.014893770217895508 659764 476394
0.23044085502624512 0.01415395736694336 655371 478243
0.2352440357208252 0.014530181884765625 651568 479838
0.2431488037109375 0.015372991561889648 663796 474783
0.250169038772583 0.014657258987426758 662637 475271
0.2356586456298828 0.014564037322998047 623746 493438
0.23926949501037598 0.015059947967529297 653468 479055
0.23072052001953125 0.013870716094970703 659811 476535
0.23913121223449707 0.014440774917602539 646711 482301
0.23692607879638672 0.013929128646850586 664807 473895
0.22884035110473633 0.014238119125366211 666767 473027
0.24088644981384277 0.015376091003417969 638732 486374
0.23187661170959473 0.014335155487060547 623970 493357
0.24536490440368652 0.015342235565185547 655904 477978
0.23356199264526367 0.015135765075683594 662817 474748
0.23155546188354492 0.014285802841186523 669589 471935
0.23944544792175293 0.014773130416870117 665697 473960
0.22976398468017578 0.014800310134887695 665583 474068
0.25009846687316895 0.014435529708862305 668156 472734
0.23289108276367188 0.01404118537902832 663883 474756
0.23409008979797363 0.014431953430175781 659394 476540
0.23590970039367676 0.014722108840942383 629271 491031
0.22944211959838867 0.01315617561340332 628379 491503
0.2373046875 0.015152454376220703 662458 475060
0.24065661430358887 0.014891862869262695 666661 473201
0.25066399574279785 0.013849020004272461 659049 476523
0.2354567050933838 0.013651847839355469 660636 475883
0.23708033561706543 0.014448404312133789 661875 475396
0.2475423812866211 0.013720512390136719 660308 476279
0.231658935546875 0.014418601989746094 663573 474934
0.2424333095550537 0.015601634979248047 664977 474085
0.23668646812438965 0.014496088027954102 663338 474718
0.25442075729370117 0.01563239097595215 658070 476947
0.24083590507507324 0.014552593231201172 664295 474228
0.2429947853088379 0.014751434326171875 662717 475147
0.2297661304473877 0.01441812515258789 640598 485831
0.2347276210784912 0.014600992202758789 659920 476255
0.2513918876647949 0.014700651168823242 658211 477209
0.24354314804077148 0.0153961181640625 657150 477494
0.23696684837341309 0.014724969863891602 660428 476170
0.2339327335357666 0.01462697982788086 658275 477345
0.23876690864562988 0.015562772750854492 656547 477995
0.22673797607421875 0.014708280563354492 654496 479003
0.23581290245056152 0.014832735061645508 657861 477634
0.23267483711242676 0.016750097274780273 657597 477678
0.2339003086090088 0.013594627380371094 653664 479330
0.24451923370361328 0.015605688095092773 665206 471532
0.23845744132995605 0.014459371566772461 665037 471472
0.23442697525024414 0.015306234359741211 664117 471645
0.2386786937713623 0.015872955322265625 664531 471390
0.24048900604248047 0.015092849731445312 670624 468221
0.23459219932556152 0.017243146896362305 668501 469363
0.24131417274475098 0.014830589294433594 663821 471989
0.24736738204956055 0.014185428619384766 660887 473288
0.23868513107299805 0.013365030288696289 663352 472394
0.2430887222290039 0.01446080207824707 659366 474226
0.22754716873168945 0.014144182205200195 632367 487310
0.23992514610290527 0.015485763549804688 658652 474532
0.24132752418518066 0.017856597900390625 659346 474087
0.23276925086975098 0.01456761360168457 664977 470992
0.23463797569274902 0.014690876007080078 654279 476383
0.2376422882080078 0.01609015464782715 657594 474574
0.23293018341064453 0.014421463012695312 661681 472410
0.23527908325195312 0.014293909072875977 657094 475045
0.23316478729248047 0.014834165573120117 657294 474868
0.23398327827453613 0.01449131965637207 661196 472672
0.2301023006439209 0.014362335205078125 658148 474337
0.24486827850341797 0.014353036880493164 659581 473502
0.22880172729492188 0.014644622802734375 664166 471271
0.2438356876373291 0.015559196472167969 657029 474808
0.23326802253723145 0.014795780181884766 659661 473606
0.23300933837890625 0.01448369026184082 662685 472016
0.23003792762756348 0.014453411102294922 659562 473244
0.23158860206604004 0.014292240142822266 660036 473247
0.2376997470855713 0.015027284622192383 662323 472107
0.23830533027648926 0.013983964920043945 661759 472423
0.2347726821899414 0.014911651611328125 662208 472449
0.23407220840454102 0.014866828918457031 664693 470870
0.24230647087097168 0.01590704917907715 664073 471270
0.24389886856079102 0.015097379684448242 664961 470858
0.23477745056152344 0.014390707015991211 666755 470111
0.247100830078125 0.014122247695922852 663299 471855
0.2346019744873047 0.014496088027954102 665428 470929
0.2355329990386963 0.01453542709350586 662145 472479
0.23208165168762207 0.014877796173095703 663508 471967
0.23141193389892578 0.014232397079467773 663080 472187
0.2342061996459961 0.013116121292114258 634121 486387
0.23825693130493164 0.014266252517700195 661862 472861
0.24733662605285645 0.014293670654296875 664476 471536
0.2346477508544922 0.014957904815673828 668374 469293
0.23504972457885742 0.014662027359008789 661812 472944
0.2290029525756836 0.014169692993164062 664100 471677
0.23043131828308105 0.014885902404785156 667466 469748
0.24507761001586914 0.014200448989868164 664300 471519
0.22912216186523438 0.014109134674072266 664281 471568
0.2330160140991211 0.014085531234741211 669010 469001
0.23560500144958496 0.014771461486816406 663158 472293
0.2349715232849121 0.013509750366210938 663015 472159
0.2283318042755127 0.014788150787353516 664347 471637
0.23787736892700195 0.014845609664916992 661617 472915
0.23238611221313477 0.014537334442138672 661163 473149
0.2326350212097168 0.015125274658203125 662977 472212
0.23673772811889648 0.014984846115112305 659516 473990
0.23316049575805664 0.01397562026977539 659992 473889
0.23924851417541504 0.014101505279541016 662737 472210
0.23911643028259277 0.014774560928344727 660615 473422
0.24201250076293945 0.015679121017456055 661494 472991
0.23525142669677734 0.015247583389282227 664132 471456
0.23625421524047852 0.015609025955200195 661576 472678
0.23017191886901855 0.013896465301513672 660428 473261
0.23495197296142578 0.014969110488891602 664208 471421
0.2452242374420166 0.014101743698120117 661462 472876
0.24126410484313965 0.013936996459960938 662657 472164
0.24168944358825684 0.015523672103881836 658234 474365
0.24015450477600098 0.013455629348754883 660431 473458
0.2323305606842041 0.01517939567565918 659794 473611
0.22830629348754883 0.014132499694824219 629707 488494
0.242750883102417 0.014869928359985352 656684 475174
0.23453974723815918 0.014729976654052734 660030 473458
0.23019003868103027 0.014408349990844727 663237 471664
0.24483370780944824 0.01531529426574707 659520 473671
0.23282933235168457 0.014883279800415039 662792 471965
0.23850297927856445 0.015811443328857422 666597 470004
0.2386794090270996 0.015096187591552734 664955 470856
0.2487475872039795 0.015182256698608398 665967 470429
0.24066638946533203 0.014795780181884766 665348 470649
0.23915314674377441 0.014873981475830078 661703 472581
0.24556756019592285 0.013397932052612305 661402 472802
0.23534536361694336 0.014458894729614258 661260 472809
0.23945188522338867 0.015316486358642578 660902 472996
0.2325124740600586 0.01442575454711914 661327 472982
0.23053240776062012 0.01526951789855957 662914 471904
0.23147988319396973 0.01443791389465332 652356 477167
0.24524903297424316 0.014047384262084961 651959 477272
0.23268795013427734 0.013243913650512695 656729 474918
0.23328495025634766 0.013759851455688477 661090 472746
0.23605751991271973 0.014465093612670898 659730 473327
0.24660229682922363 0.014335155487060547 664635 470752
0.23964190483093262 0.014523983001708984 667559 469608
0.23039484024047852 0.014950037002563477 669484 468889
0.2396094799041748 0.015394926071166992 669542 468443
0.23986005783081055 0.015082359313964844 669216 469053
0.24430537223815918 0.015697240829467773 659157 473561
0.22786545753479004 0.014804601669311523 652539 476828
0.23532366752624512 0.014525890350341797 655828 475202
0.23055171966552734 0.014615297317504883 652731 476838
0.22670412063598633 0.0160825252532959 623729 490963
0.23482155799865723 0.014595270156860352 656828 474708
0.2379002571105957 0.014770984649658203 658046 473960
0.24201607704162598 0.015406608581542969 657571 474016
0.22907233238220215 0.01465296745300293 651695 477147
0.23260259628295898 0.014380931854248047 654686 475629
0.23267364501953125 0.01456594467163086 667527 469562
0.24054551124572754 0.015592813491821289 661708 472380
0.2381746768951416 0.013336658477783203 661847 472190
0.23709726333618164 0.015507221221923828 659527 473387
0.23383045196533203 0.014589309692382812 653225 476441
0.2439255714416504 0.013273000717163086 651498 477330
0.2316296100616455 0.015180826187133789 652276 476869
0.23316407203674316 0.015355110168457031 650291 478044
0.23380351066589355 0.014335393905639648 649990 478254
0.23493170738220215 0.015306234359741211 653082 476702
0.23865342140197754 0.015340089797973633 654630 475952
0.23148655891418457 0.014993429183959961 658899 473525
0.24001383781433105 0.01503300666809082 661059 472435
0.2317190170288086 0.013616085052490234 655951 475242
0.23363637924194336 0.015020608901977539 656362 474942
0.2332925796508789 0.0143890380859375 656643 474661
0.2335667610168457 0.014391422271728516 653682 476174
0.23711895942687988 0.01433253288269043 653926 476137
0.23022937774658203 0.015023946762084961 652662 476779
0.24071216583251953 0.014592885971069336 651396 477436
0.23970866203308105 0.014927387237548828 649382 478423
0.229461669921875 0.013368844985961914 641666 482510
0.22481083869934082 0.014648199081420898 650113 478260
0.22481441497802734 0.013849020004272461 646535 479935
0.23560357093811035 0.014646768569946289 617805 494106
0.22970342636108398 0.014404058456420898 646991 479678
0.23273110389709473 0.013149023056030273 653131 476599
0.2359163761138916 0.014071226119995117 655179 475502
0.2387251853942871 0.014757871627807617 649540 478374
0.23248624801635742 0.013923168182373047 655469 475502
0.22971534729003906 0.014589309692382812 652474 476930
0.23024654388427734 0.014499187469482422 650217 478072
0.23737478256225586 0.014182567596435547 655663 475062
0.23549413681030273 0.014635086059570312 652393 476756
0.2323288917541504 0.012810707092285156 616758 494573
0.23247718811035156 0.015268564224243164 650249 477723
0.24659132957458496 0.015130043029785156 656345 474756
0.23453211784362793 0.0149688720703125 653939 475854
0.22774529457092285 0.013448238372802734 650266 477806
0.23557019233703613 0.01489877700805664 656034 474715
0.23327255249023438 0.016680479049682617 662140 472110
0.24595856666564941 0.015417098999023438 660419 473120
0.23398661613464355 0.015559196472167969 663197 471855
0.2326493263244629 0.01510310173034668 658672 473817
0.2330305576324463 0.014980316162109375 659912 473022
0.23254084587097168 0.015039443969726562 657324 474317
0.23176217079162598 0.013881444931030273 659096 473464
0.23168611526489258 0.014417409896850586 662539 471807
0.243438720703125 0.013757705688476562 663333 471448
0.23972177505493164 0.013987541198730469 656511 474624
0.234053373336792 0.01416325569152832 647596 479026
0.23679590225219727 0.014696836471557617 646832 479342
0.2319943904876709 0.014465808868408203 653520 476317
0.23923635482788086 0.015837907791137695 652310 477121
0.24022769927978516 0.014556884765625 655365 475557
0.23882365226745605 0.014882564544677734 653990 476210
0.24106645584106445 0.015073537826538086 648926 478797
0.22951412200927734 0.013432741165161133 647511 479450
0.23318219184875488 0.014293909072875977 649868 478180
0.2238919734954834 0.015465736389160156 649581 478294
0.23020386695861816 0.014667272567749023 648413 478929
0.23047733306884766 0.013123273849487305 648966 478693
0.23569369316101074 0.015116691589355469 649819 478324
0.24712085723876953 0.015721559524536133 647546 479331
0.23256373405456543 0.014763832092285156 654102 476010
0.24434709548950195 0.013428688049316406 650825 477827
0.23450946807861328 0.014972925186157227 653702 476273
0.23221588134765625 0.014322042465209961 655524 475278
0.2444016933441162 0.013982534408569336 653823 476065
0.23566126823425293 0.014344215393066406 653351 476190
0.23378396034240723 0.01433706283569336 643432 481458
0.23337960243225098 0.014202594757080078 652137 476910
0.23900914192199707 0.014803647994995117 649239 478345
0.23058176040649414 0.013355255126953125 617891 493703
0.23686790466308594 0.014281272888183594 651079 477445
0.2266077995300293 0.014146566390991211 652371 476832
0.23496484756469727 0.014726400375366211 654404 475764
0.23118901252746582 0.014133930206298828 648522 478705
0.22681856155395508 0.01414799690246582 652251 476795
0.2395482063293457 0.015205860137939453 665782 470169
0.23137903213500977 0.01370692253112793 665022 470755
0.23427939414978027 0.013505935668945312 665253 470678
0.23366308212280273 0.014085531234741211 664215 470907
0.24461913108825684 0.015613794326782227 657314 474412
0.23667192459106445 0.015035152435302734 659657 473070
0.24282550811767578 0.014343500137329102 654396 475795
0.2491157054901123 0.01415109634399414 654698 475774
0.23233580589294434 0.014171123504638672 656719 474839
0.23230886459350586 0.014462471008300781 656194 474938
0.24719834327697754 0.01490020751953125 654907 475829
0.23833084106445312 0.014719009399414062 659097 473664
0.2289574146270752 0.014823675155639648 663318 471481
0.24281883239746094 0.015278339385986328 654822 475765
0.2384648323059082 0.014324665069580078 659459 473544
0.23045587539672852 0.014845848083496094 657114 474616
0.24165105819702148 0.01461648941040039 655470 475606
0.23756623268127441 0.014340639114379883 653953 476234
0.2450392246246338 0.014615774154663086 658266 474037
0.24165654182434082 0.01510930061340332 682177 464366
0.23425674438476562 0.016165494918823242 690501 460891
0.24991750717163086 0.015341043472290039 692431 460052
0.2455463409423828 0.014874935150146484 694664 458878
0.2466413974761963 0.014986753463745117 692430 459931
0.25029516220092773 0.014307260513305664 692445 460040
0.24178266525268555 0.015834331512451172 694690 458800
0.24186158180236816 0.015888690948486328 689925 461362
0.23719000816345215 0.014824867248535156 694641 459004
0.24072623252868652 0.014606475830078125 693720 459405
0.24725008010864258 0.013730287551879883 687023 462682
0.23759102821350098 0.015577077865600586 692834 459995
0.23932480812072754 0.013770580291748047 692669 460132
0.24092984199523926 0.015256404876708984 691252 460885
0.25578856468200684 0.015048980712890625 692342 460316
0.24475669860839844 0.01470804214477539 693781 459535
0.23667645454406738 0.015011072158813477 694287 459403
0.23563861846923828 0.014685869216918945 687760 462611
0.23723101615905762 0.014573812484741211 670764 470143
0.2410728931427002 0.01467442512512207 692739 460357
0.2454662322998047 0.014947891235351562 692597 460405
0.2480616569519043 0.015589714050292969 692584 460001
0.2422962188720703 0.014576435089111328 693443 459978
0.2465958595275879 0.01447606086730957 691831 460768
0.23851323127746582 0.014841318130493164 700391 456526
0.24117565155029297 0.014481544494628906 693408 459828
0.2465965747833252 0.016276121139526367 698386 457598
0.24542021751403809 0.014168739318847656 697474 457692
0.234266996383667 0.014981508255004883 662027 474691
0.24243879318237305 0.013725757598876953 694967 458894
0.2553822994232178 0.015581369400024414 696054 458147
0.24005126953125 0.014407873153686523 698726 456869
0.23950982093811035 0.015717029571533203 700135 456317
0.24156403541564941 0.014913082122802734 703641 454389
0.247483491897583 0.01564955711364746 702255 455200
0.2631995677947998 0.01570606231689453 704873 453916
0.24211573600769043 0.015516996383666992 704763 454001
0.24371051788330078 0.01626753807067871 702370 455122
0.2405393123626709 0.01491999626159668 694662 458812
0.2447512149810791 0.014611482620239258 704096 454355
0.2468554973602295 0.015293359756469727 698522 456990
0.23862576484680176 0.014935970306396484 703284 454757
0.24506592750549316 0.015182733535766602 704531 453871
0.24112892150878906 0.015197277069091797 704948 453740
0.24243855476379395 0.015668153762817383 703741 454567
0.24570775032043457 0.014721870422363281 708054 452074
0.24849319458007812 0.015477895736694336 704688 453917
0.2565164566040039 0.016055583953857422 707253 452656
0.24287176132202148 0.015937089920043945 687817 461175
0.24760746955871582 0.015601873397827148 707491 452724
0.2512531280517578 0.015877723693847656 707110 452782
0.24519777297973633 0.015188217163085938 708379 452105
0.24191808700561523 0.015166282653808594 708287 452301
0.24840354919433594 0.014422178268432617 707850 452460
0.25209736824035645 0.01540517807006836 710473 451130
0.2552313804626465 0.015824556350708008 701503 455346
0.24883389472961426 0.015390157699584961 711098 450869
0.24420380592346191 0.014356136322021484 713960 449400
0.23841571807861328 0.014461994171142578 673620 468631
0.2557995319366455 0.015018463134765625 708362 452111
0.2465522289276123 0.015500783920288086 701544 454958
0.24603652954101562 0.015143632888793945 700842 455536
0.24864506721496582 0.015319347381591797 710487 451301
0.2488415241241455 0.016014814376831055 713985 449538
0.240311861038208 0.015290021896362305 701215 455361
0.25204968452453613 0.01636528968811035 714676 449196
0.24854421615600586 0.015477657318115234 713371 449671
0.24735474586486816 0.015756845474243164 712109 450496
0.2545125484466553 0.01465916633605957 713585 449844
0.24987244606018066 0.014870405197143555 710497 450938
0.2461094856262207 0.015351295471191406 703505 454372
0.24919772148132324 0.015105962753295898 711961 450459
0.2409677505493164 0.014989852905273438 714327 449060
0.2448885440826416 0.015304088592529297 711913 450499
0.24816632270812988 0.014825582504272461 714049 449434
0.24891996383666992 0.014952421188354492 712075 450057
0.24691104888916016 0.014258146286010742 714239 449357
0.24238061904907227 0.015034198760986328 713753 449409
0.24517440795898438 0.014739513397216797 694265 458081
0.24571490287780762 0.015404701232910156 710009 451297
0.25148820877075195 0.015333890914916992 712354 450142
0.24866104125976562 0.016344785690307617 712788 449778
0.24204707145690918 0.014741897583007812 708751 451912
0.24774718284606934 0.014885902404785156 709312 451592
0.25300168991088867 0.01570296287536621 707710 452283
0.2483370304107666 0.01458430290222168 697227 457232
0.2416365146636963 0.015353679656982422 710234 451227
0.24675416946411133 0.014802217483520508 711082 450497
0.2380540370941162 0.015176773071289062 664381 472887
0.24401545524597168 0.014553308486938477 702301 454651
0.2472383975982666 0.014789581298828125 691118 459382
0.24670743942260742 0.014947891235351562 690086 460097
0.24158191680908203 0.01433873176574707 698617 456190
0.24371027946472168 0.01552724838256836 702522 454172
0.24179697036743164 0.014892816543579102 695792 457671
0.2422504425048828 0.014997720718383789 704602 453487
0.24554014205932617 0.014759302139282227 703084 454244
0.2425365447998047 0.01499176025390625 699880 455886
0.246412992477417 0.014580011367797852 696031 457581
0.25552964210510254 0.015356779098510742 697910 456508
0.24332499504089355 0.014790534973144531 678143 465504
0.2380671501159668 0.014948606491088867 693905 458660
0.2541351318359375 0.014481544494628906 694536 458173
0.24263978004455566 0.014519929885864258 693657 458731
0.2424323558807373 0.01492166519165039 693686 458936
0.24395084381103516 0.01547384262084961 694896 458045
0.24608850479125977 0.014668703079223633 694041 458587
0.2524557113647461 0.014435529708862305 692714 459094
0.23576116561889648 0.014801263809204102 678484 465419
0.23602676391601562 0.014876365661621094 692628 459214
0.2399444580078125 0.014457464218139648 699734 455916
0.25420284271240234 0.014801740646362305 699090 456237
0.24119353294372559 0.015880584716796875 697311 457005
0.24486970901489258 0.015198945999145508 699800 455972
0.24371957778930664 0.014592170715332031 697247 457035
0.24457383155822754 0.015089273452758789 683270 463545
0.23932862281799316 0.01633310317993164 692792 459351
0.24604058265686035 0.015274286270141602 691976 459511
0.24545907974243164 0.013265609741210938 650574 479350
0.23722338676452637 0.015141963958740234 690490 460302
0.23181843757629395 0.014771223068237305 677889 465746
0.23508667945861816 0.01566457748413086 683101 463718
0.23620319366455078 0.014617204666137695 689472 460907
0.2356395721435547 0.014805316925048828 690465 460370
0.23660492897033691 0.015264034271240234 686442 462308
0.2426292896270752 0.015103578567504883 695361 458268
0.23684310913085938 0.01368856430053711 696107 457784
0.24537253379821777 0.015799760818481445 698032 457062
0.23640990257263184 0.014662981033325195 697972 457100
0.23840999603271484 0.013656139373779297 697426 457321
0.23610186576843262 0.0150604248046875 680969 464797
0.2473440170288086 0.014884710311889648 697422 457370
0.24094915390014648 0.01507568359375 698730 456749
0.2437572479248047 0.014422893524169922 696757 457800
0.2388918399810791 0.01569962501525879 696749 457745
0.25136899948120117 0.014426231384277344 697422 457252
0.24026823043823242 0.015417814254760742 694457 458636
0.24377989768981934 0.01495504379272461 695431 458327
0.2432389259338379 0.014920711517333984 677584 466234
0.2451479434967041 0.01577615737915039 692060 459809
0.25244569778442383 0.015666484832763672 695263 458561
0.2513248920440674 0.015546321868896484 693276 459324
0.24669957160949707 0.015887737274169922 693241 459566
0.24395489692687988 0.01479029655456543 692867 459725
0.2409982681274414 0.014525175094604492 691249 460410
0.2470252513885498 0.015320062637329102 684123 463682
0.24692511558532715 0.013662576675415039 692397 460045
0.23863554000854492 0.015071630477905273 692204 459980
0.22754788398742676 0.01422739028930664 650544 479607
0.23427438735961914 0.013897418975830078 687144 462335
0.23546600341796875 0.015330314636230469 671997 468866
0.24106431007385254 0.014077425003051758 678776 466234
0.23964667320251465 0.014832258224487305 690013 461095
0.24625468254089355 0.015038490295410156 691417 460298
0.23806214332580566 0.015711307525634766 686521 462672
0.24071717262268066 0.014492034912109375 693504 459458
0.23583316802978516 0.014567852020263672 694193 459170
0.24633431434631348 0.014604568481445312 693148 459741
0.2469482421875 0.014757394790649414 692048 460210
0.24576616287231445 0.015886306762695312 690984 460595
0.23950552940368652 0.01497340202331543 672664 468802
0.2395186424255371 0.015619039535522461 692586 459928
0.24520277976989746 0.014067888259887695 692094 460190
0.23981046676635742 0.015192031860351562 691455 460570
0.2464432716369629 0.014906167984008789 691041 460814
0.24812865257263184 0.014528989791870117 693176 459582
0.23662948608398438 0.014809370040893555 691006 460630
0.2404017448425293 0.014820337295532227 690475 461013
0.23357677459716797 0.015500068664550781 669146 470254
0.23455524444580078 0.014980077743530273 691133 460536
0.24015355110168457 0.014767885208129883 692722 459857
0.2368791103363037 0.015335321426391602 692217 459981
0.24726128578186035 0.01439523696899414 691717 460319
0.24096035957336426 0.015393733978271484 692128 460277
0.25095462799072266 0.015280961990356445 691065 460487
0.23584818840026855 0.01489400863647461 680638 465444
0.2414686679840088 0.015203475952148438 690508 460919
0.2501413822174072 0.016527891159057617 690829 460715
0.23862957954406738 0.014317512512207031 655059 477617
0.24581480026245117 0.014790058135986328 688757 461687
0.23972368240356445 0.015044689178466797 666095 471842
0.24746108055114746 0.014214277267456055 688201 462064
0.24347782135009766 0.014342308044433594 690115 461124
0.24094867706298828 0.016126155853271484 691924 460271
0.24236059188842773 0.017327547073364258 683738 464068
0.248396635055542 0.01526021957397461 692274 460196
0.25468873977661133 0.015839099884033203 693355 459553
0.23955893516540527 0.014771699905395508 692654 459960
0.24045848846435547 0.015150785446166992 694396 459191
0.23817133903503418 0.015061616897583008 691610 460492
0.23932814598083496 0.015058755874633789 674824 467861
0.24941492080688477 0.015451669692993164 694358 459031
0.23659467697143555 0.015827655792236328 695529 458288
0.24296259880065918 0.015173912048339844 696007 458204
0.2433469295501709 0.015824079513549805 696694 457793
0.2498922348022461 0.015803813934326172 697222 457650
0.2413952350616455 0.015372753143310547 693502 459186
0.23528552055358887 0.014025211334228516 693624 459145
0.2526872158050537 0.015143632888793945 679589 465448
0.25228095054626465 0.015747547149658203 690411 460672
0.2440652847290039 0.013837337493896484 706669 453520
0.23822402954101562 0.01591014862060547 705095 454203
0.24771690368652344 0.014110565185546875 707504 453271
0.25197815895080566 0.015756845474243164 708673 452760
0.2368762493133545 0.014672994613647461 709780 452166
0.24658918380737305 0.015075206756591797 705831 454084
0.2396104335784912 0.015204191207885742 710208 452018
0.24486351013183594 0.01472163200378418 704810 454421
0.24689459800720215 0.015676021575927734 703418 455213
0.23938870429992676 0.014406442642211914 707026 453507
0.23937106132507324 0.014688968658447266 700605 456369
0.23961734771728516 0.015123844146728516 705141 454162
0.24982357025146484 0.01613330841064453 707015 453444
0.2519705295562744 0.015347003936767578 708260 452834
0.25482940673828125 0.01492452621459961 711784 451030
0.2408137321472168 0.015323638916015625 710487 451691
0.2545294761657715 0.015900135040283203 711316 451350
0.2572054862976074 0.015830516815185547 710864 451482
0.24431848526000977 0.017422199249267578 711449 451269
0.25020670890808105 0.016000747680664062 706697 453310
0.23877406120300293 0.015943288803100586 704612 454343
0.2415149211883545 0.014996051788330078 703209 455181
0.2459547519683838 0.015168905258178711 703779 454641
0.2437756061553955 0.01542210578918457 700790 456300
0.2433931827545166 0.015326738357543945 704518 454563
0.2408139705657959 0.014923095703125 704313 454648
0.2479710578918457 0.014136314392089844 700567 456448
0.24993109703063965 0.0160219669342041 707849 452995
0.2529158592224121 0.015317201614379883 709440 452123
0.2388157844543457 0.015122413635253906 705371 454260
0.25214624404907227 0.014990806579589844 705290 454151
0.2512016296386719 0.013838529586791992 707310 453169
0.23793601989746094 0.014510631561279297 703048 455363
0.23808550834655762 0.015358448028564453 703058 455227
0.23841261863708496 0.015103816986083984 700599 456152
0.2417161464691162 0.014767885208129883 701494 456018
0.2365555763244629 0.015396595001220703 699320 456847
0.24552512168884277 0.01577138900756836 703519 454988
0.24822759628295898 0.014743328094482422 706840 453637
0.24192452430725098 0.015000343322753906 699288 457104
0.23862910270690918 0.015322446823120117 700926 456315
0.24672770500183105 0.01601409912109375 700809 456325
0.24437999725341797 0.015197038650512695 701423 456238
0.25301432609558105 0.015875577926635742 699847 456859
0.2466588020324707 0.01539468765258789 700822 456301
0.24321985244750977 0.014681100845336914 700653 456640
0.24457192420959473 0.015655994415283203 697418 457851
0.241896390914917 0.015227079391479492 701722 456009
0.23948431015014648 0.015125036239624023 705966 454144
0.25087499618530273 0.01550912857055664 702892 455492
0.2612447738647461 0.014996528625488281 700803 457086
0.25005149841308594 0.014676809310913086 701978 456348
0.24575471878051758 0.0153350830078125 698239 458212
0.24246931076049805 0.015069723129272461 700291 457172
0.2401731014251709 0.014846324920654297 695633 459317
0.24025893211364746 0.016779184341430664 696008 459323
0.23714756965637207 0.015304803848266602 696173 459106
0.24603700637817383 0.015183687210083008 696746 458811
0.2395486831665039 0.014630794525146484 699398 457627
0.25519585609436035 0.015302419662475586 699656 457427
0.2509770393371582 0.015356779098510742 698136 458206
0.23671889305114746 0.015300273895263672 698998 457716
0.24703717231750488 0.015279769897460938 698523 457960
0.2409980297088623 0.014908552169799805 702332 456186
0.2514493465423584 0.015011072158813477 701663 456582
0.24357938766479492 0.015558481216430664 702110 456293
0.24609708786010742 0.016539573669433594 702497 456076
0.24144744873046875 0.015400409698486328 704948 454863
0.24237465858459473 0.014706850051879883 702849 455848
0.2478492259979248 0.014738321304321289 704360 455262
0.2487797737121582 0.015494585037231445 701849 456254
0.24334383010864258 0.014488458633422852 702429 455883
0.23670315742492676 0.015574216842651367 694590 459609
0.2453005313873291 0.014580249786376953 711340 451561
0.25354909896850586 0.015580177307128906 709804 452292
0.24899888038635254 0.015601634979248047 710007 452338
0.2494065761566162 0.015229940414428711 709737 452397
0.2429196834564209 0.015547752380371094 715195 449553
0.24221396446228027 0.013981103897094727 712779 450647
0.24896550178527832 0.015685558319091797 715542 449328
0.24655914306640625 0.01470947265625 713821 450366
0.2513411045074463 0.015306234359741211 714582 449826
0.24566173553466797 0.014465570449829102 690456 461570
0.24883151054382324 0.014845132827758789 688161 461913
0.2503321170806885 0.014575719833374023 709069 452690
0.24086856842041016 0.015391349792480469 723197 446564
0.24371576309204102 0.014904022216796875 698148 458584
0.250103235244751 0.01577162742614746 710082 452487
0.24929332733154297 0.01443934440612793 692512 461166
0.23851752281188965 0.014863967895507812 694230 460325
0.24224543571472168 0.0142364501953125 696348 459378
0.23849225044250488 0.014713287353515625 703962 455722
0.2526261806488037 0.016303300857543945 701411 457083
0.2394871711730957 0.013684988021850586 697836 458761
0.24442362785339355 0.014893293380737305 705300 455017
0.2506272792816162 0.01595592498779297 703900 455759
0.2353048324584961 0.015709877014160156 678450 467678
0.24318170547485352 0.01452183723449707 710973 452406
0.24365711212158203 0.01388406753540039 702395 456385
0.24770402908325195 0.015004873275756836 698192 458645
0.24170255661010742 0.015399694442749023 710913 452512
0.2393648624420166 0.015028953552246094 714329 451067
0.2419288158416748 0.013970613479614258 685540 464465
0.24945354461669922 0.0147552490234375 713704 451499
0.2473604679107666 0.014129400253295898 712993 451714
0.23852777481079102 0.015124797821044922 714519 451031
0.2427692413330078 0.015016317367553711 710824 452699
0.24701666831970215 0.016249656677246094 716536 449993
0.2455601692199707 0.015105724334716797 714594 450877
0.2513089179992676 0.015488147735595703 716298 450042
0.2556617259979248 0.015012979507446289 710632 452472
0.2609870433807373 0.016266345977783203 716191 449958
0.24727964401245117 0.015735149383544922 722459 447152
0.2508108615875244 0.01477193832397461 717868 449084
0.2462623119354248 0.014882087707519531 714482 450584
0.2422027587890625 0.015477180480957031 713792 451004
0.25235843658447266 0.015383481979370117 709923 452801
0.2409210205078125 0.01555943489074707 712624 451261
0.2550516128540039 0.015629053115844727 713700 450994
0.25780224800109863 0.015677452087402344 710476 452350
0.24707603454589844 0.015795469284057617 711569 452051
0.2432844638824463 0.014896154403686523 713872 450939
0.24085712432861328 0.015454530715942383 714192 450616
0.24773955345153809 0.015313148498535156 709053 452891
0.2405385971069336 0.014757394790649414 715008 450217
0.24950408935546875 0.015244007110595703 717510 448808
0.251511812210083 0.014418363571166992 690485 461628
0.2492063045501709 0.01523447036743164 714661 450083
0.24158120155334473 0.01518106460571289 706211 454501
0.24050498008728027 0.015003442764282227 705879 454328
0.24570894241333008 0.0158689022064209 715096 449960
0.26190638542175293 0.015836238861083984 716815 449058
0.23710012435913086 0.015460491180419922 694936 459554
0.25014209747314453 0.015056133270263672 718205 448552
0.24562525749206543 0.015085697174072266 714900 450224
0.2537879943847656 0.014617443084716797 721501 447206
0.2426457405090332 0.014819145202636719 716547 449563
0.24875640869140625 0.01573967933654785 716790 449158
0.25075411796569824 0.013991832733154297 716185 449423
0.24389004707336426 0.015619277954101562 716973 449037
0.24529099464416504 0.015397787094116211 720818 447444
0.24142169952392578 0.015499591827392578 722232 446568
0.2458665370941162 0.014987468719482422 717161 448948
0.24119162559509277 0.015212774276733398 721688 446790
0.2455737590789795 0.017046451568603516 719064 447952
0.25725317001342773 0.015985965728759766 723028 446143
0.2438068389892578 0.015916824340820312 716619 449168
0.255460262298584 0.015899181365966797 717263 448793
0.24874043464660645 0.01585102081298828 716418 449195
0.23983120918273926 0.014781951904296875 716010 449359
0.24897170066833496 0.014853239059448242 722747 446397
0.24353504180908203 0.015493631362915039 723079 446111
0.24176812171936035 0.01509714126586914 722574 446378
0.24040961265563965 0.016329050064086914 715635 449370
0.24812054634094238 0.015065908432006836 725442 444998
0.24896860122680664 0.016099929809570312 727160 444064
0.24128484725952148 0.01542520523071289 699731 456404
0.2530508041381836 0.014895439147949219 726088 444192
0.24430322647094727 0.014932632446289062 723656 445273
0.25357985496520996 0.016120433807373047 721691 446197
0.24675369262695312 0.016484737396240234 729973 442371
0.25272107124328613 0.015924453735351562 732274 441279
0.2468430995941162 0.017305374145507812 717182 448385
0.24878740310668945 0.015456914901733398 735846 439704
0.25165438652038574 0.015566110610961914 730607 441952
0.2408905029296875 0.01511836051940918 731668 441365
0.2582206726074219 0.015343666076660156 727047 443787
0.2428884506225586 0.014055728912353516 719867 447086
0.24196815490722656 0.014695405960083008 718865 447582
0.24388647079467773 0.014864921569824219 717301 448561
0.25401806831359863 0.015622615814208984 715660 449320
0.2514636516571045 0.014237165451049805 717697 448409
0.24564599990844727 0.014514684677124023 714714 449938
0.24298453330993652 0.014819622039794922 717053 448794
0.24104928970336914 0.014880180358886719 714464 449949
0.24062418937683105 0.01556706428527832 711480 451495
0.24422168731689453 0.015221118927001953 709485 452238
0.24411511421203613 0.01440119743347168 708666 452901
0.25181055068969727 0.014846563339233398 716897 449074
0.24851226806640625 0.014957904815673828 716125 449402
0.2439868450164795 0.014793157577514648 713481 450871
0.2508723735809326 0.015529155731201172 709889 452523
0.24112963676452637 0.014753341674804688 707115 453917
0.2542140483856201 0.014994382858276367 709403 452789
0.2517728805541992 0.014996051788330078 710414 452256
0.24117469787597656 0.015180826187133789 707880 453597
0.23973989486694336 0.016071081161499023 708703 453119
0.23930573463439941 0.015324115753173828 705005 455067
0.2418673038482666 0.016156435012817383 707742 453507
0.25483274459838867 0.015490055084228516 706025 454485
0.2539994716644287 0.015332937240600586 711378 451801
0.2428607940673828 0.01487588882446289 709032 452873
0.24268531799316406 0.015270709991455078 711572 451679
0.23978948593139648 0.014518499374389648 706962 453817
0.24363160133361816 0.01543116569519043 709235 453062
0.2429666519165039 0.01740121841430664 710043 452666
