0.5445997714996338 0.14011168479919434 101176 0
0.5511906147003174 0.1430823802947998 100702 0
0.5406825542449951 0.1482868194580078 102586 0
0.5437920093536377 0.14691758155822754 101257 0
0.5352945327758789 0.14531803131103516 103444 0
0.5412609577178955 0.1475369930267334 105932 0
0.5462315082550049 0.14361786842346191 105896 0
0.5521378517150879 0.14177179336547852 104869 0
0.5463016033172607 0.15160632133483887 104524 0
0.5344486236572266 0.15008068084716797 104367 0
0.5437271595001221 0.15303730964660645 102154 0
0.531064510345459 0.15236473083496094 100271 0
0.5430736541748047 0.14948797225952148 104107 0
0.537003755569458 0.14741253852844238 102096 0
0.5386443138122559 0.15274405479431152 87884 0
0.5511515140533447 0.1473982334136963 103268 0
0.5487983226776123 0.14189720153808594 99445 0
0.5276014804840088 0.15300583839416504 97381 0
0.5255236625671387 0.14837861061096191 94347 0
0.529801607131958 0.15227317810058594 98944 0
0.5377955436706543 0.14552807807922363 99908 0
0.5478010177612305 0.13996028900146484 96182 0
0.5376429557800293 0.14484739303588867 99803 0
0.5372252464294434 0.14735031127929688 103112 0
0.552466869354248 0.14770150184631348 103886 0
0.5468168258666992 0.14308500289916992 103049 0
0.5432102680206299 0.1428213119506836 95944 0
0.5457985401153564 0.14734625816345215 101698 0
0.5334398746490479 0.1440138816833496 102433 0
0.5503010749816895 0.14211153984069824 98926 0
0.5451538562774658 0.14267921447753906 104064 0
0.5371432304382324 0.14304614067077637 103066 0
0.5505349636077881 0.14729785919189453 101297 0
0.5489625930786133 0.14828705787658691 103198 0
0.5355398654937744 0.15005254745483398 97061 0
0.5412125587463379 0.15069222450256348 103455 0
0.5729146003723145 0.1789841651916504 108563 0
0.5348362922668457 0.1428980827331543 105773 0
0.5480203628540039 0.145249605178833 107567 0
0.5497729778289795 0.14662480354309082 103486 0
0.5426714420318604 0.14845514297485352 97348 0
0.544539213180542 0.14634346961975098 100186 0
0.5348258018493652 0.14389324188232422 104589 0
0.5389227867126465 0.14205050468444824 104652 0
0.542388916015625 0.14637446403503418 93630 0
0.5461018085479736 0.14903950691223145 103006 0
0.5385463237762451 0.14597225189208984 106133 0
0.5449373722076416 0.1378631591796875 104270 0
0.5469002723693848 0.1436302661895752 105722 0
0.5431880950927734 0.14633822441101074 104341 0
0.5430710315704346 0.1399979591369629 104803 0
0.5388691425323486 0.14575862884521484 105619 0
0.5325872898101807 0.14183330535888672 104705 0
0.5530006885528564 0.14302325248718262 106631 0
0.5264589786529541 0.14685583114624023 105777 0
0.5407924652099609 0.14621734619140625 106063 0
0.5394713878631592 0.14226603507995605 105979 0
0.5261666774749756 0.14360666275024414 106085 0
0.5296554565429688 0.14823055267333984 106523 0
0.5252053737640381 0.14672446250915527 106519 0
0.5419511795043945 0.14135217666625977 104418 0
0.537827730178833 0.14722943305969238 104659 0
0.5456106662750244 0.1404726505279541 104862 0
0.538444995880127 0.1425926685333252 104742 0
0.5460362434387207 0.14915037155151367 100603 0
0.5465347766876221 0.14524579048156738 103451 0
0.5423562526702881 0.14603567123413086 104927 0
0.5429131984710693 0.14394426345825195 105271 0
0.5352718830108643 0.14639997482299805 103913 0
0.5352461338043213 0.14448761940002441 103364 0
0.5349767208099365 0.1439063549041748 101927 0
0.5358126163482666 0.14411401748657227 100174 0
0.5384695529937744 0.14165592193603516 104011 0
0.5518622398376465 0.1438436508178711 101362 0
0.5271549224853516 0.14070701599121094 89101 0
0.5354611873626709 0.14312052726745605 103222 0
0.5340502262115479 0.14369654655456543 101274 0
0.5331904888153076 0.1414036750793457 98707 0
0.5375676155090332 0.14634394645690918 100833 0
0.5535612106323242 0.1425948143005371 99495 0
0.564141035079956 0.1480262279510498 102973 0
0.5510554313659668 0.14252710342407227 103780 0
0.5602414608001709 0.14456772804260254 101219 0
0.5481753349304199 0.13960838317871094 100969 0
0.5297441482543945 0.14667701721191406 102381 0
0.5329666137695312 0.14391279220581055 102240 0
0.5297236442565918 0.1470353603363037 99316 0
0.5297040939331055 0.14400887489318848 102526 0
0.5411739349365234 0.13824152946472168 103281 0
0.5410840511322021 0.1487138271331787 103978 0
0.5373084545135498 0.14733004570007324 102215 0
0.5377302169799805 0.1464991569519043 101926 0
0.5369322299957275 0.14329242706298828 102377 0
0.540381669998169 0.14260220527648926 101085 0
0.5422408580780029 0.14382195472717285 103914 0
0.5844473838806152 0.14902329444885254 102776 0
0.5788383483886719 0.1505882740020752 90201 0
0.5667901039123535 0.15577459335327148 103065 0
0.5756251811981201 0.1459500789642334 103447 0
0.5530259609222412 0.14081549644470215 98754 0
0.5395193099975586 0.14609622955322266 100966 0
0.5351336002349854 0.14410066604614258 102272 0
0.5529687404632568 0.14784455299377441 104587 0
0.5354506969451904 0.1435697078704834 106139 0
0.5369555950164795 0.14299607276916504 105023 0
0.5393354892730713 0.14410805702209473 105643 0
0.54140305519104 0.15365076065063477 105278 0
0.5439658164978027 0.1428978443145752 107363 0
0.5445876121520996 0.144287109375 106283 0
0.5325486660003662 0.14566683769226074 106022 0
0.5400588512420654 0.1478269100189209 107000 0
0.542893648147583 0.14742469787597656 105957 0
0.5495502948760986 0.14943885803222656 105304 0
0.5482473373413086 0.14218974113464355 105865 0
0.5360832214355469 0.14740347862243652 103606 0
0.5485963821411133 0.14378142356872559 105510 0
0.539055585861206 0.1458442211151123 97283 0
0.5432860851287842 0.14310312271118164 106153 0
0.5427992343902588 0.14316368103027344 105650 0
0.5328912734985352 0.1472930908203125 106965 0
0.5521717071533203 0.14567208290100098 103693 0
0.5591752529144287 0.14145493507385254 103819 0
0.5477652549743652 0.1439211368560791 103611 0
0.5479307174682617 0.1460568904876709 100873 0
0.5525808334350586 0.14332199096679688 103766 0
0.5314798355102539 0.14575672149658203 104546 0
0.5290231704711914 0.1469898223876953 90559 0
0.5452771186828613 0.14659643173217773 101301 0
0.5415594577789307 0.14809393882751465 93911 0
0.5370175838470459 0.142500638961792 95082 0
0.5464508533477783 0.13922619819641113 97739 0
0.5402157306671143 0.14390945434570312 99146 0
0.5455734729766846 0.14435052871704102 96046 0
0.5383689403533936 0.1498260498046875 100231 0
0.5211374759674072 0.1447603702545166 101957 0
0.5533661842346191 0.14239764213562012 104427 0
0.5673024654388428 0.14533019065856934 103575 0
0.5448787212371826 0.15119075775146484 104657 0
0.5615551471710205 0.14783596992492676 102725 0
0.5296471118927002 0.14795827865600586 103178 0
0.5429375171661377 0.14452028274536133 105835 0
0.5346665382385254 0.14998602867126465 107127 0
0.5548791885375977 0.14178109169006348 103746 0
0.5776324272155762 0.1418752670288086 104809 0
0.5455403327941895 0.14844489097595215 103864 0
0.5503075122833252 0.1441187858581543 108004 0
0.535747766494751 0.14655852317810059 105870 0
0.5548169612884521 0.14461374282836914 104028 0
0.5262439250946045 0.1443192958831787 101209 0
0.5591757297515869 0.1422562599182129 102662 0
0.5392796993255615 0.1476132869720459 106292 0
0.5616254806518555 0.15019989013671875 110229 0
0.5548169612884521 0.1447432041168213 110328 0
0.5480961799621582 0.14592432975769043 108495 0
0.5831959247589111 0.14627671241760254 108999 0
0.5434229373931885 0.1432032585144043 106427 0
0.5493996143341064 0.14832520484924316 92092 0
0.5393548011779785 0.1468045711517334 102984 0
0.539517879486084 0.14726614952087402 104850 0
0.5424938201904297 0.1420307159423828 97545 0
0.5402748584747314 0.1462841033935547 96576 0
0.5312557220458984 0.14376306533813477 98780 0
0.5437171459197998 0.14717602729797363 97184 0
0.5405454635620117 0.1422889232635498 98272 0
0.5611159801483154 0.14423823356628418 103168 0
0.5448997020721436 0.1431117057800293 99197 0
0.5552217960357666 0.14178824424743652 99251 0
0.5323138236999512 0.14545607566833496 103755 0
0.5340557098388672 0.14313054084777832 101759 0
0.5503177642822266 0.14476466178894043 107603 0
0.5405473709106445 0.14343643188476562 101604 0
0.5307798385620117 0.14517736434936523 106116 0
0.5439019203186035 0.1427602767944336 106123 0
0.532670259475708 0.14056110382080078 108439 0
0.5405476093292236 0.14609169960021973 107025 0
0.5313329696655273 0.14933562278747559 106625 0
0.5246391296386719 0.14405560493469238 101565 0
0.546515703201294 0.14533662796020508 108587 0
0.5281367301940918 0.14505767822265625 107708 0
0.5392329692840576 0.1420300006866455 108606 0
0.5212521553039551 0.1471097469329834 106056 0
0.5460801124572754 0.1477670669555664 105350 0
0.5477554798126221 0.1429896354675293 106653 0
0.5324773788452148 0.14034247398376465 101983 0
0.541903018951416 0.14536690711975098 105442 0
0.5332808494567871 0.14636754989624023 105229 0
0.5377168655395508 0.14262104034423828 91445 0
0.5347394943237305 0.14628243446350098 106887 0
0.5347623825073242 0.1457529067993164 106973 0
0.5388808250427246 0.14728808403015137 102678 0
0.539975643157959 0.14726996421813965 104125 0
0.5421998500823975 0.1427764892578125 104300 0
0.5550894737243652 0.14579510688781738 105181 0
0.5398786067962646 0.1439530849456787 105834 0
0.5339112281799316 0.14787793159484863 105125 0
0.5391864776611328 0.14650845527648926 104657 0
0.5327181816101074 0.14485621452331543 105011 0
0.549067497253418 0.14776611328125 107292 0
0.5418102741241455 0.1464838981628418 105699 0
0.5438528060913086 0.14572954177856445 104401 0
0.5312952995300293 0.14523077011108398 102802 0
0.5189132690429688 0.14282870292663574 91895 0
0.5279407501220703 0.14806532859802246 89117 0
0.5252137184143066 0.1410200595855713 90069 0
0.5299627780914307 0.14656996726989746 89721 0
0.5330028533935547 0.14256882667541504 91240 0
0.5265669822692871 0.1445930004119873 92195 0
0.5296149253845215 0.14423727989196777 91188 0
0.5223677158355713 0.15121006965637207 92718 0
0.5312423706054688 0.14690017700195312 93680 0
0.539952278137207 0.14615297317504883 90017 0
0.5389151573181152 0.13918066024780273 92334 0
0.5314958095550537 0.1417694091796875 92911 0
0.5240094661712646 0.14197421073913574 89337 0
0.5295469760894775 0.14666128158569336 91413 0
0.5222840309143066 0.14749526977539062 89764 0
0.5335597991943359 0.14248394966125488 89738 0
0.5164511203765869 0.1442580223083496 84997 0
0.5288312435150146 0.13940644264221191 90968 0
0.5363860130310059 0.14405465126037598 91213 0
0.5263984203338623 0.14250993728637695 90894 0
0.5283300876617432 0.14407777786254883 92218 0
0.5331473350524902 0.14616966247558594 90686 0
0.5303025245666504 0.14757585525512695 91439 0
0.5291934013366699 0.14584565162658691 92395 0
0.5322890281677246 0.14285755157470703 90844 0
0.5456478595733643 0.14349079132080078 90703 0
0.551119327545166 0.1436316967010498 92138 0
0.5327398777008057 0.14107894897460938 90853 0
0.5227839946746826 0.14270591735839844 92171 0
0.5193541049957275 0.14531660079956055 90028 0
0.527869701385498 0.14374661445617676 91608 0
0.5322880744934082 0.14377450942993164 89899 0
0.5271918773651123 0.14249682426452637 91068 0
0.5259811878204346 0.1479785442352295 91601 0
0.5296998023986816 0.141204833984375 92701 0
0.5289661884307861 0.13916969299316406 91785 0
0.529651403427124 0.14070940017700195 90352 0
0.522761344909668 0.14215683937072754 90839 0
0.5428073406219482 0.14334344863891602 91440 0
0.5297119617462158 0.14275884628295898 89537 0
0.5305643081665039 0.14341378211975098 90177 0
0.5321898460388184 0.14170050621032715 91538 0
0.5341753959655762 0.14304041862487793 92125 0
0.5444037914276123 0.13882994651794434 90556 0
0.5342714786529541 0.14166998863220215 89466 0
0.5317173004150391 0.14921045303344727 89384 0
0.5334117412567139 0.14296293258666992 83378 0
0.5300319194793701 0.14301633834838867 90403 0
0.5184555053710938 0.14819574356079102 91787 0
0.535128116607666 0.1408545970916748 91115 0
0.5230343341827393 0.14512181282043457 89877 0
0.5352802276611328 0.14823675155639648 91908 0
0.5381546020507812 0.14348649978637695 90082 0
0.5358192920684814 0.14601635932922363 91630 0
0.52329421043396 0.14559674263000488 91368 0
0.534440279006958 0.14487290382385254 90672 0
0.5290207862854004 0.14429330825805664 89555 0
0.539900541305542 0.1423799991607666 90229 0
0.5250942707061768 0.14328765869140625 91118 0
0.5291397571563721 0.14001154899597168 89922 0
0.5261006355285645 0.14112067222595215 90104 0
0.5331237316131592 0.14577054977416992 90163 0
0.5286672115325928 0.14518499374389648 89942 0
0.5197622776031494 0.14680910110473633 91713 0
0.545149564743042 0.14857983589172363 92184 0
0.5237936973571777 0.14536237716674805 92192 0
0.5424706935882568 0.1430521011352539 91738 0
0.5298302173614502 0.14533567428588867 91537 0
0.5417301654815674 0.1415541172027588 91495 0
0.5275623798370361 0.14262866973876953 90276 0
0.5375776290893555 0.14458370208740234 92285 0
0.5830152034759521 0.14539313316345215 89342 0
0.5326895713806152 0.14182233810424805 96866 0
0.5303797721862793 0.13894176483154297 96104 0
0.5424489974975586 0.14850211143493652 91283 0
0.5459084510803223 0.1428825855255127 103118 0
0.5412797927856445 0.14049339294433594 98192 0
0.5399701595306396 0.14392590522766113 102179 0
0.5443286895751953 0.14661884307861328 99684 0
0.5272042751312256 0.15054035186767578 96102 0
0.5299725532531738 0.14487981796264648 98018 0
0.5348994731903076 0.14747858047485352 98062 0
0.5227880477905273 0.14484715461730957 98395 0
0.5318377017974854 0.15060949325561523 97803 0
0.5317702293395996 0.14679288864135742 95750 0
0.5334382057189941 0.1443042755126953 92368 0
0.522223711013794 0.14261746406555176 92796 0
0.5409190654754639 0.14211559295654297 88765 0
0.533902645111084 0.14530205726623535 90662 0
0.534299373626709 0.14640402793884277 90724 0
0.5264174938201904 0.14118099212646484 89881 0
0.5326955318450928 0.1467888355255127 90885 0
0.5155706405639648 0.14848971366882324 92009 0
0.5282442569732666 0.14017486572265625 92102 0
0.5381593704223633 0.14723801612854004 90107 0
0.5423593521118164 0.14852166175842285 90885 0
0.5402114391326904 0.14180684089660645 91586 0
0.5266332626342773 0.14612340927124023 93202 0
0.540945291519165 0.1454606056213379 82705 0
0.5538990497589111 0.14469695091247559 92588 0
0.5240752696990967 0.14138364791870117 92811 0
0.5446498394012451 0.14867186546325684 90084 0
0.5409388542175293 0.1437537670135498 93196 0
0.5364251136779785 0.1437528133392334 92735 0
0.5273861885070801 0.14297747611999512 92279 0
0.5541841983795166 0.14538931846618652 92292 0
0.5330543518066406 0.14326739311218262 92783 0
0.525407075881958 0.14135432243347168 91620 0
0.5533857345581055 0.14768648147583008 91829 0
0.535947322845459 0.14208745956420898 90372 0
0.541506290435791 0.14610028266906738 90865 0
0.5255186557769775 0.1442732810974121 92099 0
0.5353877544403076 0.14423608779907227 92951 0
0.5423555374145508 0.14682865142822266 93033 0
0.5325384140014648 0.144606351852417 93264 0
0.528841495513916 0.14541363716125488 94187 0
0.5254786014556885 0.1376183032989502 91821 0
0.5230753421783447 0.14321422576904297 93004 0
0.5391600131988525 0.14032411575317383 91474 0
0.5338881015777588 0.14101243019104004 91347 0
0.5396325588226318 0.14099550247192383 92926 0
0.5305309295654297 0.14291644096374512 90974 0
0.5412552356719971 0.1428985595703125 91916 0
0.5368332862854004 0.14244961738586426 92092 0
0.5389447212219238 0.14370036125183105 90638 0
0.5440328121185303 0.14153051376342773 89861 0
0.5385994911193848 0.14444875717163086 91537 0
0.5269424915313721 0.14256501197814941 91755 0
0.530017614364624 0.14131569862365723 81177 0
0.532872200012207 0.14257216453552246 90710 0
0.5366449356079102 0.14569425582885742 93764 0
0.5284817218780518 0.14309406280517578 89078 0
0.5459167957305908 0.14165997505187988 93650 0
0.5290210247039795 0.13906383514404297 93651 0
0.525108814239502 0.14433598518371582 91806 0
0.5333797931671143 0.14858341217041016 94032 0
0.5394811630249023 0.14002752304077148 92643 0
0.518829345703125 0.14777565002441406 92260 0
0.5439352989196777 0.1458418369293213 92688 0
0.5379912853240967 0.14227056503295898 92304 0
0.5140156745910645 0.14331817626953125 93195 0
0.5237836837768555 0.14213180541992188 91484 0
0.5262789726257324 0.14427947998046875 91052 0
0.5348246097564697 0.14393305778503418 94441 0
0.5286848545074463 0.1432487964630127 92198 0
0.5218086242675781 0.14331960678100586 92805 0
0.5344178676605225 0.14595675468444824 92823 0
0.5234179496765137 0.14410710334777832 92392 0
0.5436806678771973 0.14672112464904785 92664 0
0.5469388961791992 0.14319276809692383 92051 0
0.5402898788452148 0.14103245735168457 92068 0
0.5291652679443359 0.14768600463867188 90958 0
0.5387918949127197 0.14113998413085938 91249 0
0.5242969989776611 0.1414194107055664 93102 0
0.5266003608703613 0.14811158180236816 91250 0
0.5396945476531982 0.14155030250549316 89569 0
0.5356404781341553 0.14406538009643555 92135 0
0.5392196178436279 0.147627592086792 91486 0
0.5201187133789062 0.1440880298614502 81418 0
0.5212578773498535 0.14109015464782715 88823 0
0.5325546264648438 0.14133310317993164 91469 0
0.53190016746521 0.14381194114685059 87128 0
0.5331275463104248 0.1417391300201416 92295 0
0.5414204597473145 0.14059948921203613 92957 0
0.5275897979736328 0.14534902572631836 83022 0
0.5236623287200928 0.14464592933654785 78086 0
0.526972770690918 0.1411433219909668 89368 0
0.5342841148376465 0.14113736152648926 91361 0
0.5300846099853516 0.1434338092803955 93375 0
0.5075266361236572 0.14427876472473145 94223 0
0.5476169586181641 0.14847159385681152 94046 0
0.5352764129638672 0.14752745628356934 95420 0
0.5196266174316406 0.1451401710510254 93015 0
0.5472157001495361 0.14009571075439453 92104 0
0.540590763092041 0.14489245414733887 82140 0
0.5190787315368652 0.14123940467834473 80490 0
0.5371196269989014 0.14591550827026367 92515 0
0.5391783714294434 0.14336276054382324 92466 0
0.5259726047515869 0.14666104316711426 90418 0
0.5585300922393799 0.14661788940429688 93038 0
0.52195143699646 0.14347195625305176 91173 0
0.5383608341217041 0.1395401954650879 91601 0
0.5353434085845947 0.1487419605255127 93521 0
0.5334160327911377 0.144866943359375 94744 0
0.5198440551757812 0.14697504043579102 93110 0
0.5338668823242188 0.14092135429382324 91673 0
0.5054028034210205 0.14255547523498535 96218 0
0.5374929904937744 0.14411592483520508 93323 0
0.5333075523376465 0.1429736614227295 86108 0
0.5625 0.14811325073242188 92099 0
0.5726640224456787 0.14675068855285645 92741 0
0.5211992263793945 0.142608642578125 92380 0
0.5213656425476074 0.1420302391052246 94588 0
0.533297061920166 0.14474868774414062 92106 0
0.5264067649841309 0.14314961433410645 91395 0
0.5356526374816895 0.14675354957580566 90646 0
0.5306127071380615 0.14111733436584473 90817 0
0.5312049388885498 0.14097261428833008 90918 0
0.5320818424224854 0.14299988746643066 89786 0
0.5482969284057617 0.14752459526062012 87679 0
0.5404555797576904 0.14616870880126953 87247 0
0.5333719253540039 0.14327383041381836 89111 0
0.5698778629302979 0.14647412300109863 87974 0
0.5344274044036865 0.1410055160522461 90243 0
0.5478897094726562 0.14117646217346191 90012 0
0.5278482437133789 0.14442920684814453 88303 0
0.537506103515625 0.14854693412780762 87317 0
0.5351953506469727 0.14727306365966797 90151 0
0.5358779430389404 0.14812111854553223 85580 0
0.5191411972045898 0.14197039604187012 76466 0
0.5371155738830566 0.14780688285827637 84857 0
0.5121443271636963 0.14512014389038086 85011 0
0.5302615165710449 0.14215826988220215 86347 0
0.5272057056427002 0.1450817584991455 84749 0
0.5366239547729492 0.14360880851745605 87187 0
0.5245633125305176 0.14515089988708496 85877 0
0.5399646759033203 0.14351749420166016 86538 0
0.5278406143188477 0.1460411548614502 84344 0
0.559981107711792 0.14551496505737305 84689 0
0.5339016914367676 0.14880681037902832 84602 0
0.5300254821777344 0.14542865753173828 84147 0
0.5298984050750732 0.14290452003479004 84783 0
0.5250468254089355 0.1407606601715088 83844 0
0.5451309680938721 0.1434917449951172 84280 0
0.543691873550415 0.14461684226989746 84246 0
0.5263452529907227 0.14179253578186035 85029 0
0.5477840900421143 0.14189767837524414 83720 0
0.5187835693359375 0.1415553092956543 85297 0
0.5252363681793213 0.14143610000610352 83640 0
0.5680027008056641 0.14427661895751953 84608 0
0.5263016223907471 0.1445460319519043 85252 0
0.5377159118652344 0.1464073657989502 84196 0
0.5273866653442383 0.14058494567871094 84642 0
0.5531392097473145 0.14472246170043945 87250 0
0.5380783081054688 0.14406347274780273 84027 0
0.5335860252380371 0.14197063446044922 84214 0
0.5493631362915039 0.1371147632598877 83129 0
0.5336465835571289 0.1458444595336914 83044 0
0.5305120944976807 0.14119791984558105 83648 0
0.553673505783081 0.14467263221740723 73431 0
0.5265073776245117 0.14781904220581055 83241 0
0.5586318969726562 0.147963285446167 83967 0
0.5415866374969482 0.15079355239868164 84278 0
0.5455732345581055 0.14623188972473145 82282 0
0.5466599464416504 0.14408135414123535 82758 0
0.5314686298370361 0.14634060859680176 83768 0
0.5331687927246094 0.14420580863952637 84261 0
0.5257425308227539 0.1479794979095459 83759 0
0.5365631580352783 0.14635848999023438 85100 0
0.5213963985443115 0.14098238945007324 83715 0
0.5328290462493896 0.14994359016418457 82592 0
0.5093908309936523 0.1476130485534668 84445 0
0.5346403121948242 0.14730119705200195 82277 0
0.5627725124359131 0.14692234992980957 81987 0
0.5364792346954346 0.1475234031677246 83095 0
0.5174276828765869 0.149491548538208 82169 0
0.5335404872894287 0.1499159336090088 82942 0
0.5283467769622803 0.14737606048583984 83377 0
0.5273234844207764 0.15161943435668945 83313 0
0.5441768169403076 0.15120625495910645 82852 0
0.5373129844665527 0.1482837200164795 84233 0
0.5245864391326904 0.1501002311706543 83438 0
0.5268800258636475 0.15081143379211426 82232 0
0.5315399169921875 0.1503736972808838 83653 0
0.5397970676422119 0.14849352836608887 83083 0
0.5497405529022217 0.14365220069885254 83075 0
0.5252013206481934 0.14394497871398926 80673 0
0.5283002853393555 0.14603638648986816 81833 0
0.541750431060791 0.14433002471923828 81963 0
0.5588631629943848 0.15215635299682617 72125 0
0.532041072845459 0.14838910102844238 81872 0
0.5442767143249512 0.14596796035766602 82368 0
0.5578560829162598 0.14780282974243164 82672 0
0.5361275672912598 0.14905786514282227 81688 0
0.5485913753509521 0.15189838409423828 83435 0
0.5280492305755615 0.14689230918884277 82559 0
0.5375597476959229 0.14753031730651855 83119 0
0.531134843826294 0.1484529972076416 82761 0
0.5360779762268066 0.147841215133667 82995 0
0.5312304496765137 0.15579605102539062 82708 0
0.5357792377471924 0.1471877098083496 81583 0
0.5312328338623047 0.14843058586120605 80891 0
0.536487340927124 0.14777135848999023 80810 0
0.5378568172454834 0.14942145347595215 81942 0
0.5350496768951416 0.1508181095123291 83144 0
0.5200400352478027 0.15080618858337402 78394 0
0.5241339206695557 0.15151453018188477 80419 0
0.5343236923217773 0.15158557891845703 79736 0
0.5417745113372803 0.14599061012268066 80645 0
0.547121524810791 0.14608263969421387 79681 0
0.5355350971221924 0.15337514877319336 82403 0
0.5293316841125488 0.15349245071411133 80198 0
0.5511713027954102 0.14837908744812012 81516 0
0.5273096561431885 0.15317034721374512 83674 0
0.5252261161804199 0.14812898635864258 81805 0
0.5302338600158691 0.15004634857177734 79808 0
0.5276472568511963 0.15249872207641602 78800 0
0.5414762496948242 0.1512002944946289 77326 0
0.5316035747528076 0.1468052864074707 76614 0
0.5290658473968506 0.14920735359191895 68511 0
0.5396928787231445 0.14771509170532227 78124 0
0.5401601791381836 0.14395761489868164 77352 0
0.5235452651977539 0.14823675155639648 78672 0
0.5276975631713867 0.15001535415649414 74865 0
0.5280015468597412 0.1552717685699463 76782 0
0.5219128131866455 0.15275287628173828 79211 0
0.5367519855499268 0.1517319679260254 77631 0
0.530369758605957 0.15223956108093262 78194 0
0.5220704078674316 0.15317416191101074 78962 0
0.5336987972259521 0.1493844985961914 75729 0
0.5488114356994629 0.14959192276000977 76098 0
0.5253243446350098 0.15369558334350586 75189 0
0.523047924041748 0.15080022811889648 76396 0
0.5197107791900635 0.14420223236083984 75062 0
0.5235641002655029 0.1512904167175293 76846 0
0.5157124996185303 0.14577245712280273 76164 0
0.533144474029541 0.149885892868042 77988 0
0.5417227745056152 0.1446223258972168 78931 0
0.5322928428649902 0.14493608474731445 77954 0
0.5633866786956787 0.14568614959716797 78805 0
0.5349984169006348 0.14928770065307617 76774 0
0.5339462757110596 0.1477527618408203 77757 0
0.5297434329986572 0.15444564819335938 77769 0
0.5606720447540283 0.15026021003723145 76447 0
0.5233943462371826 0.1491081714630127 75616 0
0.5477337837219238 0.15410327911376953 75497 0
0.5398848056793213 0.14657211303710938 72517 0
0.5287308692932129 0.1446056365966797 76407 0
0.540093183517456 0.14131808280944824 74893 0
0.5242273807525635 0.14562463760375977 66912 0
0.5196325778961182 0.14891386032104492 74287 0
0.5139205455780029 0.15230059623718262 77577 0
0.5163681507110596 0.14794254302978516 78132 0
0.5315690040588379 0.14672517776489258 75218 0
0.5334794521331787 0.15310168266296387 76717 0
0.534168004989624 0.14793133735656738 76575 0
0.5211405754089355 0.15245771408081055 75510 0
0.5699341297149658 0.14715790748596191 78668 0
0.528301477432251 0.1509695053100586 77280 0
0.5392398834228516 0.13927221298217773 67593 0
0.5436756610870361 0.14555025100708008 77361 0
0.5298211574554443 0.14267349243164062 79650 0
0.54248046875 0.1405012607574463 78360 0
0.5381205081939697 0.14923334121704102 77848 0
0.5397641658782959 0.14440560340881348 78303 0
0.5286111831665039 0.14923310279846191 81036 0
0.5399551391601562 0.1420595645904541 80393 0
0.5417444705963135 0.14544272422790527 81832 0
0.5393104553222656 0.14296960830688477 79021 0
0.5286285877227783 0.13654589653015137 79395 0
0.5542857646942139 0.14835357666015625 78153 0
0.5503876209259033 0.14422369003295898 80724 0
0.5460388660430908 0.14622187614440918 81115 0
0.5379829406738281 0.14493298530578613 80201 0
0.5247292518615723 0.14339828491210938 79439 0
0.5363075733184814 0.1429591178894043 76284 0
0.5440733432769775 0.14469528198242188 76643 0
0.526465654373169 0.142075777053833 81183 0
0.5225017070770264 0.14749670028686523 81071 0
0.5300495624542236 0.14802169799804688 82398 0
0.5439965724945068 0.14072299003601074 81555 0
0.5801799297332764 0.14522314071655273 83443 0
0.5339610576629639 0.14364194869995117 79654 0
0.5421655178070068 0.1410377025604248 82817 0
0.5347652435302734 0.144547700881958 79945 0
0.5326452255249023 0.1437840461730957 79638 0
0.5286328792572021 0.14215970039367676 80330 0
0.5357346534729004 0.14727306365966797 82552 0
0.5610885620117188 0.1459672451019287 78663 0
0.5250303745269775 0.1459343433380127 82393 0
0.5318241119384766 0.14433526992797852 79650 0
0.5396633148193359 0.14440107345581055 79812 0
0.545921802520752 0.14322662353515625 79886 0
0.542905330657959 0.1403357982635498 78734 0
0.5474154949188232 0.1428816318511963 79239 0
0.5370571613311768 0.1404857635498047 75356 0
0.5489139556884766 0.14244842529296875 77983 0
0.5371408462524414 0.1470935344696045 76982 0
0.5327863693237305 0.14326715469360352 68762 0
0.5403776168823242 0.143049955368042 78508 0
0.5439918041229248 0.14077091217041016 79217 0
0.5612294673919678 0.1433265209197998 79066 0
0.5385360717773438 0.14195966720581055 78001 0
0.5461387634277344 0.13735580444335938 78564 0
0.538724422454834 0.14690184593200684 82232 0
0.547135591506958 0.14467859268188477 81958 0
0.5353255271911621 0.1489565372467041 81823 0
0.5356781482696533 0.1465756893157959 82897 0
0.5264492034912109 0.14674758911132812 79891 0
0.5480470657348633 0.1430978775024414 81148 0
0.5625591278076172 0.14099597930908203 78378 0
0.5643093585968018 0.14773774147033691 79805 0
0.5388383865356445 0.14812111854553223 80873 0
0.5407757759094238 0.14299464225769043 80071 0
0.5295202732086182 0.14183354377746582 79175 0
0.53045654296875 0.14421844482421875 81379 0
0.5466141700744629 0.14844202995300293 82377 0
0.5407817363739014 0.14647245407104492 80756 0
0.5269405841827393 0.14490580558776855 83011 0
0.5373785495758057 0.14524507522583008 82099 0
0.535036563873291 0.14185023307800293 83229 0
0.551159143447876 0.1444706916809082 80059 0
0.5373392105102539 0.1458451747894287 82012 0
0.5531275272369385 0.14594650268554688 97339 0
0.5412154197692871 0.14968204498291016 100516 0
0.5373542308807373 0.14197087287902832 100733 0
0.5339667797088623 0.14585185050964355 102401 0
0.5391488075256348 0.14312338829040527 101286 0
0.5480620861053467 0.14501309394836426 102281 0
0.543870210647583 0.1446828842163086 102759 0
0.541907548904419 0.14225220680236816 99953 0
0.5384318828582764 0.14650774002075195 102763 0
0.537179708480835 0.14365267753601074 102420 0
0.5393524169921875 0.14809870719909668 100644 0
0.550196647644043 0.14305400848388672 102497 0
0.5404577255249023 0.14549803733825684 102363 0
0.5403540134429932 0.1416490077972412 101935 0
0.5531816482543945 0.1434180736541748 102687 0
0.5573029518127441 0.14321541786193848 102488 0
0.5578174591064453 0.14351367950439453 103290 0
0.5475986003875732 0.1424543857574463 101457 0
0.5432441234588623 0.14711904525756836 95275 0
0.5401690006256104 0.1427321434020996 102315 0
0.5457711219787598 0.14747142791748047 102828 0
0.5362980365753174 0.14841651916503906 103439 0
0.5407276153564453 0.143812894821167 104184 0
0.5420827865600586 0.14376354217529297 103719 0
0.5489692687988281 0.14489531517028809 104489 0
0.5362646579742432 0.145155668258667 103794 0
0.542701244354248 0.14532876014709473 104672 0
0.551116943359375 0.14600062370300293 104566 0
0.5445833206176758 0.14602327346801758 91458 0
0.5567991733551025 0.1403026580810547 102241 0
0.5318162441253662 0.14307904243469238 103348 0
0.5350263118743896 0.14336419105529785 104221 0
0.540785551071167 0.14707469940185547 104405 0
0.5376627445220947 0.1465129852294922 106315 0
0.5377717018127441 0.14437437057495117 106694 0
0.5507607460021973 0.14504790306091309 105914 0
0.5474896430969238 0.14799284934997559 107581 0
0.5363469123840332 0.14362287521362305 107371 0
0.5446302890777588 0.14850544929504395 102713 0
0.5378937721252441 0.1436612606048584 106458 0
0.5385620594024658 0.14821410179138184 104097 0
0.5369806289672852 0.14472317695617676 104800 0
0.5404391288757324 0.14234352111816406 106081 0
0.55592942237854 0.14529824256896973 106548 0
0.5339574813842773 0.14579176902770996 105942 0
0.5213994979858398 0.14394092559814453 109107 0
0.5356202125549316 0.14616775512695312 107552 0
0.5351879596710205 0.1428852081298828 106724 0
0.5255918502807617 0.13974761962890625 99823 0
0.5361807346343994 0.1439356803894043 107147 0
0.547478437423706 0.1427772045135498 106769 0
0.5345325469970703 0.14406514167785645 107478 0
0.5437190532684326 0.14533329010009766 108099 0
0.555715799331665 0.14244866371154785 106369 0
0.5424113273620605 0.142164945602417 108214 0
0.5382604598999023 0.14468622207641602 103882 0
0.5430514812469482 0.14296722412109375 107146 0
0.535973072052002 0.14783287048339844 107845 0
0.5470209121704102 0.14707446098327637 94043 0
0.5510344505310059 0.14276766777038574 106427 0
0.5474157333374023 0.14502501487731934 104212 0
0.5513691902160645 0.14659738540649414 103425 0
0.5548083782196045 0.14557504653930664 107970 0
0.5575451850891113 0.14273858070373535 108918 0
0.5519874095916748 0.14597177505493164 104369 0
0.549980640411377 0.14952778816223145 110694 0
0.5615825653076172 0.14737343788146973 109008 0
0.5556943416595459 0.14418888092041016 108212 0
0.5453829765319824 0.14860963821411133 108788 0
0.588580846786499 0.1481785774230957 107503 0
0.5488665103912354 0.14296317100524902 104856 0
0.5557107925415039 0.1443614959716797 107562 0
0.5430450439453125 0.14582395553588867 108698 0
0.5712192058563232 0.147871732711792 108794 0
0.5436491966247559 0.14863824844360352 108358 0
0.5496151447296143 0.14370417594909668 107228 0
0.5333423614501953 0.14277005195617676 110100 0
0.5321907997131348 0.14565682411193848 108979 0
0.5367803573608398 0.14278888702392578 101585 0
0.5356700420379639 0.14545273780822754 106791 0
0.5434854030609131 0.1443464756011963 107375 0
0.5249326229095459 0.14564895629882812 107930 0
0.5353028774261475 0.1486520767211914 105761 0
0.5296268463134766 0.14162850379943848 105792 0
0.5531682968139648 0.14786481857299805 105984 0
0.5484170913696289 0.14495277404785156 102477 0
0.5427381992340088 0.13912105560302734 106716 0
0.5413284301757812 0.147230863571167 107504 0
0.5317461490631104 0.14268755912780762 89963 0
0.5500829219818115 0.14655733108520508 102601 0
0.5472042560577393 0.14865946769714355 99907 0
0.5411067008972168 0.14590764045715332 98639 0
0.546400785446167 0.14316678047180176 101592 0
0.5338459014892578 0.14189672470092773 102420 0
0.5448238849639893 0.14272499084472656 100846 0
0.5391995906829834 0.1424705982208252 103248 0
0.5408725738525391 0.1451723575592041 102635 0
0.5438451766967773 0.1409308910369873 100930 0
0.5284311771392822 0.14613747596740723 99226 0
0.5424845218658447 0.14435267448425293 100167 0
0.5390279293060303 0.14203977584838867 94253 0
0.5383579730987549 0.15562057495117188 100116 0
0.5350685119628906 0.14514517784118652 99935 0
0.5324380397796631 0.1439201831817627 99450 0
0.523334264755249 0.14186835289001465 98753 0
0.5468013286590576 0.14561676979064941 98430 0
0.5423026084899902 0.14556407928466797 98679 0
0.5398235321044922 0.14852094650268555 99110 0
0.5451281070709229 0.15235376358032227 93772 0
0.5452566146850586 0.15930438041687012 99221 0
0.5407352447509766 0.1501021385192871 102406 0
0.5337100028991699 0.1527247428894043 100818 0
0.5450184345245361 0.1452345848083496 101118 0
0.5452103614807129 0.1444413661956787 101136 0
0.5425646305084229 0.14875245094299316 99943 0
0.532374382019043 0.1438446044921875 96796 0
0.531238317489624 0.14866876602172852 98772 0
0.5323107242584229 0.14910078048706055 97720 0
0.5357279777526855 0.1469573974609375 84942 0
0.5330014228820801 0.15186190605163574 99201 0
0.5361273288726807 0.1465167999267578 94575 0
0.5520339012145996 0.1455080509185791 95647 0
0.5278804302215576 0.15228891372680664 99639 0
0.5465013980865479 0.14463067054748535 97717 0
0.5478179454803467 0.14458560943603516 97463 0
0.5421350002288818 0.1519021987915039 100798 0
0.53739333152771 0.15658235549926758 100415 0
0.5371627807617188 0.15345239639282227 101034 0
0.5760102272033691 0.14964652061462402 101077 0
0.5371973514556885 0.1511838436126709 101402 0
0.5521693229675293 0.1461935043334961 95352 0
0.5463817119598389 0.14360809326171875 100445 0
0.5401895046234131 0.14777612686157227 100746 0
0.5401201248168945 0.14391064643859863 100660 0
0.5506787300109863 0.14602231979370117 100401 0
0.5574965476989746 0.147918701171875 100279 0
0.5522518157958984 0.14423632621765137 100223 0
0.5654728412628174 0.1460731029510498 99766 0
0.5633499622344971 0.14203143119812012 93853 0
0.535210371017456 0.14342474937438965 98728 0
0.5572245121002197 0.14360284805297852 100254 0
0.5623061656951904 0.14449095726013184 99220 0
0.5477771759033203 0.14618515968322754 99184 0
0.5492198467254639 0.14124202728271484 99555 0
0.555194616317749 0.14705848693847656 99165 0
0.5699508190155029 0.14069104194641113 96225 0
0.5556750297546387 0.14695000648498535 99272 0
0.5565454959869385 0.1462850570678711 98725 0
0.5377264022827148 0.14514541625976562 84670 0
0.5664522647857666 0.14752459526062012 98023 0
0.5361993312835693 0.14484906196594238 91715 0
0.5487339496612549 0.13735413551330566 93815 0
0.5490148067474365 0.14102554321289062 98359 0
0.526874303817749 0.1432666778564453 98404 0
0.5423390865325928 0.14869046211242676 96750 0
0.5317327976226807 0.1430950164794922 100661 0
0.5452225208282471 0.1471097469329834 100271 0
0.5383858680725098 0.14304780960083008 99279 0
0.5473806858062744 0.14567947387695312 99150 0
0.5393397808074951 0.1439838409423828 99043 0
0.5285012722015381 0.14494776725769043 92914 0
0.5523371696472168 0.1449122428894043 98843 0
0.5600285530090332 0.14552688598632812 98583 0
0.5370752811431885 0.14267444610595703 98253 0
0.5475194454193115 0.1430344581604004 98116 0
0.5360860824584961 0.15036487579345703 98425 0
0.5478315353393555 0.14509272575378418 98089 0
0.5481376647949219 0.14902639389038086 99653 0
0.5384459495544434 0.14303112030029297 90738 0
0.541250467300415 0.15019989013671875 98171 0
0.5369296073913574 0.1495511531829834 100345 0
0.545212984085083 0.14200425148010254 101481 0
0.5436117649078369 0.1436142921447754 98527 0
0.5310380458831787 0.1444861888885498 99216 0
0.5363020896911621 0.14437127113342285 98040 0
0.5256466865539551 0.14486074447631836 95046 0
0.530620813369751 0.14241743087768555 99061 0
0.5478968620300293 0.14117145538330078 98309 0
0.5393528938293457 0.14220237731933594 87865 0
0.5332522392272949 0.14212918281555176 96795 0
0.5258662700653076 0.14397692680358887 91265 0
0.5352165699005127 0.14830660820007324 96692 0
0.5453531742095947 0.14221501350402832 98013 0
0.5365622043609619 0.1435248851776123 99719 0
0.5282204151153564 0.14412140846252441 95844 0
0.5234851837158203 0.1497817039489746 99684 0
0.5383479595184326 0.14482545852661133 99871 0
0.5434672832489014 0.14937067031860352 100734 0
0.5344183444976807 0.14015841484069824 100071 0
0.5400822162628174 0.1457505226135254 98775 0
0.5439062118530273 0.14383673667907715 93395 0
0.5293216705322266 0.14061331748962402 98909 0
0.5382664203643799 0.14534807205200195 99843 0
0.5426528453826904 0.14389419555664062 100513 0
0.5383346080780029 0.1422581672668457 99786 0
0.5704634189605713 0.14350366592407227 100667 0
0.5379970073699951 0.14458036422729492 99558 0
0.5590364933013916 0.1464998722076416 99211 0
0.5376143455505371 0.14770126342773438 94384 0
0.5316662788391113 0.13955044746398926 98027 0
0.5337216854095459 0.14597201347351074 104660 0
0.5368742942810059 0.1450357437133789 103409 0
0.540797233581543 0.1428234577178955 104040 0
0.5419948101043701 0.14272785186767578 105326 0
0.5322284698486328 0.14188861846923828 106632 0
0.5487101078033447 0.14954161643981934 104676 0
0.5372462272644043 0.14666199684143066 106338 0
0.5339851379394531 0.14648747444152832 104201 0
0.5232763290405273 0.14844179153442383 103420 0
0.5400745868682861 0.1445930004119873 105250 0
0.5428733825683594 0.14235138893127441 103173 0
0.5379593372344971 0.14054393768310547 103487 0
0.5362088680267334 0.14497923851013184 104216 0
0.5387790203094482 0.14566946029663086 105223 0
0.5670826435089111 0.1466662883758545 106245 0
0.5414102077484131 0.14337968826293945 106433 0
0.5267219543457031 0.14604878425598145 106482 0
0.527841329574585 0.14381766319274902 105537 0
0.544579029083252 0.14106130599975586 106521 0
0.5669100284576416 0.14643359184265137 104234 0
0.5471563339233398 0.1462078094482422 103386 0
0.5566260814666748 0.16109585762023926 101728 0
0.5241942405700684 0.14372992515563965 103068 0
0.5460491180419922 0.14134860038757324 102478 0
0.53965163230896 0.14854860305786133 103983 0
0.5366227626800537 0.14605379104614258 104230 0
0.5456652641296387 0.1446826457977295 102442 0
0.5419800281524658 0.1481473445892334 105143 0
0.5330173969268799 0.14551353454589844 106374 0
0.5509853363037109 0.14772844314575195 104516 0
0.5493628978729248 0.14615535736083984 103577 0
0.5370304584503174 0.14367008209228516 105791 0
0.5493080615997314 0.14548802375793457 103819 0
0.543877363204956 0.1462862491607666 103429 0
0.5407702922821045 0.1432182788848877 102533 0
0.548872709274292 0.14533066749572754 102880 0
0.5514159202575684 0.13988947868347168 103070 0
0.5478737354278564 0.14194941520690918 105318 0
0.5437910556793213 0.14344263076782227 104628 0
0.5462520122528076 0.1464383602142334 102986 0
0.5499169826507568 0.1439065933227539 103058 0
0.5487568378448486 0.1477959156036377 102447 0
0.5413296222686768 0.14417195320129395 102482 0
0.5375785827636719 0.13649916648864746 102332 0
0.5391192436218262 0.14553070068359375 103387 0
0.5442066192626953 0.1466667652130127 103197 0
0.5478780269622803 0.14570975303649902 102060 0
0.5488746166229248 0.14665484428405762 102678 0
0.5455410480499268 0.14290690422058105 104206 0
0.5437233448028564 0.14353466033935547 103308 0
0.5558948516845703 0.14507651329040527 103931 0
0.5342202186584473 0.1462726593017578 104524 0
0.543910026550293 0.1463775634765625 102476 0
0.5276544094085693 0.14868736267089844 103960 0
0.5464136600494385 0.14168548583984375 102129 0
0.5417335033416748 0.14447760581970215 101467 0
0.5404970645904541 0.14392542839050293 102424 0
0.5332083702087402 0.14235711097717285 102454 0
0.5303084850311279 0.1452164649963379 103278 0
0.536207914352417 0.1429276466369629 103237 0
0.5465869903564453 0.14232683181762695 102531 0
0.5427982807159424 0.14517641067504883 103747 0
0.5348646640777588 0.14741206169128418 103361 0
0.556321382522583 0.14635491371154785 104872 0
0.53228759765625 0.14379405975341797 104194 0
0.5324764251708984 0.14828848838806152 104490 0
0.5372223854064941 0.14350342750549316 105229 0
0.5348482131958008 0.14350581169128418 105172 0
0.5272939205169678 0.1429300308227539 104349 0
0.5334603786468506 0.14683103561401367 103722 0
0.5373561382293701 0.14035773277282715 102651 0
0.5407094955444336 0.1440567970275879 103849 0
0.5305051803588867 0.14082813262939453 100483 0
0.5327577590942383 0.1488358974456787 105653 0
0.5463728904724121 0.14417695999145508 105223 0
0.5373728275299072 0.1451108455657959 104665 0
0.5373964309692383 0.14332032203674316 104956 0
0.534832239151001 0.1417369842529297 107353 0
0.5429425239562988 0.14275407791137695 106327 0
0.5418705940246582 0.14476323127746582 106939 0
0.5323772430419922 0.13993477821350098 106471 0
0.5609140396118164 0.14121127128601074 106788 0
0.5294454097747803 0.14661288261413574 97962 0
0.5312588214874268 0.14371180534362793 95784 0
0.5360374450683594 0.14292550086975098 103274 0
0.5373730659484863 0.14269185066223145 108000 0
0.532153844833374 0.1438608169555664 101096 0
0.540473461151123 0.14509248733520508 104005 0
0.532505989074707 0.14369702339172363 98316 0
0.5339925289154053 0.14368581771850586 99145 0
0.5204532146453857 0.14506196975708008 99287 0
0.5243885517120361 0.1430203914642334 102026 0
0.5280711650848389 0.13892674446105957 103009 0
0.5461819171905518 0.1390533447265625 100713 0
0.5349531173706055 0.14567947387695312 103477 0
0.5340428352355957 0.14719104766845703 102891 0
0.5160248279571533 0.14638829231262207 95722 0
0.5304815769195557 0.14823055267333984 105382 0
0.5193438529968262 0.14133906364440918 102425 0
0.5401978492736816 0.14734816551208496 101867 0
0.5477499961853027 0.14651036262512207 106087 0
0.540123701095581 0.14492273330688477 106739 0
0.5271334648132324 0.14130735397338867 98208 0
0.542656421661377 0.1459054946899414 106873 0
0.5354218482971191 0.14661669731140137 107300 0
0.552680253982544 0.14727997779846191 107354 0
0.5480351448059082 0.14536190032958984 107156 0
0.5385925769805908 0.14559721946716309 108841 0
0.5364577770233154 0.14215421676635742 108313 0
0.5259346961975098 0.14967632293701172 108687 0
0.554060697555542 0.1445324420928955 107370 0
0.5592563152313232 0.1459941864013672 108953 0
0.5391736030578613 0.14308691024780273 110828 0
0.5610432624816895 0.14152026176452637 109608 0
0.5495262145996094 0.14998722076416016 108414 0
0.5989112854003906 0.14503216743469238 107397 0
0.5689365863800049 0.14185643196105957 106936 0
0.5312371253967285 0.14490270614624023 107715 0
0.5311267375946045 0.14591693878173828 107668 0
0.5417206287384033 0.14479899406433105 106929 0
0.5266954898834229 0.14780306816101074 106146 0
0.526303768157959 0.1446983814239502 108278 0
0.5433201789855957 0.15319323539733887 107430 0
0.5224287509918213 0.14640331268310547 106441 0
0.5173125267028809 0.14662981033325195 108187 0
0.5640130043029785 0.15191340446472168 109088 0
0.5451107025146484 0.15691018104553223 102953 0
0.5566442012786865 0.1426846981048584 108754 0
0.538637638092041 0.1513807773590088 104950 0
0.5641493797302246 0.1503911018371582 105871 0
0.5330362319946289 0.14733576774597168 108291 0
0.5249683856964111 0.15298151969909668 109171 0
0.5384190082550049 0.1546640396118164 101775 0
0.5338692665100098 0.1525883674621582 109380 0
0.5432572364807129 0.15643787384033203 107662 0
0.536365270614624 0.15015196800231934 109762 0
0.5456149578094482 0.1477372646331787 108051 0
0.545111894607544 0.14365673065185547 107709 0
0.5518338680267334 0.1422107219696045 108601 0
0.5683658123016357 0.1592719554901123 107699 0
0.5378539562225342 0.14380478858947754 109859 0
0.5500962734222412 0.1443321704864502 110427 0
0.5503175258636475 0.14286303520202637 109541 0
0.5514073371887207 0.14701318740844727 110312 0
0.5366466045379639 0.14816761016845703 109995 0
0.5258870124816895 0.14689183235168457 112026 0
0.5486054420471191 0.1465167999267578 109338 0
0.5492424964904785 0.14293360710144043 108544 0
0.5550200939178467 0.14548492431640625 107844 0
0.5407657623291016 0.14018011093139648 107299 0
0.5621895790100098 0.14878129959106445 109655 0
0.5324034690856934 0.1439352035522461 108607 0
0.5515310764312744 0.14882588386535645 111480 0
0.5323343276977539 0.14889264106750488 109145 0
0.5363192558288574 0.14620041847229004 110594 0
0.536564826965332 0.1480088233947754 111162 0
0.5412824153900146 0.1470034122467041 103602 0
0.5445387363433838 0.14372515678405762 111855 0
0.5514676570892334 0.14353418350219727 110860 0
0.5335707664489746 0.14464449882507324 109831 0
0.5482578277587891 0.15065264701843262 112223 0
0.5393195152282715 0.144927978515625 113223 0
0.5407860279083252 0.14001059532165527 108164 0
0.5377025604248047 0.14552044868469238 114991 0
0.5471017360687256 0.14129090309143066 112240 0
0.5414385795593262 0.14177942276000977 113428 0
0.5550634860992432 0.14149785041809082 111030 0
0.5440475940704346 0.1487107276916504 108632 0
0.5346593856811523 0.14648818969726562 107987 0
0.543128252029419 0.14486193656921387 107779 0
0.5333144664764404 0.1471877098083496 106920 0
0.5602927207946777 0.14408302307128906 108333 0
0.5433299541473389 0.14034128189086914 106360 0
0.5482656955718994 0.14588141441345215 107697 0
0.5528173446655273 0.14870238304138184 107124 0
0.559161901473999 0.14588451385498047 105702 0
0.5439596176147461 0.14239907264709473 105205 0
0.540093183517456 0.14202356338500977 104214 0
0.5264914035797119 0.14731359481811523 107487 0
0.5434658527374268 0.14971590042114258 106710 0
0.5385217666625977 0.14292120933532715 107104 0
0.5314950942993164 0.14294052124023438 106866 0
0.5548360347747803 0.14325714111328125 104756 0
0.5426380634307861 0.145172119140625 105734 0
0.557814359664917 0.14290499687194824 106044 0
0.538679838180542 0.14443659782409668 104797 0
0.5449864864349365 0.13978290557861328 106012 0
0.5416994094848633 0.14281296730041504 104271 0
0.5432164669036865 0.1413564682006836 104940 0
0.5376207828521729 0.14266228675842285 105187 0
0.5761008262634277 0.14488530158996582 105872 0
0.5554046630859375 0.14233922958374023 105458 0
0.5537204742431641 0.13921475410461426 106525 0
0.5558793544769287 0.14443612098693848 105917 0
0.555605411529541 0.14771366119384766 105533 0
0.5624256134033203 0.14614176750183105 105504 0
