0.4146995544433594 0.13947558403015137 38953 0
0.4092130661010742 0.14661574363708496 38845 0
0.4395570755004883 0.14544248580932617 40079 0
0.4232320785522461 0.14381146430969238 39490 0
0.4368722438812256 0.14620566368103027 41025 0
0.4307699203491211 0.14111018180847168 42766 0
0.41385555267333984 0.1461043357849121 42517 0
0.42620372772216797 0.13958239555358887 41808 0
0.4320864677429199 0.1416184902191162 41169 0
0.4298677444458008 0.141862154006958 42029 0
0.42700624465942383 0.14500188827514648 38969 0
0.45169925689697266 0.1455390453338623 38469 0
0.3903622627258301 0.14189839363098145 41292 0
0.43518710136413574 0.14425063133239746 39961 0
0.4137558937072754 0.14199328422546387 31461 0
0.4374566078186035 0.1454615592956543 39799 0
0.41961026191711426 0.14361214637756348 38299 0
0.44907140731811523 0.14096713066101074 36670 0
0.42995667457580566 0.14246797561645508 35007 0
0.42765307426452637 0.14001774787902832 38011 0
0.42388439178466797 0.14997577667236328 38114 0
0.439683198928833 0.14331459999084473 36778 0
0.40532660484313965 0.1451420783996582 39248 0
0.4360346794128418 0.14107131958007812 40963 0
0.4413020610809326 0.14173507690429688 40430 0
0.423861026763916 0.14663934707641602 39977 0
0.40557312965393066 0.139862060546875 35848 0
0.44838976860046387 0.1446080207824707 39491 0
0.41985511779785156 0.14020919799804688 39969 0
0.4615201950073242 0.14234042167663574 37003 0
0.4487931728363037 0.14725375175476074 39566 0
0.4218604564666748 0.14235138893127441 40384 0
0.43808579444885254 0.1437835693359375 38798 0
0.4251363277435303 0.14374446868896484 39029 0
0.42650628089904785 0.13975977897644043 37060 0
0.43683767318725586 0.14388346672058105 41749 0
0.4317641258239746 0.14357209205627441 44246 0
0.43749117851257324 0.1469588279724121 42278 0
0.39076685905456543 0.14102983474731445 43778 0
0.42882633209228516 0.1479945182800293 40498 0
0.45095324516296387 0.15034079551696777 37454 0
0.40320467948913574 0.14311742782592773 38504 0
0.408860445022583 0.1406705379486084 42026 0
0.4489908218383789 0.14011716842651367 41403 0
0.44194483757019043 0.1427764892578125 34818 0
0.42850494384765625 0.13900256156921387 41017 0
0.433868408203125 0.14462065696716309 42266 0
0.4255945682525635 0.14233040809631348 40397 0
0.42537379264831543 0.1404879093170166 42125 0
0.421309232711792 0.14528512954711914 41265 0
0.41462135314941406 0.14556336402893066 41169 0
0.40659451484680176 0.14289546012878418 42158 0
0.4141812324523926 0.14398503303527832 41435 0
0.42078161239624023 0.1455678939819336 42005 0
0.37990784645080566 0.14299774169921875 42287 0
0.4396817684173584 0.1396312713623047 42160 0
0.44537353515625 0.14036273956298828 42176 0
0.4479198455810547 0.14727330207824707 43067 0
0.44526147842407227 0.14835858345031738 42598 0
0.4304831027984619 0.14191246032714844 42488 0
0.45276713371276855 0.1394352912902832 40848 0
0.4196743965148926 0.1435549259185791 40814 0
0.4034464359283447 0.14404988288879395 40662 0
0.44405603408813477 0.1408557891845703 40271 0
0.40763235092163086 0.14433073997497559 38760 0
0.408616304397583 0.14144182205200195 39993 0
0.4488959312438965 0.14121699333190918 40773 0
0.4488072395324707 0.14927959442138672 41366 0
0.4189636707305908 0.14297103881835938 40774 0
0.4191904067993164 0.14297151565551758 40217 0
0.4155690670013428 0.1411116123199463 39138 0
0.4328324794769287 0.1398763656616211 38262 0
0.43852877616882324 0.14026975631713867 40415 0
0.4388713836669922 0.13858723640441895 39502 0
0.41997456550598145 0.14201807975769043 31801 0
0.43312501907348633 0.14279603958129883 39692 0
0.43822431564331055 0.15013861656188965 39379 0
0.4110879898071289 0.14367341995239258 38078 0
0.439361572265625 0.14123177528381348 38632 0
0.4096975326538086 0.14235377311706543 38409 0
0.44243884086608887 0.14637517929077148 40301 0
0.421663761138916 0.14171195030212402 40518 0
0.43340325355529785 0.14368891716003418 39506 0
0.4323151111602783 0.14240455627441406 39592 0
0.40730905532836914 0.14022350311279297 40749 0
0.49711155891418457 0.14294910430908203 40805 0
0.4203007221221924 0.1467297077178955 38083 0
0.4203166961669922 0.13919901847839355 40862 0
0.42748093605041504 0.14146113395690918 40052 0
0.4203956127166748 0.1396787166595459 41697 0
0.4344651699066162 0.1445450782775879 40939 0
0.41498303413391113 0.139725923538208 40487 0
0.4140758514404297 0.143402099609375 40152 0
0.4248087406158447 0.1436319351196289 38739 0
0.41974520683288574 0.14403438568115234 40474 0
0.407423734664917 0.14229226112365723 40181 0
0.41466593742370605 0.1441662311553955 31866 0
0.4459562301635742 0.14056015014648438 40747 0
0.4330134391784668 0.14319682121276855 40809 0
0.4374115467071533 0.1365799903869629 37748 0
0.4284515380859375 0.14505743980407715 39468 0
0.4497692584991455 0.14360952377319336 39535 0
0.4270787239074707 0.14231204986572266 40512 0
0.4262990951538086 0.13938522338867188 42203 0
0.45904970169067383 0.14387893676757812 41558 0
0.42924046516418457 0.14125418663024902 41620 0
0.3953831195831299 0.14021015167236328 41860 0
0.41985249519348145 0.14216876029968262 43029 0
0.42365097999572754 0.13849258422851562 43051 0
0.42850446701049805 0.14000439643859863 42301 0
0.44854736328125 0.14027690887451172 41609 0
0.4195895195007324 0.14219141006469727 41512 0
0.43311142921447754 0.14579486846923828 42014 0
0.41629528999328613 0.15141892433166504 42123 0
0.45072317123413086 0.1394352912902832 40759 0
0.43212080001831055 0.14094185829162598 42223 0
0.4062809944152832 0.14109015464782715 36117 0
0.4487931728363037 0.1397092342376709 42312 0
0.43366241455078125 0.14532041549682617 42092 0
0.40235376358032227 0.13971352577209473 41775 0
0.4327695369720459 0.14566254615783691 40708 0
0.4168388843536377 0.14374160766601562 41373 0
0.3970463275909424 0.1505727767944336 40997 0
0.4148728847503662 0.14652252197265625 39120 0
0.41855430603027344 0.14253473281860352 40632 0
0.4167766571044922 0.14084601402282715 41475 0
0.4100227355957031 0.13750457763671875 31965 0
0.42490577697753906 0.1412653923034668 39272 0
0.432147741317749 0.13985061645507812 33766 0
0.42226529121398926 0.14174199104309082 35800 0
0.441089391708374 0.14539289474487305 37297 0
0.41661763191223145 0.14536070823669434 37392 0
0.4174652099609375 0.14793992042541504 36420 0
0.4031689167022705 0.14582228660583496 38500 0
0.44385504722595215 0.1450486183166504 38932 0
0.4246704578399658 0.13982415199279785 40716 0
0.420642614364624 0.14540910720825195 40150 0
0.42356419563293457 0.1426069736480713 40880 0
0.416379451751709 0.14706063270568848 39461 0
0.44372105598449707 0.14431428909301758 39927 0
0.4134979248046875 0.14304399490356445 41371 0
0.42706727981567383 0.14132094383239746 41770 0
0.42558717727661133 0.14001703262329102 40804 0
0.4198951721191406 0.1423335075378418 41143 0
0.4196605682373047 0.13850164413452148 40114 0
0.4327726364135742 0.138779878616333 43150 0
0.43976902961730957 0.14711642265319824 41799 0
0.4277160167694092 0.14093279838562012 40545 0
0.4509902000427246 0.14274930953979492 38961 0
0.4229164123535156 0.15012049674987793 38333 0
0.42334604263305664 0.1418750286102295 42036 0
0.41226768493652344 0.14489126205444336 45282 0
0.42433929443359375 0.14655041694641113 44035 0
0.4447000026702881 0.17879343032836914 43137 0
0.457669734954834 0.13943028450012207 43305 0
0.42757511138916016 0.1427304744720459 41344 0
0.43237972259521484 0.14307093620300293 33065 0
0.4526803493499756 0.1436159610748291 39029 0
0.42198967933654785 0.14160537719726562 40706 0
0.4254298210144043 0.1432478427886963 36225 0
0.4490084648132324 0.14427876472473145 36159 0
0.4202744960784912 0.14261174201965332 36534 0
0.4304976463317871 0.14041495323181152 36548 0
0.44645023345947266 0.1403505802154541 36868 0
0.41031551361083984 0.14295721054077148 39422 0
0.4289538860321045 0.14322757720947266 37952 0
0.420546293258667 0.14719176292419434 37645 0
0.4351539611816406 0.14194583892822266 40619 0
0.4301726818084717 0.1526029109954834 39325 0
0.43010807037353516 0.14371633529663086 43300 0
0.41907811164855957 0.14260268211364746 39141 0
0.4240703582763672 0.14080595970153809 41599 0
0.4561629295349121 0.14776253700256348 42121 0
0.4021186828613281 0.14541125297546387 42524 0
0.4049053192138672 0.14532256126403809 41873 0
0.44439268112182617 0.14182567596435547 42012 0
0.45268964767456055 0.1483752727508545 38435 0
0.46254777908325195 0.14815545082092285 42573 0
0.41599321365356445 0.14552521705627441 43602 0
0.44065403938293457 0.14324259757995605 43153 0
0.42560744285583496 0.14676213264465332 41535 0
0.41592884063720703 0.14182686805725098 41319 0
0.4207007884979248 0.14649677276611328 41362 0
0.42546749114990234 0.14197659492492676 39625 0
0.4192960262298584 0.14230799674987793 40827 0
0.41231369972229004 0.1437211036682129 41449 0
0.40762805938720703 0.15187501907348633 33092 0
0.41938209533691406 0.1409282684326172 42234 0
0.43157243728637695 0.14344096183776855 42358 0
0.4341287612915039 0.14343714714050293 39041 0
0.4334452152252197 0.1430666446685791 40032 0
0.44049811363220215 0.14123058319091797 41181 0
0.4378376007080078 0.14405465126037598 41480 0
0.415149450302124 0.14481401443481445 42379 0
0.43932604789733887 0.1415419578552246 41393 0
0.4474155902862549 0.14902997016906738 41241 0
0.42847585678100586 0.15361332893371582 41495 0
0.42328953742980957 0.1402902603149414 41583 0
0.44825315475463867 0.14342880249023438 42395 0
0.4190359115600586 0.14305830001831055 41101 0
0.41832685470581055 0.14353036880493164 39360 0
0.4203784465789795 0.14521121978759766 34542 0
0.4128854274749756 0.14595818519592285 32470 0
0.4314885139465332 0.14267325401306152 33364 0
0.4131350517272949 0.1471719741821289 33023 0
0.4229910373687744 0.14248967170715332 34554 0
0.42852020263671875 0.14763164520263672 33964 0
0.4154970645904541 0.14046955108642578 34641 0
0.4239640235900879 0.14229106903076172 35458 0
0.42812156677246094 0.14000368118286133 34924 0
0.43912386894226074 0.14315247535705566 34634 0
0.4007091522216797 0.15148711204528809 35375 0
0.4476048946380615 0.1468493938446045 34859 0
0.40715670585632324 0.14767074584960938 34226 0
0.4123504161834717 0.142242431640625 34140 0
0.41694211959838867 0.14718127250671387 33561 0
0.438251256942749 0.1418590545654297 33299 0
0.40360474586486816 0.14249086380004883 30561 0
0.4019782543182373 0.1407020092010498 33941 0
0.41113829612731934 0.1420731544494629 34353 0
0.4340555667877197 0.14334702491760254 34743 0
0.42274045944213867 0.14199209213256836 34592 0
0.4133927822113037 0.14318585395812988 34880 0
0.41533923149108887 0.14386487007141113 34616 0
0.41666078567504883 0.1416454315185547 34712 0
0.4072556495666504 0.14033842086791992 34039 0
0.4188811779022217 0.14623594284057617 34080 0
0.3847167491912842 0.14081859588623047 34476 0
0.43688464164733887 0.14377212524414062 34213 0
0.4535343647003174 0.1401231288909912 34087 0
0.417194128036499 0.1472642421722412 34984 0
0.4163668155670166 0.14513063430786133 33595 0
0.4185967445373535 0.14337396621704102 33158 0
0.43387722969055176 0.14153504371643066 34015 0
0.4100031852722168 0.1466681957244873 34724 0
0.4131016731262207 0.1454019546508789 34913 0
0.41283082962036133 0.13969111442565918 34233 0
0.4028892517089844 0.1450188159942627 33997 0
0.41951942443847656 0.1480090618133545 33917 0
0.42733097076416016 0.15100693702697754 33931 0
0.4118790626525879 0.14217686653137207 33170 0
0.4297482967376709 0.14877605438232422 34088 0
0.4204392433166504 0.1418149471282959 34870 0
0.4038221836090088 0.14228367805480957 33661 0
0.4300823211669922 0.1467747688293457 34134 0
0.42861270904541016 0.14195752143859863 34224 0
0.4369194507598877 0.1417703628540039 33679 0
0.40352725982666016 0.14342379570007324 30496 0
0.40246009826660156 0.14396953582763672 33425 0
0.4021139144897461 0.14547443389892578 33549 0
0.4160017967224121 0.1394515037536621 33728 0
0.4295234680175781 0.14101457595825195 34239 0
0.41318321228027344 0.14532709121704102 33793 0
0.42580175399780273 0.14038610458374023 34039 0
0.4338066577911377 0.14490127563476562 34354 0
0.441180944442749 0.14088940620422363 34009 0
0.4185302257537842 0.14478445053100586 34345 0
0.4338796138763428 0.14006471633911133 33582 0
0.434279203414917 0.14424657821655273 32911 0
0.4172365665435791 0.14158415794372559 33557 0
0.4237396717071533 0.14713287353515625 33320 0
0.42130446434020996 0.1388709545135498 33227 0
0.4086179733276367 0.14102506637573242 33687 0
0.419846773147583 0.14293885231018066 33853 0
0.44072794914245605 0.14661836624145508 34040 0
0.39672327041625977 0.14695239067077637 34038 0
0.41202378273010254 0.14283990859985352 34640 0
0.453397274017334 0.14055728912353516 34615 0
0.4367377758026123 0.14140725135803223 34287 0
0.44457530975341797 0.146453857421875 34819 0
0.44039154052734375 0.14323949813842773 33739 0
0.45502519607543945 0.14029216766357422 34246 0
0.445281982421875 0.14156198501586914 34708 0
0.4391326904296875 0.14040374755859375 37593 0
0.4217720031738281 0.1427910327911377 37596 0
0.41623377799987793 0.14714527130126953 34595 0
0.4302692413330078 0.14197039604187012 40977 0
0.4316072463989258 0.14814043045043945 38399 0
0.4211568832397461 0.13875317573547363 40853 0
0.4104452133178711 0.1458606719970703 39257 0
0.416595458984375 0.14319181442260742 38026 0
0.4342520236968994 0.14208221435546875 38674 0
0.41648268699645996 0.1416456699371338 39252 0
0.4035947322845459 0.15044164657592773 38504 0
0.42706298828125 0.15130329132080078 37747 0
0.4287302494049072 0.14437222480773926 37424 0
0.437274694442749 0.14780426025390625 35462 0
0.4311990737915039 0.14769220352172852 35327 0
0.350736141204834 0.14142322540283203 33377 0
0.40784287452697754 0.14263463020324707 34562 0
0.42572546005249023 0.14058995246887207 34742 0
0.4483458995819092 0.14071917533874512 33966 0
0.44384002685546875 0.14730405807495117 34363 0
0.42282795906066895 0.1472306251525879 34849 0
0.41853857040405273 0.13991546630859375 34768 0
0.41354918479919434 0.13918066024780273 34633 0
0.40653395652770996 0.14075398445129395 34852 0
0.4250054359436035 0.14371562004089355 35565 0
0.3861861228942871 0.14141011238098145 35488 0
0.42615818977355957 0.1434614658355713 30069 0
0.44217753410339355 0.14322328567504883 36369 0
0.4276125431060791 0.14847183227539062 35629 0
0.4060235023498535 0.14185261726379395 34816 0
0.42492246627807617 0.13994312286376953 35927 0
0.44826316833496094 0.14165091514587402 35808 0
0.42835187911987305 0.14752483367919922 35850 0
0.43191051483154297 0.14815187454223633 35849 0
0.4455575942993164 0.14675045013427734 34996 0
0.45464181900024414 0.14427781105041504 35174 0
0.4445948600769043 0.14616870880126953 34187 0
0.4118220806121826 0.1429286003112793 33928 0
0.4294464588165283 0.14185714721679688 34046 0
0.4322686195373535 0.14323830604553223 34738 0
0.4126420021057129 0.14198660850524902 35074 0
0.42890310287475586 0.14980125427246094 34979 0
0.4432408809661865 0.14540743827819824 35238 0
0.4248642921447754 0.1398475170135498 34918 0
0.4397270679473877 0.1455368995666504 34662 0
0.4389150142669678 0.14351224899291992 34722 0
0.4288504123687744 0.1435859203338623 34625 0
0.43512797355651855 0.1473560333251953 34545 0
0.40442609786987305 0.14416790008544922 34355 0
0.43720364570617676 0.13850069046020508 34476 0
0.44570374488830566 0.1419963836669922 34527 0
0.4612135887145996 0.14549899101257324 34467 0
0.4136204719543457 0.14303112030029297 34074 0
0.442852258682251 0.1423940658569336 33915 0
0.3964262008666992 0.1441941261291504 35126 0
0.43639516830444336 0.14617013931274414 34841 0
0.3952929973602295 0.1525590419769287 28640 0
0.41593217849731445 0.14314746856689453 34112 0
0.42097902297973633 0.147688627243042 35007 0
0.4516894817352295 0.14153122901916504 33630 0
0.42261672019958496 0.1457233428955078 35716 0
0.42870473861694336 0.14087653160095215 36880 0
0.4153592586517334 0.14579319953918457 34817 0
0.4723947048187256 0.14355897903442383 35777 0
0.47278356552124023 0.14027094841003418 35503 0
0.41515064239501953 0.1469862461090088 34608 0
0.43220043182373047 0.14252448081970215 34827 0
0.44522714614868164 0.1397700309753418 34948 0
0.45696187019348145 0.14216136932373047 35113 0
0.42328596115112305 0.14259696006774902 34439 0
0.4396653175354004 0.142411470413208 34404 0
0.41675519943237305 0.1404430866241455 34176 0
0.42716169357299805 0.14478397369384766 34644 0
0.42978763580322266 0.14421629905700684 35700 0
0.42877721786499023 0.14032387733459473 34905 0
0.42896533012390137 0.14722776412963867 34824 0
0.4041428565979004 0.13974571228027344 35022 0
0.4327661991119385 0.14162039756774902 34134 0
0.4089651107788086 0.13976073265075684 34083 0
0.4299283027648926 0.1412651538848877 34142 0
0.4171321392059326 0.14523720741271973 34805 0
0.40840721130371094 0.14113903045654297 34342 0
0.4349327087402344 0.1375291347503662 34242 0
0.42281436920166016 0.14455389976501465 33163 0
0.4196906089782715 0.14650630950927734 35149 0
0.43792057037353516 0.14338970184326172 34939 0
0.4337012767791748 0.14862394332885742 28220 0
0.4278743267059326 0.1467738151550293 33451 0
0.4247252941131592 0.1405320167541504 34443 0
0.41744256019592285 0.1417701244354248 32362 0
0.4460887908935547 0.1379549503326416 34632 0
0.4157564640045166 0.1425619125366211 34766 0
0.4329414367675781 0.14392304420471191 30725 0
0.36463284492492676 0.14304900169372559 27596 0
0.4307980537414551 0.14278841018676758 34041 0
0.4285867214202881 0.1389009952545166 35088 0
0.38643836975097656 0.14128613471984863 36550 0
0.41688990592956543 0.1389939785003662 36166 0
0.45569705963134766 0.14448237419128418 35471 0
0.4325089454650879 0.14182424545288086 35897 0
0.4284038543701172 0.13802695274353027 35506 0
0.4611930847167969 0.14054012298583984 34659 0
0.41658949851989746 0.13837528228759766 28669 0
0.42134881019592285 0.14591026306152344 28172 0
0.46799254417419434 0.14457416534423828 35081 0
0.3962552547454834 0.146043062210083 35466 0
0.41698312759399414 0.14144062995910645 34262 0
0.43421268463134766 0.14058423042297363 34790 0
0.42852783203125 0.14480113983154297 34856 0
0.42879343032836914 0.14508366584777832 34802 0
0.42444920539855957 0.1396939754486084 35716 0
0.4107704162597656 0.15066790580749512 35676 0
0.4127993583679199 0.1438603401184082 35584 0
0.4440162181854248 0.14144563674926758 34228 0
0.43106675148010254 0.1452484130859375 35663 0
0.41616177558898926 0.14040112495422363 35271 0
0.4169440269470215 0.14427900314331055 31079 0
0.4466571807861328 0.14603471755981445 35440 0
0.4055929183959961 0.14412307739257812 35105 0
0.42243146896362305 0.14232397079467773 34784 0
0.4011721611022949 0.14067745208740234 35243 0
0.43328380584716797 0.14455604553222656 35014 0
0.4392361640930176 0.14435291290283203 35034 0
0.433413028717041 0.14241862297058105 34260 0
0.42513203620910645 0.14635562896728516 35481 0
0.43474650382995605 0.143157958984375 34813 0
0.4345669746398926 0.14060282707214355 34377 0
0.4148519039154053 0.14163947105407715 34936 0
0.42650341987609863 0.14436936378479004 34405 0
0.4151482582092285 0.1465892791748047 34755 0
0.43362855911254883 0.140519380569458 35075 0
0.4221310615539551 0.14137530326843262 35852 0
0.4324462413787842 0.1439661979675293 36139 0
0.41448020935058594 0.1413273811340332 34134 0
0.3785555362701416 0.14247941970825195 33429 0
0.42484545707702637 0.14318442344665527 34306 0
0.43528056144714355 0.14140629768371582 33413 0
0.39716362953186035 0.1513805389404297 28649 0
0.4374854564666748 0.141740083694458 33465 0
0.4080507755279541 0.1405348777770996 33395 0
0.428236722946167 0.14586663246154785 33653 0
0.4124464988708496 0.14515209197998047 33028 0
0.41722893714904785 0.14134550094604492 33876 0
0.4499626159667969 0.15023565292358398 33430 0
0.4428374767303467 0.141371488571167 33319 0
0.45600056648254395 0.15691137313842773 33184 0
0.41865086555480957 0.1421802043914795 33387 0
0.40759778022766113 0.1462998390197754 34130 0
0.42391157150268555 0.1420609951019287 33893 0
0.46648120880126953 0.1445024013519287 33675 0
0.409517765045166 0.14704227447509766 33745 0
0.4247114658355713 0.14267849922180176 33161 0
0.44156932830810547 0.1460118293762207 33326 0
0.43784189224243164 0.14291691780090332 33269 0
0.4268653392791748 0.146315336227417 33005 0
0.41781187057495117 0.14693832397460938 33286 0
0.4441409111022949 0.15244412422180176 33689 0
0.42839956283569336 0.15044879913330078 33374 0
0.41939640045166016 0.1459825038909912 34545 0
0.4010617733001709 0.13870596885681152 34391 0
0.42470264434814453 0.14410662651062012 33195 0
0.41434216499328613 0.1438744068145752 33521 0
0.4155902862548828 0.14178800582885742 33225 0
0.42491912841796875 0.1453695297241211 33493 0
0.43447232246398926 0.1411902904510498 32214 0
0.42677855491638184 0.1462557315826416 33054 0
0.413632869720459 0.15108561515808105 33562 0
0.4220571517944336 0.14448332786560059 27808 0
0.42461133003234863 0.14336299896240234 32800 0
0.4158318042755127 0.14213085174560547 33644 0
0.3927798271179199 0.1389918327331543 33067 0
0.40876317024230957 0.14232921600341797 33766 0
0.4149603843688965 0.14215517044067383 34022 0
0.44364237785339355 0.1390683650970459 33758 0
0.4243659973144531 0.15176153182983398 32452 0
0.3939330577850342 0.1405651569366455 32711 0
0.4224424362182617 0.14096426963806152 33958 0
0.4217050075531006 0.14320039749145508 32786 0
0.43366575241088867 0.14835119247436523 32906 0
0.4380824565887451 0.14314770698547363 33024 0
0.4484262466430664 0.14682388305664062 33530 0
0.42412877082824707 0.14569544792175293 32488 0
0.42379069328308105 0.14768767356872559 32703 0
0.4185018539428711 0.15263938903808594 32424 0
0.43265867233276367 0.14691424369812012 33545 0
0.4047379493713379 0.14532089233398438 32807 0
0.40496277809143066 0.14783120155334473 32997 0
0.41721081733703613 0.14052629470825195 32938 0
0.43459200859069824 0.14284133911132812 34042 0
0.4286026954650879 0.14005017280578613 33092 0
0.460115909576416 0.13999271392822266 32620 0
0.44587278366088867 0.14313268661499023 33032 0
0.41527223587036133 0.1497511863708496 32481 0
0.4350318908691406 0.15081024169921875 33136 0
0.40218186378479004 0.14554905891418457 32118 0
0.4277350902557373 0.14766454696655273 32443 0
0.4247591495513916 0.1466667652130127 32190 0
0.3890664577484131 0.14393162727355957 27108 0
0.42755126953125 0.14229416847229004 31854 0
0.41034603118896484 0.13824748992919922 32607 0
0.4149026870727539 0.14053940773010254 32125 0
0.4172196388244629 0.1505577564239502 32008 0
0.43834924697875977 0.13753485679626465 32989 0
0.39717626571655273 0.13808560371398926 33241 0
0.41899561882019043 0.14308428764343262 33139 0
0.3957381248474121 0.14354968070983887 32383 0
0.43147850036621094 0.1395251750946045 32372 0
0.4335637092590332 0.1467301845550537 32090 0
0.4041273593902588 0.1412827968597412 32033 0
0.4050459861755371 0.15052485466003418 32379 0
0.40250468254089355 0.14389276504516602 32279 0
0.3994302749633789 0.14452528953552246 32297 0
0.40984177589416504 0.14229679107666016 32804 0
0.4211878776550293 0.14348149299621582 31476 0
0.4083714485168457 0.14192891120910645 31144 0
0.42659759521484375 0.14078831672668457 30797 0
0.4147167205810547 0.14504480361938477 31423 0
0.4179677963256836 0.14563870429992676 31483 0
0.43192458152770996 0.1476759910583496 32402 0
0.4322957992553711 0.1422898769378662 32034 0
0.4173099994659424 0.14304137229919434 32527 0
0.41579222679138184 0.14512896537780762 33019 0
0.41073131561279297 0.14421486854553223 33572 0
0.40378546714782715 0.13958501815795898 31548 0
0.42200136184692383 0.1434319019317627 29861 0
0.43375205993652344 0.1394033432006836 31169 0
0.4372074604034424 0.14490365982055664 30477 0
0.4430239200592041 0.14951276779174805 25714 0
0.4211006164550781 0.14371585845947266 30545 0
0.41716599464416504 0.14473414421081543 31135 0
0.4027101993560791 0.14258790016174316 30538 0
0.43593621253967285 0.14139032363891602 29579 0
0.42709803581237793 0.14031481742858887 29909 0
0.42273664474487305 0.14428496360778809 31427 0
0.43326878547668457 0.1416478157043457 31613 0
0.39223146438598633 0.14540743827819824 31241 0
0.43993234634399414 0.1456296443939209 31084 0
0.42206239700317383 0.14357233047485352 30031 0
0.41734981536865234 0.14560580253601074 30055 0
0.4023301601409912 0.1421031951904297 29861 0
0.4384911060333252 0.14033198356628418 29508 0
0.4167635440826416 0.13933706283569336 29605 0
0.4309096336364746 0.14473485946655273 29634 0
0.4198780059814453 0.14498472213745117 29881 0
0.42821788787841797 0.14691734313964844 31330 0
0.4445159435272217 0.14908480644226074 31525 0
0.43064403533935547 0.14277291297912598 31016 0
0.41665220260620117 0.14014244079589844 30498 0
0.4232604503631592 0.14339184761047363 31263 0
0.4279465675354004 0.14194655418395996 30291 0
0.39022207260131836 0.14658355712890625 30541 0
0.4576542377471924 0.1440105438232422 30132 0
0.42870497703552246 0.14046096801757812 30384 0
0.4397902488708496 0.145615816116333 30148 0
0.45128965377807617 0.1438601016998291 29108 0
0.418259859085083 0.1452031135559082 31330 0
0.4319007396697998 0.14902830123901367 30384 0
0.40866732597351074 0.1434628963470459 26116 0
0.4659600257873535 0.1438612937927246 29856 0
0.4434366226196289 0.1483762264251709 31762 0
0.43583178520202637 0.15160369873046875 30854 0
0.4256153106689453 0.14642047882080078 29924 0
0.42554163932800293 0.1445469856262207 31211 0
0.429455041885376 0.150238037109375 30441 0
0.4394872188568115 0.14201092720031738 29804 0
0.41979241371154785 0.14043140411376953 31891 0
0.42119884490966797 0.14160943031311035 31327 0
0.3920111656188965 0.1443312168121338 25815 0
0.4172182083129883 0.14364910125732422 30990 0
0.43918538093566895 0.14914751052856445 31848 0
0.4539604187011719 0.14538216590881348 32120 0
0.41507649421691895 0.14069747924804688 31022 0
0.4006669521331787 0.14953255653381348 32012 0
0.4499633312225342 0.1516120433807373 32851 0
0.4538099765777588 0.1404094696044922 33277 0
0.41791296005249023 0.14900445938110352 33064 0
0.42013096809387207 0.14754104614257812 32203 0
0.4312403202056885 0.13881993293762207 31852 0
0.44701695442199707 0.14049601554870605 32459 0
0.41848039627075195 0.144484281539917 32705 0
0.4413447380065918 0.14893698692321777 33077 0
0.4182121753692627 0.14459013938903809 32574 0
0.41542625427246094 0.14155793190002441 32313 0
0.4150242805480957 0.1454465389251709 29950 0
0.3563969135284424 0.14646005630493164 31284 0
0.4123666286468506 0.14692425727844238 32791 0
0.4233253002166748 0.14302968978881836 32037 0
0.40887975692749023 0.13991618156433105 32475 0
0.4298117160797119 0.1458606719970703 33228 0
0.41213464736938477 0.14299750328063965 31866 0
0.44292688369750977 0.14681267738342285 32171 0
0.44558072090148926 0.1490626335144043 32493 0
0.4535181522369385 0.14780926704406738 32010 0
0.4264845848083496 0.14024972915649414 30774 0
0.44097256660461426 0.14336109161376953 30851 0
0.4417378902435303 0.14121079444885254 32312 0
0.400618314743042 0.14301419258117676 31343 0
0.4419374465942383 0.14757466316223145 32860 0
0.4212987422943115 0.1402897834777832 31657 0
0.3933084011077881 0.14908337593078613 32212 0
0.4107503890991211 0.1469876766204834 32037 0
0.3941843509674072 0.14846515655517578 31198 0
0.4084460735321045 0.1393754482269287 32164 0
0.44826483726501465 0.13986730575561523 29562 0
0.3974285125732422 0.141096830368042 31811 0
0.4387369155883789 0.14721250534057617 31921 0
0.3980448246002197 0.1443803310394287 26023 0
0.3926856517791748 0.15192055702209473 31487 0
0.4358382225036621 0.14364838600158691 31280 0
0.4208400249481201 0.14510345458984375 31172 0
0.3909571170806885 0.140852689743042 30588 0
0.4286196231842041 0.14531421661376953 30670 0
0.43376994132995605 0.14063477516174316 32854 0
0.3807220458984375 0.14500951766967773 32472 0
0.4281771183013916 0.14436697959899902 33493 0
0.4111640453338623 0.14654040336608887 33110 0
0.4398500919342041 0.14381718635559082 32027 0
0.4228098392486572 0.1387491226196289 32424 0
0.4271848201751709 0.1393890380859375 31549 0
0.4232025146484375 0.13812613487243652 32151 0
0.4170529842376709 0.1464681625366211 32441 0
0.410815954208374 0.13939404487609863 31791 0
0.45052337646484375 0.13916969299316406 31872 0
0.42511701583862305 0.14365243911743164 33775 0
0.4486100673675537 0.14207887649536133 33751 0
0.39256978034973145 0.1498122215270996 32440 0
0.40885353088378906 0.14510369300842285 33445 0
0.4282715320587158 0.14382314682006836 31850 0
0.4135603904724121 0.14682650566101074 32016 0
0.4311535358428955 0.13967657089233398 31573 0
0.4242677688598633 0.1389455795288086 32382 0
0.4345982074737549 0.1425306797027588 37303 0
0.44434547424316406 0.14560866355895996 39278 0
0.4307365417480469 0.15061306953430176 40101 0
0.43625497817993164 0.1485755443572998 39459 0
0.43750882148742676 0.1457526683807373 39807 0
0.4121127128601074 0.14513754844665527 39951 0
0.4414558410644531 0.14174771308898926 40352 0
0.423067569732666 0.14689159393310547 39825 0
0.40986108779907227 0.14241552352905273 40961 0
0.42082810401916504 0.14620518684387207 40637 0
0.4235508441925049 0.14234709739685059 39496 0
0.42490696907043457 0.15036487579345703 41391 0
0.4227275848388672 0.14767670631408691 39412 0
0.40573978424072266 0.14184260368347168 39808 0
0.41220664978027344 0.14839553833007812 40652 0
0.4372851848602295 0.14519762992858887 39795 0
0.4239509105682373 0.14795351028442383 40555 0
0.4234786033630371 0.14534473419189453 39424 0
0.41114211082458496 0.14624524116516113 35144 0
0.43089938163757324 0.14105677604675293 39836 0
0.4320385456085205 0.1524791717529297 39651 0
0.4337313175201416 0.14376139640808105 40406 0
0.4497978687286377 0.14404869079589844 40333 0
0.40921592712402344 0.1468029022216797 40716 0
0.41812753677368164 0.14056134223937988 40830 0
0.4258849620819092 0.14614248275756836 40341 0
0.43668293952941895 0.1419832706451416 40803 0
0.3997185230255127 0.1435248851776123 40434 0
0.4315783977508545 0.14524507522583008 33886 0
0.433239221572876 0.1479811668395996 39587 0
0.4516475200653076 0.15146183967590332 39428 0
0.4675865173339844 0.14707541465759277 41052 0
0.42385435104370117 0.14570856094360352 41374 0
0.44749975204467773 0.13959288597106934 41519 0
0.4413149356842041 0.14243435859680176 42181 0
0.46030473709106445 0.1450793743133545 41722 0
0.4255666732788086 0.14104223251342773 41540 0
0.4324467182159424 0.14660882949829102 41819 0
0.4313380718231201 0.14704489707946777 39041 0
0.44272637367248535 0.14430904388427734 41251 0
0.4121439456939697 0.1445307731628418 40949 0
0.4289577007293701 0.14596247673034668 40684 0
0.4265162944793701 0.1431140899658203 42045 0
0.42548418045043945 0.14739632606506348 40966 0
0.4309687614440918 0.14529776573181152 40848 0
0.4033987522125244 0.14804673194885254 41079 0
0.4348785877227783 0.14085793495178223 40872 0
0.42464613914489746 0.14118742942810059 42194 0
0.42810869216918945 0.14546918869018555 36629 0
0.41774725914001465 0.1446073055267334 41444 0
0.43958306312561035 0.1466076374053955 42571 0
0.4406859874725342 0.14279556274414062 43194 0
0.45049595832824707 0.14258384704589844 41408 0
0.46416425704956055 0.14606189727783203 40841 0
0.45687389373779297 0.1453263759613037 40934 0
0.4230844974517822 0.1456003189086914 39044 0
0.41965365409851074 0.15289974212646484 40798 0
0.4280221462249756 0.14262080192565918 42642 0
0.43520474433898926 0.14638948440551758 33964 0
0.41907429695129395 0.1479029655456543 41399 0
0.4213862419128418 0.14191412925720215 39799 0
0.4217836856842041 0.14159226417541504 39907 0
0.42750072479248047 0.14320921897888184 42395 0
0.4351322650909424 0.14228320121765137 41298 0
0.42568278312683105 0.14801478385925293 39827 0
0.438387393951416 0.14504194259643555 43017 0
0.4543614387512207 0.1426093578338623 42150 0
0.4566495418548584 0.14394831657409668 41653 0
0.40286731719970703 0.14200234413146973 41918 0
0.43700671195983887 0.15119576454162598 40845 0
0.4419131278991699 0.15002226829528809 39825 0
0.4306817054748535 0.1425764560699463 40803 0
0.41856908798217773 0.14269661903381348 41982 0
0.4310784339904785 0.14372658729553223 41993 0
0.46893787384033203 0.14620161056518555 41737 0
0.43359827995300293 0.14471101760864258 40538 0
0.41604018211364746 0.14109086990356445 42734 0
0.43890833854675293 0.14443016052246094 41448 0
0.45520901679992676 0.14023709297180176 37772 0
0.4540741443634033 0.1503434181213379 41750 0
0.42446470260620117 0.14839649200439453 41557 0
0.42661499977111816 0.14257574081420898 41566 0
0.43994569778442383 0.1446998119354248 40564 0
0.45119214057922363 0.14075779914855957 41325 0
0.41445136070251465 0.1488358974456787 40441 0
0.42662906646728516 0.14696168899536133 39773 0
0.42572879791259766 0.1487588882446289 41060 0
0.39328455924987793 0.14044857025146484 40995 0
0.4022481441497803 0.14823460578918457 31075 0
0.43081021308898926 0.14885663986206055 37953 0
0.4091172218322754 0.1475369930267334 37289 0
0.41519618034362793 0.14142751693725586 35676 0
0.4331474304199219 0.14663982391357422 38065 0
0.433152437210083 0.14768671989440918 38068 0
0.44902610778808594 0.1412065029144287 38132 0
0.43004798889160156 0.14151716232299805 38440 0
0.44351887702941895 0.14928460121154785 39405 0
0.3934030532836914 0.1431889533996582 39033 0
0.43985772132873535 0.1495954990386963 36717 0
0.4397318363189697 0.14156436920166016 38136 0
0.4200935363769531 0.14028477668762207 33990 0
0.41340160369873047 0.14666175842285156 36565 0
0.4157876968383789 0.14252614974975586 38110 0
0.42893242835998535 0.13891172409057617 37951 0
0.4293394088745117 0.13955998420715332 37205 0
0.42319607734680176 0.14354491233825684 36849 0
0.41477108001708984 0.1482844352722168 36842 0
0.43349313735961914 0.1466972827911377 36735 0
0.41006946563720703 0.14720487594604492 34469 0
0.4442911148071289 0.14165997505187988 36884 0
0.41801905632019043 0.1441514492034912 37921 0
0.417543888092041 0.1443932056427002 38204 0
0.4147942066192627 0.14326190948486328 37704 0
0.4510526657104492 0.14319276809692383 38372 0
0.4129152297973633 0.14883852005004883 38626 0
0.4143257141113281 0.15140032768249512 35892 0
0.4352738857269287 0.15115714073181152 36861 0
0.41225242614746094 0.14562368392944336 37459 0
0.4137444496154785 0.13886594772338867 29441 0
0.3995544910430908 0.1460576057434082 38084 0
0.3731842041015625 0.14681243896484375 35407 0
0.3667569160461426 0.14593744277954102 34806 0
0.3656938076019287 0.17076349258422852 38460 0
0.4268641471862793 0.14614033699035645 36737 0
0.41614580154418945 0.14876461029052734 36147 0
0.41645288467407227 0.14188265800476074 37920 0
0.45046043395996094 0.1446542739868164 37752 0
0.4561502933502197 0.13993549346923828 38288 0
0.41629958152770996 0.14374661445617676 38204 0
0.43796873092651367 0.14185118675231934 37970 0
0.4113943576812744 0.14735794067382812 34660 0
0.42794108390808105 0.1388089656829834 38146 0
0.4234132766723633 0.14699387550354004 38366 0
0.44839954376220703 0.14355707168579102 38449 0
0.41175055503845215 0.1498122215270996 38328 0
0.4328925609588623 0.14705801010131836 38452 0
0.43877434730529785 0.14604473114013672 38558 0
0.42548584938049316 0.14706087112426758 38245 0
0.42337608337402344 0.1469593048095703 34404 0
0.4367258548736572 0.1405467987060547 37599 0
0.42800045013427734 0.1422128677368164 38609 0
0.42326951026916504 0.14647316932678223 37720 0
0.43550586700439453 0.14783287048339844 37649 0
0.4287135601043701 0.1511516571044922 38172 0
0.42447376251220703 0.14876818656921387 36990 0
0.4462544918060303 0.1465137004852295 35747 0
0.40829992294311523 0.14417529106140137 37750 0
0.4187471866607666 0.1452174186706543 37081 0
0.41605186462402344 0.14240717887878418 29594 0
0.4122028350830078 0.14479303359985352 36481 0
0.43291711807250977 0.13941216468811035 33687 0
0.42649173736572266 0.14125561714172363 35120 0
0.42042970657348633 0.1475837230682373 36617 0
0.4392967224121094 0.14130187034606934 37669 0
0.42207813262939453 0.14467096328735352 36446 0
0.418886661529541 0.13724207878112793 38548 0
0.4183318614959717 0.14080548286437988 37877 0
0.4260571002960205 0.14525747299194336 37842 0
0.4292306900024414 0.14115071296691895 37698 0
0.4190995693206787 0.14720439910888672 37031 0
0.45442652702331543 0.14615654945373535 34236 0
0.4303722381591797 0.1506955623626709 37750 0
0.4455528259277344 0.15158891677856445 37205 0
0.43868064880371094 0.14091277122497559 37200 0
0.43239784240722656 0.1421828269958496 37743 0
0.4427664279937744 0.14847707748413086 37635 0
0.4271728992462158 0.13820672035217285 37191 0
0.42809224128723145 0.14496707916259766 37292 0
0.4382197856903076 0.14495491981506348 33182 0
0.44368934631347656 0.1405487060546875 37399 0
0.4696342945098877 0.14003753662109375 37881 0
0.38150501251220703 0.14841651916503906 37778 0
0.4170949459075928 0.14145708084106445 37877 0
0.4318552017211914 0.1433713436126709 37937 0
0.43982386589050293 0.14339590072631836 36706 0
0.4594419002532959 0.14334702491760254 35105 0
0.4314730167388916 0.13913226127624512 37145 0
0.384319543838501 0.14210009574890137 37361 0
0.42513060569763184 0.1405010223388672 30835 0
0.44735169410705566 0.1477644443511963 37117 0
0.4168357849121094 0.1428813934326172 33594 0
0.4177970886230469 0.14255952835083008 37136 0
0.42684435844421387 0.14171123504638672 36878 0
0.43746232986450195 0.13944387435913086 37581 0
0.42502450942993164 0.14440155029296875 37667 0
0.44167566299438477 0.14266705513000488 38386 0
0.4198007583618164 0.14550471305847168 37925 0
0.42189931869506836 0.14311718940734863 38694 0
0.44772887229919434 0.13989043235778809 38375 0
0.43718886375427246 0.14162874221801758 37635 0
0.40967392921447754 0.15024948120117188 34934 0
0.42768239974975586 0.13898110389709473 37630 0
0.41462254524230957 0.14713716506958008 38022 0
0.4453568458557129 0.14216852188110352 39005 0
0.45421481132507324 0.1419355869293213 38208 0
0.4293639659881592 0.14061403274536133 38559 0
0.41196751594543457 0.13897967338562012 37442 0
0.4136466979980469 0.13986897468566895 37197 0
0.4292104244232178 0.1439075469970703 34730 0
0.3947014808654785 0.15022587776184082 36880 0
0.4186849594116211 0.15140986442565918 40546 0
0.41647791862487793 0.1407487392425537 40430 0
0.39699387550354004 0.13762545585632324 41327 0
0.43636584281921387 0.14579081535339355 42121 0
0.41742801666259766 0.14092230796813965 41932 0
0.4434497356414795 0.14130663871765137 41429 0
0.4325556755065918 0.1454448699951172 42040 0
0.4354691505432129 0.14298558235168457 39969 0
0.3964686393737793 0.1508331298828125 40142 0
0.4249262809753418 0.1401503086090088 41623 0
0.4342048168182373 0.14853787422180176 39278 0
0.43216800689697266 0.14541172981262207 40156 0
0.42700934410095215 0.14228343963623047 40878 0
0.4212913513183594 0.14321088790893555 40659 0
0.42760491371154785 0.14104413986206055 41590 0
0.4439096450805664 0.1447920799255371 41819 0
0.42812466621398926 0.1420745849609375 40460 0
0.4290332794189453 0.14177632331848145 41843 0
0.4144480228424072 0.14636921882629395 41269 0
0.41628503799438477 0.14867782592773438 40083 0
0.4349501132965088 0.1407930850982666 40139 0
0.41733646392822266 0.14932823181152344 39613 0
0.4411468505859375 0.15013384819030762 39828 0
0.4261009693145752 0.1667468547821045 40110 0
0.4120676517486572 0.14024806022644043 40353 0
0.4754660129547119 0.13910293579101562 40222 0
0.42930150032043457 0.13920235633850098 39802 0
0.41448187828063965 0.14926934242248535 41335 0
0.3862636089324951 0.14139461517333984 41177 0
0.4238572120666504 0.1422123908996582 41093 0
0.42184925079345703 0.14668512344360352 40534 0
0.42461538314819336 0.14355921745300293 40921 0
0.4178614616394043 0.1400313377380371 40039 0
0.4258747100830078 0.14404034614562988 39735 0
0.452282190322876 0.14508557319641113 39122 0
0.4283487796783447 0.1461026668548584 39854 0
0.4152097702026367 0.14940571784973145 39154 0
0.4599490165710449 0.1505448818206787 40668 0
0.4249265193939209 0.1431422233581543 40524 0
0.4136226177215576 0.14500713348388672 39538 0
0.4220161437988281 0.14119243621826172 39239 0
0.4234483242034912 0.14108490943908691 39939 0
0.4511094093322754 0.14156246185302734 39923 0
0.4240894317626953 0.14177560806274414 39401 0
0.4318866729736328 0.14507389068603516 39369 0
0.386995792388916 0.14908504486083984 39278 0
0.4329988956451416 0.14850330352783203 38481 0
0.4072604179382324 0.13997244834899902 39206 0
0.4246327877044678 0.1410822868347168 40470 0
0.4426686763763428 0.14077019691467285 39761 0
0.43727564811706543 0.14307951927185059 40573 0
0.4327428340911865 0.14595603942871094 40605 0
0.4207894802093506 0.14216399192810059 40106 0
0.43875622749328613 0.1445014476776123 40788 0
0.39356493949890137 0.14992880821228027 40057 0
0.40441083908081055 0.15101909637451172 39809 0
0.3825364112854004 0.1458752155303955 39092 0
0.42795872688293457 0.14603710174560547 39223 0
0.42168760299682617 0.14440083503723145 40448 0
0.4169018268585205 0.14189839363098145 40558 0
0.41524553298950195 0.14188146591186523 39770 0
0.4241335391998291 0.14367938041687012 40565 0
0.4465453624725342 0.14524054527282715 40220 0
0.4261956214904785 0.14375925064086914 41512 0
0.44310569763183594 0.14439964294433594 40772 0
0.41164422035217285 0.14329266548156738 40522 0
0.40976881980895996 0.13973355293273926 40967 0
0.4230380058288574 0.1387484073638916 41109 0
0.43423032760620117 0.1384429931640625 40622 0
0.42842698097229004 0.14586329460144043 40836 0
0.41361165046691895 0.1383049488067627 39885 0
0.4446523189544678 0.14536190032958984 40675 0
0.40372490882873535 0.14859604835510254 38727 0
0.41025519371032715 0.14589405059814453 42010 0
0.41926026344299316 0.1448965072631836 42135 0
0.45003247261047363 0.13938331604003906 41501 0
0.4320690631866455 0.14384913444519043 41519 0
0.41895294189453125 0.14214706420898438 43085 0
0.43340325355529785 0.14591097831726074 42331 0
0.43384718894958496 0.14908933639526367 43079 0
0.43338894844055176 0.14292669296264648 42284 0
0.42445993423461914 0.14612531661987305 42814 0
0.44477200508117676 0.1509392261505127 38206 0
0.41494297981262207 0.1466507911682129 36836 0
0.4266688823699951 0.13897371292114258 41777 0
0.4326794147491455 0.145829439163208 43997 0
0.4207017421722412 0.14590907096862793 40042 0
0.4605565071105957 0.14283466339111328 41845 0
0.42444849014282227 0.14108800888061523 38966 0
0.4168424606323242 0.14353394508361816 38603 0
0.4214811325073242 0.1512765884399414 39099 0
0.4150831699371338 0.15183329582214355 40623 0
0.42937541007995605 0.14432024955749512 40416 0
0.4376678466796875 0.1461033821105957 39664 0
0.42305850982666016 0.14058351516723633 42220 0
0.3959817886352539 0.14749360084533691 41920 0
0.4403870105743408 0.13919353485107422 36716 0
0.4199647903442383 0.14202404022216797 42397 0
0.43445396423339844 0.14055442810058594 40995 0
0.41048622131347656 0.14541268348693848 40347 0
0.43847131729125977 0.14876794815063477 42671 0
0.4060194492340088 0.14450550079345703 42721 0
0.44580745697021484 0.14841437339782715 37821 0
0.4308900833129883 0.1412491798400879 43062 0
0.43525004386901855 0.1405653953552246 43124 0
0.37870144844055176 0.14447808265686035 43832 0
0.41846585273742676 0.143341064453125 42965 0
0.42177391052246094 0.14489316940307617 43948 0
0.4262230396270752 0.15103626251220703 44177 0
0.41658687591552734 0.13682341575622559 44224 0
0.424304723739624 0.14588165283203125 42883 0
0.4216032028198242 0.14132046699523926 44027 0
0.41248607635498047 0.1435379981994629 44878 0
0.44229722023010254 0.14457273483276367 44081 0
0.4689624309539795 0.14236807823181152 43693 0
0.46363401412963867 0.1462695598602295 43235 0
0.44106411933898926 0.14125514030456543 42513 0
0.44150686264038086 0.1466834545135498 43424 0
0.42946791648864746 0.15272188186645508 42911 0
0.42845821380615234 0.14838624000549316 42487 0
0.44780468940734863 0.1405620574951172 42945 0
0.466541051864624 0.13920879364013672 42940 0
0.4170253276824951 0.1448686122894287 43353 0
0.4178752899169922 0.14284014701843262 42205 0
0.4455697536468506 0.14401602745056152 43913 0
0.4641098976135254 0.14278411865234375 44383 0
0.4087646007537842 0.14472651481628418 38404 0
0.4637160301208496 0.1486351490020752 43811 0
0.43930912017822266 0.14280366897583008 41848 0
0.44205713272094727 0.148054838180542 42320 0
0.4361295700073242 0.1440269947052002 43820 0
0.4102933406829834 0.1444544792175293 43920 0
0.4172184467315674 0.1430366039276123 40406 0
0.41402649879455566 0.14401936531066895 43904 0
0.44478440284729004 0.1466362476348877 43271 0
0.4259307384490967 0.1463634967803955 44111 0
0.42918896675109863 0.15023541450500488 43072 0
0.4250972270965576 0.14141130447387695 42820 0
0.43697500228881836 0.14745354652404785 44135 0
0.4555068016052246 0.15096235275268555 43689 0
0.4212181568145752 0.1449117660522461 44593 0
0.4321894645690918 0.1452164649963379 45074 0
0.4414634704589844 0.14289093017578125 45131 0
0.4253830909729004 0.14118027687072754 45944 0
0.4420936107635498 0.14229655265808105 44511 0
0.4510493278503418 0.14605379104614258 45843 0
0.43720436096191406 0.14049720764160156 44267 0
0.44630956649780273 0.14261865615844727 44129 0
0.41284728050231934 0.1469864845275879 43832 0
0.4377117156982422 0.14877653121948242 43293 0
0.4316673278808594 0.1451551914215088 44315 0
0.41994214057922363 0.13785004615783691 45070 0
0.4333162307739258 0.14804410934448242 44116 0
0.4203977584838867 0.14256834983825684 43058 0
0.4270162582397461 0.1459336280822754 45028 0
0.4325990676879883 0.14384031295776367 46308 0
0.42028212547302246 0.14200878143310547 39910 0
0.44324612617492676 0.14372014999389648 45443 0
0.4257545471191406 0.14170145988464355 45253 0
0.4225609302520752 0.14329314231872559 43693 0
0.4310286045074463 0.1459040641784668 46215 0
0.4238748550415039 0.14101910591125488 45950 0
0.42568087577819824 0.1420423984527588 43136 0
0.4094536304473877 0.14417076110839844 47079 0
0.44821715354919434 0.14706039428710938 45618 0
0.43874430656433105 0.14288878440856934 46302 0
0.41159963607788086 0.1386098861694336 45450 0
0.4162721633911133 0.14581584930419922 43071 0
0.44574594497680664 0.14574766159057617 43823 0
0.42247462272644043 0.14437413215637207 42602 0
0.4299430847167969 0.14650726318359375 43064 0
0.4251070022583008 0.14128684997558594 42473 0
0.4307270050048828 0.14511322975158691 42692 0
0.42460036277770996 0.14046120643615723 42613 0
0.4381694793701172 0.1395406723022461 42515 0
0.43383264541625977 0.1452016830444336 41644 0
0.43837738037109375 0.15271639823913574 41841 0
0.42734766006469727 0.15389537811279297 41703 0
0.4272317886352539 0.14164233207702637 42909 0
0.444047212600708 0.1399829387664795 42839 0
0.43108582496643066 0.14844274520874023 42823 0
0.43431830406188965 0.14566802978515625 41603 0
0.4535634517669678 0.14275765419006348 42036 0
0.4252817630767822 0.14161348342895508 43469 0
0.4235954284667969 0.14519834518432617 42245 0
0.43720579147338867 0.1466536521911621 42272 0
0.44204211235046387 0.15154242515563965 41680 0
0.40656614303588867 0.1481008529663086 40055 0
0.36965203285217285 0.14302754402160645 40695 0
0.41405439376831055 0.13809990882873535 41186 0
0.42081689834594727 0.1409013271331787 42295 0
0.4117863178253174 0.14273619651794434 42503 0
0.4238717555999756 0.14554619789123535 42389 0
0.4147450923919678 0.14037632942199707 41940 0
0.4537067413330078 0.14190077781677246 42783 0
0.4260518550872803 0.14446496963500977 42622 0
