0.10964632034301758 0.01818084716796875 45640 0
0.10563468933105469 0.01857280731201172 44062 0
0.10614442825317383 0.01815009117126465 47658 0
0.1048576831817627 0.01849532127380371 44630 0
0.10737180709838867 0.018923044204711914 48068 0
0.10541224479675293 0.01806163787841797 48756 0
0.11230778694152832 0.01866316795349121 48744 0
0.10378313064575195 0.018334627151489258 48624 0
0.11488699913024902 0.018433570861816406 48304 0
0.10505986213684082 0.017948389053344727 48526 0
0.10604023933410645 0.01850748062133789 46512 0
0.10493040084838867 0.017568111419677734 43580 0
0.10708260536193848 0.019870519638061523 47848 0
0.11095452308654785 0.01865077018737793 46774 0
0.10205841064453125 0.016551971435546875 34754 0
0.10956549644470215 0.019052743911743164 45832 0
0.1021883487701416 0.017599105834960938 43678 0
0.10334920883178711 0.017467737197875977 41744 0
0.10316920280456543 0.017070531845092773 39160 0
0.10380363464355469 0.01819467544555664 43250 0
0.10939645767211914 0.01866436004638672 43386 0
0.10584759712219238 0.018396854400634766 41658 0
0.10284733772277832 0.0181272029876709 45072 0
0.10964322090148926 0.01767110824584961 47256 0
0.11069822311401367 0.020215749740600586 47594 0
0.10500717163085938 0.01778388023376465 46034 0
0.10892963409423828 0.017772912979125977 40798 0
0.10464978218078613 0.01791524887084961 45024 0
0.1052696704864502 0.018380403518676758 45264 0
0.1029205322265625 0.017042875289916992 42978 0
0.10513734817504883 0.01776885986328125 44942 0
0.10864663124084473 0.01798105239868164 47716 0
0.1030576229095459 0.01840066909790039 43778 0
0.10723423957824707 0.018283367156982422 44736 0
0.10689663887023926 0.017462491989135742 40944 0
0.11044025421142578 0.01858806610107422 47358 0
0.1113588809967041 0.01957392692565918 50494 0
0.11932826042175293 0.018829345703125 49490 0
0.11040019989013672 0.01900482177734375 50550 0
0.11023116111755371 0.017938852310180664 45998 0
0.10635113716125488 0.018844127655029297 42308 0
0.10531187057495117 0.01936650276184082 44346 0
0.11712145805358887 0.022144794464111328 49140 0
0.11030268669128418 0.018697500228881836 49116 0
0.10760998725891113 0.01769423484802246 39880 0
0.1062004566192627 0.017539024353027344 48364 0
0.10952377319335938 0.018926382064819336 49322 0
0.10861086845397949 0.019062042236328125 47954 0
0.10849213600158691 0.018256664276123047 49302 0
0.10552358627319336 0.018561601638793945 48592 0
0.10544228553771973 0.01746678352355957 48340 0
0.10537457466125488 0.01785874366760254 48926 0
0.11046743392944336 0.018773317337036133 48246 0
0.1063687801361084 0.017928361892700195 48856 0
0.1061394214630127 0.018282651901245117 49036 0
0.11150431632995605 0.017867565155029297 49318 0
0.10957622528076172 0.019245147705078125 49210 0
0.10564923286437988 0.018131256103515625 49436 0
0.1079251766204834 0.018672704696655273 49638 0
0.1085197925567627 0.017971515655517578 50032 0
0.10817170143127441 0.019743680953979492 48486 0
0.10723304748535156 0.018123388290405273 48680 0
0.10541820526123047 0.017894268035888672 48476 0
0.10698223114013672 0.01853466033935547 46890 0
0.11339044570922852 0.018193483352661133 44504 0
0.10678863525390625 0.018052101135253906 47060 0
0.11032485961914062 0.018291950225830078 48650 0
0.10439586639404297 0.0176393985748291 48580 0
0.11173605918884277 0.0180356502532959 48208 0
0.10640454292297363 0.01799631118774414 47490 0
0.10755395889282227 0.017935752868652344 46706 0
0.10217094421386719 0.017679214477539062 43508 0
0.10895442962646484 0.018029212951660156 47450 0
0.10614609718322754 0.01764988899230957 44508 0
0.10344123840332031 0.01849675178527832 34676 0
0.10891151428222656 0.01825737953186035 47186 0
0.10493731498718262 0.01784491539001465 45666 0
0.10228085517883301 0.017096757888793945 43414 0
0.10579442977905273 0.01800394058227539 44192 0
0.10638880729675293 0.017518043518066406 44246 0
0.11171627044677734 0.01876044273376465 45946 0
0.10457181930541992 0.018047809600830078 46956 0
0.10988736152648926 0.019212722778320312 45318 0
0.10244607925415039 0.01795196533203125 44256 0
0.10552167892456055 0.017978668212890625 46498 0
0.11276435852050781 0.01846790313720703 46396 0
0.10202431678771973 0.017540931701660156 42304 0
0.10970473289489746 0.018479585647583008 46804 0
0.10718321800231934 0.01795029640197754 46894 0
0.10698938369750977 0.01815319061279297 48406 0
0.10834884643554688 0.01864790916442871 46652 0
0.11140727996826172 0.0189211368560791 46248 0
0.10917854309082031 0.01901698112487793 46936 0
0.10577273368835449 0.017709732055664062 43346 0
0.1114964485168457 0.018365144729614258 47370 0
0.10706329345703125 0.017879247665405273 46996 0
0.10125946998596191 0.01680755615234375 35156 0
0.1132199764251709 0.01809978485107422 47606 0
0.10995697975158691 0.019333362579345703 47626 0
0.10382938385009766 0.018477916717529297 43402 0
0.11183953285217285 0.018082380294799805 45014 0
0.10413074493408203 0.018494367599487305 46660 0
0.10644674301147461 0.01968979835510254 46282 0
0.10831546783447266 0.01854562759399414 49284 0
0.1060934066772461 0.0180361270904541 49064 0
0.1040964126586914 0.018027782440185547 48134 0
0.10673189163208008 0.01880621910095215 48548 0
0.11296701431274414 0.02257084846496582 49466 0
0.11132955551147461 0.018817901611328125 49384 0
0.10837388038635254 0.018556833267211914 48892 0
0.10497403144836426 0.018145084381103516 48884 0
0.10465836524963379 0.018049240112304688 48736 0
0.10462808609008789 0.018155574798583984 48322 0
0.10576009750366211 0.01811814308166504 49304 0
0.10735917091369629 0.01764202117919922 47054 0
0.11061930656433105 0.019622087478637695 48892 0
0.10256195068359375 0.0171966552734375 41616 0
0.1089928150177002 0.01815652847290039 48692 0
0.10773992538452148 0.019620895385742188 48474 0
0.10663676261901855 0.018112897872924805 48632 0
0.10837745666503906 0.017951488494873047 47484 0
0.10564923286437988 0.017346858978271484 48220 0
0.10670876502990723 0.01854729652404785 47146 0
0.10725522041320801 0.017722606658935547 46114 0
0.1074516773223877 0.018389225006103516 47372 0
0.10533738136291504 0.018077373504638672 47440 0
0.10012125968933105 0.017560243606567383 35770 0
0.10420775413513184 0.018774986267089844 45728 0
0.10700416564941406 0.018581867218017578 38782 0
0.10418391227722168 0.0172426700592041 40510 0
0.11271810531616211 0.01868414878845215 41604 0
0.10311269760131836 0.01792764663696289 43012 0
0.10538887977600098 0.01726078987121582 40656 0
0.10400962829589844 0.017607450485229492 43052 0
0.10552144050598145 0.017983198165893555 46194 0
0.11198282241821289 0.01760244369506836 47398 0
0.10655593872070312 0.0183260440826416 47686 0
0.1087639331817627 0.01721787452697754 47250 0
0.10634255409240723 0.018681049346923828 46952 0
0.11164283752441406 0.018621444702148438 47940 0
0.10828185081481934 0.017954111099243164 48076 0
0.10632610321044922 0.018407106399536133 49198 0
0.10706686973571777 0.018604040145874023 47896 0
0.10596919059753418 0.018559932708740234 47348 0
0.10832905769348145 0.018398523330688477 46836 0
0.10739016532897949 0.017662763595581055 49542 0
0.10722804069519043 0.01885986328125 48486 0
0.10691976547241211 0.01772451400756836 47578 0
0.1089174747467041 0.017520427703857422 44580 0
0.10607647895812988 0.017849206924438477 44736 0
0.11304569244384766 0.01845526695251465 48858 0
0.10766196250915527 0.01815319061279297 52968 0
0.10779571533203125 0.018749237060546875 51890 0
0.11015725135803223 0.018578052520751953 49912 0
0.10640835762023926 0.01821589469909668 51316 0
0.1074984073638916 0.018833637237548828 48340 0
0.10089254379272461 0.017058610916137695 35966 0
0.10613083839416504 0.021471738815307617 45012 0
0.10676264762878418 0.018412351608276367 47434 0
0.1074526309967041 0.019591093063354492 41162 0
0.11049509048461914 0.01787543296813965 41466 0
0.1059110164642334 0.01750326156616211 42428 0
0.10871076583862305 0.01781010627746582 41354 0
0.10407352447509766 0.018002748489379883 42450 0
0.10988402366638184 0.018089771270751953 47520 0
0.1092066764831543 0.018905162811279297 44020 0
0.10597944259643555 0.018034934997558594 43536 0
0.10696935653686523 0.018907546997070312 48374 0
0.10587215423583984 0.017449617385864258 45526 0
0.11277508735656738 0.01820683479309082 50978 0
0.104248046875 0.017720460891723633 45070 0
0.10547375679016113 0.01841115951538086 49616 0
0.10458874702453613 0.018396615982055664 49750 0
0.11031484603881836 0.01852726936340332 50154 0
0.10751748085021973 0.018243074417114258 49668 0
0.10868501663208008 0.0188295841217041 49590 0
0.10475564002990723 0.01871657371520996 45270 0
0.10772180557250977 0.019182205200195312 50554 0
0.10956692695617676 0.019119739532470703 51132 0
0.11247992515563965 0.01830291748046875 50848 0
0.10907125473022461 0.018847942352294922 49674 0
0.1124563217163086 0.019017696380615234 49120 0
0.10724377632141113 0.017927169799804688 49708 0
0.10500931739807129 0.017999887466430664 46664 0
0.10868430137634277 0.018389463424682617 49122 0
0.107177734375 0.01761627197265625 48892 0
0.10390496253967285 0.018750667572021484 37056 0
0.10603666305541992 0.01808786392211914 49318 0
0.10755109786987305 0.018948078155517578 49944 0
0.11521220207214355 0.0188140869140625 44848 0
0.11153125762939453 0.01776266098022461 48170 0
0.11098766326904297 0.02373504638671875 48124 0
0.10638666152954102 0.01789069175720215 47478 0
0.1129767894744873 0.01880955696105957 48776 0
0.10659551620483398 0.018090486526489258 48684 0
0.11140751838684082 0.018921375274658203 48788 0
0.11107277870178223 0.018012046813964844 49180 0
0.10738015174865723 0.018131732940673828 49542 0
0.10710430145263672 0.019624710083007812 49100 0
0.10415363311767578 0.017656564712524414 48370 0
0.1059572696685791 0.019441843032836914 46012 0
0.10161423683166504 0.017323017120361328 38326 0
0.10215520858764648 0.017315149307250977 36118 0
0.10312104225158691 0.017737150192260742 37008 0
0.10234880447387695 0.017366886138916016 37030 0
0.10759782791137695 0.018616437911987305 37868 0
0.1007535457611084 0.01929640769958496 38116 0
0.11031365394592285 0.01759791374206543 38876 0
0.10229158401489258 0.01916813850402832 40178 0
0.10896706581115723 0.017410755157470703 39424 0
0.10331583023071289 0.017599821090698242 38064 0
0.10288548469543457 0.0183870792388916 39038 0
0.10552859306335449 0.017991065979003906 39526 0
0.10326862335205078 0.01812911033630371 38236 0
0.10582923889160156 0.018075942993164062 38480 0
0.10014963150024414 0.017080068588256836 37760 0
0.1038351058959961 0.016841888427734375 37856 0
0.10182070732116699 0.017345905303955078 33316 0
0.10446357727050781 0.016931533813476562 38296 0
0.10383296012878418 0.018299579620361328 38818 0
0.10279035568237305 0.017876148223876953 39218 0
0.10576367378234863 0.01753711700439453 38944 0
0.1026759147644043 0.016826629638671875 38692 0
0.1107034683227539 0.017638206481933594 39108 0
0.10805630683898926 0.017193317413330078 39092 0
0.1029059886932373 0.016727924346923828 38460 0
0.10064864158630371 0.017388582229614258 38408 0
0.10019826889038086 0.01703786849975586 38160 0
0.1001577377319336 0.0174562931060791 38162 0
0.1014258861541748 0.017190217971801758 38288 0
0.10912966728210449 0.0169677734375 37514 0
0.10884737968444824 0.017405033111572266 38100 0
0.10362458229064941 0.01738429069519043 38296 0
0.10141468048095703 0.017045974731445312 38208 0
0.10327434539794922 0.017524003982543945 38886 0
0.10076236724853516 0.017494916915893555 38610 0
0.10136628150939941 0.017045259475708008 38498 0
0.1028285026550293 0.018262863159179688 38520 0
0.10159063339233398 0.016891002655029297 38430 0
0.10385918617248535 0.017392873764038086 37752 0
0.10247135162353516 0.01729869842529297 37262 0
0.10292172431945801 0.017192602157592773 38064 0
0.1045219898223877 0.01812291145324707 38474 0
0.10229063034057617 0.016843795776367188 38344 0
0.10817694664001465 0.017497777938842773 38694 0
0.10732197761535645 0.017424821853637695 37804 0
0.10832381248474121 0.017694711685180664 37762 0
0.09869718551635742 0.017085552215576172 33112 0
0.10199260711669922 0.017023563385009766 37712 0
0.10102701187133789 0.01795816421508789 37770 0
0.10324573516845703 0.017760753631591797 38248 0
0.09948229789733887 0.01735687255859375 37912 0
0.10137796401977539 0.016640663146972656 37704 0
0.10173392295837402 0.017653703689575195 38756 0
0.10191178321838379 0.017760515213012695 38550 0
0.10480260848999023 0.01917576789855957 38214 0
0.10201001167297363 0.01768350601196289 38328 0
0.10065388679504395 0.01748824119567871 37644 0
0.10111331939697266 0.016389131546020508 37318 0
0.10529232025146484 0.018176555633544922 36604 0
0.10182404518127441 0.01762223243713379 37092 0
0.10570764541625977 0.01792311668395996 37248 0
0.1035923957824707 0.017732858657836914 38210 0
0.1074833869934082 0.018062591552734375 38304 0
0.10601973533630371 0.0185546875 38674 0
0.10551571846008301 0.01821136474609375 38072 0
0.10241842269897461 0.017575502395629883 38980 0
0.1025092601776123 0.017917156219482422 38654 0
0.10312390327453613 0.017392396926879883 39414 0
0.10480070114135742 0.01736593246459961 39202 0
0.09955453872680664 0.017266035079956055 37780 0
0.10193777084350586 0.018727779388427734 38834 0
0.10272979736328125 0.01750040054321289 38108 0
0.10340166091918945 0.017467975616455078 43054 0
0.10322356224060059 0.017776012420654297 42660 0
0.10565567016601562 0.017598628997802734 38612 0
0.10955595970153809 0.019422054290771484 48664 0
0.10451245307922363 0.0180208683013916 43832 0
0.11154055595397949 0.017907142639160156 48646 0
0.10399079322814941 0.01757526397705078 45176 0
0.10588335990905762 0.017803668975830078 43144 0
0.1116025447845459 0.018659114837646484 43822 0
0.10353875160217285 0.018636703491210938 44078 0
0.10371017456054688 0.01732015609741211 43798 0
0.10289478302001953 0.018358469009399414 43074 0
0.10703015327453613 0.01763296127319336 42734 0
0.10152959823608398 0.017630577087402344 39690 0
0.10483098030090332 0.01715540885925293 39984 0
0.1036081314086914 0.018442392349243164 37232 0
0.10649466514587402 0.016628026962280273 38888 0
0.10157990455627441 0.01781439781188965 38306 0
0.10207867622375488 0.016922473907470703 38054 0
0.10447192192077637 0.01874828338623047 38244 0
0.10309743881225586 0.018731117248535156 38628 0
0.10599422454833984 0.017629623413085938 38234 0
0.10265278816223145 0.017338275909423828 38548 0
0.10447263717651367 0.018650531768798828 39296 0
0.10444259643554688 0.01770615577697754 39496 0
0.10349297523498535 0.01722407341003418 40414 0
0.10352945327758789 0.01659369468688965 32184 0
0.10497498512268066 0.018399715423583984 40264 0
0.1101236343383789 0.016677379608154297 40620 0
0.10737729072570801 0.018012523651123047 38806 0
0.10505986213684082 0.017961978912353516 40394 0
0.10158777236938477 0.01817464828491211 40524 0
0.10755467414855957 0.019075632095336914 40004 0
0.10411405563354492 0.017749309539794922 40552 0
0.10831809043884277 0.01811075210571289 39972 0
0.10326623916625977 0.0175936222076416 39408 0
0.10582566261291504 0.018732786178588867 39712 0
0.10400032997131348 0.017095327377319336 38890 0
0.10565423965454102 0.01825881004333496 39330 0
0.10421514511108398 0.01822805404663086 39312 0
0.10927772521972656 0.017885684967041016 39950 0
0.10060524940490723 0.017520904541015625 39926 0
0.10503292083740234 0.017110109329223633 40526 0
0.10772514343261719 0.018284320831298828 40066 0
0.11130642890930176 0.016919374465942383 39226 0
0.10167384147644043 0.017281770706176758 39846 0
0.10147857666015625 0.017517566680908203 38776 0
0.10579800605773926 0.017189741134643555 38256 0
0.10574746131896973 0.017357826232910156 39250 0
0.10402226448059082 0.01760101318359375 38530 0
0.10190987586975098 0.01709580421447754 38986 0
0.10762405395507812 0.018250703811645508 39196 0
0.10334229469299316 0.01702737808227539 38442 0
0.10601091384887695 0.01682114601135254 37704 0
0.1009221076965332 0.017385005950927734 39850 0
0.10330653190612793 0.01731109619140625 39360 0
0.09711360931396484 0.01648545265197754 31140 0
0.10378861427307129 0.017120838165283203 39016 0
0.10332036018371582 0.018405437469482422 39846 0
0.10095095634460449 0.016948699951171875 37098 0
0.10913991928100586 0.017892837524414062 40370 0
0.10237550735473633 0.017832040786743164 40224 0
0.10726547241210938 0.017671823501586914 38552 0
0.10159468650817871 0.017505407333374023 40390 0
0.10226893424987793 0.017624855041503906 40132 0
0.1024935245513916 0.01684427261352539 40042 0
0.10195183753967285 0.017235755920410156 39652 0
0.10599184036254883 0.017238140106201172 38152 0
0.10205268859863281 0.016204833984375 39776 0
0.10072994232177734 0.01748967170715332 38692 0
0.1001279354095459 0.017226696014404297 39338 0
0.10257840156555176 0.017417430877685547 39196 0
0.10879135131835938 0.01856255531311035 40094 0
0.10814023017883301 0.017416000366210938 40244 0
0.1032404899597168 0.01715564727783203 39582 0
0.10056304931640625 0.017421960830688477 39702 0
0.10211420059204102 0.018578052520751953 39172 0
0.10353899002075195 0.02049851417541504 38922 0
0.1035161018371582 0.017360925674438477 39144 0
0.10143542289733887 0.016623258590698242 38154 0
0.1021571159362793 0.017166852951049805 38952 0
0.10397911071777344 0.017282485961914062 39216 0
0.10238361358642578 0.018121957778930664 38524 0
0.10880613327026367 0.017938613891601562 37426 0
0.10189342498779297 0.01776289939880371 39982 0
0.1049649715423584 0.016797780990600586 39570 0
0.09767007827758789 0.0165557861328125 30452 0
0.10242557525634766 0.017999649047851562 37188 0
0.10553836822509766 0.01818084716796875 38600 0
0.10612344741821289 0.017409801483154297 35650 0
0.10175848007202148 0.017335891723632812 39282 0
0.10505890846252441 0.017565250396728516 40524 0
0.10184335708618164 0.021100282669067383 33478 0
0.09918427467346191 0.01686382293701172 29148 0
0.10534381866455078 0.018480300903320312 37502 0
0.10716390609741211 0.017385482788085938 39440 0
0.10252833366394043 0.0175473690032959 40842 0
0.10180902481079102 0.017774105072021484 40490 0
0.10300493240356445 0.01785445213317871 40414 0
0.11541867256164551 0.017766475677490234 41448 0
0.10874581336975098 0.018941402435302734 40834 0
0.10247993469238281 0.017459869384765625 39122 0
0.10034680366516113 0.01689910888671875 30774 0
0.09874320030212402 0.017436742782592773 30834 0
0.10556292533874512 0.01771688461303711 40184 0
0.10706257820129395 0.017850637435913086 40686 0
0.1021432876586914 0.01805734634399414 38938 0
0.10295963287353516 0.01717352867126465 40046 0
0.10314273834228516 0.023934125900268555 39116 0
0.10603737831115723 0.017722368240356445 39912 0
0.10516571998596191 0.01727890968322754 40082 0
0.10455083847045898 0.018500566482543945 40708 0
0.10331439971923828 0.0171968936920166 40866 0
0.10694193840026855 0.017745018005371094 39606 0
0.1112358570098877 0.018491744995117188 40906 0
0.1131734848022461 0.01824784278869629 40164 0
0.10514974594116211 0.017388343811035156 35528 0
0.1034548282623291 0.01792001724243164 39490 0
0.10628986358642578 0.01819300651550293 39212 0
0.10192489624023438 0.017420291900634766 39032 0
0.10237550735473633 0.01744675636291504 40716 0
0.10594701766967773 0.01743912696838379 39942 0
0.1024012565612793 0.01732778549194336 39570 0
0.10720229148864746 0.017154216766357422 39016 0
0.10433340072631836 0.01735544204711914 39498 0
0.10367679595947266 0.017292261123657227 40146 0
0.10110282897949219 0.01782703399658203 39400 0
0.10329389572143555 0.01849222183227539 39154 0
0.10062742233276367 0.017168045043945312 38818 0
0.10454463958740234 0.018536090850830078 39588 0
0.10795235633850098 0.017731666564941406 38790 0
0.1083073616027832 0.0179443359375 39742 0
0.10293102264404297 0.016814470291137695 39796 0
0.10544848442077637 0.017731666564941406 38578 0
0.10123038291931152 0.01710796356201172 37222 0
0.10800719261169434 0.017804384231567383 38110 0
0.10299301147460938 0.017467260360717773 37558 0
0.10257387161254883 0.017811298370361328 30208 0
0.10682797431945801 0.017225980758666992 37082 0
0.10466718673706055 0.017495155334472656 37078 0
0.10729074478149414 0.01836872100830078 38146 0
0.10036587715148926 0.016829967498779297 36392 0
0.10587191581726074 0.01807403564453125 37672 0
0.10270929336547852 0.018157243728637695 37582 0
0.10077452659606934 0.017658710479736328 37294 0
0.10179495811462402 0.016691207885742188 37166 0
0.10754776000976562 0.0170440673828125 37668 0
0.10269284248352051 0.016871213912963867 37368 0
0.10170936584472656 0.017087697982788086 37486 0
0.10258626937866211 0.01983928680419922 37386 0
0.10090756416320801 0.01739025115966797 36354 0
0.10625100135803223 0.01754450798034668 37272 0
0.1003713607788086 0.01729583740234375 36886 0
0.10228848457336426 0.016863584518432617 36472 0
0.09970688819885254 0.017087697982788086 36358 0
0.10213470458984375 0.018405675888061523 37134 0
0.10369038581848145 0.017034530639648438 36840 0
0.10224199295043945 0.016986370086669922 36978 0
0.1031656265258789 0.017622947692871094 37428 0
0.10203242301940918 0.018692970275878906 36714 0
0.10185074806213379 0.01772141456604004 36670 0
0.10290789604187012 0.0168609619140625 37362 0
0.10760641098022461 0.01721954345703125 36882 0
0.10390734672546387 0.0174710750579834 37366 0
0.1032259464263916 0.017394065856933594 35752 0
0.10335659980773926 0.02327132225036621 36710 0
0.10689091682434082 0.01805281639099121 36350 0
0.0996553897857666 0.01629185676574707 27754 0
0.1006324291229248 0.017243146896362305 36322 0
0.0994713306427002 0.0176544189453125 36358 0
0.10146069526672363 0.01732921600341797 37190 0
0.10649919509887695 0.017107486724853516 36078 0
0.10235714912414551 0.01734638214111328 36382 0
0.10098433494567871 0.0171506404876709 37178 0
0.10276412963867188 0.017701148986816406 36658 0
0.10049104690551758 0.01675868034362793 36586 0
0.10165977478027344 0.017132043838500977 37262 0
0.10108041763305664 0.017306804656982422 36616 0
0.10058856010437012 0.0171968936920166 36486 0
0.11081242561340332 0.01659226417541504 36370 0
0.1023874282836914 0.01681232452392578 36194 0
0.10641884803771973 0.017934083938598633 35622 0
0.10210871696472168 0.017969131469726562 36006 0
0.10182881355285645 0.017351388931274414 35862 0
0.1027841567993164 0.017261505126953125 35682 0
0.10370254516601562 0.01711559295654297 36540 0
0.10342001914978027 0.017073631286621094 36120 0
0.10338616371154785 0.016448259353637695 35806 0
0.10660386085510254 0.01713109016418457 36080 0
0.10509443283081055 0.0177915096282959 36384 0
0.10334348678588867 0.017879486083984375 36050 0
0.10455656051635742 0.01735234260559082 36466 0
0.10419344902038574 0.017076969146728516 35898 0
0.10306739807128906 0.01665973663330078 36288 0
0.0996713638305664 0.016439199447631836 34544 0
0.10529828071594238 0.01685643196105957 36142 0
0.0996086597442627 0.016858816146850586 35354 0
0.09765982627868652 0.01622939109802246 28216 0
0.10613846778869629 0.017009973526000977 34344 0
0.10277748107910156 0.017917871475219727 35964 0
0.10059547424316406 0.017187833786010742 35700 0
0.10535383224487305 0.017674922943115234 35524 0
0.1017909049987793 0.019052505493164062 36144 0
0.09999275207519531 0.016869783401489258 36154 0
0.10250020027160645 0.017091035842895508 36008 0
0.10230422019958496 0.017083168029785156 36002 0
0.10655784606933594 0.017354726791381836 35738 0
0.10023808479309082 0.017324447631835938 35986 0
0.0996558666229248 0.01818084716796875 35432 0
0.10326266288757324 0.016918182373046875 35222 0
0.1017446517944336 0.017013072967529297 35404 0
0.10315847396850586 0.017064809799194336 35610 0
0.09972715377807617 0.017590761184692383 35600 0
0.1041114330291748 0.01765918731689453 33174 0
0.09994244575500488 0.017126798629760742 33180 0
0.10270190238952637 0.017638683319091797 33656 0
0.10164260864257812 0.016846418380737305 34546 0
0.10243654251098633 0.01831197738647461 34924 0
0.10257863998413086 0.016765356063842773 35830 0
0.10947489738464355 0.017540931701660156 36248 0
0.10074710845947266 0.017184734344482422 36392 0
0.1009068489074707 0.018350601196289062 36008 0
0.10424399375915527 0.017403364181518555 36468 0
0.1010897159576416 0.018201351165771484 33874 0
0.10033559799194336 0.016870498657226562 32100 0
0.09937024116516113 0.017278432846069336 33528 0
0.10045504570007324 0.016604185104370117 32576 0
0.0971829891204834 0.015575885772705078 26370 0
0.10577154159545898 0.016904592514038086 33320 0
0.10012602806091309 0.01651144027709961 33494 0
0.1048741340637207 0.018117427825927734 32906 0
0.10537123680114746 0.01769399642944336 31882 0
0.10079169273376465 0.016823291778564453 33014 0
0.10146737098693848 0.017282962799072266 35292 0
0.10488009452819824 0.01922893524169922 33910 0
0.10098767280578613 0.016546249389648438 33860 0
0.10169649124145508 0.017721176147460938 33268 0
0.10243606567382812 0.017058610916137695 32482 0
0.09976625442504883 0.01688528060913086 31498 0
0.10242557525634766 0.016747474670410156 31946 0
0.10302233695983887 0.017366409301757812 31556 0
0.10252737998962402 0.016836881637573242 31610 0
0.10484528541564941 0.016727209091186523 31908 0
0.10079312324523926 0.01709437370300293 32722 0
0.10052299499511719 0.016914844512939453 33808 0
0.10072803497314453 0.01831531524658203 33558 0
0.09683394432067871 0.017395973205566406 32904 0
0.10362577438354492 0.01678776741027832 32822 0
0.10380101203918457 0.01642131805419922 32792 0
0.09783053398132324 0.017177343368530273 32880 0
0.09875249862670898 0.017164945602416992 33128 0
0.10313868522644043 0.016829252243041992 32354 0
0.09771132469177246 0.017342567443847656 31912 0
0.09730672836303711 0.01675128936767578 31402 0
0.09858298301696777 0.016690731048583984 29342 0
0.10078096389770508 0.016020536422729492 31838 0
0.09899711608886719 0.017008543014526367 30688 0
0.09647750854492188 0.016600370407104492 24556 0
0.09664559364318848 0.017316341400146484 31688 0
0.1000511646270752 0.01737070083618164 32480 0
0.10194110870361328 0.016343355178833008 32856 0
0.10028886795043945 0.016906023025512695 31310 0
0.10062265396118164 0.01749563217163086 33114 0
0.09954094886779785 0.01651787757873535 32246 0
0.0998690128326416 0.017267465591430664 32376 0
0.10149097442626953 0.017587661743164062 34252 0
0.10387849807739258 0.01689600944519043 33286 0
0.10205602645874023 0.0168302059173584 25870 0
0.09830045700073242 0.017143964767456055 33216 0
0.0999147891998291 0.017118215560913086 33876 0
0.09941959381103516 0.01675558090209961 33548 0
0.10386157035827637 0.017645835876464844 32980 0
0.09921884536743164 0.016021013259887695 33406 0
0.1050112247467041 0.016664505004882812 35414 0
0.10462641716003418 0.017423152923583984 34758 0
0.10367560386657715 0.017462730407714844 36224 0
0.10318183898925781 0.01807880401611328 34578 0
0.09973978996276855 0.016518115997314453 34456 0
0.10425329208374023 0.01676654815673828 34350 0
0.1046440601348877 0.01781916618347168 34384 0
0.10063982009887695 0.017969369888305664 35542 0
0.10035347938537598 0.017882585525512695 35838 0
0.10095834732055664 0.01732182502746582 34280 0
0.10192728042602539 0.018378734588623047 31582 0
0.09965300559997559 0.01689314842224121 32088 0
0.10263562202453613 0.01699686050415039 34390 0
0.10236358642578125 0.01755690574645996 34226 0
0.10679030418395996 0.01773810386657715 35602 0
0.10274434089660645 0.01699209213256836 35256 0
0.10149002075195312 0.016417980194091797 33866 0
0.09788036346435547 0.016433238983154297 33714 0
0.10040760040283203 0.017589092254638672 34496 0
0.10062265396118164 0.0175018310546875 34032 0
0.09911775588989258 0.017095327377319336 33524 0
0.10143709182739258 0.02253580093383789 33344 0
0.10602426528930664 0.018146514892578125 34214 0
0.09961676597595215 0.01713418960571289 34224 0
0.10361385345458984 0.017638206481933594 34454 0
0.1047358512878418 0.017992019653320312 34210 0
0.10081076622009277 0.017133235931396484 34400 0
0.1060178279876709 0.018083810806274414 35122 0
0.10641169548034668 0.01792740821838379 34678 0
0.10132646560668945 0.017358064651489258 33806 0
0.09813714027404785 0.016696691513061523 31202 0
0.10651755332946777 0.01728057861328125 33396 0
0.10355138778686523 0.016728878021240234 32654 0
0.09697675704956055 0.015544414520263672 25614 0
0.104278564453125 0.01832127571105957 33702 0
0.1069948673248291 0.01706075668334961 33022 0
0.0996541976928711 0.01618790626525879 33338 0
0.09935498237609863 0.016589641571044922 32390 0
0.10492753982543945 0.017229557037353516 33462 0
0.10321426391601562 0.018527984619140625 35848 0
0.10452985763549805 0.017204999923706055 36152 0
0.10030317306518555 0.016794204711914062 36484 0
0.10729336738586426 0.0171658992767334 36036 0
0.10227155685424805 0.017464637756347656 34642 0
0.10276556015014648 0.01691460609436035 35692 0
0.10077333450317383 0.016391277313232422 33764 0
0.10265612602233887 0.017623186111450195 34390 0
0.10031890869140625 0.0164644718170166 35434 0
0.10162544250488281 0.01640605926513672 34182 0
0.10393309593200684 0.017436981201171875 34440 0
0.10119462013244629 0.016948461532592773 35596 0
0.10401082038879395 0.01704120635986328 36548 0
0.10210919380187988 0.017406940460205078 34306 0
0.10093307495117188 0.017981767654418945 35810 0
0.10393404960632324 0.017293453216552734 35582 0
0.10457277297973633 0.017136812210083008 35134 0
0.10307502746582031 0.01693248748779297 34108 0
0.10296964645385742 0.017901897430419922 35422 0
0.10322022438049316 0.017514705657958984 42374 0
0.10660362243652344 0.01790475845336914 44014 0
0.11075305938720703 0.018689393997192383 44442 0
0.10620856285095215 0.01787090301513672 45104 0
0.10427498817443848 0.016874313354492188 45464 0
0.1054997444152832 0.01783919334411621 45166 0
0.10882759094238281 0.01803112030029297 45822 0
0.1067965030670166 0.017923593521118164 43906 0
0.10438251495361328 0.018658876419067383 45996 0
0.114501953125 0.017702817916870117 45522 0
0.10582780838012695 0.01757073402404785 44002 0
0.1074671745300293 0.018915891647338867 45180 0
0.10511469841003418 0.01802802085876465 45710 0
0.10579895973205566 0.018954038619995117 45784 0
0.10723114013671875 0.018320083618164062 45758 0
0.1081075668334961 0.017879962921142578 46240 0
0.11080145835876465 0.018535852432250977 46902 0
0.10796403884887695 0.01826000213623047 44160 0
0.10669684410095215 0.018241167068481445 38758 0
0.11133909225463867 0.018418550491333008 45790 0
0.10736346244812012 0.01791834831237793 45312 0
0.10490679740905762 0.01829814910888672 46002 0
0.10589790344238281 0.018276214599609375 45700 0
0.10376262664794922 0.018422842025756836 45660 0
0.11111688613891602 0.018125534057617188 47108 0
0.10459733009338379 0.017613649368286133 46172 0
0.10488462448120117 0.017719268798828125 47130 0
0.11180925369262695 0.018735408782958984 46172 0
0.10629940032958984 0.01664590835571289 36638 0
0.10323524475097656 0.018275976181030273 45746 0
0.10462355613708496 0.01780533790588379 46260 0
0.10421919822692871 0.01759505271911621 46392 0
0.10393381118774414 0.01900482177734375 47052 0
0.10691618919372559 0.01837635040283203 47924 0
0.10866975784301758 0.018814802169799805 47980 0
0.10564613342285156 0.01796555519104004 48536 0
0.10750412940979004 0.01797032356262207 48340 0
0.10565185546875 0.018409013748168945 47954 0
0.10385680198669434 0.016943931579589844 45286 0
0.11289834976196289 0.01694202423095703 48078 0
0.10393834114074707 0.017996788024902344 46506 0
0.1047208309173584 0.018251895904541016 47850 0
0.10516953468322754 0.01809215545654297 47950 0
0.11014986038208008 0.018155813217163086 48216 0
0.11095881462097168 0.019036293029785156 47454 0
0.11147022247314453 0.01921987533569336 48706 0
0.10525035858154297 0.018691062927246094 47964 0
0.10616397857666016 0.01907205581665039 48248 0
0.10794806480407715 0.01841282844543457 42944 0
0.11126279830932617 0.018181800842285156 48302 0
0.10746049880981445 0.018098115921020508 48520 0
0.10544276237487793 0.018117427825927734 48542 0
0.1115872859954834 0.019194364547729492 48054 0
0.10514354705810547 0.018784523010253906 48004 0
0.10699725151062012 0.018189430236816406 48790 0
0.11226677894592285 0.018766403198242188 45580 0
0.10518074035644531 0.018102645874023438 48288 0
0.10767388343811035 0.01818060874938965 49252 0
0.10675668716430664 0.017836570739746094 37480 0
0.11335468292236328 0.01820659637451172 47586 0
0.10983157157897949 0.018428564071655273 45378 0
0.11182117462158203 0.018892526626586914 45486 0
0.10788416862487793 0.018565654754638672 48902 0
0.11261534690856934 0.017993927001953125 49484 0
0.1050863265991211 0.017739057540893555 46214 0
0.11145925521850586 0.01845526695251465 49402 0
0.1043691635131836 0.020031213760375977 48696 0
0.10859370231628418 0.019821882247924805 49110 0
0.10573601722717285 0.017972230911254883 49280 0
0.10989022254943848 0.017827749252319336 48416 0
0.10932755470275879 0.01767706871032715 46484 0
0.10772347450256348 0.018253087997436523 48916 0
0.10611724853515625 0.018132448196411133 49354 0
0.10608863830566406 0.018525123596191406 48644 0
0.10915660858154297 0.019263029098510742 48918 0
0.1135263442993164 0.018619298934936523 48110 0
0.10695481300354004 0.018462181091308594 48828 0
0.10879850387573242 0.016873598098754883 49168 0
0.10811567306518555 0.018143415451049805 43790 0
0.10905838012695312 0.0179746150970459 48002 0
0.10613727569580078 0.017236709594726562 48264 0
0.1120138168334961 0.020920753479003906 48624 0
0.1057274341583252 0.01751399040222168 47716 0
0.10725784301757812 0.01849198341369629 48106 0
0.11230039596557617 0.018520355224609375 47062 0
0.10413074493408203 0.01771712303161621 44334 0
0.10692381858825684 0.019512653350830078 47664 0
0.10637927055358887 0.018141746520996094 47484 0
0.10431742668151855 0.022728681564331055 33608 0
0.10450553894042969 0.018699169158935547 44766 0
0.1070556640625 0.01828289031982422 41974 0
0.10308265686035156 0.0168759822845459 40808 0
0.10375666618347168 0.017897605895996094 43596 0
0.10394763946533203 0.01786017417907715 44696 0
0.1037142276763916 0.01797008514404297 42688 0
0.11199188232421875 0.017963409423828125 45618 0
0.10489439964294434 0.017704248428344727 44944 0
0.10995364189147949 0.017598390579223633 44306 0
0.10606265068054199 0.01776289939880371 43386 0
0.10416245460510254 0.017570972442626953 43630 0
0.10166621208190918 0.01673150062561035 37896 0
0.10316991806030273 0.018189191818237305 42792 0
0.10351943969726562 0.017299890518188477 42802 0
0.10272955894470215 0.017185449600219727 42182 0
0.10794353485107422 0.018053531646728516 42442 0
0.10559272766113281 0.01761460304260254 42640 0
0.10912823677062988 0.01742076873779297 42708 0
0.1029195785522461 0.017343759536743164 41662 0
0.10146141052246094 0.018927574157714844 37512 0
0.10248827934265137 0.01731276512145996 42386 0
0.10370230674743652 0.017987489700317383 44166 0
0.10760259628295898 0.01860213279724121 44050 0
0.11031794548034668 0.01888108253479004 44478 0
0.11025547981262207 0.01761150360107422 44906 0
0.10619401931762695 0.017660140991210938 43348 0
0.10270929336547852 0.017946958541870117 40536 0
0.1044759750366211 0.018154621124267578 42410 0
0.10675406455993652 0.018909692764282227 41694 0
0.10052752494812012 0.016107559204101562 32066 0
0.10369467735290527 0.017587900161743164 42068 0
0.10507726669311523 0.01722860336303711 38646 0
0.10738801956176758 0.017084121704101562 40554 0
0.10487604141235352 0.017662763595581055 42518 0
0.10806822776794434 0.018367290496826172 41544 0
0.10336661338806152 0.018814802169799805 41304 0
0.10308480262756348 0.017879962921142578 42804 0
0.10432791709899902 0.01824021339416504 43154 0
0.10437297821044922 0.01778244972229004 43834 0
0.11034607887268066 0.01793193817138672 43784 0
0.10541510581970215 0.01694011688232422 43262 0
0.10486578941345215 0.017838239669799805 39240 0
0.1050558090209961 0.018659591674804688 43784 0
0.10820269584655762 0.019097089767456055 44014 0
0.10397982597351074 0.0172882080078125 43210 0
0.10306739807128906 0.017897367477416992 43030 0
0.10486316680908203 0.018028736114501953 44348 0
0.10663199424743652 0.017252683639526367 43548 0
0.10550451278686523 0.018013477325439453 43404 0
0.1026146411895752 0.017156362533569336 38392 0
0.10254454612731934 0.017744779586791992 43120 0
0.10436844825744629 0.01795792579650879 44018 0
0.1037447452545166 0.017133474349975586 42898 0
0.10112905502319336 0.017462968826293945 43120 0
0.10146856307983398 0.017145395278930664 43244 0
0.10228848457336426 0.0189058780670166 42210 0
0.10740423202514648 0.02124810218811035 39882 0
0.10421371459960938 0.017773151397705078 42180 0
0.10168290138244629 0.01789402961730957 41728 0
0.10277152061462402 0.01640772819519043 31486 0
0.10345315933227539 0.01772165298461914 41406 0
0.10379481315612793 0.017168283462524414 36802 0
0.10480999946594238 0.018631935119628906 38302 0
0.10567569732666016 0.017695188522338867 42046 0
0.10345602035522461 0.017996549606323242 42600 0
0.10331344604492188 0.017670154571533203 40468 0
0.10320901870727539 0.01819133758544922 42432 0
0.10422611236572266 0.017589569091796875 42506 0
0.10428714752197266 0.018414020538330078 42574 0
0.10284805297851562 0.017542123794555664 42408 0
0.10402226448059082 0.016307592391967773 42388 0
0.10534882545471191 0.01725172996520996 37130 0
0.10753369331359863 0.023910999298095703 42538 0
0.10928678512573242 0.01774287223815918 42318 0
0.10426640510559082 0.018946170806884766 42328 0
0.10535383224487305 0.01813364028930664 42250 0
0.10419178009033203 0.018542051315307617 42676 0
0.10606670379638672 0.017477989196777344 42802 0
0.10947418212890625 0.01810908317565918 42392 0
0.10762500762939453 0.018471717834472656 36290 0
0.10361123085021973 0.017079591751098633 42806 0
0.10251665115356445 0.01791214942932129 43038 0
0.1063697338104248 0.017683744430541992 42602 0
0.10269021987915039 0.018053770065307617 42722 0
0.10295963287353516 0.017360687255859375 42440 0
0.10448431968688965 0.019243240356445312 42438 0
0.10361671447753906 0.017333507537841797 38864 0
0.10975408554077148 0.01863384246826172 42334 0
0.11051321029663086 0.01769113540649414 42300 0
0.09921503067016602 0.01649761199951172 32500 0
0.10830998420715332 0.019350051879882812 41220 0
0.10083580017089844 0.017014265060424805 35528 0
0.10353732109069824 0.017518997192382812 41012 0
0.10456299781799316 0.018826723098754883 42532 0
0.10686612129211426 0.018476009368896484 43038 0
0.10546755790710449 0.019356727600097656 40330 0
0.10446023941040039 0.017876148223876953 42686 0
0.10272574424743652 0.01761150360107422 42804 0
0.1083061695098877 0.017797470092773438 42772 0
0.10364675521850586 0.01790452003479004 43702 0
0.10254192352294922 0.017776966094970703 42338 0
0.10729551315307617 0.01788020133972168 37812 0
0.11202263832092285 0.01798105239868164 43128 0
0.10265588760375977 0.017200231552124023 42358 0
0.11300373077392578 0.017575740814208984 42716 0
0.10416626930236816 0.018049001693725586 43150 0
0.10953354835510254 0.017717838287353516 43080 0
0.10249543190002441 0.018047809600830078 42172 0
0.10601425170898438 0.018321990966796875 42700 0
0.10153937339782715 0.017383813858032227 38074 0
0.10947537422180176 0.01773381233215332 40944 0
0.11193060874938965 0.018536806106567383 47764 0
0.1068873405456543 0.01791548728942871 47520 0
0.11443352699279785 0.017877817153930664 47606 0
0.10683703422546387 0.01898932456970215 48340 0
0.10825800895690918 0.01980304718017578 48660 0
0.10812640190124512 0.019257545471191406 47984 0
0.10696864128112793 0.017945289611816406 48646 0
0.10809826850891113 0.01891636848449707 47378 0
0.10583996772766113 0.0195314884185791 45950 0
0.10862994194030762 0.018090009689331055 47910 0
0.10440969467163086 0.01762700080871582 45082 0
0.10935020446777344 0.023144006729125977 46348 0
0.1058509349822998 0.019008874893188477 47260 0
0.1064760684967041 0.018625736236572266 47480 0
0.11182188987731934 0.018688678741455078 48360 0
0.10770559310913086 0.018004655838012695 48282 0
0.10992813110351562 0.019154787063598633 47850 0
0.11050701141357422 0.01814889907836914 48380 0
0.10992240905761719 0.018101930618286133 48100 0
0.10695290565490723 0.018490314483642578 46982 0
0.10648536682128906 0.0180513858795166 45610 0
0.10830497741699219 0.017536163330078125 46008 0
0.10632109642028809 0.019200801849365234 46390 0
0.10550427436828613 0.018065214157104492 45944 0
0.11132550239562988 0.018836259841918945 45628 0
0.10853099822998047 0.018585681915283203 45712 0
0.10482072830200195 0.01764392852783203 45496 0
0.10572981834411621 0.022009611129760742 47798 0
0.1106271743774414 0.018458843231201172 47708 0
0.10795402526855469 0.01745748519897461 45878 0
0.10728859901428223 0.018362045288085938 47200 0
0.10677289962768555 0.01823592185974121 47652 0
0.10593485832214355 0.01853656768798828 45770 0
0.1049952507019043 0.01825261116027832 45804 0
0.10593891143798828 0.018204927444458008 44354 0
0.11011004447937012 0.017932415008544922 46170 0
0.10534071922302246 0.018750667572021484 45086 0
0.10510873794555664 0.017649173736572266 45912 0
0.10639190673828125 0.018668413162231445 47562 0
0.10341787338256836 0.017792701721191406 45450 0
0.11041855812072754 0.018044471740722656 45552 0
0.1110539436340332 0.018078088760375977 46406 0
0.1062157154083252 0.018171072006225586 45834 0
0.11301660537719727 0.019104480743408203 45108 0
0.10547304153442383 0.017761945724487305 45474 0
0.11209940910339355 0.017946720123291016 45394 0
0.1057736873626709 0.01840829849243164 44322 0
0.10693359375 0.01793956756591797 45704 0
0.10621237754821777 0.019840717315673828 47552 0
0.10391688346862793 0.018646955490112305 46498 0
0.10310125350952148 0.018253087997436523 46602 0
0.10659933090209961 0.018353700637817383 47286 0
0.11036133766174316 0.02103114128112793 47104 0
0.10548019409179688 0.018685102462768555 46326 0
0.1090097427368164 0.01846456527709961 46118 0
0.1035456657409668 0.01813197135925293 45398 0
0.10886549949645996 0.018631696701049805 45736 0
0.10489559173583984 0.01788806915283203 45314 0
0.1033637523651123 0.018315792083740234 46380 0
0.10940265655517578 0.018413066864013672 47266 0
0.10684657096862793 0.01879143714904785 47162 0
0.10722994804382324 0.01902627944946289 46504 0
0.10400056838989258 0.01828908920288086 47402 0
0.10869240760803223 0.018506288528442383 47860 0
0.10557889938354492 0.01799154281616211 48390 0
0.11055994033813477 0.01867842674255371 48238 0
0.1043252944946289 0.01792311668395996 47534 0
0.10532331466674805 0.01788640022277832 48716 0
0.10897541046142578 0.019150495529174805 47450 0
0.10847687721252441 0.01867961883544922 48536 0
0.10661959648132324 0.018001317977905273 46770 0
0.10489702224731445 0.017998695373535156 46008 0
0.10544919967651367 0.017690181732177734 44152 0
0.10540103912353516 0.018212318420410156 49596 0
0.1120147705078125 0.019565582275390625 49114 0
0.11334705352783203 0.018389225006103516 48440 0
0.10881590843200684 0.01821613311767578 49026 0
0.11180996894836426 0.018659114837646484 50394 0
0.10815048217773438 0.018477439880371094 49678 0
0.1120600700378418 0.01969742774963379 50030 0
0.10483288764953613 0.017868518829345703 50180 0
0.10672307014465332 0.017748117446899414 49970 0
0.10370898246765137 0.01709461212158203 42778 0
0.1045842170715332 0.018188953399658203 41286 0
0.11141586303710938 0.018125534057617188 48026 0
0.10651755332946777 0.018050193786621094 51072 0
0.10566878318786621 0.02053689956665039 44854 0
0.10604047775268555 0.020427703857421875 48912 0
0.10529279708862305 0.01736140251159668 42790 0
0.10309219360351562 0.01735091209411621 44170 0
0.11153817176818848 0.01870894432067871 44222 0
0.10451054573059082 0.01871347427368164 46224 0
0.11281299591064453 0.017962932586669922 46722 0
0.11734986305236816 0.01966714859008789 45004 0
0.11264967918395996 0.01827549934387207 48124 0
0.11260056495666504 0.023755311965942383 47504 0
0.1015920639038086 0.017650604248046875 41556 0
0.11052608489990234 0.01818394660949707 49812 0
0.1084287166595459 0.019522428512573242 46696 0
0.11376404762268066 0.01930713653564453 46102 0
0.1064307689666748 0.018311262130737305 49926 0
0.10727763175964355 0.018167495727539062 50352 0
0.1096644401550293 0.01700592041015625 42488 0
0.11116504669189453 0.018620967864990234 50128 0
0.10705709457397461 0.01857304573059082 50590 0
0.10801124572753906 0.01854991912841797 51048 0
0.10842561721801758 0.01899862289428711 50386 0
0.11273336410522461 0.01981186866760254 52214 0
0.10906267166137695 0.01878499984741211 51374 0
0.10916399955749512 0.01870417594909668 51818 0
0.11200952529907227 0.018889427185058594 50278 0
0.11594343185424805 0.01907968521118164 51888 0
0.10841584205627441 0.01855754852294922 53268 0
0.10710310935974121 0.019549131393432617 52222 0
0.11368894577026367 0.019036531448364258 51524 0
0.10601687431335449 0.018410205841064453 51354 0
0.10968613624572754 0.01918482780456543 50500 0
0.10987186431884766 0.018010854721069336 51252 0
0.11165142059326172 0.018378019332885742 50198 0
0.10526251792907715 0.01804065704345703 49918 0
0.11087942123413086 0.018088579177856445 50794 0
0.10673832893371582 0.01801276206970215 50664 0
0.10920071601867676 0.0190432071685791 51006 0
0.11064910888671875 0.019096851348876953 49576 0
0.11095356941223145 0.018642425537109375 51420 0
0.10871696472167969 0.019354820251464844 52094 0
0.10469365119934082 0.017934560775756836 43820 0
0.10856747627258301 0.018193960189819336 51334 0
0.1116030216217041 0.01986384391784668 48958 0
0.11098599433898926 0.018297910690307617 48640 0
0.10533642768859863 0.01955413818359375 51260 0
0.1056203842163086 0.018909931182861328 51988 0
0.10695457458496094 0.017560243606567383 45274 0
0.10887384414672852 0.018915653228759766 51516 0
0.10592222213745117 0.01798224449157715 51538 0
0.10721206665039062 0.018764019012451172 52626 0
0.10550642013549805 0.018239259719848633 50724 0
0.11137151718139648 0.019454002380371094 50750 0
0.10939717292785645 0.020331859588623047 51132 0
0.1089487075805664 0.018141746520996094 51370 0
0.11169171333312988 0.018654346466064453 52914 0
0.11505484580993652 0.02030014991760254 53566 0
0.11221671104431152 0.018838882446289062 52282 0
0.11039996147155762 0.01853179931640625 53700 0
0.1085062026977539 0.018953323364257812 52756 0
0.10676789283752441 0.01888871192932129 53994 0
0.10722994804382324 0.01834392547607422 51868 0
0.11254644393920898 0.0185244083404541 51758 0
0.11067032814025879 0.0193483829498291 51510 0
0.10879993438720703 0.018827438354492188 51444 0
0.10918068885803223 0.018800020217895508 52942 0
0.10619640350341797 0.018526554107666016 51938 0
0.11062788963317871 0.019299030303955078 52938 0
0.10587430000305176 0.017975568771362305 50790 0
0.10635995864868164 0.018867015838623047 53008 0
0.10607790946960449 0.019010305404663086 53768 0
0.10796594619750977 0.018354177474975586 47066 0
0.1097877025604248 0.019358396530151367 53546 0
0.11122345924377441 0.0187530517578125 52162 0
0.10743117332458496 0.01994776725769043 52044 0
0.10915851593017578 0.018935441970825195 54470 0
0.10979604721069336 0.019925832748413086 54410 0
0.10859322547912598 0.019600391387939453 50558 0
0.11997842788696289 0.0192415714263916 54772 0
0.11538267135620117 0.018683433532714844 53566 0
0.11560344696044922 0.01910996437072754 54366 0
0.10853815078735352 0.018889665603637695 54038 0
0.10871052742004395 0.018144845962524414 51096 0
0.10847711563110352 0.018071889877319336 50426 0
0.11153078079223633 0.019724607467651367 50126 0
0.11557435989379883 0.018031597137451172 49740 0
0.1059420108795166 0.018033504486083984 50630 0
0.11449408531188965 0.01844954490661621 49644 0
0.10511994361877441 0.018311500549316406 50114 0
0.11131024360656738 0.018123149871826172 49712 0
0.10628128051757812 0.018161773681640625 49082 0
0.10694646835327148 0.0178985595703125 48534 0
0.1104433536529541 0.018607378005981445 48268 0
0.10622859001159668 0.018520116806030273 50024 0
0.11071348190307617 0.018352746963500977 50078 0
0.10903692245483398 0.01818561553955078 49808 0
0.10752105712890625 0.01788163185119629 49200 0
0.10507607460021973 0.018003463745117188 48544 0
0.10614919662475586 0.017669200897216797 48762 0
0.10796880722045898 0.018653154373168945 48846 0
0.1078333854675293 0.017947673797607422 48700 0
0.1070868968963623 0.01779794692993164 48662 0
0.1086728572845459 0.01886916160583496 46838 0
0.10558414459228516 0.0182492733001709 48184 0
0.10383367538452148 0.018116474151611328 47072 0
0.1107020378112793 0.018667936325073242 48904 0
0.10621213912963867 0.01811981201171875 48608 0
0.1050264835357666 0.01801443099975586 48874 0
0.10599231719970703 0.019121885299682617 48092 0
0.10623550415039062 0.018534421920776367 48776 0
0.10747170448303223 0.017346858978271484 49192 0
