0.010828495025634766 0.012868165969848633 102939 0
0.01224064826965332 0.013026714324951172 102796 0
0.010993242263793945 0.013058900833129883 104866 0
0.01136016845703125 0.01429891586303711 103293 0
0.009876251220703125 0.012822866439819336 105627 0
0.01083064079284668 0.013403892517089844 107135 0
0.011747121810913086 0.012516260147094727 107388 0
0.010009527206420898 0.012892723083496094 107169 0
0.010511398315429688 0.013304710388183594 106762 0
0.012360572814941406 0.013210535049438477 106729 0
0.010916948318481445 0.013475894927978516 104365 0
0.010745525360107422 0.01198124885559082 102611 0
0.010788202285766602 0.01191091537475586 106775 0
0.01100015640258789 0.012435436248779297 103987 0
0.010527849197387695 0.013280868530273438 91558 0
0.01096200942993164 0.012266159057617188 103693 0
0.010936260223388672 0.013853788375854492 101826 0
0.010953426361083984 0.012154340744018555 99762 0
0.011774539947509766 0.011852741241455078 96162 0
0.010798454284667969 0.012952327728271484 102115 0
0.01028895378112793 0.012196540832519531 101690 0
0.011570453643798828 0.012592792510986328 98875 0
0.010367393493652344 0.013385295867919922 102492 0
0.0121002197265625 0.013219356536865234 105698 0
0.011886119842529297 0.013020753860473633 106328 0
0.01081085205078125 0.011919498443603516 104687 0
0.011520147323608398 0.018739938735961914 99424 0
0.010478019714355469 0.012281417846679688 104346 0
0.012213468551635742 0.012483358383178711 104977 0
0.017612695693969727 0.013116121292114258 101880 0
0.010686874389648438 0.013522863388061523 104731 0
0.011904239654541016 0.011976957321166992 105385 0
0.010751008987426758 0.012778043746948242 103359 0
0.011637210845947266 0.013423442840576172 103881 0
0.010952234268188477 0.012420654296875 99176 0
0.010509252548217773 0.013481616973876953 105599 0
0.011620044708251953 0.013823747634887695 110171 0
0.009589195251464844 0.014693260192871094 107865 0
0.011127710342407227 0.01215815544128418 109802 0
0.012587785720825195 0.012727975845336914 105302 0
0.011224031448364258 0.012096643447875977 100411 0
0.011234760284423828 0.01209115982055664 102628 0
0.011448383331298828 0.014003992080688477 107036 0
0.0117950439453125 0.013213634490966797 106927 0
0.010122299194335938 0.01383066177368164 96438 0
0.009943723678588867 0.012512445449829102 106119 0
0.010468721389770508 0.013826131820678711 107710 0
0.011541366577148438 0.012537479400634766 105857 0
0.010253667831420898 0.014946699142456055 107417 0
0.010872840881347656 0.012140035629272461 106985 0
0.010342121124267578 0.013177871704101562 105993 0
0.010736703872680664 0.012263298034667969 107540 0
0.01103663444519043 0.014617204666137695 106702 0
0.010979413986206055 0.013289928436279297 107114 0
0.011215686798095703 0.012833833694458008 107361 0
0.011034727096557617 0.012594461441040039 107818 0
0.011344671249389648 0.01343226432800293 108078 0
0.01101231575012207 0.011950969696044922 107995 0
0.011997699737548828 0.012339353561401367 108102 0
0.01134490966796875 0.012024641036987305 108291 0
0.010402917861938477 0.01272439956665039 106533 0
0.010486602783203125 0.01366567611694336 106720 0
0.010313749313354492 0.012911319732666016 106277 0
0.011958599090576172 0.012616157531738281 105367 0
0.010734081268310547 0.011994600296020508 103176 0
0.011249065399169922 0.01296687126159668 105672 0
0.011466264724731445 0.012632608413696289 106329 0
0.011769771575927734 0.014086246490478516 106434 0
0.011447906494140625 0.013050317764282227 105702 0
0.010765552520751953 0.013555049896240234 105219 0
0.011089324951171875 0.013451576232910156 104015 0
0.010728120803833008 0.011955499649047852 102090 0
0.011265277862548828 0.01187753677368164 105155 0
0.01129460334777832 0.013463973999023438 103554 0
0.009830474853515625 0.012744426727294922 90974 0
0.010614156723022461 0.013131141662597656 104626 0
0.010456562042236328 0.01427602767944336 104041 0
0.01089334487915039 0.012105941772460938 101219 0
0.011495113372802734 0.013267993927001953 102309 0
0.01084136962890625 0.012737512588500977 102173 0
0.012025117874145508 0.012088775634765625 104488 0
0.010864734649658203 0.013121604919433594 104602 0
0.01157832145690918 0.019295454025268555 102994 0
0.011247396469116211 0.011966705322265625 102982 0
0.011184453964233398 0.012947320938110352 104718 0
0.010652542114257812 0.012338876724243164 104790 0
0.01064920425415039 0.012964725494384766 100102 0
0.01003575325012207 0.013425827026367188 105004 0
0.011681079864501953 0.013783693313598633 105158 0
0.012325286865234375 0.013813495635986328 105621 0
0.011002063751220703 0.011871814727783203 104606 0
0.010801553726196289 0.011913537979125977 104506 0
0.010942459106445312 0.011890649795532227 105138 0
0.011475324630737305 0.013933897018432617 102207 0
0.01042032241821289 0.012369632720947266 105337 0
0.010937929153442383 0.012109756469726562 104661 0
0.009600639343261719 0.013127565383911133 91588 0
0.00968313217163086 0.012751579284667969 105608 0
0.011186599731445312 0.011969804763793945 105661 0
0.011263608932495117 0.011900663375854492 101657 0
0.010859012603759766 0.012273788452148438 103046 0
0.010802984237670898 0.011889934539794922 103963 0
0.010988950729370117 0.01198887825012207 104639 0
0.010883331298828125 0.014357805252075195 107967 0
0.009741067886352539 0.013398408889770508 107153 0
0.011019229888916016 0.012142658233642578 107398 0
0.010929107666015625 0.013190746307373047 107116 0
0.012340784072875977 0.01302647590637207 108769 0
0.011762380599975586 0.013468265533447266 108289 0
0.011870384216308594 0.013943910598754883 107621 0
0.010187387466430664 0.013855457305908203 107664 0
0.012558937072753906 0.012351751327514648 107278 0
0.010594844818115234 0.013842582702636719 107432 0
0.010902166366577148 0.012299537658691406 107891 0
0.010816335678100586 0.01227712631225586 105736 0
0.011006593704223633 0.013037681579589844 107402 0
0.012384653091430664 0.011945724487304688 99955 0
0.01158595085144043 0.013213634490966797 107759 0
0.011894702911376953 0.012582063674926758 107212 0
0.011620759963989258 0.012543201446533203 107416 0
0.010113239288330078 0.014004945755004883 105575 0
0.011251449584960938 0.01252126693725586 106593 0
0.011043787002563477 0.012333869934082031 105133 0
0.01089024543762207 0.011963844299316406 103361 0
0.012383699417114258 0.01314544677734375 106008 0
0.010766744613647461 0.01295328140258789 106166 0
0.012263298034667969 0.013846397399902344 93542 0
0.011370658874511719 0.014443397521972656 103925 0
0.010311603546142578 0.013118743896484375 96190 0
0.009775161743164062 0.01324009895324707 98701 0
0.010760784149169922 0.01212763786315918 100116 0
0.012094974517822266 0.012694835662841797 101722 0
0.011862993240356445 0.012294530868530273 98910 0
0.010269641876220703 0.014465093612670898 102016 0
0.011659860610961914 0.012484312057495117 104369 0
0.012269735336303711 0.012577056884765625 105717 0
0.011373519897460938 0.012222051620483398 105049 0
0.009885549545288086 0.01404881477355957 105797 0
0.01183176040649414 0.011959075927734375 104323 0
0.011298179626464844 0.012233495712280273 105760 0
0.01150202751159668 0.013494253158569336 107253 0
0.012026548385620117 0.012647151947021484 107982 0
0.011240005493164062 0.012167930603027344 105835 0
0.011088371276855469 0.012005805969238281 106469 0
0.009604692459106445 0.014998435974121094 105509 0
0.010998249053955078 0.012706279754638672 109485 0
0.011185169219970703 0.013348817825317383 107551 0
0.011832237243652344 0.013890266418457031 105890 0
0.010733366012573242 0.011942625045776367 103225 0
0.011029481887817383 0.013644695281982422 103323 0
0.011021137237548828 0.014125347137451172 107650 0
0.011005878448486328 0.013950824737548828 111919 0
0.011144638061523438 0.012323617935180664 110664 0
0.014211893081665039 0.013091564178466797 110020 0
0.011147022247314453 0.01299738883972168 110071 0
0.012076139450073242 0.01434326171875 107318 0
0.01197195053100586 0.012863397598266602 93279 0
0.011006355285644531 0.012046575546264648 104413 0
0.011019468307495117 0.012553691864013672 105916 0
0.011670827865600586 0.012166023254394531 99922 0
0.01039433479309082 0.012653112411499023 99866 0
0.011064529418945312 0.013506650924682617 100540 0
0.011173248291015625 0.013502359390258789 99907 0
0.011451005935668945 0.012736320495605469 101213 0
0.011133193969726562 0.012098550796508789 105137 0
0.010961532592773438 0.012349843978881836 102394 0
0.011877775192260742 0.012870073318481445 101705 0
0.01179194450378418 0.012288331985473633 106392 0
0.010200262069702148 0.012554407119750977 104626 0
0.010903358459472656 0.011939048767089844 109764 0
0.010867118835449219 0.012204647064208984 104472 0
0.011046171188354492 0.012943506240844727 107776 0
0.010855436325073242 0.013292789459228516 108263 0
0.011728525161743164 0.012747764587402344 109177 0
0.010976552963256836 0.012060403823852539 108421 0
0.01084136962890625 0.012056589126586914 108609 0
0.00996255874633789 0.012877225875854492 103674 0
0.010980606079101562 0.011909961700439453 109822 0
0.009683370590209961 0.014611482620239258 110242 0
0.012603521347045898 0.012853145599365234 110287 0
0.009801149368286133 0.013494014739990234 108208 0
0.011064767837524414 0.012298583984375 107315 0
0.011420011520385742 0.013052701950073242 107819 0
0.011824369430541992 0.012991189956665039 104406 0
0.011986017227172852 0.013421058654785156 107687 0
0.011053800582885742 0.012189865112304688 107519 0
0.011210918426513672 0.012385368347167969 94324 0
0.012279033660888672 0.014310598373413086 108289 0
0.011120319366455078 0.012139320373535156 108673 0
0.011961936950683594 0.012511730194091797 103818 0
0.011794090270996094 0.012270450592041016 105950 0
0.011014461517333984 0.011863946914672852 106227 0
0.011339664459228516 0.012252330780029297 106913 0
0.011712074279785156 0.012001752853393555 107937 0
0.009719371795654297 0.014908075332641602 107331 0
0.010601520538330078 0.014848470687866211 106960 0
0.011220693588256836 0.012327909469604492 107182 0
0.011676549911499023 0.012729883193969727 107850 0
0.011794090270996094 0.013061285018920898 107772 0
0.010811805725097656 0.012125730514526367 106553 0
0.010810375213623047 0.012041091918945312 105662 0
0.011114358901977539 0.012758493423461914 95953 0
0.012035846710205078 0.014442682266235352 92792 0
0.011866092681884766 0.012070417404174805 94436 0
0.010782957077026367 0.011745452880859375 94006 0
0.010558843612670898 0.011694192886352539 94913 0
0.010972261428833008 0.01187896728515625 95203 0
0.011648416519165039 0.013439416885375977 96216 0
0.00971674919128418 0.012951850891113281 97938 0
0.011220455169677734 0.01249074935913086 97308 0
0.01218557357788086 0.01199650764465332 95228 0
0.011374950408935547 0.011985301971435547 96652 0
0.011309623718261719 0.011840581893920898 96761 0
0.011449575424194336 0.012981176376342773 95101 0
0.01104283332824707 0.013647317886352539 95556 0
0.010473251342773438 0.013585567474365234 94387 0
0.009851932525634766 0.013538122177124023 94582 0
0.011209964752197266 0.013131380081176758 89571 0
0.011337041854858398 0.013549089431762695 95547 0
0.011311769485473633 0.012876510620117188 96103 0
0.011512041091918945 0.012221097946166992 96177 0
0.011703729629516602 0.014241695404052734 96277 0
0.011065959930419922 0.01335000991821289 96070 0
0.010314702987670898 0.013283967971801758 96303 0
0.012603998184204102 0.012413263320922852 96501 0
0.011385917663574219 0.012493610382080078 95884 0
0.01124715805053711 0.011810779571533203 95879 0
0.012004375457763672 0.016063690185546875 95529 0
0.010753631591796875 0.011992454528808594 95141 0
0.010757684707641602 0.01190495491027832 95708 0
0.010846138000488281 0.01319742202758789 94638 0
0.01127934455871582 0.0136566162109375 95031 0
0.010587453842163086 0.013226032257080078 95200 0
0.010790586471557617 0.013483285903930664 95398 0
0.0107269287109375 0.012790203094482422 96189 0
0.010041952133178711 0.013674736022949219 95982 0
0.010876178741455078 0.012485980987548828 95805 0
0.01186370849609375 0.012034177780151367 95413 0
0.010621070861816406 0.013257980346679688 95535 0
0.011032581329345703 0.013621330261230469 95508 0
0.011406183242797852 0.012919902801513672 94723 0
0.010888338088989258 0.011633634567260742 95364 0
0.01096653938293457 0.012691259384155273 95859 0
0.011089086532592773 0.013890504837036133 95335 0
0.011085033416748047 0.011788129806518555 95851 0
0.012282133102416992 0.011873483657836914 94722 0
0.010428667068481445 0.012562036514282227 94852 0
0.010780811309814453 0.011701822280883789 88460 0
0.011283159255981445 0.012558937072753906 94827 0
0.010808467864990234 0.01288747787475586 94944 0
0.011288642883300781 0.013172626495361328 95495 0
0.011229753494262695 0.013156890869140625 95529 0
0.011303901672363281 0.011767148971557617 95516 0
0.012061357498168945 0.01220846176147461 95697 0
0.009914398193359375 0.012512922286987305 95737 0
0.011801004409790039 0.012590646743774414 95437 0
0.01096034049987793 0.01324605941772461 95499 0
0.011369466781616211 0.012382030487060547 94686 0
0.010712146759033203 0.011661529541015625 93754 0
0.010902643203735352 0.01171422004699707 93727 0
0.009572982788085938 0.013228893280029297 93646 0
0.009811639785766602 0.01297140121459961 94105 0
0.011015892028808594 0.012146472930908203 94817 0
0.012189865112304688 0.012417793273925781 94760 0
0.010992765426635742 0.011769533157348633 95766 0
0.010544300079345703 0.011841058731079102 95429 0
0.012103080749511719 0.012015581130981445 95955 0
0.010782480239868164 0.014023780822753906 95698 0
0.012224435806274414 0.012230396270751953 96168 0
0.010410785675048828 0.013166427612304688 95918 0
0.010603189468383789 0.012959003448486328 94686 0
0.011990547180175781 0.013228654861450195 95045 0
0.010032176971435547 0.013266324996948242 95150 0
0.01201939582824707 0.012105941772460938 101487 0
0.011346578598022461 0.011881828308105469 100780 0
0.010597705841064453 0.01454925537109375 96421 0
0.01086115837097168 0.012451648712158203 107433 0
0.009659051895141602 0.013822078704833984 103201 0
0.011208295822143555 0.013264656066894531 106973 0
0.012082099914550781 0.013885974884033203 104374 0
0.009522438049316406 0.014719724655151367 101594 0
0.010955810546875 0.013430595397949219 103023 0
0.010941743850708008 0.013316154479980469 103365 0
0.009819984436035156 0.013493537902832031 103055 0
0.009735107421875 0.012948989868164062 102247 0
0.011019468307495117 0.011878490447998047 101219 0
0.012031078338623047 0.015345335006713867 97211 0
0.009879350662231445 0.014709949493408203 97301 0
0.009957313537597656 0.013524293899536133 93902 0
0.011181354522705078 0.013507843017578125 95819 0
0.010763883590698242 0.011955976486206055 96552 0
0.011550188064575195 0.012568473815917969 95258 0
0.010710954666137695 0.012744903564453125 94950 0
0.010907649993896484 0.013405561447143555 95745 0
0.01022028923034668 0.012372255325317383 95276 0
0.011705875396728516 0.01230168342590332 95862 0
0.010294914245605469 0.01204824447631836 96298 0
0.010097026824951172 0.01302480697631836 97116 0
0.011667966842651367 0.012619972229003906 97447 0
0.011228084564208984 0.012672901153564453 87735 0
0.010752201080322266 0.01177668571472168 97239 0
0.012336492538452148 0.011992692947387695 97984 0
0.011764764785766602 0.01233053207397461 95719 0
0.010927438735961914 0.011827945709228516 97715 0
0.011226654052734375 0.012249469757080078 97804 0
0.010475873947143555 0.011869668960571289 97416 0
0.00957632064819336 0.013286113739013672 98092 0
0.011466503143310547 0.013878583908081055 97160 0
0.011206626892089844 0.013702630996704102 96626 0
0.010397911071777344 0.012401580810546875 96273 0
0.01119542121887207 0.012372732162475586 95380 0
0.01050424575805664 0.011614799499511719 95721 0
0.009648561477661133 0.013234615325927734 96132 0
0.011368989944458008 0.011702299118041992 97047 0
0.010796546936035156 0.013461589813232422 97323 0
0.010000467300415039 0.013055801391601562 97843 0
0.010635137557983398 0.012695550918579102 97031 0
0.012136459350585938 0.01430368423461914 96473 0
0.010582208633422852 0.01305842399597168 97087 0
0.011079788208007812 0.013382673263549805 96276 0
0.010610342025756836 0.011754989624023438 95859 0
0.010703086853027344 0.013365983963012695 96274 0
0.011183500289916992 0.014435291290283203 95944 0
0.01098179817199707 0.012388467788696289 96185 0
0.011573553085327148 0.013176679611206055 96259 0
0.010818004608154297 0.012714385986328125 95573 0
0.012073040008544922 0.012083768844604492 94815 0
0.011711597442626953 0.01265096664428711 96668 0
0.011479616165161133 0.013509511947631836 96491 0
0.011070013046264648 0.011641740798950195 86173 0
0.010239839553833008 0.012750387191772461 95902 0
0.011789560317993164 0.014185905456542969 97598 0
0.01170659065246582 0.01233220100402832 93942 0
0.010837793350219727 0.011776208877563477 97821 0
0.011974811553955078 0.014316320419311523 97191 0
0.011569499969482422 0.013218879699707031 95724 0
0.010723590850830078 0.012381792068481445 97712 0
0.010890483856201172 0.013167858123779297 97183 0
0.011072397232055664 0.014098644256591797 97039 0
0.011595726013183594 0.012391805648803711 96762 0
0.010442018508911133 0.012972116470336914 95532 0
0.010186195373535156 0.013506650924682617 96780 0
0.011499404907226562 0.013268470764160156 95453 0
0.010637283325195312 0.012047290802001953 96369 0
0.011296272277832031 0.014013290405273438 96669 0
0.011109590530395508 0.013222455978393555 97333 0
0.009572982788085938 0.01262807846069336 97748 0
0.009731531143188477 0.01336526870727539 96946 0
0.010561704635620117 0.011807918548583984 97148 0
0.011490583419799805 0.013202428817749023 96646 0
0.01181936264038086 0.012231588363647461 95913 0
0.011210441589355469 0.01281118392944336 96820 0
0.010987520217895508 0.012397050857543945 95866 0
0.00997614860534668 0.013019084930419922 96312 0
0.010576725006103516 0.012997150421142578 96678 0
0.011255979537963867 0.014110565185546875 95563 0
0.01082611083984375 0.011924028396606445 94356 0
0.011978626251220703 0.014420032501220703 97448 0
0.010788679122924805 0.012342453002929688 96847 0
0.011090517044067383 0.0125274658203125 84864 0
0.012604475021362305 0.012386560440063477 94217 0
0.011468172073364258 0.01294398307800293 95880 0
0.011093854904174805 0.013402938842773438 92142 0
0.0165250301361084 0.013295650482177734 96450 0
0.010549783706665039 0.012931585311889648 97458 0
0.01058816909790039 0.013063430786132812 89004 0
0.012326955795288086 0.01343536376953125 84597 0
0.014634370803833008 0.01381373405456543 94687 0
0.012049674987792969 0.012237548828125 96788 0
0.011234521865844727 0.01337289810180664 98841 0
0.010202169418334961 0.013935565948486328 97994 0
0.011978387832641602 0.012358665466308594 98470 0
0.012241840362548828 0.014487266540527344 99317 0
0.010141372680664062 0.013682126998901367 98447 0
0.011280298233032227 0.013662576675415039 97088 0
0.01165151596069336 0.011772632598876953 87508 0
0.010703086853027344 0.011760473251342773 86933 0
0.011277437210083008 0.012703180313110352 97974 0
0.010805606842041016 0.012412071228027344 98672 0
0.010080575942993164 0.012866020202636719 96716 0
0.010618448257446289 0.013100624084472656 97223 0
0.010557174682617188 0.011995315551757812 97407 0
0.011372566223144531 0.012598752975463867 97746 0
0.011841773986816406 0.012074708938598633 98671 0
0.011737585067749023 0.011939287185668945 99166 0
0.010773181915283203 0.012806415557861328 98549 0
0.010023832321166992 0.014402151107788086 97079 0
0.011001348495483398 0.012670516967773438 98893 0
0.011184930801391602 0.012248516082763672 98273 0
0.011157512664794922 0.012989997863769531 91712 0
0.011173486709594727 0.012941598892211914 97766 0
0.010962963104248047 0.011745452880859375 97239 0
0.011898040771484375 0.01281285285949707 97264 0
0.011779069900512695 0.013499975204467773 98191 0
0.012192010879516602 0.01197957992553711 97699 0
0.011250734329223633 0.01222991943359375 96951 0
0.012479305267333984 0.012935161590576172 96320 0
0.01075291633605957 0.013595819473266602 97306 0
0.011240005493164062 0.012807369232177734 97208 0
0.0095367431640625 0.01487588882446289 96072 0
0.010556459426879883 0.012879371643066406 97845 0
0.009848594665527344 0.013675689697265625 97449 0
0.011402368545532227 0.01169729232788086 97609 0
0.011062145233154297 0.014354705810546875 97216 0
0.010377645492553711 0.013353109359741211 98079 0
0.011596441268920898 0.01278376579284668 98677 0
0.010397911071777344 0.015025854110717773 97107 0
0.010650634765625 0.0130615234375 95513 0
0.011946678161621094 0.01170492172241211 96569 0
0.011301279067993164 0.014228343963623047 95090 0
0.011256217956542969 0.014087915420532227 86618 0
0.010915040969848633 0.012427806854248047 95081 0
0.01143956184387207 0.012372493743896484 94981 0
0.010806560516357422 0.012050151824951172 96305 0
0.00952458381652832 0.013306856155395508 94254 0
0.011528253555297852 0.012400388717651367 95104 0
0.010603189468383789 0.01203012466430664 95499 0
0.010727882385253906 0.011688232421875 94487 0
0.011145353317260742 0.012366294860839844 94681 0
0.010818958282470703 0.012743473052978516 95380 0
0.010616779327392578 0.011678218841552734 94798 0
0.011508941650390625 0.011829137802124023 94713 0
0.010652780532836914 0.014637470245361328 95030 0
0.010929584503173828 0.013170242309570312 93812 0
0.011579275131225586 0.012592792510986328 94333 0
0.016135454177856445 0.01360940933227539 94714 0
0.0118560791015625 0.012204647064208984 93852 0
0.010456085205078125 0.012857198715209961 93951 0
0.011316776275634766 0.012245893478393555 94421 0
0.011478424072265625 0.014430522918701172 94366 0
0.010868549346923828 0.013205289840698242 94473 0
0.011599302291870117 0.012589216232299805 94500 0
0.01115870475769043 0.01204061508178711 94203 0
0.011482715606689453 0.012435674667358398 94474 0
0.010856389999389648 0.012682199478149414 94773 0
0.009613275527954102 0.013838529586791992 94168 0
0.011751413345336914 0.012352466583251953 94663 0
0.012291431427001953 0.012996435165405273 92670 0
0.012103796005249023 0.012213945388793945 93477 0
0.011420249938964844 0.013515233993530273 93503 0
0.01105046272277832 0.014092683792114258 84601 0
0.012005805969238281 0.012169122695922852 92954 0
0.010008811950683594 0.014228582382202148 93589 0
0.011510610580444336 0.012514829635620117 94359 0
0.011392354965209961 0.013352632522583008 92942 0
0.011374235153198242 0.01397562026977539 93477 0
0.011273860931396484 0.013182401657104492 94360 0
0.0116119384765625 0.01278829574584961 93462 0
0.010682106018066406 0.012537002563476562 93733 0
0.009805679321289062 0.013030290603637695 94655 0
0.011478900909423828 0.013204336166381836 93395 0
0.011014461517333984 0.014699459075927734 93463 0
0.009881734848022461 0.013199567794799805 93828 0
0.01118612289428711 0.01334834098815918 93069 0
0.010461807250976562 0.013935565948486328 92492 0
0.010935068130493164 0.012274503707885742 92952 0
0.010740041732788086 0.011937141418457031 92567 0
0.010636568069458008 0.013163089752197266 92400 0
0.010874509811401367 0.011743545532226562 93115 0
0.011199474334716797 0.012351036071777344 92954 0
0.009819507598876953 0.01318049430847168 93151 0
0.010482072830200195 0.013942718505859375 93733 0
0.012239456176757812 0.012101173400878906 93342 0
0.010932445526123047 0.012916088104248047 93090 0
0.01122736930847168 0.01289820671081543 93639 0
0.01046609878540039 0.01251983642578125 92954 0
0.012526988983154297 0.013380765914916992 93326 0
0.011601686477661133 0.012404203414916992 91378 0
0.012216567993164062 0.0130767822265625 92419 0
0.011140823364257812 0.013315677642822266 92275 0
0.012061119079589844 0.011918306350708008 83106 0
0.011478662490844727 0.013199329376220703 91151 0
0.011380434036254883 0.013158082962036133 92110 0
0.01202845573425293 0.01329803466796875 92593 0
0.009682416915893555 0.013613700866699219 91628 0
0.012249231338500977 0.016428709030151367 92441 0
0.01035928726196289 0.014357566833496094 92971 0
0.01085972785949707 0.011961221694946289 92800 0
0.011236190795898438 0.01372218132019043 92812 0
0.009894132614135742 0.013318300247192383 92648 0
0.010403871536254883 0.012480497360229492 91932 0
0.009664773941040039 0.013107061386108398 91838 0
0.011476278305053711 0.01235651969909668 91522 0
0.011539936065673828 0.014483928680419922 91482 0
0.010923624038696289 0.01172637939453125 91782 0
0.010542869567871094 0.01217508316040039 92162 0
0.010883331298828125 0.012500286102294922 89289 0
0.011367321014404297 0.013143777847290039 89124 0
0.011092662811279297 0.011754035949707031 89992 0
0.010350227355957031 0.013142824172973633 90980 0
0.01217031478881836 0.01223897933959961 90704 0
0.01203608512878418 0.012997865676879883 91516 0
0.011308908462524414 0.011729717254638672 92505 0
0.01131582260131836 0.011769294738769531 92805 0
0.010957479476928711 0.012718677520751953 92665 0
0.011566638946533203 0.012091398239135742 92739 0
0.012201309204101562 0.01365208625793457 89885 0
0.011646032333374023 0.013345479965209961 87761 0
0.011832237243652344 0.013419866561889648 89148 0
0.009766101837158203 0.013115882873535156 88253 0
0.011097192764282227 0.011649847030639648 80142 0
0.009624481201171875 0.013417959213256836 88964 0
0.010700464248657227 0.012211322784423828 89311 0
0.010649442672729492 0.011647224426269531 88876 0
0.010947942733764648 0.013333320617675781 87446 0
0.012137889862060547 0.012006521224975586 88526 0
0.011632442474365234 0.014444112777709961 91671 0
0.010658502578735352 0.012120962142944336 89949 0
0.010875940322875977 0.011592388153076172 89963 0
0.01202392578125 0.013992071151733398 89410 0
0.009743452072143555 0.01255941390991211 87825 0
0.010270357131958008 0.012890100479125977 87096 0
0.009490489959716797 0.012900114059448242 87272 0
0.010910272598266602 0.01320028305053711 87035 0
0.01022195816040039 0.012888908386230469 86859 0
0.011914730072021484 0.012274742126464844 87520 0
0.009695291519165039 0.013590812683105469 88134 0
0.011162996292114258 0.01309514045715332 89601 0
0.010712146759033203 0.01207876205444336 89999 0
0.01109623908996582 0.012323141098022461 88817 0
0.011828899383544922 0.012287616729736328 88608 0
0.01168513298034668 0.013461828231811523 88970 0
0.011782407760620117 0.011578559875488281 88559 0
0.011533498764038086 0.013259172439575195 88454 0
0.011637687683105469 0.014375686645507812 87765 0
0.009499549865722656 0.013019323348999023 87763 0
0.011098861694335938 0.01165771484375 87085 0
0.011151790618896484 0.011925458908081055 84838 0
0.01136159896850586 0.015529632568359375 87502 0
0.010224342346191406 0.013157844543457031 86375 0
0.011685609817504883 0.013141155242919922 78735 0
0.009335041046142578 0.01451563835144043 86637 0
0.01080942153930664 0.012708425521850586 88079 0
0.011292219161987305 0.013910055160522461 88446 0
0.011382102966308594 0.012268304824829102 87253 0
0.01143193244934082 0.0134124755859375 88645 0
0.011512517929077148 0.011764049530029297 87969 0
0.010419130325317383 0.013221502304077148 87428 0
0.009428262710571289 0.014642953872680664 90817 0
0.010743141174316406 0.011885404586791992 89571 0
0.009374618530273438 0.01366114616394043 80071 0
0.010895729064941406 0.01172018051147461 89208 0
0.010812997817993164 0.012252092361450195 90320 0
0.010347604751586914 0.012945175170898438 89815 0
0.010864019393920898 0.011705875396728516 89020 0
0.01166844367980957 0.013300895690917969 90307 0
0.010499715805053711 0.01432943344116211 92031 0
0.011903762817382812 0.013821125030517578 91548 0
0.011688232421875 0.013831377029418945 92378 0
0.010963201522827148 0.012546539306640625 91038 0
0.010774612426757812 0.013755321502685547 91272 0
0.010806560516357422 0.013340473175048828 90724 0
0.011089086532592773 0.012061595916748047 91137 0
0.014095783233642578 0.012362241744995117 91845 0
0.011842727661132812 0.01314854621887207 92151 0
0.01117086410522461 0.01316976547241211 90778 0
0.011032342910766602 0.012016773223876953 87878 0
0.010734796524047852 0.013660192489624023 88369 0
0.010748863220214844 0.013032674789428711 91513 0
0.010211467742919922 0.013475179672241211 91455 0
0.009774446487426758 0.014141559600830078 92529 0
0.01048731803894043 0.012931346893310547 92021 0
0.01119089126586914 0.014223575592041016 90726 0
0.010208368301391602 0.013307332992553711 90500 0
0.011533737182617188 0.014539003372192383 90983 0
0.010299921035766602 0.013259172439575195 91208 0
0.011072874069213867 0.01275014877319336 90336 0
0.009414911270141602 0.012752532958984375 90430 0
0.01142263412475586 0.012156486511230469 91011 0
0.010741949081420898 0.01185464859008789 90023 0
0.009812355041503906 0.013513326644897461 91878 0
0.011460065841674805 0.01241922378540039 90972 0
0.011508464813232422 0.019856929779052734 91278 0
0.012110471725463867 0.012366294860839844 91385 0
0.012901067733764648 0.015403270721435547 90887 0
0.015024662017822266 0.013899803161621094 90571 0
0.009649038314819336 0.013284921646118164 87293 0
0.011848688125610352 0.013004302978515625 89926 0
0.010322809219360352 0.013433456420898438 89202 0
0.01190495491027832 0.012738466262817383 80556 0
0.010804891586303711 0.012887954711914062 89818 0
0.011015653610229492 0.013226985931396484 90323 0
0.011062860488891602 0.012119770050048828 90226 0
0.011738061904907227 0.011936664581298828 88662 0
0.011053800582885742 0.012730598449707031 89736 0
0.009536504745483398 0.01464986801147461 92919 0
0.010823965072631836 0.011709928512573242 93026 0
0.010936498641967773 0.012903451919555664 93307 0
0.010676383972167969 0.012909412384033203 93013 0
0.011418581008911133 0.012945413589477539 91327 0
0.011403083801269531 0.013615131378173828 92232 0
0.011378765106201172 0.01161956787109375 90594 0
0.009533882141113281 0.014081478118896484 90913 0
0.00969076156616211 0.012694120407104492 91823 0
0.010795116424560547 0.012547731399536133 91214 0
0.011040687561035156 0.014154195785522461 91175 0
0.010828733444213867 0.012327194213867188 92451 0
0.010796070098876953 0.013842344284057617 93553 0
0.010997533798217773 0.013285636901855469 91684 0
0.01112055778503418 0.013656377792358398 93000 0
0.00995492935180664 0.012975215911865234 92175 0
0.011027097702026367 0.013372421264648438 92068 0
0.01111149787902832 0.01307821273803711 91448 0
0.010136842727661133 0.013638496398925781 92363 0
0.009701251983642578 0.013232707977294922 100589 0
0.011699676513671875 0.012790203094482422 103356 0
0.011485576629638672 0.014299631118774414 103765 0
0.010725736618041992 0.013064861297607422 104579 0
0.011639833450317383 0.012366056442260742 103894 0
0.010580778121948242 0.014987945556640625 104070 0
0.010394573211669922 0.013429403305053711 104854 0
0.010867595672607422 0.012732982635498047 103486 0
0.011182546615600586 0.011952400207519531 105148 0
0.012125492095947266 0.012130260467529297 104798 0
0.01147007942199707 0.013202428817749023 103072 0
0.012459039688110352 0.014436483383178711 104895 0
0.009592056274414062 0.013518095016479492 104736 0
0.009689807891845703 0.012992382049560547 104583 0
0.012067079544067383 0.013664960861206055 104897 0
0.011118173599243164 0.013823747634887695 105243 0
0.010190486907958984 0.01311349868774414 105781 0
0.01099848747253418 0.012838363647460938 103754 0
0.011868715286254883 0.011947393417358398 98086 0
0.013545036315917969 0.013405323028564453 104908 0
0.01107645034790039 0.013057947158813477 104874 0
0.009660482406616211 0.015544414520263672 105077 0
0.011317729949951172 0.013647079467773438 105664 0
0.011030912399291992 0.012659072875976562 105201 0
0.013814687728881836 0.014283895492553711 107230 0
0.010727882385253906 0.013258218765258789 105340 0
0.010796308517456055 0.012233972549438477 106684 0
0.010167360305786133 0.012122631072998047 106008 0
0.011304140090942383 0.011871576309204102 94518 0
0.011996746063232422 0.012694120407104492 105550 0
0.010721445083618164 0.011938095092773438 105450 0
0.010874271392822266 0.012265920639038086 106612 0
0.01151275634765625 0.012286186218261719 106882 0
0.010890007019042969 0.011899709701538086 107778 0
0.011580705642700195 0.012232065200805664 107750 0
0.011801958084106445 0.013320446014404297 108433 0
0.011714696884155273 0.014810800552368164 108194 0
0.010985612869262695 0.011885643005371094 107658 0
0.011702775955200195 0.01349020004272461 104913 0
0.01148366928100586 0.01296377182006836 107978 0
0.009997367858886719 0.013146638870239258 106228 0
0.011309385299682617 0.013019323348999023 107394 0
0.010502099990844727 0.013568401336669922 108002 0
0.011618614196777344 0.013155698776245117 107992 0
0.009735107421875 0.014050722122192383 107598 0
0.009633302688598633 0.01294708251953125 108706 0
0.010662317276000977 0.013973474502563477 107966 0
0.012876033782958984 0.01262044906616211 108722 0
0.011296272277832031 0.01184391975402832 101877 0
0.010915040969848633 0.011928319931030273 108375 0
0.012296915054321289 0.013847827911376953 108188 0
0.01113271713256836 0.012110710144042969 108456 0
0.01146841049194336 0.01254415512084961 108632 0
0.011481046676635742 0.012324094772338867 108349 0
0.011190652847290039 0.0135650634765625 108818 0
0.011694192886352539 0.01458740234375 105960 0
0.01032400131225586 0.013746976852416992 109361 0
0.011077404022216797 0.013715982437133789 110214 0
0.011080741882324219 0.01322317123413086 96496 0
0.012312889099121094 0.013950824737548828 108211 0
0.010766267776489258 0.01297307014465332 105550 0
0.011623620986938477 0.013660430908203125 105590 0
0.01114654541015625 0.01422119140625 109225 0
0.01116180419921875 0.01201939582824707 110062 0
0.011117696762084961 0.012586355209350586 106150 0
0.011164188385009766 0.012013435363769531 110602 0
0.011013984680175781 0.013123750686645508 110058 0
0.011617183685302734 0.013597726821899414 109984 0
0.012030363082885742 0.01215362548828125 110304 0
0.00984501838684082 0.013293027877807617 109056 0
0.01159214973449707 0.013796329498291016 106804 0
0.011313676834106445 0.013325929641723633 109436 0
0.011391162872314453 0.012218952178955078 110364 0
0.011622190475463867 0.012507915496826172 109271 0
0.009710311889648438 0.021182775497436523 109770 0
0.011066198348999023 0.014207124710083008 108600 0
0.011905431747436523 0.012711763381958008 109875 0
0.011382818222045898 0.012859821319580078 109669 0
0.010937929153442383 0.013497591018676758 103466 0
0.011356353759765625 0.012361764907836914 108297 0
0.010818958282470703 0.012222528457641602 108650 0
0.011220455169677734 0.012918472290039062 108780 0
0.011547327041625977 0.014856338500976562 107669 0
0.011536836624145508 0.013357400894165039 107831 0
0.009557962417602539 0.013470172882080078 107377 0
0.012173175811767578 0.012851715087890625 103936 0
0.01075291633605957 0.012283563613891602 108307 0
0.010146617889404297 0.013532876968383789 108029 0
0.010825395584106445 0.011765003204345703 92058 0
0.01162862777709961 0.01342630386352539 104329 0
0.011026144027709961 0.011980533599853516 100798 0
0.011165857315063477 0.011948585510253906 100712 0
0.011170625686645508 0.012210845947265625 103018 0
0.012006998062133789 0.012087345123291016 104228 0
0.011902093887329102 0.012866020202636719 101889 0
0.010713577270507812 0.014245271682739258 104969 0
0.011261463165283203 0.012326717376708984 103994 0
0.012154817581176758 0.012099981307983398 103220 0
0.011488676071166992 0.01240992546081543 102353 0
0.011024951934814453 0.013275623321533203 102591 0
0.010943174362182617 0.013238906860351562 96860 0
0.011041402816772461 0.01223134994506836 101764 0
0.009619474411010742 0.013675212860107422 101837 0
0.010599374771118164 0.013124704360961914 101591 0
0.011562585830688477 0.014677762985229492 101446 0
0.011581659317016602 0.012998819351196289 101782 0
0.011636495590209961 0.012122631072998047 101751 0
0.011390924453735352 0.01228785514831543 101281 0
0.010772466659545898 0.013033151626586914 96609 0
0.011787891387939453 0.012948751449584961 101486 0
0.009632349014282227 0.012574195861816406 103622 0
0.010846376419067383 0.01235651969909668 103241 0
0.010836601257324219 0.01283407211303711 102761 0
0.012195587158203125 0.012745857238769531 103450 0
0.011093378067016602 0.013773918151855469 102264 0
0.01097249984741211 0.012532949447631836 98392 0
0.011179685592651367 0.013206958770751953 101053 0
0.010819196701049805 0.011709928512573242 100836 0
0.011466741561889648 0.011984586715698242 87830 0
0.011223554611206055 0.011800765991210938 100507 0
0.010680675506591797 0.013013362884521484 96610 0
0.011290311813354492 0.011694192886352539 98399 0
0.00953364372253418 0.014864683151245117 100409 0
0.010131120681762695 0.013019084930419922 100394 0
0.011856555938720703 0.011946439743041992 99151 0
0.010536670684814453 0.012064933776855469 101941 0
0.011483907699584961 0.01325845718383789 102187 0
0.010777473449707031 0.012020111083984375 102682 0
0.012403249740600586 0.012766599655151367 102517 0
0.011234521865844727 0.01359701156616211 102462 0
0.018800735473632812 0.012466669082641602 97360 0
0.010817766189575195 0.011833667755126953 102500 0
0.012018203735351562 0.011948585510253906 102660 0
0.01042938232421875 0.011660337448120117 102244 0
0.010821104049682617 0.012582063674926758 102188 0
0.010666370391845703 0.013165473937988281 102556 0
0.011175870895385742 0.012334585189819336 101718 0
0.012191534042358398 0.01232147216796875 101870 0
0.01091909408569336 0.012098073959350586 96500 0
0.011235952377319336 0.012757062911987305 100995 0
0.011602640151977539 0.01436614990234375 101983 0
0.011939287185668945 0.01238107681274414 101254 0
0.010851144790649414 0.012862682342529297 101409 0
0.010938167572021484 0.013091564178466797 101039 0
0.011652231216430664 0.012449502944946289 100632 0
0.011346101760864258 0.012454509735107422 98352 0
0.011818885803222656 0.012458562850952148 101059 0
0.011616230010986328 0.011780261993408203 100865 0
0.009439468383789062 0.014244556427001953 87785 0
0.010783910751342773 0.01346135139465332 99485 0
0.010992050170898438 0.013127326965332031 94871 0
0.010905981063842773 0.012006759643554688 97085 0
0.010988473892211914 0.013512372970581055 100428 0
0.01193857192993164 0.01194310188293457 100779 0
0.010238409042358398 0.01324772834777832 99369 0
0.01279902458190918 0.011919260025024414 101385 0
0.011259317398071289 0.013447761535644531 101716 0
0.011339902877807617 0.012152671813964844 101309 0
0.013211488723754883 0.012339353561401367 101107 0
0.011003494262695312 0.011759519577026367 100816 0
0.011808395385742188 0.013675928115844727 95102 0
0.010036706924438477 0.012830018997192383 101232 0
0.01108098030090332 0.012860536575317383 100936 0
0.009636640548706055 0.01295328140258789 100632 0
0.011798858642578125 0.011844158172607422 100495 0
0.010422706604003906 0.013046979904174805 101232 0
0.010959148406982422 0.011882781982421875 100622 0
0.010404586791992188 0.013096094131469727 100564 0
0.011019706726074219 0.013258695602416992 94042 0
0.012060403823852539 0.011740684509277344 100760 0
0.010834932327270508 0.013676881790161133 101120 0
0.011425256729125977 0.01416921615600586 101120 0
0.011890172958374023 0.012296915054321289 100790 0
0.011385202407836914 0.014556169509887695 101153 0
0.011641979217529297 0.012864828109741211 100626 0
0.00996851921081543 0.012758255004882812 97743 0
0.011353254318237305 0.014177083969116211 100620 0
0.011312484741210938 0.011833667755126953 100490 0
0.010645389556884766 0.011727571487426758 89463 0
0.010732173919677734 0.013142824172973633 100028 0
0.012165307998657227 0.012056589126586914 93097 0
0.010994672775268555 0.011856794357299805 99896 0
0.012512445449829102 0.012170076370239258 100637 0
0.012845039367675781 0.01589679718017578 101054 0
0.010557413101196289 0.012917280197143555 98617 0
0.010853290557861328 0.011919975280761719 101362 0
0.01681375503540039 0.013782024383544922 101642 0
0.010380744934082031 0.013087034225463867 101673 0
0.010779619216918945 0.012795448303222656 101893 0
0.01009225845336914 0.012928247451782227 101055 0
0.011591672897338867 0.012487649917602539 95758 0
0.012821674346923828 0.011955976486206055 101220 0
0.010441780090332031 0.013256072998046875 101321 0
0.010344505310058594 0.01339411735534668 101731 0
0.010756492614746094 0.012010574340820312 101999 0
0.011402368545532227 0.012013912200927734 101900 0
0.012153863906860352 0.01205301284790039 100578 0
0.0115814208984375 0.01302647590637207 100688 0
0.010691642761230469 0.011832237243652344 96434 0
0.01107025146484375 0.012177467346191406 99688 0
0.011247634887695312 0.014704227447509766 106802 0
0.011726617813110352 0.014698505401611328 106233 0
0.011617422103881836 0.01365971565246582 106753 0
0.010759353637695312 0.013564586639404297 107481 0
0.010808229446411133 0.013153076171875 107741 0
0.010781049728393555 0.012123584747314453 106570 0
0.009801387786865234 0.01295328140258789 108018 0
0.010453224182128906 0.014404773712158203 106247 0
0.011701345443725586 0.014034509658813477 105643 0
0.012105464935302734 0.014736413955688477 106798 0
0.011426687240600586 0.014254570007324219 103974 0
0.011536359786987305 0.01324319839477539 105224 0
0.011022567749023438 0.014474153518676758 106036 0
0.010111093521118164 0.01315450668334961 106255 0
0.011085748672485352 0.013490915298461914 107555 0
0.011914968490600586 0.013427972793579102 107205 0
0.011343240737915039 0.012228727340698242 106854 0
0.009864091873168945 0.01355886459350586 107386 0
0.011940479278564453 0.014360189437866211 107420 0
0.012312650680541992 0.012387990951538086 105772 0
0.010128498077392578 0.014039278030395508 105235 0
0.009870052337646484 0.014002323150634766 104619 0
0.010949850082397461 0.014021635055541992 104885 0
0.010935544967651367 0.011901617050170898 104138 0
0.011639118194580078 0.014737129211425781 105041 0
0.01185917854309082 0.012047767639160156 105090 0
0.012149572372436523 0.014230489730834961 104176 0
0.011183023452758789 0.012072086334228516 106703 0
0.010404586791992188 0.01325082778930664 106816 0
0.013322114944458008 0.014229297637939453 105621 0
0.011441469192504883 0.014521598815917969 105847 0
0.011021137237548828 0.012509584426879883 106616 0
0.011386871337890625 0.013185977935791016 105476 0
0.011015653610229492 0.012397289276123047 105231 0
0.010355234146118164 0.013351202011108398 104504 0
0.011450529098510742 0.013190269470214844 104858 0
0.012708425521850586 0.0129241943359375 104138 0
0.011156558990478516 0.012092351913452148 105323 0
0.01109170913696289 0.012160539627075195 106340 0
0.011253595352172852 0.012232780456542969 104248 0
0.011699676513671875 0.014793634414672852 104468 0
0.011664628982543945 0.012988090515136719 104535 0
0.011780977249145508 0.018803834915161133 104842 0
0.010967731475830078 0.013084888458251953 104012 0
0.009795427322387695 0.013520240783691406 104394 0
0.016843557357788086 0.012986183166503906 104080 0
0.010936737060546875 0.012096881866455078 103331 0
0.010787487030029297 0.012643575668334961 104449 0
0.011308908462524414 0.01401972770690918 105672 0
0.011881589889526367 0.014056921005249023 104482 0
0.010629415512084961 0.011958122253417969 105989 0
0.010743379592895508 0.012058019638061523 105930 0
0.011092185974121094 0.014486551284790039 104821 0
0.011276006698608398 0.011894941329956055 105330 0
0.01075601577758789 0.013640642166137695 104180 0
0.00986027717590332 0.013121604919433594 104165 0
0.012180566787719727 0.012089967727661133 104008 0
0.011553287506103516 0.012297391891479492 104279 0
0.009926795959472656 0.013053417205810547 104939 0
0.012014150619506836 0.013629913330078125 105400 0
0.009850263595581055 0.013153076171875 105058 0
0.010521888732910156 0.01374506950378418 105667 0
0.010664939880371094 0.013843774795532227 105664 0
0.011471271514892578 0.012806892395019531 106548 0
0.011961698532104492 0.014323711395263672 106448 0
0.011509180068969727 0.013686180114746094 106468 0
0.011912345886230469 0.012262821197509766 106567 0
0.012067079544067383 0.012389183044433594 107163 0
0.009638071060180664 0.013152837753295898 106300 0
0.00956583023071289 0.013476133346557617 106540 0
0.010690450668334961 0.013216495513916016 105666 0
0.011826038360595703 0.01368260383605957 105595 0
0.01135706901550293 0.013229131698608398 103265 0
0.010662078857421875 0.013847112655639648 108375 0
0.011377096176147461 0.013713598251342773 108002 0
0.011358499526977539 0.013250112533569336 107944 0
0.01144099235534668 0.01278233528137207 108189 0
0.011384010314941406 0.013336658477783203 109904 0
0.010983943939208984 0.01425480842590332 109062 0
0.010964393615722656 0.013204574584960938 110124 0
0.011786460876464844 0.012596607208251953 109434 0
0.010140180587768555 0.013518095016479492 109385 0
0.01106119155883789 0.012619256973266602 101264 0
0.01150655746459961 0.011914968490600586 99793 0
0.011247873306274414 0.012336015701293945 106824 0
0.013218402862548828 0.012630701065063477 110946 0
0.010744810104370117 0.011822223663330078 103785 0
0.011130094528198242 0.012167215347290039 107552 0
0.011392831802368164 0.012639045715332031 101849 0
0.012201786041259766 0.01203465461730957 102548 0
0.00989222526550293 0.013692855834960938 103308 0
0.010858297348022461 0.014812946319580078 105663 0
0.011893987655639648 0.012742996215820312 105544 0
0.010946512222290039 0.013407230377197266 104367 0
0.009775876998901367 0.013614177703857422 107162 0
0.012928962707519531 0.01218414306640625 106656 0
0.009825944900512695 0.014174699783325195 99131 0
0.011508703231811523 0.012703657150268555 108781 0
0.018215417861938477 0.012541532516479492 106708 0
0.010027408599853516 0.013270139694213867 105132 0
0.010890960693359375 0.013458013534545898 109249 0
0.010657787322998047 0.014125347137451172 110023 0
0.010958194732666016 0.01400899887084961 101124 0
0.012331008911132812 0.012887239456176758 109924 0
0.011569976806640625 0.012925863265991211 110452 0
0.011708736419677734 0.012995481491088867 111025 0
0.013669490814208984 0.012570858001708984 110114 0
0.01073145866394043 0.012603998184204102 111703 0
0.010959625244140625 0.012388467788696289 111395 0
0.011714458465576172 0.013065099716186523 111878 0
0.011998176574707031 0.013700008392333984 110502 0
0.011691808700561523 0.013264656066894531 112306 0
0.011615276336669922 0.01346445083618164 114008 0
0.010580301284790039 0.01263880729675293 112167 0
0.009654521942138672 0.014267683029174805 111510 0
0.009897232055664062 0.012967586517333984 111157 0
0.011900901794433594 0.012125730514526367 110111 0
0.009886503219604492 0.013636589050292969 110710 0
0.011374711990356445 0.01361083984375 110623 0
0.010628223419189453 0.01195979118347168 109721 0
0.010435819625854492 0.01411890983581543 109986 0
0.010868072509765625 0.013590574264526367 110724 0
0.01173853874206543 0.012961149215698242 111240 0
0.011096000671386719 0.013531208038330078 109607 0
0.010952949523925781 0.013628005981445312 111629 0
0.010852336883544922 0.013628005981445312 112213 0
0.010957002639770508 0.012779951095581055 103840 0
0.01233220100402832 0.014069557189941406 111136 0
0.010329484939575195 0.012557029724121094 108329 0
0.011394977569580078 0.01436758041381836 108067 0
0.011194229125976562 0.01343846321105957 111160 0
0.010982513427734375 0.012570381164550781 111427 0
0.010899782180786133 0.013143777847290039 104448 0
0.012708187103271484 0.013742446899414062 111362 0
0.010276079177856445 0.014862775802612305 110689 0
0.011060953140258789 0.012128114700317383 112261 0
0.009928464889526367 0.013438940048217773 110973 0
0.011017799377441406 0.013448953628540039 110839 0
0.010989904403686523 0.013071537017822266 111270 0
0.011972904205322266 0.0126190185546875 111779 0
0.011310100555419922 0.012451410293579102 112964 0
0.012108564376831055 0.014008522033691406 113796 0
0.012000083923339844 0.012704133987426758 112323 0
0.011485576629638672 0.013796567916870117 113845 0
0.011826276779174805 0.014850378036499023 113083 0
0.010877370834350586 0.012035131454467773 114184 0
0.012296915054321289 0.012824058532714844 112589 0
0.012612581253051758 0.01389312744140625 112258 0
0.011686563491821289 0.014439821243286133 112046 0
0.010840415954589844 0.01325845718383789 111501 0
0.01109766960144043 0.012905359268188477 113261 0
0.01106119155883789 0.01285099983215332 113032 0
0.011744260787963867 0.012667179107666016 113033 0
0.011076927185058594 0.013839960098266602 110580 0
0.011745214462280273 0.013106346130371094 113555 0
0.009700298309326172 0.014138460159301758 114322 0
0.011147022247314453 0.01420736312866211 105438 0
0.011432409286499023 0.012859106063842773 114063 0
0.011154651641845703 0.013988733291625977 113222 0
0.01047372817993164 0.015340089797973633 112106 0
0.012118101119995117 0.01450967788696289 114981 0
0.012421846389770508 0.013571739196777344 115093 0
0.010695219039916992 0.012037038803100586 110332 0
0.012028694152832031 0.014491558074951172 116095 0
0.01139688491821289 0.012953042984008789 114486 0
0.012060165405273438 0.013980388641357422 114776 0
0.01147007942199707 0.013017892837524414 113289 0
0.0109100341796875 0.012000322341918945 111179 0
0.011178255081176758 0.012139558792114258 110799 0
0.011748075485229492 0.01281285285949707 110079 0
0.011953353881835938 0.012932538986206055 109610 0
0.010963916778564453 0.012040376663208008 110140 0
0.01163029670715332 0.012723684310913086 109257 0
0.01126861572265625 0.011965751647949219 109797 0
0.009740829467773438 0.013473749160766602 109007 0
0.011490345001220703 0.012040853500366211 107895 0
0.011314868927001953 0.014398336410522461 107308 0
0.011180639266967773 0.013508319854736328 107085 0
0.011069536209106445 0.012032270431518555 109440 0
0.011458873748779297 0.011925935745239258 109163 0
0.010941028594970703 0.012072086334228516 109533 0
0.010563850402832031 0.014497995376586914 108243 0
0.011198759078979492 0.012683868408203125 107232 0
0.012396574020385742 0.012670755386352539 107951 0
0.011477231979370117 0.013358354568481445 108216 0
0.010931730270385742 0.011989355087280273 107471 0
0.011115789413452148 0.013292551040649414 107758 0
0.012015819549560547 0.013438940048217773 106091 0
0.011453866958618164 0.01285552978515625 107267 0
0.011784553527832031 0.013664960861206055 106641 0
0.011037826538085938 0.01433706283569336 108422 0
0.009795665740966797 0.013414859771728516 107699 0
0.011076927185058594 0.012316226959228516 108496 0
0.010975837707519531 0.013195514678955078 106972 0
0.011974096298217773 0.013811588287353516 108497 0
0.011333703994750977 0.013480186462402344 108591 0
