0.5296409130096436 0.16648602485656738 101072 0
0.5317316055297852 0.15546488761901855 100996 0
0.5164530277252197 0.19914793968200684 103134 0
0.54510498046875 0.14496707916259766 101664 0
0.5357825756072998 0.15314602851867676 104480 0
0.5502727031707764 0.13850808143615723 107549 0
0.5276205539703369 0.14899373054504395 106527 0
0.5425176620483398 0.1334378719329834 105638 0
0.5313680171966553 0.18870019912719727 104529 0
0.5539402961730957 0.1544332504272461 105727 0
0.5557498931884766 0.19371271133422852 101958 0
0.519801139831543 0.20145082473754883 100257 0
0.5398404598236084 0.17825007438659668 104943 0
0.5268571376800537 0.18056678771972656 102779 0
0.550173282623291 0.1329035758972168 89152 0
0.5473072528839111 0.14274024963378906 102221 0
0.54343581199646 0.14124155044555664 99972 0
0.5302159786224365 0.18482136726379395 97942 0
0.5295827388763428 0.20816421508789062 94875 0
0.5419192314147949 0.13686633110046387 100087 0
0.5345182418823242 0.15467476844787598 100024 0
0.5495829582214355 0.14174532890319824 97855 0
0.563448429107666 0.20374250411987305 101044 0
0.55405592918396 0.1355125904083252 104453 0
0.5413193702697754 0.2015531063079834 104327 0
0.5306739807128906 0.14214706420898438 103260 0
0.5446326732635498 0.17172527313232422 96639 0
0.5514175891876221 0.1835775375366211 102306 0
0.5105781555175781 0.13770461082458496 103121 0
0.5208907127380371 0.13167023658752441 98540 0
0.550468921661377 0.14875173568725586 102562 0
0.5612030029296875 0.1630568504333496 103557 0
0.535736083984375 0.13846588134765625 101424 0
0.509498119354248 0.18861913681030273 102009 0
0.5507500171661377 0.13840341567993164 97241 0
0.5302398204803467 0.1465620994567871 105337 0
0.5513324737548828 0.1557455062866211 109257 0
0.5554885864257812 0.177717924118042 106172 0
0.5161170959472656 0.14627480506896973 108506 0
0.5324478149414062 0.18694519996643066 103049 0
0.5237572193145752 0.1404891014099121 98323 0
0.5220484733581543 0.17072439193725586 100549 0
0.5251505374908447 0.1721818447113037 105560 0
0.512155294418335 0.13611412048339844 105121 0
0.526400089263916 0.17282366752624512 94908 0
0.5329451560974121 0.14873576164245605 103943 0
0.5627212524414062 0.15620970726013184 106434 0
0.5388538837432861 0.17806625366210938 104101 0
0.5476160049438477 0.1484537124633789 105918 0
0.5633244514465332 0.17359018325805664 105189 0
0.5361385345458984 0.19115161895751953 104741 0
0.5048694610595703 0.18359827995300293 105528 0
0.5612976551055908 0.21332859992980957 105461 0
0.531135082244873 0.21097087860107422 106014 0
0.5317971706390381 0.18731212615966797 106412 0
0.5579824447631836 0.18896245956420898 106817 0
0.5226261615753174 0.18414640426635742 106810 0
0.5553445816040039 0.15692853927612305 107405 0
0.530376672744751 0.1710824966430664 107331 0
0.5152034759521484 0.13151812553405762 107001 0
0.5533218383789062 0.185319185256958 104554 0
0.5479550361633301 0.17066407203674316 105131 0
0.5324225425720215 0.17437481880187988 105007 0
0.5171120166778564 0.1703813076019287 103765 0
0.5171375274658203 0.13476991653442383 101480 0
0.5313210487365723 0.1467726230621338 104456 0
0.5156373977661133 0.14943146705627441 104844 0
0.5288500785827637 0.19819855690002441 105728 0
0.535452127456665 0.15064358711242676 104531 0
0.5542914867401123 0.14042901992797852 103782 0
0.557776927947998 0.1352524757385254 102394 0
0.507667064666748 0.14589166641235352 100111 0
0.5421488285064697 0.14903616905212402 104445 0
0.5497300624847412 0.17064261436462402 102232 0
0.5465376377105713 0.16209626197814941 89641 0
0.5395727157592773 0.13308382034301758 102823 0
0.5336661338806152 0.15905261039733887 102168 0
0.5276854038238525 0.18419885635375977 99551 0
0.5334434509277344 0.18302345275878906 101006 0
0.5181944370269775 0.18176722526550293 100217 0
0.5394389629364014 0.14164495468139648 103532 0
0.5323951244354248 0.1994466781616211 103455 0
0.5360956192016602 0.18088936805725098 101695 0
0.5393972396850586 0.1416311264038086 101845 0
0.5445544719696045 0.21548676490783691 103737 0
0.5767548084259033 0.1336348056793213 103771 0
0.5150473117828369 0.20134329795837402 99538 0
0.4967823028564453 0.15167021751403809 104028 0
0.5569300651550293 0.14866185188293457 103575 0
0.5278282165527344 0.13873291015625 105395 0
0.5514121055603027 0.1411275863647461 103697 0
0.5524530410766602 0.18499064445495605 103394 0
0.5509049892425537 0.1317305564880371 103087 0
0.5206186771392822 0.14397001266479492 100483 0
0.5403256416320801 0.13349032402038574 103723 0
0.5451641082763672 0.16776227951049805 103736 0
0.5272121429443359 0.20598888397216797 89513 0
0.5417439937591553 0.19208097457885742 103981 0
0.5604777336120605 0.18550467491149902 104628 0
0.543304443359375 0.14684152603149414 99822 0
0.5304672718048096 0.17391180992126465 101653 0
0.4924447536468506 0.1456756591796875 103141 0
0.5319395065307617 0.20120739936828613 104175 0
0.5493597984313965 0.15313124656677246 107273 0
0.5019018650054932 0.1492629051208496 105931 0
0.5304372310638428 0.20248031616210938 105422 0
0.5415925979614258 0.13126659393310547 105769 0
0.5404748916625977 0.15531110763549805 108175 0
0.5492799282073975 0.13849997520446777 107184 0
0.544675350189209 0.1932663917541504 106451 0
0.545865535736084 0.17382264137268066 105890 0
0.5506958961486816 0.1554253101348877 105601 0
0.5369265079498291 0.19870328903198242 106053 0
0.553307056427002 0.12655091285705566 106909 0
0.530667781829834 0.18506860733032227 103918 0
0.4929029941558838 0.16116595268249512 105987 0
0.5314145088195801 0.14973998069763184 96937 0
0.5556645393371582 0.18801164627075195 106724 0
0.5525791645050049 0.14777898788452148 106199 0
0.5505163669586182 0.13569951057434082 106663 0
0.5458085536956787 0.1996760368347168 103942 0
0.5368602275848389 0.18702077865600586 105249 0
0.5152299404144287 0.13762140274047852 104780 0
0.5473883152008057 0.17250585556030273 101233 0
0.5432052612304688 0.13207507133483887 104206 0
0.5357723236083984 0.15830540657043457 105258 0
0.5261898040771484 0.13656949996948242 90492 0
0.5423333644866943 0.14442110061645508 102253 0
0.5306272506713867 0.16881561279296875 93978 0
0.5440738201141357 0.13824939727783203 96218 0
0.5136380195617676 0.1471083164215088 99341 0
0.5263454914093018 0.15178322792053223 98987 0
0.5244338512420654 0.14535927772521973 96582 0
0.5315186977386475 0.15326786041259766 101599 0
0.5471115112304688 0.13561058044433594 103106 0
0.5368249416351318 0.17849063873291016 104675 0
0.5369777679443359 0.14554786682128906 103708 0
0.5079524517059326 0.12482333183288574 105285 0
0.5288715362548828 0.1819746494293213 102724 0
0.5285382270812988 0.18835783004760742 104028 0
0.5321836471557617 0.1386711597442627 106503 0
0.5357673168182373 0.17651057243347168 106534 0
0.5327985286712646 0.1488487720489502 105010 0
0.4982471466064453 0.1990954875946045 105424 0
0.5100195407867432 0.1528627872467041 103954 0
0.5513284206390381 0.1668245792388916 108553 0
0.526970624923706 0.1383504867553711 106745 0
0.5430376529693604 0.1840956211090088 105199 0
0.5392425060272217 0.17173504829406738 101711 0
0.5368971824645996 0.20302987098693848 101378 0
0.5626721382141113 0.14275503158569336 107007 0
0.4969522953033447 0.18078970909118652 111509 0
0.5456411838531494 0.20254278182983398 110062 0
0.5716159343719482 0.15301203727722168 108394 0
0.5520670413970947 0.1823132038116455 109230 0
0.51458740234375 0.13399529457092285 106709 0
0.5517697334289551 0.19985222816467285 91614 0
0.5709531307220459 0.18544673919677734 102323 0
0.5589759349822998 0.13904047012329102 105119 0
0.5682108402252197 0.143890380859375 97590 0
0.5228931903839111 0.14821887016296387 97390 0
0.5360095500946045 0.18502283096313477 98410 0
0.5337278842926025 0.12540030479431152 96693 0
0.5596184730529785 0.19792509078979492 98581 0
0.5617351531982422 0.1340329647064209 103920 0
0.5661733150482178 0.13554000854492188 99946 0
0.5565550327301025 0.16530776023864746 100223 0
0.5478103160858154 0.15774822235107422 105342 0
0.5478684902191162 0.1820218563079834 102556 0
0.5290877819061279 0.15575838088989258 108640 0
0.5501534938812256 0.23801159858703613 102246 0
0.5520083904266357 0.16822576522827148 106547 0
0.5289273262023926 0.21127796173095703 106591 0
0.5414242744445801 0.16557812690734863 107789 0
0.5390594005584717 0.2075974941253662 106810 0
0.5323944091796875 0.16933679580688477 107479 0
0.5457022190093994 0.1259753704071045 102158 0
0.533327579498291 0.14879846572875977 108120 0
0.5196313858032227 0.13971376419067383 109015 0
0.5247054100036621 0.13964343070983887 109350 0
0.5309436321258545 0.17397046089172363 106692 0
0.5104210376739502 0.15713715553283691 105578 0
0.5234179496765137 0.15591907501220703 106096 0
0.5057599544525146 0.16111969947814941 102786 0
0.523810863494873 0.14513540267944336 105539 0
0.5206573009490967 0.1657700538635254 106395 0
0.5003278255462646 0.15840601921081543 92253 0
0.5361950397491455 0.15223026275634766 107729 0
0.5268621444702148 0.15801692008972168 108460 0
0.5230095386505127 0.13375473022460938 102826 0
0.5242764949798584 0.1482245922088623 104402 0
0.5309596061706543 0.14858555793762207 105296 0
0.5529367923736572 0.15173625946044922 105951 0
0.5361695289611816 0.142303466796875 106709 0
0.5467345714569092 0.14392900466918945 105829 0
0.5311203002929688 0.1496734619140625 105727 0
0.5271396636962891 0.14922070503234863 105730 0
0.5182878971099854 0.13092827796936035 106487 0
0.5271058082580566 0.14244556427001953 106345 0
0.5396525859832764 0.16019797325134277 105208 0
0.5414812564849854 0.14690351486206055 100778 0
0.5275194644927979 0.19176340103149414 91355 0
0.5276584625244141 0.14710450172424316 88600 0
0.5221991539001465 0.18186068534851074 89881 0
0.5208783149719238 0.14813566207885742 89268 0
0.5196692943572998 0.1611340045928955 91769 0
0.5484099388122559 0.14100289344787598 90032 0
0.5289828777313232 0.18944764137268066 91432 0
0.5458681583404541 0.1759331226348877 93531 0
0.5392944812774658 0.14823532104492188 92683 0
0.5133235454559326 0.19597554206848145 91442 0
0.5247468948364258 0.15333247184753418 93681 0
0.537994384765625 0.1813955307006836 91666 0
0.5591626167297363 0.1896815299987793 90694 0
0.538654088973999 0.13600969314575195 91041 0
0.5275771617889404 0.13791680335998535 89416 0
0.5233795642852783 0.21985507011413574 89943 0
0.5119199752807617 0.1703181266784668 85448 0
0.5569686889648438 0.13592982292175293 90993 0
0.5278439521789551 0.18576765060424805 91788 0
0.5403692722320557 0.19249701499938965 92333 0
0.5508692264556885 0.21351051330566406 91537 0
0.542560338973999 0.18476366996765137 92104 0
0.5352673530578613 0.2035961151123047 91979 0
0.5253283977508545 0.1785726547241211 91832 0
0.5447206497192383 0.13828825950622559 91000 0
0.5490155220031738 0.20070433616638184 90999 0
0.5201153755187988 0.2004396915435791 91454 0
0.5342104434967041 0.17452478408813477 90902 0
0.5477874279022217 0.14538168907165527 91390 0
0.5436725616455078 0.20699858665466309 91988 0
0.5485451221466064 0.1428370475769043 90342 0
0.5413327217102051 0.18093156814575195 90239 0
0.5355451107025146 0.21090459823608398 91368 0
0.5416107177734375 0.13467884063720703 92486 0
0.5284121036529541 0.19360661506652832 92275 0
0.5335142612457275 0.13300275802612305 91542 0
0.5365898609161377 0.1603717803955078 90995 0
0.5596756935119629 0.1286756992340088 91202 0
0.5286104679107666 0.1420726776123047 90761 0
0.5061943531036377 0.16022086143493652 89888 0
0.536705493927002 0.21428513526916504 90775 0
0.5343852043151855 0.14607000350952148 92343 0
0.5189394950866699 0.17960000038146973 90445 0
0.5421674251556396 0.14710211753845215 91154 0
0.5239620208740234 0.1343250274658203 90514 0
0.5378572940826416 0.16631841659545898 90014 0
0.5103423595428467 0.14740705490112305 85085 0
0.513709306716919 0.14646434783935547 89560 0
0.5308310985565186 0.13124799728393555 89816 0
0.5395684242248535 0.15225601196289062 90657 0
0.5430889129638672 0.13707280158996582 90544 0
0.5470924377441406 0.16774892807006836 90159 0
0.532433271408081 0.12768959999084473 91302 0
0.48981571197509766 0.14355182647705078 91631 0
0.5362424850463867 0.15436482429504395 91116 0
0.5291862487792969 0.13277626037597656 91308 0
0.5287446975708008 0.13695311546325684 89842 0
0.5430011749267578 0.13020944595336914 88642 0
0.5161340236663818 0.13653922080993652 89511 0
0.5507481098175049 0.15358662605285645 89454 0
0.5377583503723145 0.147813081741333 89378 0
0.5296499729156494 0.20366859436035156 90978 0
0.5610051155090332 0.14591026306152344 90343 0
0.5411334037780762 0.139113187789917 91273 0
0.5409917831420898 0.13818788528442383 91278 0
0.5149767398834229 0.15170073509216309 91620 0
0.5527479648590088 0.146315336227417 91274 0
0.5307776927947998 0.13633513450622559 91453 0
0.5502457618713379 0.13842177391052246 92002 0
0.5294482707977295 0.20763039588928223 90397 0
0.5264437198638916 0.1518266201019287 90918 0
0.4985315799713135 0.1353614330291748 92081 0
0.5423836708068848 0.17846083641052246 96601 0
0.5329611301422119 0.13675332069396973 96550 0
0.535407304763794 0.17220425605773926 91917 0
0.5315358638763428 0.13289117813110352 102976 0
0.5513064861297607 0.19454121589660645 98001 0
0.5481514930725098 0.14499831199645996 102277 0
0.5412828922271729 0.15564393997192383 99683 0
0.5348396301269531 0.13855648040771484 96825 0
0.5537049770355225 0.14462518692016602 97947 0
0.5509381294250488 0.22059273719787598 98655 0
0.5312221050262451 0.2194499969482422 97466 0
0.5169131755828857 0.19927024841308594 97008 0
0.559837818145752 0.1792278289794922 96001 0
0.5402374267578125 0.18596482276916504 92162 0
0.5543167591094971 0.13593101501464844 92270 0
0.5234436988830566 0.18070650100708008 88749 0
0.553117036819458 0.12905526161193848 91244 0
0.53643798828125 0.17134714126586914 91727 0
0.5624911785125732 0.13558149337768555 89719 0
0.5611259937286377 0.14874553680419922 90379 0
0.5424718856811523 0.1783452033996582 90883 0
0.525794267654419 0.1670835018157959 90779 0
0.5211992263793945 0.15107226371765137 91374 0
0.5353050231933594 0.13889718055725098 91683 0
0.5356273651123047 0.18936753273010254 92222 0
0.5095250606536865 0.16001176834106445 92606 0
0.531111478805542 0.15825271606445312 82774 0
0.5575351715087891 0.12926292419433594 93419 0
0.5273697376251221 0.21294140815734863 93112 0
0.507066011428833 0.13780713081359863 91760 0
0.5586638450622559 0.17244648933410645 93506 0
0.5285818576812744 0.19760942459106445 93321 0
0.538280725479126 0.1927328109741211 92863 0
0.5026059150695801 0.15640664100646973 93518 0
0.5317127704620361 0.18288826942443848 92249 0
0.561079740524292 0.17701458930969238 91682 0
0.5264706611633301 0.2020411491394043 91121 0
0.5284943580627441 0.14770984649658203 90216 0
0.537473201751709 0.1887807846069336 91167 0
0.5364978313446045 0.13794183731079102 91852 0
0.5270786285400391 0.1849355697631836 93091 0
0.543144941329956 0.14397215843200684 92597 0
0.5422239303588867 0.14397501945495605 93143 0
0.5424017906188965 0.17632818222045898 92449 0
0.5308904647827148 0.19301605224609375 91986 0
0.5265700817108154 0.17216920852661133 92280 0
0.5242929458618164 0.19399261474609375 91355 0
0.5291955471038818 0.15654444694519043 91046 0
0.5131881237030029 0.13679814338684082 91986 0
0.540233850479126 0.15110373497009277 91513 0
0.546257734298706 0.13927578926086426 92337 0
0.5473837852478027 0.14938640594482422 91523 0
0.5503778457641602 0.1717240810394287 90511 0
0.5299639701843262 0.1737055778503418 90396 0
0.5282392501831055 0.14395427703857422 92213 0
0.5477585792541504 0.19083142280578613 91893 0
0.5470268726348877 0.13853001594543457 80754 0
0.5266695022583008 0.19480633735656738 91026 0
0.547736644744873 0.16483378410339355 92722 0
0.5302510261535645 0.132920503616333 89540 0
0.5505330562591553 0.13581061363220215 93374 0
0.5202560424804688 0.1835017204284668 94778 0
0.5231726169586182 0.19386029243469238 91832 0
0.5349900722503662 0.1640005111694336 93234 0
0.5517542362213135 0.18303537368774414 92584 0
0.5474934577941895 0.18034768104553223 92770 0
0.5394747257232666 0.1554107666015625 92360 0
0.5304892063140869 0.18229055404663086 91844 0
0.5313212871551514 0.22292733192443848 92141 0
0.535900354385376 0.15807676315307617 92124 0
0.5394349098205566 0.13821148872375488 92029 0
0.5355286598205566 0.15775752067565918 91699 0
0.5607330799102783 0.14180636405944824 92428 0
0.5305888652801514 0.18689656257629395 93401 0
0.5313520431518555 0.1508619785308838 92466 0
0.5356028079986572 0.15252041816711426 92582 0
0.5492105484008789 0.1538221836090088 92043 0
0.5225710868835449 0.2171468734741211 91224 0
0.535646915435791 0.20418810844421387 91774 0
0.5189089775085449 0.1760425567626953 90583 0
0.5296041965484619 0.1403052806854248 92001 0
0.5261597633361816 0.14339900016784668 92025 0
0.5430834293365479 0.13902592658996582 91144 0
0.5318937301635742 0.19042110443115234 89289 0
0.5207245349884033 0.15279364585876465 92854 0
0.5387909412384033 0.14331531524658203 91918 0
0.5246124267578125 0.16594982147216797 80573 0
0.5369627475738525 0.14070916175842285 89278 0
0.5375504493713379 0.19912457466125488 90587 0
0.5042462348937988 0.1417860984802246 87764 0
0.5323829650878906 0.18506217002868652 92304 0
0.5475201606750488 0.16532158851623535 92421 0
0.5359234809875488 0.1479933261871338 84925 0
0.5185999870300293 0.2066962718963623 78915 0
0.5309865474700928 0.19280004501342773 90603 0
0.5287177562713623 0.12766146659851074 92739 0
0.5273933410644531 0.21228957176208496 94478 0
0.5525016784667969 0.13574552536010742 93803 0
0.5097098350524902 0.1637279987335205 93265 0
0.5318825244903564 0.1555957794189453 94431 0
0.5440573692321777 0.16153979301452637 92986 0
0.528113603591919 0.1383228302001953 92134 0
0.5427553653717041 0.13522076606750488 81228 0
0.5282211303710938 0.2188117504119873 80006 0
0.5436422824859619 0.1830916404724121 91863 0
0.5501654148101807 0.13453888893127441 92846 0
0.5425386428833008 0.17145681381225586 90712 0
0.5295319557189941 0.15678691864013672 91936 0
0.5393924713134766 0.12529492378234863 91759 0
0.5545332431793213 0.16439056396484375 91449 0
0.5250940322875977 0.19438648223876953 93105 0
0.5701630115509033 0.14782238006591797 93336 0
0.5262837409973145 0.1862044334411621 93292 0
0.5398695468902588 0.20335650444030762 91104 0
0.5337820053100586 0.1355750560760498 93550 0
0.5243244171142578 0.1684863567352295 92941 0
0.5061943531036377 0.1523728370666504 85552 0
0.5174524784088135 0.18427515029907227 92053 0
0.5451536178588867 0.17100000381469727 91972 0
0.5230176448822021 0.17699027061462402 91249 0
0.5350246429443359 0.16370177268981934 92521 0
0.45981884002685547 0.19028353691101074 91391 0
0.5309584140777588 0.1426680088043213 91184 0
0.5180737972259521 0.15725493431091309 90360 0
0.5192170143127441 0.15000033378601074 91905 0
0.5265026092529297 0.17780041694641113 91235 0
0.5175869464874268 0.17051029205322266 90252 0
0.5178306102752686 0.15464210510253906 89109 0
0.5198173522949219 0.21431827545166016 88670 0
0.5289359092712402 0.14138507843017578 88512 0
0.5307009220123291 0.18630647659301758 88512 0
0.5612509250640869 0.20491790771484375 90954 0
0.5311107635498047 0.19140148162841797 90732 0
0.5676929950714111 0.2038135528564453 88137 0
0.5620207786560059 0.1968979835510254 86841 0
0.5318515300750732 0.18044209480285645 87577 0
0.5454151630401611 0.18521332740783691 86309 0
0.5270612239837646 0.13450002670288086 77956 0
0.5297987461090088 0.17121601104736328 86055 0
0.5556430816650391 0.1364459991455078 85507 0
0.5379352569580078 0.2052910327911377 86872 0
0.5161209106445312 0.1457078456878662 84865 0
0.5640802383422852 0.18828463554382324 86394 0
0.5354371070861816 0.1715242862701416 86423 0
0.5510127544403076 0.13543152809143066 84827 0
0.5385098457336426 0.14229130744934082 84975 0
0.4998447895050049 0.17039179801940918 85813 0
0.5060653686523438 0.16830921173095703 85417 0
0.5311853885650635 0.20562243461608887 86234 0
0.5455870628356934 0.12738466262817383 85226 0
0.5481977462768555 0.18795108795166016 85148 0
0.5467910766601562 0.1463479995727539 85177 0
0.5307838916778564 0.20069074630737305 85216 0
0.5249824523925781 0.20470237731933594 84679 0
0.5471799373626709 0.19243693351745605 84474 0
0.5126104354858398 0.1409456729888916 84842 0
0.5326957702636719 0.19690179824829102 84840 0
0.5340273380279541 0.14810562133789062 84842 0
0.5141301155090332 0.16903948783874512 87634 0
0.5420558452606201 0.131699800491333 86683 0
0.5485329627990723 0.1613922119140625 85196 0
0.5236034393310547 0.18922996520996094 86293 0
0.5302872657775879 0.14778995513916016 84864 0
0.5441384315490723 0.13579034805297852 84972 0
0.5313377380371094 0.13703513145446777 83489 0
0.5435750484466553 0.1701216697692871 83601 0
0.5685093402862549 0.1550126075744629 85416 0
0.5377593040466309 0.1923375129699707 75188 0
0.5397295951843262 0.18220901489257812 83912 0
0.5442385673522949 0.18224358558654785 84808 0
0.522911787033081 0.16063284873962402 85094 0
0.5064840316772461 0.15097737312316895 85052 0
0.5357635021209717 0.12283945083618164 85385 0
0.5237553119659424 0.19575142860412598 86008 0
0.5351967811584473 0.1484205722808838 84030 0
0.5449426174163818 0.14951562881469727 84183 0
0.5205519199371338 0.13480734825134277 86948 0
0.5415935516357422 0.15602469444274902 84701 0
0.5181381702423096 0.17381620407104492 84172 0
0.5293071269989014 0.17813444137573242 84817 0
0.5345666408538818 0.17982006072998047 84193 0
0.5162782669067383 0.18003511428833008 83330 0
0.5407135486602783 0.14513373374938965 84487 0
0.5319955348968506 0.21075153350830078 83331 0
0.5318348407745361 0.22063922882080078 84433 0
0.5305149555206299 0.18585491180419922 84343 0
0.5220961570739746 0.2120504379272461 84969 0
0.541973352432251 0.13990020751953125 83833 0
0.5510027408599854 0.18677639961242676 85756 0
0.5134053230285645 0.1947340965270996 84627 0
0.5469543933868408 0.1329638957977295 83537 0
0.5495903491973877 0.14038348197937012 84274 0
0.5526585578918457 0.1530745029449463 83956 0
0.5164129734039307 0.14056849479675293 84219 0
0.5635557174682617 0.19530940055847168 82577 0
0.5484156608581543 0.19713926315307617 83615 0
0.5224478244781494 0.14802312850952148 83020 0
0.5336370468139648 0.16838645935058594 73183 0
0.5271053314208984 0.14820551872253418 82028 0
0.5391314029693604 0.13848352432250977 82823 0
0.5313069820404053 0.18477797508239746 82826 0
0.5277919769287109 0.2136075496673584 82191 0
0.5305759906768799 0.1532599925994873 83504 0
0.5449221134185791 0.12876343727111816 84747 0
0.555504560470581 0.1461949348449707 84322 0
0.537106990814209 0.19256806373596191 82984 0
0.5103456974029541 0.1457056999206543 83102 0
0.5182225704193115 0.15795683860778809 82877 0
0.5214524269104004 0.14394402503967285 82829 0
0.5147521495819092 0.17099690437316895 83372 0
0.5253767967224121 0.16244149208068848 82246 0
0.5295345783233643 0.17088055610656738 82723 0
0.5175352096557617 0.15068507194519043 83280 0
0.48780131340026855 0.15966534614562988 81331 0
0.4969289302825928 0.14447903633117676 80263 0
0.5379776954650879 0.16496562957763672 79671 0
0.5229189395904541 0.14413094520568848 81447 0
0.5501341819763184 0.1339573860168457 80923 0
0.5414621829986572 0.14766454696655273 82977 0
0.546485424041748 0.15884661674499512 81212 0
0.5393028259277344 0.13469409942626953 82728 0
0.48166704177856445 0.16115617752075195 83664 0
0.5239818096160889 0.1689770221710205 83050 0
0.5318291187286377 0.13566994667053223 80126 0
0.5272812843322754 0.1816420555114746 77298 0
0.55214524269104 0.17212867736816406 78856 0
0.545285701751709 0.14723706245422363 77488 0
0.5273668766021729 0.12275934219360352 69118 0
0.5225353240966797 0.14520931243896484 77624 0
0.518035888671875 0.20294666290283203 78768 0
0.5553779602050781 0.19067859649658203 77896 0
0.5243082046508789 0.13465476036071777 75706 0
0.5267758369445801 0.16167998313903809 76768 0
0.5421142578125 0.15224862098693848 79670 0
0.5317394733428955 0.1851792335510254 79401 0
0.5322177410125732 0.1832563877105713 78460 0
0.5295455455780029 0.1496565341949463 79225 0
0.5075228214263916 0.14846014976501465 76865 0
0.5365197658538818 0.14945626258850098 76329 0
0.5519206523895264 0.19957590103149414 76813 0
0.5237228870391846 0.18668174743652344 75652 0
0.537783145904541 0.15699148178100586 75733 0
0.5169920921325684 0.21775460243225098 76407 0
0.5347881317138672 0.16203522682189941 76445 0
0.5398199558258057 0.1611921787261963 78787 0
0.5231752395629883 0.18074321746826172 80008 0
0.5336055755615234 0.15009117126464844 78537 0
0.5246286392211914 0.198472261428833 77774 0
0.5181212425231934 0.19386935234069824 78759 0
0.5368227958679199 0.1783900260925293 76956 0
0.5340607166290283 0.1846013069152832 76663 0
0.5340218544006348 0.1986379623413086 76752 0
0.552037239074707 0.200850248336792 77116 0
0.5290732383728027 0.15088510513305664 76510 0
0.5142650604248047 0.1445155143737793 74876 0
0.5252196788787842 0.16000032424926758 77482 0
0.516242504119873 0.19171953201293945 75781 0
0.5228028297424316 0.14435172080993652 67856 0
0.5556004047393799 0.17723846435546875 75509 0
0.5228438377380371 0.14288544654846191 78463 0
0.47635388374328613 0.1425774097442627 77781 0
0.5225083827972412 0.13604235649108887 75786 0
0.5002572536468506 0.14126229286193848 78011 0
0.5253579616546631 0.15496373176574707 77419 0
0.5334069728851318 0.12069416046142578 75541 0
0.5540807247161865 0.1329948902130127 80136 0
0.5340821743011475 0.16840600967407227 79363 0
0.5347650051116943 0.14061260223388672 68522 0
0.5278646945953369 0.14560437202453613 78007 0
0.5317971706390381 0.18254828453063965 80345 0
0.5081980228424072 0.16121578216552734 79529 0
0.5409829616546631 0.1732044219970703 78025 0
0.5218174457550049 0.16752052307128906 80368 0
0.5217692852020264 0.1398172378540039 81303 0
0.528022050857544 0.14590096473693848 81694 0
0.5534820556640625 0.13632869720458984 81974 0
0.5228312015533447 0.1867666244506836 80487 0
0.5284473896026611 0.16471242904663086 80174 0
0.5431857109069824 0.12769460678100586 80318 0
0.5559713840484619 0.13658976554870605 81008 0
0.5239245891571045 0.12233710289001465 82469 0
0.5482678413391113 0.1836869716644287 81605 0
0.5124197006225586 0.15207624435424805 80610 0
0.5095114707946777 0.20909428596496582 76477 0
0.5481476783752441 0.14652228355407715 78345 0
0.5523643493652344 0.19652843475341797 82682 0
0.5481083393096924 0.2114861011505127 82371 0
0.5260038375854492 0.14853978157043457 83077 0
0.5398061275482178 0.13100838661193848 83835 0
0.535977840423584 0.16820359230041504 81414 0
0.5198535919189453 0.15191936492919922 81455 0
0.5191397666931152 0.16401934623718262 82366 0
0.5133421421051025 0.14035463333129883 81183 0
0.5221579074859619 0.15417933464050293 80533 0
0.4985799789428711 0.14267516136169434 79785 0
0.5469493865966797 0.17792201042175293 81327 0
0.5259511470794678 0.1906442642211914 80149 0
0.5386288166046143 0.14660000801086426 82797 0
0.5364212989807129 0.18974566459655762 80351 0
0.5287830829620361 0.18218445777893066 81698 0
0.5279312133789062 0.1368398666381836 81400 0
0.5319290161132812 0.17786598205566406 79832 0
0.5501708984375 0.18413877487182617 80546 0
0.509528636932373 0.2177588939666748 76569 0
0.5410940647125244 0.14650273323059082 80407 0
0.5491058826446533 0.13720273971557617 80130 0
0.5253548622131348 0.15733981132507324 69767 0
0.5313072204589844 0.18125462532043457 79936 0
0.5339672565460205 0.18705034255981445 80145 0
0.5285358428955078 0.14556527137756348 79859 0
0.5296049118041992 0.18616080284118652 78657 0
0.522958517074585 0.19765877723693848 78922 0
0.5195126533508301 0.15170598030090332 82783 0
0.5453605651855469 0.15481829643249512 81525 0
0.5390241146087646 0.14518499374389648 83200 0
0.5370101928710938 0.1847376823425293 83379 0
0.5327537059783936 0.13614892959594727 80728 0
0.5365333557128906 0.19265508651733398 82222 0
0.5374400615692139 0.13917779922485352 80581 0
0.5473253726959229 0.1340796947479248 81414 0
0.5513412952423096 0.15573620796203613 81243 0
0.4950416088104248 0.14711666107177734 80681 0
0.5445337295532227 0.17494869232177734 80626 0
0.5416975021362305 0.14760947227478027 83381 0
0.4952535629272461 0.13670897483825684 84013 0
0.5216302871704102 0.18381810188293457 81593 0
0.5398890972137451 0.14411139488220215 83325 0
0.5409836769104004 0.15921616554260254 81541 0
0.5316805839538574 0.13056516647338867 81726 0
0.5233330726623535 0.17618107795715332 81068 0
0.5372953414916992 0.18984079360961914 82581 0
0.5419209003448486 0.13134384155273438 98036 0
0.5494515895843506 0.17609286308288574 101523 0
0.5338084697723389 0.13400888442993164 102496 0
0.5492849349975586 0.18865656852722168 102277 0
0.5398204326629639 0.14123225212097168 102482 0
0.5358142852783203 0.1906287670135498 102117 0
0.5386185646057129 0.16116666793823242 103392 0
0.5082511901855469 0.1566755771636963 101935 0
0.5281624794006348 0.21153569221496582 104026 0
0.5526669025421143 0.14122724533081055 103553 0
0.5430495738983154 0.14655017852783203 101046 0
0.5656599998474121 0.16520285606384277 104872 0
0.5363736152648926 0.1392042636871338 102295 0
0.5518183708190918 0.14705777168273926 102419 0
0.5333280563354492 0.20853877067565918 103502 0
0.5267150402069092 0.17076945304870605 102508 0
0.534442663192749 0.13094449043273926 103451 0
0.5443978309631348 0.19497203826904297 102187 0
0.5590243339538574 0.1553173065185547 95660 0
0.5379085540771484 0.20359206199645996 102622 0
0.5303475856781006 0.12944388389587402 103145 0
0.5371043682098389 0.1463911533355713 104064 0
0.5304653644561768 0.12193608283996582 104051 0
0.5261349678039551 0.18187475204467773 103961 0
0.5363495349884033 0.19017338752746582 104917 0
0.5641062259674072 0.2025468349456787 103695 0
0.5561842918395996 0.21723151206970215 104570 0
0.5339667797088623 0.19789528846740723 104490 0
0.5301210880279541 0.17806482315063477 93470 0
0.5447571277618408 0.1652998924255371 103283 0
0.5349018573760986 0.13643383979797363 103559 0
0.5553300380706787 0.19332647323608398 105134 0
0.5630605220794678 0.14563417434692383 105665 0
0.518639326095581 0.13888001441955566 106850 0
0.535369873046875 0.1885068416595459 107408 0
0.5398561954498291 0.1504361629486084 107476 0
0.5557572841644287 0.14546442031860352 107093 0
0.5539021492004395 0.14345359802246094 107498 0
0.5264272689819336 0.1768190860748291 103572 0
0.5723145008087158 0.21235346794128418 106943 0
0.555279016494751 0.15670299530029297 106525 0
0.5499317646026611 0.12753057479858398 106040 0
0.534191370010376 0.1754915714263916 107858 0
0.5534336566925049 0.19015097618103027 106517 0
0.530106782913208 0.15894722938537598 106115 0
0.5309443473815918 0.18113064765930176 106878 0
0.5279817581176758 0.15342974662780762 106584 0
0.537184476852417 0.1965165138244629 108532 0
0.5676600933074951 0.13662338256835938 100551 0
0.5312113761901855 0.14812803268432617 107654 0
0.5280425548553467 0.14913535118103027 109360 0
0.526069164276123 0.20011472702026367 109153 0
0.5328831672668457 0.2174978256225586 107682 0
0.546860933303833 0.1926426887512207 107339 0
0.5396146774291992 0.18124914169311523 107696 0
0.5502364635467529 0.13595843315124512 103806 0
0.5375397205352783 0.12253999710083008 107110 0
0.5714471340179443 0.14683938026428223 109643 0
0.5574591159820557 0.18904709815979004 95215 0
0.5383470058441162 0.13556385040283203 107442 0
0.5436553955078125 0.20404529571533203 106145 0
0.5420184135437012 0.18547821044921875 105622 0
0.5388801097869873 0.1747903823852539 109883 0
0.5410425662994385 0.14617347717285156 109092 0
0.5442547798156738 0.15779566764831543 105802 0
0.5562572479248047 0.17789673805236816 110814 0
0.5574619770050049 0.14423894882202148 109848 0
0.5536260604858398 0.18002557754516602 109353 0
0.5484981536865234 0.14487409591674805 109006 0
0.5385522842407227 0.17667937278747559 107675 0
0.5531752109527588 0.15983033180236816 105754 0
0.5409820079803467 0.1743323802947998 108034 0
0.5677957534790039 0.13738203048706055 109711 0
0.5384604930877686 0.21430540084838867 108727 0
0.5554423332214355 0.1627354621887207 108849 0
0.5230367183685303 0.17512774467468262 107857 0
0.5365972518920898 0.13668227195739746 110689 0
0.5374641418457031 0.1622765064239502 108457 0
0.5362224578857422 0.17861390113830566 102411 0
0.5441586971282959 0.16674423217773438 108029 0
0.5323591232299805 0.13746213912963867 108163 0
0.5067200660705566 0.16082286834716797 108049 0
0.5361692905426025 0.1665048599243164 106496 0
0.539825439453125 0.1394813060760498 107035 0
0.5650334358215332 0.13435029983520508 106482 0
0.5428600311279297 0.2271432876586914 104117 0
0.5257644653320312 0.15907645225524902 107437 0
0.5533785820007324 0.16715669631958008 107161 0
0.5332837104797363 0.15414214134216309 90197 0
0.5377919673919678 0.14251923561096191 102649 0
0.5383162498474121 0.14447903633117676 101625 0
0.5497004985809326 0.16117072105407715 98513 0
0.543062686920166 0.18993544578552246 102403 0
0.5297963619232178 0.13022398948669434 102441 0
0.5436079502105713 0.1476426124572754 101577 0
0.5518712997436523 0.13303279876708984 102793 0
0.5414156913757324 0.13853001594543457 104423 0
0.5439674854278564 0.14089536666870117 102610 0
0.5479085445404053 0.18837571144104004 99217 0
0.5409059524536133 0.14829254150390625 101479 0
0.5356378555297852 0.14401912689208984 94211 0
0.5307521820068359 0.19380664825439453 99257 0
0.5637118816375732 0.12728619575500488 101078 0
0.5360107421875 0.1690657138824463 100480 0
0.56083083152771 0.20240044593811035 99391 0
0.5337827205657959 0.1319875717163086 99359 0
0.5564141273498535 0.21789240837097168 98961 0
0.5220749378204346 0.20988726615905762 98687 0
0.5502097606658936 0.14621877670288086 95172 0
0.5494766235351562 0.13489007949829102 99214 0
0.5615031719207764 0.17289972305297852 101222 0
0.5442326068878174 0.14677834510803223 101854 0
0.5325040817260742 0.17347025871276855 100863 0
0.5294597148895264 0.14610648155212402 101386 0
0.5526690483093262 0.19696474075317383 101948 0
0.5434904098510742 0.15763020515441895 97145 0
0.5374953746795654 0.1483440399169922 99140 0
0.559833288192749 0.205949068069458 99596 0
0.5373744964599609 0.15095949172973633 85232 0
0.5557653903961182 0.15943360328674316 99881 0
0.5323126316070557 0.1432814598083496 96002 0
0.5331394672393799 0.1454918384552002 95979 0
0.541588306427002 0.17369747161865234 100698 0
0.5595896244049072 0.14435863494873047 98886 0
0.5481212139129639 0.15104007720947266 97830 0
0.5472373962402344 0.20410513877868652 100573 0
0.5413236618041992 0.14758825302124023 100918 0
0.5477023124694824 0.14023995399475098 101278 0
0.5486354827880859 0.14331388473510742 101693 0
0.5294294357299805 0.1579451560974121 100813 0
0.556694746017456 0.13796591758728027 95274 0
0.54097580909729 0.19861531257629395 101255 0
0.530705451965332 0.176499605178833 101234 0
0.5552637577056885 0.14362835884094238 101135 0
0.5443706512451172 0.16220736503601074 100624 0
0.5403115749359131 0.19713258743286133 100755 0
0.5511255264282227 0.13787460327148438 100513 0
0.5435340404510498 0.14391517639160156 100351 0
0.5406622886657715 0.14444351196289062 94808 0
0.5252847671508789 0.17467308044433594 99555 0
0.5335628986358643 0.20043110847473145 101073 0
0.5427265167236328 0.13700580596923828 100326 0
0.5529611110687256 0.1523418426513672 100362 0
0.5251188278198242 0.18062877655029297 100416 0
0.5428612232208252 0.18331646919250488 99566 0
0.5420339107513428 0.17376208305358887 96800 0
0.5645256042480469 0.13986921310424805 99980 0
0.5324766635894775 0.15118861198425293 98889 0
0.5374672412872314 0.18956923484802246 84919 0
0.554499626159668 0.19162964820861816 97543 0
0.5459914207458496 0.19455671310424805 92990 0
0.5417470932006836 0.16875863075256348 95230 0
0.5200426578521729 0.18189358711242676 97754 0
0.5600428581237793 0.15460467338562012 99184 0
0.5255298614501953 0.1579587459564209 97194 0
0.5239725112915039 0.14420318603515625 100329 0
0.5486109256744385 0.14260363578796387 99925 0
0.5364542007446289 0.1613020896911621 99200 0
0.4993722438812256 0.18201279640197754 99291 0
0.5247278213500977 0.14633750915527344 99042 0
0.524914026260376 0.14112544059753418 93526 0
0.52349853515625 0.1465163230895996 100057 0
0.54817795753479 0.1510007381439209 99440 0
0.5245599746704102 0.20296907424926758 99133 0
0.5397453308105469 0.17926359176635742 99255 0
0.5406348705291748 0.14725804328918457 99524 0
0.5350441932678223 0.17296051979064941 99334 0
0.5340924263000488 0.20963430404663086 98864 0
0.5204176902770996 0.20864152908325195 92026 0
0.5620625019073486 0.17464971542358398 99210 0
0.5478842258453369 0.1815946102142334 99837 0
0.5287284851074219 0.14222025871276855 100135 0
0.5688726902008057 0.13785290718078613 99243 0
0.5417807102203369 0.13631248474121094 99607 0
0.5341155529022217 0.162092924118042 98951 0
0.5343539714813232 0.19456028938293457 94971 0
0.5511670112609863 0.19536089897155762 98633 0
0.54953932762146 0.15034842491149902 98663 0
0.5659377574920654 0.16961002349853516 87550 0
0.5275893211364746 0.14366388320922852 98023 0
0.5199792385101318 0.19021177291870117 91959 0
0.5247516632080078 0.16369938850402832 98353 0
0.5284450054168701 0.14076924324035645 98373 0
0.5319638252258301 0.13953709602355957 99406 0
0.5342257022857666 0.15613770484924316 98731 0
0.523291826248169 0.16915392875671387 100316 0
0.5087523460388184 0.14899587631225586 99909 0
0.5327024459838867 0.15451788902282715 100717 0
0.5254776477813721 0.18373417854309082 100619 0
0.5359818935394287 0.1452798843383789 99796 0
0.5411694049835205 0.18317961692810059 94973 0
0.53928542137146 0.13382720947265625 99809 0
0.5128288269042969 0.14040493965148926 100426 0
0.5189604759216309 0.16640949249267578 101256 0
0.534276008605957 0.15835905075073242 100823 0
0.5406439304351807 0.13658452033996582 101425 0
0.5374047756195068 0.17438316345214844 99543 0
0.5181686878204346 0.18940258026123047 99508 0
0.521294116973877 0.1764049530029297 95072 0
0.5223331451416016 0.15424656867980957 98251 0
0.5282080173492432 0.1938314437866211 104500 0
0.5171873569488525 0.14285540580749512 104185 0
0.5376322269439697 0.18042659759521484 105818 0
0.5368366241455078 0.1360929012298584 106028 0
0.5477800369262695 0.18838095664978027 106012 0
0.5414383411407471 0.17004013061523438 106018 0
0.5383708477020264 0.19579100608825684 106630 0
0.5057969093322754 0.141585111618042 104538 0
0.5574097633361816 0.16785192489624023 103939 0
0.5373287200927734 0.14661097526550293 106153 0
0.5464069843292236 0.13108229637145996 103445 0
0.5390112400054932 0.19896340370178223 104004 0
0.5618941783905029 0.14200901985168457 105578 0
0.5490508079528809 0.16538739204406738 105359 0
0.5046834945678711 0.12870192527770996 106911 0
0.5672831535339355 0.13772344589233398 106561 0
0.5558366775512695 0.18944478034973145 105541 0
0.5394301414489746 0.15218806266784668 106023 0
0.5355780124664307 0.19359540939331055 105661 0
0.5492584705352783 0.13367867469787598 104070 0
0.5563986301422119 0.14363384246826172 103814 0
0.5156538486480713 0.1405951976776123 103470 0
0.5576431751251221 0.13667893409729004 103716 0
0.5495390892028809 0.1425151824951172 103779 0
0.5428791046142578 0.1851654052734375 103835 0
0.5344259738922119 0.182816743850708 104046 0
0.5457665920257568 0.14158153533935547 103470 0
0.529498815536499 0.20258283615112305 105545 0
0.5444848537445068 0.1709120273590088 105578 0
0.5313456058502197 0.191117525100708 105493 0
0.5100700855255127 0.13904643058776855 104502 0
0.5340654850006104 0.16086030006408691 105436 0
0.5625579357147217 0.15826058387756348 104049 0
0.546466588973999 0.1504054069519043 104304 0
0.5295944213867188 0.2004528045654297 102662 0
0.5330617427825928 0.144242525100708 103898 0
0.5500953197479248 0.1994783878326416 103456 0
0.5403907299041748 0.16285109519958496 105161 0
0.5366203784942627 0.14584779739379883 105391 0
0.5326404571533203 0.21606850624084473 103316 0
0.558232307434082 0.1385040283203125 102932 0
0.5329926013946533 0.20610547065734863 103408 0
0.5373382568359375 0.15457391738891602 103684 0
0.5349740982055664 0.15561747550964355 103020 0
0.5603384971618652 0.15385031700134277 103106 0
0.5555124282836914 0.20962977409362793 102932 0
0.5345971584320068 0.15981769561767578 102059 0
0.5737800598144531 0.17673897743225098 102799 0
0.5168304443359375 0.1499640941619873 104030 0
0.5276012420654297 0.16582107543945312 103310 0
0.5271627902984619 0.13589954376220703 104105 0
0.5188708305358887 0.15095067024230957 104060 0
0.5482237339019775 0.15279841423034668 102823 0
0.5488061904907227 0.1763935089111328 103103 0
0.5279319286346436 0.16893839836120605 102380 0
0.5165712833404541 0.16927886009216309 102269 0
0.5191352367401123 0.15762591361999512 101594 0
0.5382139682769775 0.17494797706604004 101865 0
0.5508484840393066 0.15704917907714844 103484 0
0.5278298854827881 0.1412372589111328 104084 0
0.5522103309631348 0.17495298385620117 102504 0
0.5734634399414062 0.14080524444580078 103678 0
0.5425882339477539 0.17978215217590332 103148 0
0.5614013671875 0.16668248176574707 105235 0
0.5722768306732178 0.15429329872131348 104718 0
0.527163028717041 0.1829383373260498 103670 0
0.5610439777374268 0.1514890193939209 104365 0
0.5479171276092529 0.15691661834716797 104974 0
0.5422947406768799 0.12383747100830078 103790 0
0.5620133876800537 0.1879889965057373 104398 0
0.5517284870147705 0.14716815948486328 102373 0
0.5676062107086182 0.18891429901123047 103543 0
0.5389077663421631 0.20132851600646973 100394 0
0.5485353469848633 0.1582942008972168 105949 0
0.5290176868438721 0.1566932201385498 106151 0
0.563896894454956 0.19908761978149414 105041 0
0.5189595222473145 0.15682363510131836 104944 0
0.5392966270446777 0.13778924942016602 107639 0
0.5419933795928955 0.15417122840881348 106911 0
0.5275275707244873 0.14848995208740234 107778 0
0.5692844390869141 0.1751728057861328 107078 0
0.5099771022796631 0.1439647674560547 107013 0
0.551992654800415 0.12511467933654785 98955 0
0.56746506690979 0.19605493545532227 96492 0
0.5633525848388672 0.1270771026611328 103749 0
0.5504872798919678 0.17131900787353516 108314 0
0.5433955192565918 0.15369296073913574 100694 0
0.5365488529205322 0.14383625984191895 104540 0
0.5239753723144531 0.21328282356262207 99474 0
0.5471477508544922 0.1903231143951416 99656 0
0.5390398502349854 0.1570143699645996 99734 0
0.4761350154876709 0.14895844459533691 101976 0
0.5342216491699219 0.1781914234161377 101985 0
0.5377206802368164 0.17073392868041992 101441 0
0.527968168258667 0.2250974178314209 104517 0
0.5646932125091553 0.14215373992919922 104810 0
0.5474140644073486 0.17437171936035156 96887 0
0.5411202907562256 0.13863849639892578 105935 0
0.528376579284668 0.15493202209472656 103293 0
0.5285735130310059 0.21480321884155273 102499 0
0.5249783992767334 0.1747722625732422 105716 0
0.5479085445404053 0.14719319343566895 106271 0
0.5411019325256348 0.144212007522583 98167 0
0.5621240139007568 0.1372830867767334 106871 0
0.5492246150970459 0.1409618854522705 106991 0
0.5493495464324951 0.1367020606994629 108351 0
0.5391571521759033 0.18621039390563965 107047 0
0.5663187503814697 0.17227768898010254 108851 0
0.5367789268493652 0.15431451797485352 108423 0
0.5399117469787598 0.14379334449768066 109230 0
0.5624651908874512 0.1549971103668213 106725 0
0.5552916526794434 0.1802678108215332 108851 0
0.5371322631835938 0.1771247386932373 110079 0
0.5445601940155029 0.15644025802612305 109483 0
0.5410356521606445 0.19288253784179688 108727 0
0.5578742027282715 0.17796683311462402 107822 0
0.536005973815918 0.19487977027893066 106470 0
0.5275487899780273 0.14406275749206543 107953 0
0.545717716217041 0.18062472343444824 107480 0
0.5242762565612793 0.14347624778747559 106856 0
0.5422995090484619 0.17948174476623535 107105 0
0.5485036373138428 0.14952373504638672 107659 0
0.5434219837188721 0.1254868507385254 107888 0
0.5297694206237793 0.15706205368041992 106152 0
0.5417344570159912 0.16762924194335938 108705 0
0.5344300270080566 0.14226698875427246 109986 0
0.5496213436126709 0.15739989280700684 100196 0
0.5672938823699951 0.1305232048034668 108667 0
0.5585010051727295 0.17702865600585938 105172 0
0.5687532424926758 0.14979815483093262 106387 0
0.5382204055786133 0.1497199535369873 109069 0
0.5407919883728027 0.18865537643432617 109215 0
0.5290842056274414 0.15221691131591797 102978 0
0.52858567237854 0.20086956024169922 109048 0
0.5351841449737549 0.19170522689819336 107877 0
0.5439455509185791 0.1441664695739746 109207 0
0.5503599643707275 0.14038515090942383 107854 0
0.5522925853729248 0.14298057556152344 107415 0
0.5347445011138916 0.19749093055725098 108690 0
0.5165078639984131 0.17492938041687012 108464 0
0.5296347141265869 0.1984257698059082 109968 0
0.5396652221679688 0.13976716995239258 110655 0
0.5463964939117432 0.19274091720581055 110202 0
0.5340242385864258 0.17101216316223145 111735 0
0.5341012477874756 0.13931536674499512 110845 0
0.5368351936340332 0.15509557723999023 111926 0
0.5262482166290283 0.16403985023498535 109333 0
0.5631704330444336 0.14892220497131348 109161 0
0.5708818435668945 0.13429546356201172 108602 0
0.563225269317627 0.13886117935180664 107668 0
0.541710376739502 0.16263413429260254 109954 0
0.5569603443145752 0.19898772239685059 110274 0
0.552332878112793 0.14343595504760742 109451 0
0.5362579822540283 0.17850542068481445 107692 0
0.5349221229553223 0.1510465145111084 110309 0
0.5506143569946289 0.14714479446411133 111725 0
0.5569851398468018 0.14057040214538574 104369 0
0.5462985038757324 0.14970946311950684 111746 0
0.552382230758667 0.1699814796447754 111327 0
0.5306823253631592 0.14792919158935547 109242 0
0.5375659465789795 0.22234845161437988 113134 0
0.5052814483642578 0.1796715259552002 112674 0
0.555288553237915 0.15248417854309082 109261 0
0.5275478363037109 0.14479303359985352 114352 0
0.552112340927124 0.21117830276489258 112968 0
0.5411558151245117 0.12619280815124512 113679 0
0.5368623733520508 0.17728304862976074 111755 0
0.5321235656738281 0.14792633056640625 108775 0
0.5340931415557861 0.1377401351928711 109356 0
0.5197412967681885 0.14784932136535645 107656 0
0.5479612350463867 0.16601896286010742 108177 0
0.5406301021575928 0.18268203735351562 108287 0
0.5680961608886719 0.13536930084228516 107206 0
0.5344278812408447 0.13683581352233887 108257 0
0.5510756969451904 0.15162158012390137 107382 0
0.5452749729156494 0.15843701362609863 105998 0
0.543705940246582 0.17055964469909668 106129 0
0.5338757038116455 0.15434575080871582 105607 0
0.5352814197540283 0.1540374755859375 107738 0
0.5529403686523438 0.21367645263671875 107780 0
0.5434174537658691 0.17706632614135742 107187 0
0.5379760265350342 0.13797783851623535 106452 0
0.5319178104400635 0.18722105026245117 105740 0
0.5436708927154541 0.20399951934814453 108854 0
0.5425152778625488 0.16756653785705566 106896 0
0.554330587387085 0.1386852264404297 106236 0
0.5571253299713135 0.13684439659118652 106098 0
0.5215511322021484 0.18422603607177734 103854 0
0.5348773002624512 0.20766925811767578 104875 0
0.5085494518280029 0.13422846794128418 105333 0
0.5379900932312012 0.1486375331878662 107239 0
0.549349308013916 0.14983916282653809 106596 0
0.5422108173370361 0.14943408966064453 106814 0
0.5487525463104248 0.17917466163635254 106418 0
0.5403015613555908 0.18835854530334473 106224 0
0.5424940586090088 0.17621517181396484 106284 0
