0.2511131763458252 0.01510477066040039 1071193 248316
0.25207948684692383 0.01494288444519043 1071779 248240
0.2580993175506592 0.015492677688598633 1078243 243482
0.26206374168395996 0.015295028686523438 1073551 247002
0.2502624988555908 0.016112804412841797 1077982 243981
0.25505948066711426 0.01619744300842285 1081992 240866
0.25411558151245117 0.015371322631835938 1083483 240011
0.2522265911102295 0.01563549041748047 1082678 240610
0.2590463161468506 0.015260934829711914 1081535 241305
0.2510359287261963 0.01509237289428711 1082094 240978
0.2519214153289795 0.015413284301757812 1073596 246807
0.2612159252166748 0.015987396240234375 1068625 250824
0.2496337890625 0.015271902084350586 1081721 241362
0.25675368309020996 0.015489578247070312 1072706 247738
0.26054883003234863 0.01626300811767578 1023076 279318
0.25556182861328125 0.015557289123535156 1070948 249594
0.2587740421295166 0.015249252319335938 1064527 253682
0.26767730712890625 0.014831781387329102 1056160 259166
0.2617073059082031 0.016319751739501953 1042911 267765
0.25011372566223145 0.01564311981201172 1065669 252820
0.2652125358581543 0.01521444320678711 1064919 253409
0.25359606742858887 0.014294147491455078 1053453 261029
0.25589799880981445 0.01596236228942871 1066408 252433
0.25866198539733887 0.015691280364990234 1076971 244529
0.25855398178100586 0.015765905380249023 1077473 244141
0.25687432289123535 0.014935731887817383 1072934 247561
0.25623083114624023 0.01608419418334961 1054256 260331
0.2525479793548584 0.014462471008300781 1070748 249344
0.2654993534088135 0.016454219818115234 1072689 247970
0.2599673271179199 0.015877246856689453 1061295 255895
0.2562875747680664 0.015199899673461914 1071066 248933
0.25304126739501953 0.015889406204223633 1073725 247155
0.25098657608032227 0.01476144790649414 1066543 252335
0.26088762283325195 0.01616668701171875 1068162 251183
0.2569742202758789 0.015247106552124023 1050949 262462
0.2648921012878418 0.014900922775268555 1073515 247153
0.25638437271118164 0.014631271362304688 1089277 236220
0.24726605415344238 0.014663219451904297 1081287 241435
0.258150577545166 0.015191316604614258 1088179 236777
0.2541935443878174 0.015896081924438477 1073478 246788
0.2651243209838867 0.015331268310546875 1057942 257871
0.24721121788024902 0.014741897583007812 1064656 253418
0.24805641174316406 0.015413999557495117 1080015 242428
0.2499377727508545 0.015511035919189453 1078681 243282
0.2614724636077881 0.015633106231689453 1041043 268677
0.2608659267425537 0.015990018844604492 1075201 245857
0.2617671489715576 0.014711380004882812 1080461 242116
0.25983381271362305 0.015708446502685547 1074088 246594
0.249098539352417 0.015306711196899414 1080316 242256
0.2456817626953125 0.014960050582885742 1079284 243055
0.2551259994506836 0.015255451202392578 1075176 245773
0.25275588035583496 0.015827655792236328 1081095 241835
0.2676694393157959 0.015265703201293945 1079212 243069
0.2562851905822754 0.015488147735595703 1080141 242255
0.2519371509552002 0.015572547912597656 1081145 241735
0.2583591938018799 0.01605510711669922 1081411 241557
0.25475311279296875 0.01630091667175293 1082234 240934
0.26120996475219727 0.016073942184448242 1082636 240806
0.25455474853515625 0.015607833862304688 1082395 240993
0.25699472427368164 0.015560626983642578 1082574 240644
0.2482895851135254 0.017416715621948242 1076879 244742
0.258434534072876 0.01570272445678711 1078121 243598
0.2501046657562256 0.015359163284301758 1076398 244677
0.2562079429626465 0.017498493194580078 1075140 245547
0.2570052146911621 0.016360044479370117 1068480 250766
0.24853277206420898 0.01523900032043457 1076255 244692
0.24953269958496094 0.015479326248168945 1078910 242853
0.2619774341583252 0.015712738037109375 1079039 242743
0.2483675479888916 0.016625642776489258 1078631 243118
0.24603748321533203 0.014404296875 1077941 243597
0.2543478012084961 0.014761686325073242 1073629 246669
0.25548243522644043 0.015439987182617188 1066881 251562
0.2533838748931885 0.0156400203704834 1077059 244022
0.2609121799468994 0.015282869338989258 1072278 247388
0.2707946300506592 0.016355514526367188 1023496 279214
0.26111340522766113 0.01608419418334961 1075930 245035
0.2594139575958252 0.015064716339111328 1073616 246353
0.255526065826416 0.015183210372924805 1066006 252359
0.2631824016571045 0.016165971755981445 1068398 250238
0.2551310062408447 0.015290021896362305 1068547 250231
0.25161194801330566 0.015160560607910156 1076089 244755
0.2538926601409912 0.015251636505126953 1076376 245076
0.2564675807952881 0.015500783920288086 1071564 248247
0.2592430114746094 0.015817880630493164 1071039 248509
0.25701904296875 0.01580023765563965 1076020 245569
0.24905109405517578 0.015253782272338867 1075690 245786
0.25493717193603516 0.015059709548950195 1059275 257392
0.2539520263671875 0.015982627868652344 1076335 245154
0.2572636604309082 0.015228033065795898 1076833 244965
0.2595808506011963 0.015766143798828125 1077793 244247
0.2558290958404541 0.015666723251342773 1074958 246113
0.25447940826416016 0.015918493270874023 1073080 247540
0.24912714958190918 0.015056133270263672 1074154 246684
0.2573418617248535 0.0158841609954834 1065281 253321
0.25203847885131836 0.01539754867553711 1075217 245921
0.258195161819458 0.0156862735748291 1072300 248452
0.2602837085723877 0.015403270721435547 1022240 279888
0.24565982818603516 0.015522480010986328 1075334 245983
0.25842857360839844 0.015839099884033203 1075150 246277
0.256105899810791 0.015110015869140625 1061536 255709
0.24875569343566895 0.015138387680053711 1066434 252342
0.2535717487335205 0.015887737274169922 1070016 250052
0.25865697860717773 0.01600956916809082 1073855 247304
0.25336432456970215 0.015861988067626953 1084359 239465
0.2523527145385742 0.016054630279541016 1081331 241972
0.24945402145385742 0.01502370834350586 1082608 240880
0.2534308433532715 0.014940500259399414 1081208 241770
0.2589902877807617 0.014150619506835938 1085769 238747
0.24749422073364258 0.014966964721679688 1084322 239742
0.2485806941986084 0.015724658966064453 1081867 241305
0.24909210205078125 0.015149593353271484 1082591 240950
0.25815582275390625 0.015981197357177734 1081370 241869
0.24864721298217773 0.015597820281982422 1082028 241388
0.24651122093200684 0.014508485794067383 1082894 240732
0.2605130672454834 0.016118764877319336 1074965 246403
0.2563486099243164 0.01636505126953125 1080167 242714
0.2607440948486328 0.016635656356811523 1054161 260587
0.2634694576263428 0.016323566436767578 1081436 241811
0.2543337345123291 0.01466059684753418 1079931 242861
0.256183385848999 0.01678299903869629 1081826 241504
0.2522726058959961 0.015342473983764648 1076400 245205
0.25837278366088867 0.018935441970825195 1079483 243145
0.2495720386505127 0.014404773712158203 1073401 247711
0.2507784366607666 0.01544332504272461 1068090 251404
0.25711846351623535 0.01601696014404297 1075562 245691
0.2599031925201416 0.015444278717041016 1077278 244615
0.2577192783355713 0.016135692596435547 1029991 275513
0.24907779693603516 0.01500558853149414 1070030 250165
0.2570474147796631 0.014225244522094727 1040007 269487
0.262484073638916 0.015593767166137695 1050075 263102
0.2568387985229492 0.015822172164916992 1055148 259949
0.253842830657959 0.015431404113769531 1060656 256253
0.25956296920776367 0.01448369026184082 1049378 263654
0.2532765865325928 0.015244245529174805 1060933 256088
0.2564535140991211 0.014873266220092773 1068572 251049
0.2556471824645996 0.014931440353393555 1072875 248335
0.2552309036254883 0.0162508487701416 1070468 249800
0.260242223739624 0.014299869537353516 1072808 248302
0.25879502296447754 0.015326499938964844 1068860 250796
0.2589719295501709 0.015209436416625977 1072190 248680
0.2552652359008789 0.01513814926147461 1077384 245182
0.2521936893463135 0.01497507095336914 1078795 243770
0.2510809898376465 0.01488947868347168 1073351 248113
0.25770020484924316 0.01556086540222168 1074560 247202
0.249617338180542 0.015166759490966797 1070769 249583
0.2584688663482666 0.01537775993347168 1082541 241102
0.2534661293029785 0.015772104263305664 1077121 245349
0.25537633895874023 0.016239643096923828 1073018 248437
0.25443387031555176 0.015849828720092773 1063005 254704
0.25675463676452637 0.014409065246582031 1062173 255180
0.255828857421875 0.01606273651123047 1076755 245530
0.24787354469299316 0.015532970428466797 1089791 236140
0.2554664611816406 0.015515327453613281 1085981 238668
0.2625305652618408 0.015752792358398438 1084242 239900
0.2494499683380127 0.015230894088745117 1084315 239938
0.26014089584350586 0.015576601028442383 1074570 247005
0.2525920867919922 0.015642404556274414 1022502 279587
0.26746129989624023 0.0161893367767334 1066229 252629
0.25533008575439453 0.015292644500732422 1070602 249770
0.25615978240966797 0.015312910079956055 1048826 264036
0.2643117904663086 0.015451431274414062 1048675 263983
0.2542269229888916 0.015115737915039062 1052753 261605
0.2593224048614502 0.015130043029785156 1048965 263993
0.2568023204803467 0.01515054702758789 1054015 260971
0.25352978706359863 0.015275955200195312 1066309 252729
0.25351548194885254 0.014945507049560547 1056994 259140
0.2513084411621094 0.015557050704956055 1054496 260508
0.26998186111450195 0.016218185424804688 1071391 249482
0.2565176486968994 0.015328645706176758 1066713 252823
0.25377440452575684 0.016028165817260742 1083351 240976
0.2567741870880127 0.014707565307617188 1064146 254432
0.2560603618621826 0.016104698181152344 1075923 246579
0.25588345527648926 0.0161440372467041 1078618 244604
0.2512094974517822 0.01558542251586914 1081041 242631
0.25512170791625977 0.01572728157043457 1078371 244417
0.2567715644836426 0.014653921127319336 1078899 244200
0.2629976272583008 0.016068696975708008 1062368 255348
0.2538149356842041 0.015622377395629883 1082938 241005
0.24775242805480957 0.015233039855957031 1084254 239990
0.2521982192993164 0.01515054702758789 1083533 240613
0.253262996673584 0.015505075454711914 1077209 244834
0.25846099853515625 0.015819072723388672 1075601 246020
0.25755906105041504 0.015398025512695312 1077152 244867
0.24786591529846191 0.01517486572265625 1065751 252999
0.2639288902282715 0.016402721405029297 1076057 245528
0.2485048770904541 0.015096187591552734 1075873 245919
0.27369165420532227 0.016217708587646484 1026837 277037
0.26202893257141113 0.016281843185424805 1079201 243506
0.25690722465515137 0.015926122665405273 1080126 242647
0.2569539546966553 0.01528167724609375 1064190 254022
0.263164758682251 0.01630568504333496 1072439 248450
0.2599167823791504 0.015486955642700195 1073452 247510
0.24429059028625488 0.014766454696655273 1075729 245815
0.25061631202697754 0.015056610107421875 1079814 242729
0.25508594512939453 0.016410350799560547 1077131 244489
0.2637636661529541 0.01597285270690918 1075730 245501
0.26024580001831055 0.015396833419799805 1076882 244641
0.26374268531799316 0.014497995376586914 1079916 242722
0.24990177154541016 0.0160067081451416 1080794 241981
0.2625443935394287 0.01573657989501953 1077915 244088
0.24877500534057617 0.015182971954345703 1075180 247591
0.26645994186401367 0.015227317810058594 1039542 272038
0.25966835021972656 0.014629602432250977 1026163 280492
0.2566049098968506 0.015141725540161133 1031555 276888
0.25093746185302734 0.01467275619506836 1028982 278746
0.25340795516967773 0.01532125473022461 1032132 276509
0.2561972141265869 0.01542043685913086 1032883 276075
0.26406073570251465 0.015119791030883789 1036670 273810
0.2734208106994629 0.01641988754272461 1043056 269869
0.26384472846984863 0.015921592712402344 1040853 271151
0.2679941654205322 0.015902996063232422 1032456 276385
0.27156496047973633 0.016563892364501953 1037795 273062
0.262570858001709 0.01625847816467285 1038176 272743
0.26317524909973145 0.016022920608520508 1032653 276352
0.2554588317871094 0.01459360122680664 1034700 275009
0.2557651996612549 0.015945911407470703 1030657 277341
0.26024818420410156 0.01547384262084961 1031279 277116
0.2539968490600586 0.015570878982543945 1006713 291714
0.26644325256347656 0.014659643173217773 1033261 275721
0.2546217441558838 0.015796661376953125 1035152 274559
0.2550489902496338 0.015482902526855469 1035241 274607
0.25649118423461914 0.016374588012695312 1035360 274306
0.2575681209564209 0.016011714935302734 1034765 274664
0.2600069046020508 0.015113353729248047 1035109 274401
0.25817322731018066 0.015616655349731445 1036287 273824
0.26670241355895996 0.016034841537475586 1033858 275373
0.2541203498840332 0.015923500061035156 1034392 275093
0.25533032417297363 0.01585245132446289 1033764 275490
0.26441526412963867 0.015644311904907227 1031666 276668
0.25594353675842285 0.015421152114868164 1033998 275442
0.26633358001708984 0.015944719314575195 1030836 277248
0.25698065757751465 0.015697956085205078 1033076 276003
0.2606475353240967 0.015821456909179688 1033795 275520
0.2601332664489746 0.01588129997253418 1034901 274821
0.25594472885131836 0.014829874038696289 1038299 272689
0.259429931640625 0.015552282333374023 1036173 273801
0.25375890731811523 0.01533055305480957 1036019 274038
0.25759220123291016 0.015269756317138672 1034425 275094
0.26105308532714844 0.015388727188110352 1033969 275366
0.25548720359802246 0.016267776489257812 1034725 274865
0.263256311416626 0.015337705612182617 1032698 276095
0.26630163192749023 0.01581597328186035 1034829 274719
0.26413702964782715 0.015702247619628906 1037639 273099
0.2618556022644043 0.01512002944946289 1036738 273533
0.2570374011993408 0.016138076782226562 1038717 272236
0.2706451416015625 0.01647472381591797 1035561 274218
0.26737046241760254 0.016531705856323242 1036372 273848
0.2701835632324219 0.015811443328857422 1006629 291589
0.2532777786254883 0.018291711807250977 1035457 274302
0.2536628246307373 0.015750885009765625 1035584 274160
0.26277947425842285 0.015680789947509766 1036986 273281
0.25366878509521484 0.014989137649536133 1038378 272594
0.2554783821105957 0.015376806259155273 1038643 272305
0.26120877265930176 0.016705036163330078 1038794 272173
0.25931882858276367 0.014477252960205078 1039630 271735
0.2597846984863281 0.015355587005615234 1038076 272820
0.26032066345214844 0.017002105712890625 1038539 272327
0.2574167251586914 0.014838695526123047 1036086 273918
0.26224231719970703 0.014577150344848633 1032451 276122
0.2551698684692383 0.01507425308227539 1032915 275890
0.2600576877593994 0.016553878784179688 1032995 275919
0.25396251678466797 0.0151214599609375 1035314 274390
0.25764012336730957 0.015331506729125977 1039237 272120
0.25773072242736816 0.016115665435791016 1038307 272747
0.2640104293823242 0.015108823776245117 1041879 270479
0.26277971267700195 0.01523900032043457 1039559 271777
0.263094425201416 0.01575469970703125 1042058 270266
0.2629578113555908 0.01632547378540039 1041208 270665
0.2675039768218994 0.016930341720581055 1042849 269577
0.25350356101989746 0.015145540237426758 1042978 269600
0.2563340663909912 0.0192263126373291 1038361 272474
0.2575535774230957 0.015633344650268555 1040139 271429
0.2603468894958496 0.015551567077636719 1040499 271111
0.25536155700683594 0.015317201614379883 1061651 257092
0.25759005546569824 0.01561737060546875 1059929 258642
0.253922700881958 0.015311241149902344 1042222 270374
0.24831128120422363 0.015202999114990234 1082232 243519
0.27065253257751465 0.016016244888305664 1066471 253665
0.24982714653015137 0.015297889709472656 1080365 244620
0.25241780281066895 0.015967607498168945 1069590 251499
0.25130796432495117 0.015416145324707031 1060217 258498
0.2624635696411133 0.016267776489257812 1063976 255463
0.2617003917694092 0.01565098762512207 1065144 254536
0.2536025047302246 0.01602339744567871 1062271 256728
0.2570972442626953 0.015520095825195312 1060743 258335
0.2523343563079834 0.015321969985961914 1056257 261213
0.2731146812438965 0.016712665557861328 1041176 270885
0.25978922843933105 0.016119718551635742 1041945 270490
0.258059024810791 0.01601123809814453 1026957 279904
0.26062679290771484 0.016231536865234375 1036496 274056
0.26131582260131836 0.014412164688110352 1038205 272838
0.2526226043701172 0.014839410781860352 1033377 275910
0.2550227642059326 0.015651226043701172 1031567 276987
0.2696082592010498 0.016637802124023438 1036471 274030
0.2655463218688965 0.015556097030639648 1034986 274962
0.25377655029296875 0.01661086082458496 1036213 274165
0.2599039077758789 0.01592087745666504 1037153 273359
0.2557961940765381 0.014892816543579102 1039740 271910
0.25729823112487793 0.014937877655029297 1040476 271388
0.26573801040649414 0.01565837860107422 996400 298351
0.265610933303833 0.016303539276123047 1038382 272612
0.25525760650634766 0.014998912811279297 1041395 270750
0.2640547752380371 0.015981435775756836 1032951 276073
0.26119494438171387 0.01622319221496582 1041439 270725
0.26198720932006836 0.015329360961914062 1041778 270461
0.2583580017089844 0.014768362045288086 1040159 271414
0.26082634925842285 0.015253305435180664 1043754 269166
0.2678236961364746 0.015357732772827148 1040661 271077
0.2655184268951416 0.015267372131347656 1039360 271862
0.2623133659362793 0.01593613624572754 1038706 272398
0.2563517093658447 0.015669822692871094 1036054 273986
0.2722015380859375 0.016405820846557617 1038315 272627
0.2632637023925781 0.015167474746704102 1038579 272396
0.2540314197540283 0.01518869400024414 1041557 270646
0.24994492530822754 0.016420602798461914 1042814 269836
0.25923991203308105 0.015472888946533203 1044331 268823
0.2692122459411621 0.01572704315185547 1040705 271191
0.26097750663757324 0.015140533447265625 1039863 271807
0.2610762119293213 0.016332387924194336 1040973 271057
0.262692928314209 0.015097379684448242 1038275 272692
0.2618718147277832 0.015138626098632812 1036772 273600
0.2601048946380615 0.01613140106201172 1039867 271621
0.2599782943725586 0.015328407287597656 1038804 272337
0.25884461402893066 0.015652894973754883 1040598 271279
0.25812649726867676 0.015533685684204102 1041296 270825
0.2572822570800781 0.016119956970214844 1039062 272264
0.25955867767333984 0.015609979629516602 1036364 273885
0.2557713985443115 0.015932321548461914 1044724 268384
0.26681995391845703 0.01626420021057129 1043388 269319
0.2565762996673584 0.015463829040527344 998159 297133
0.25557518005371094 0.01507568359375 1040808 270979
0.2608017921447754 0.0157468318939209 1047862 266465
0.25803446769714355 0.015920162200927734 1032674 276287
0.2598106861114502 0.015616416931152344 1048600 266072
0.251018762588501 0.01550912857055664 1046633 267419
0.2574734687805176 0.016716957092285156 1039403 271834
0.25132298469543457 0.015178918838500977 1047882 266431
0.2544972896575928 0.015742063522338867 1046394 267394
0.26289987564086914 0.015680551528930664 1046372 267361
0.2609684467315674 0.015266895294189453 1044477 268407
0.2575705051422119 0.015419244766235352 1041070 270950
0.25192785263061523 0.015304327011108398 1046175 267573
0.2596249580383301 0.01593017578125 1040912 270761
0.2581627368927002 0.014414787292480469 1044739 268564
0.2565042972564697 0.015092134475708008 1045339 268202
0.2634735107421875 0.015614032745361328 1046648 267322
0.2657754421234131 0.01556849479675293 1049064 265744
0.2550678253173828 0.01580667495727539 1045549 267854
0.26392269134521484 0.015679121017456055 1046128 267524
0.25586819648742676 0.01751232147216797 1044932 268366
0.25969505310058594 0.01605057716369629 1041117 270777
0.2515583038330078 0.01451730728149414 1046490 267507
0.26070356369018555 0.015161514282226562 1041784 270446
0.2636137008666992 0.015378236770629883 1044815 268400
0.26715874671936035 0.016350507736206055 1046199 267654
0.26742076873779297 0.015404939651489258 1041668 270602
0.25403523445129395 0.015303373336791992 1037007 273384
0.2671504020690918 0.015666723251342773 1049947 264990
0.2574195861816406 0.015307903289794922 1049566 265375
0.26250171661376953 0.01655125617980957 996096 297978
0.2616763114929199 0.01577019691467285 1038313 272432
0.25524473190307617 0.01553034782409668 1045437 267976
0.2610633373260498 0.01619863510131836 1029628 277982
0.25388479232788086 0.016805410385131836 1044352 268902
0.25508975982666016 0.016364336013793945 1047450 266785
0.2627542018890381 0.015397071838378906 1010516 289419
0.2605445384979248 0.015488147735595703 989831 302937
0.2537233829498291 0.015622138977050781 1035062 274882
0.25311946868896484 0.01625347137451172 1043349 269536
0.26048994064331055 0.015229940414428711 1050710 264876
0.27163171768188477 0.015584707260131836 1047236 267323
0.2558455467224121 0.01648736000061035 1047666 266935
0.2523458003997803 0.01618814468383789 1048764 266241
0.2545621395111084 0.015472412109375 1044676 268969
0.2664623260498047 0.01499485969543457 1038827 272626
0.2599446773529053 0.01582169532775879 996423 298721
0.25632762908935547 0.016681432723999023 994386 300198
0.25862646102905273 0.015366077423095703 1040404 271928
0.26043105125427246 0.014361143112182617 1045046 269054
0.2549772262573242 0.015499114990234375 1037348 273995
0.27160024642944336 0.01624894142150879 1039610 272653
0.2565944194793701 0.01524043083190918 1040258 272193
0.25943446159362793 0.01650071144104004 1038916 273126
0.2560386657714844 0.015341997146606445 1042556 270891
0.25536131858825684 0.015082836151123047 1043436 270158
0.2624545097351074 0.015729427337646484 1041863 271076
0.260408878326416 0.01580524444580078 1035957 274873
0.25221967697143555 0.015110015869140625 1042704 270486
0.25585389137268066 0.015586376190185547 1041714 271168
0.2560760974884033 0.01566338539123535 1012948 288812
0.26160597801208496 0.014530658721923828 1038982 273043
0.25316739082336426 0.015431404113769531 1038268 273508
0.2738606929779053 0.016457319259643555 1037580 273795
0.262378454208374 0.01582789421081543 1041056 271636
0.25470685958862305 0.015553474426269531 1039634 272489
0.2541184425354004 0.0159912109375 1038100 273524
0.2609670162200928 0.015249252319335938 1035160 275446
0.2638111114501953 0.016711711883544922 1041163 271574
0.26166534423828125 0.016188621520996094 1040679 271798
0.2675938606262207 0.01589679718017578 1035882 274726
0.2589595317840576 0.015037059783935547 1038333 268794
0.25641751289367676 0.015216588973999023 1035691 270516
0.2603764533996582 0.016171932220458984 1036370 269006
0.25154829025268555 0.01577305793762207 1034873 270182
0.2673487663269043 0.01590132713317871 1039221 267245
0.2530782222747803 0.015829801559448242 1039821 267123
0.2633671760559082 0.015797138214111328 1034926 270812
0.2594747543334961 0.015624046325683594 1028093 274775
0.2510838508605957 0.015507221221923828 1034848 271166
0.25646352767944336 0.015247821807861328 1029300 274563
0.25517868995666504 0.01541590690612793 992356 297276
0.26124143600463867 0.015159368515014648 1029373 274608
0.2570762634277344 0.01530003547668457 1030327 273823
0.2523610591888428 0.016019105911254883 1034076 270746
0.2587742805480957 0.015529155731201172 1025878 275900
0.25034284591674805 0.015001296997070312 1028635 273821
0.2561964988708496 0.016246318817138672 1030526 272522
0.25319933891296387 0.015909910202026367 1026898 274818
0.25963640213012695 0.015363216400146484 1027469 274497
0.26248598098754883 0.014858484268188477 1029802 273119
0.2558279037475586 0.015581369400024414 1028548 273742
0.2564964294433594 0.015552520751953125 1029042 273405
0.2587010860443115 0.015432357788085938 1030557 272531
0.26203203201293945 0.014337301254272461 1025859 275390
0.26659703254699707 0.015518426895141602 1028393 273852
0.2620699405670166 0.015511512756347656 1030336 272758
0.2677745819091797 0.0166471004486084 1027379 273917
0.2529416084289551 0.016043901443481445 1029001 273345
0.2666022777557373 0.01598191261291504 1030823 272917
0.2572016716003418 0.017423629760742188 1030080 272673
0.2549877166748047 0.01602792739868164 1031748 272591
0.26450490951538086 0.015471458435058594 1032211 271552
0.25588512420654297 0.015805482864379883 1032528 271940
0.2586643695831299 0.01598215103149414 1032470 271903
0.253342866897583 0.015951871871948242 1033802 271302
0.25226759910583496 0.015370368957519531 1032243 272143
0.26782965660095215 0.016245603561401367 1034054 271090
0.2616713047027588 0.01579141616821289 1026157 275974
0.25537610054016113 0.015391111373901367 1031156 273637
0.25506067276000977 0.015698909759521484 1030946 273669
0.2545297145843506 0.01536107063293457 992396 298105
0.26366639137268066 0.015717744827270508 1028422 275407
0.25329089164733887 0.015367507934570312 1031025 273605
0.2626230716705322 0.015946388244628906 1033879 271819
0.25565576553344727 0.015169382095336914 1029165 275106
0.2540137767791748 0.015732765197753906 1030674 274114
0.26349687576293945 0.01509547233581543 1032930 272596
0.25160765647888184 0.015448331832885742 1030676 273919
0.25570201873779297 0.015595436096191406 1030840 273771
0.2564401626586914 0.015790462493896484 1033646 271917
0.2651515007019043 0.015882492065429688 1030038 274561
0.25151777267456055 0.01536870002746582 1029632 274684
0.2620062828063965 0.015906810760498047 1030664 274016
0.26542162895202637 0.01703047752380371 1029110 275083
0.2567272186279297 0.01597452163696289 1029009 275303
0.26606249809265137 0.01627802848815918 1029662 274623
0.2513246536254883 0.01528024673461914 1027652 276054
0.2532927989959717 0.015543222427368164 1026789 276695
0.25490760803222656 0.015076160430908203 1029281 274686
0.25846099853515625 0.015168428421020508 1028488 275488
0.24988126754760742 0.015438079833984375 1029838 274682
0.25531697273254395 0.014772415161132812 1030905 273841
0.2647840976715088 0.015633344650268555 1028875 274813
0.2577779293060303 0.015564680099487305 1028492 275074
0.2650306224822998 0.015311717987060547 1030884 273545
0.25655555725097656 0.015426874160766602 1028767 274966
0.2554967403411865 0.01672649383544922 1029690 274299
0.25653719902038574 0.01610088348388672 1022999 278768
0.2665426731109619 0.01605391502380371 1027922 275707
0.2543020248413086 0.01523137092590332 1026303 276696
0.2632746696472168 0.015807151794433594 987412 301103
0.25607728958129883 0.015754222869873047 1023082 278752
0.2544898986816406 0.01594400405883789 1027020 276237
0.25380539894104004 0.01547384262084961 1029019 274843
0.2573051452636719 0.014809846878051758 1025418 277236
0.27027344703674316 0.015488147735595703 1028611 275069
0.2597315311431885 0.015390396118164062 1031990 272941
0.2627253532409668 0.016417741775512695 1032795 272420
0.2523996829986572 0.01552128791809082 1032923 272464
0.2561533451080322 0.014662981033325195 1031222 273363
0.2597649097442627 0.015842914581298828 1028939 274961
0.26189637184143066 0.015816450119018555 1028450 275323
0.26474881172180176 0.016326904296875 1026940 276304
0.25504541397094727 0.015367984771728516 1027829 275445
0.26170849800109863 0.01531982421875 1029672 274760
0.2620377540588379 0.016061067581176758 1029558 274644
0.25131845474243164 0.015047073364257812 1018121 281500
0.26514267921447754 0.015320062637329102 1017394 281897
0.2552955150604248 0.015125036239624023 1021570 279331
0.27130818367004395 0.015794992446899414 1027910 275386
0.2632577419281006 0.015055418014526367 1027206 275546
0.2620999813079834 0.01536870002746582 1030599 273584
0.2647991180419922 0.014963865280151367 1035110 270671
0.2551455497741699 0.015800952911376953 1036548 269920
0.2698094844818115 0.02046489715576172 1036012 270118
0.25887560844421387 0.017709016799926758 1036642 269660
0.25743818283081055 0.015598297119140625 1026095 276512
0.2542409896850586 0.015157938003540039 1016588 282464
0.2651650905609131 0.01557469367980957 1023466 277954
0.25455498695373535 0.015312433242797852 1020344 280197
0.25696253776550293 0.015009403228759766 981657 304041
0.25185298919677734 0.015616893768310547 1022967 278226
0.27034735679626465 0.016338586807250977 1024231 277436
0.251572847366333 0.015602350234985352 1022429 278429
0.2586936950683594 0.01525568962097168 1017691 281435
0.2562108039855957 0.01603102684020996 1021385 278895
0.2631106376647949 0.01607966423034668 1033577 271205
0.2609260082244873 0.015013694763183594 1028871 274532
0.2596471309661865 0.015852928161621094 1028891 274400
0.2598292827606201 0.015131950378417969 1025985 276267
0.2603459358215332 0.015151500701904297 1019493 280490
0.25924253463745117 0.015503406524658203 1017663 281908
0.2600743770599365 0.014935731887817383 1017548 281713
0.2621016502380371 0.01477670669555664 1016948 282247
0.2619900703430176 0.015417098999023438 1016801 282662
0.25897979736328125 0.01559305191040039 1019173 281193
0.26016855239868164 0.015184640884399414 1023024 278948
0.26328301429748535 0.015601634979248047 1027325 275836
0.2563009262084961 0.015262842178344727 1029369 274579
0.25670385360717773 0.01566791534423828 1025278 277170
0.26320719718933105 0.016118288040161133 1024829 277359
0.25136661529541016 0.015804290771484375 1024848 277419
0.2631685733795166 0.015591859817504883 1023609 278059
0.25696754455566406 0.01533818244934082 1023750 277873
0.25966668128967285 0.014490365982055664 1020962 279741
0.2629876136779785 0.015614748001098633 1020978 279662
0.2549295425415039 0.015880584716796875 1017429 281965
0.2589905261993408 0.016360044479370117 1006706 288366
0.265183687210083 0.015275716781616211 1021944 279257
0.2594723701477051 0.015129566192626953 1016753 282498
0.26012277603149414 0.016009807586669922 980479 304966
0.2659623622894287 0.015893220901489258 1017801 281978
0.2555854320526123 0.015588045120239258 1023952 278037
0.24930834770202637 0.015460729598999023 1025393 277142
0.2627406120300293 0.016316890716552734 1020003 280499
0.25539135932922363 0.01539754867553711 1026815 276170
0.26340627670288086 0.01626873016357422 1022716 278647
0.26247239112854004 0.01648879051208496 1020859 279850
0.25765395164489746 0.015391349792480469 1026372 275357
0.26361608505249023 0.01519632339477539 1021236 278468
0.259535551071167 0.015519857406616211 979515 305002
0.2555992603302002 0.015035629272460938 1020506 279183
0.25124430656433105 0.014708995819091797 1025875 275794
0.26800107955932617 0.015308856964111328 1023632 277121
0.26432347297668457 0.01613783836364746 1020127 279451
0.26204943656921387 0.015518903732299805 1025876 275821
0.2664918899536133 0.016774892807006836 1032399 271522
0.25495362281799316 0.016403675079345703 1031122 272522
0.2586033344268799 0.015265941619873047 1033945 270674
0.25868868827819824 0.0157015323638916 1029352 273677
0.2546517848968506 0.01561117172241211 1029503 273407
0.26459431648254395 0.0163266658782959 1027801 274726
0.2573812007904053 0.016078472137451172 1029182 273991
0.25492167472839355 0.015959978103637695 1031427 272458
0.25866007804870605 0.015298843383789062 1032594 271268
0.26282572746276855 0.015452146530151367 1025372 275845
0.2596898078918457 0.01580667495727539 1013739 283173
0.25763845443725586 0.01568317413330078 1014916 282305
0.2578892707824707 0.015576362609863281 1023361 276911
0.2551560401916504 0.015424966812133789 1023828 276945
0.25308847427368164 0.015453338623046875 1028118 274104
0.2556018829345703 0.014579534530639648 1025520 275900
0.2550935745239258 0.015559673309326172 1020002 279368
0.2608480453491211 0.01604008674621582 1020158 279276
0.25568079948425293 0.01558685302734375 1020334 279184
0.25719666481018066 0.015928983688354492 1020644 278976
0.25470638275146484 0.016554594039916992 1017865 280553
0.2581136226654053 0.015072107315063477 1016624 281567
0.2644829750061035 0.015549898147583008 1020162 279456
0.257523775100708 0.015883922576904297 1016354 281850
0.25314760208129883 0.015803813934326172 1023756 276888
0.2669839859008789 0.016307830810546875 1021736 278349
0.2537806034088135 0.015257120132446289 1023664 277040
0.2559845447540283 0.015337467193603516 1023833 276600
0.2551283836364746 0.01578998565673828 1022629 277503
0.251190185546875 0.01539301872253418 1022587 277533
0.2561781406402588 0.015614748001098633 1008061 286597
0.2562680244445801 0.015384674072265625 1021518 278480
0.26444458961486816 0.014363288879394531 1017256 281066
0.25515007972717285 0.01558375358581543 977352 305807
0.25686001777648926 0.015654802322387695 1020246 279143
0.25323486328125 0.015106916427612305 1021483 278177
0.26726245880126953 0.015590190887451172 1021667 278231
0.26224493980407715 0.01538228988647461 1015731 281941
0.2612948417663574 0.015807628631591797 1019934 279318
0.2567617893218994 0.01588296890258789 1033536 270797
0.25906825065612793 0.015616178512573242 1033233 270786
0.25823402404785156 0.01545095443725586 1034294 270291
0.2570302486419678 0.015760421752929688 1032463 271411
0.25141167640686035 0.015380620956420898 1025427 275839
0.25641608238220215 0.01555323600769043 1027959 274165
0.2654733657836914 0.015062808990478516 1020130 279236
0.2509019374847412 0.015211820602416992 1022174 278190
0.25427794456481934 0.015554189682006836 1025763 275852
0.26845550537109375 0.014602899551391602 1022372 277966
0.2530405521392822 0.015398263931274414 1023228 277539
0.2664005756378174 0.015877485275268555 1027718 274584
0.2623312473297119 0.014662504196166992 1032017 271780
0.2633483409881592 0.016061782836914062 1024044 276907
0.2586822509765625 0.015287399291992188 1028445 274002
0.2605557441711426 0.015057563781738281 1024200 276738
0.2553861141204834 0.014860391616821289 1024632 276634
0.25847864151000977 0.016345977783203125 1021614 278459
0.25676536560058594 0.016047000885009766 1025603 275841
0.25771069526672363 0.015389680862426758 1065895 254410
0.2547483444213867 0.015796661376953125 1077052 247285
0.2597620487213135 0.016434669494628906 1078785 246032
0.2525756359100342 0.015567541122436523 1079943 245180
0.2572340965270996 0.015332221984863281 1079183 245545
0.2512624263763428 0.01579570770263672 1079838 245260
0.2615516185760498 0.015537023544311523 1080950 244483
0.2536156177520752 0.014393329620361328 1076173 247636
0.25673627853393555 0.015605688095092773 1082055 243879
0.25431013107299805 0.016402006149291992 1080223 245063
0.2510077953338623 0.015367746353149414 1074681 248857
0.263718843460083 0.01620006561279297 1080736 244819
0.25304579734802246 0.0149078369140625 1080014 245326
0.2628927230834961 0.014951467514038086 1079478 245481
0.2549302577972412 0.01498556137084961 1081263 244467
0.2529027462005615 0.015204668045043945 1081117 244492
0.24973177909851074 0.015131235122680664 1083043 243252
0.2527158260345459 0.015597343444824219 1076324 247586
0.2688629627227783 0.016692161560058594 1056262 261051
0.25304079055786133 0.016191720962524414 1080991 244613
0.25497961044311523 0.014796972274780273 1081580 244253
0.25139904022216797 0.015796184539794922 1081670 244141
0.25311851501464844 0.015347003936767578 1083722 242909
0.2607111930847168 0.015493392944335938 1081225 244338
0.2514991760253906 0.01634669303894043 1088260 239438
0.26444387435913086 0.015750408172607422 1082334 243472
0.2519526481628418 0.015458345413208008 1087135 240528
0.2532198429107666 0.01514744758605957 1084087 242508
0.251389741897583 0.01629805564880371 1039407 270794
0.2548849582672119 0.015786170959472656 1082687 243546
0.2652473449707031 0.01528477668762207 1080928 244504
0.25890254974365234 0.015336751937866211 1085079 241708
0.25334858894348145 0.015170097351074219 1086189 240791
0.24840497970581055 0.015153646469116211 1089340 238727
0.2634603977203369 0.017324447631835938 1088862 239191
0.2624943256378174 0.014979362487792969 1090086 238326
0.25026679039001465 0.015820741653442383 1089008 239034
0.26637768745422363 0.016570329666137695 1088044 239601
0.2594921588897705 0.015363931655883789 1079676 245360
0.2638680934906006 0.01598644256591797 1089440 238843
0.2676873207092285 0.015194892883300781 1084264 242361
0.2495741844177246 0.015644073486328125 1088020 239755
0.2621941566467285 0.015666723251342773 1088021 239854
0.261080265045166 0.01564931869506836 1089130 238978
0.25338268280029297 0.015986204147338867 1086938 240525
0.2537040710449219 0.0180356502532959 1090618 237985
0.2504849433898926 0.014340877532958984 1088628 239445
0.25344228744506836 0.01592850685119629 1090725 238045
0.2567558288574219 0.01492762565612793 1066739 253766
0.25533509254455566 0.016486406326293945 1089722 238792
0.26891613006591797 0.016261816024780273 1089109 239270
0.25217580795288086 0.01517796516418457 1088667 239447
0.26015782356262207 0.0160067081451416 1088857 239261
0.25814294815063477 0.01574993133544922 1088575 239543
0.2518911361694336 0.014490842819213867 1089322 238858
0.2561171054840088 0.01590251922607422 1079913 245402
0.246612548828125 0.014873027801513672 1089344 238988
0.2565312385559082 0.014692544937133789 1091334 237332
0.262265682220459 0.015563249588012695 1043020 268438
0.25913071632385254 0.01581549644470215 1086485 241029
0.25399065017700195 0.015835046768188477 1076974 247377
0.26399922370910645 0.015899658203125 1077241 247126
0.2516520023345947 0.014906644821166992 1088718 239274
0.25293636322021484 0.01582646369934082 1089968 238528
0.26231908798217773 0.015252828598022461 1077651 246853
0.2515993118286133 0.015131473541259766 1091948 236632
0.25696372985839844 0.016243934631347656 1089486 238910
0.25037717819213867 0.015541791915893555 1089109 238848
0.258894681930542 0.015637636184692383 1089325 238442
0.2581171989440918 0.016345739364624023 1084358 242278
0.25399208068847656 0.01572418212890625 1078049 246937
0.255382776260376 0.016111373901367188 1086465 240849
0.25821900367736816 0.015775442123413086 1088157 239588
0.2545497417449951 0.01491546630859375 1086252 240814
0.26015710830688477 0.01623368263244629 1087719 239829
0.2548689842224121 0.015433788299560547 1085321 241687
0.25186967849731445 0.014348268508911133 1088242 239144
0.2535567283630371 0.015866756439208984 1087544 239507
0.25362515449523926 0.015948772430419922 1065316 254918
0.26345300674438477 0.015104293823242188 1083039 242880
0.26357579231262207 0.016211986541748047 1085499 240699
0.2543215751647949 0.015364885330200195 1084650 241412
0.24927949905395508 0.015183448791503906 1082850 242806
0.2574310302734375 0.015640974044799805 1083194 242425
0.24787235260009766 0.01532888412475586 1080399 244830
0.25552892684936523 0.015594482421875 1070225 252021
0.25606322288513184 0.0154266357421875 1083254 242594
0.2576475143432617 0.015383481979370117 1081765 243577
0.2569870948791504 0.01619124412536621 1022787 281354
0.2536795139312744 0.015337944030761719 1073196 249884
0.26201891899108887 0.01592397689819336 1060984 257933
0.26131153106689453 0.01564645767211914 1060234 258441
0.2542891502380371 0.016254186630249023 1069697 252212
0.26604151725769043 0.014920711517333984 1072505 250170
0.25136733055114746 0.015264272689819336 1066373 254262
0.25861477851867676 0.014523029327392578 1076399 247376
0.25943446159362793 0.015038013458251953 1073069 249832
0.25872802734375 0.016451597213745117 1072245 250365
0.2684061527252197 0.016099214553833008 1068003 253010
0.2655050754547119 0.016155719757080078 1069014 252413
0.2514173984527588 0.015718936920166016 1048195 266139
0.2711622714996338 0.016260623931884766 1066650 253868
0.26517510414123535 0.016535043716430664 1067170 253742
0.2617475986480713 0.015429019927978516 1067523 253449
0.261089563369751 0.015296220779418945 1067053 253814
0.2535817623138428 0.014983415603637695 1067700 253298
0.2567765712738037 0.015799999237060547 1069553 252248
0.25554656982421875 0.01515507698059082 1067943 253264
0.2636985778808594 0.015886306762695312 1049107 265278
0.24980807304382324 0.014961481094360352 1068801 252662
0.25841212272644043 0.016245603561401367 1075709 247585
0.25139665603637695 0.015448331832885742 1074495 248770
0.25676441192626953 0.01587367057800293 1074173 248809
0.26888084411621094 0.015429496765136719 1076548 246748
0.2544853687286377 0.015271186828613281 1072896 249757
0.25237584114074707 0.015944957733154297 1058907 259123
0.25888919830322266 0.015218973159790039 1069891 251882
0.2503023147583008 0.015004396438598633 1068735 252617
0.2658216953277588 0.01565694808959961 1015633 286033
0.2507297992706299 0.015037775039672852 1068821 252430
0.2608199119567871 0.014642000198364258 1052331 263272
0.2593202590942383 0.015813112258911133 1061674 257105
0.25902462005615234 0.015372276306152344 1069140 252193
0.25335025787353516 0.01631951332092285 1069008 252282
0.2505061626434326 0.016205549240112305 1066125 254217
0.25536537170410156 0.015416860580444336 1076097 246966
0.2580296993255615 0.016071557998657227 1075916 247270
0.25160789489746094 0.015827655792236328 1078711 245068
0.24991202354431152 0.015126228332519531 1078579 245152
0.2675485610961914 0.015507221221923828 1077636 245720
0.2562704086303711 0.01582789421081543 1060467 257763
0.2508859634399414 0.015917301177978516 1078902 244710
0.2505815029144287 0.015521049499511719 1078917 244741
0.2543046474456787 0.015139341354370117 1078056 245270
0.2523312568664551 0.015686988830566406 1078662 244961
0.2674410343170166 0.016628026962280273 1078937 244881
0.2484288215637207 0.015417098999023438 1077698 245780
0.26239538192749023 0.01475834846496582 1078517 245110
0.25508809089660645 0.016231298446655273 1058687 259031
0.25299549102783203 0.015059709548950195 1076193 246882
0.25420117378234863 0.015676021575927734 1079121 244584
0.2578239440917969 0.01533365249633789 1077423 246219
0.25654077529907227 0.016453027725219727 1077765 245837
0.2540760040283203 0.015494823455810547 1077717 245859
0.2636244297027588 0.014904260635375977 1075935 247531
0.2593550682067871 0.015525102615356445 1068854 252460
0.2501351833343506 0.015055418014526367 1076890 246685
0.2601029872894287 0.015153646469116211 1076527 246868
0.25809550285339355 0.015559673309326172 1023303 280842
0.24706792831420898 0.015283823013305664 1072334 249993
0.2587144374847412 0.015125274658203125 1054032 262041
0.26378536224365234 0.016034603118896484 1063068 256072
0.2606513500213623 0.015122413635253906 1075607 247588
0.2607879638671875 0.014828920364379883 1076165 247056
0.24924540519714355 0.015588521957397461 1071489 250454
0.25861072540283203 0.01598644256591797 1078653 245137
0.26387548446655273 0.015321016311645508 1078404 245089
0.25988245010375977 0.015041589736938477 1078286 245336
0.25672411918640137 0.01535344123840332 1078041 245683
0.25250911712646484 0.015519857406616211 1076290 247046
0.25239133834838867 0.015033960342407227 1055764 260981
0.2531571388244629 0.015351533889770508 1077473 245905
0.25375795364379883 0.016664743423461914 1076499 246886
0.2577495574951172 0.016808271408081055 1076319 246885
0.25554704666137695 0.015130281448364258 1076821 246841
0.258650541305542 0.014546394348144531 1077917 245696
0.2539663314819336 0.015475749969482422 1075964 247355
0.2525663375854492 0.01522517204284668 1075767 247676
0.2573862075805664 0.015096426010131836 1051128 264050
0.2552332878112793 0.01491403579711914 1076348 247229
0.25628209114074707 0.015241861343383789 1077391 246098
0.2574625015258789 0.015828847885131836 1077159 246422
0.2530980110168457 0.015664339065551758 1076197 247114
0.24936437606811523 0.015334606170654297 1077437 246107
0.2718324661254883 0.016622543334960938 1075712 247607
0.26546812057495117 0.01605987548828125 1065431 254820
0.2586557865142822 0.015604972839355469 1075716 247779
0.25621533393859863 0.015750408172607422 1075777 247817
0.26178717613220215 0.01617121696472168 1030575 276551
0.2596414089202881 0.014521121978759766 1074390 248701
0.260284423828125 0.015666723251342773 1047038 266611
0.2667069435119629 0.01594400405883789 1073682 249255
0.2672898769378662 0.017119646072387695 1075673 247726
0.25560617446899414 0.015518665313720703 1076865 246665
0.26446080207824707 0.016227006912231445 1069042 252394
0.24784398078918457 0.015198469161987305 1078157 245654
0.26273298263549805 0.016291379928588867 1078385 245360
0.24735331535339355 0.015359163284301758 1078704 245150
0.25937676429748535 0.01570415496826172 1079864 244355
0.25824904441833496 0.01629948616027832 1077342 246616
0.2529785633087158 0.015477895736694336 1058595 259323
0.2561173439025879 0.016126632690429688 1078456 245525
0.2541675567626953 0.014635801315307617 1078339 245477
0.24981284141540527 0.017682552337646484 1079959 244311
0.24913525581359863 0.015168905258178711 1079962 244036
0.2596554756164551 0.015311717987060547 1080492 243978
0.26059603691101074 0.015917062759399414 1076386 247195
0.2519221305847168 0.015022516250610352 1076590 247167
0.26484155654907227 0.01442861557006836 1061185 257495
0.2583603858947754 0.015601396560668945 1072881 249719
0.2489147186279297 0.014383077621459961 1091485 237888
0.2524075508117676 0.01586294174194336 1090119 238664
0.2564504146575928 0.01633310317993164 1092592 237223
0.25132250785827637 0.014533519744873047 1093738 236307
0.24859857559204102 0.015045166015625 1094557 235774
0.25358033180236816 0.016298770904541016 1092067 237622
0.25026726722717285 0.015830516815185547 1095515 234786
0.2551412582397461 0.015126466751098633 1089925 238963
0.2688455581665039 0.01521754264831543 1088726 239666
0.2488236427307129 0.015373468399047852 1092894 236755
0.260143518447876 0.015271186828613281 1085372 242082
0.2531318664550781 0.015486717224121094 1089402 239085
0.26157593727111816 0.01660323143005371 1091268 238008
0.2645149230957031 0.015072822570800781 1091942 237670
0.24928498268127441 0.015993356704711914 1095057 234748
0.26052165031433105 0.015231132507324219 1094360 235485
0.25302743911743164 0.01520538330078125 1093759 236270
0.2534632682800293 0.015644311904907227 1094830 235412
0.250560998916626 0.014986753463745117 1094475 235417
0.25331783294677734 0.01553201675415039 1089096 239398
0.2578094005584717 0.014489889144897461 1087727 240316
0.2568371295928955 0.015607357025146484 1086475 241307
0.2510080337524414 0.014669656753540039 1086840 240857
0.2586843967437744 0.014791727066040039 1084155 242801
0.2569146156311035 0.015373945236206055 1088427 240122
0.2560274600982666 0.01563429832458496 1088019 240181
0.24815082550048828 0.014637470245361328 1084793 242434
0.2568519115447998 0.01597762107849121 1092774 237034
0.25025200843811035 0.014586925506591797 1093690 236376
0.25026392936706543 0.015957117080688477 1089814 238981
0.24726176261901855 0.017807722091674805 1089856 239033
0.2539646625518799 0.015152692794799805 1091520 237799
0.26029133796691895 0.01609492301940918 1087769 240422
0.26255035400390625 0.016948461532592773 1087234 240681
0.24806833267211914 0.01471710205078125 1084420 242633
0.2526431083679199 0.015773773193359375 1085411 241884
0.26003360748291016 0.015592575073242188 1083618 243018
0.2568967342376709 0.014983654022216797 1086914 240699
0.2630503177642822 0.016211509704589844 1091013 237674
0.2523348331451416 0.017661094665527344 1084922 242244
0.25550389289855957 0.015384912490844727 1086056 241366
0.24977564811706543 0.015316963195800781 1086620 240932
0.2611854076385498 0.014910459518432617 1087796 240317
0.2518019676208496 0.015453338623046875 1085214 242049
0.27040576934814453 0.01674818992614746 1087005 240918
0.2485055923461914 0.014736175537109375 1086568 241100
0.2511594295501709 0.014552831649780273 1083410 243197
0.2499387264251709 0.01435995101928711 1088877 239462
0.2564127445220947 0.016552448272705078 1092867 236227
0.2672131061553955 0.014553308486938477 1090214 238252
0.25322532653808594 0.015249967575073242 1091001 237927
0.25452232360839844 0.015064716339111328 1091213 237716
0.25109291076660156 0.015690088272094727 1088718 239748
0.25635814666748047 0.015317678451538086 1090208 238589
0.26387929916381836 0.015656471252441406 1087610 240711
0.2624239921569824 0.01571798324584961 1086028 241595
0.2536921501159668 0.016348600387573242 1087193 240905
0.25426721572875977 0.015032768249511719 1087098 240967
0.25374269485473633 0.014744281768798828 1089454 239085
0.26259946823120117 0.015430688858032227 1090454 238435
0.2618827819824219 0.015509366989135742 1088658 239646
0.2573099136352539 0.015341043472290039 1089685 239155
0.25211453437805176 0.015773296356201172 1089472 239060
0.247178316116333 0.01494598388671875 1092057 237194
0.25395727157592773 0.016777515411376953 1092779 236793
0.2610607147216797 0.016779184341430664 1092240 237205
0.25721001625061035 0.014926433563232422 1092396 236722
0.2609822750091553 0.0158693790435791 1093075 236270
0.2513313293457031 0.015526294708251953 1091720 237408
0.25120115280151367 0.016293048858642578 1092217 236880
0.2552940845489502 0.015521764755249023 1089711 238647
0.25484251976013184 0.01574993133544922 1089283 239071
0.25301194190979004 0.015296697616577148 1082810 243854
0.25223731994628906 0.01559758186340332 1097185 233342
0.24935221672058105 0.015470504760742188 1094858 235031
0.24741554260253906 0.014978885650634766 1094040 235625
0.26851773262023926 0.015438556671142578 1093595 235904
0.2540559768676758 0.01576852798461914 1098658 232344
0.25432586669921875 0.015679359436035156 1096880 233806
0.2596755027770996 0.016637563705444336 1098810 232207
0.2622222900390625 0.015506744384765625 1097558 233238
0.265195369720459 0.015345335006713867 1097980 232793
0.25193023681640625 0.015569925308227539 1072951 250574
0.25469326972961426 0.015231132507324219 1066566 254820
0.2556498050689697 0.016484975814819336 1091624 237192
0.24996209144592285 0.01570582389831543 1107514 227266
0.26074814796447754 0.015744686126708984 1083612 242913
0.2637312412261963 0.01577901840209961 1096735 233572
0.2624073028564453 0.01592111587524414 1079440 246375
0.2575047016143799 0.015398502349853516 1081497 244716
0.26316142082214355 0.015219926834106445 1084884 241861
0.2528693675994873 0.01587820053100586 1092335 236828
0.24858522415161133 0.015480756759643555 1092100 237134
0.25925636291503906 0.015372991561889648 1087382 240150
0.2521824836730957 0.015233993530273438 1096841 233601
0.25260305404663086 0.0157012939453125 1094157 235341
0.2525646686553955 0.014947652816772461 1068970 253274
0.25533199310302734 0.01538705825805664 1101521 230153
0.2632577419281006 0.015637636184692383 1093598 235782
0.2551426887512207 0.014613628387451172 1089503 238517
0.26122617721557617 0.015458106994628906 1103726 228989
0.2571086883544922 0.015910863876342773 1105962 227765
0.2605900764465332 0.015393972396850586 1076932 247704
0.25385379791259766 0.014623403549194336 1105659 227804
0.24922728538513184 0.015157461166381836 1106835 226975
0.25029492378234863 0.015553474426269531 1108153 226124
0.24773359298706055 0.015469074249267578 1104696 227875
0.25077319145202637 0.015238761901855469 1110105 224796
0.24703717231750488 0.014234542846679688 1108985 225412
0.2511026859283447 0.015260934829711914 1109831 225086
0.2572917938232422 0.01569366455078125 1103952 228300
0.24997830390930176 0.015300273895263672 1108926 225378
0.25299501419067383 0.01536250114440918 1115983 221408
0.2582223415374756 0.01459646224975586 1110115 224684
0.252241849899292 0.01578068733215332 1107510 226302
0.24855923652648926 0.015213966369628906 1106665 226813
0.2463092803955078 0.01504659652709961 1103380 228913
0.2561533451080322 0.015141010284423828 1104778 227853
0.24868392944335938 0.015805721282958984 1106631 227030
0.2508692741394043 0.015412569046020508 1103027 229067
0.255875825881958 0.015685558319091797 1104782 228031
0.2509891986846924 0.015223264694213867 1106850 226672
0.25191783905029297 0.01606893539428711 1107152 226433
0.254030704498291 0.015427350997924805 1101956 229925
0.25763845443725586 0.014854669570922852 1107521 226015
0.2598576545715332 0.016504526138305664 1108560 225090
0.25106358528137207 0.015707969665527344 1081570 244669
0.24997377395629883 0.018229007720947266 1104829 228122
0.2514960765838623 0.015476465225219727 1096902 233680
0.25498270988464355 0.014802932739257812 1096177 234394
0.25046420097351074 0.015141725540161133 1105823 227431
0.25354766845703125 0.015886545181274414 1106576 226709
0.26735711097717285 0.016353130340576172 1085069 242408
0.24503326416015625 0.014522075653076172 1107795 225886
0.2657177448272705 0.015711545944213867 1104984 227632
0.25197339057922363 0.015692949295043945 1110855 224446
0.2473435401916504 0.014831066131591797 1107067 226708
0.2490098476409912 0.015925884246826172 1106110 227038
0.2498917579650879 0.015415668487548828 1106853 226350
0.24677228927612305 0.017963171005249023 1107031 226323
0.24536490440368652 0.015329360961914062 1110787 224061
0.25953197479248047 0.015527009963989258 1111752 223322
0.2437143325805664 0.014608621597290039 1106653 226323
0.2662513256072998 0.016109228134155273 1111521 223268
0.2510664463043213 0.015169620513916016 1108831 224864
0.2602503299713135 0.016490936279296875 1111794 223020
0.26243114471435547 0.016299724578857422 1106739 226388
0.25224995613098145 0.014986276626586914 1105700 226946
0.25037074089050293 0.01606607437133789 1105949 226942
0.2504856586456299 0.01544332504272461 1104525 227937
0.24768948554992676 0.015758991241455078 1110652 224465
0.2601161003112793 0.01570415496826172 1110476 224381
0.24749040603637695 0.015587806701660156 1110101 224863
0.2575650215148926 0.015604019165039062 1101734 230225
0.2500579357147217 0.01530766487121582 1110179 224757
0.2502918243408203 0.016162395477294922 1110854 224407
0.25862669944763184 0.017833232879638672 1080758 245313
0.25301456451416016 0.015192270278930664 1106230 227102
0.25263023376464844 0.015383481979370117 1103805 228822
0.25371694564819336 0.015943288803100586 1101171 230738
0.24851632118225098 0.015274286270141602 1110609 224125
0.2453913688659668 0.014803647994995117 1112843 222893
0.2515139579772949 0.015101909637451172 1097591 233267
0.25923943519592285 0.01602315902709961 1116021 221127
0.24825143814086914 0.016153335571289062 1110875 224054
0.2530837059020996 0.014962434768676758 1111753 223354
0.24898838996887207 0.015347003936767578 1109131 225206
0.25982666015625 0.015401363372802734 1102353 229363
0.24883460998535156 0.0157012939453125 1101834 229848
0.24910783767700195 0.015300750732421875 1101486 230205
0.2548096179962158 0.01514744758605957 1100340 230960
0.2489936351776123 0.015319347381591797 1102461 229464
0.24654936790466309 0.014534235000610352 1100618 230843
0.24893617630004883 0.015434980392456055 1103009 229017
0.24822664260864258 0.015365123748779297 1099912 231169
0.2555575370788574 0.015949487686157227 1098498 232311
0.25817155838012695 0.01526021957397461 1097337 232936
0.26964569091796875 0.015714168548583984 1096480 233590
0.24964404106140137 0.015415191650390625 1104677 227844
0.26785731315612793 0.015572071075439453 1103691 228403
0.24692583084106445 0.017878055572509766 1105092 227477
0.2530350685119629 0.015244483947753906 1100482 231014
0.2550828456878662 0.015652179718017578 1097965 232651
0.25218820571899414 0.01460409164428711 1100341 230866
0.25310397148132324 0.016097545623779297 1101032 230513
0.24834728240966797 0.015247583389282227 1099898 231388
0.25523805618286133 0.016168832778930664 1100130 230947
0.2521185874938965 0.014981508255004883 1095519 234478
0.25854945182800293 0.01712346076965332 1098930 231932
0.2518007755279541 0.015998125076293945 1097212 233101
0.2518041133880615 0.015366554260253906 1102356 229512
0.2538461685180664 0.015396595001220703 1098949 231763
0.25641727447509766 0.016302108764648438 1101202 230497
0.26195573806762695 0.01602935791015625 1096459 233657
0.26450085639953613 0.016198158264160156 1100505 230854
0.2545750141143799 0.015365839004516602 1100795 230516
