0.6112203598022461 0.1562213897705078 16912 0
0.6230602264404297 0.19202160835266113 16875 0
0.6177718639373779 0.23009324073791504 17569 0
0.5905003547668457 0.18645143508911133 16963 0
0.6305751800537109 0.14831781387329102 17862 0
0.607177734375 0.1864793300628662 18026 0
0.5997612476348877 0.22713589668273926 18269 0
0.5992698669433594 0.201493501663208 17968 0
0.6279997825622559 0.1949787139892578 17796 0
0.6277675628662109 0.14326810836791992 18548 0
0.5795960426330566 0.19275903701782227 17313 0
0.6239447593688965 0.17317891120910645 16886 0
0.6405653953552246 0.1602189540863037 17759 0
0.6021664142608643 0.15544605255126953 16913 0
0.5995867252349854 0.14563870429992676 13440 0
0.6013357639312744 0.1524522304534912 17185 0
0.6260213851928711 0.15525531768798828 16264 0
0.5785832405090332 0.20957040786743164 16024 0
0.568671703338623 0.16524982452392578 14655 0
0.6017782688140869 0.1546463966369629 16102 0
0.587038516998291 0.14484262466430664 16562 0
0.6027653217315674 0.16354799270629883 15853 0
0.6066193580627441 0.2139720916748047 16614 0
0.6132950782775879 0.16464614868164062 17825 0
0.6187939643859863 0.15163516998291016 17612 0
0.59853196144104 0.1452794075012207 17456 0
0.611396312713623 0.1490919589996338 14901 0
0.5680220127105713 0.19069790840148926 17000 0
0.6071455478668213 0.21174955368041992 17317 0
0.6055033206939697 0.1394641399383545 16381 0
0.6290018558502197 0.14012384414672852 17020 0
0.6203386783599854 0.18410325050354004 16943 0
0.621091365814209 0.1342482566833496 16564 0
0.5914874076843262 0.20085906982421875 16681 0
0.597686767578125 0.14580559730529785 15635 0
0.6035845279693604 0.15945720672607422 17526 0
0.6458683013916016 0.15775132179260254 19960 0
0.6098604202270508 0.13953900337219238 18450 0
0.6021583080291748 0.1622939109802246 19139 0
0.6078863143920898 0.19289302825927734 18427 0
0.6017711162567139 0.1619410514831543 16117 0
0.5951578617095947 0.1915757656097412 16758 0
0.5976223945617676 0.13274312019348145 17973 0
0.6085004806518555 0.18931293487548828 17894 0
0.5909523963928223 0.1303117275238037 14336 0
0.6565721035003662 0.13298583030700684 18038 0
0.6009132862091064 0.20003557205200195 18036 0
0.6176619529724121 0.2183985710144043 17292 0
0.621328592300415 0.18959474563598633 18029 0
0.6122751235961914 0.18508696556091309 17895 0
0.6284382343292236 0.19466352462768555 17490 0
0.6188609600067139 0.16776680946350098 18116 0
0.588404655456543 0.2004539966583252 18082 0
0.6073362827301025 0.18932008743286133 17675 0
0.5960233211517334 0.2082386016845703 17836 0
0.6313819885253906 0.18916797637939453 18019 0
0.6082370281219482 0.2220015525817871 18354 0
0.6086165904998779 0.2054145336151123 18453 0
0.6166279315948486 0.16023826599121094 18679 0
0.5995423793792725 0.19431138038635254 18691 0
0.6775252819061279 0.14121150970458984 18058 0
0.6134917736053467 0.14661598205566406 17741 0
0.6174671649932861 0.19631385803222656 17862 0
0.6105828285217285 0.2038280963897705 17167 0
0.6032707691192627 0.14565324783325195 16357 0
0.627814531326294 0.1298964023590088 17235 0
0.6162405014038086 0.16699600219726562 17547 0
0.6030547618865967 0.16141796112060547 17815 0
0.6026618480682373 0.2000415325164795 17834 0
0.611260175704956 0.18616676330566406 17169 0
0.5972237586975098 0.1441342830657959 16802 0
0.6049833297729492 0.18735623359680176 15949 0
0.5788059234619141 0.19470834732055664 17475 0
0.6095612049102783 0.17670917510986328 16586 0
0.5817859172821045 0.15343165397644043 12897 0
0.5855205059051514 0.20383310317993164 16687 0
0.610482931137085 0.13013076782226562 16988 0
0.605506181716919 0.1333482265472412 16113 0
0.6033468246459961 0.15418100357055664 16341 0
0.5875508785247803 0.20534372329711914 16320 0
0.6040208339691162 0.19757080078125 17313 0
0.6245005130767822 0.16265130043029785 17591 0
0.5981395244598389 0.1598954200744629 16624 0
0.5925581455230713 0.17193222045898438 16901 0
0.5910649299621582 0.23375844955444336 17970 0
0.6236791610717773 0.17959141731262207 17645 0
0.607607364654541 0.15963292121887207 17084 0
0.6001982688903809 0.18578696250915527 18213 0
0.5994052886962891 0.19534564018249512 18441 0
0.6251087188720703 0.14753937721252441 17706 0
0.6074275970458984 0.21335625648498535 17640 0
0.5881214141845703 0.21149444580078125 17734 0
0.6299140453338623 0.16964435577392578 18040 0
0.6219241619110107 0.14507031440734863 16705 0
0.6167001724243164 0.1915733814239502 18294 0
0.6070435047149658 0.17534899711608887 17425 0
0.5690956115722656 0.15619349479675293 13151 0
0.5946323871612549 0.13268184661865234 17486 0
0.6055002212524414 0.12980437278747559 17685 0
0.5809321403503418 0.17000341415405273 16237 0
0.6132798194885254 0.16321825981140137 16561 0
0.621537446975708 0.1450052261352539 16947 0
0.6201310157775879 0.19774222373962402 17007 0
0.6628620624542236 0.12352633476257324 18497 0
0.5944960117340088 0.17516636848449707 18217 0
0.638054370880127 0.17218279838562012 18188 0
0.6332449913024902 0.19861507415771484 18179 0
0.6543502807617188 0.13091230392456055 18872 0
0.612884521484375 0.17148494720458984 18619 0
0.609835147857666 0.16522908210754395 18693 0
0.6030189990997314 0.1855921745300293 18167 0
0.5865044593811035 0.17561650276184082 18303 0
0.6142630577087402 0.1460256576538086 18539 0
0.6338841915130615 0.19466471672058105 18321 0
0.6195213794708252 0.17959356307983398 17883 0
0.6284751892089844 0.16881895065307617 18141 0
0.5813615322113037 0.2209784984588623 15671 0
0.6439545154571533 0.1727614402770996 18339 0
0.6653642654418945 0.13651108741760254 18374 0
0.613192081451416 0.19637441635131836 18332 0
0.6072649955749512 0.1731119155883789 17624 0
0.6083548069000244 0.16380977630615234 18224 0
0.6177175045013428 0.20496582984924316 17301 0
0.5949404239654541 0.18995046615600586 17032 0
0.6174666881561279 0.19585013389587402 17228 0
0.6012275218963623 0.1625518798828125 17912 0
0.6046469211578369 0.17703032493591309 13533 0
0.6060616970062256 0.22784137725830078 16446 0
0.5995137691497803 0.16104936599731445 14712 0
0.6061487197875977 0.16436362266540527 14679 0
0.602668046951294 0.16240906715393066 15042 0
0.5829620361328125 0.19867396354675293 15500 0
0.601377010345459 0.15505027770996094 14660 0
0.6087849140167236 0.1602931022644043 15913 0
0.5830807685852051 0.17148590087890625 16273 0
0.5999805927276611 0.1522226333618164 17328 0
0.5981869697570801 0.14592742919921875 17439 0
0.5961344242095947 0.19434905052185059 17306 0
0.5976815223693848 0.21229028701782227 17147 0
0.6117618083953857 0.19348812103271484 16953 0
0.6249969005584717 0.1930088996887207 17707 0
0.656815767288208 0.15036725997924805 17893 0
0.5987584590911865 0.19143962860107422 17518 0
0.6038289070129395 0.13822460174560547 17645 0
0.6402232646942139 0.1537950038909912 17074 0
0.5833768844604492 0.12396621704101562 19137 0
0.6008362770080566 0.18202590942382812 17944 0
0.6001377105712891 0.19178223609924316 16763 0
0.639495849609375 0.1427314281463623 16406 0
0.6097791194915771 0.18397283554077148 16057 0
0.5979166030883789 0.19290518760681152 17993 0
0.6125781536102295 0.18569684028625488 19795 0
0.6160736083984375 0.18528175354003906 19073 0
0.6073060035705566 0.15419912338256836 18434 0
0.6278438568115234 0.15600991249084473 19151 0
0.6007483005523682 0.15695571899414062 17961 0
0.5704591274261475 0.21135735511779785 13629 0
0.6068825721740723 0.18060040473937988 16669 0
0.5970826148986816 0.19733381271362305 17390 0
0.6392624378204346 0.13933944702148438 14959 0
0.5871374607086182 0.19032621383666992 14531 0
0.5747296810150146 0.13734722137451172 15258 0
0.5850300788879395 0.18693852424621582 15217 0
0.631615161895752 0.14121770858764648 15676 0
0.5862452983856201 0.17836618423461914 16490 0
0.5683338642120361 0.18676304817199707 15773 0
0.5973551273345947 0.2070934772491455 15710 0
0.582308292388916 0.16701221466064453 16960 0
0.6070373058319092 0.17578530311584473 16654 0
0.6382904052734375 0.13364911079406738 18373 0
0.5957484245300293 0.16408157348632812 16245 0
0.641472339630127 0.15269756317138672 17536 0
0.6210086345672607 0.16936731338500977 17478 0
0.6135163307189941 0.19613409042358398 18431 0
0.6032869815826416 0.1755378246307373 18264 0
0.6233651638031006 0.18623828887939453 18381 0
0.636164665222168 0.14850163459777832 16370 0
0.6176202297210693 0.14198970794677734 18262 0
0.6038815975189209 0.19331669807434082 18465 0
0.6075458526611328 0.19338774681091309 18397 0
0.5993719100952148 0.20441579818725586 18702 0
0.5994532108306885 0.1999063491821289 17185 0
0.5948061943054199 0.14906740188598633 17234 0
0.6145868301391602 0.14599156379699707 16670 0
0.6245214939117432 0.13666677474975586 18301 0
0.6060512065887451 0.17480778694152832 17574 0
0.5673232078552246 0.14702415466308594 13428 0
0.5928642749786377 0.20252752304077148 18110 0
0.6372909545898438 0.1368870735168457 18108 0
0.586977481842041 0.17396092414855957 16493 0
0.6164021492004395 0.133103609085083 17557 0
0.6176056861877441 0.19983172416687012 17237 0
0.6339762210845947 0.13496041297912598 17532 0
0.6119801998138428 0.2076864242553711 18314 0
0.6185688972473145 0.14772439002990723 17538 0
0.6019155979156494 0.19246435165405273 17285 0
0.6331956386566162 0.1776289939880371 18162 0
0.5832908153533936 0.20448088645935059 18255 0
0.6023352146148682 0.16175317764282227 18021 0
0.610774040222168 0.1411421298980713 17767 0
0.6198024749755859 0.16309809684753418 17495 0
0.5838184356689453 0.14839911460876465 14845 0
0.583885669708252 0.20268559455871582 13710 0
0.611757755279541 0.20599865913391113 14304 0
0.5946140289306641 0.1519930362701416 14162 0
0.5806412696838379 0.15376567840576172 14735 0
0.6196177005767822 0.13960909843444824 14300 0
0.5523090362548828 0.20382332801818848 14960 0
0.60679030418396 0.18472599983215332 15381 0
0.6406674385070801 0.13292360305786133 14889 0
0.5699496269226074 0.17867445945739746 14233 0
0.5726263523101807 0.21732187271118164 14701 0
0.5970077514648438 0.19661164283752441 14945 0
0.6094303131103516 0.18446660041809082 14637 0
0.59067702293396 0.20280957221984863 14432 0
0.6106221675872803 0.16970562934875488 14538 0
0.6016595363616943 0.17734503746032715 14448 0
0.6096138954162598 0.14447999000549316 12867 0
0.6216342449188232 0.13276052474975586 14711 0
0.5921099185943604 0.1444854736328125 14745 0
0.5743787288665771 0.21411705017089844 14798 0
0.60127854347229 0.19779610633850098 14566 0
0.586686372756958 0.20252180099487305 14493 0
0.5807971954345703 0.20756769180297852 15026 0
0.6176161766052246 0.12836766242980957 15034 0
0.6012234687805176 0.14738106727600098 15163 0
0.5946638584136963 0.17570781707763672 15551 0
0.5658066272735596 0.1968233585357666 14781 0
0.6085031032562256 0.17978501319885254 14462 0
0.5592343807220459 0.15665388107299805 14553 0
0.5715718269348145 0.17608165740966797 14415 0
0.6014859676361084 0.1562647819519043 14611 0
0.5772366523742676 0.21858787536621094 14382 0
0.571948766708374 0.19390606880187988 14868 0
0.5923995971679688 0.15507006645202637 14623 0
0.578005313873291 0.1939983367919922 14414 0
0.5991389751434326 0.14716124534606934 14711 0
0.6068928241729736 0.14498448371887207 14431 0
0.5872578620910645 0.21207475662231445 13927 0
0.5713400840759277 0.2017059326171875 14371 0
0.5845394134521484 0.18829822540283203 14349 0
0.5951769351959229 0.15412259101867676 14373 0
0.6231606006622314 0.16592001914978027 14546 0
0.6121087074279785 0.146315336227417 14618 0
0.5891785621643066 0.199601411819458 14299 0
0.5878548622131348 0.1445016860961914 14379 0
0.5995688438415527 0.1573038101196289 14309 0
0.5647983551025391 0.19100356101989746 12424 0
0.5911483764648438 0.1419680118560791 14453 0
0.6096231937408447 0.13464093208312988 14236 0
0.6005680561065674 0.17862892150878906 14320 0
0.6006815433502197 0.1416947841644287 14991 0
0.5532984733581543 0.2175583839416504 14785 0
0.5716779232025146 0.15476584434509277 15336 0
0.5924389362335205 0.17428064346313477 15100 0
0.5916650295257568 0.15718960762023926 14724 0
0.5582284927368164 0.16529011726379395 14600 0
0.5864319801330566 0.18036746978759766 14256 0
0.6135578155517578 0.18356990814208984 14727 0
0.5555515289306641 0.18313860893249512 14161 0
0.581636905670166 0.18788981437683105 14798 0
0.5889067649841309 0.19626617431640625 14313 0
0.597114086151123 0.18388938903808594 14173 0
0.5953030586242676 0.19232606887817383 14671 0
0.6057784557342529 0.17750024795532227 14841 0
0.5763986110687256 0.15855002403259277 14591 0
0.6042904853820801 0.12250280380249023 15412 0
0.5967133045196533 0.17882156372070312 14789 0
0.5927610397338867 0.1821744441986084 15382 0
0.5932581424713135 0.14587688446044922 14636 0
0.6122658252716064 0.13315606117248535 14609 0
0.6136062145233154 0.16475868225097656 14445 0
0.5859482288360596 0.15163516998291016 14544 0
0.5976178646087646 0.16286897659301758 16630 0
0.592461347579956 0.13371825218200684 17240 0
0.5657236576080322 0.12460041046142578 15068 0
0.6437387466430664 0.14072895050048828 18649 0
0.5849165916442871 0.12900948524475098 17192 0
0.6281521320343018 0.1616668701171875 18483 0
0.6420598030090332 0.15117645263671875 17263 0
0.5788164138793945 0.18622756004333496 16367 0
0.60054612159729 0.216522216796875 16855 0
0.5992550849914551 0.12588810920715332 16868 0
0.5708513259887695 0.15325355529785156 16634 0
0.5988903045654297 0.14430785179138184 17079 0
0.6011536121368408 0.19544744491577148 16501 0
0.5915019512176514 0.12636923789978027 14971 0
0.586205005645752 0.19984197616577148 14893 0
0.5949451923370361 0.17000603675842285 14016 0
0.5937929153442383 0.15985965728759766 14799 0
0.6045920848846436 0.1702134609222412 14694 0
0.5995934009552002 0.139481782913208 14151 0
0.6006960868835449 0.18600130081176758 14631 0
0.597449541091919 0.18770837783813477 14686 0
0.5668244361877441 0.2197132110595703 14472 0
0.5781188011169434 0.1712512969970703 14817 0
0.6105289459228516 0.136552095413208 15182 0
0.6074888706207275 0.1578388214111328 14950 0
0.5953142642974854 0.18439316749572754 15269 0
0.5790472030639648 0.1635429859161377 12155 0
0.5947694778442383 0.17156052589416504 14975 0
0.609743595123291 0.18366146087646484 15081 0
0.5685684680938721 0.20228862762451172 14590 0
0.61159348487854 0.18987464904785156 15053 0
0.6048424243927002 0.1388530731201172 15156 0
0.6020834445953369 0.14252257347106934 15323 0
0.6142387390136719 0.15523314476013184 15605 0
0.5905952453613281 0.22820281982421875 14970 0
0.6134383678436279 0.21087956428527832 15238 0
0.5984880924224854 0.18611741065979004 14901 0
0.5880858898162842 0.1750965118408203 14825 0
0.5906975269317627 0.1752169132232666 14940 0
0.6191492080688477 0.12952589988708496 14866 0
0.6069676876068115 0.1895592212677002 14982 0
0.5856227874755859 0.19173479080200195 15053 0
0.5959517955780029 0.14511728286743164 14917 0
0.5727922916412354 0.1354076862335205 14796 0
0.5813202857971191 0.19693732261657715 14417 0
0.6158077716827393 0.13345813751220703 15097 0
0.6284387111663818 0.15389037132263184 14876 0
0.6288003921508789 0.1406705379486084 14547 0
0.6245508193969727 0.1495380401611328 15033 0
0.5985054969787598 0.14238572120666504 14848 0
0.5781188011169434 0.1910231113433838 14758 0
0.6051008701324463 0.15280961990356445 14729 0
0.5913188457489014 0.1744837760925293 14474 0
0.5903141498565674 0.15555644035339355 14965 0
0.6124978065490723 0.17427372932434082 14943 0
0.5887811183929443 0.1691744327545166 15224 0
0.587017297744751 0.14261293411254883 12757 0
0.604790449142456 0.20954394340515137 15081 0
0.5948152542114258 0.1999192237854004 15342 0
0.5903048515319824 0.1883680820465088 14323 0
0.6242556571960449 0.13661861419677734 15294 0
0.5970802307128906 0.20107793807983398 15024 0
0.5925984382629395 0.19681310653686523 14767 0
0.5913093090057373 0.20335006713867188 15564 0
0.5844063758850098 0.13406014442443848 14888 0
0.6189312934875488 0.14272737503051758 15524 0
0.60038161277771 0.19900059700012207 15247 0
0.5827569961547852 0.14022493362426758 14247 0
0.6082942485809326 0.17414164543151855 14615 0
0.6126081943511963 0.18081116676330566 14552 0
0.5836403369903564 0.17304015159606934 15242 0
0.5686333179473877 0.1701655387878418 15152 0
0.582017183303833 0.22250032424926758 15308 0
0.580190896987915 0.17407536506652832 15532 0
0.5719068050384521 0.2145519256591797 15032 0
0.603581428527832 0.14345455169677734 15247 0
0.610527753829956 0.1372663974761963 14665 0
0.5844600200653076 0.2096266746520996 14809 0
0.59134840965271 0.16177654266357422 15439 0
0.591505765914917 0.1492917537689209 14629 0
0.6003785133361816 0.14470672607421875 15427 0
0.6025741100311279 0.19160985946655273 15005 0
0.5750617980957031 0.2298426628112793 14566 0
0.5902409553527832 0.20177316665649414 14379 0
0.5989594459533691 0.14052486419677734 15581 0
0.6007490158081055 0.19669008255004883 14719 0
0.5553474426269531 0.13364410400390625 11987 0
0.5687487125396729 0.17099523544311523 14301 0
0.6048722267150879 0.20990753173828125 14919 0
0.5893683433532715 0.1412954330444336 13574 0
0.5743999481201172 0.16221308708190918 15239 0
0.587233304977417 0.14124250411987305 15742 0
0.574852466583252 0.15949058532714844 12941 0
0.5740654468536377 0.20889687538146973 11210 0
0.583634614944458 0.15440130233764648 14616 0
0.60740065574646 0.19659423828125 15203 0
0.5730078220367432 0.15308117866516113 15325 0
0.5764865875244141 0.21366310119628906 15796 0
0.5749690532684326 0.17249035835266113 16046 0
0.6049003601074219 0.2110764980316162 15695 0
0.5998432636260986 0.1776564121246338 15431 0
0.5749208927154541 0.19272971153259277 14901 0
0.5434520244598389 0.14530253410339355 12044 0
0.5886948108673096 0.18094468116760254 11547 0
0.5752964019775391 0.21774911880493164 15257 0
0.6221330165863037 0.19942045211791992 14989 0
0.5996427536010742 0.18263959884643555 14547 0
0.5703020095825195 0.15198993682861328 15435 0
0.5862834453582764 0.13667798042297363 15121 0
0.5854723453521729 0.1295299530029297 14671 0
0.627730131149292 0.1381387710571289 15363 0
0.6299037933349609 0.1346888542175293 15644 0
0.6297569274902344 0.14871430397033691 15155 0
0.6095800399780273 0.14620232582092285 15179 0
0.5789341926574707 0.13630080223083496 17112 0
0.6023166179656982 0.1737375259399414 15389 0
0.5680427551269531 0.19776010513305664 13604 0
0.5774061679840088 0.17534494400024414 15297 0
0.5937361717224121 0.2005460262298584 15063 0
0.5949180126190186 0.16302061080932617 14641 0
0.6060991287231445 0.15352582931518555 16288 0
0.6244490146636963 0.14046049118041992 15673 0
0.5857272148132324 0.138624906539917 15033 0
0.5840530395507812 0.12070369720458984 14733 0
0.5970196723937988 0.14870500564575195 14999 0
0.5809650421142578 0.20434212684631348 14894 0
0.6013326644897461 0.20038676261901855 14801 0
0.5732967853546143 0.16091370582580566 15454 0
0.5971574783325195 0.1940302848815918 15767 0
0.5721094608306885 0.214371919631958 16134 0
0.5533831119537354 0.15150046348571777 15409 0
0.6062297821044922 0.1378650665283203 15649 0
0.6041638851165771 0.13616085052490234 15770 0
0.5894463062286377 0.19189190864562988 15551 0
0.6123354434967041 0.1376659870147705 15109 0
0.5947928428649902 0.19784784317016602 15274 0
0.6011714935302734 0.17556071281433105 14824 0
0.5477643013000488 0.19095563888549805 12195 0
0.5712358951568604 0.18342041969299316 15062 0
0.5920634269714355 0.18148446083068848 14913 0
0.5812041759490967 0.1961522102355957 14860 0
0.5796060562133789 0.210829496383667 14719 0
0.5775351524353027 0.20254063606262207 14772 0
0.5861508846282959 0.21024203300476074 14884 0
0.5854549407958984 0.18303704261779785 14836 0
0.5832405090332031 0.233717679977417 15041 0
0.5687546730041504 0.18114638328552246 15323 0
0.601909875869751 0.20327234268188477 15165 0
0.5541183948516846 0.17578577995300293 15111 0
0.5744113922119141 0.1833958625793457 14868 0
0.5854940414428711 0.18054533004760742 14781 0
0.560964822769165 0.20844244956970215 15433 0
0.590095043182373 0.20135235786437988 15040 0
0.6226553916931152 0.1413276195526123 14749 0
0.5888915061950684 0.211395263671875 15027 0
0.5985658168792725 0.22756171226501465 14895 0
0.5957164764404297 0.19601130485534668 15280 0
0.5649607181549072 0.21804261207580566 14871 0
0.6208374500274658 0.13847875595092773 14975 0
0.5605611801147461 0.1416187286376953 15187 0
0.5955872535705566 0.15758752822875977 15419 0
0.5470020771026611 0.18452835083007812 14964 0
0.5780563354492188 0.16286182403564453 14590 0
0.5999672412872314 0.16700315475463867 14859 0
0.574979305267334 0.18771147727966309 14129 0
0.5964879989624023 0.14104652404785156 14908 0
0.5926439762115479 0.14144062995910645 14875 0
0.5902431011199951 0.13443803787231445 12118 0
0.5866296291351318 0.1762986183166504 15423 0
0.5844452381134033 0.135331392288208 14914 0
0.5768833160400391 0.17599081993103027 14953 0
0.5794012546539307 0.18183255195617676 15121 0
0.5903019905090332 0.18033218383789062 14856 0
0.5992662906646729 0.17666363716125488 14683 0
0.602475643157959 0.17388916015625 14590 0
0.6053206920623779 0.14491724967956543 14839 0
0.5770111083984375 0.18469977378845215 15069 0
0.590496301651001 0.1829228401184082 14979 0
0.6008663177490234 0.20563268661499023 14983 0
0.6292390823364258 0.14179015159606934 15537 0
0.6226654052734375 0.1430964469909668 14720 0
0.5897603034973145 0.17865872383117676 14895 0
0.568864107131958 0.2047433853149414 14963 0
0.5963959693908691 0.21403908729553223 14688 0
0.6239972114562988 0.16133952140808105 14307 0
0.5931110382080078 0.15793347358703613 14678 0
0.6104245185852051 0.16632413864135742 14722 0
0.6133251190185547 0.14289379119873047 14715 0
0.5958786010742188 0.1955432891845703 14491 0
0.5781066417694092 0.20690250396728516 14648 0
0.6006252765655518 0.14931225776672363 14884 0
0.5869669914245605 0.19319868087768555 14640 0
0.5922160148620605 0.15485692024230957 15119 0
0.5885236263275146 0.1909496784210205 14759 0
0.5862114429473877 0.16961431503295898 14427 0
0.5816528797149658 0.20151615142822266 14251 0
0.5992484092712402 0.15123534202575684 14468 0
0.5574085712432861 0.17708444595336914 11731 0
0.5791654586791992 0.16217041015625 14121 0
0.5628941059112549 0.1380629539489746 15250 0
0.5668575763702393 0.20827007293701172 14486 0
0.6157970428466797 0.15928387641906738 14209 0
0.5938329696655273 0.18347811698913574 14691 0
0.5753123760223389 0.22371816635131836 14920 0
0.5748207569122314 0.1836378574371338 14907 0
0.6102719306945801 0.14313936233520508 14598 0
0.6141042709350586 0.13550209999084473 14574 0
0.5802319049835205 0.20638775825500488 14557 0
0.5615205764770508 0.21459460258483887 14530 0
0.5563700199127197 0.17377495765686035 14254 0
0.576225757598877 0.20044946670532227 14490 0
0.593125581741333 0.1437232494354248 14647 0
0.5902302265167236 0.14711666107177734 14799 0
0.5880239009857178 0.13296246528625488 13745 0
0.556485652923584 0.1921241283416748 13983 0
0.5873568058013916 0.1789875030517578 14193 0
0.5953164100646973 0.1423509120941162 14380 0
0.5769312381744385 0.21134185791015625 14568 0
0.5935051441192627 0.15126371383666992 14682 0
0.574399471282959 0.1302640438079834 15715 0
0.6107378005981445 0.17082452774047852 15045 0
0.5533993244171143 0.19516587257385254 14760 0
0.6050677299499512 0.17656207084655762 15142 0
0.601905107498169 0.1387782096862793 14332 0
0.5901825428009033 0.15628814697265625 13545 0
0.568516731262207 0.1420736312866211 13948 0
0.5910329818725586 0.15025758743286133 13942 0
0.5566675662994385 0.17828011512756348 11571 0
0.5352089405059814 0.13792634010314941 13838 0
0.5870466232299805 0.17879867553710938 14277 0
0.5759637355804443 0.20177721977233887 13923 0
0.5927081108093262 0.15171575546264648 13725 0
0.564894437789917 0.15766167640686035 13784 0
0.5802915096282959 0.18811964988708496 15212 0
0.5873441696166992 0.2110462188720703 14420 0
0.5783867835998535 0.14813733100891113 14350 0
0.5991306304931641 0.14568471908569336 14557 0
0.6021308898925781 0.15708494186401367 14077 0
0.5791606903076172 0.18631958961486816 13654 0
0.6091845035552979 0.17233490943908691 13525 0
0.5883803367614746 0.154677152633667 13479 0
0.5980465412139893 0.18902158737182617 13789 0
0.5802822113037109 0.15966582298278809 13423 0
0.5792636871337891 0.12207746505737305 14049 0
0.5786747932434082 0.20536279678344727 15218 0
0.6211957931518555 0.15542364120483398 14419 0
0.597649335861206 0.1774146556854248 14435 0
0.6217970848083496 0.15255975723266602 14059 0
0.5658278465270996 0.21330785751342773 14203 0
0.5656025409698486 0.19800138473510742 14113 0
0.6015968322753906 0.15296506881713867 14503 0
0.5845284461975098 0.20345830917358398 13794 0
0.5766599178314209 0.20028328895568848 14422 0
0.6102335453033447 0.17110753059387207 14124 0
0.5823547840118408 0.1465742588043213 12893 0
0.5675890445709229 0.16460013389587402 13892 0
0.5560486316680908 0.17097806930541992 14000 0
0.5483949184417725 0.19841361045837402 11363 0
0.5835978984832764 0.19746136665344238 13576 0
0.5988044738769531 0.19647622108459473 14199 0
0.5696291923522949 0.19478988647460938 14418 0
0.5318377017974854 0.17415332794189453 13821 0
0.5703341960906982 0.18528199195861816 15106 0
0.5749599933624268 0.16855239868164062 14321 0
0.5856673717498779 0.18637609481811523 14114 0
0.5927438735961914 0.14630484580993652 14928 0
0.5841732025146484 0.18070363998413086 13970 0
0.5807819366455078 0.15978193283081055 11531 0
0.596698522567749 0.19748902320861816 13744 0
0.577294111251831 0.15570664405822754 14661 0
0.5779180526733398 0.19612789154052734 14338 0
0.5800983905792236 0.17286133766174316 14271 0
0.5677180290222168 0.21459436416625977 14765 0
0.5844111442565918 0.20033788681030273 14871 0
0.6101834774017334 0.19966459274291992 15034 0
0.5862889289855957 0.12229299545288086 15548 0
0.5969650745391846 0.14082002639770508 14848 0
0.5948410034179688 0.18677449226379395 15167 0
0.5978736877441406 0.1734025478363037 14891 0
0.576204776763916 0.20741629600524902 15046 0
0.5793538093566895 0.2265315055847168 15075 0
0.5793964862823486 0.15867948532104492 14806 0
0.6162347793579102 0.14398860931396484 14588 0
0.5966126918792725 0.147111177444458 13235 0
0.5883884429931641 0.17380809783935547 13924 0
0.6104979515075684 0.13816237449645996 14573 0
0.5858070850372314 0.19548654556274414 14262 0
0.5715255737304688 0.157942533493042 14585 0
0.5746324062347412 0.14434289932250977 14476 0
0.5845229625701904 0.1386573314666748 13875 0
0.5922482013702393 0.15450835227966309 14379 0
0.614386796951294 0.14256763458251953 14027 0
0.5999577045440674 0.15996313095092773 14393 0
0.5728011131286621 0.20025944709777832 13833 0
0.5866081714630127 0.20313000679016113 13800 0
0.5763535499572754 0.17636322975158691 14493 0
0.5956847667694092 0.15008187294006348 14254 0
0.5710186958312988 0.15668034553527832 14268 0
0.6129767894744873 0.18104314804077148 14625 0
0.5891919136047363 0.1474313735961914 14966 0
0.6025874614715576 0.13255524635314941 15332 0
0.5881540775299072 0.15000534057617188 14975 0
0.5888893604278564 0.19774889945983887 14772 0
0.5566418170928955 0.16150999069213867 13145 0
0.5866351127624512 0.20879769325256348 14403 0
0.5977847576141357 0.15584135055541992 14169 0
0.5698354244232178 0.20888972282409668 11459 0
0.5891892910003662 0.199143648147583 14226 0
0.566267728805542 0.14167475700378418 14701 0
0.5799596309661865 0.16438579559326172 14460 0
0.5621495246887207 0.2096254825592041 13926 0
0.5857632160186768 0.13319110870361328 14149 0
0.5634427070617676 0.16736149787902832 15590 0
0.5775899887084961 0.18844389915466309 14966 0
0.6108429431915283 0.13159990310668945 15323 0
0.6032309532165527 0.17135262489318848 15143 0
0.5751686096191406 0.1872098445892334 14609 0
0.5723974704742432 0.15770626068115234 15100 0
0.5780112743377686 0.19266867637634277 14021 0
0.6113841533660889 0.15192508697509766 14340 0
0.5815293788909912 0.17738819122314453 15281 0
0.5934133529663086 0.1880502700805664 14313 0
0.5594675540924072 0.20455384254455566 14805 0
0.5673942565917969 0.16008758544921875 14915 0
0.5933187007904053 0.20545363426208496 14846 0
0.5639212131500244 0.19324612617492676 14499 0
0.576667308807373 0.22330999374389648 14663 0
0.6172707080841064 0.1430058479309082 14480 0
0.5546774864196777 0.20775914192199707 14230 0
0.5786252021789551 0.15067744255065918 14194 0
0.6078183650970459 0.15767908096313477 14617 0
0.588179349899292 0.19678640365600586 16285 0
0.6537301540374756 0.1463782787322998 16936 0
0.6031982898712158 0.2096269130706787 16461 0
0.6191346645355225 0.13972020149230957 16772 0
0.6168441772460938 0.167724609375 17102 0
0.61769700050354 0.1596841812133789 17280 0
0.5912995338439941 0.20025300979614258 17227 0
0.6150648593902588 0.19714879989624023 17061 0
0.6036145687103271 0.14562487602233887 17177 0
0.5910730361938477 0.18874812126159668 16901 0
0.60201096534729 0.17520809173583984 16979 0
0.6372814178466797 0.12732791900634766 17664 0
0.6344780921936035 0.1631472110748291 16958 0
0.5997714996337891 0.18146538734436035 17120 0
0.5951931476593018 0.170058012008667 17020 0
0.6174561977386475 0.16247248649597168 17222 0
0.6045153141021729 0.1865687370300293 18289 0
0.6166560649871826 0.13643598556518555 17056 0
0.5973012447357178 0.1406106948852539 15175 0
0.6010136604309082 0.20293569564819336 16797 0
0.6191432476043701 0.18342351913452148 17436 0
0.6334049701690674 0.1903078556060791 17181 0
0.608830451965332 0.1462082862854004 16961 0
0.6190948486328125 0.13625001907348633 17646 0
0.5837430953979492 0.1894514560699463 17673 0
0.603696346282959 0.1423041820526123 17205 0
0.6099238395690918 0.18647360801696777 17705 0
0.6090207099914551 0.19521856307983398 17227 0
0.591562032699585 0.19663023948669434 13753 0
0.59572434425354 0.1811518669128418 17042 0
0.6178817749023438 0.1693103313446045 16673 0
0.6034965515136719 0.2033395767211914 17259 0
0.6268455982208252 0.17698431015014648 17138 0
0.620701789855957 0.187361478805542 18103 0
0.6177470684051514 0.2015221118927002 17810 0
0.5486130714416504 0.14232683181762695 18785 0
0.6316335201263428 0.1419682502746582 17682 0
0.6204884052276611 0.20028948783874512 18166 0
0.6176905632019043 0.12773799896240234 16754 0
0.6332941055297852 0.17632079124450684 18286 0
0.5974874496459961 0.1534731388092041 16901 0
0.6287260055541992 0.16945648193359375 17399 0
0.648529052734375 0.18120145797729492 17042 0
0.6373591423034668 0.1945180892944336 17495 0
0.6093981266021729 0.20187950134277344 17644 0
0.628638744354248 0.20057415962219238 17770 0
0.5968027114868164 0.20870542526245117 17572 0
0.6139707565307617 0.1718153953552246 17477 0
0.6058294773101807 0.20799922943115234 15491 0
0.6178810596466064 0.13246703147888184 17573 0
0.6273739337921143 0.13567686080932617 17895 0
0.6031131744384766 0.19582748413085938 17519 0
0.638784646987915 0.16275334358215332 17659 0
0.6157739162445068 0.16973328590393066 17379 0
0.5990564823150635 0.19455862045288086 17612 0
0.6043667793273926 0.15615105628967285 16802 0
0.6241281032562256 0.17591452598571777 17811 0
0.5849967002868652 0.15530991554260254 17555 0
0.5759329795837402 0.12756681442260742 13301 0
0.6218583583831787 0.19375991821289062 17275 0
0.613844633102417 0.16246724128723145 15875 0
0.6044859886169434 0.20542550086975098 16457 0
0.6358368396759033 0.20826387405395508 17458 0
0.6006453037261963 0.18140268325805664 17963 0
0.5944147109985352 0.19488763809204102 16464 0
0.5988924503326416 0.1565539836883545 18801 0
0.650597333908081 0.16837763786315918 17449 0
0.60304856300354 0.19107890129089355 17605 0
0.5947813987731934 0.12590575218200684 17335 0
0.6419670581817627 0.14620089530944824 17045 0
0.6494021415710449 0.21081137657165527 16490 0
0.6268472671508789 0.13304615020751953 17719 0
0.6176319122314453 0.1816239356994629 18417 0
0.6331744194030762 0.18375325202941895 17250 0
0.6323494911193848 0.17268705368041992 18135 0
0.6329464912414551 0.17165923118591309 17313 0
0.5756931304931641 0.18620824813842773 17890 0
0.5920555591583252 0.22055673599243164 17507 0
0.5961730480194092 0.16261672973632812 15379 0
0.6167738437652588 0.1646125316619873 18053 0
0.6116986274719238 0.18364429473876953 17342 0
0.5996241569519043 0.20933127403259277 17225 0
0.6074116230010986 0.16900300979614258 17199 0
0.6204633712768555 0.1824817657470703 17376 0
0.5879695415496826 0.22344970703125 16740 0
0.603233814239502 0.1672201156616211 15911 0
0.5836246013641357 0.13357925415039062 17303 0
0.6146519184112549 0.13216018676757812 16941 0
0.5652544498443604 0.15548944473266602 12381 0
0.6108129024505615 0.18653225898742676 15806 0
0.6254336833953857 0.21030831336975098 14821 0
0.6203823089599609 0.18639516830444336 14714 0
0.5883760452270508 0.22136831283569336 15140 0
0.621201753616333 0.17517948150634766 15839 0
0.5990676879882812 0.1467728614807129 14890 0
0.6297519207000732 0.14185190200805664 16400 0
0.5920455455780029 0.2107701301574707 15901 0
0.5821628570556641 0.1427016258239746 16086 0
0.5805521011352539 0.17464590072631836 15744 0
0.5926971435546875 0.13651084899902344 15389 0
0.5603487491607666 0.1461324691772461 14375 0
0.6360335350036621 0.17583847045898438 15408 0
0.6002786159515381 0.18802952766418457 15925 0
0.5889015197753906 0.1842660903930664 15461 0
0.5927009582519531 0.2126634120941162 15779 0
0.6246523857116699 0.18533873558044434 15818 0
0.5839545726776123 0.12620782852172852 15652 0
0.5864963531494141 0.19844388961791992 15430 0
0.5792474746704102 0.1826472282409668 14668 0
0.5831642150878906 0.17918729782104492 15860 0
0.599292516708374 0.18721604347229004 16606 0
0.6482903957366943 0.16183257102966309 15847 0
0.5792827606201172 0.22598505020141602 16203 0
0.6181120872497559 0.21375155448913574 16087 0
0.6167020797729492 0.13912391662597656 16376 0
0.6158239841461182 0.1454763412475586 14807 0
0.5962138175964355 0.13399219512939453 15667 0
0.5933160781860352 0.21230840682983398 15591 0
0.60296630859375 0.1504833698272705 12573 0
0.632683277130127 0.14081692695617676 15620 0
0.5901830196380615 0.12770295143127441 14447 0
0.6149609088897705 0.20244097709655762 14973 0
0.5906846523284912 0.2072134017944336 15486 0
0.6180310249328613 0.14128828048706055 15421 0
0.607151985168457 0.18945765495300293 15137 0
0.5941898822784424 0.18769335746765137 16153 0
0.6196465492248535 0.1423046588897705 15814 0
0.5964605808258057 0.20776772499084473 16634 0
0.5786256790161133 0.146956205368042 16429 0
0.5935397148132324 0.20467066764831543 16276 0
0.5875210762023926 0.14352989196777344 14623 0
0.6163299083709717 0.14754390716552734 16458 0
0.5992124080657959 0.1991286277770996 16624 0
0.5718438625335693 0.1821761131286621 16481 0
0.6218373775482178 0.19989824295043945 16682 0
0.6539173126220703 0.14018917083740234 16190 0
0.6324899196624756 0.13985681533813477 15988 0
0.6148910522460938 0.2023155689239502 16191 0
0.5877628326416016 0.21133732795715332 14218 0
0.606144905090332 0.182373046875 15894 0
0.5893549919128418 0.1896212100982666 16438 0
0.5991215705871582 0.18390989303588867 15850 0
0.6115496158599854 0.17527532577514648 15965 0
0.6065077781677246 0.19410204887390137 15947 0
0.5991392135620117 0.20195508003234863 16159 0
0.578270673751831 0.17103862762451172 15311 0
0.5887434482574463 0.17501425743103027 16002 0
0.5965447425842285 0.18907618522644043 15704 0
0.615302324295044 0.15143895149230957 11920 0
0.5805797576904297 0.21899676322937012 15240 0
0.5787374973297119 0.12689733505249023 14111 0
0.592315673828125 0.15497612953186035 14792 0
0.6196877956390381 0.15461063385009766 15816 0
0.6191840171813965 0.1503598690032959 15968 0
0.6130936145782471 0.1891188621520996 15393 0
0.6382894515991211 0.14720463752746582 15939 0
0.616736650466919 0.21068906784057617 15996 0
0.5945994853973389 0.15480971336364746 16088 0
0.6345996856689453 0.13566136360168457 15965 0
0.5971083641052246 0.17382287979125977 15835 0
0.6037735939025879 0.15082192420959473 13914 0
0.6097960472106934 0.2143704891204834 16494 0
0.5928971767425537 0.1891465187072754 15829 0
0.6083128452301025 0.17944931983947754 15760 0
0.6286792755126953 0.1447584629058838 16151 0
0.615962028503418 0.19722962379455566 16112 0
0.6020042896270752 0.16753935813903809 16222 0
0.6112852096557617 0.14294791221618652 15592 0
0.5798964500427246 0.21112418174743652 13918 0
0.5930519104003906 0.13070130348205566 15941 0
0.6093196868896484 0.19417691230773926 15850 0
0.6040594577789307 0.20179343223571777 15997 0
0.6198203563690186 0.15633773803710938 16278 0
0.6126477718353271 0.14563250541687012 16219 0
0.6117098331451416 0.14712738990783691 15799 0
0.5839295387268066 0.16596460342407227 14914 0
0.6088395118713379 0.1697063446044922 16363 0
0.5953426361083984 0.20208454132080078 15787 0
0.5998075008392334 0.1347332000732422 12724 0
0.601531982421875 0.15747904777526855 15536 0
0.6076695919036865 0.13846325874328613 13479 0
0.6008157730102539 0.1791536808013916 15786 0
0.6061415672302246 0.2210376262664795 15654 0
0.5948176383972168 0.19120287895202637 16166 0
0.6188037395477295 0.14666080474853516 15326 0
0.6069896221160889 0.16703438758850098 16240 0
0.5902187824249268 0.21679162979125977 16632 0
0.6599047183990479 0.15933918952941895 16567 0
0.6313087940216064 0.13042545318603516 16333 0
0.6414844989776611 0.15875482559204102 16090 0
0.6047894954681396 0.1416628360748291 14536 0
0.6150860786437988 0.13827967643737793 15677 0
0.6077454090118408 0.18735980987548828 15807 0
0.5903661251068115 0.1499936580657959 16190 0
0.6413867473602295 0.19134879112243652 16152 0
0.6322793960571289 0.13951873779296875 16244 0
0.6241257190704346 0.1402144432067871 16200 0
0.6230831146240234 0.12820744514465332 15778 0
0.6016662120819092 0.15516138076782227 14346 0
0.61578369140625 0.1990060806274414 15564 0
0.6350514888763428 0.1484992504119873 17564 0
0.6388757228851318 0.21817827224731445 17275 0
0.6031367778778076 0.13694548606872559 17498 0
0.6522977352142334 0.14446473121643066 18122 0
0.6341960430145264 0.14687728881835938 17697 0
0.6113886833190918 0.2057795524597168 18123 0
0.6153123378753662 0.2121422290802002 18000 0
0.614124059677124 0.13984942436218262 17566 0
0.6268117427825928 0.17819595336914062 17459 0
0.6109488010406494 0.21701383590698242 17378 0
0.5939393043518066 0.12914371490478516 16993 0
0.6085567474365234 0.14450335502624512 17178 0
0.6250479221343994 0.15973544120788574 17256 0
0.6476314067840576 0.15613579750061035 17364 0
0.6124229431152344 0.18726372718811035 17533 0
0.614464282989502 0.2122790813446045 18226 0
0.6342723369598389 0.1830761432647705 17430 0
0.649083137512207 0.18078827857971191 17921 0
0.6533052921295166 0.20630359649658203 17896 0
0.6165685653686523 0.16354608535766602 17251 0
0.5878458023071289 0.17194056510925293 16819 0
0.6074156761169434 0.21790695190429688 16944 0
0.6344397068023682 0.20261883735656738 17060 0
0.6089298725128174 0.1952228546142578 16664 0
0.6027648448944092 0.20574069023132324 17211 0
0.5905992984771729 0.1512892246246338 16720 0
0.6047928333282471 0.15880656242370605 16788 0
0.6212449073791504 0.15082669258117676 17777 0
0.6118099689483643 0.20549869537353516 17189 0
0.6539809703826904 0.16694903373718262 17519 0
0.5996079444885254 0.16486001014709473 17167 0
0.6039433479309082 0.18382692337036133 17532 0
0.5878093242645264 0.2063288688659668 17050 0
0.5934901237487793 0.21116209030151367 16998 0
0.618720293045044 0.20341038703918457 16606 0
0.6288483142852783 0.16765880584716797 16814 0
0.5994901657104492 0.13344836235046387 16870 0
0.622122049331665 0.1705796718597412 17295 0
0.6240408420562744 0.1177971363067627 17306 0
0.5978035926818848 0.1982729434967041 16900 0
0.6484715938568115 0.14129257202148438 16807 0
0.5978820323944092 0.19756317138671875 17015 0
0.5812861919403076 0.18036341667175293 17426 0
0.6503567695617676 0.1313762664794922 16498 0
0.612412691116333 0.19081616401672363 17399 0
0.606147050857544 0.1754295825958252 16854 0
0.606128454208374 0.17401695251464844 16345 0
0.586951494216919 0.17155814170837402 17352 0
0.6080584526062012 0.2170405387878418 17328 0
0.6052396297454834 0.16314482688903809 16856 0
0.6120507717132568 0.17084264755249023 18619 0
0.6017603874206543 0.15779495239257812 17764 0
0.5946450233459473 0.1807858943939209 17442 0
0.6044635772705078 0.2148420810699463 17454 0
0.6327877044677734 0.2010936737060547 17282 0
0.5764427185058594 0.209181547164917 17123 0
0.6401567459106445 0.14144110679626465 17130 0
0.6226067543029785 0.1988520622253418 17246 0
0.653052568435669 0.18866920471191406 17880 0
0.6219439506530762 0.18838095664978027 17365 0
0.6166267395019531 0.1403191089630127 17582 0
0.5690617561340332 0.20801258087158203 17884 0
0.6151649951934814 0.1821901798248291 17525 0
0.6592421531677246 0.16291236877441406 17933 0
0.6025919914245605 0.15997767448425293 18888 0
0.6351029872894287 0.18288588523864746 17692 0
0.5841035842895508 0.1878509521484375 18262 0
0.6346807479858398 0.14750981330871582 17935 0
0.6421308517456055 0.15079903602600098 18157 0
0.6188886165618896 0.1666860580444336 17790 0
0.6208844184875488 0.17235708236694336 17247 0
0.6010499000549316 0.19597482681274414 17484 0
0.615278959274292 0.18346595764160156 16641 0
0.6076548099517822 0.1714327335357666 18488 0
0.6368198394775391 0.18764305114746094 18244 0
0.6063199043273926 0.20656609535217285 18486 0
0.6058950424194336 0.18788814544677734 18079 0
0.5977945327758789 0.19822454452514648 18821 0
0.6180832386016846 0.16918563842773438 18816 0
0.6245982646942139 0.2080669403076172 18756 0
0.590599775314331 0.21117877960205078 19170 0
0.6354975700378418 0.1864469051361084 19227 0
0.6075301170349121 0.15902495384216309 16454 0
0.6097700595855713 0.19346165657043457 15998 0
0.6069557666778564 0.19721126556396484 18308 0
0.6496059894561768 0.1482372283935547 19731 0
0.5955767631530762 0.20001482963562012 16957 0
0.6189332008361816 0.13356375694274902 18022 0
0.626922607421875 0.13410496711730957 16762 0
0.6193478107452393 0.21626543998718262 17168 0
0.5941987037658691 0.1871185302734375 16985 0
0.5706431865692139 0.13151168823242188 18151 0
0.6224517822265625 0.20657610893249512 18140 0
0.6071920394897461 0.14647388458251953 17369 0
0.6408350467681885 0.14127111434936523 18489 0
0.6195623874664307 0.16603398323059082 17991 0
0.6144454479217529 0.14390206336975098 16461 0
0.6330935955047607 0.13734889030456543 18994 0
0.6092584133148193 0.1699845790863037 18117 0
0.6411175727844238 0.15321922302246094 17863 0
0.6355793476104736 0.13686585426330566 19144 0
0.6345162391662598 0.19279909133911133 19334 0
0.6211278438568115 0.14582204818725586 16222 0
0.6461629867553711 0.19421172142028809 19366 0
0.6183464527130127 0.18344426155090332 19562 0
0.6275556087493896 0.1975996494293213 19423 0
0.6083338260650635 0.21224617958068848 19414 0
0.6276473999023438 0.21390843391418457 19840 0
0.6422944068908691 0.18311476707458496 19911 0
0.6124207973480225 0.1995682716369629 20030 0
0.6379780769348145 0.21520543098449707 19158 0
0.6334319114685059 0.17540311813354492 19604 0
0.5935425758361816 0.17661833763122559 20422 0
0.6074402332305908 0.20396661758422852 19867 0
0.6041977405548096 0.15874123573303223 19745 0
0.6185338497161865 0.14545273780822754 19500 0
0.6156911849975586 0.2218017578125 18812 0
0.613105058670044 0.14673662185668945 19211 0
0.6280558109283447 0.18199658393859863 19684 0
0.6125082969665527 0.18300795555114746 19911 0
0.6180517673492432 0.20038080215454102 18609 0
0.6415688991546631 0.14494585990905762 19582 0
0.5862066745758057 0.1939830780029297 19440 0
0.6519770622253418 0.18619656562805176 18579 0
0.6460981369018555 0.20336055755615234 19681 0
0.6446871757507324 0.14665699005126953 19622 0
0.5972821712493896 0.1548147201538086 16979 0
0.6166834831237793 0.15899872779846191 19352 0
0.6154732704162598 0.14824867248535156 18172 0
0.6169135570526123 0.20053458213806152 18041 0
0.6306734085083008 0.21197819709777832 18774 0
0.5883927345275879 0.1959536075592041 19559 0
0.6307477951049805 0.15723323822021484 17573 0
0.6117985248565674 0.21599102020263672 18915 0
0.6016325950622559 0.18857312202453613 19093 0
0.6338512897491455 0.17285394668579102 19250 0
0.6324703693389893 0.2024390697479248 19287 0
0.6326830387115479 0.20572876930236816 19680 0
0.6340060234069824 0.17221665382385254 19167 0
0.6280930042266846 0.2084357738494873 19363 0
0.6188640594482422 0.1845076084136963 19796 0
0.6156938076019287 0.20159482955932617 20191 0
0.6122071743011475 0.17639708518981934 19513 0
0.6318676471710205 0.1559135913848877 19881 0
0.6061356067657471 0.1962735652923584 19547 0
0.6263554096221924 0.2023143768310547 20049 0
0.6282858848571777 0.19825506210327148 20305 0
0.6345987319946289 0.15752148628234863 19540 0
0.5770468711853027 0.1838850975036621 19635 0
0.6068410873413086 0.2114558219909668 19120 0
0.6651487350463867 0.20963740348815918 19887 0
0.6157641410827637 0.19162726402282715 19717 0
0.6393184661865234 0.13532328605651855 19879 0
0.6183602809906006 0.22142386436462402 19121 0
0.6167669296264648 0.1828138828277588 19488 0
0.6435604095458984 0.17497968673706055 20390 0
0.6067242622375488 0.13163399696350098 16888 0
0.6161403656005859 0.21477246284484863 19680 0
0.639448881149292 0.21520543098449707 19355 0
0.6221761703491211 0.14301753044128418 19165 0
0.6663360595703125 0.1362476348876953 20357 0
0.6074745655059814 0.20941662788391113 20519 0
0.650123119354248 0.15774154663085938 18171 0
0.6458730697631836 0.2067875862121582 20678 0
0.607722282409668 0.22588086128234863 20175 0
0.6287033557891846 0.17306947708129883 20743 0
0.6460742950439453 0.13495874404907227 20284 0
0.6501767635345459 0.19772863388061523 18754 0
0.6293084621429443 0.20313096046447754 18940 0
0.6421749591827393 0.20331692695617676 18570 0
0.6358718872070312 0.17505812644958496 19135 0
0.6191596984863281 0.14934039115905762 18803 0
0.6404459476470947 0.14362239837646484 18772 0
0.6298830509185791 0.16489553451538086 19065 0
0.6445169448852539 0.17773818969726562 18599 0
0.6314189434051514 0.20221614837646484 18976 0
0.6329724788665771 0.18151307106018066 18155 0
0.6202850341796875 0.13104867935180664 18658 0
0.6133296489715576 0.1381368637084961 19193 0
0.6113839149475098 0.1788923740386963 18881 0
0.6029019355773926 0.20259976387023926 19438 0
0.6101922988891602 0.13998675346374512 18386 0
0.6322019100189209 0.1757962703704834 18826 0
0.5938270092010498 0.20910048484802246 18519 0
0.6094415187835693 0.17502212524414062 18357 0
0.6137950420379639 0.16054272651672363 18063 0
0.6198132038116455 0.14384078979492188 18091 0
0.6279597282409668 0.2071094512939453 17631 0
0.620642900466919 0.16417908668518066 18265 0
0.6084470748901367 0.1561872959136963 17793 0
0.6192717552185059 0.1514449119567871 18492 0
0.5672414302825928 0.18157005310058594 18529 0
0.5988492965698242 0.17862963676452637 18553 0
0.6059362888336182 0.19249653816223145 18400 0
0.6228299140930176 0.21288156509399414 18596 0
0.6450560092926025 0.12265491485595703 19434 0
