0.4456465244293213 0.1657395362854004 14872 0
0.4713752269744873 0.14230632781982422 14407 0
0.4517645835876465 0.1274552345275879 15334 0
0.40848565101623535 0.14571642875671387 14873 0
0.43361473083496094 0.17072200775146484 15493 0
0.47573208808898926 0.14612174034118652 16836 0
0.46810269355773926 0.15499544143676758 16412 0
0.45250630378723145 0.13496685028076172 15939 0
0.460125207901001 0.1359100341796875 16048 0
0.45238518714904785 0.14554786682128906 16131 0
0.3808276653289795 0.14456725120544434 15304 0
0.4520421028137207 0.13303756713867188 14851 0
0.462740421295166 0.19608211517333984 15933 0
0.45084047317504883 0.1351776123046875 15527 0
0.4472057819366455 0.21463966369628906 11409 0
0.4486196041107178 0.19983935356140137 14914 0
0.4524688720703125 0.1408538818359375 14436 0
0.4524085521697998 0.1379554271697998 14008 0
0.4364771842956543 0.18976140022277832 13116 0
0.4732646942138672 0.15265226364135742 14463 0
0.44908690452575684 0.15635228157043457 14362 0
0.4669840335845947 0.1715860366821289 13753 0
0.4465138912200928 0.13481569290161133 14890 0
0.4406716823577881 0.16652274131774902 15762 0
0.44238781929016113 0.14453935623168945 15498 0
0.4506263732910156 0.14358735084533691 15067 0
0.44571805000305176 0.18219757080078125 13753 0
0.44441771507263184 0.18450498580932617 14816 0
0.45290565490722656 0.14859342575073242 15448 0
0.43123626708984375 0.13251185417175293 13826 0
0.4369089603424072 0.13268232345581055 14836 0
0.44214463233947754 0.14171719551086426 15638 0
0.4485042095184326 0.14939260482788086 14836 0
0.4753439426422119 0.20659208297729492 14944 0
0.44545435905456543 0.14973163604736328 13896 0
0.4541819095611572 0.19308996200561523 16337 0
0.45360827445983887 0.18552660942077637 17444 0
0.46773481369018555 0.20151805877685547 16468 0
0.4600543975830078 0.16379499435424805 17434 0
0.4581172466278076 0.14465641975402832 15741 0
0.47126340866088867 0.18877196311950684 13868 0
0.45675110816955566 0.17136263847351074 14467 0
0.4737675189971924 0.125199556350708 16307 0
0.4381687641143799 0.16447997093200684 16009 0
0.43240904808044434 0.17087864875793457 12776 0
0.45516276359558105 0.18080592155456543 15442 0
0.4681415557861328 0.18332195281982422 15949 0
0.46883630752563477 0.19300007820129395 15154 0
0.4392108917236328 0.13338661193847656 16251 0
0.44141197204589844 0.13242650032043457 15933 0
0.4702110290527344 0.16679143905639648 15646 0
0.4639437198638916 0.19527792930603027 16073 0
0.4659914970397949 0.15160608291625977 16012 0
0.4476649761199951 0.130279541015625 16122 0
0.4507293701171875 0.13957524299621582 16546 0
0.45331430435180664 0.14432644844055176 16070 0
0.4438445568084717 0.17310714721679688 16127 0
0.4378926753997803 0.13502717018127441 16811 0
0.47595739364624023 0.1756899356842041 16907 0
0.44022321701049805 0.13382530212402344 15966 0
0.43793678283691406 0.13741803169250488 15484 0
0.433164119720459 0.15048480033874512 15814 0
0.45676660537719727 0.14737653732299805 15438 0
0.47847795486450195 0.13857460021972656 15161 0
0.47061753273010254 0.14739680290222168 14525 0
0.4411301612854004 0.17612695693969727 15467 0
0.4389834403991699 0.21764302253723145 15447 0
0.4695315361022949 0.1842036247253418 15853 0
0.43524885177612305 0.21240949630737305 15059 0
0.45533180236816406 0.13673734664916992 15367 0
0.4488391876220703 0.14223861694335938 14898 0
0.45287346839904785 0.12772822380065918 14323 0
0.4455869197845459 0.138916015625 15469 0
0.43602681159973145 0.18825745582580566 14918 0
0.4520435333251953 0.14355993270874023 11479 0
0.3985140323638916 0.1278984546661377 15035 0
0.456268310546875 0.17900824546813965 14840 0
0.42473340034484863 0.17055773735046387 14019 0
0.4430058002471924 0.14158296585083008 14797 0
0.44429492950439453 0.17625665664672852 14383 0
0.4463508129119873 0.14832639694213867 14912 0
0.45154237747192383 0.14687442779541016 15495 0
0.45163702964782715 0.20846199989318848 15093 0
0.42889976501464844 0.13235187530517578 15174 0
0.4489021301269531 0.19220995903015137 16581 0
0.4445350170135498 0.12819933891296387 16075 0
0.4383261203765869 0.1784040927886963 14439 0
0.44940996170043945 0.18996715545654297 15913 0
0.46490049362182617 0.18671298027038574 15557 0
0.4483482837677002 0.13975000381469727 16400 0
0.4840869903564453 0.17612385749816895 15963 0
0.47231245040893555 0.1316518783569336 15691 0
0.42970705032348633 0.16136837005615234 15660 0
0.4365091323852539 0.16263723373413086 14891 0
0.44164347648620605 0.1310567855834961 15659 0
0.4366292953491211 0.14096856117248535 15709 0
0.45412492752075195 0.14062213897705078 11618 0
0.4552476406097412 0.21525883674621582 15737 0
0.44620585441589355 0.17309260368347168 15898 0
0.44299745559692383 0.13263201713562012 14539 0
0.4472784996032715 0.16323280334472656 15330 0
0.43979573249816895 0.15172600746154785 14765 0
0.4484677314758301 0.14879059791564941 15363 0
0.44464874267578125 0.14336347579956055 16274 0
0.4409291744232178 0.16395330429077148 15860 0
0.46528148651123047 0.17353057861328125 15662 0
0.44809508323669434 0.14006924629211426 16558 0
0.44425034523010254 0.15198326110839844 17220 0
0.443819522857666 0.20865607261657715 16918 0
0.4467740058898926 0.18178677558898926 16367 0
0.45165085792541504 0.19078612327575684 16016 0
0.45568037033081055 0.2150876522064209 16136 0
0.46813392639160156 0.1276860237121582 16713 0
0.4630742073059082 0.17194485664367676 16505 0
0.46277499198913574 0.166184663772583 15679 0
0.4358952045440674 0.137237548828125 16340 0
0.42331361770629883 0.14154815673828125 13548 0
0.4402618408203125 0.1783287525177002 16672 0
0.47307515144348145 0.15466952323913574 16350 0
0.47623133659362793 0.14468646049499512 16465 0
0.48078083992004395 0.1600816249847412 15510 0
0.4748966693878174 0.16692113876342773 16036 0
0.44499754905700684 0.12787389755249023 15860 0
0.44759416580200195 0.13248991966247559 15115 0
0.44768762588500977 0.13893532752990723 15992 0
0.4486980438232422 0.12798023223876953 15969 0
0.42882299423217773 0.1493384838104248 12030 0
0.48426198959350586 0.1438295841217041 14891 0
0.4439990520477295 0.1787395477294922 12605 0
0.4454803466796875 0.20954418182373047 13223 0
0.45371341705322266 0.12739157676696777 14588 0
0.44599366188049316 0.2008674144744873 13840 0
0.4745051860809326 0.14357686042785645 13673 0
0.4787883758544922 0.13308477401733398 15056 0
0.4803504943847656 0.15173029899597168 14983 0
0.4665811061859131 0.13276314735412598 15580 0
0.474837064743042 0.14009523391723633 15246 0
0.41413331031799316 0.13907575607299805 15547 0
0.4594228267669678 0.1408231258392334 15302 0
0.4577031135559082 0.1349794864654541 15465 0
0.4522571563720703 0.1533064842224121 16069 0
0.437868595123291 0.1490468978881836 16152 0
0.4564554691314697 0.13999533653259277 15864 0
0.47165417671203613 0.17688560485839844 15818 0
0.4522519111633301 0.20615601539611816 15536 0
0.45798182487487793 0.14275121688842773 16967 0
0.4561159610748291 0.13836193084716797 16517 0
0.44915056228637695 0.12727952003479004 15992 0
0.4646317958831787 0.20418763160705566 14903 0
0.4645872116088867 0.14066171646118164 14904 0
0.4307670593261719 0.20106124877929688 16540 0
0.4656410217285156 0.15555620193481445 18264 0
0.4421834945678711 0.2068018913269043 17450 0
0.4634418487548828 0.13417625427246094 16769 0
0.4695894718170166 0.14992380142211914 16668 0
0.44182705879211426 0.16243553161621094 16401 0
0.4452362060546875 0.15751385688781738 12303 0
0.44771480560302734 0.201218843460083 14985 0
0.4815502166748047 0.16732406616210938 15529 0
0.4642031192779541 0.16140389442443848 13670 0
0.4588487148284912 0.14388060569763184 13366 0
0.44937801361083984 0.1439042091369629 13563 0
0.47202014923095703 0.13342761993408203 13659 0
0.4670279026031494 0.13521838188171387 13831 0
0.44954705238342285 0.13992524147033691 14684 0
0.514441728591919 0.1298503875732422 14045 0
0.4678957462310791 0.1647634506225586 14257 0
0.47092652320861816 0.15271949768066406 15518 0
0.45159077644348145 0.16899514198303223 14867 0
0.4511702060699463 0.1856069564819336 16669 0
0.4305393695831299 0.19688796997070312 14482 0
0.4533371925354004 0.14281916618347168 16010 0
0.4356827735900879 0.19072365760803223 15993 0
0.46354222297668457 0.1481037139892578 16346 0
0.4454774856567383 0.13954424858093262 16108 0
0.44732213020324707 0.13573813438415527 16180 0
0.44564199447631836 0.13231611251831055 14795 0
0.43785595893859863 0.16378426551818848 16066 0
0.4517405033111572 0.1506643295288086 16767 0
0.45712709426879883 0.13508152961730957 16488 0
0.4516570568084717 0.14130473136901855 15833 0
0.44754981994628906 0.18621206283569336 15596 0
0.4651012420654297 0.14659714698791504 15549 0
0.46584510803222656 0.13575482368469238 15122 0
0.457639217376709 0.16663765907287598 15537 0
0.44084644317626953 0.1388416290283203 15685 0
0.45948076248168945 0.13630294799804688 11760 0
0.45925378799438477 0.14483284950256348 16060 0
0.4595613479614258 0.18034744262695312 15924 0
0.43388819694519043 0.13988518714904785 14805 0
0.48175859451293945 0.18160247802734375 15072 0
0.4498744010925293 0.16420412063598633 15374 0
0.4372427463531494 0.13415265083312988 15744 0
0.4426388740539551 0.14005374908447266 16283 0
0.4432392120361328 0.14381074905395508 15852 0
0.44382333755493164 0.14091157913208008 15876 0
0.4625849723815918 0.1484987735748291 15916 0
0.45725226402282715 0.19825291633605957 15875 0
0.45208740234375 0.13903021812438965 16088 0
0.44978880882263184 0.16552305221557617 15783 0
0.4558677673339844 0.16246747970581055 15786 0
0.4642324447631836 0.1541299819946289 13635 0
0.41320109367370605 0.1428678035736084 12388 0
0.4455389976501465 0.13799715042114258 12952 0
0.46357131004333496 0.13845610618591309 12454 0
0.4570431709289551 0.15386533737182617 13388 0
0.41625046730041504 0.12628674507141113 12908 0
0.4654514789581299 0.1524217128753662 13372 0
0.4642603397369385 0.13548588752746582 13880 0
0.449629545211792 0.16162848472595215 13813 0
0.44830989837646484 0.14700078964233398 13428 0
0.4440298080444336 0.21184015274047852 14253 0
0.44237828254699707 0.2043013572692871 13524 0
0.436476469039917 0.21368837356567383 13132 0
0.4466557502746582 0.18519330024719238 12977 0
0.44745635986328125 0.1516587734222412 12625 0
0.44118452072143555 0.13442754745483398 12759 0
0.4124021530151367 0.13728094100952148 11244 0
0.4588327407836914 0.12795281410217285 13106 0
0.46167945861816406 0.15736031532287598 13208 0
0.4618253707885742 0.1501932144165039 13286 0
0.4669826030731201 0.14652395248413086 13419 0
0.45923924446105957 0.15667486190795898 13165 0
0.40929341316223145 0.15778255462646484 13256 0
0.4564065933227539 0.132127046585083 13569 0
0.4367833137512207 0.21519970893859863 13131 0
0.4408681392669678 0.1739339828491211 13018 0
0.44556546211242676 0.1375727653503418 13391 0
0.45526957511901855 0.1490621566772461 12939 0
0.4459409713745117 0.1555180549621582 13416 0
0.4816780090332031 0.18438935279846191 14230 0
0.4414408206939697 0.14930295944213867 12930 0
0.4388854503631592 0.16584992408752441 12548 0
0.44407200813293457 0.18459749221801758 12812 0
0.44936394691467285 0.18762540817260742 13616 0
0.4605376720428467 0.1773207187652588 13577 0
0.4641098976135254 0.14386439323425293 13207 0
0.4458959102630615 0.14718055725097656 13426 0
0.4694805145263672 0.14450907707214355 13202 0
0.4809904098510742 0.15345287322998047 12659 0
0.4462544918060303 0.19907212257385254 12624 0
0.4433250427246094 0.14010167121887207 12887 0
0.4472846984863281 0.13769960403442383 13716 0
0.4288978576660156 0.12458252906799316 13020 0
0.4654510021209717 0.17576289176940918 13061 0
0.44844794273376465 0.1386244297027588 13094 0
0.4429130554199219 0.17644405364990234 12976 0
0.449904203414917 0.2065126895904541 12146 0
0.44909048080444336 0.15417861938476562 12924 0
0.418245792388916 0.15194487571716309 12858 0
0.44200682640075684 0.18273282051086426 13277 0
0.4546961784362793 0.1528034210205078 13021 0
0.4488353729248047 0.11843085289001465 13143 0
0.48304104804992676 0.1402599811553955 13109 0
0.45322704315185547 0.12898945808410645 13249 0
0.44521307945251465 0.13550424575805664 12921 0
0.44341135025024414 0.17256855964660645 13533 0
0.4377892017364502 0.1467444896697998 12803 0
0.4449584484100342 0.1385631561279297 12535 0
0.45198869705200195 0.1753687858581543 12666 0
0.45026516914367676 0.1434309482574463 12943 0
0.41379714012145996 0.1453542709350586 12915 0
0.46056699752807617 0.14912033081054688 13290 0
0.456573486328125 0.1407334804534912 13036 0
0.4412260055541992 0.16394782066345215 13188 0
0.44374704360961914 0.19712281227111816 12849 0
0.45147109031677246 0.1391768455505371 13307 0
0.4602811336517334 0.15037989616394043 13177 0
0.4493718147277832 0.12419986724853516 13068 0
0.4371523857116699 0.1475515365600586 13412 0
0.4561612606048584 0.1658318042755127 13294 0
0.44814300537109375 0.17409229278564453 13163 0
0.473757266998291 0.13789057731628418 13810 0
0.4779059886932373 0.1723496913909912 15178 0
0.46181392669677734 0.13162994384765625 15174 0
0.44413065910339355 0.15439462661743164 13749 0
0.4604320526123047 0.13970685005187988 17189 0
0.47644495964050293 0.1260666847229004 15708 0
0.45388102531433105 0.18916606903076172 16926 0
0.4426004886627197 0.1314699649810791 16278 0
0.47194957733154297 0.13340044021606445 15529 0
0.449751615524292 0.13251090049743652 15100 0
0.4151489734649658 0.1564319133758545 15961 0
0.42507314682006836 0.12363696098327637 15563 0
0.45133137702941895 0.20256519317626953 15325 0
0.4584543704986572 0.20725607872009277 15094 0
0.44717931747436523 0.14201807975769043 13730 0
0.4452548027038574 0.2058088779449463 14080 0
0.4491615295410156 0.22043061256408691 12771 0
0.44440340995788574 0.15025544166564941 13366 0
0.4384334087371826 0.15657782554626465 13868 0
0.4433133602142334 0.17281794548034668 13052 0
0.4474647045135498 0.2318122386932373 13547 0
0.4417290687561035 0.1535029411315918 13884 0
0.4535350799560547 0.15340328216552734 13400 0
0.46376585960388184 0.1594696044921875 13607 0
0.4536871910095215 0.14416265487670898 13417 0
0.436115026473999 0.18010592460632324 13640 0
0.44063735008239746 0.15045595169067383 13687 0
0.44122910499572754 0.19849205017089844 10854 0
0.4586014747619629 0.14535856246948242 14450 0
0.4612419605255127 0.16809821128845215 13842 0
0.44851160049438477 0.1326735019683838 13545 0
0.44847726821899414 0.13905715942382812 14231 0
0.44649338722229004 0.21606111526489258 14079 0
0.43413639068603516 0.13492035865783691 14018 0
0.4356112480163574 0.13558101654052734 13660 0
0.4445466995239258 0.1807866096496582 13507 0
0.4429931640625 0.19045114517211914 13606 0
0.4626002311706543 0.14516973495483398 13149 0
0.45551562309265137 0.14031672477722168 13061 0
0.4344513416290283 0.1972179412841797 13193 0
0.4407963752746582 0.14256763458251953 13734 0
0.4472188949584961 0.12878108024597168 13897 0
0.4335775375366211 0.1482105255126953 13703 0
0.44963550567626953 0.12194705009460449 13621 0
0.4511997699737549 0.19291472434997559 13544 0
0.44902729988098145 0.14617490768432617 13606 0
0.4312729835510254 0.13485193252563477 13609 0
0.44741177558898926 0.14831089973449707 13714 0
0.4302480220794678 0.17377734184265137 13517 0
0.45737433433532715 0.15623211860656738 13485 0
0.43538570404052734 0.15495944023132324 13271 0
0.46598362922668457 0.1423335075378418 13766 0
0.4340388774871826 0.11991262435913086 13238 0
0.4782741069793701 0.18922066688537598 12952 0
0.45305562019348145 0.151444673538208 13037 0
0.4794471263885498 0.16741943359375 13840 0
0.4567115306854248 0.13972258567810059 13586 0
0.4485132694244385 0.15576958656311035 10514 0
0.46624255180358887 0.1497335433959961 13393 0
0.4480149745941162 0.18975234031677246 13819 0
0.45824646949768066 0.13962531089782715 13051 0
0.46950483322143555 0.17652630805969238 13912 0
0.4477384090423584 0.14490699768066406 15446 0
0.45012712478637695 0.1477336883544922 13697 0
0.43684816360473633 0.14087724685668945 14286 0
0.45481085777282715 0.14184308052062988 13999 0
0.4551115036010742 0.13827753067016602 13833 0
0.47098851203918457 0.14553189277648926 13551 0
0.42435288429260254 0.21327686309814453 13585 0
0.452472448348999 0.1751723289489746 13867 0
0.41904258728027344 0.1775979995727539 13444 0
0.5193655490875244 0.2128908634185791 13502 0
0.46211910247802734 0.14141178131103516 13409 0
0.456378698348999 0.1535196304321289 13399 0
0.438096284866333 0.14082646369934082 13775 0
0.4537668228149414 0.22382402420043945 13555 0
0.4436936378479004 0.13276910781860352 13615 0
0.4697697162628174 0.19968247413635254 13450 0
0.46706151962280273 0.19077706336975098 12859 0
0.44855356216430664 0.20478415489196777 13419 0
0.47474002838134766 0.14136910438537598 12946 0
0.46906304359436035 0.14396023750305176 13695 0
0.44805431365966797 0.20468497276306152 13461 0
0.4345979690551758 0.20894956588745117 13172 0
0.4371519088745117 0.14409828186035156 12870 0
0.4356851577758789 0.14183902740478516 13805 0
0.45053815841674805 0.1646256446838379 13749 0
0.46875953674316406 0.19421672821044922 10358 0
0.4540708065032959 0.14908838272094727 13026 0
0.44818830490112305 0.15069103240966797 13470 0
0.4362046718597412 0.13995790481567383 12695 0
0.465317964553833 0.20058345794677734 13542 0
0.45859217643737793 0.13678431510925293 13801 0
0.45877838134765625 0.20540738105773926 11738 0
0.45688867568969727 0.1287541389465332 10206 0
0.4645266532897949 0.19116783142089844 13018 0
0.4633350372314453 0.14731764793395996 13778 0
0.4476606845855713 0.15358781814575195 14449 0
0.44853973388671875 0.14645886421203613 14380 0
0.43269944190979004 0.1439189910888672 14081 0
0.41715168952941895 0.13768959045410156 14356 0
0.4373335838317871 0.17640447616577148 14184 0
0.4453279972076416 0.1705608367919922 13931 0
0.4256589412689209 0.1433088779449463 10999 0
0.4349191188812256 0.13854098320007324 10604 0
0.4212803840637207 0.1405942440032959 13949 0
0.4591076374053955 0.1269388198852539 14254 0
0.46990418434143066 0.178971529006958 13595 0
0.4518580436706543 0.1281297206878662 13449 0
0.45206713676452637 0.21368837356567383 13936 0
0.4345691204071045 0.1711282730102539 13813 0
0.44196176528930664 0.17410755157470703 14345 0
0.44812870025634766 0.15286779403686523 14337 0
0.42216014862060547 0.13235878944396973 14110 0
0.4399280548095703 0.1999349594116211 13334 0
0.45363759994506836 0.1930549144744873 14368 0
0.45223355293273926 0.12214398384094238 14188 0
0.46204137802124023 0.15395259857177734 12286 0
0.4068434238433838 0.19987869262695312 14019 0
0.45781397819519043 0.1403346061706543 14139 0
0.46650075912475586 0.18932485580444336 13871 0
0.44593119621276855 0.14899682998657227 13947 0
0.443591833114624 0.14176344871520996 13946 0
0.44762325286865234 0.2153615951538086 13752 0
0.44515180587768555 0.18938302993774414 13522 0
0.4449198246002197 0.14987993240356445 14013 0
0.44999170303344727 0.18236947059631348 13565 0
0.46198582649230957 0.17813563346862793 13556 0
0.445847749710083 0.16267609596252441 14456 0
0.4524080753326416 0.19274234771728516 13879 0
0.4624452590942383 0.17798757553100586 14160 0
0.46439409255981445 0.15765690803527832 13987 0
0.4391968250274658 0.18790125846862793 14867 0
0.45136260986328125 0.1477978229522705 14574 0
0.4634239673614502 0.15056324005126953 13636 0
0.44838428497314453 0.22514986991882324 13567 0
0.44842958450317383 0.20492887496948242 14068 0
0.41373467445373535 0.13892674446105957 13500 0
0.44711852073669434 0.1210625171661377 10980 0
0.46123671531677246 0.12913107872009277 13509 0
0.4481651782989502 0.1259298324584961 13803 0
0.45154762268066406 0.15247106552124023 13428 0
0.438950777053833 0.17371392250061035 13234 0
0.44806957244873047 0.18328571319580078 13333 0
0.46036481857299805 0.12156009674072266 13384 0
0.44555211067199707 0.17892169952392578 13172 0
0.45018482208251953 0.15540504455566406 13674 0
0.45082640647888184 0.15564441680908203 13709 0
0.4472322463989258 0.22094058990478516 14199 0
0.46749281883239746 0.16900181770324707 14242 0
0.45189785957336426 0.15003180503845215 13606 0
0.4525299072265625 0.1382157802581787 14575 0
0.4611670970916748 0.12810111045837402 13606 0
0.4562263488769531 0.1527421474456787 13908 0
0.4461190700531006 0.1887950897216797 14027 0
0.46810221672058105 0.1561124324798584 14089 0
0.4422757625579834 0.13164258003234863 13294 0
0.4139671325683594 0.13926005363464355 13796 0
0.44985365867614746 0.17537140846252441 13767 0
0.438060998916626 0.14073586463928223 14563 0
0.44722962379455566 0.2247757911682129 14863 0
0.4377281665802002 0.1419997215270996 13847 0
0.44240570068359375 0.19467616081237793 14166 0
0.43302035331726074 0.1269242763519287 13803 0
0.44728827476501465 0.21491050720214844 14079 0
0.43250465393066406 0.1771245002746582 13094 0
0.44716596603393555 0.14034676551818848 13539 0
0.4515659809112549 0.141998291015625 13930 0
0.43468666076660156 0.14931154251098633 11125 0
0.43990445137023926 0.13403677940368652 13747 0
0.4705014228820801 0.1655886173248291 14216 0
0.46216344833374023 0.1460437774658203 13447 0
0.4410715103149414 0.14009714126586914 14271 0
0.45813560485839844 0.1250765323638916 14422 0
0.40581321716308594 0.1540541648864746 14558 0
0.44655442237854004 0.14188456535339355 13829 0
0.44959592819213867 0.20966196060180664 13742 0
0.4482409954071045 0.1590743064880371 14277 0
0.43831682205200195 0.13782191276550293 13409 0
0.45671534538269043 0.14763140678405762 13751 0
0.4405698776245117 0.21632766723632812 13881 0
0.45693206787109375 0.141798734664917 14139 0
0.4362943172454834 0.19313383102416992 13462 0
0.42810964584350586 0.1719503402709961 13824 0
0.4520430564880371 0.1863408088684082 13622 0
0.437009334564209 0.13721156120300293 14360 0
0.445263147354126 0.15698790550231934 13704 0
0.44408535957336426 0.1743450164794922 14274 0
0.43581366539001465 0.16191315650939941 13935 0
0.45270848274230957 0.13539934158325195 14457 0
0.4507119655609131 0.20369625091552734 14425 0
0.4457120895385742 0.13594603538513184 13613 0
0.46640920639038086 0.1587963104248047 13645 0
0.43761467933654785 0.1880354881286621 13671 0
0.43395161628723145 0.15084242820739746 13851 0
0.43947649002075195 0.14357900619506836 13519 0
0.4402751922607422 0.16469860076904297 14018 0
0.4323611259460449 0.18450570106506348 13114 0
0.45665597915649414 0.16872620582580566 10543 0
0.45615267753601074 0.150634765625 13196 0
0.46457862854003906 0.13372063636779785 13588 0
0.4449036121368408 0.20695757865905762 13274 0
0.46550941467285156 0.20130562782287598 13297 0
0.46031618118286133 0.13031601905822754 13841 0
0.42574191093444824 0.18367552757263184 14085 0
0.4138619899749756 0.1405320167541504 13791 0
0.4542348384857178 0.17310786247253418 13601 0
0.44644927978515625 0.1335926055908203 13435 0
0.4479362964630127 0.1447305679321289 13441 0
0.47263169288635254 0.14605998992919922 13794 0
0.4599802494049072 0.16583037376403809 14035 0
0.46451568603515625 0.15715909004211426 13599 0
0.45704102516174316 0.13907790184020996 13883 0
0.4607503414154053 0.20282888412475586 13737 0
0.443279504776001 0.13523125648498535 13320 0
0.44475865364074707 0.1824789047241211 13169 0
0.4491250514984131 0.1948709487915039 12709 0
0.45482611656188965 0.1445016860961914 13565 0
0.4383974075317383 0.15517687797546387 13303 0
0.46424365043640137 0.20611858367919922 13935 0
0.4735682010650635 0.14005637168884277 13351 0
0.4503040313720703 0.16776609420776367 14202 0
0.4462141990661621 0.1710655689239502 14062 0
0.4391322135925293 0.1463611125946045 14692 0
0.45064496994018555 0.14574742317199707 13459 0
0.4674968719482422 0.13546133041381836 12431 0
0.4674797058105469 0.20026016235351562 13255 0
0.4494132995605469 0.15857386589050293 12802 0
0.45462989807128906 0.1403346061706543 10181 0
0.4607241153717041 0.1378190517425537 12780 0
0.4561474323272705 0.20747065544128418 13131 0
0.4454314708709717 0.15718317031860352 12727 0
0.44626808166503906 0.1696779727935791 12435 0
0.43302369117736816 0.14249181747436523 12525 0
0.4456627368927002 0.14120173454284668 13291 0
0.44370222091674805 0.20121407508850098 13778 0
0.43644070625305176 0.13534951210021973 13043 0
0.44423818588256836 0.14862680435180664 13381 0
0.44335150718688965 0.1345815658569336 12811 0
0.45593833923339844 0.18279623985290527 12471 0
0.45473361015319824 0.18559789657592773 12679 0
0.4400484561920166 0.20453476905822754 12179 0
0.46881651878356934 0.14468002319335938 12328 0
0.4433712959289551 0.13214421272277832 12427 0
0.4337425231933594 0.14720726013183594 12457 0
0.4497349262237549 0.1437087059020996 13443 0
0.45436525344848633 0.1275920867919922 13863 0
0.45180630683898926 0.14329218864440918 13718 0
0.426776647567749 0.20371341705322266 13272 0
0.44659423828125 0.18543219566345215 13548 0
0.44200992584228516 0.14847874641418457 12964 0
0.4444465637207031 0.14469122886657715 12950 0
0.45086073875427246 0.12644267082214355 12751 0
0.4591515064239502 0.15463852882385254 12911 0
0.4644594192504883 0.2087113857269287 13124 0
0.44998908042907715 0.1364450454711914 11884 0
0.4454386234283447 0.12953925132751465 13544 0
0.45040225982666016 0.1324629783630371 12966 0
0.42073726654052734 0.14039158821105957 10184 0
0.43418312072753906 0.17821621894836426 12570 0
0.4579930305480957 0.13146162033081055 13939 0
0.45226168632507324 0.12123823165893555 12930 0
0.46358275413513184 0.14255809783935547 12305 0
0.4386429786682129 0.21219515800476074 13267 0
0.45989251136779785 0.1624622344970703 12918 0
0.42600440979003906 0.13511252403259277 12331 0
0.476137638092041 0.11849784851074219 13731 0
0.44829726219177246 0.16348886489868164 13380 0
0.4527580738067627 0.18090438842773438 10302 0
0.45677971839904785 0.1666414737701416 13096 0
0.44362521171569824 0.2142164707183838 13659 0
0.4373328685760498 0.20644807815551758 13919 0
0.4687347412109375 0.19692730903625488 13387 0
0.48290371894836426 0.1394352912902832 13955 0
0.4599010944366455 0.1369624137878418 14049 0
0.4620096683502197 0.19246578216552734 14671 0
0.43790411949157715 0.17516422271728516 14214 0
0.42795562744140625 0.1378939151763916 13566 0
0.4564034938812256 0.18851542472839355 13503 0
0.4291694164276123 0.14171195030212402 13993 0
0.4546387195587158 0.1449429988861084 13805 0
0.45404052734375 0.1427464485168457 14125 0
0.42819833755493164 0.13409876823425293 13754 0
0.44222450256347656 0.1627495288848877 13874 0
0.4317200183868408 0.13436126708984375 12420 0
0.44510412216186523 0.17914772033691406 13116 0
0.43866610527038574 0.21007752418518066 13708 0
0.43990182876586914 0.13952398300170898 13582 0
0.4341745376586914 0.13654708862304688 13538 0
0.44434332847595215 0.169450044631958 14079 0
0.43046069145202637 0.14451074600219727 13338 0
0.4593374729156494 0.16972732543945312 13265 0
0.4573817253112793 0.13793540000915527 13678 0
0.44852495193481445 0.1342639923095703 13255 0
0.45685386657714844 0.1438770294189453 13144 0
0.44168782234191895 0.20791053771972656 12557 0
0.4445834159851074 0.21738314628601074 13555 0
0.45302867889404297 0.17113590240478516 13400 0
0.44779443740844727 0.18302607536315918 14145 0
0.4320075511932373 0.1430647373199463 13171 0
0.42528772354125977 0.1380174160003662 13796 0
0.43328237533569336 0.14511537551879883 13406 0
0.46674609184265137 0.14907312393188477 12931 0
0.4704446792602539 0.18130946159362793 13555 0
0.4388556480407715 0.1417539119720459 12382 0
0.3861234188079834 0.12850666046142578 13997 0
0.420438289642334 0.1498093605041504 13664 0
0.4428281784057617 0.18791460990905762 9966 0
0.4485456943511963 0.1314258575439453 13231 0
0.42954230308532715 0.14885997772216797 13093 0
0.43200182914733887 0.13573098182678223 13189 0
0.42795634269714355 0.1926741600036621 12952 0
0.4483973979949951 0.13222575187683105 12946 0
0.414531946182251 0.13759064674377441 13818 0
0.4099888801574707 0.1279582977294922 13559 0
0.4541904926300049 0.1432814598083496 14566 0
0.4715235233306885 0.14542770385742188 14596 0
0.47264575958251953 0.13562703132629395 13447 0
0.4657909870147705 0.14451909065246582 13833 0
0.4605410099029541 0.21286678314208984 13449 0
0.44220662117004395 0.16534209251403809 13856 0
0.44853854179382324 0.13744211196899414 13486 0
0.4477579593658447 0.13503289222717285 13476 0
0.43860340118408203 0.13665318489074707 13501 0
0.4391188621520996 0.1457529067993164 14761 0
0.4668288230895996 0.1323375701904297 14139 0
0.44323229789733887 0.19599175453186035 13292 0
0.5147876739501953 0.15023517608642578 14185 0
0.44362783432006836 0.17216181755065918 13120 0
0.4528164863586426 0.1539018154144287 13317 0
0.46494483947753906 0.1716158390045166 13429 0
0.4359898567199707 0.14140009880065918 13524 0
0.4499483108520508 0.14365792274475098 14348 0
0.44199514389038086 0.1666717529296875 15290 0
0.46807169914245605 0.1992783546447754 15651 0
0.4506847858428955 0.13901424407958984 15247 0
0.4378683567047119 0.14198827743530273 15707 0
0.46619176864624023 0.14144062995910645 15221 0
0.4372091293334961 0.14281845092773438 15853 0
0.47525691986083984 0.19655323028564453 15841 0
0.4437379837036133 0.18797850608825684 16399 0
0.4546220302581787 0.15971589088439941 16306 0
0.43323779106140137 0.1430065631866455 15316 0
0.4422886371612549 0.14276885986328125 16981 0
0.4402916431427002 0.13504552841186523 15347 0
0.44853901863098145 0.13757729530334473 15633 0
0.47022199630737305 0.14272189140319824 16646 0
0.4356398582458496 0.18108153343200684 15809 0
0.4581887722015381 0.14073729515075684 15990 0
0.4558069705963135 0.12248539924621582 15350 0
0.41136741638183594 0.14493250846862793 13664 0
0.4661242961883545 0.1328878402709961 15558 0
0.4675271511077881 0.15320801734924316 15665 0
0.43930649757385254 0.19806957244873047 15598 0
0.4532015323638916 0.2070767879486084 16109 0
0.4485650062561035 0.15889954566955566 16283 0
0.45401477813720703 0.15235447883605957 15665 0
0.4471249580383301 0.19730782508850098 15641 0
0.4457075595855713 0.19920110702514648 15958 0
0.4465062618255615 0.1979522705078125 15867 0
0.4445779323577881 0.20576906204223633 12772 0
0.46224164962768555 0.14198541641235352 15463 0
0.461733341217041 0.15953731536865234 15435 0
0.455869197845459 0.1410388946533203 16563 0
0.44928503036499023 0.1427326202392578 16234 0
0.43854188919067383 0.15573811531066895 16004 0
0.4885392189025879 0.15855693817138672 16802 0
0.44161081314086914 0.1880049705505371 16752 0
0.45444321632385254 0.13083863258361816 16530 0
0.4584534168243408 0.1223747730255127 16844 0
0.46268129348754883 0.13148283958435059 15684 0
0.452728271484375 0.20977568626403809 16005 0
0.44573402404785156 0.19717645645141602 16601 0
0.45838189125061035 0.15150022506713867 15687 0
0.4677739143371582 0.12184977531433105 16561 0
0.4326462745666504 0.19843530654907227 15867 0
0.47846388816833496 0.15114188194274902 15658 0
0.44917869567871094 0.19739389419555664 15654 0
0.45683908462524414 0.14093947410583496 15786 0
0.45058202743530273 0.17704296112060547 16799 0
0.4543118476867676 0.16967535018920898 13484 0
0.47170019149780273 0.13003945350646973 15770 0
0.43972182273864746 0.1395397186279297 17082 0
0.46401023864746094 0.1382122039794922 17087 0
0.4446859359741211 0.20502638816833496 15720 0
0.45082640647888184 0.14384984970092773 15784 0
0.3824145793914795 0.14020729064941406 15920 0
0.46026611328125 0.13167738914489746 14542 0
0.41793012619018555 0.13273072242736816 15919 0
0.45668530464172363 0.21384644508361816 16692 0
0.43135595321655273 0.1383359432220459 12422 0
0.44686269760131836 0.13553380966186523 16172 0
0.47879719734191895 0.14323163032531738 15186 0
0.41823554039001465 0.1389617919921875 15437 0
0.4499211311340332 0.1397571563720703 16833 0
0.4550597667694092 0.140519380569458 16081 0
0.46264147758483887 0.17647027969360352 15579 0
0.4845273494720459 0.13499212265014648 17024 0
0.4696793556213379 0.13174819946289062 16637 0
0.4443821907043457 0.12852835655212402 16319 0
0.43866848945617676 0.14496922492980957 16478 0
0.44588327407836914 0.16068005561828613 15899 0
0.4511525630950928 0.21155285835266113 15175 0
0.44907689094543457 0.21085906028747559 15859 0
0.4561035633087158 0.14389753341674805 16419 0
0.44066572189331055 0.20189142227172852 16644 0
0.4534034729003906 0.19531893730163574 16444 0
0.461078405380249 0.15189409255981445 15437 0
0.4503171443939209 0.14217257499694824 17438 0
0.46801090240478516 0.1554553508758545 16373 0
0.46642565727233887 0.1326301097869873 14517 0
0.45305824279785156 0.13494324684143066 16461 0
0.4020559787750244 0.1449263095855713 16340 0
0.45175933837890625 0.2372734546661377 16228 0
0.4340834617614746 0.1629784107208252 15641 0
0.45206737518310547 0.15824413299560547 15920 0
0.4276254177093506 0.13193511962890625 16034 0
0.45917773246765137 0.13483762741088867 15726 0
0.4508180618286133 0.12878918647766113 16100 0
0.4288673400878906 0.2007155418395996 15790 0
0.4583315849304199 0.2082052230834961 10955 0
0.4707987308502197 0.16423392295837402 14310 0
0.42653918266296387 0.12315249443054199 14545 0
0.446216344833374 0.2150273323059082 13598 0
0.44948458671569824 0.15900325775146484 15027 0
0.44309401512145996 0.13806891441345215 14340 0
0.453995943069458 0.20407676696777344 15086 0
0.44530463218688965 0.18082499504089355 14397 0
0.45576953887939453 0.17884135246276855 15480 0
0.47333216667175293 0.1517035961151123 15600 0
0.44992685317993164 0.14040112495422363 13771 0
0.44716405868530273 0.14241766929626465 14942 0
0.4640681743621826 0.20402741432189941 12770 0
0.4486534595489502 0.13880681991577148 13911 0
0.43193793296813965 0.1522960662841797 15248 0
0.46738648414611816 0.1468355655670166 14999 0
0.42834925651550293 0.17826461791992188 14555 0
0.4209260940551758 0.1417551040649414 14368 0
0.44277048110961914 0.1299436092376709 14283 0
0.46982526779174805 0.1365799903869629 14256 0
0.4424605369567871 0.19492530822753906 13248 0
0.47693848609924316 0.1910419464111328 14410 0
0.45049142837524414 0.18969464302062988 14843 0
0.4644041061401367 0.1330571174621582 14926 0
0.450319766998291 0.20778465270996094 14502 0
0.4642608165740967 0.14387845993041992 14791 0
0.47905755043029785 0.14039134979248047 15139 0
0.4780550003051758 0.125929594039917 13628 0
0.46792006492614746 0.16223478317260742 14189 0
0.44273877143859863 0.21656179428100586 14482 0
0.41511964797973633 0.1363053321838379 10439 0
0.4492151737213135 0.15600037574768066 15031 0
0.44526124000549316 0.13425850868225098 13958 0
0.44811367988586426 0.1451554298400879 13375 0
0.43798136711120605 0.1315445899963379 15480 0
0.46091341972351074 0.16770505905151367 13889 0
0.44641757011413574 0.20913267135620117 13828 0
0.4490926265716553 0.19733047485351562 14619 0
0.45940589904785156 0.14706897735595703 14476 0
0.45494866371154785 0.2005610466003418 15139 0
0.47542881965637207 0.17377877235412598 14730 0
0.4331815242767334 0.19506216049194336 14706 0
0.43352222442626953 0.18058013916015625 13299 0
0.4414029121398926 0.16082358360290527 14919 0
0.4433305263519287 0.16211223602294922 14973 0
0.43811774253845215 0.14617347717285156 15044 0
0.4568040370941162 0.1764061450958252 15128 0
0.4444618225097656 0.14806628227233887 14815 0
0.4764683246612549 0.14529180526733398 15081 0
0.43585634231567383 0.13669848442077637 15063 0
0.465989351272583 0.13943910598754883 13210 0
0.45926427841186523 0.20141243934631348 14731 0
0.44329380989074707 0.15136384963989258 15053 0
0.460315465927124 0.1539475917816162 14758 0
0.48162221908569336 0.17635703086853027 14847 0
0.44045209884643555 0.1379241943359375 15285 0
0.4649465084075928 0.18793392181396484 14340 0
0.4465765953063965 0.19032621383666992 13972 0
0.45534348487854004 0.13468527793884277 14811 0
0.3659961223602295 0.12515926361083984 14518 0
0.3587815761566162 0.11971354484558105 10811 0
0.368488073348999 0.15392231941223145 14105 0
0.4370245933532715 0.14481258392333984 12629 0
0.4400050640106201 0.1466224193572998 13363 0
0.4214057922363281 0.16902995109558105 14160 0
0.448728084564209 0.1702427864074707 14813 0
0.4696495532989502 0.12687349319458008 14353 0
0.4237792491912842 0.15638303756713867 15308 0
0.45241594314575195 0.12537741661071777 14669 0
0.42276930809020996 0.12376618385314941 14587 0
0.4635348320007324 0.18023943901062012 14769 0
0.475039005279541 0.1289081573486328 14488 0
0.42939186096191406 0.20074057579040527 12991 0
0.43995046615600586 0.13382267951965332 14971 0
0.45139479637145996 0.13791346549987793 14497 0
0.4486532211303711 0.21216225624084473 14644 0
0.4553079605102539 0.17613625526428223 14648 0
0.4847545623779297 0.17637133598327637 14554 0
0.45513010025024414 0.19888901710510254 14615 0
0.45971202850341797 0.13453888893127441 14546 0
0.451202392578125 0.17584967613220215 12604 0
0.45842599868774414 0.14163517951965332 14853 0
0.4631838798522949 0.1346726417541504 14796 0
0.4340043067932129 0.14210891723632812 15149 0
0.4597647190093994 0.14482784271240234 14516 0
0.4266629219055176 0.14914250373840332 14653 0
0.4345076084136963 0.13329100608825684 14541 0
0.4594228267669678 0.14136242866516113 13658 0
0.4672272205352783 0.17326903343200684 14441 0
0.46955394744873047 0.18165349960327148 14494 0
0.4670398235321045 0.13692069053649902 11636 0
0.45768165588378906 0.2024984359741211 14512 0
0.4220125675201416 0.17455506324768066 12474 0
0.4403519630432129 0.1504192352294922 14495 0
0.4475257396697998 0.16791605949401855 14342 0
0.437624454498291 0.15021681785583496 14632 0
0.4519026279449463 0.1594226360321045 15143 0
0.4559800624847412 0.13717079162597656 15422 0
0.45220065116882324 0.13713335990905762 14643 0
0.45243000984191895 0.14544916152954102 14820 0
0.4613194465637207 0.16485285758972168 14789 0
0.46068382263183594 0.13586640357971191 14600 0
0.45932435989379883 0.14199042320251465 13510 0
0.45891690254211426 0.14102721214294434 14771 0
0.48140430450439453 0.14573955535888672 14504 0
0.4583263397216797 0.1206061840057373 15260 0
0.4594583511352539 0.1500229835510254 15054 0
0.4648289680480957 0.13668465614318848 15041 0
0.43652987480163574 0.21049094200134277 14816 0
0.46416568756103516 0.12906551361083984 14470 0
0.4695897102355957 0.133636474609375 13337 0
0.4662003517150879 0.158949613571167 14316 0
0.4605133533477783 0.14413857460021973 15739 0
0.44076037406921387 0.13885855674743652 16015 0
0.4412088394165039 0.18302226066589355 16770 0
0.4628887176513672 0.15183258056640625 17142 0
0.42676305770874023 0.14870047569274902 16494 0
0.4480578899383545 0.13304948806762695 16314 0
0.4365668296813965 0.12946391105651855 16826 0
0.4472813606262207 0.15075063705444336 15874 0
0.45319700241088867 0.1588754653930664 15728 0
0.457658052444458 0.1653425693511963 16582 0
0.4646775722503662 0.14070439338684082 15640 0
0.44104456901550293 0.1578536033630371 15811 0
0.4302182197570801 0.13925933837890625 16123 0
0.43428564071655273 0.1442394256591797 15738 0
0.45261502265930176 0.14552855491638184 16494 0
0.46562862396240234 0.176133394241333 16387 0
0.4543335437774658 0.21057462692260742 15798 0
0.4505128860473633 0.1267104148864746 16540 0
0.4528675079345703 0.1539750099182129 16253 0
0.4452948570251465 0.16963863372802734 15613 0
0.4431188106536865 0.13332843780517578 15619 0
0.4459552764892578 0.17423319816589355 15478 0
0.45179224014282227 0.16198110580444336 15385 0
0.443312406539917 0.21399307250976562 15622 0
0.4514622688293457 0.1842646598815918 15495 0
0.46101999282836914 0.1566944122314453 15406 0
0.4651353359222412 0.14557862281799316 15452 0
0.4447915554046631 0.17977523803710938 16118 0
0.39965248107910156 0.1415262222290039 16249 0
0.4431290626525879 0.18043851852416992 16836 0
0.46199703216552734 0.17446494102478027 16107 0
0.46519041061401367 0.13387560844421387 16311 0
0.47139549255371094 0.18180155754089355 15842 0
0.46537327766418457 0.148573637008667 15856 0
0.4513108730316162 0.16162490844726562 15310 0
0.45967698097229004 0.14092588424682617 15761 0
0.44184231758117676 0.12339091300964355 15628 0
0.4632554054260254 0.1412665843963623 16350 0
0.43945860862731934 0.1660172939300537 15996 0
0.44884657859802246 0.2098674774169922 15481 0
0.4508545398712158 0.21375465393066406 15248 0
0.45384836196899414 0.2175612449645996 15685 0
0.43036866188049316 0.13985633850097656 15857 0
0.45857930183410645 0.1347651481628418 15727 0
0.4532182216644287 0.12204909324645996 15870 0
0.45757603645324707 0.19075322151184082 15411 0
0.4648246765136719 0.12374114990234375 15053 0
0.48072195053100586 0.14454126358032227 15480 0
0.45073747634887695 0.20517230033874512 16281 0
0.480741024017334 0.1448967456817627 15829 0
0.46982407569885254 0.12536215782165527 16127 0
0.4551231861114502 0.16962742805480957 16413 0
0.43951988220214844 0.14534950256347656 16116 0
0.4552450180053711 0.17965197563171387 16207 0
0.43930864334106445 0.18284845352172852 16384 0
0.44594550132751465 0.16173577308654785 15919 0
0.4462103843688965 0.157426118850708 15931 0
0.47189998626708984 0.16750097274780273 15955 0
0.46550703048706055 0.1686689853668213 16151 0
0.4744992256164551 0.12798857688903809 16073 0
0.4364588260650635 0.1392381191253662 15837 0
0.45343708992004395 0.1798548698425293 16277 0
0.4090244770050049 0.13013410568237305 16207 0
0.4388418197631836 0.19292902946472168 17064 0
0.4686853885650635 0.1220698356628418 16378 0
0.4581716060638428 0.15445542335510254 16279 0
0.35979437828063965 0.1622297763824463 16610 0
0.4542992115020752 0.13794159889221191 16500 0
0.44881391525268555 0.21121573448181152 16181 0
0.4593169689178467 0.19549846649169922 16145 0
0.43927502632141113 0.2160937786102295 16013 0
0.4523508548736572 0.13833379745483398 16461 0
0.4405636787414551 0.14208555221557617 15467 0
0.4184126853942871 0.1312253475189209 16642 0
0.44824886322021484 0.16770148277282715 17391 0
0.4627225399017334 0.1416640281677246 16719 0
0.47516679763793945 0.19356465339660645 16614 0
0.4191594123840332 0.1400597095489502 17564 0
0.45406675338745117 0.1978130340576172 17270 0
0.46440553665161133 0.14652395248413086 17695 0
0.46235179901123047 0.18191742897033691 17134 0
0.4514799118041992 0.13920855522155762 17116 0
0.4477660655975342 0.1996769905090332 15701 0
0.4453890323638916 0.17197656631469727 14446 0
0.4750955104827881 0.14254450798034668 17041 0
0.4707973003387451 0.22458648681640625 18586 0
0.468158483505249 0.17806673049926758 16467 0
0.4546515941619873 0.14721441268920898 16946 0
0.4713923931121826 0.13493633270263672 15880 0
0.45002007484436035 0.14628076553344727 15412 0
0.4360795021057129 0.1881859302520752 15829 0
0.46523070335388184 0.13192963600158691 16637 0
0.4440929889678955 0.18357300758361816 16812 0
0.4660310745239258 0.13247990608215332 15978 0
0.4636244773864746 0.18627190589904785 17424 0
0.4313070774078369 0.14716005325317383 17366 0
0.4300556182861328 0.1458747386932373 14617 0
0.4479484558105469 0.14353156089782715 17588 0
0.4720444679260254 0.17035675048828125 16986 0
0.4489152431488037 0.20196247100830078 16319 0
0.45115041732788086 0.2006072998046875 17787 0
0.45064854621887207 0.14512133598327637 17514 0
0.46275830268859863 0.15224981307983398 15010 0
0.46291112899780273 0.14455938339233398 18137 0
0.4671516418457031 0.20612263679504395 17641 0
0.443117618560791 0.17394685745239258 17944 0
0.4416074752807617 0.17689275741577148 17656 0
0.4766523838043213 0.13099884986877441 18112 0
0.47695302963256836 0.13632893562316895 18324 0
0.4465036392211914 0.187330961227417 18182 0
0.4470551013946533 0.1990494728088379 17597 0
0.43193864822387695 0.13987231254577637 18153 0
0.44091224670410156 0.12665390968322754 18669 0
0.44744873046875 0.13815951347351074 18333 0
0.4416518211364746 0.15527939796447754 18291 0
0.44370269775390625 0.1510009765625 17593 0
0.4225785732269287 0.13305950164794922 17499 0
0.43497180938720703 0.13782882690429688 17595 0
0.44489073753356934 0.14159870147705078 17595 0
0.4591376781463623 0.1368694305419922 17579 0
0.45902085304260254 0.1465141773223877 17721 0
0.43452930450439453 0.14003372192382812 17522 0
0.4648146629333496 0.20714688301086426 18028 0
0.45114612579345703 0.18568062782287598 17411 0
0.45244359970092773 0.13272333145141602 18153 0
0.4389841556549072 0.1382288932800293 18459 0
0.45264148712158203 0.15606117248535156 15155 0
0.40238165855407715 0.1342935562133789 17809 0
0.4659140110015869 0.15470337867736816 16764 0
0.43847084045410156 0.1340787410736084 16850 0
0.464216947555542 0.1774148941040039 17867 0
0.478330135345459 0.19251012802124023 17929 0
0.47156763076782227 0.2107224464416504 16373 0
0.48055076599121094 0.20311498641967773 18042 0
0.46325016021728516 0.15256738662719727 18079 0
0.450361967086792 0.13954877853393555 18042 0
0.5204336643218994 0.20091867446899414 17721 0
0.4606509208679199 0.19314265251159668 17708 0
0.44220447540283203 0.1363060474395752 18024 0
0.4443974494934082 0.137237548828125 17857 0
0.4170699119567871 0.13584160804748535 18314 0
0.4735755920410156 0.1578369140625 18175 0
0.4590446949005127 0.13128995895385742 18513 0
0.4541621208190918 0.1843879222869873 19093 0
0.4358229637145996 0.1620032787322998 18428 0
0.4259355068206787 0.12930655479431152 18517 0
0.44989538192749023 0.14475083351135254 17845 0
0.44152283668518066 0.18218493461608887 17898 0
0.4568769931793213 0.21116876602172852 17751 0
0.4531900882720947 0.15622973442077637 17283 0
0.46059179306030273 0.13425803184509277 18376 0
0.4773221015930176 0.1456739902496338 18470 0
0.45234131813049316 0.14316225051879883 18026 0
0.4485747814178467 0.2126619815826416 17607 0
0.4471864700317383 0.13052058219909668 18017 0
0.44491100311279297 0.18158197402954102 19293 0
0.44339990615844727 0.15212535858154297 15300 0
0.43726301193237305 0.13100147247314453 18591 0
0.4594419002532959 0.12551450729370117 18634 0
0.4547860622406006 0.14315390586853027 17390 0
0.4742588996887207 0.1921529769897461 19189 0
0.44852733612060547 0.151231050491333 18711 0
0.4599776268005371 0.14288043975830078 17350 0
0.47175025939941406 0.14314508438110352 19337 0
0.4567866325378418 0.13893628120422363 18787 0
0.4250810146331787 0.14641761779785156 18799 0
0.4423484802246094 0.15367388725280762 18481 0
0.4417381286621094 0.14243674278259277 17413 0
0.46222472190856934 0.1376965045928955 17962 0
0.43408799171447754 0.13895201683044434 17347 0
0.47128844261169434 0.20093822479248047 17231 0
0.45378971099853516 0.17435359954833984 17615 0
0.4536778926849365 0.1564316749572754 17192 0
0.4596409797668457 0.13704586029052734 17293 0
0.48503899574279785 0.1428675651550293 16773 0
0.46804165840148926 0.14670181274414062 16629 0
0.4608776569366455 0.1430950164794922 16793 0
0.43204283714294434 0.14115643501281738 16663 0
0.46802544593811035 0.18205785751342773 17499 0
0.4464151859283447 0.13423800468444824 17650 0
0.45760154724121094 0.14410138130187988 17631 0
0.4490182399749756 0.19811725616455078 16900 0
0.4617629051208496 0.12891030311584473 17070 0
0.44089293479919434 0.12504887580871582 17873 0
0.44480252265930176 0.14206576347351074 17323 0
0.4545602798461914 0.14758729934692383 17063 0
0.46210455894470215 0.14974069595336914 16696 0
0.41725707054138184 0.14769768714904785 16010 0
0.46194982528686523 0.21254181861877441 16409 0
0.42901086807250977 0.1350383758544922 16879 0
0.43924856185913086 0.11945223808288574 17604 0
0.45073390007019043 0.1363058090209961 17559 0
0.4400475025177002 0.221588134765625 17496 0
0.450270414352417 0.14561247825622559 16904 0
0.4522547721862793 0.1773989200592041 17620 0
0.4444892406463623 0.15073537826538086 17291 0
