0.010344743728637695 0.012581586837768555 70940 0
0.010499238967895508 0.011963605880737305 70868 0
0.011541366577148438 0.012138605117797852 72465 0
0.011524200439453125 0.011937379837036133 71160 0
0.011244058609008789 0.01137852668762207 72983 0
0.010569572448730469 0.011801481246948242 74111 0
0.011493682861328125 0.011759042739868164 74382 0
0.010554790496826172 0.017734527587890625 74063 0
0.011742830276489258 0.011636972427368164 73847 0
0.010767459869384766 0.011729955673217773 73893 0
0.0173647403717041 0.01260066032409668 72041 0
0.010514497756958008 0.012795209884643555 70661 0
0.011602401733398438 0.012735605239868164 73864 0
0.010742902755737305 0.011700630187988281 71940 0
0.009620904922485352 0.013598203659057617 62449 0
0.009216547012329102 0.01470804214477539 71555 0
0.010900259017944336 0.011325836181640625 70128 0
0.010624885559082031 0.011246681213378906 68593 0
0.01030111312866211 0.011171579360961914 65829 0
0.011855840682983398 0.011605501174926758 70365 0
0.010867118835449219 0.011289596557617188 70027 0
0.011090755462646484 0.013318777084350586 67882 0
0.01146388053894043 0.013612031936645508 70640 0
0.009717941284179688 0.013495206832885742 73190 0
0.010856151580810547 0.012849807739257812 73420 0
0.009812116622924805 0.01381373405456543 72382 0
0.009235858917236328 0.012409687042236328 68213 0
0.011234760284423828 0.011848211288452148 72061 0
0.011293172836303711 0.01165151596069336 72605 0
0.009930849075317383 0.013543844223022461 70245 0
0.011025190353393555 0.011385679244995117 72491 0
0.01194453239440918 0.013118267059326172 73076 0
0.011615514755249023 0.011940717697143555 71509 0
0.01062774658203125 0.012111186981201172 71755 0
0.010938405990600586 0.013062238693237305 68167 0
0.009321451187133789 0.014043807983398438 73099 0
0.011152267456054688 0.012999534606933594 76610 0
0.010509729385375977 0.012919902801513672 74823 0
0.011321544647216797 0.013832569122314453 76269 0
0.01027059555053711 0.011418819427490234 72940 0
0.009918212890625 0.013026237487792969 69086 0
0.011160612106323242 0.012600421905517578 70741 0
0.00935816764831543 0.012430191040039062 74022 0
0.010367631912231445 0.01279759407043457 74179 0
0.012388467788696289 0.011677026748657227 66028 0
0.010723352432250977 0.011538982391357422 73486 0
0.010219335556030273 0.013014554977416992 74638 0
0.011846065521240234 0.011674880981445312 73390 0
0.01074361801147461 0.013901710510253906 74417 0
0.009922027587890625 0.013048410415649414 74028 0
0.010455846786499023 0.013616085052490234 73375 0
0.011771202087402344 0.013599395751953125 74604 0
0.009288549423217773 0.012714147567749023 73989 0
0.011558771133422852 0.012163639068603516 74186 0
0.01180410385131836 0.012159109115600586 74613 0
0.011346817016601562 0.014154195785522461 74795 0
0.010969877243041992 0.012636661529541016 74983 0
0.010817527770996094 0.011867046356201172 74970 0
0.011162996292114258 0.012674808502197266 74906 0
0.011455535888671875 0.011458635330200195 75097 0
0.01099085807800293 0.012136697769165039 73639 0
0.009322166442871094 0.0127105712890625 73676 0
0.01097559928894043 0.013257503509521484 73422 0
0.011831998825073242 0.012065410614013672 72866 0
0.010406970977783203 0.011300325393676758 71161 0
0.010431289672851562 0.011734962463378906 72970 0
0.011225461959838867 0.011943340301513672 73585 0
0.011014699935913086 0.013190746307373047 73537 0
0.012095451354980469 0.011684894561767578 73113 0
0.011063814163208008 0.013443231582641602 72709 0
0.012051820755004883 0.011549711227416992 71744 0
0.010849475860595703 0.01267385482788086 70308 0
0.01040506362915039 0.011411190032958984 72774 0
0.010064125061035156 0.012947559356689453 71657 0
0.010447263717651367 0.012521982192993164 62008 0
0.010865926742553711 0.013113737106323242 72371 0
0.010822296142578125 0.013959884643554688 71861 0
0.010348081588745117 0.011538267135620117 69775 0
0.011005401611328125 0.012053489685058594 70630 0
0.011646509170532227 0.01387786865234375 70468 0
0.011052846908569336 0.012936592102050781 72162 0
0.012272357940673828 0.011698007583618164 72367 0
0.011569023132324219 0.01153254508972168 71235 0
0.011614084243774414 0.012089252471923828 71166 0
0.011543989181518555 0.012103796005249023 72402 0
0.010407447814941406 0.011260271072387695 72326 0
0.011082172393798828 0.011346578598022461 68846 0
0.00993967056274414 0.013910293579101562 72567 0
0.009864330291748047 0.013009786605834961 72642 0
0.011049985885620117 0.013368606567382812 73077 0
0.011211156845092773 0.012635231018066406 72179 0
0.010838747024536133 0.011439323425292969 72134 0
0.011325836181640625 0.011879920959472656 72491 0
0.010953426361083984 0.01222538948059082 70344 0
0.011424779891967773 0.012230634689331055 72609 0
0.011865854263305664 0.01191854476928711 72111 0
0.010848045349121094 0.011376619338989258 62616 0
0.010543584823608398 0.011358976364135742 73121 0
0.010631561279296875 0.012061595916748047 72916 0
0.017290353775024414 0.012941837310791016 69944 0
0.010277509689331055 0.012910127639770508 71004 0
0.011060714721679688 0.013283491134643555 71500 0
0.012949228286743164 0.012773990631103516 72180 0
0.011817693710327148 0.013144731521606445 74579 0
0.010965585708618164 0.012855768203735352 74063 0
0.010337352752685547 0.012855052947998047 74160 0
0.010592460632324219 0.012209177017211914 74096 0
0.010941743850708008 0.01142263412475586 75204 0
0.011710405349731445 0.012338876724243164 75159 0
0.010961294174194336 0.01207733154296875 74561 0
0.011368989944458008 0.01325845718383789 74592 0
0.010540008544921875 0.012529850006103516 74340 0
0.010433673858642578 0.011401176452636719 74510 0
0.010951757431030273 0.011611223220825195 74900 0
0.011955976486206055 0.012461423873901367 73135 0
0.009592056274414062 0.012673377990722656 74465 0
0.010491371154785156 0.01124882698059082 68862 0
0.009874820709228516 0.01212930679321289 74811 0
0.010913610458374023 0.012291908264160156 74316 0
0.011884689331054688 0.012124776840209961 74564 0
0.011811971664428711 0.011913776397705078 73113 0
0.010564327239990234 0.011395692825317383 73684 0
0.011109352111816406 0.013288497924804688 72684 0
0.010281085968017578 0.01185464859008789 71427 0
0.01136016845703125 0.01180267333984375 73344 0
0.009241104125976562 0.012256860733032227 73339 0
0.010055065155029297 0.012904167175292969 63943 0
0.011933565139770508 0.011794090270996094 71680 0
0.01076960563659668 0.011339664459228516 65816 0
0.009379148483276367 0.012336969375610352 67806 0
0.010772705078125 0.012555837631225586 68757 0
0.011772871017456055 0.011316061019897461 70018 0
0.009273290634155273 0.012733221054077148 67863 0
0.011538982391357422 0.012702703475952148 70265 0
0.010761260986328125 0.011759281158447266 72082 0
0.010415077209472656 0.012447357177734375 73012 0
0.010676145553588867 0.011728048324584961 72372 0
0.01049494743347168 0.012355804443359375 72886 0
0.011245489120483398 0.01361083984375 72156 0
0.010523557662963867 0.011281490325927734 72888 0
0.011160612106323242 0.013253927230834961 74146 0
0.010525703430175781 0.012505054473876953 74684 0
0.011417627334594727 0.011870622634887695 73210 0
0.010236978530883789 0.012156248092651367 73501 0
0.010577678680419922 0.013826608657836914 72918 0
0.010962963104248047 0.011563777923583984 75828 0
0.011341333389282227 0.012929677963256836 74467 0
0.009342670440673828 0.012065410614013672 73183 0
0.010423898696899414 0.011530160903930664 71247 0
0.011402130126953125 0.012121438980102539 71131 0
0.010840654373168945 0.012115240097045898 74483 0
0.010755538940429688 0.011796236038208008 77588 0
0.010584831237792969 0.011398077011108398 76899 0
0.012189865112304688 0.011955976486206055 76235 0
0.010959148406982422 0.011532306671142578 76297 0
0.010927200317382812 0.011710405349731445 74052 0
0.010397911071777344 0.012070894241333008 63521 0
0.011097431182861328 0.013127803802490234 72062 0
0.010870218276977539 0.011932611465454102 73124 0
0.011864662170410156 0.01135873794555664 68642 0
0.01066899299621582 0.012758255004882812 68596 0
0.010188579559326172 0.011223077774047852 69203 0
0.011002063751220703 0.011255025863647461 68737 0
0.010789871215820312 0.011486291885375977 69662 0
0.010587930679321289 0.011398792266845703 72421 0
0.009497880935668945 0.012411355972290039 70324 0
0.011059045791625977 0.012523651123046875 69971 0
0.011472702026367188 0.01258707046508789 73605 0
0.010721206665039062 0.013262271881103516 72381 0
0.011117935180664062 0.011793375015258789 76148 0
0.014274120330810547 0.013629913330078125 72035 0
0.0111236572265625 0.011626005172729492 74808 0
0.009480714797973633 0.012924909591674805 75018 0
0.010837554931640625 0.013375520706176758 75605 0
0.010691642761230469 0.01342010498046875 75099 0
0.011167049407958984 0.011885643005371094 75396 0
0.01091146469116211 0.011752128601074219 71372 0
0.011590003967285156 0.01369786262512207 76286 0
0.01077413558959961 0.011459589004516602 76535 0
0.01062631607055664 0.013098001480102539 76498 0
0.010767698287963867 0.012042760848999023 74861 0
0.011198759078979492 0.011423349380493164 74218 0
0.010460853576660156 0.01174163818359375 74756 0
0.009634733200073242 0.012463808059692383 71926 0
0.01062917709350586 0.011470556259155273 74219 0
0.010477304458618164 0.012373208999633789 74198 0
0.011286497116088867 0.012472391128540039 64328 0
0.011441469192504883 0.012647151947021484 74808 0
0.00998067855834961 0.012968301773071289 75163 0
0.011506319046020508 0.01326131820678711 71618 0
0.011896371841430664 0.012233734130859375 73193 0
0.01092529296875 0.01147007942199707 73510 0
0.009366989135742188 0.01234126091003418 73942 0
0.009843826293945312 0.013260841369628906 74943 0
0.009746789932250977 0.012800216674804688 74350 0
0.009322881698608398 0.013271808624267578 74085 0
0.010921239852905273 0.012894392013549805 74154 0
0.011666297912597656 0.012065410614013672 74759 0
0.01120758056640625 0.012317657470703125 74518 0
0.01156473159790039 0.011419534683227539 73760 0
0.010559320449829102 0.011462688446044922 73233 0
0.010240316390991211 0.011903047561645508 65938 0
0.010735034942626953 0.011643648147583008 63508 0
0.01078653335571289 0.011341094970703125 64809 0
0.012021303176879883 0.013218402862548828 64495 0
0.010844945907592773 0.011211395263671875 65165 0
0.011550426483154297 0.011151313781738281 65311 0
0.009318351745605469 0.012607097625732422 66094 0
0.01060032844543457 0.011303901672363281 67432 0
0.00968027114868164 0.012699365615844727 67147 0
0.012041568756103516 0.011519908905029297 65506 0
0.011251688003540039 0.011498451232910156 66508 0
0.010682821273803711 0.01132345199584961 66553 0
0.010142326354980469 0.011221170425415039 65386 0
0.011697053909301758 0.012722253799438477 65706 0
0.009968042373657227 0.012913703918457031 64801 0
0.00976109504699707 0.01276254653930664 64997 0
0.009804487228393555 0.012502908706665039 61191 0
0.010551214218139648 0.011680841445922852 65736 0
0.011906623840332031 0.011633157730102539 66164 0
0.010770559310913086 0.011410713195800781 66114 0
0.010602235794067383 0.011247873306274414 66200 0
0.011475563049316406 0.011455535888671875 66065 0
0.011385917663574219 0.013690948486328125 66405 0
0.01045989990234375 0.011586666107177734 66596 0
0.009994745254516602 0.01281428337097168 65994 0
0.009949922561645508 0.01257181167602539 65980 0
0.011767864227294922 0.011551618576049805 65675 0
0.011716127395629883 0.011943578720092773 65416 0
0.01105952262878418 0.011233806610107422 65765 0
0.011011838912963867 0.011901378631591797 64990 0
0.012173652648925781 0.011938810348510742 65194 0
0.011858224868774414 0.012172698974609375 65323 0
0.009619712829589844 0.01253056526184082 65569 0
0.010565519332885742 0.011279821395874023 66297 0
0.010457992553710938 0.011200189590454102 65934 0
0.009205102920532227 0.013741016387939453 65898 0
0.010900259017944336 0.012444257736206055 65621 0
0.011327266693115234 0.017951488494873047 65683 0
0.01096653938293457 0.012865781784057617 65680 0
0.010823965072631836 0.012436628341674805 65114 0
0.010067939758300781 0.013441324234008789 65661 0
0.009140253067016602 0.012155771255493164 65984 0
0.010761260986328125 0.012697696685791016 65624 0
0.010749101638793945 0.011272430419921875 65919 0
0.010689496994018555 0.011218070983886719 65075 0
0.010111093521118164 0.011573553085327148 65203 0
0.010397911071777344 0.011816263198852539 60327 0
0.010654687881469727 0.011282682418823242 65148 0
0.011016607284545898 0.012337207794189453 65270 0
0.009243249893188477 0.013518333435058594 65699 0
0.010614395141601562 0.013149023056030273 65648 0
0.01091313362121582 0.012426376342773438 65629 0
0.009835004806518555 0.012635469436645508 65630 0
0.011493444442749023 0.011992692947387695 65815 0
0.01108860969543457 0.011219024658203125 65513 0
0.010303735733032227 0.011188507080078125 65607 0
0.010498762130737305 0.011452198028564453 64999 0
0.010695695877075195 0.011199235916137695 64389 0
0.010540962219238281 0.013274431228637695 64312 0
0.010447263717651367 0.01166987419128418 64337 0
0.010506629943847656 0.01233816146850586 64599 0
0.011189699172973633 0.01174616813659668 65174 0
0.009852170944213867 0.01265573501586914 65220 0
0.011223316192626953 0.012258768081665039 65812 0
0.011457443237304688 0.011865615844726562 65488 0
0.010893583297729492 0.01261591911315918 66006 0
0.00951838493347168 0.01396632194519043 65781 0
0.010478496551513672 0.011646032333374023 66078 0
0.011698722839355469 0.011879920959472656 66030 0
0.010752201080322266 0.011318445205688477 65026 0
0.010232686996459961 0.013562679290771484 65308 0
0.010574579238891602 0.01245737075805664 65445 0
0.01068878173828125 0.011399984359741211 70200 0
0.009764909744262695 0.013891458511352539 69698 0
0.011281728744506836 0.011598348617553711 66454 0
0.011159896850585938 0.01251840591430664 74544 0
0.010940313339233398 0.012956619262695312 71360 0
0.011702537536621094 0.012490034103393555 74243 0
0.009856939315795898 0.012340545654296875 72209 0
0.010468006134033203 0.013374567031860352 70194 0
0.011122703552246094 0.012891292572021484 71244 0
0.011029958724975586 0.012185096740722656 71652 0
0.009503364562988281 0.01279759407043457 71373 0
0.010278701782226562 0.012730598449707031 70735 0
0.012236356735229492 0.011751890182495117 69934 0
0.010838747024536133 0.012643814086914062 67103 0
0.009156465530395508 0.013230562210083008 67200 0
0.009174585342407227 0.013478517532348633 64495 0
0.010596275329589844 0.012723445892333984 65957 0
0.010820865631103516 0.011882543563842773 66576 0
0.009165048599243164 0.019685983657836914 65640 0
0.011996269226074219 0.012348175048828125 65408 0
0.010701894760131836 0.011450529098510742 66064 0
0.010679006576538086 0.012063264846801758 65629 0
0.011095523834228516 0.011265277862548828 65992 0
0.010305404663085938 0.013314485549926758 66422 0
0.01071023941040039 0.011384725570678711 67077 0
0.010329484939575195 0.011500835418701172 67259 0
0.010228395462036133 0.012553691864013672 59920 0
0.010341405868530273 0.01163482666015625 66929 0
0.010961532592773438 0.01145172119140625 67476 0
0.011588811874389648 0.012694120407104492 65708 0
0.010981082916259766 0.011366605758666992 67390 0
0.010086774826049805 0.012051820755004883 67406 0
0.010975360870361328 0.011966466903686523 66957 0
0.0115203857421875 0.011570215225219727 67561 0
0.012201786041259766 0.012505292892456055 66842 0
0.01036691665649414 0.012589454650878906 66478 0
0.009239673614501953 0.01330709457397461 66258 0
0.010485410690307617 0.012006044387817383 65608 0
0.010499715805053711 0.011453628540039062 65849 0
0.009307146072387695 0.01267695426940918 66178 0
0.01020669937133789 0.012650012969970703 66800 0
0.011722087860107422 0.011386394500732422 67036 0
0.009135007858276367 0.01408243179321289 67421 0
0.009688854217529297 0.012114524841308594 66873 0
0.010672807693481445 0.01384425163269043 66396 0
0.009821414947509766 0.012289285659790039 66773 0
0.011490821838378906 0.013408660888671875 66371 0
0.011072397232055664 0.011765480041503906 65825 0
0.009662866592407227 0.01278829574584961 66239 0
0.010414838790893555 0.011335611343383789 66019 0
0.01091766357421875 0.011281728744506836 66230 0
0.010873079299926758 0.01131129264831543 66158 0
0.011313676834106445 0.013223886489868164 65619 0
0.01091623306274414 0.012388467788696289 64944 0
0.011960268020629883 0.012477636337280273 66340 0
0.011550426483154297 0.012484312057495117 66337 0
0.01123046875 0.011858224868774414 58674 0
0.010450601577758789 0.011129617691040039 65870 0
0.010020017623901367 0.013260126113891602 67115 0
0.00958561897277832 0.012251615524291992 64472 0
0.010536432266235352 0.0113983154296875 67248 0
0.010158300399780273 0.013120651245117188 66812 0
0.010599136352539062 0.012679815292358398 65745 0
0.009127140045166016 0.013651609420776367 67194 0
0.009182453155517578 0.012661933898925781 66850 0
0.010583639144897461 0.011683225631713867 66711 0
0.010155916213989258 0.01280069351196289 66371 0
0.010482311248779297 0.01158761978149414 65679 0
0.01016092300415039 0.012851476669311523 66560 0
0.010825872421264648 0.013263463973999023 65462 0
0.0114898681640625 0.012328386306762695 66138 0
0.010538339614868164 0.011689901351928711 66440 0
0.010434150695800781 0.012901544570922852 66695 0
0.011098384857177734 0.011588811874389648 67036 0
0.017283201217651367 0.01352381706237793 66729 0
0.011218547821044922 0.011404037475585938 66582 0
0.010945796966552734 0.012380599975585938 66269 0
0.01017618179321289 0.014261484146118164 65730 0
0.010538578033447266 0.01130223274230957 66468 0
0.010598182678222656 0.011250495910644531 65824 0
0.011817693710327148 0.01391148567199707 66172 0
0.011663436889648438 0.011951684951782227 66375 0
0.01040506362915039 0.012263298034667969 65534 0
0.011698246002197266 0.011797189712524414 64619 0
0.010014772415161133 0.013071060180664062 66942 0
0.009720087051391602 0.013414144515991211 66551 0
0.010465621948242188 0.011235475540161133 57661 0
0.011922836303710938 0.011512994766235352 64576 0
0.010396003723144531 0.012071609497070312 65821 0
0.010581493377685547 0.011489152908325195 63001 0
0.011670589447021484 0.011484622955322266 66236 0
0.01053166389465332 0.011479854583740234 66868 0
0.011382341384887695 0.012386083602905273 60602 0
0.01077890396118164 0.01154017448425293 57189 0
0.010269641876220703 0.01191258430480957 64842 0
0.011450529098510742 0.011524677276611328 66376 0
0.010418176651000977 0.011286735534667969 67913 0
0.0104217529296875 0.011319398880004883 67399 0
0.011001348495483398 0.01395726203918457 67691 0
0.010541677474975586 0.011350870132446289 68356 0
0.009945154190063477 0.012917041778564453 67656 0
0.010510683059692383 0.011349916458129883 66634 0
0.010467767715454102 0.01133108139038086 59357 0
0.01047205924987793 0.011196613311767578 59038 0
0.010529041290283203 0.013211250305175781 67345 0
0.009655475616455078 0.013157844543457031 67878 0
0.010594367980957031 0.011384725570678711 66469 0
0.011216163635253906 0.011775493621826172 66984 0
0.011033296585083008 0.01185750961303711 67128 0
0.01089167594909668 0.011336803436279297 67304 0
0.010547161102294922 0.012954473495483398 67988 0
0.010387182235717773 0.011422872543334961 68280 0
0.010936975479125977 0.011981487274169922 67936 0
0.010829687118530273 0.013406038284301758 66704 0
0.009386301040649414 0.012408733367919922 68175 0
0.010582447052001953 0.013527631759643555 67823 0
0.010542154312133789 0.011941909790039062 62908 0
0.011362791061401367 0.011383533477783203 67307 0
0.01047062873840332 0.012009859085083008 67224 0
0.010747671127319336 0.013524293899536133 67090 0
0.01077580451965332 0.012705802917480469 67916 0
0.009768247604370117 0.012102603912353516 67562 0
0.011121988296508789 0.01192021369934082 66955 0
0.011241674423217773 0.011573076248168945 66381 0
0.009632587432861328 0.012449026107788086 67125 0
0.010969877243041992 0.012222766876220703 67100 0
0.01025390625 0.01260066032409668 66376 0
0.010843753814697266 0.011370420455932617 67789 0
0.010204792022705078 0.011717796325683594 67427 0
0.010350465774536133 0.011399984359741211 67859 0
0.010322093963623047 0.012248754501342773 67453 0
0.010271549224853516 0.01199483871459961 68149 0
0.010832071304321289 0.014338254928588867 68440 0
0.01107168197631836 0.011818408966064453 67321 0
0.010387182235717773 0.011208772659301758 66100 0
0.010635852813720703 0.011289119720458984 67136 0
0.010229349136352539 0.011629819869995117 65887 0
0.01037454605102539 0.011213541030883789 59314 0
0.011089801788330078 0.011505365371704102 65747 0
0.010521888732910156 0.011832475662231445 65935 0
0.010577917098999023 0.01125788688659668 66692 0
0.009199142456054688 0.012730598449707031 65202 0
0.011262178421020508 0.011381149291992188 65946 0
0.010210037231445312 0.013068199157714844 66201 0
0.010828495025634766 0.011329174041748047 65476 0
0.010129213333129883 0.012602567672729492 65650 0
0.00983881950378418 0.012980461120605469 65818 0
0.010593175888061523 0.011490106582641602 65762 0
0.010720252990722656 0.017813682556152344 65573 0
0.010669946670532227 0.013442754745483398 65803 0
0.010618448257446289 0.011322498321533203 64749 0
0.009783744812011719 0.013220787048339844 65309 0
0.009272098541259766 0.014182329177856445 65528 0
0.010492086410522461 0.011237382888793945 64971 0
0.012462854385375977 0.01232290267944336 65149 0
0.010935783386230469 0.011750221252441406 65376 0
0.01129150390625 0.011772871017456055 65168 0
0.010389089584350586 0.011212348937988281 65340 0
0.009745121002197266 0.011834144592285156 65419 0
0.009397745132446289 0.012157917022705078 65135 0
0.010840177536010742 0.012400150299072266 65408 0
0.010223150253295898 0.012583732604980469 65626 0
0.01033329963684082 0.012424230575561523 65249 0
0.009704828262329102 0.012174606323242188 65687 0
0.009286642074584961 0.012446880340576172 63887 0
0.011530637741088867 0.012118101119995117 64682 0
0.009641647338867188 0.014070510864257812 64655 0
0.011827707290649414 0.011471033096313477 57720 0
0.010981082916259766 0.011416435241699219 64269 0
0.009358644485473633 0.013270139694213867 64801 0
0.010291814804077148 0.012597084045410156 65357 0
0.0103912353515625 0.011191606521606445 64494 0
0.009313821792602539 0.01314854621887207 64641 0
0.011275529861450195 0.011695146560668945 65342 0
0.011275529861450195 0.012109518051147461 64894 0
0.009749174118041992 0.012608051300048828 64887 0
0.011143922805786133 0.01131439208984375 65600 0
0.011499881744384766 0.013416528701782227 64714 0
0.01050710678100586 0.011780261993408203 64734 0
0.009634733200073242 0.014172554016113281 64739 0
0.010504007339477539 0.01127934455871582 64422 0
0.010868549346923828 0.0113372802734375 64139 0
0.009704351425170898 0.012060165405273438 64346 0
0.010128259658813477 0.013447046279907227 64040 0
0.009817361831665039 0.013157129287719727 63990 0
0.011072635650634766 0.012344598770141602 64361 0
0.010356426239013672 0.011416435241699219 64358 0
0.010830163955688477 0.013476133346557617 64533 0
0.011259794235229492 0.011469841003417969 64824 0
0.009223461151123047 0.012788534164428711 64572 0
0.010434865951538086 0.011965036392211914 64400 0
0.01031947135925293 0.011249303817749023 64717 0
0.01130056381225586 0.011775732040405273 64451 0
0.010344505310058594 0.011306285858154297 64664 0
0.01177835464477539 0.012005805969238281 63124 0
0.009987115859985352 0.012819051742553711 63922 0
0.012706995010375977 0.011544466018676758 63657 0
0.009110689163208008 0.012532949447631836 56684 0
0.010605812072753906 0.011272907257080078 63062 0
0.011420249938964844 0.011894464492797852 63776 0
0.011015892028808594 0.012909889221191406 64125 0
0.01061391830444336 0.012272357940673828 63531 0
0.010245323181152344 0.012581110000610352 64163 0
0.010318279266357422 0.011380910873413086 64615 0
0.010452985763549805 0.013868331909179688 64643 0
0.011067867279052734 0.012562274932861328 64437 0
0.00927591323852539 0.012273073196411133 64264 0
0.009949684143066406 0.011678218841552734 63732 0
0.010059356689453125 0.014114618301391602 63646 0
0.010502338409423828 0.011502265930175781 63378 0
0.01030278205871582 0.011490583419799805 63376 0
0.011050939559936523 0.011707067489624023 63581 0
0.011836051940917969 0.01225590705871582 63764 0
0.01043248176574707 0.017590999603271484 61562 0
0.010820150375366211 0.014007091522216797 61406 0
0.011057853698730469 0.01350545883178711 62055 0
0.009800195693969727 0.012718677520751953 63014 0
0.010790586471557617 0.011591196060180664 62866 0
0.010056257247924805 0.011341333389282227 63487 0
0.01024484634399414 0.01259922981262207 64254 0
0.009717226028442383 0.013385772705078125 64468 0
0.011208772659301758 0.012658119201660156 64390 0
0.00909280776977539 0.01193094253540039 64505 0
0.010477066040039062 0.011307954788208008 62370 0
0.011617183685302734 0.01195526123046875 60658 0
0.009618997573852539 0.011897563934326172 61750 0
0.010941743850708008 0.011573076248168945 61010 0
0.011418581008911133 0.011246442794799805 54885 0
0.01110696792602539 0.01161956787109375 61586 0
0.012353658676147461 0.0115203857421875 61844 0
0.010824441909790039 0.01368260383605957 61517 0
0.010988473892211914 0.011865377426147461 60408 0
0.009647846221923828 0.013389348983764648 61188 0
0.009759187698364258 0.012592315673828125 63508 0
0.012135028839111328 0.011858940124511719 62468 0
0.011293411254882812 0.012799263000488281 62523 0
0.01046299934387207 0.011181831359863281 61962 0
0.010311365127563477 0.011245965957641602 60759 0
0.010448217391967773 0.011246204376220703 60282 0
0.011121273040771484 0.01118326187133789 60340 0
0.009586811065673828 0.012696266174316406 60214 0
0.010308504104614258 0.012796401977539062 59944 0
0.011133909225463867 0.011797904968261719 60530 0
0.011196374893188477 0.011697530746459961 60973 0
0.010486841201782227 0.013335227966308594 62037 0
0.011364936828613281 0.011778116226196289 62304 0
0.011746883392333984 0.012284994125366211 61506 0
0.011045455932617188 0.011937618255615234 61480 0
0.010410308837890625 0.012638568878173828 61544 0
0.010560035705566406 0.01111459732055664 61324 0
0.011756181716918945 0.01152801513671875 61404 0
0.011359691619873047 0.012404441833496094 60675 0
0.009470939636230469 0.012472867965698242 60654 0
0.009132623672485352 0.013774633407592773 60108 0
0.011149168014526367 0.013869047164916992 58190 0
0.010344743728637695 0.012927532196044922 60727 0
0.009452104568481445 0.014035224914550781 59746 0
0.01103663444519043 0.012921810150146484 53874 0
0.009651422500610352 0.012418746948242188 60051 0
0.010598897933959961 0.01155543327331543 61154 0
0.009191751480102539 0.012886524200439453 61361 0
0.009311437606811523 0.013132572174072266 60365 0
0.01142430305480957 0.011429309844970703 61535 0
0.010114431381225586 0.014223337173461914 60804 0
0.010925769805908203 0.012740612030029297 60552 0
0.010619640350341797 0.012593507766723633 62982 0
0.009436845779418945 0.01281881332397461 61998 0
0.011597156524658203 0.01133418083190918 54925 0
0.01152491569519043 0.011177539825439453 61883 0
0.010820150375366211 0.0130615234375 62770 0
0.010881662368774414 0.011575460433959961 62359 0
0.010555744171142578 0.012375354766845703 61615 0
0.010530710220336914 0.012712955474853516 62728 0
0.010364532470703125 0.011240720748901367 63852 0
0.010079622268676758 0.012140512466430664 63672 0
0.01009988784790039 0.013922929763793945 64155 0
0.010058403015136719 0.01417088508605957 63264 0
0.010877132415771484 0.012402057647705078 63326 0
0.011203289031982422 0.013530731201171875 62884 0
0.012668371200561523 0.012709856033325195 63329 0
0.009727239608764648 0.012465715408325195 63774 0
0.010413885116577148 0.011591911315917969 64086 0
0.011613607406616211 0.013434648513793945 62982 0
0.011021137237548828 0.012060880661010742 60687 0
0.009125471115112305 0.012645721435546875 61101 0
0.009106874465942383 0.014291763305664062 63392 0
0.010268688201904297 0.01149439811706543 63473 0
0.010671854019165039 0.012508392333984375 64271 0
0.010808467864990234 0.013239860534667969 63682 0
0.011197805404663086 0.011859655380249023 62966 0
0.011161565780639648 0.01152491569519043 62814 0
0.010194063186645508 0.012677907943725586 63008 0
0.01044917106628418 0.011190176010131836 63112 0
0.010484457015991211 0.011911392211914062 62483 0
0.00985574722290039 0.012118339538574219 62363 0
0.009313106536865234 0.012500286102294922 62918 0
0.010512590408325195 0.011074066162109375 62332 0
0.011286258697509766 0.012166500091552734 63597 0
0.01062631607055664 0.011281013488769531 63025 0
0.011722803115844727 0.011562585830688477 63402 0
0.011438131332397461 0.011737823486328125 63450 0
0.009345531463623047 0.012459754943847656 63131 0
0.011266946792602539 0.011883258819580078 62990 0
0.011508703231811523 0.011293888092041016 60300 0
0.010251998901367188 0.011123418807983398 62534 0
0.010610342025756836 0.01254725456237793 61925 0
0.00981450080871582 0.01149439811706543 55091 0
0.009961128234863281 0.011645793914794922 62337 0
0.0106353759765625 0.012765884399414062 62607 0
0.011217832565307617 0.012016773223876953 62506 0
0.011215448379516602 0.011226415634155273 61385 0
0.010822057723999023 0.011265039443969727 62265 0
0.011394262313842773 0.011378288269042969 64603 0
0.010922431945800781 0.011553287506103516 64696 0
0.00962972640991211 0.012282848358154297 65020 0
0.01230311393737793 0.012547969818115234 64705 0
0.01082301139831543 0.011642932891845703 63288 0
0.010596752166748047 0.011208772659301758 63954 0
0.012092351913452148 0.012015342712402344 62746 0
0.010283470153808594 0.012902498245239258 63054 0
0.009873390197753906 0.012820243835449219 63667 0
0.011685609817504883 0.01155996322631836 63031 0
0.010563373565673828 0.012237310409545898 63194 0
0.014654874801635742 0.014325857162475586 64213 0
0.009260892868041992 0.01270914077758789 64932 0
0.010953187942504883 0.01280975341796875 63657 0
0.010662317276000977 0.012024164199829102 64519 0
0.011265993118286133 0.011547565460205078 63825 0
0.009140253067016602 0.01290440559387207 63997 0
0.010271310806274414 0.011358499526977539 63332 0
0.011431217193603516 0.012310981750488281 63947 0
0.011082887649536133 0.011923789978027344 69153 0
0.010664701461791992 0.011563539505004883 71382 0
0.010615348815917969 0.01294565200805664 71664 0
0.010638952255249023 0.011360406875610352 72132 0
0.010198354721069336 0.01262044906616211 71767 0
0.010551214218139648 0.012910842895507812 71903 0
0.011268854141235352 0.01258230209350586 72344 0
0.009545326232910156 0.012421369552612305 71355 0
0.011225700378417969 0.013824224472045898 72595 0
0.011498451232910156 0.011960029602050781 72303 0
0.010695695877075195 0.01258540153503418 71085 0
0.010797262191772461 0.011298894882202148 72427 0
0.009658336639404297 0.013892412185668945 72335 0
0.011351346969604492 0.011863231658935547 72172 0
0.010984182357788086 0.012152433395385742 72313 0
0.011680126190185547 0.012529850006103516 72657 0
0.010212421417236328 0.012625455856323242 73112 0
0.01054525375366211 0.012768745422363281 71611 0
0.010802268981933594 0.013132333755493164 67308 0
0.010588884353637695 0.01314544677734375 72405 0
0.011286020278930664 0.012200117111206055 72284 0
0.010365724563598633 0.011341094970703125 72478 0
0.010909795761108398 0.012316226959228516 73022 0
0.010751008987426758 0.01123809814453125 72653 0
0.010801315307617188 0.011835336685180664 74174 0
0.009357213973999023 0.012334346771240234 72630 0
0.01151275634765625 0.01172327995300293 73925 0
0.01164388656616211 0.014000654220581055 73295 0
0.011113166809082031 0.011236190795898438 64549 0
0.009667634963989258 0.012212038040161133 72888 0
0.010454654693603516 0.01177835464477539 72779 0
0.011720657348632812 0.012685298919677734 73565 0
0.010996103286743164 0.013274669647216797 73832 0
0.011328458786010742 0.01439356803894043 74466 0
0.009749174118041992 0.012542963027954102 74505 0
0.011285066604614258 0.011775732040405273 74973 0
0.010528087615966797 0.014394760131835938 74732 0
0.009523391723632812 0.012657880783081055 74495 0
0.010406970977783203 0.01142740249633789 72385 0
0.011215686798095703 0.014052867889404297 74530 0
0.011371612548828125 0.011574029922485352 73352 0
0.011026859283447266 0.012586116790771484 74184 0
0.010625839233398438 0.011420011520385742 74490 0
0.011061429977416992 0.012740135192871094 74632 0
0.011538982391357422 0.01154017448425293 74305 0
0.01093292236328125 0.011684894561767578 75208 0
0.010727167129516602 0.012292861938476562 74473 0
0.010612249374389648 0.014528036117553711 74952 0
0.010612249374389648 0.012637615203857422 69969 0
0.011398077011108398 0.011405467987060547 74753 0
0.009287118911743164 0.012674331665039062 74725 0
0.010839223861694336 0.012652873992919922 74891 0
0.010840177536010742 0.012259721755981445 75082 0
0.010427474975585938 0.013315916061401367 74865 0
0.010366201400756836 0.012512922286987305 74985 0
0.011451244354248047 0.012187957763671875 72980 0
0.010770320892333984 0.011483192443847656 75386 0
0.010318756103515625 0.011479377746582031 76034 0
0.011134862899780273 0.011676311492919922 65877 0
0.010710716247558594 0.012581348419189453 74713 0
0.01221776008605957 0.01646566390991211 72531 0
0.009348869323730469 0.012725353240966797 72503 0
0.011034250259399414 0.011404752731323242 75359 0
0.01510763168334961 0.013108491897583008 75967 0
0.0104522705078125 0.011347532272338867 73159 0
0.009651422500610352 0.01247262954711914 76422 0
0.010490655899047852 0.012730836868286133 75792 0
0.010350465774536133 0.012417793273925781 75728 0
0.01143646240234375 0.012064695358276367 75994 0
0.009878158569335938 0.012784004211425781 74957 0
0.011532068252563477 0.012375831604003906 73329 0
0.009563922882080078 0.012583494186401367 75385 0
0.010831832885742188 0.011470556259155273 76109 0
0.011292457580566406 0.011346101760864258 75472 0
0.01090383529663086 0.012831687927246094 75687 0
0.010730743408203125 0.011553049087524414 74889 0
0.00991058349609375 0.013451099395751953 75801 0
0.010596990585327148 0.01128244400024414 75687 0
0.011108160018920898 0.01179957389831543 70920 0
0.011378765106201172 0.013595342636108398 74609 0
0.010832071304321289 0.011528730392456055 75054 0
0.010820388793945312 0.013207197189331055 75078 0
0.011646270751953125 0.012314558029174805 74397 0
0.00941920280456543 0.012665033340454102 74409 0
0.010365724563598633 0.011634111404418945 74152 0
0.01068258285522461 0.013561487197875977 71405 0
0.011103391647338867 0.011765241622924805 74760 0
0.010435104370117188 0.011326074600219727 74510 0
0.009616613388061523 0.013441085815429688 62595 0
0.011862516403198242 0.012238502502441406 71735 0
0.010936260223388672 0.01194310188293457 69090 0
0.011624813079833984 0.011455297470092773 69158 0
0.010240793228149414 0.01167154312133789 70886 0
0.010924816131591797 0.011896371841430664 71684 0
0.011981964111328125 0.013698339462280273 70082 0
0.01133275032043457 0.012992143630981445 72381 0
0.010444402694702148 0.013097524642944336 71440 0
0.009608030319213867 0.012935161590576172 71079 0
0.010173559188842773 0.011612892150878906 70468 0
0.010100841522216797 0.011664867401123047 70531 0
0.01077580451965332 0.011856555938720703 66301 0
0.009527921676635742 0.01225137710571289 69997 0
0.01067042350769043 0.01347041130065918 69996 0
0.011920452117919922 0.011546134948730469 69920 0
0.011153936386108398 0.013147830963134766 69790 0
0.011668205261230469 0.011556148529052734 70100 0
0.011072635650634766 0.011656999588012695 70097 0
0.011808156967163086 0.012352466583251953 69738 0
0.01105046272277832 0.012073040008544922 66222 0
0.011910200119018555 0.011907815933227539 69828 0
0.010026693344116211 0.012388467788696289 71511 0
0.011066913604736328 0.011377096176147461 71104 0
0.010317325592041016 0.011607646942138672 70885 0
0.010639429092407227 0.01209878921508789 71447 0
0.011015653610229492 0.011478662490844727 70551 0
0.011394262313842773 0.013017416000366211 67714 0
0.010797262191772461 0.01298975944519043 69570 0
0.009342670440673828 0.012415409088134766 69350 0
0.009419441223144531 0.012325763702392578 59887 0
0.010540246963500977 0.011368989944458008 69349 0
0.010474681854248047 0.011695146560668945 66328 0
0.011181831359863281 0.011605501174926758 67652 0
0.010526657104492188 0.012212276458740234 69033 0
0.01058340072631836 0.011554241180419922 69049 0
0.009356021881103516 0.012909173965454102 68172 0
0.011174917221069336 0.012990236282348633 70273 0
0.010572433471679688 0.012220621109008789 70430 0
0.011226892471313477 0.011862039566040039 70821 0
0.009493589401245117 0.012548685073852539 70717 0
0.01055908203125 0.01125025749206543 70477 0
0.01120448112487793 0.011941671371459961 66894 0
0.010970115661621094 0.012122392654418945 70741 0
0.010180950164794922 0.012644052505493164 70835 0
0.010528087615966797 0.011887073516845703 70643 0
0.00984048843383789 0.012525320053100586 70549 0
0.011647462844848633 0.012103796005249023 70725 0
0.01007080078125 0.012223958969116211 70098 0
0.010691642761230469 0.013604879379272461 70154 0
0.010338306427001953 0.011230945587158203 66079 0
0.01143193244934082 0.013717889785766602 69433 0
0.013974905014038086 0.012611865997314453 70214 0
0.010762214660644531 0.01386117935180664 69547 0
0.010342121124267578 0.011209964752197266 69747 0
0.01077127456665039 0.013144493103027344 69547 0
0.010995626449584961 0.011868953704833984 69088 0
0.011059761047363281 0.012635946273803711 67495 0
0.01018381118774414 0.013031959533691406 69431 0
0.011313438415527344 0.012310981750488281 69355 0
0.010372400283813477 0.010930299758911133 59595 0
0.0109710693359375 0.011829614639282227 68396 0
0.011144161224365234 0.012977123260498047 64811 0
0.009202003479003906 0.013926267623901367 66517 0
0.010854721069335938 0.01269984245300293 69080 0
0.010586738586425781 0.012975931167602539 69166 0
0.011309623718261719 0.012959480285644531 68301 0
0.010464668273925781 0.011377334594726562 69759 0
0.0106964111328125 0.011264562606811523 69796 0
0.011413812637329102 0.011545658111572266 69804 0
0.011299610137939453 0.01141047477722168 69464 0
0.011810541152954102 0.012095212936401367 69315 0
0.01145482063293457 0.011596202850341797 65004 0
0.012484312057495117 0.011458158493041992 69670 0
0.010576963424682617 0.013313531875610352 69398 0
0.011342525482177734 0.013674497604370117 69236 0
0.01094508171081543 0.011841297149658203 69142 0
0.010651826858520508 0.011307954788208008 69593 0
0.011232614517211914 0.011729955673217773 69194 0
0.010979890823364258 0.011458158493041992 69133 0
0.009297370910644531 0.012840747833251953 64220 0
0.010602951049804688 0.011969566345214844 69345 0
0.010680675506591797 0.011266946792602539 69654 0
0.01029205322265625 0.01132965087890625 69633 0
0.011443853378295898 0.012095212936401367 69380 0
0.00988912582397461 0.012099027633666992 69564 0
0.010585546493530273 0.011323213577270508 69117 0
0.011823892593383789 0.011449813842773438 67043 0
0.011367559432983398 0.012185811996459961 69323 0
0.010782480239868164 0.012823104858398438 69105 0
0.00998067855834961 0.013025522232055664 60892 0
0.011707305908203125 0.011593103408813477 68805 0
0.010113954544067383 0.012431144714355469 63610 0
0.011729240417480469 0.011829137802124023 68737 0
0.009175300598144531 0.013151407241821289 69256 0
0.011348485946655273 0.011386871337890625 69463 0
0.01139974594116211 0.012340545654296875 67608 0
0.0104827880859375 0.011231660842895508 69837 0
0.011818170547485352 0.011594295501708984 69926 0
0.012224912643432617 0.012069940567016602 69787 0
0.01048135757446289 0.011310815811157227 70077 0
0.010667800903320312 0.012470483779907227 69385 0
0.010404348373413086 0.013820171356201172 65449 0
0.011345863342285156 0.011944770812988281 69578 0
0.010015487670898438 0.012525320053100586 69572 0
0.010294675827026367 0.011221647262573242 70000 0
0.010649919509887695 0.01132965087890625 70231 0
0.009845972061157227 0.012465476989746094 70171 0
0.011729240417480469 0.011240005493164062 69186 0
0.009230613708496094 0.013262510299682617 69223 0
0.010239362716674805 0.013221025466918945 66113 0
0.011102676391601562 0.01792621612548828 68374 0
0.012334108352661133 0.01203012466430664 73636 0
0.011661767959594727 0.013898611068725586 73357 0
0.009627103805541992 0.012497901916503906 73548 0
0.010636091232299805 0.011530637741088867 74139 0
0.010305166244506836 0.01217031478881836 74180 0
0.010367870330810547 0.011834859848022461 73627 0
0.011858224868774414 0.012075424194335938 74506 0
0.011039495468139648 0.012144088745117188 73041 0
0.009283065795898438 0.01322484016418457 72655 0
0.011171579360961914 0.013974666595458984 73677 0
0.010523796081542969 0.011442422866821289 71557 0
0.011341333389282227 0.013298749923706055 72679 0
0.011380672454833984 0.012117147445678711 73163 0
0.010597705841064453 0.01199197769165039 73335 0
0.011464118957519531 0.01210927963256836 74461 0
0.009222745895385742 0.013297557830810547 74098 0
0.01086568832397461 0.01356816291809082 73838 0
0.01169896125793457 0.01222681999206543 74292 0
0.010662317276000977 0.011396169662475586 74136 0
0.011474132537841797 0.014561176300048828 72832 0
0.010287046432495117 0.011792659759521484 72481 0
0.010205984115600586 0.011796951293945312 72073 0
0.011937379837036133 0.012190580368041992 72140 0
0.010756492614746094 0.011946916580200195 71787 0
0.010599136352539062 0.01261591911315918 72457 0
0.010381698608398438 0.012349843978881836 72566 0
0.009341955184936523 0.012433528900146484 71748 0
0.010840892791748047 0.011353492736816406 73615 0
0.010389328002929688 0.011556625366210938 73865 0
0.009523153305053711 0.012630701065063477 72942 0
0.01083230972290039 0.011370420455932617 73023 0
0.011212348937988281 0.011729001998901367 73582 0
0.011031150817871094 0.012553930282592773 72715 0
0.010954856872558594 0.011931180953979492 72449 0
0.011226177215576172 0.012655496597290039 72092 0
0.010612964630126953 0.012006759643554688 72133 0
0.011158466339111328 0.011871814727783203 71678 0
0.009494304656982422 0.014325141906738281 72685 0
0.009499788284301758 0.012262821197509766 73355 0
0.009422540664672852 0.014667987823486328 71806 0
0.011059761047363281 0.011522531509399414 72009 0
0.010908842086791992 0.011494874954223633 71969 0
0.010253190994262695 0.011437416076660156 72162 0
0.0096282958984375 0.013205766677856445 71723 0
0.011791467666625977 0.011907815933227539 71790 0
0.010899543762207031 0.011763334274291992 71685 0
0.011060953140258789 0.013048410415649414 71090 0
0.01110386848449707 0.013438224792480469 71910 0
0.012480020523071289 0.012660026550292969 72974 0
0.014132261276245117 0.016256093978881836 72130 0
0.009344339370727539 0.012322425842285156 73332 0
0.011581897735595703 0.012464284896850586 73254 0
0.014265060424804688 0.013437747955322266 72605 0
0.011522054672241211 0.012127399444580078 72909 0
0.01123499870300293 0.01300048828125 72055 0
0.010561227798461914 0.013159751892089844 71960 0
0.010514259338378906 0.011358261108398438 71888 0
0.010690689086914062 0.011680364608764648 72067 0
0.00957179069519043 0.012897729873657227 72579 0
0.009790658950805664 0.013429403305053711 72788 0
0.011718988418579102 0.013179779052734375 72618 0
0.010487079620361328 0.012876033782958984 73055 0
0.010997533798217773 0.013736248016357422 73096 0
0.011502981185913086 0.014003753662109375 73646 0
0.009717226028442383 0.01242971420288086 73712 0
0.011732339859008789 0.014108657836914062 73748 0
0.01056814193725586 0.011722564697265625 73777 0
0.011151790618896484 0.01204371452331543 74112 0
0.011363744735717773 0.012981176376342773 73363 0
0.01068115234375 0.012581110000610352 73720 0
0.010497808456420898 0.01140284538269043 73035 0
0.010615110397338867 0.011349201202392578 72928 0
0.009834766387939453 0.013358354568481445 71129 0
0.010751008987426758 0.01199960708618164 74960 0
0.010320663452148438 0.011534452438354492 74626 0
0.011086225509643555 0.012871503829956055 74685 0
0.012149810791015625 0.011807918548583984 75046 0
0.011379003524780273 0.012637615203857422 76123 0
0.01186823844909668 0.012248516082763672 75619 0
0.010757684707641602 0.012601137161254883 76220 0
0.010553121566772461 0.012925863265991211 75804 0
0.010957002639770508 0.011506795883178711 75875 0
0.011329174041748047 0.011950254440307617 69788 0
0.01057577133178711 0.011136054992675781 68574 0
0.010485410690307617 0.011560201644897461 73929 0
0.01076507568359375 0.012422323226928711 77331 0
0.011240720748901367 0.012843608856201172 71815 0
0.010657310485839844 0.013620853424072266 74563 0
0.010845422744750977 0.012631654739379883 70324 0
0.010452032089233398 0.011459112167358398 70573 0
0.009610891342163086 0.013585329055786133 71175 0
0.01107645034790039 0.011588096618652344 73218 0
0.010522842407226562 0.01273488998413086 73030 0
0.010989665985107422 0.011978864669799805 72258 0
0.010531902313232422 0.012962102890014648 74464 0
0.009549617767333984 0.012959957122802734 73776 0
0.009453773498535156 0.012846231460571289 68241 0
0.011642694473266602 0.013672113418579102 75659 0
0.010670661926269531 0.011326074600219727 73950 0
0.01090240478515625 0.012343168258666992 72897 0
0.01288914680480957 0.013637304306030273 76092 0
0.01143503189086914 0.012480735778808594 76549 0
0.010457038879394531 0.01129150390625 69930 0
0.009801626205444336 0.013905048370361328 76607 0
0.00952458381652832 0.012851238250732422 76955 0
0.009289979934692383 0.01417994499206543 77347 0
0.010718107223510742 0.011546134948730469 76836 0
0.010983943939208984 0.011423349380493164 78034 0
0.009744644165039062 0.012362003326416016 77818 0
0.010258913040161133 0.013174295425415039 78025 0
0.010520219802856445 0.012342453002929688 76983 0
0.010518550872802734 0.01148843765258789 77976 0
0.012109518051147461 0.011717796325683594 79494 0
0.011325597763061523 0.0132904052734375 78177 0
0.012253046035766602 0.011812686920166016 77492 0
0.011084794998168945 0.011651277542114258 77476 0
0.010547161102294922 0.012027502059936523 76564 0
0.011225461959838867 0.011394262313842773 77112 0
0.011393308639526367 0.011566400527954102 77085 0
0.011603832244873047 0.011967658996582031 76296 0
0.010738611221313477 0.011531829833984375 76518 0
0.0103607177734375 0.014530658721923828 77034 0
0.01052546501159668 0.012390613555908203 77442 0
0.011386871337890625 0.012325525283813477 76211 0
0.010570764541625977 0.011606216430664062 77667 0
0.011281251907348633 0.011972427368164062 78153 0
0.01072835922241211 0.012212276458740234 71819 0
0.010442018508911133 0.011686086654663086 77386 0
0.011600255966186523 0.011998414993286133 75150 0
0.010636568069458008 0.018586397171020508 75023 0
0.010621786117553711 0.011644124984741211 77285 0
0.010996818542480469 0.013224601745605469 77503 0
0.01140594482421875 0.01948714256286621 72317 0
0.011265754699707031 0.013315916061401367 77474 0
0.011723041534423828 0.011815786361694336 76884 0
0.015921831130981445 0.014018774032592773 78053 0
0.009567022323608398 0.013359785079956055 77261 0
0.010415077209472656 0.011641502380371094 77172 0
0.011119604110717773 0.013464689254760742 77363 0
0.009565353393554688 0.012948274612426758 77614 0
0.0117950439453125 0.01201009750366211 78581 0
0.013823986053466797 0.016680002212524414 79161 0
0.011409282684326172 0.013656854629516602 78147 0
0.00948953628540039 0.012166023254394531 79116 0
0.011129379272460938 0.011575698852539062 78620 0
0.010793685913085938 0.012529611587524414 79440 0
0.010855674743652344 0.014304161071777344 78261 0
0.01106882095336914 0.011707544326782227 78083 0
0.011869430541992188 0.013146638870239258 78001 0
0.011601448059082031 0.011718273162841797 77372 0
0.009895086288452148 0.01353001594543457 78709 0
0.010745763778686523 0.011516571044921875 78691 0
0.009814023971557617 0.013829231262207031 78615 0
0.010171890258789062 0.013232707977294922 76755 0
0.009644746780395508 0.014028549194335938 79105 0
0.01253366470336914 0.012184381484985352 79571 0
0.009457826614379883 0.015397310256958008 72847 0
0.01080465316772461 0.011378288269042969 79292 0
0.010568618774414062 0.012479305267333984 78740 0
0.011384010314941406 0.011405467987060547 77661 0
0.010714054107666016 0.011788368225097656 80040 0
0.011625528335571289 0.011702537536621094 80183 0
0.010554313659667969 0.011806488037109375 76461 0
0.011395692825317383 0.013586282730102539 80911 0
0.011393070220947266 0.01186680793762207 79423 0
0.010388374328613281 0.011826515197753906 79959 0
0.009956836700439453 0.012845993041992188 78771 0
0.012047767639160156 0.011707067489624023 76974 0
0.010586738586425781 0.012523174285888672 76738 0
0.01091623306274414 0.013251066207885742 76269 0
0.010329008102416992 0.011830329895019531 75896 0
0.01118922233581543 0.012067556381225586 76341 0
0.010364770889282227 0.011794567108154297 75641 0
0.01083683967590332 0.011538505554199219 76018 0
0.010458946228027344 0.012970447540283203 75497 0
0.009622335433959961 0.01233220100402832 74655 0
0.01036834716796875 0.011438608169555664 74295 0
0.01080465316772461 0.011668205261230469 74049 0
0.010647296905517578 0.011944293975830078 75817 0
0.011499881744384766 0.012219667434692383 75753 0
0.01086115837097168 0.011560440063476562 75897 0
0.010765552520751953 0.011609315872192383 74891 0
0.011354923248291016 0.012022972106933594 74246 0
0.010535001754760742 0.012003421783447266 74868 0
0.011902809143066406 0.011935710906982422 74832 0
0.011326074600219727 0.013167858123779297 74331 0
0.01105046272277832 0.01144099235534668 74531 0
0.011060953140258789 0.01249384880065918 73376 0
0.010523319244384766 0.011498212814331055 74124 0
0.010394573211669922 0.01221013069152832 73782 0
0.010121345520019531 0.01309657096862793 74999 0
0.01093292236328125 0.013352155685424805 74425 0
0.009352445602416992 0.012959957122802734 75050 0
0.012043237686157227 0.012135982513427734 74039 0
0.010626554489135742 0.011456489562988281 75099 0
0.011228084564208984 0.012163639068603516 75182 0
