0.4831259250640869 0.1262340545654297 134265 0
0.49367380142211914 0.17287683486938477 133701 0
0.4898531436920166 0.14712238311767578 136735 0
0.4864647388458252 0.13183140754699707 134329 0
0.4290506839752197 0.175154447555542 136605 0
0.4767005443572998 0.14574456214904785 137886 0
0.4639317989349365 0.16071486473083496 139039 0
0.46321988105773926 0.17386937141418457 137872 0
0.4747495651245117 0.1742568016052246 137027 0
0.4446866512298584 0.13390707969665527 137437 0
0.48352789878845215 0.19500279426574707 134619 0
0.45574164390563965 0.14782094955444336 132088 0
0.4846186637878418 0.13971972465515137 136954 0
0.4819011688232422 0.13317084312438965 133147 0
0.47330260276794434 0.1423931121826172 119459 0
0.45684385299682617 0.13653326034545898 131930 0
0.47397518157958984 0.17595887184143066 129184 0
0.49341726303100586 0.14686107635498047 128118 0
0.4532287120819092 0.14417076110839844 124289 0
0.4837486743927002 0.14035582542419434 129275 0
0.46448445320129395 0.12100863456726074 129849 0
0.48396754264831543 0.12389636039733887 127147 0
0.46668529510498047 0.14150643348693848 131469 0
0.48467516899108887 0.14305615425109863 134942 0
0.4688401222229004 0.13895940780639648 135453 0
0.47612571716308594 0.12899017333984375 133432 0
0.4468700885772705 0.13174223899841309 126524 0
0.4610178470611572 0.18559765815734863 132637 0
0.45880651473999023 0.1467294692993164 133809 0
0.45279455184936523 0.1453697681427002 129440 0
0.4764714241027832 0.16877126693725586 133641 0
0.4721508026123047 0.17676115036010742 134242 0
0.4799458980560303 0.13979363441467285 130849 0
0.4912593364715576 0.16867876052856445 131970 0
0.49187231063842773 0.1284468173980713 125847 0
0.4677731990814209 0.19702363014221191 133796 0
0.4948594570159912 0.14285635948181152 138780 0
0.49367690086364746 0.1438441276550293 136699 0
0.4817986488342285 0.1255359649658203 138948 0
0.46123433113098145 0.14350152015686035 134837 0
0.47449469566345215 0.1665799617767334 128639 0
0.47707462310791016 0.14139103889465332 131079 0
0.46075940132141113 0.18463730812072754 135314 0
0.4782226085662842 0.1372365951538086 135438 0
0.4594748020172119 0.18773412704467773 123401 0
0.488375186920166 0.13892650604248047 134252 0
0.45873093605041504 0.1288747787475586 137226 0
0.41486334800720215 0.12938904762268066 135478 0
0.4431307315826416 0.1346874237060547 136804 0
0.46677207946777344 0.16134285926818848 136055 0
0.46253347396850586 0.1916027069091797 135597 0
0.47988128662109375 0.1358804702758789 137423 0
0.46782374382019043 0.21559500694274902 137472 0
0.45232391357421875 0.22071576118469238 137857 0
0.487241268157959 0.13896751403808594 138401 0
0.4658041000366211 0.16524720191955566 138737 0
0.461578369140625 0.16722607612609863 140657 0
0.46300554275512695 0.1960289478302002 140584 0
0.430403470993042 0.14306235313415527 139933 0
0.46378111839294434 0.1494588851928711 141487 0
0.45153284072875977 0.19643259048461914 138864 0
0.46590590476989746 0.13689064979553223 139173 0
0.48062825202941895 0.1415576934814453 139112 0
0.47220540046691895 0.17718172073364258 136624 0
0.4492380619049072 0.19098329544067383 134573 0
0.4761068820953369 0.16027522087097168 137506 0
0.49595212936401367 0.16762113571166992 138233 0
0.47031140327453613 0.1691122055053711 139069 0
0.4740614891052246 0.1299443244934082 137685 0
0.4739527702331543 0.13282370567321777 137186 0
0.46974945068359375 0.19247889518737793 134971 0
0.4678969383239746 0.12975406646728516 133770 0
0.47156810760498047 0.1923999786376953 136862 0
0.4990556240081787 0.14933013916015625 134519 0
0.47542643547058105 0.14090681076049805 120183 0
0.4610872268676758 0.15503168106079102 136623 0
0.4564964771270752 0.14066600799560547 135401 0
0.4671332836151123 0.1495046615600586 132279 0
0.47370076179504395 0.17858314514160156 133779 0
0.4628279209136963 0.18967628479003906 133277 0
0.4713475704193115 0.15240120887756348 135843 0
0.46558666229248047 0.2024686336517334 136796 0
0.47948408126831055 0.13094401359558105 134647 0
0.4621286392211914 0.13877630233764648 134611 0
0.4839487075805664 0.12634491920471191 136727 0
0.4746439456939697 0.13763713836669922 136219 0
0.47060132026672363 0.13943886756896973 131561 0
0.4827289581298828 0.1652543544769287 137512 0
0.47098302841186523 0.15618586540222168 136827 0
0.4710121154785156 0.18742132186889648 137593 0
0.4995114803314209 0.1419210433959961 135928 0
0.4618852138519287 0.13999462127685547 135637 0
0.4928450584411621 0.15332341194152832 136255 0
0.4706869125366211 0.17783045768737793 132491 0
0.4765911102294922 0.16820788383483887 135845 0
0.48032236099243164 0.13019680976867676 136381 0
0.47121644020080566 0.15704965591430664 120929 0
0.4622187614440918 0.15464067459106445 136317 0
0.4189565181732178 0.12646722793579102 136363 0
0.472318172454834 0.14135050773620605 131749 0
0.49840450286865234 0.13797760009765625 133222 0
0.47350358963012695 0.13862919807434082 135380 0
0.46072912216186523 0.1809253692626953 135681 0
0.45934414863586426 0.18027567863464355 138993 0
0.45418429374694824 0.14621806144714355 138636 0
0.45392584800720215 0.15494251251220703 138571 0
0.468517541885376 0.16754961013793945 137275 0
0.4745316505432129 0.13877391815185547 139569 0
0.46661925315856934 0.13305020332336426 138122 0
0.46881747245788574 0.147369384765625 137874 0
0.47223496437072754 0.1380152702331543 137765 0
0.47793054580688477 0.1928997039794922 137075 0
0.4656941890716553 0.20937108993530273 136465 0
0.4533381462097168 0.1482386589050293 137625 0
0.4845564365386963 0.15108227729797363 133750 0
0.47156715393066406 0.14592695236206055 135960 0
0.48123931884765625 0.17982888221740723 126074 0
0.5346691608428955 0.16669774055480957 136567 0
0.47409796714782715 0.19418621063232422 135441 0
0.4628920555114746 0.18529200553894043 136807 0
0.47464823722839355 0.16967558860778809 133679 0
0.46990203857421875 0.14067292213439941 135406 0
0.48186302185058594 0.1305837631225586 134364 0
0.46134042739868164 0.13823533058166504 131031 0
0.4648783206939697 0.14046049118041992 134779 0
0.4624912738800049 0.13747262954711914 135416 0
0.44358158111572266 0.12854743003845215 120142 0
0.4772458076477051 0.14168000221252441 132041 0
0.497575044631958 0.19659805297851562 122882 0
0.4553675651550293 0.12966704368591309 124171 0
0.47421813011169434 0.14169669151306152 127242 0
0.4692518711090088 0.14738154411315918 128704 0
0.4774301052093506 0.14540481567382812 124881 0
0.4858846664428711 0.12996888160705566 128521 0
0.47501516342163086 0.1465601921081543 131310 0
0.46279215812683105 0.14606285095214844 134237 0
0.4375309944152832 0.16590404510498047 132271 0
0.4681971073150635 0.19751548767089844 133497 0
0.47662878036499023 0.13814997673034668 131271 0
0.4636514186859131 0.14275074005126953 132778 0
0.47085118293762207 0.1314401626586914 134813 0
0.4788985252380371 0.14591288566589355 134684 0
0.4911932945251465 0.20592761039733887 132564 0
0.42703938484191895 0.13883113861083984 132718 0
0.47128748893737793 0.16504859924316406 131908 0
0.5208501815795898 0.13782477378845215 137145 0
0.46100378036499023 0.1980273723602295 135194 0
0.46101999282836914 0.135756254196167 133390 0
0.46019983291625977 0.13609004020690918 129376 0
0.467374324798584 0.17841029167175293 129759 0
0.46463751792907715 0.18911027908325195 134457 0
0.4709610939025879 0.12220931053161621 139218 0
0.48154377937316895 0.1376347541809082 138898 0
0.4653458595275879 0.2109992504119873 136035 0
0.46134209632873535 0.14436769485473633 137577 0
0.45830512046813965 0.14878106117248535 133964 0
0.45109057426452637 0.14966654777526855 118567 0
0.46760034561157227 0.1322948932647705 131039 0
0.45973706245422363 0.15738630294799805 132525 0
0.4922952651977539 0.13254642486572266 125273 0
0.46024060249328613 0.1425626277923584 126095 0
0.468508243560791 0.17317461967468262 127866 0
0.4733741283416748 0.150726318359375 126804 0
0.4577622413635254 0.13105416297912598 129408 0
0.4715113639831543 0.12335205078125 134003 0
0.46126604080200195 0.13416337966918945 131246 0
0.4885249137878418 0.1477808952331543 130466 0
0.46979856491088867 0.17353534698486328 136632 0
0.47400450706481934 0.13808798789978027 133893 0
0.4918832778930664 0.155517578125 139557 0
0.4826071262359619 0.1457042694091797 134162 0
0.4735071659088135 0.17878365516662598 137346 0
0.46698713302612305 0.1278529167175293 137518 0
0.4922676086425781 0.16829681396484375 140097 0
0.49242472648620605 0.1355290412902832 138681 0
0.4636111259460449 0.14457917213439941 139932 0
0.4887089729309082 0.21749186515808105 134379 0
0.4665217399597168 0.13033747673034668 141513 0
0.4668288230895996 0.14402174949645996 141897 0
0.478895902633667 0.1350874900817871 141977 0
0.45831298828125 0.165360689163208 139868 0
0.4613828659057617 0.14342808723449707 138476 0
0.4727795124053955 0.13530611991882324 140519 0
0.4658362865447998 0.20772552490234375 135164 0
0.49391674995422363 0.16890335083007812 139851 0
0.4696691036224365 0.144439697265625 139565 0
0.44687867164611816 0.17565441131591797 125627 0
0.48386454582214355 0.15256500244140625 140656 0
0.482555627822876 0.15033435821533203 141213 0
0.47784996032714844 0.17432236671447754 136705 0
0.4787302017211914 0.15012669563293457 138265 0
0.49714159965515137 0.13442230224609375 139187 0
0.45243144035339355 0.20529699325561523 139981 0
0.4453287124633789 0.14955949783325195 141465 0
0.4611239433288574 0.16732263565063477 140415 0
0.4435710906982422 0.1383957862854004 139658 0
0.4841651916503906 0.14076447486877441 140974 0
0.48531651496887207 0.17000508308410645 142057 0
0.4687662124633789 0.14363694190979004 139984 0
0.44632434844970703 0.18796586990356445 138886 0
0.45511293411254883 0.13567519187927246 136197 0
0.4560697078704834 0.13469672203063965 125018 0
0.47518181800842285 0.18766093254089355 122598 0
0.4718482494354248 0.13222980499267578 125309 0
0.4633173942565918 0.13000702857971191 123990 0
0.46458983421325684 0.12425088882446289 125032 0
0.47174715995788574 0.14647912979125977 125132 0
0.4593241214752197 0.15203475952148438 125928 0
0.4267745018005371 0.15181374549865723 128157 0
0.45632100105285645 0.15262317657470703 127012 0
0.45278477668762207 0.18224573135375977 125130 0
0.4644930362701416 0.13420844078063965 125391 0
0.4631927013397217 0.14401936531066895 126263 0
0.4799771308898926 0.15002894401550293 125355 0
0.46522021293640137 0.1559135913848877 124698 0
0.46021556854248047 0.1366729736328125 123689 0
0.4626612663269043 0.1349353790283203 122437 0
0.4500467777252197 0.1813497543334961 118159 0
0.4666564464569092 0.1685655117034912 123982 0
0.46544623374938965 0.16435599327087402 125107 0
0.45551037788391113 0.14290761947631836 124594 0
0.4487941265106201 0.13695597648620605 125971 0
0.4657406806945801 0.196303129196167 125471 0
0.45348668098449707 0.1816878318786621 126173 0
0.4664132595062256 0.13807058334350586 126496 0
0.455181360244751 0.14001846313476562 125328 0
0.46898651123046875 0.19764924049377441 125726 0
0.4657118320465088 0.17424726486206055 125717 0
0.50288987159729 0.13612627983093262 125023 0
0.4783055782318115 0.12804198265075684 124355 0
0.4695279598236084 0.19844388961791992 123850 0
0.43706393241882324 0.14418768882751465 123315 0
0.4656994342803955 0.1373448371887207 124033 0
0.46725988388061523 0.14001774787902832 124658 0
0.45397067070007324 0.12542200088500977 126112 0
0.471127986907959 0.18564534187316895 125991 0
0.47581911087036133 0.1338491439819336 125517 0
0.4487597942352295 0.1618788242340088 124980 0
0.45348477363586426 0.14876532554626465 124308 0
0.48240232467651367 0.13788652420043945 125024 0
0.4590141773223877 0.17081475257873535 124633 0
0.48676156997680664 0.13475251197814941 124412 0
0.48362278938293457 0.18404555320739746 124871 0
0.4696512222290039 0.2152392864227295 125201 0
0.4978351593017578 0.14243531227111816 125227 0
0.4361076354980469 0.1473400592803955 124082 0
0.4826540946960449 0.1288130283355713 125507 0
0.46169185638427734 0.15386676788330078 116832 0
0.42249488830566406 0.16310882568359375 124462 0
0.4757552146911621 0.21049261093139648 125687 0
0.4301128387451172 0.14955353736877441 126397 0
0.4438467025756836 0.13770365715026855 125447 0
0.468886137008667 0.14166998863220215 125024 0
0.4812767505645752 0.1451716423034668 126064 0
0.4559035301208496 0.1449110507965088 127539 0
0.4831669330596924 0.16504311561584473 125769 0
0.4720144271850586 0.14022040367126465 126490 0
0.44378232955932617 0.13481569290161133 126471 0
0.4421653747558594 0.19466495513916016 125441 0
0.46677398681640625 0.15212035179138184 126377 0
0.4778175354003906 0.1312861442565918 124911 0
0.48713016510009766 0.13441848754882812 125952 0
0.47289133071899414 0.1264784336090088 126692 0
0.46842050552368164 0.18040227890014648 126651 0
0.4703524112701416 0.14230871200561523 127211 0
0.45659780502319336 0.18487215042114258 127626 0
0.4618551731109619 0.19693636894226074 128356 0
0.4699699878692627 0.1454460620880127 127530 0
0.4493281841278076 0.13828730583190918 128173 0
0.47477006912231445 0.1449742317199707 128760 0
0.42902398109436035 0.13426613807678223 125767 0
0.4434468746185303 0.17499136924743652 126504 0
0.47327613830566406 0.12793803215026855 127398 0
0.47054386138916016 0.14525938034057617 134061 0
0.4712862968444824 0.1379401683807373 132758 0
0.46810317039489746 0.13560938835144043 127231 0
0.48021435737609863 0.14898014068603516 138612 0
0.490570068359375 0.14052128791809082 133718 0
0.4866516590118408 0.13502216339111328 138357 0
0.4705498218536377 0.13657665252685547 135970 0
0.4605989456176758 0.20177388191223145 132151 0
0.47350001335144043 0.14953327178955078 132547 0
0.4732060432434082 0.13979411125183105 132776 0
0.49256324768066406 0.15024185180664062 131686 0
0.45001220703125 0.1347951889038086 130926 0
0.46352720260620117 0.12344813346862793 130234 0
0.46240735054016113 0.1331629753112793 125695 0
0.4652986526489258 0.14340782165527344 126449 0
0.4473252296447754 0.12605571746826172 122532 0
0.4629557132720947 0.14139389991760254 124565 0
0.48662376403808594 0.13311123847961426 124947 0
0.4750504493713379 0.18303132057189941 123643 0
0.4650547504425049 0.13839983940124512 123494 0
0.4932124614715576 0.18801236152648926 123833 0
0.4770839214324951 0.14272165298461914 123691 0
0.4404480457305908 0.13093233108520508 123542 0
0.46958112716674805 0.1384878158569336 124237 0
0.4704775810241699 0.13534140586853027 124227 0
0.43137550354003906 0.1375432014465332 126713 0
0.48691630363464355 0.15974164009094238 114537 0
0.4616096019744873 0.14507842063903809 124846 0
0.4608950614929199 0.21071791648864746 126257 0
0.49089741706848145 0.1949462890625 124622 0
0.45836830139160156 0.13396167755126953 126538 0
0.47738003730773926 0.16761064529418945 126393 0
0.4658985137939453 0.1474452018737793 124963 0
0.46982836723327637 0.17044591903686523 126985 0
0.47502851486206055 0.12338852882385254 126132 0
0.4658801555633545 0.12371420860290527 126794 0
0.46235060691833496 0.13617467880249023 126342 0
0.4710679054260254 0.13596725463867188 124900 0
0.4590442180633545 0.173936128616333 124127 0
0.4504265785217285 0.2115483283996582 124736 0
0.4879465103149414 0.1393265724182129 126945 0
0.4697263240814209 0.13711953163146973 127020 0
0.4604756832122803 0.14315414428710938 127133 0
0.4769320487976074 0.1533975601196289 126181 0
0.4684560298919678 0.14849162101745605 124920 0
0.45040440559387207 0.13089776039123535 125142 0
0.46909236907958984 0.1454453468322754 125473 0
0.47427797317504883 0.14034318923950195 124358 0
0.4828977584838867 0.12923312187194824 124640 0
0.4679841995239258 0.14528942108154297 125374 0
0.43246936798095703 0.12745904922485352 124984 0
0.44283342361450195 0.193526029586792 125595 0
0.4761645793914795 0.1398775577545166 124124 0
0.4748349189758301 0.16501641273498535 123244 0
0.4647095203399658 0.15714526176452637 126090 0
0.4786860942840576 0.14702486991882324 127239 0
0.45452284812927246 0.1285860538482666 114733 0
0.47328972816467285 0.16384005546569824 126752 0
0.4750657081604004 0.13645601272583008 128285 0
0.4931375980377197 0.13680601119995117 124276 0
0.4476625919342041 0.13887882232666016 128814 0
0.48410749435424805 0.13947606086730957 128055 0
0.4705805778503418 0.13974523544311523 126778 0
0.48368239402770996 0.14007210731506348 129421 0
0.46836233139038086 0.21474647521972656 129067 0
0.47789454460144043 0.1333756446838379 128790 0
0.47036123275756836 0.17983698844909668 127966 0
0.4731178283691406 0.17626357078552246 127244 0
0.4613330364227295 0.12996578216552734 128281 0
0.4902927875518799 0.16003179550170898 128012 0
0.48076701164245605 0.1484982967376709 128464 0
0.47850918769836426 0.14523816108703613 128710 0
0.47228121757507324 0.14301180839538574 130410 0
0.47475314140319824 0.1799640655517578 128891 0
0.44945549964904785 0.1587519645690918 129339 0
0.46196484565734863 0.13234281539916992 129171 0
0.45099496841430664 0.13612103462219238 129019 0
0.4732029438018799 0.13909578323364258 128073 0
0.4673752784729004 0.13707447052001953 128509 0
0.46444034576416016 0.12631583213806152 127326 0
0.4733574390411377 0.12098932266235352 127414 0
0.45979809761047363 0.1343531608581543 128163 0
0.49776697158813477 0.1443018913269043 126747 0
0.4576878547668457 0.13716554641723633 126049 0
0.4892129898071289 0.14443492889404297 128027 0
0.44093966484069824 0.14296364784240723 127576 0
0.46800994873046875 0.15951275825500488 114015 0
0.4578087329864502 0.13954544067382812 124507 0
0.47255516052246094 0.1392529010772705 125908 0
0.4497082233428955 0.1359996795654297 122488 0
0.4739675521850586 0.14789748191833496 127366 0
0.44885802268981934 0.12819433212280273 128546 0
0.4104173183441162 0.14540386199951172 118422 0
0.4747750759124756 0.17499017715454102 112496 0
0.4895458221435547 0.13023877143859863 126305 0
0.4789266586303711 0.20474481582641602 127105 0
0.4969902038574219 0.18996548652648926 129799 0
0.4727933406829834 0.1702864170074463 128211 0
0.48447203636169434 0.13526248931884766 127029 0
0.4600074291229248 0.1509699821472168 128309 0
0.4502274990081787 0.18467402458190918 128177 0
0.4813497066497803 0.15865325927734375 128249 0
0.4745965003967285 0.13049101829528809 115678 0
0.46590352058410645 0.19942951202392578 114394 0
0.5138897895812988 0.14401578903198242 127951 0
0.48715877532958984 0.1898181438446045 126679 0
0.48790717124938965 0.13444995880126953 125318 0
0.46439218521118164 0.1635911464691162 125483 0
0.48139429092407227 0.1418004035949707 124454 0
0.476337194442749 0.1327967643737793 126042 0
0.4632904529571533 0.17756390571594238 126941 0
0.47962212562561035 0.20151638984680176 126231 0
0.4540367126464844 0.12891364097595215 125625 0
0.47887539863586426 0.15496349334716797 122259 0
0.46814656257629395 0.13993597030639648 125178 0
0.4796936511993408 0.13624358177185059 125744 0
0.48421740531921387 0.20497655868530273 118437 0
0.5017342567443848 0.1578829288482666 125336 0
0.48674559593200684 0.1375572681427002 125147 0
0.4908421039581299 0.134598970413208 124755 0
0.46788907051086426 0.18171977996826172 126480 0
0.4702179431915283 0.18002724647521973 126208 0
0.4616966247558594 0.1822221279144287 125140 0
0.471174955368042 0.14542245864868164 124258 0
0.47483205795288086 0.13405108451843262 123955 0
0.48430919647216797 0.1485133171081543 122138 0
0.4664011001586914 0.12906575202941895 121845 0
0.4792625904083252 0.146409273147583 118829 0
0.4508097171783447 0.13100337982177734 118810 0
0.4780094623565674 0.15353727340698242 118466 0
0.474198579788208 0.140669584274292 117739 0
0.46848487854003906 0.14601683616638184 119570 0
0.48824119567871094 0.1329045295715332 119076 0
0.45312023162841797 0.14893126487731934 117455 0
0.4876289367675781 0.1307973861694336 116965 0
0.49090027809143066 0.14236140251159668 119045 0
0.485790491104126 0.15683484077453613 117600 0
0.4826998710632324 0.157501220703125 107106 0
0.4611375331878662 0.12122273445129395 116703 0
0.4649925231933594 0.19015979766845703 116251 0
0.4618086814880371 0.15834403038024902 118601 0
0.45879149436950684 0.12376785278320312 115922 0
0.49463462829589844 0.19033575057983398 116957 0
0.4759023189544678 0.12802457809448242 117702 0
0.43866991996765137 0.16800999641418457 115972 0
0.487987756729126 0.12969446182250977 116620 0
0.484668493270874 0.1426372528076172 117967 0
0.4633522033691406 0.17631244659423828 117461 0
0.4506983757019043 0.19034719467163086 117449 0
0.4558401107788086 0.14244604110717773 118055 0
0.43860340118408203 0.13252639770507812 116198 0
0.4813661575317383 0.14261794090270996 116862 0
0.4874989986419678 0.17969655990600586 117022 0
0.4592905044555664 0.18566489219665527 116309 0
0.460986852645874 0.13726258277893066 116295 0
0.48297119140625 0.14361858367919922 115968 0
0.4760892391204834 0.14629817008972168 115429 0
0.47080230712890625 0.25307154655456543 114829 0
0.45627760887145996 0.14627575874328613 116057 0
0.46004295349121094 0.14181852340698242 116425 0
0.4720785617828369 0.13463115692138672 116303 0
0.4681737422943115 0.15508317947387695 116788 0
0.4379539489746094 0.14497828483581543 116737 0
0.4650406837463379 0.13013172149658203 117300 0
0.4641540050506592 0.15564465522766113 114423 0
0.4728686809539795 0.18217062950134277 114818 0
0.4659597873687744 0.14156651496887207 115279 0
0.47581052780151367 0.14836978912353516 105011 0
0.47388124465942383 0.1683356761932373 115126 0
0.44439220428466797 0.14029479026794434 116827 0
0.4704163074493408 0.1342475414276123 117759 0
0.4614241123199463 0.14749360084533691 115946 0
0.4615507125854492 0.14458370208740234 116458 0
0.46234560012817383 0.1345505714416504 117751 0
0.47014927864074707 0.13327765464782715 116598 0
0.4407389163970947 0.12701177597045898 117616 0
0.47412991523742676 0.13747715950012207 119116 0
0.4316747188568115 0.14733648300170898 117479 0
0.4603586196899414 0.15180611610412598 117871 0
0.4566199779510498 0.1269853115081787 118188 0
0.45764780044555664 0.19512581825256348 117147 0
0.49234509468078613 0.1432018280029297 116101 0
0.46671390533447266 0.14057683944702148 117186 0
0.4771606922149658 0.14873147010803223 115879 0
0.4596400260925293 0.13834238052368164 115482 0
0.48386240005493164 0.14617586135864258 117737 0
0.45438098907470703 0.1922905445098877 117919 0
0.46512341499328613 0.13054633140563965 118382 0
0.45310282707214355 0.14519405364990234 119323 0
0.46015000343322754 0.15289759635925293 117990 0
0.4542665481567383 0.1982107162475586 118926 0
0.4739689826965332 0.13933348655700684 119244 0
0.46054601669311523 0.14015531539916992 118100 0
0.49542236328125 0.1397850513458252 118225 0
0.4628593921661377 0.169816255569458 116834 0
0.4747605323791504 0.1298999786376953 118874 0
0.4798877239227295 0.13603711128234863 118034 0
0.4715573787689209 0.12571430206298828 106900 0
0.4916558265686035 0.19591140747070312 117739 0
0.47228145599365234 0.13183069229125977 118013 0
0.43575215339660645 0.14792728424072266 118947 0
0.46545839309692383 0.1417245864868164 118080 0
0.47637248039245605 0.1706700325012207 119936 0
0.44635462760925293 0.14312338829040527 121292 0
0.4326484203338623 0.14481496810913086 120050 0
0.46222734451293945 0.17447733879089355 120012 0
0.45477795600891113 0.18555331230163574 119494 0
0.47112321853637695 0.13138341903686523 118891 0
0.47889184951782227 0.1429598331451416 119619 0
0.4521524906158447 0.13634800910949707 117686 0
0.46877598762512207 0.17360806465148926 116866 0
0.47380757331848145 0.14415407180786133 117706 0
0.4494445323944092 0.18560314178466797 117525 0
0.48578333854675293 0.13048720359802246 114868 0
0.478771448135376 0.14846253395080566 114262 0
0.4645078182220459 0.17037487030029297 115974 0
0.47486209869384766 0.14494729042053223 116594 0
0.45456624031066895 0.1633296012878418 115994 0
0.4537801742553711 0.13209986686706543 117217 0
0.46170949935913086 0.15968585014343262 117851 0
0.44931840896606445 0.126570463180542 118336 0
0.4649922847747803 0.1336219310760498 118113 0
0.43581151962280273 0.1449270248413086 118175 0
0.45636510848999023 0.13317346572875977 114743 0
0.45897626876831055 0.19034123420715332 111710 0
0.4701120853424072 0.13541364669799805 113310 0
0.44481372833251953 0.1332252025604248 112583 0
0.4648110866546631 0.16097116470336914 102181 0
0.447157621383667 0.20061802864074707 113260 0
0.47255587577819824 0.14350056648254395 113264 0
0.46861910820007324 0.14578461647033691 112234 0
0.4783167839050293 0.15703988075256348 110660 0
0.48023533821105957 0.12528681755065918 110510 0
0.46597981452941895 0.20651769638061523 114631 0
0.4604053497314453 0.1901109218597412 112382 0
0.4621598720550537 0.18511581420898438 112989 0
0.48063206672668457 0.16466450691223145 112307 0
0.44660162925720215 0.18641304969787598 110309 0
0.4495384693145752 0.1956806182861328 109478 0
0.45479249954223633 0.14089393615722656 109657 0
0.45558881759643555 0.19121909141540527 108794 0
0.46607470512390137 0.1380786895751953 107916 0
0.4520385265350342 0.1367027759552002 110308 0
0.45779943466186523 0.14702272415161133 109945 0
0.46120119094848633 0.1749706268310547 111570 0
0.4510519504547119 0.1270923614501953 112027 0
0.43864941596984863 0.13046693801879883 110257 0
0.4615821838378906 0.16842365264892578 109423 0
0.45226287841796875 0.14548754692077637 111431 0
0.46738314628601074 0.13340091705322266 110262 0
0.45884180068969727 0.13499140739440918 109617 0
0.4592444896697998 0.13726377487182617 109014 0
0.451127290725708 0.1322612762451172 109436 0
0.4651327133178711 0.13537812232971191 108763 0
0.4460737705230713 0.14220738410949707 105563 0
0.48156309127807617 0.1295311450958252 110252 0
0.4727306365966797 0.12100720405578613 107654 0
0.4715723991394043 0.1450483798980713 97594 0
0.4435298442840576 0.15216493606567383 107818 0
0.45843029022216797 0.13964152336120605 109948 0
0.467409610748291 0.13597822189331055 110480 0
0.46826696395874023 0.14761662483215332 109316 0
0.47089338302612305 0.13560223579406738 110239 0
0.48210573196411133 0.1495039463043213 109372 0
0.45955634117126465 0.11879706382751465 109676 0
0.46119260787963867 0.2021782398223877 110534 0
0.47539544105529785 0.12933135032653809 109899 0
0.45398426055908203 0.16336989402770996 97661 0
0.45024704933166504 0.14222311973571777 109464 0
0.4589371681213379 0.21137499809265137 110855 0
0.4897043704986572 0.14472723007202148 110307 0
0.46770787239074707 0.17968368530273438 109853 0
0.48421645164489746 0.1902759075164795 111221 0
0.4647958278656006 0.14636969566345215 112181 0
0.4625558853149414 0.19127368927001953 112632 0
0.4812288284301758 0.16524863243103027 114850 0
0.46495866775512695 0.1243135929107666 113715 0
0.5145153999328613 0.13363432884216309 113696 0
0.4783213138580322 0.18843317031860352 112612 0
0.4798767566680908 0.1921064853668213 113189 0
0.4618570804595947 0.184492826461792 113538 0
0.4759483337402344 0.14914798736572266 114490 0
0.46567320823669434 0.140183687210083 112021 0
0.47983527183532715 0.13579535484313965 108125 0
0.4520695209503174 0.1771862506866455 109018 0
0.4794034957885742 0.14285778999328613 114346 0
0.47243785858154297 0.14248967170715332 114364 0
0.47074007987976074 0.12507987022399902 115995 0
0.45548176765441895 0.15865540504455566 115097 0
0.49548864364624023 0.17593026161193848 113209 0
0.47306156158447266 0.1393425464630127 112375 0
0.4815847873687744 0.13312602043151855 113341 0
0.46700167655944824 0.15837574005126953 114236 0
0.4668850898742676 0.16237998008728027 112535 0
0.4626731872558594 0.1486186981201172 112285 0
0.47356224060058594 0.13780999183654785 112198 0
0.4622485637664795 0.14529633522033691 111211 0
0.4594440460205078 0.14750337600708008 113650 0
0.4523961544036865 0.14919781684875488 112565 0
0.4667844772338867 0.1385202407836914 111906 0
0.46795654296875 0.14281225204467773 113895 0
0.47231030464172363 0.144791841506958 112189 0
0.48296141624450684 0.18583250045776367 111206 0
0.4311385154724121 0.17897558212280273 108032 0
0.4739823341369629 0.13678336143493652 110036 0
0.48297119140625 0.1256856918334961 109004 0
0.4907875061035156 0.136643648147583 98878 0
0.4649510383605957 0.1906290054321289 110216 0
0.4569988250732422 0.19517040252685547 109555 0
0.48589086532592773 0.14575576782226562 110397 0
0.45673227310180664 0.14861750602722168 108707 0
0.4662148952484131 0.15752768516540527 109513 0
0.4552617073059082 0.12651467323303223 113274 0
0.46169519424438477 0.2051987648010254 112355 0
0.4848921298980713 0.1510927677154541 113246 0
0.41691112518310547 0.13325977325439453 112582 0
0.44953107833862305 0.14802074432373047 111205 0
0.4424865245819092 0.19269728660583496 112046 0
0.470660924911499 0.18607187271118164 111404 0
0.4439117908477783 0.13712072372436523 110533 0
0.454986572265625 0.1347508430480957 110887 0
0.45676136016845703 0.14133596420288086 111133 0
0.46109795570373535 0.1398613452911377 110820 0
0.4669454097747803 0.19526004791259766 112110 0
0.4593384265899658 0.14183783531188965 114103 0
0.47176218032836914 0.14112496376037598 112560 0
0.48166751861572266 0.13822031021118164 113828 0
0.4398918151855469 0.14968371391296387 113628 0
0.43382763862609863 0.15126776695251465 113937 0
0.4558143615722656 0.12868738174438477 113110 0
0.4671008586883545 0.13921642303466797 115391 0
0.4726889133453369 0.14094781875610352 126419 0
0.47975754737854004 0.14971470832824707 129287 0
0.466198205947876 0.20922565460205078 129612 0
0.4846611022949219 0.21086549758911133 130003 0
0.48605871200561523 0.13576698303222656 130486 0
0.46296119689941406 0.13331937789916992 130469 0
0.48032307624816895 0.13255810737609863 131239 0
0.47392940521240234 0.17031121253967285 128836 0
0.4886608123779297 0.13364076614379883 131601 0
0.466564416885376 0.20855116844177246 130324 0
0.4688987731933594 0.1901237964630127 128122 0
0.4767589569091797 0.1483321189880371 131375 0
0.47006750106811523 0.12112808227539062 130207 0
0.4752960205078125 0.13090300559997559 129335 0
0.47875189781188965 0.13980770111083984 130089 0
0.47044801712036133 0.19791722297668457 131444 0
0.47089266777038574 0.15150213241577148 131590 0
0.49176859855651855 0.1448817253112793 130406 0
0.48146939277648926 0.14252972602844238 125797 0
0.46752190589904785 0.1408863067626953 130687 0
0.5011565685272217 0.13616609573364258 131125 0
0.47327542304992676 0.15397214889526367 130545 0
0.48412418365478516 0.16425299644470215 132025 0
0.46327829360961914 0.18663311004638672 131239 0
0.4642643928527832 0.13597798347473145 134451 0
0.4701404571533203 0.17698931694030762 131544 0
0.4718286991119385 0.16168737411499023 132832 0
0.49742889404296875 0.13788533210754395 132647 0
0.4660971164703369 0.21461892127990723 121671 0
0.5099847316741943 0.12465715408325195 132180 0
0.5023467540740967 0.14305615425109863 131261 0
0.4720025062561035 0.14584922790527344 132362 0
0.4893805980682373 0.13788795471191406 133142 0
0.46337008476257324 0.1262516975402832 135023 0
0.4441077709197998 0.14114022254943848 134664 0
0.463864803314209 0.13479018211364746 135580 0
0.46693944931030273 0.13598227500915527 134513 0
0.46663498878479004 0.21024537086486816 135114 0
0.4566049575805664 0.12251400947570801 130401 0
0.4730234146118164 0.1416003704071045 134478 0
0.4655437469482422 0.13028907775878906 133263 0
0.47124552726745605 0.14259982109069824 134654 0
0.4657139778137207 0.15138840675354004 134858 0
0.4829695224761963 0.14467096328735352 135298 0
0.4614691734313965 0.12948203086853027 135210 0
0.46124863624572754 0.17849969863891602 136838 0
0.4649815559387207 0.14597797393798828 135883 0
0.4589056968688965 0.17299246788024902 135200 0
0.4604032039642334 0.13907122611999512 130617 0
0.47650980949401855 0.1372082233428955 135730 0
0.4680180549621582 0.14731407165527344 135836 0
0.4972202777862549 0.14504218101501465 136319 0
0.4668412208557129 0.19214653968811035 135714 0
0.46698737144470215 0.14711976051330566 136165 0
0.478806734085083 0.13267922401428223 137471 0
0.4583010673522949 0.1693439483642578 134167 0
0.4839818477630615 0.13490796089172363 137757 0
0.47934484481811523 0.13478398323059082 140134 0
0.47035861015319824 0.18031764030456543 124983 0
0.4852876663208008 0.14197587966918945 137393 0
0.4724910259246826 0.1520528793334961 136373 0
0.4951193332672119 0.14215517044067383 135815 0
0.4774785041809082 0.1354668140411377 139630 0
0.47836780548095703 0.14075183868408203 141904 0
0.4726293087005615 0.17546653747558594 136870 0
0.47116851806640625 0.15973472595214844 141986 0
0.48473668098449707 0.14571309089660645 141918 0
0.46412038803100586 0.11951875686645508 141271 0
0.484569787979126 0.14562106132507324 142422 0
0.47416162490844727 0.1558856964111328 139687 0
0.46536993980407715 0.2010047435760498 137158 0
0.45614051818847656 0.13239669799804688 139658 0
0.5030951499938965 0.1976478099822998 141165 0
0.48615169525146484 0.17699646949768066 139067 0
0.4277157783508301 0.17140650749206543 139974 0
0.4656498432159424 0.14496660232543945 138171 0
0.4651064872741699 0.1336207389831543 140543 0
0.4817664623260498 0.15603399276733398 140097 0
0.47594618797302246 0.18803715705871582 132666 0
0.4606966972351074 0.13803791999816895 137299 0
0.4833066463470459 0.23503851890563965 137895 0
0.4407050609588623 0.1590266227722168 138713 0
0.4646720886230469 0.1270155906677246 135624 0
0.4776027202606201 0.13720321655273438 136840 0
0.4448857307434082 0.16241121292114258 137682 0
0.4425349235534668 0.13035845756530762 133400 0
0.4623911380767822 0.1360781192779541 137002 0
0.45566463470458984 0.12183117866516113 137927 0
0.445620059967041 0.1281881332397461 120948 0
0.4636802673339844 0.13661742210388184 133830 0
0.46394824981689453 0.17958331108093262 130391 0
0.46579718589782715 0.12386560440063477 129971 0
0.49181509017944336 0.12646222114562988 133026 0
0.4904170036315918 0.1495051383972168 134067 0
0.4868950843811035 0.19887018203735352 131508 0
0.48332810401916504 0.13737010955810547 134262 0
0.47243452072143555 0.18242335319519043 133350 0
0.47324252128601074 0.18921899795532227 131689 0
0.46006035804748535 0.17778682708740234 130192 0
0.4750699996948242 0.16232967376708984 131415 0
0.44602203369140625 0.13527417182922363 124550 0
0.45604515075683594 0.13419175148010254 130384 0
0.4747631549835205 0.13107895851135254 131262 0
0.46645689010620117 0.17229056358337402 129323 0
0.4622042179107666 0.11781859397888184 130238 0
0.4755525588989258 0.1360311508178711 129925 0
0.47468113899230957 0.18291425704956055 130348 0
0.46256065368652344 0.1307220458984375 128420 0
0.47147655487060547 0.13782644271850586 125477 0
0.47037768363952637 0.12954235076904297 129270 0
0.47603654861450195 0.1454150676727295 131940 0
0.4809236526489258 0.12946748733520508 132650 0
0.49300622940063477 0.1395425796508789 131505 0
0.4960901737213135 0.13552641868591309 133229 0
0.4659268856048584 0.13962006568908691 132630 0
0.4649622440338135 0.14957690238952637 127508 0
0.4344019889831543 0.16154980659484863 129473 0
0.4528472423553467 0.13837289810180664 129494 0
0.49932217597961426 0.14306211471557617 117238 0
0.482541561126709 0.13199639320373535 128877 0
0.4705009460449219 0.19264864921569824 126378 0
0.48793578147888184 0.1235809326171875 126971 0
0.4781534671783447 0.14165687561035156 129290 0
0.4761824607849121 0.12275147438049316 129435 0
0.4274413585662842 0.13070344924926758 128346 0
0.4620072841644287 0.14154767990112305 131610 0
0.4667220115661621 0.12322020530700684 131817 0
0.49508023262023926 0.1339268684387207 132380 0
0.49822568893432617 0.12360644340515137 131633 0
0.49677371978759766 0.14071083068847656 132174 0
0.4769928455352783 0.19959139823913574 127533 0
0.47749948501586914 0.1514432430267334 132203 0
0.46326756477355957 0.15339970588684082 132437 0
0.4659430980682373 0.1453101634979248 131380 0
0.45038843154907227 0.13777542114257812 131040 0
0.5221827030181885 0.19919228553771973 131410 0
0.4919741153717041 0.15594768524169922 130883 0
0.4792211055755615 0.172438383102417 130941 0
0.49106383323669434 0.16074132919311523 125696 0
0.48097968101501465 0.14809274673461914 130354 0
0.48616671562194824 0.14253997802734375 130304 0
0.46231746673583984 0.14989876747131348 130794 0
0.4825713634490967 0.14460325241088867 131113 0
0.46719837188720703 0.18521523475646973 130487 0
0.4695010185241699 0.16299819946289062 129674 0
0.48752403259277344 0.1533496379852295 127526 0
0.4772365093231201 0.13029026985168457 130045 0
0.4644663333892822 0.1363539695739746 129905 0
0.47934579849243164 0.12997126579284668 114486 0
0.4752025604248047 0.14938640594482422 128485 0
0.4792909622192383 0.14008140563964844 123860 0
0.4749484062194824 0.13275980949401855 125416 0
0.480496883392334 0.1553049087524414 128741 0
0.46112990379333496 0.1734943389892578 128793 0
0.47031402587890625 0.15050435066223145 128239 0
0.47842931747436523 0.16520404815673828 130484 0
0.4992508888244629 0.13406038284301758 130325 0
0.45831799507141113 0.14695262908935547 130270 0
0.4757387638092041 0.1344928741455078 130735 0
0.47922825813293457 0.13657712936401367 129316 0
0.46243762969970703 0.13275790214538574 123917 0
0.47875428199768066 0.14167428016662598 130362 0
0.47197651863098145 0.13715386390686035 130677 0
0.48481035232543945 0.13281631469726562 129859 0
0.46598243713378906 0.1331934928894043 129406 0
0.43723058700561523 0.1415879726409912 130040 0
0.4712660312652588 0.14230775833129883 130041 0
0.4929792881011963 0.14333033561706543 130131 0
0.4481475353240967 0.13319802284240723 122580 0
0.4664773941040039 0.14603352546691895 130096 0
0.47432422637939453 0.14119458198547363 130354 0
0.46898579597473145 0.14245200157165527 130324 0
0.4844026565551758 0.17295622825622559 130034 0
0.46823906898498535 0.14086341857910156 128819 0
0.5033092498779297 0.1898949146270752 128533 0
0.48202943801879883 0.17224788665771484 125106 0
0.4818079471588135 0.1382465362548828 129403 0
0.4816098213195801 0.13811445236206055 128836 0
0.461942195892334 0.152390718460083 118422 0
0.48590898513793945 0.12450218200683594 128360 0
0.49149560928344727 0.13046646118164062 121112 0
0.4778728485107422 0.12596821784973145 127570 0
0.47729969024658203 0.13402986526489258 129337 0
0.4767434597015381 0.1446821689605713 129551 0
0.46273159980773926 0.1891171932220459 127212 0
0.48141932487487793 0.14288854598999023 129685 0
0.47217440605163574 0.14581561088562012 129912 0
0.47197818756103516 0.17144775390625 129735 0
0.47687482833862305 0.15140151977539062 130435 0
0.4894981384277344 0.1303408145904541 129361 0
0.4746696949005127 0.12839841842651367 124169 0
0.48370361328125 0.14308547973632812 130372 0
0.4671487808227539 0.1937391757965088 130141 0
0.49340224266052246 0.23848176002502441 130539 0
0.48140668869018555 0.136796236038208 131261 0
0.4658479690551758 0.1794874668121338 130824 0
0.4895637035369873 0.14595866203308105 129364 0
0.4932570457458496 0.15610122680664062 129787 0
0.4853370189666748 0.13829708099365234 125054 0
0.46495628356933594 0.13522887229919434 127581 0
0.492175817489624 0.17105937004089355 136333 0
0.501659631729126 0.14023494720458984 136381 0
0.4714493751525879 0.16979169845581055 136625 0
0.46874475479125977 0.12900543212890625 137413 0
0.4693150520324707 0.1621561050415039 137796 0
0.4636704921722412 0.16219043731689453 136543 0
0.4602541923522949 0.14565634727478027 137384 0
0.48912477493286133 0.14530158042907715 136188 0
0.3777124881744385 0.17980456352233887 135673 0
0.4837791919708252 0.15281009674072266 138175 0
0.470045804977417 0.19550061225891113 130807 0
0.47159266471862793 0.14537382125854492 132915 0
0.4407079219818115 0.14094138145446777 133188 0
0.45774030685424805 0.14356136322021484 134591 0
0.47435641288757324 0.12698101997375488 136437 0
0.4556314945220947 0.16046905517578125 135669 0
0.4899260997772217 0.18152546882629395 135435 0
0.4544382095336914 0.1398160457611084 135614 0
0.45911669731140137 0.13717436790466309 136145 0
0.4793398380279541 0.13664698600769043 133760 0
0.4647552967071533 0.13728713989257812 133457 0
0.48651671409606934 0.13065004348754883 132092 0
0.4766049385070801 0.15153241157531738 133659 0
0.4780886173248291 0.12847518920898438 133920 0
0.474031925201416 0.1865370273590088 134686 0
0.49728870391845703 0.2399914264678955 133432 0
0.4679570198059082 0.17242169380187988 133703 0
0.4596705436706543 0.17571759223937988 137781 0
0.4736607074737549 0.13639211654663086 137751 0
0.44860076904296875 0.12145471572875977 136079 0
0.46861863136291504 0.16986918449401855 136450 0
0.4649209976196289 0.20615744590759277 137229 0
0.48128366470336914 0.13276147842407227 136264 0
0.46268343925476074 0.19292259216308594 135117 0
0.46724629402160645 0.1319584846496582 133928 0
0.46418237686157227 0.1897735595703125 135631 0
0.46441102027893066 0.1689457893371582 133679 0
0.47583937644958496 0.13641023635864258 135880 0
0.4735991954803467 0.15550947189331055 136470 0
0.48911023139953613 0.13769078254699707 134770 0
0.4547419548034668 0.1459360122680664 133917 0
0.49748730659484863 0.1888866424560547 134003 0
0.46584200859069824 0.14720582962036133 134354 0
0.4878084659576416 0.15044760704040527 133032 0
0.48018527030944824 0.14477133750915527 134347 0
0.4596526622772217 0.1397571563720703 134060 0
0.4775071144104004 0.15183591842651367 133353 0
0.4856712818145752 0.1454143524169922 133726 0
0.4688868522644043 0.13544988632202148 135107 0
0.4484264850616455 0.13960528373718262 133705 0
0.4762718677520752 0.14073634147644043 134118 0
0.47784924507141113 0.14024639129638672 133502 0
0.5067188739776611 0.13028645515441895 132251 0
0.4955453872680664 0.12397456169128418 133243 0
0.4840829372406006 0.15950775146484375 131379 0
0.47771358489990234 0.1644902229309082 129900 0
0.479306697845459 0.18139934539794922 131812 0
0.48121047019958496 0.14105463027954102 131201 0
0.4009692668914795 0.12632966041564941 131007 0
0.4703989028930664 0.1749258041381836 132072 0
0.4730498790740967 0.13495826721191406 131219 0
0.48591160774230957 0.14064526557922363 132122 0
0.48073482513427734 0.12904119491577148 132574 0
0.47606706619262695 0.1275320053100586 132062 0
0.46917057037353516 0.1334829330444336 132007 0
0.47046637535095215 0.21372365951538086 132441 0
0.46825647354125977 0.19250082969665527 132897 0
0.5034563541412354 0.13275146484375 133990 0
0.46427416801452637 0.2107553482055664 132268 0
0.4788401126861572 0.13683032989501953 133736 0
0.48249244689941406 0.14284992218017578 132893 0
0.4694333076477051 0.14912819862365723 132396 0
0.4738450050354004 0.18062353134155273 128197 0
0.4982032775878906 0.11956310272216797 136116 0
0.4839951992034912 0.12267756462097168 136255 0
0.4666273593902588 0.14608478546142578 135009 0
0.47165656089782715 0.15343713760375977 135454 0
0.4655582904815674 0.13485360145568848 138625 0
0.46733999252319336 0.2056260108947754 137248 0
0.501767635345459 0.1768052577972412 137917 0
0.47199225425720215 0.2112736701965332 138799 0
0.4663536548614502 0.14548301696777344 139079 0
0.46372461318969727 0.1308603286743164 129565 0
0.46767234802246094 0.20336079597473145 128229 0
0.47062182426452637 0.22533869743347168 135423 0
0.4846768379211426 0.13946986198425293 140761 0
0.46653175354003906 0.13916516304016113 132205 0
0.45918869972229004 0.1215367317199707 137150 0
0.46306777000427246 0.1419222354888916 131187 0
0.49558353424072266 0.15133166313171387 131293 0
0.47048497200012207 0.21234893798828125 130768 0
0.4393901824951172 0.14414548873901367 133289 0
0.4630563259124756 0.1370682716369629 134155 0
0.4799067974090576 0.16004300117492676 133377 0
0.49352359771728516 0.1472005844116211 134590 0
0.4787147045135498 0.14834976196289062 135737 0
0.4744102954864502 0.145643949508667 129811 0
0.4701993465423584 0.16733527183532715 137576 0
0.4750633239746094 0.14128494262695312 135322 0
0.4671058654785156 0.13982105255126953 134925 0
0.46298718452453613 0.14448165893554688 138450 0
0.46425795555114746 0.2064666748046875 139840 0
0.4758412837982178 0.14564013481140137 129719 0
0.4724304676055908 0.13341426849365234 140231 0
0.4680497646331787 0.18125176429748535 141042 0
0.4796633720397949 0.14690876007080078 141905 0
0.46889758110046387 0.1705160140991211 139384 0
0.49152350425720215 0.13529586791992188 142173 0
0.4742770195007324 0.1305553913116455 142168 0
0.47794294357299805 0.14127564430236816 142255 0
0.4739077091217041 0.1305525302886963 139970 0
0.49805235862731934 0.12406277656555176 141403 0
0.47391676902770996 0.15694165229797363 144034 0
0.4698801040649414 0.12883639335632324 142488 0
0.4803659915924072 0.19464588165283203 140875 0
0.482471227645874 0.17322611808776855 139402 0
0.45944929122924805 0.14959383010864258 139063 0
0.504784345626831 0.1282362937927246 139532 0
0.4734835624694824 0.15114736557006836 138754 0
0.47634053230285645 0.14864516258239746 138911 0
0.47843337059020996 0.14488697052001953 139270 0
0.46534085273742676 0.12702059745788574 139784 0
0.48368048667907715 0.13232016563415527 140239 0
0.47002100944519043 0.16148900985717773 137914 0
0.4515342712402344 0.14861845970153809 140214 0
0.47301244735717773 0.1625986099243164 140254 0
0.4773876667022705 0.1296999454498291 131172 0
0.47524595260620117 0.1244356632232666 140982 0
0.45841312408447266 0.18744516372680664 136546 0
0.48398399353027344 0.15057778358459473 136175 0
0.4749329090118408 0.11961650848388672 141102 0
0.4795265197753906 0.15420007705688477 140973 0
0.47352123260498047 0.19928908348083496 132199 0
0.45622849464416504 0.1300201416015625 141263 0
0.4734368324279785 0.1598374843597412 139768 0
0.46239542961120605 0.1340193748474121 140340 0
0.4691939353942871 0.15090322494506836 138436 0
0.466630220413208 0.15424013137817383 138135 0
0.4514329433441162 0.13822031021118164 138226 0
0.46188998222351074 0.14510464668273926 139131 0
0.44966840744018555 0.13898611068725586 140146 0
0.4748353958129883 0.17397737503051758 140903 0
0.4610416889190674 0.15336346626281738 138836 0
0.47124314308166504 0.18976759910583496 141008 0
0.45473313331604004 0.15131807327270508 140290 0
0.4612088203430176 0.12557268142700195 141165 0
0.4778327941894531 0.1814558506011963 138930 0
0.48815178871154785 0.15124273300170898 137966 0
0.4678840637207031 0.17882585525512695 138695 0
0.4383516311645508 0.1566169261932373 137815 0
0.5173394680023193 0.1606123447418213 139794 0
0.45186424255371094 0.14035296440124512 140055 0
0.45822739601135254 0.13523292541503906 140564 0
0.47521281242370605 0.17815852165222168 135689 0
0.4877200126647949 0.13441157341003418 140679 0
0.47150659561157227 0.14638209342956543 142284 0
0.46256470680236816 0.1348869800567627 133606 0
0.46712231636047363 0.17925500869750977 143294 0
0.46780920028686523 0.1347203254699707 143148 0
0.45870041847229004 0.149489164352417 141991 0
0.459122896194458 0.1857743263244629 143995 0
0.4591834545135498 0.14644598960876465 145355 0
0.4757509231567383 0.16975069046020508 141290 0
0.5056807994842529 0.15684103965759277 147520 0
0.466749906539917 0.14786648750305176 147097 0
0.4852766990661621 0.14757394790649414 147837 0
0.47396254539489746 0.2037341594696045 145169 0
0.4849052429199219 0.13969945907592773 142897 0
0.5180037021636963 0.15551972389221191 142335 0
0.48499345779418945 0.14273977279663086 141008 0
0.4880032539367676 0.1347808837890625 140792 0
0.47463297843933105 0.13295602798461914 141717 0
0.46660566329956055 0.1845095157623291 140234 0
0.473743200302124 0.15051627159118652 140609 0
0.4786241054534912 0.15368056297302246 140394 0
0.473740816116333 0.14782118797302246 138046 0
0.4855375289916992 0.15414762496948242 137593 0
0.47670602798461914 0.15062642097473145 136822 0
0.47818851470947266 0.13836884498596191 139078 0
0.4834880828857422 0.13212060928344727 139187 0
0.4894237518310547 0.1258678436279297 137558 0
0.4860997200012207 0.15210223197937012 137150 0
0.43646240234375 0.14493370056152344 135761 0
0.45990705490112305 0.1616513729095459 136412 0
0.47828173637390137 0.13731813430786133 136534 0
0.47943902015686035 0.13186097145080566 135616 0
0.4777846336364746 0.20784664154052734 136988 0
0.47872090339660645 0.17017340660095215 134521 0
0.4917275905609131 0.1930088996887207 135761 0
0.4708540439605713 0.1892685890197754 134991 0
0.48326730728149414 0.16608428955078125 136276 0
0.47354555130004883 0.14149260520935059 135349 0
0.461456298828125 0.14742302894592285 135737 0
0.45829319953918457 0.15154075622558594 134776 0
0.4442756175994873 0.12932920455932617 135731 0
0.4780879020690918 0.13273882865905762 134893 0
