0.4324913024902344 0.12667131423950195 101185 0
0.4411628246307373 0.1381080150604248 101050 0
0.43436503410339355 0.12958264350891113 102904 0
0.41028308868408203 0.13230490684509277 101922 0
0.4220614433288574 0.12594270706176758 106129 0
0.4367859363555908 0.1303722858428955 106186 0
0.412945032119751 0.12521767616271973 106728 0
0.4387166500091553 0.13257408142089844 105890 0
0.4050779342651367 0.12719273567199707 105062 0
0.454958438873291 0.12383127212524414 105100 0
0.42510199546813965 0.12395715713500977 102554 0
0.4153432846069336 0.12716269493103027 100992 0
0.4319803714752197 0.12698149681091309 105705 0
0.4741089344024658 0.12697482109069824 102457 0
0.4178934097290039 0.12569761276245117 88890 0
0.42392516136169434 0.12682604789733887 103018 0
0.41167259216308594 0.12334680557250977 100482 0
0.43758320808410645 0.1294398307800293 98688 0
0.43601346015930176 0.12718963623046875 95452 0
0.4294612407684326 0.12793374061584473 100018 0
0.42258477210998535 0.1268448829650879 100873 0
0.4346590042114258 0.12489724159240723 98098 0
0.44508838653564453 0.1252913475036621 101447 0
0.43340373039245605 0.12594985961914062 105313 0
0.43787431716918945 0.1232144832611084 104693 0
0.4311714172363281 0.12648892402648926 103465 0
0.44064784049987793 0.12151098251342773 96491 0
0.4488663673400879 0.12870359420776367 102433 0
0.4141957759857178 0.12989020347595215 103194 0
0.4383704662322998 0.12595105171203613 99713 0
0.42405223846435547 0.12796473503112793 102982 0
0.4464757442474365 0.12772178649902344 104724 0
0.47174692153930664 0.1277453899383545 101123 0
0.3999781608581543 0.1247701644897461 102652 0
0.4346737861633301 0.12612104415893555 96755 0
0.4539978504180908 0.12791919708251953 104402 0
0.43410420417785645 0.1266186237335205 108033 0
0.4335036277770996 0.1284029483795166 106125 0
0.4365999698638916 0.12942242622375488 107985 0
0.3925328254699707 0.12383484840393066 103428 0
0.44332456588745117 0.1266953945159912 99442 0
0.46047472953796387 0.13117122650146484 101926 0
0.48355913162231445 0.13259077072143555 104938 0
0.426922082901001 0.1343247890472412 105837 0
0.45136594772338867 0.12632393836975098 94970 0
0.4445226192474365 0.13709068298339844 103973 0
0.4502732753753662 0.12557506561279297 106065 0
0.3907508850097656 0.13059306144714355 104649 0
0.466357946395874 0.12279605865478516 105888 0
0.4182560443878174 0.1283712387084961 105549 0
0.4168064594268799 0.1252453327178955 103840 0
0.4546995162963867 0.12984609603881836 105657 0
0.4127178192138672 0.1271686553955078 105651 0
0.43541550636291504 0.13139843940734863 105531 0
0.4799797534942627 0.1318972110748291 105925 0
0.46289515495300293 0.12923312187194824 106921 0
0.43903517723083496 0.12744712829589844 106825 0
0.4414975643157959 0.12665152549743652 106973 0
0.4153881072998047 0.12958884239196777 106682 0
0.4271717071533203 0.12385773658752441 107701 0
0.44237351417541504 0.12578654289245605 105528 0
0.4419119358062744 0.12368631362915039 104931 0
0.4299435615539551 0.1355128288269043 104848 0
0.45113706588745117 0.13376474380493164 104188 0
0.46297430992126465 0.12334752082824707 101213 0
0.38938355445861816 0.12829947471618652 104381 0
0.41021013259887695 0.1298825740814209 105158 0
0.42854762077331543 0.12791919708251953 105952 0
0.44011902809143066 0.12626910209655762 104381 0
0.46106958389282227 0.1272115707397461 104021 0
0.4477405548095703 0.12496829032897949 102923 0
0.45148134231567383 0.12829375267028809 100741 0
0.43582582473754883 0.12886953353881836 104314 0
0.4355473518371582 0.12829923629760742 102087 0
0.4145376682281494 0.12431740760803223 90098 0
0.42200350761413574 0.12725210189819336 103310 0
0.45149660110473633 0.12371420860290527 102928 0
0.4175148010253906 0.12516522407531738 99793 0
0.42690539360046387 0.12495183944702148 100944 0
0.44208383560180664 0.13447809219360352 101201 0
0.43451642990112305 0.12707805633544922 104076 0
0.41837644577026367 0.12415170669555664 103686 0
0.4322397708892822 0.12504196166992188 102151 0
0.44066858291625977 0.12470102310180664 101434 0
0.45618557929992676 0.12482070922851562 103520 0
0.41445088386535645 0.1290302276611328 103687 0
0.42613744735717773 0.1266770362854004 98726 0
0.4416666030883789 0.13238763809204102 103680 0
0.41861867904663086 0.12435793876647949 103697 0
0.4401988983154297 0.1252596378326416 104732 0
0.4272325038909912 0.12468981742858887 103175 0
0.41724705696105957 0.12536859512329102 102871 0
0.44321227073669434 0.12851262092590332 103826 0
0.43947291374206543 0.12632465362548828 101026 0
0.42444705963134766 0.12550997734069824 104015 0
0.4447758197784424 0.13672590255737305 103683 0
0.4541282653808594 0.13288617134094238 89953 0
0.44118785858154297 0.1258862018585205 104474 0
0.45889854431152344 0.12268733978271484 104941 0
0.44080209732055664 0.12477421760559082 100621 0
0.44442057609558105 0.1273341178894043 101933 0
0.4439888000488281 0.12235736846923828 104184 0
0.4311850070953369 0.12981557846069336 103883 0
0.4382822513580322 0.12396883964538574 107731 0
0.436154842376709 0.13259482383728027 106532 0
0.4334449768066406 0.1322922706604004 106112 0
0.4302022457122803 0.12395596504211426 106273 0
0.4361724853515625 0.12403559684753418 108003 0
0.44535017013549805 0.1245880126953125 106929 0
0.4338417053222656 0.12322020530700684 106188 0
0.42336058616638184 0.12591004371643066 106945 0
0.4416472911834717 0.12411832809448242 105833 0
0.43416428565979004 0.1265254020690918 105530 0
0.41417908668518066 0.1302943229675293 106580 0
0.4229753017425537 0.12497472763061523 104642 0
0.43819355964660645 0.12904715538024902 106932 0
0.40877699851989746 0.12353253364562988 97282 0
0.4282493591308594 0.1264021396636963 106765 0
0.46193861961364746 0.12498259544372559 105497 0
0.4267256259918213 0.12627649307250977 106876 0
0.4503450393676758 0.12802743911743164 104744 0
0.4192075729370117 0.12955498695373535 105509 0
0.4282646179199219 0.12659883499145508 104062 0
0.4569723606109619 0.12262773513793945 101424 0
0.4340958595275879 0.12062597274780273 104542 0
0.41400575637817383 0.12584614753723145 105103 0
0.42020654678344727 0.12702035903930664 91405 0
0.42017674446105957 0.12693548202514648 102599 0
0.43449950218200684 0.1277148723602295 94378 0
0.4206252098083496 0.1290884017944336 95659 0
0.41553616523742676 0.12658476829528809 99132 0
0.42969369888305664 0.12851715087890625 99790 0
0.4218776226043701 0.12467050552368164 97444 0
0.4204444885253906 0.12482643127441406 100775 0
0.423006534576416 0.12512660026550293 102978 0
0.4271881580352783 0.12421441078186035 105001 0
0.4578413963317871 0.12417793273925781 104484 0
0.4407832622528076 0.12614107131958008 105078 0
0.43704915046691895 0.12978625297546387 103512 0
0.4241950511932373 0.12497377395629883 103969 0
0.427335262298584 0.12697863578796387 106207 0
0.45610976219177246 0.12669706344604492 106642 0
0.4260084629058838 0.13182282447814941 104997 0
0.42383456230163574 0.1264357566833496 105600 0
0.4408602714538574 0.12395334243774414 105171 0
0.4269869327545166 0.13150453567504883 108396 0
0.4348292350769043 0.12417912483215332 106418 0
0.427692174911499 0.12774944305419922 104472 0
0.4168248176574707 0.12598633766174316 102357 0
0.44783544540405273 0.12985730171203613 101959 0
0.42342090606689453 0.1298067569732666 106945 0
0.43778514862060547 0.12631678581237793 111048 0
0.43997716903686523 0.13216781616210938 109416 0
0.40181708335876465 0.13524603843688965 108930 0
0.41220831871032715 0.1294853687286377 110612 0
0.43315911293029785 0.12875103950500488 107260 0
0.4032275676727295 0.12454628944396973 90828 0
0.4215528964996338 0.13065719604492188 103243 0
0.4497499465942383 0.12922024726867676 105421 0
0.42990756034851074 0.12099123001098633 97897 0
0.427278995513916 0.12600374221801758 97807 0
0.432222843170166 0.12786269187927246 98931 0
0.41440558433532715 0.12723350524902344 97394 0
0.430469274520874 0.12578701972961426 98533 0
0.440718412399292 0.12578606605529785 104228 0
0.43971967697143555 0.12398600578308105 100169 0
0.44840312004089355 0.12512707710266113 100335 0
0.43539857864379883 0.1291959285736084 105163 0
0.42398500442504883 0.1268463134765625 102481 0
0.436781644821167 0.1382768154144287 108964 0
0.44137048721313477 0.12340569496154785 102743 0
0.4331378936767578 0.12739896774291992 106474 0
0.44472670555114746 0.12583088874816895 107161 0
0.4545001983642578 0.12205910682678223 108641 0
0.4350152015686035 0.12546205520629883 108169 0
0.43106651306152344 0.12881708145141602 107528 0
0.433931827545166 0.12792277336120605 102577 0
0.40234827995300293 0.1282036304473877 109723 0
0.43431925773620605 0.13572454452514648 108709 0
0.44602537155151367 0.1263885498046875 109419 0
0.4131355285644531 0.1322636604309082 106201 0
0.44283437728881836 0.1302328109741211 105878 0
0.44535279273986816 0.1279280185699463 106512 0
0.42705726623535156 0.12365102767944336 102748 0
0.45392894744873047 0.12468671798706055 106481 0
0.45795488357543945 0.1228017807006836 106864 0
0.4543781280517578 0.12018251419067383 92911 0
0.43607211112976074 0.13277316093444824 107757 0
0.43828868865966797 0.12752747535705566 108260 0
0.42159199714660645 0.1256270408630371 103644 0
0.43961596488952637 0.12300729751586914 105237 0
0.41547393798828125 0.12187790870666504 105318 0
0.4370276927947998 0.12445569038391113 105879 0
0.4389994144439697 0.12799525260925293 106900 0
0.44908714294433594 0.12991809844970703 106324 0
0.4308609962463379 0.12899351119995117 105826 0
0.4291417598724365 0.1250777244567871 106773 0
0.43449831008911133 0.12642407417297363 107930 0
0.42883849143981934 0.12852191925048828 107319 0
0.4333961009979248 0.12822675704956055 104793 0
0.44747066497802734 0.13004708290100098 102464 0
0.4248530864715576 0.12187814712524414 92020 0
0.38848209381103516 0.12341713905334473 88634 0
0.45450496673583984 0.12455463409423828 90619 0
0.4494132995605469 0.12613844871520996 90791 0
0.42619872093200684 0.12275910377502441 91698 0
0.41222238540649414 0.12343502044677734 92059 0
0.42905187606811523 0.12408590316772461 92469 0
0.4470531940460205 0.1254117488861084 94291 0
0.4383065700531006 0.12374401092529297 92947 0
0.4518873691558838 0.12328720092773438 91661 0
0.40276217460632324 0.1241917610168457 92571 0
0.4049186706542969 0.12765717506408691 93293 0
0.42583775520324707 0.12343239784240723 90505 0
0.4326934814453125 0.12829041481018066 91609 0
0.42648959159851074 0.12514567375183105 90928 0
0.44653749465942383 0.12473678588867188 90887 0
0.4348335266113281 0.12976312637329102 86093 0
0.44117236137390137 0.1264820098876953 92160 0
0.4311075210571289 0.12431025505065918 93191 0
0.4128100872039795 0.12416934967041016 92313 0
0.42327189445495605 0.1252279281616211 91792 0
0.4150381088256836 0.12665247917175293 93148 0
0.4046938419342041 0.1231837272644043 93205 0
0.4353301525115967 0.12567520141601562 92839 0
0.4289393424987793 0.1215972900390625 91869 0
0.4237022399902344 0.13342833518981934 92192 0
0.4548487663269043 0.13325953483581543 91988 0
0.45845913887023926 0.12398409843444824 91430 0
0.43486595153808594 0.12227439880371094 91750 0
0.4367549419403076 0.12871217727661133 91384 0
0.44194865226745605 0.12009477615356445 91239 0
0.43421506881713867 0.12978625297546387 91027 0
0.43526744842529297 0.12590694427490234 91747 0
0.44173097610473633 0.12184834480285645 92296 0
0.4645066261291504 0.12438488006591797 92140 0
0.414764404296875 0.1247246265411377 92013 0
0.41452789306640625 0.12461733818054199 92219 0
0.43111324310302734 0.1270456314086914 91779 0
0.42476868629455566 0.1269364356994629 91083 0
0.44722676277160645 0.12894296646118164 90802 0
0.42702603340148926 0.1259307861328125 91611 0
0.43613576889038086 0.12898588180541992 92013 0
0.4259512424468994 0.1324903964996338 91720 0
0.42163872718811035 0.12621831893920898 92270 0
0.41473841667175293 0.12452340126037598 91202 0
0.43932461738586426 0.12300586700439453 90782 0
0.45102906227111816 0.1259000301361084 84783 0
0.41483211517333984 0.12688636779785156 90359 0
0.43426060676574707 0.12156844139099121 90863 0
0.4371299743652344 0.1252284049987793 91801 0
0.464036226272583 0.12701845169067383 91473 0
0.4255943298339844 0.1327064037322998 91242 0
0.42600560188293457 0.12393426895141602 91322 0
0.42011475563049316 0.13134002685546875 91694 0
0.43349504470825195 0.12931370735168457 91627 0
0.41557788848876953 0.12106585502624512 91685 0
0.41887474060058594 0.12877321243286133 91987 0
0.41296982765197754 0.1268930435180664 90487 0
0.4294862747192383 0.13367438316345215 90154 0
0.4234440326690674 0.12247729301452637 89208 0
0.42995643615722656 0.12362122535705566 90424 0
0.4375121593475342 0.12694215774536133 91498 0
0.4216432571411133 0.11999964714050293 91496 0
0.42758774757385254 0.12227392196655273 93017 0
0.4279060363769531 0.1271677017211914 91398 0
0.43121814727783203 0.12714552879333496 92352 0
0.4389073848724365 0.13122129440307617 92077 0
0.4303872585296631 0.12679219245910645 92170 0
0.41150379180908203 0.12630176544189453 92325 0
0.43067097663879395 0.12731194496154785 91268 0
0.4545481204986572 0.1232767105102539 90578 0
0.41886401176452637 0.12536406517028809 91391 0
0.424976110458374 0.12741947174072266 97201 0
0.4449334144592285 0.12447309494018555 96697 0
0.4187948703765869 0.13179850578308105 92198 0
0.44130706787109375 0.12326574325561523 103612 0
0.41341185569763184 0.1274399757385254 98432 0
0.4222443103790283 0.12996625900268555 103245 0
0.3945939540863037 0.1278524398803711 100149 0
0.4253568649291992 0.12274003028869629 97248 0
0.43261265754699707 0.1273500919342041 98084 0
0.42012667655944824 0.1264646053314209 98410 0
0.4279155731201172 0.12961173057556152 100304 0
0.42743659019470215 0.1260838508605957 97049 0
0.43500185012817383 0.12807893753051758 96423 0
0.4373652935028076 0.12649798393249512 92303 0
0.4294428825378418 0.12527060508728027 93557 0
0.4115173816680908 0.12636613845825195 90336 0
0.42336416244506836 0.12165021896362305 91317 0
0.4312913417816162 0.12716317176818848 90915 0
0.424144983291626 0.13427281379699707 91476 0
0.4380509853363037 0.12537717819213867 90107 0
0.431011438369751 0.12517285346984863 91514 0
0.4325709342956543 0.12410163879394531 90652 0
0.42569637298583984 0.12118887901306152 91842 0
0.41559934616088867 0.1273975372314453 91957 0
0.44440126419067383 0.12607955932617188 92729 0
0.4285542964935303 0.12391209602355957 92932 0
0.42763495445251465 0.1233222484588623 83159 0
0.44053173065185547 0.12599778175354004 93379 0
0.420912504196167 0.12298035621643066 93540 0
0.4518928527832031 0.12419915199279785 91586 0
0.41504502296447754 0.12376070022583008 93648 0
0.43831658363342285 0.12728309631347656 93398 0
0.4405367374420166 0.12372255325317383 92638 0
0.4472472667694092 0.12068438529968262 93657 0
0.43210387229919434 0.12853360176086426 92703 0
0.42670154571533203 0.12880444526672363 92355 0
0.4402029514312744 0.12284994125366211 92180 0
0.4332547187805176 0.12186574935913086 91716 0
0.41037869453430176 0.12143278121948242 91502 0
0.4386310577392578 0.12851214408874512 92365 0
0.42832231521606445 0.12305116653442383 94227 0
0.42557835578918457 0.12085294723510742 93612 0
0.41837239265441895 0.13476109504699707 94291 0
0.4202232360839844 0.12247967720031738 92825 0
0.4220397472381592 0.12590932846069336 92086 0
0.4167294502258301 0.12161922454833984 93275 0
0.42072081565856934 0.12319350242614746 92246 0
0.445906400680542 0.12353181838989258 91498 0
0.43248796463012695 0.12623977661132812 92231 0
0.4302701950073242 0.1338491439819336 92511 0
0.41924262046813965 0.12799596786499023 93111 0
0.41605520248413086 0.1234748363494873 91738 0
0.411832332611084 0.12913894653320312 91044 0
0.41589856147766113 0.12520527839660645 90556 0
0.4307575225830078 0.12759828567504883 92478 0
0.4285416603088379 0.128190279006958 92049 0
0.44820475578308105 0.12696266174316406 81997 0
0.4229736328125 0.12258529663085938 91144 0
0.4244875907897949 0.12437987327575684 93405 0
0.426663875579834 0.12441444396972656 89470 0
0.42685961723327637 0.13060808181762695 94726 0
0.4314560890197754 0.1232900619506836 93747 0
0.43079280853271484 0.12880516052246094 91285 0
0.4176747798919678 0.12452554702758789 94482 0
0.4245617389678955 0.1298840045928955 93959 0
0.4271552562713623 0.13324308395385742 93211 0
0.42635440826416016 0.126816987991333 93091 0
0.42350053787231445 0.12396812438964844 91635 0
0.4174075126647949 0.12552285194396973 93527 0
0.4121990203857422 0.12646150588989258 92144 0
0.4239673614501953 0.12350654602050781 92059 0
0.4371480941772461 0.12602448463439941 92053 0
0.4239020347595215 0.1326603889465332 93639 0
0.417266845703125 0.1250157356262207 94054 0
0.4142944812774658 0.12319374084472656 93326 0
0.4307096004486084 0.12225532531738281 92735 0
0.4136638641357422 0.12507176399230957 93544 0
0.40114355087280273 0.12279963493347168 92188 0
0.454390287399292 0.12593579292297363 92781 0
0.43546199798583984 0.13111090660095215 92467 0
0.4187629222869873 0.1272599697113037 92035 0
0.42093610763549805 0.12743091583251953 92438 0
0.43099308013916016 0.12569308280944824 91627 0
0.41280293464660645 0.13071846961975098 90028 0
0.4191114902496338 0.13024663925170898 94216 0
0.4195418357849121 0.12250137329101562 93180 0
0.4311864376068115 0.1230318546295166 81642 0
0.4017982482910156 0.12634658813476562 89807 0
0.41536593437194824 0.12737417221069336 92081 0
0.3995835781097412 0.13025259971618652 88687 0
0.4357144832611084 0.12781834602355957 92285 0
0.4269683361053467 0.12336993217468262 93487 0
0.41528773307800293 0.12474346160888672 84551 0
0.39534783363342285 0.12255382537841797 79156 0
0.419147253036499 0.13208222389221191 90991 0
0.41375732421875 0.12624669075012207 93397 0
0.4167602062225342 0.12177824974060059 94700 0
0.4147028923034668 0.12688136100769043 93920 0
0.43631649017333984 0.12646031379699707 94369 0
0.42617034912109375 0.1266472339630127 95642 0
0.4173905849456787 0.12585663795471191 93958 0
0.4255094528198242 0.1225118637084961 93536 0
0.40445542335510254 0.12630224227905273 81915 0
0.43282485008239746 0.12518954277038574 81256 0
0.4338409900665283 0.12671875953674316 93527 0
0.4329564571380615 0.12420892715454102 94199 0
0.4260702133178711 0.12544989585876465 91560 0
0.44139790534973145 0.12749600410461426 92075 0
0.46050190925598145 0.12548589706420898 91933 0
0.4417884349822998 0.1293470859527588 92927 0
0.4295642375946045 0.12707996368408203 92997 0
0.4102964401245117 0.12712645530700684 94227 0
0.43823671340942383 0.12126016616821289 93619 0
0.41939377784729004 0.12306761741638184 92656 0
0.4111137390136719 0.1253952980041504 94397 0
0.44574785232543945 0.126906156539917 94809 0
0.45658373832702637 0.1271524429321289 87167 0
0.4248316287994385 0.12760186195373535 92307 0
0.43317437171936035 0.1254589557647705 91979 0
0.43111085891723633 0.1331925392150879 92476 0
0.46971797943115234 0.12967801094055176 94254 0
0.4393148422241211 0.12371325492858887 92179 0
0.41708993911743164 0.12579917907714844 92466 0
0.406719446182251 0.12754034996032715 91727 0
0.4569857120513916 0.12616753578186035 92977 0
0.4385721683502197 0.12874174118041992 92115 0
0.4283301830291748 0.1268172264099121 91651 0
0.405026912689209 0.126509428024292 90498 0
0.42212796211242676 0.12490248680114746 88651 0
0.42949461936950684 0.12608718872070312 89949 0
0.4339282512664795 0.1263124942779541 89847 0
0.4171316623687744 0.12442493438720703 90355 0
0.4482910633087158 0.12187862396240234 91200 0
0.43688011169433594 0.12791967391967773 89289 0
0.4188706874847412 0.13257813453674316 88528 0
0.4195749759674072 0.1254253387451172 89268 0
0.4428415298461914 0.12538814544677734 87486 0
0.41765832901000977 0.12209558486938477 78705 0
0.4338340759277344 0.12503910064697266 85875 0
0.4191017150878906 0.12685704231262207 86294 0
0.4382648468017578 0.12806344032287598 89004 0
0.41285014152526855 0.12352585792541504 85742 0
0.4210624694824219 0.12950968742370605 86994 0
0.43540287017822266 0.12501120567321777 87287 0
0.4253084659576416 0.12582635879516602 86793 0
0.41663646697998047 0.1239006519317627 85375 0
0.4257173538208008 0.12118983268737793 86761 0
0.4358677864074707 0.12551045417785645 85418 0
0.4291510581970215 0.12435126304626465 85679 0
0.44931983947753906 0.1294863224029541 86147 0
0.4259216785430908 0.1299581527709961 86063 0
0.42569637298583984 0.12191915512084961 86724 0
0.4128537178039551 0.12529563903808594 86290 0
0.44043517112731934 0.12419915199279785 85479 0
0.4147341251373291 0.12882161140441895 85907 0
0.430403470993042 0.12087225914001465 86817 0
0.41629552841186523 0.12706851959228516 85847 0
0.41644954681396484 0.13088107109069824 85927 0
0.43080759048461914 0.12790393829345703 86881 0
0.41736865043640137 0.12875580787658691 86538 0
0.4199354648590088 0.1279749870300293 86678 0
0.4323861598968506 0.12330055236816406 87040 0
0.4295845031738281 0.12465381622314453 86306 0
0.43512940406799316 0.12471652030944824 85478 0
0.4478459358215332 0.12722373008728027 85350 0
0.4214656352996826 0.13374900817871094 84694 0
0.416301965713501 0.1263725757598877 85706 0
0.4340860843658447 0.12827825546264648 75433 0
0.4428517818450928 0.12305712699890137 84366 0
0.4168252944946289 0.12665462493896484 85798 0
0.4155898094177246 0.12447571754455566 86496 0
0.429093599319458 0.12638163566589355 84438 0
0.4243772029876709 0.12617182731628418 84939 0
0.4113142490386963 0.12904024124145508 86390 0
0.44692111015319824 0.12931394577026367 85496 0
0.43595361709594727 0.12485432624816895 85269 0
0.4536116123199463 0.12959694862365723 88014 0
0.4208695888519287 0.12442159652709961 85043 0
0.46047496795654297 0.12557363510131836 85536 0
0.4607737064361572 0.12610459327697754 85989 0
0.41048550605773926 0.12470006942749023 84265 0
0.44716715812683105 0.12120413780212402 84286 0
0.40468764305114746 0.1294994354248047 85549 0
0.44088292121887207 0.12450695037841797 83328 0
0.41483163833618164 0.12613654136657715 84519 0
0.42809581756591797 0.12302589416503906 85683 0
0.4210491180419922 0.12658476829528809 85324 0
0.42052340507507324 0.12781500816345215 84722 0
0.4277615547180176 0.125410795211792 85905 0
0.40639662742614746 0.1311955451965332 85177 0
0.4275186061859131 0.12295269966125488 85183 0
0.4453556537628174 0.1243133544921875 85547 0
0.43741440773010254 0.1261298656463623 84861 0
0.43894314765930176 0.12656068801879883 84793 0
0.42049741744995117 0.12753868103027344 83454 0
0.45942211151123047 0.12487554550170898 85662 0
0.4303243160247803 0.12140178680419922 84606 0
0.4104025363922119 0.12946724891662598 74400 0
0.42979860305786133 0.12436985969543457 83115 0
0.4289970397949219 0.12930035591125488 86237 0
0.4305613040924072 0.1255800724029541 85070 0
0.4314548969268799 0.12975263595581055 83537 0
0.40615272521972656 0.12537574768066406 85648 0
0.43170809745788574 0.12629938125610352 85702 0
0.422701358795166 0.12330508232116699 85455 0
0.43659019470214844 0.13152432441711426 84823 0
0.4239773750305176 0.12571382522583008 84867 0
0.43345212936401367 0.1305844783782959 84675 0
0.44205474853515625 0.12574291229248047 83909 0
0.4254171848297119 0.12699103355407715 83393 0
0.40727829933166504 0.12455296516418457 83773 0
0.417407751083374 0.12558317184448242 82494 0
0.4232606887817383 0.12604403495788574 83938 0
0.41460537910461426 0.12672901153564453 80997 0
0.43252134323120117 0.1264207363128662 79937 0
0.4280121326446533 0.1240987777709961 82143 0
0.4374074935913086 0.125352144241333 83987 0
0.41669535636901855 0.1234285831451416 82369 0
0.43861961364746094 0.12650012969970703 83525 0
0.4005472660064697 0.12722516059875488 83449 0
0.4065673351287842 0.13338589668273926 84304 0
0.44350099563598633 0.13527441024780273 84328 0
0.4274871349334717 0.12720036506652832 84995 0
0.43945837020874023 0.12244439125061035 80479 0
0.4151418209075928 0.12401986122131348 78776 0
0.42640185356140137 0.12210488319396973 79806 0
0.4246962070465088 0.12715530395507812 78323 0
0.42153286933898926 0.1226036548614502 70619 0
0.4182472229003906 0.12960433959960938 79205 0
0.4320487976074219 0.12574052810668945 79929 0
0.4146897792816162 0.12879085540771484 79769 0
0.4017336368560791 0.12641334533691406 78703 0
0.4213869571685791 0.12626934051513672 79387 0
0.41802191734313965 0.12367820739746094 82434 0
0.43128037452697754 0.12897467613220215 81200 0
0.41326475143432617 0.12659835815429688 79863 0
0.4086112976074219 0.1258394718170166 79981 0
0.43416452407836914 0.12376022338867188 78076 0
0.3965487480163574 0.12285971641540527 77032 0
0.41060447692871094 0.126908540725708 77493 0
0.4329400062561035 0.1231238842010498 77052 0
0.43254566192626953 0.1271381378173828 77145 0
0.41314220428466797 0.12483549118041992 77420 0
0.4264218807220459 0.12514281272888184 77974 0
0.44650959968566895 0.1248319149017334 79799 0
0.41753530502319336 0.12377548217773438 81168 0
0.4136805534362793 0.12899422645568848 79106 0
0.42130088806152344 0.12935662269592285 79316 0
0.39379429817199707 0.12728190422058105 79557 0
0.43370914459228516 0.12950873374938965 78818 0
0.41923975944519043 0.13312578201293945 78689 0
0.41816282272338867 0.12472414970397949 78632 0
0.41942858695983887 0.1308271884918213 77523 0
0.41031789779663086 0.12917447090148926 76978 0
0.4190840721130371 0.12538361549377441 75725 0
0.4489412307739258 0.12544679641723633 78887 0
0.41684961318969727 0.12127375602722168 76344 0
0.41554832458496094 0.1233663558959961 68957 0
0.4329390525817871 0.12871527671813965 76400 0
0.4318978786468506 0.12639188766479492 78426 0
0.41826939582824707 0.12718725204467773 78900 0
0.4248692989349365 0.1214897632598877 77067 0
0.44253015518188477 0.12222480773925781 78386 0
0.42563819885253906 0.12965750694274902 78126 0
0.40982484817504883 0.1254713535308838 78249 0
0.4218733310699463 0.13005447387695312 81019 0
0.4090712070465088 0.12611126899719238 79516 0
0.4334425926208496 0.12205100059509277 69924 0
0.4169182777404785 0.12425804138183594 79818 0
0.4175243377685547 0.12754154205322266 81156 0
0.40662574768066406 0.12382340431213379 80619 0
0.40338778495788574 0.12144923210144043 79169 0
0.42908620834350586 0.12267041206359863 80433 0
0.43867039680480957 0.1341390609741211 82291 0
0.4199941158294678 0.13167572021484375 81592 0
0.4346461296081543 0.12733936309814453 82941 0
0.41600561141967773 0.12407612800598145 82369 0
0.41117167472839355 0.12287163734436035 81268 0
0.42987751960754395 0.12365269660949707 81747 0
0.4150090217590332 0.12642550468444824 81877 0
0.41488170623779297 0.13223814964294434 82892 0
0.41913676261901855 0.12912940979003906 82327 0
0.4028012752532959 0.12317562103271484 81147 0
0.4191861152648926 0.1271076202392578 78265 0
0.4123709201812744 0.13162565231323242 78536 0
0.43244457244873047 0.1270427703857422 82731 0
0.41794300079345703 0.12226247787475586 82945 0
0.417285680770874 0.126051664352417 84190 0
0.42958569526672363 0.12920665740966797 84846 0
0.4093501567840576 0.1253068447113037 81943 0
0.41376566886901855 0.1266460418701172 81745 0
0.4182167053222656 0.1261749267578125 82464 0
0.4296896457672119 0.12389898300170898 81776 0
0.4162132740020752 0.12485027313232422 80283 0
0.4207446575164795 0.12517666816711426 81166 0
0.44402360916137695 0.13161993026733398 81097 0
0.40818142890930176 0.12535333633422852 80590 0
0.42202258110046387 0.12440896034240723 82134 0
0.42847251892089844 0.12422609329223633 82017 0
0.4199213981628418 0.12830877304077148 82486 0
0.4081294536590576 0.12895655632019043 81663 0
0.4220082759857178 0.12845897674560547 81174 0
0.42653322219848633 0.1337571144104004 82034 0
0.46053385734558105 0.13213562965393066 78234 0
0.438431978225708 0.13399314880371094 80397 0
0.4347660541534424 0.12761235237121582 78975 0
0.4192485809326172 0.1249535083770752 71235 0
0.4222743511199951 0.12482094764709473 80822 0
0.41036319732666016 0.1229860782623291 81095 0
0.45674753189086914 0.12897491455078125 81346 0
0.45267176628112793 0.1277937889099121 79274 0
0.43004322052001953 0.12730884552001953 81121 0
0.41149425506591797 0.12534141540527344 83469 0
0.412184476852417 0.1268141269683838 84004 0
0.42960548400878906 0.12341523170471191 83404 0
0.42543578147888184 0.12328624725341797 83951 0
0.43660569190979004 0.12321615219116211 81180 0
0.41763949394226074 0.12329816818237305 83323 0
0.41530442237854004 0.13213133811950684 80755 0
0.43257975578308105 0.126572847366333 81012 0
0.40389442443847656 0.12588214874267578 81809 0
0.4167766571044922 0.1293799877166748 81705 0
0.4179365634918213 0.12983179092407227 81768 0
0.44852328300476074 0.1239633560180664 82215 0
0.4351511001586914 0.13071250915527344 85361 0
0.42053794860839844 0.12535691261291504 82725 0
0.4196772575378418 0.12929892539978027 83103 0
0.4251065254211426 0.12468886375427246 84111 0
0.4326467514038086 0.12685251235961914 82910 0
0.40793871879577637 0.1254274845123291 82821 0
0.42470669746398926 0.12566757202148438 83839 0
0.4311549663543701 0.12801146507263184 98511 0
0.39901041984558105 0.12684845924377441 101792 0
0.43034982681274414 0.12601876258850098 102554 0
0.4419584274291992 0.13036584854125977 104002 0
0.4339864253997803 0.12725210189819336 103236 0
0.42502665519714355 0.12567996978759766 103827 0
0.43592214584350586 0.12254762649536133 104295 0
0.43630051612854004 0.1277475357055664 102110 0
0.4331197738647461 0.12545275688171387 104099 0
0.4461948871612549 0.12460613250732422 103570 0
0.4371812343597412 0.12677574157714844 102144 0
0.4275238513946533 0.13082194328308105 104617 0
0.42804813385009766 0.13025832176208496 103371 0
0.4265174865722656 0.13158655166625977 102544 0
0.43310070037841797 0.12825703620910645 102960 0
0.42986464500427246 0.128126859664917 103230 0
0.4295008182525635 0.1281449794769287 104603 0
0.4580419063568115 0.12901067733764648 102591 0
0.42057251930236816 0.12474799156188965 96082 0
0.43145036697387695 0.13234591484069824 103547 0
0.43961548805236816 0.12714147567749023 102907 0
0.4409193992614746 0.12695050239562988 104016 0
0.4324476718902588 0.12571930885314941 104483 0
0.4176602363586426 0.12952113151550293 103308 0
0.4300239086151123 0.1256117820739746 105876 0
0.4299952983856201 0.12903714179992676 103897 0
0.43013763427734375 0.12440896034240723 105424 0
0.4428706169128418 0.12651538848876953 104316 0
0.4200918674468994 0.13013529777526855 92314 0
0.4332923889160156 0.12705564498901367 104522 0
0.42150092124938965 0.1251535415649414 103539 0
0.44022560119628906 0.12800288200378418 105202 0
0.4253380298614502 0.13109064102172852 105749 0
0.43202662467956543 0.1264021396636963 107303 0
0.42510151863098145 0.12583708763122559 107360 0
0.4381256103515625 0.1292250156402588 107717 0
0.45652198791503906 0.12655019760131836 108663 0
0.4352874755859375 0.1253221035003662 106644 0
0.4454934597015381 0.13356494903564453 103393 0
0.4391505718231201 0.12975406646728516 107642 0
0.43431711196899414 0.12601733207702637 105805 0
0.4245951175689697 0.12894463539123535 107490 0
0.4283928871154785 0.1278986930847168 108297 0
0.4378085136413574 0.1295182704925537 108409 0
0.44141411781311035 0.13086414337158203 107236 0
0.4211440086364746 0.12843799591064453 107911 0
0.45374488830566406 0.12603211402893066 107759 0
0.4195747375488281 0.12638568878173828 107731 0
0.4279501438140869 0.12808609008789062 100857 0
0.4389774799346924 0.12378978729248047 107656 0
0.42382287979125977 0.12381577491760254 108844 0
0.4282796382904053 0.12262821197509766 108120 0
0.44186925888061523 0.12800312042236328 107897 0
0.4661095142364502 0.13455414772033691 108024 0
0.46370458602905273 0.13470864295959473 108738 0
0.43088793754577637 0.12863588333129883 104533 0
0.4303889274597168 0.13021636009216309 107558 0
0.41902852058410645 0.12570691108703613 108712 0
0.4317171573638916 0.126434326171875 94362 0
0.4164004325866699 0.12159276008605957 107085 0
0.42815709114074707 0.12478804588317871 104873 0
0.45857930183410645 0.1282515525817871 104941 0
0.4449949264526367 0.13235998153686523 108946 0
0.43323421478271484 0.1352252960205078 110452 0
0.4512302875518799 0.13448429107666016 105754 0
0.44011640548706055 0.12827134132385254 111216 0
0.43500280380249023 0.12558555603027344 109540 0
0.43499279022216797 0.12584233283996582 109112 0
0.41560840606689453 0.1262493133544922 109609 0
0.4444723129272461 0.12837696075439453 108082 0
0.4188354015350342 0.13072991371154785 105761 0
0.42357754707336426 0.12419366836547852 108399 0
0.4281463623046875 0.12543439865112305 110135 0
0.4340369701385498 0.13066673278808594 108871 0
0.46757960319519043 0.12629318237304688 108502 0
0.4081604480743408 0.12169170379638672 108042 0
0.42543864250183105 0.12118864059448242 109495 0
0.4419846534729004 0.1293485164642334 109137 0
0.44206976890563965 0.13763976097106934 101073 0
0.43659210205078125 0.13176512718200684 108046 0
0.4281425476074219 0.13144803047180176 107740 0
0.43210864067077637 0.12917065620422363 109321 0
0.4355289936065674 0.12344551086425781 107430 0
0.43318939208984375 0.12672805786132812 107238 0
0.4434635639190674 0.12916254997253418 106378 0
0.43613457679748535 0.12853717803955078 102882 0
0.4313223361968994 0.12682032585144043 108296 0
0.4287288188934326 0.1316537857055664 107751 0
0.4171156883239746 0.12253236770629883 90874 0
0.41927218437194824 0.12811541557312012 104331 0
0.4180777072906494 0.12229323387145996 99755 0
0.4292426109313965 0.13057827949523926 101080 0
0.42975616455078125 0.12255024909973145 101851 0
0.4149138927459717 0.12971925735473633 103418 0
0.40694308280944824 0.13283801078796387 100662 0
0.44670653343200684 0.13506603240966797 104134 0
0.41886234283447266 0.12580180168151855 103845 0
0.4325692653656006 0.1294722557067871 102648 0
0.42366576194763184 0.12941694259643555 100590 0
0.42966699600219727 0.12493896484375 100504 0
0.4516921043395996 0.12469339370727539 95103 0
0.4225783348083496 0.12363553047180176 101129 0
0.43390583992004395 0.12760639190673828 100745 0
0.440471887588501 0.1327528953552246 100106 0
0.42798757553100586 0.12562322616577148 100076 0
0.4336264133453369 0.12877488136291504 99821 0
0.4234750270843506 0.12573647499084473 100995 0
0.4266963005065918 0.13084697723388672 99317 0
0.438718318939209 0.12596654891967773 94697 0
0.4243326187133789 0.1291823387145996 100585 0
0.4583265781402588 0.12647008895874023 102329 0
0.4425666332244873 0.13372421264648438 102207 0
0.4462282657623291 0.128584623336792 101486 0
0.424450159072876 0.130845308303833 102571 0
0.4291386604309082 0.13019943237304688 102334 0
0.4336395263671875 0.12581706047058105 96967 0
0.418468713760376 0.1304788589477539 100198 0
0.4431767463684082 0.12588024139404297 99252 0
0.43547534942626953 0.12718486785888672 86390 0
0.44221043586730957 0.12655353546142578 99525 0
0.415377140045166 0.1260523796081543 95654 0
0.40099596977233887 0.12616562843322754 97094 0
0.433854341506958 0.12613677978515625 99308 0
0.4162483215332031 0.126723051071167 99375 0
0.42803215980529785 0.1253349781036377 98708 0
0.41405701637268066 0.13077950477600098 101468 0
0.44190382957458496 0.13009953498840332 101964 0
0.43679189682006836 0.1347196102142334 101698 0
0.44217419624328613 0.1275935173034668 101802 0
0.4189620018005371 0.1253643035888672 101530 0
0.4523637294769287 0.12615323066711426 96193 0
0.45883679389953613 0.12795257568359375 101310 0
0.46558284759521484 0.12757134437561035 101951 0
0.4218134880065918 0.12664437294006348 101738 0
0.4304044246673584 0.13421320915222168 101210 0
0.4349801540374756 0.12184762954711914 102430 0
0.4343831539154053 0.13161563873291016 100443 0
0.43326449394226074 0.12933731079101562 100995 0
0.42780494689941406 0.13060235977172852 95327 0
0.4604649543762207 0.12492513656616211 100059 0
0.46650218963623047 0.1252727508544922 101407 0
0.43518924713134766 0.12496066093444824 100122 0
0.42245912551879883 0.12355279922485352 100685 0
0.4349546432495117 0.12447333335876465 100417 0
0.4337599277496338 0.12560606002807617 100119 0
0.4210624694824219 0.13126564025878906 96986 0
0.4257845878601074 0.12694907188415527 100374 0
0.43534159660339355 0.12833070755004883 99805 0
0.42184996604919434 0.12584996223449707 85526 0
0.40385985374450684 0.1254408359527588 98431 0
0.4282805919647217 0.12279200553894043 93526 0
0.43703413009643555 0.12373661994934082 95159 0
0.4499537944793701 0.12721776962280273 99134 0
0.4378488063812256 0.13184452056884766 99589 0
0.429124116897583 0.12887835502624512 97592 0
0.4164271354675293 0.1265268325805664 99867 0
0.4429621696472168 0.12466573715209961 99789 0
0.4298872947692871 0.12653732299804688 99655 0
0.4393444061279297 0.12808942794799805 99158 0
0.42821645736694336 0.12740707397460938 99732 0
0.440784215927124 0.12472963333129883 93643 0
0.46158266067504883 0.13224387168884277 99852 0
0.42441701889038086 0.12444853782653809 99980 0
0.42725658416748047 0.12430167198181152 99582 0
0.436342716217041 0.1266319751739502 99144 0
0.4370284080505371 0.1271984577178955 99798 0
0.44171643257141113 0.1256084442138672 99851 0
0.44939374923706055 0.12512874603271484 100113 0
0.4315028190612793 0.12684154510498047 92574 0
0.4355306625366211 0.13322877883911133 99525 0
0.41595959663391113 0.12489891052246094 100364 0
0.439471960067749 0.12726640701293945 101463 0
0.4297001361846924 0.1260819435119629 99922 0
0.4290742874145508 0.12534832954406738 99764 0
0.42490673065185547 0.12789344787597656 99136 0
0.42174577713012695 0.1293787956237793 96803 0
0.43544864654541016 0.1277790069580078 99986 0
0.4119303226470947 0.12973380088806152 99311 0
0.42658472061157227 0.13201427459716797 88927 0
0.42563652992248535 0.12512588500976562 98219 0
0.4444692134857178 0.12368988990783691 93205 0
0.42995214462280273 0.12554001808166504 98600 0
0.43682217597961426 0.12362527847290039 99407 0
0.43080639839172363 0.1259455680847168 100171 0
0.4514293670654297 0.12878131866455078 97242 0
0.4551982879638672 0.12746834754943848 100467 0
0.4311249256134033 0.13021540641784668 100720 0
0.4286801815032959 0.12579131126403809 101056 0
0.4200403690338135 0.1266798973083496 101660 0
0.4317631721496582 0.12665653228759766 100187 0
0.42437100410461426 0.11976313591003418 95137 0
0.4273524284362793 0.12371349334716797 100469 0
0.42520761489868164 0.12563681602478027 100526 0
0.4218323230743408 0.13670825958251953 101115 0
0.42761874198913574 0.12886595726013184 100642 0
0.4246656894683838 0.12586092948913574 100863 0
0.4465785026550293 0.12798333168029785 100292 0
0.43043065071105957 0.1293346881866455 100447 0
0.42437005043029785 0.12711572647094727 95448 0
0.43534064292907715 0.12987971305847168 98878 0
0.43454623222351074 0.12880396842956543 105108 0
0.44762420654296875 0.1277022361755371 104665 0
0.4306027889251709 0.13401246070861816 105087 0
0.437727689743042 0.12696409225463867 105595 0
0.44255685806274414 0.12766432762145996 106364 0
0.437758207321167 0.12454533576965332 104861 0
0.44130516052246094 0.13169574737548828 106907 0
0.420926570892334 0.12550067901611328 104162 0
0.46718645095825195 0.12745404243469238 104482 0
0.45383143424987793 0.12536358833312988 106524 0
0.41811394691467285 0.12832283973693848 103497 0
0.43282318115234375 0.12554597854614258 103868 0
0.41917920112609863 0.129133939743042 105345 0
0.44522929191589355 0.13004374504089355 105043 0
0.45682191848754883 0.12483954429626465 106182 0
0.4207034111022949 0.12586474418640137 105946 0
0.4440646171569824 0.12367606163024902 105595 0
0.4295659065246582 0.1263113021850586 105996 0
0.431180477142334 0.12645292282104492 105876 0
0.42175722122192383 0.13776183128356934 104910 0
0.44890522956848145 0.12210607528686523 104103 0
0.43887758255004883 0.12840986251831055 103768 0
0.4243741035461426 0.12548375129699707 104466 0
0.4450571537017822 0.12540125846862793 103347 0
0.40169429779052734 0.12462973594665527 104248 0
0.43706822395324707 0.12563633918762207 104941 0
0.43886303901672363 0.12076997756958008 104180 0
0.4168224334716797 0.1282801628112793 105781 0
0.43271780014038086 0.12995386123657227 105991 0
0.4123368263244629 0.13100934028625488 104305 0
0.4409971237182617 0.12324810028076172 104224 0
0.44876527786254883 0.12567615509033203 105561 0
0.4234769344329834 0.12389564514160156 104632 0
0.43428540229797363 0.12769007682800293 104122 0
0.4423644542694092 0.12449026107788086 103104 0
0.4467594623565674 0.13057327270507812 104745 0
0.43404698371887207 0.12949109077453613 103881 0
0.427532434463501 0.12732934951782227 104470 0
0.49225807189941406 0.12543821334838867 105166 0
0.4576382637023926 0.12749123573303223 103071 0
0.44972753524780273 0.12767863273620605 103011 0
0.43479228019714355 0.13075041770935059 103667 0
0.4347851276397705 0.12345552444458008 103540 0
0.4315969944000244 0.12430667877197266 102460 0
0.45885348320007324 0.12564826011657715 103162 0
0.4351460933685303 0.12912511825561523 103539 0
0.42876362800598145 0.12717294692993164 103300 0
0.4267113208770752 0.1262493133544922 104156 0
0.4225122928619385 0.1264035701751709 104267 0
0.42116546630859375 0.1259453296661377 103216 0
0.43424153327941895 0.12661385536193848 105363 0
0.4453465938568115 0.1256422996520996 104456 0
0.44170117378234863 0.1286144256591797 102978 0
0.42815446853637695 0.13385367393493652 103571 0
0.40707874298095703 0.1262226104736328 102712 0
0.42590856552124023 0.1254868507385254 102373 0
0.4289588928222656 0.1256415843963623 101976 0
0.4332084655761719 0.12150692939758301 102861 0
0.42382383346557617 0.12735819816589355 103602 0
0.4085416793823242 0.12710165977478027 103952 0
0.4418046474456787 0.1253528594970703 103956 0
0.43451762199401855 0.12684011459350586 103801 0
0.4171609878540039 0.12853074073791504 103613 0
0.42469072341918945 0.12444067001342773 104304 0
0.43978285789489746 0.1287086009979248 104413 0
0.42845606803894043 0.1261906623840332 103981 0
0.43812131881713867 0.12701058387756348 104730 0
0.44078707695007324 0.1257474422454834 105167 0
0.44869470596313477 0.12568044662475586 105438 0
0.4263734817504883 0.12701940536499023 104016 0
0.432905912399292 0.12314510345458984 103484 0
0.4300692081451416 0.12584543228149414 102893 0
0.42368507385253906 0.12626028060913086 100710 0
0.43677663803100586 0.128509521484375 106246 0
0.4286015033721924 0.12501788139343262 105958 0
0.4426240921020508 0.12550783157348633 105019 0
0.4473843574523926 0.12606596946716309 105378 0
0.4275217056274414 0.13410377502441406 108032 0
0.4289884567260742 0.12562012672424316 106676 0
0.40473413467407227 0.12741351127624512 108860 0
0.4354255199432373 0.1257166862487793 107352 0
0.4469287395477295 0.12612128257751465 107877 0
0.4358954429626465 0.12653875350952148 98351 0
0.4233882427215576 0.12595820426940918 97384 0
0.44927358627319336 0.12350153923034668 103798 0
0.4106481075286865 0.13744449615478516 108404 0
0.38220882415771484 0.14431524276733398 100965 0
0.43228602409362793 0.1266930103302002 105103 0
0.43476271629333496 0.12696075439453125 99694 0
0.42691707611083984 0.12337350845336914 99729 0
0.41370129585266113 0.12049722671508789 100901 0
0.43981027603149414 0.12421226501464844 102433 0
0.42890286445617676 0.12401723861694336 102105 0
0.4456748962402344 0.1280972957611084 101911 0
0.4149916172027588 0.1266324520111084 103603 0
0.4278256893157959 0.12268805503845215 103322 0
0.428086519241333 0.12290477752685547 97221 0
0.41953015327453613 0.12604904174804688 105750 0
0.4399445056915283 0.12526774406433105 103932 0
0.429898738861084 0.1263902187347412 102140 0
0.4196956157684326 0.1259477138519287 105918 0
0.4321324825286865 0.13262486457824707 107634 0
0.4347860813140869 0.1264355182647705 98684 0
0.42548227310180664 0.1312878131866455 107641 0
0.422710657119751 0.12423062324523926 107060 0
0.4149184226989746 0.12955856323242188 107838 0
0.44377708435058594 0.1251544952392578 107502 0
0.4531867504119873 0.12950778007507324 109459 0
0.4371347427368164 0.12830734252929688 109042 0
0.4010322093963623 0.13374114036560059 108961 0
0.4169478416442871 0.12772035598754883 107872 0
0.41024327278137207 0.1225895881652832 108610 0
0.43550705909729004 0.12691044807434082 110921 0
0.4148116111755371 0.12647199630737305 109758 0
0.4616849422454834 0.126389741897583 108732 0
0.4612610340118408 0.12868714332580566 108740 0
0.4488241672515869 0.12832927703857422 106904 0
0.4238553047180176 0.1250004768371582 108345 0
0.42716431617736816 0.1282486915588379 108382 0
0.43210792541503906 0.12656569480895996 107348 0
0.40911340713500977 0.12318301200866699 106885 0
0.43900561332702637 0.1275477409362793 108744 0
0.41408276557922363 0.12697100639343262 108670 0
0.46095991134643555 0.1275496482849121 106844 0
0.42101049423217773 0.12367558479309082 109133 0
0.41982126235961914 0.13081669807434082 109981 0
0.4186263084411621 0.1278979778289795 102712 0
0.4318258762359619 0.12677979469299316 109209 0
0.4282865524291992 0.12529492378234863 106421 0
0.4346957206726074 0.1292095184326172 106720 0
0.4296114444732666 0.12233948707580566 108571 0
0.44184207916259766 0.12779712677001953 109259 0
0.42634034156799316 0.12628936767578125 102132 0
0.42351722717285156 0.13417577743530273 109975 0
0.44539356231689453 0.13124465942382812 108750 0
0.44145989418029785 0.12456679344177246 109717 0
0.4633059501647949 0.13062667846679688 108214 0
0.46692466735839844 0.12527799606323242 108692 0
0.4380052089691162 0.12773776054382324 108745 0
0.4426295757293701 0.13013648986816406 109011 0
0.4441213607788086 0.12222170829772949 110750 0
0.43550610542297363 0.13173866271972656 113086 0
0.42926859855651855 0.12507057189941406 109992 0
0.4453248977661133 0.13085675239562988 111398 0
0.42983579635620117 0.1307973861694336 110855 0
0.4379909038543701 0.1296401023864746 112087 0
0.42552614212036133 0.12558317184448242 109831 0
0.4232962131500244 0.1308000087738037 109407 0
0.44784021377563477 0.12929248809814453 109194 0
0.4216175079345703 0.12419271469116211 108339 0
0.42265844345092773 0.12659549713134766 110239 0
0.4139695167541504 0.13297557830810547 109336 0
0.4202260971069336 0.1238858699798584 109416 0
0.4468982219696045 0.12723278999328613 107960 0
0.44085073471069336 0.12580466270446777 110279 0
0.4461941719055176 0.1273348331451416 110905 0
0.42656970024108887 0.12649774551391602 104251 0
0.4374105930328369 0.1269538402557373 111660 0
0.42974376678466797 0.12133002281188965 110949 0
0.42721128463745117 0.12608861923217773 110287 0
0.4391813278198242 0.12552857398986816 113080 0
0.4274601936340332 0.12289547920227051 112932 0
0.4508781433105469 0.1291797161102295 109421 0
0.43630337715148926 0.13081812858581543 114196 0
0.43395090103149414 0.12719440460205078 113098 0
0.432589054107666 0.12741351127624512 114035 0
0.4062690734863281 0.12419295310974121 112604 0
0.4105105400085449 0.13075685501098633 109258 0
0.42034459114074707 0.12678241729736328 108715 0
0.42018961906433105 0.12537240982055664 108184 0
0.4497721195220947 0.12547636032104492 108147 0
0.422224760055542 0.1260969638824463 108768 0
0.43393731117248535 0.12686491012573242 107311 0
0.41884422302246094 0.1267256736755371 108073 0
0.4289982318878174 0.13011479377746582 107870 0
0.421156644821167 0.13014578819274902 105833 0
0.4332120418548584 0.12427234649658203 105711 0
0.4365978240966797 0.12842297554016113 106049 0
0.4039480686187744 0.12473106384277344 107377 0
0.43724751472473145 0.12538909912109375 107168 0
0.4514627456665039 0.12953543663024902 107742 0
0.407761812210083 0.1285533905029297 107000 0
0.43918347358703613 0.12367701530456543 105945 0
0.4328899383544922 0.13401508331298828 106873 0
0.4500746726989746 0.1246483325958252 106597 0
0.43103909492492676 0.12766075134277344 107004 0
0.41538453102111816 0.1250467300415039 105952 0
0.4562094211578369 0.12787508964538574 104495 0
0.4476773738861084 0.1311938762664795 105163 0
0.4257388114929199 0.13155531883239746 105620 0
0.43904757499694824 0.12392783164978027 106401 0
0.42680978775024414 0.13523530960083008 105986 0
0.43685293197631836 0.12947440147399902 106790 0
0.4284193515777588 0.12575960159301758 106155 0
0.4209275245666504 0.12441658973693848 106098 0
0.4182891845703125 0.1371479034423828 106894 0
