0.1362161636352539 0.02860546112060547 159764 0
0.13483238220214844 0.027629852294921875 160656 0
0.1377413272857666 0.02891230583190918 163202 0
0.13453030586242676 0.027243375778198242 161252 0
0.13533639907836914 0.02736520767211914 164284 0
0.14576339721679688 0.02671027183532715 165156 0
0.14403891563415527 0.02758479118347168 166378 0
0.14000630378723145 0.027758121490478516 166132 0
0.13816404342651367 0.02741074562072754 165334 0
0.14269042015075684 0.026561975479125977 164850 0
0.1379537582397461 0.028029918670654297 161646 0
0.1396641731262207 0.026604413986206055 160070 0
0.13669371604919434 0.027339935302734375 164538 0
0.13637304306030273 0.027136802673339844 161786 0
0.1353287696838379 0.028525114059448242 143130 0
0.13540387153625488 0.02751898765563965 162406 0
0.13570928573608398 0.027803897857666016 158562 0
0.13903141021728516 0.027609825134277344 154434 0
0.1342782974243164 0.026660442352294922 150874 0
0.1359546184539795 0.02683568000793457 159282 0
0.1371300220489502 0.02727484703063965 159854 0
0.15020370483398438 0.026448965072631836 155630 0
0.13751769065856934 0.02756023406982422 159958 0
0.14217710494995117 0.026457548141479492 163714 0
0.13650822639465332 0.027489662170410156 164122 0
0.14029431343078613 0.02814507484436035 163544 0
0.13377976417541504 0.025820493698120117 154118 0
0.1381974220275879 0.027198076248168945 162758 0
0.13706040382385254 0.02789020538330078 163334 0
0.14380908012390137 0.03218674659729004 158268 0
0.1363816261291504 0.02701115608215332 163154 0
0.13667035102844238 0.028566360473632812 164170 0
0.13655352592468262 0.026629924774169922 161200 0
0.13719654083251953 0.02753925323486328 162250 0
0.1357259750366211 0.02593708038330078 153788 0
0.14320874214172363 0.027800798416137695 163280 0
0.1387312412261963 0.02718949317932129 170170 0
0.1418912410736084 0.02788686752319336 166380 0
0.14188909530639648 0.027309179306030273 170034 0
0.13784432411193848 0.026858806610107422 164038 0
0.13994693756103516 0.0276792049407959 157524 0
0.13830089569091797 0.02702641487121582 160714 0
0.1352236270904541 0.02783489227294922 166246 0
0.1391134262084961 0.026924610137939453 165938 0
0.13664460182189941 0.028289079666137695 150916 0
0.1362447738647461 0.02745676040649414 164888 0
0.1434926986694336 0.026838302612304688 166936 0
0.1373751163482666 0.030199766159057617 164946 0
0.14098429679870605 0.026937246322631836 166492 0
0.13797354698181152 0.029456377029418945 165878 0
0.145033597946167 0.0269775390625 165292 0
0.13632607460021973 0.028351545333862305 166284 0
0.14778470993041992 0.028394699096679688 165324 0
0.1378331184387207 0.0277097225189209 166368 0
0.14231443405151367 0.028724193572998047 166818 0
0.1381535530090332 0.02591872215270996 167516 0
0.14316725730895996 0.028502941131591797 167604 0
0.13865280151367188 0.027278423309326172 167796 0
0.14496421813964844 0.027878522872924805 167812 0
0.13677191734313965 0.028391599655151367 168272 0
0.14045381546020508 0.033203125 165916 0
0.13611507415771484 0.028390169143676758 166206 0
0.14441633224487305 0.02672863006591797 165704 0
0.14470815658569336 0.02636861801147461 164838 0
0.13924193382263184 0.026606082916259766 161112 0
0.13911724090576172 0.02733635902404785 165406 0
0.13826990127563477 0.027381420135498047 165948 0
0.14276719093322754 0.0266263484954834 165940 0
0.13728928565979004 0.02862548828125 165106 0
0.13579607009887695 0.027115345001220703 163610 0
0.13610625267028809 0.027035951614379883 162322 0
0.13528776168823242 0.027545690536499023 159902 0
0.14220547676086426 0.02767801284790039 163526 0
0.13809871673583984 0.027139663696289062 162116 0
0.13278746604919434 0.024725675582885742 140210 0
0.137559175491333 0.028067588806152344 163136 0
0.1376810073852539 0.02781391143798828 162562 0
0.13704943656921387 0.027774333953857422 158984 0
0.14708352088928223 0.026826143264770508 159980 0
0.14128351211547852 0.02921319007873535 158892 0
0.13554167747497559 0.028818607330322266 163162 0
0.13837742805480957 0.028133153915405273 163522 0
0.1387007236480713 0.027034521102905273 160938 0
0.14507818222045898 0.029869794845581055 161094 0
0.13555049896240234 0.027988672256469727 162980 0
0.13762307167053223 0.02754068374633789 162978 0
0.13733434677124023 0.030505895614624023 157012 0
0.13849830627441406 0.02814936637878418 163484 0
0.1413867473602295 0.026692867279052734 163606 0
0.13783717155456543 0.03448677062988281 164214 0
0.14314723014831543 0.02745676040649414 162960 0
0.14621186256408691 0.02695751190185547 162698 0
0.1433272361755371 0.028748273849487305 162476 0
0.13572955131530762 0.027948617935180664 158868 0
0.13806676864624023 0.025992631912231445 163056 0
0.1342763900756836 0.027811050415039062 162622 0
0.13029098510742188 0.025845766067504883 143306 0
0.13617277145385742 0.027774333953857422 163638 0
0.1414787769317627 0.02807784080505371 163960 0
0.13431334495544434 0.02635812759399414 158314 0
0.1402902603149414 0.029629230499267578 160804 0
0.13892865180969238 0.028606653213500977 162336 0
0.1367950439453125 0.0286405086517334 163420 0
0.13926076889038086 0.02990102767944336 166750 0
0.13904047012329102 0.0290677547454834 165808 0
0.1363389492034912 0.027895212173461914 165982 0
0.14464354515075684 0.026653051376342773 165472 0
0.13916540145874023 0.027529478073120117 168138 0
0.14443135261535645 0.028564929962158203 167414 0
0.13732099533081055 0.0279085636138916 166050 0
0.14487385749816895 0.026677370071411133 165996 0
0.13613510131835938 0.028113842010498047 165850 0
0.14420723915100098 0.02679920196533203 166314 0
0.13986468315124512 0.028264284133911133 166530 0
0.1435844898223877 0.02647995948791504 163046 0
0.14089655876159668 0.029566049575805664 165394 0
0.1357266902923584 0.02699422836303711 155162 0
0.14091229438781738 0.027054309844970703 166298 0
0.14813637733459473 0.028731107711791992 166450 0
0.14437556266784668 0.0283050537109375 167024 0
0.13461995124816895 0.029193639755249023 163312 0
0.1342334747314453 0.026486873626708984 164378 0
0.13934731483459473 0.025758028030395508 162918 0
0.14246892929077148 0.02664780616760254 160780 0
0.14267849922180176 0.0288083553314209 163726 0
0.1451280117034912 0.026732683181762695 164106 0
0.13430476188659668 0.024902820587158203 146818 0
0.13816523551940918 0.026994943618774414 162276 0
0.14140772819519043 0.02643561363220215 151046 0
0.1354541778564453 0.02741718292236328 153800 0
0.13447785377502441 0.027223825454711914 156142 0
0.13946032524108887 0.026796340942382812 158356 0
0.13376832008361816 0.02665877342224121 154514 0
0.13297224044799805 0.027354001998901367 159756 0
0.146040678024292 0.027506351470947266 162696 0
0.13848519325256348 0.029038429260253906 164626 0
0.1444544792175293 0.028898000717163086 164472 0
0.1426839828491211 0.026859283447265625 164280 0
0.13716411590576172 0.02880859375 162994 0
0.13935089111328125 0.02851557731628418 165048 0
0.14292073249816895 0.029983997344970703 166544 0
0.14018630981445312 0.027948379516601562 168146 0
0.13444757461547852 0.02808237075805664 165464 0
0.138916015625 0.026113271713256836 164830 0
0.13498663902282715 0.027507543563842773 163300 0
0.1410989761352539 0.028591394424438477 169746 0
0.13747882843017578 0.029885292053222656 167742 0
0.14159250259399414 0.03055119514465332 164700 0
0.13603568077087402 0.027426719665527344 162726 0
0.13787221908569336 0.025884628295898438 161416 0
0.13851261138916016 0.028568506240844727 166402 0
0.1469259262084961 0.026980161666870117 175554 0
0.13682770729064941 0.028548479080200195 174378 0
0.13736271858215332 0.027538537979125977 170480 0
0.13654088973999023 0.027205467224121094 171406 0
0.1361069679260254 0.028756380081176758 166786 0
0.13488316535949707 0.026985645294189453 143280 0
0.13903260231018066 0.026537418365478516 164318 0
0.1375429630279541 0.027087926864624023 164864 0
0.13678669929504395 0.027422428131103516 156362 0
0.1408097743988037 0.02774333953857422 155736 0
0.13536596298217773 0.026317358016967773 157428 0
0.13851571083068848 0.02692270278930664 154934 0
0.13483667373657227 0.02647709846496582 157018 0
0.13609600067138672 0.026134967803955078 165206 0
0.1422114372253418 0.028383255004882812 160300 0
0.13623976707458496 0.025855302810668945 159258 0
0.1428823471069336 0.02903890609741211 166110 0
0.13564658164978027 0.026812314987182617 163758 0
0.13701820373535156 0.028027057647705078 169980 0
0.14694786071777344 0.025906085968017578 164078 0
0.1447148323059082 0.02742791175842285 168126 0
0.14008450508117676 0.028110742568969727 168566 0
0.14422249794006348 0.028016328811645508 170704 0
0.1477804183959961 0.028372526168823242 169122 0
0.1377418041229248 0.027335166931152344 168398 0
0.13788223266601562 0.030520200729370117 162944 0
0.1392974853515625 0.026904821395874023 170744 0
0.1447441577911377 0.03011035919189453 171358 0
0.14264869689941406 0.02877521514892578 171402 0
0.13930749893188477 0.026506900787353516 167914 0
0.14308834075927734 0.027797937393188477 167160 0
0.14362859725952148 0.028790712356567383 168552 0
0.1399071216583252 0.026255130767822266 162940 0
0.14067339897155762 0.027765750885009766 167044 0
0.1378626823425293 0.02783203125 167236 0
0.13517975807189941 0.02679753303527832 147752 0
0.13640666007995605 0.027589797973632812 167992 0
0.14800238609313965 0.026911020278930664 169852 0
0.14401674270629883 0.0265352725982666 163534 0
0.1368100643157959 0.027523517608642578 165454 0
0.1398770809173584 0.028885841369628906 165970 0
0.1366870403289795 0.028059959411621094 166414 0
0.14011621475219727 0.027166128158569336 168630 0
0.13516497611999512 0.02675795555114746 166890 0
0.14254331588745117 0.027835607528686523 166582 0
0.13888835906982422 0.026676416397094727 167034 0
0.13643217086791992 0.02817559242248535 167746 0
0.14055442810058594 0.026044130325317383 166620 0
0.14490556716918945 0.02778148651123047 165738 0
0.1371006965637207 0.027844667434692383 161738 0
0.1381213665008545 0.026456117630004883 147520 0
0.13268256187438965 0.024280071258544922 142812 0
0.139204740524292 0.02661418914794922 145416 0
0.13174033164978027 0.02500152587890625 145370 0
0.13210153579711914 0.024534940719604492 146062 0
0.1328446865081787 0.024945974349975586 146182 0
0.13635826110839844 0.027013778686523438 147716 0
0.1340644359588623 0.026413917541503906 151290 0
0.1353013515472412 0.025333881378173828 148712 0
0.13465094566345215 0.024682998657226562 146000 0
0.13278555870056152 0.02591085433959961 148146 0
0.13403964042663574 0.0274198055267334 147458 0
0.13636302947998047 0.026172399520874023 145846 0
0.13503241539001465 0.027196884155273438 146510 0
0.13588190078735352 0.028155803680419922 145070 0
0.13199090957641602 0.027047395706176758 145308 0
0.13174223899841309 0.024916410446166992 136176 0
0.13637876510620117 0.02501702308654785 147334 0
0.13646912574768066 0.02640676498413086 148556 0
0.1381850242614746 0.027086496353149414 149330 0
0.1356523036956787 0.027379512786865234 147514 0
0.13517212867736816 0.02595686912536621 148366 0
0.13924312591552734 0.025035858154296875 147866 0
0.13667559623718262 0.027137279510498047 148856 0
0.13404393196105957 0.027940750122070312 147872 0
0.13336896896362305 0.028261661529541016 147256 0
0.13656067848205566 0.027119159698486328 147120 0
0.1387782096862793 0.02593684196472168 146864 0
0.13323116302490234 0.024911165237426758 147386 0
0.13896679878234863 0.024881362915039062 146382 0
0.13120698928833008 0.026170015335083008 146174 0
0.14159393310546875 0.025923490524291992 147670 0
0.13534784317016602 0.02496504783630371 147840 0
0.13114023208618164 0.0253751277923584 149428 0
0.1334824562072754 0.025585651397705078 148952 0
0.13774609565734863 0.027046918869018555 147180 0
0.13563299179077148 0.025758743286132812 146620 0
0.13885974884033203 0.025857210159301758 146944 0
0.13467144966125488 0.025748491287231445 146776 0
0.13445782661437988 0.02445840835571289 145896 0
0.13672113418579102 0.02677011489868164 146314 0
0.13320231437683105 0.024971961975097656 146868 0
0.13392400741577148 0.026081085205078125 146460 0
0.14041352272033691 0.025916576385498047 147626 0
0.1414484977722168 0.02733302116394043 146022 0
0.13386845588684082 0.025020837783813477 145686 0
0.13598299026489258 0.02559351921081543 134496 0
0.13271522521972656 0.025548219680786133 145800 0
0.1333150863647461 0.02493429183959961 145888 0
0.13445138931274414 0.026505470275878906 146790 0
0.1345975399017334 0.026974916458129883 146428 0
0.1325995922088623 0.024978160858154297 148086 0
0.13413190841674805 0.02719426155090332 148622 0
0.1326291561126709 0.0244753360748291 147836 0
0.13219738006591797 0.024989843368530273 148200 0
0.13644766807556152 0.02668929100036621 148482 0
0.13291645050048828 0.024868249893188477 146330 0
0.1371309757232666 0.027241230010986328 145192 0
0.1334991455078125 0.02673816680908203 144962 0
0.1348888874053955 0.02623462677001953 144712 0
0.13641071319580078 0.025225162506103516 145012 0
0.1301710605621338 0.026462554931640625 146970 0
0.13237786293029785 0.024729251861572266 145502 0
0.13799309730529785 0.027614116668701172 147770 0
0.13833022117614746 0.02671647071838379 147976 0
0.1357588768005371 0.025879621505737305 147112 0
0.13230109214782715 0.025983095169067383 147402 0
0.13749432563781738 0.02783799171447754 147678 0
0.1331336498260498 0.025966167449951172 147260 0
0.1371309757232666 0.026079416275024414 146190 0
0.13265562057495117 0.026244163513183594 146516 0
0.1361682415008545 0.03247427940368652 146488 0
0.13631463050842285 0.026659250259399414 154794 0
0.14408516883850098 0.025654077529907227 153906 0
0.14325165748596191 0.02740335464477539 147974 0
0.1454451084136963 0.026141881942749023 162944 0
0.13994669914245605 0.028558731079101562 157134 0
0.13971614837646484 0.030982255935668945 162830 0
0.137908935546875 0.027713775634765625 159706 0
0.1347033977508545 0.026779890060424805 154600 0
0.13828659057617188 0.02796792984008789 156676 0
0.1351766586303711 0.025998830795288086 157564 0
0.1417980194091797 0.02823328971862793 156954 0
0.13278746604919434 0.027461767196655273 155830 0
0.13573050498962402 0.027634620666503906 153972 0
0.13187241554260254 0.026490449905395508 149638 0
0.13385367393493652 0.02526068687438965 148982 0
0.13574719429016113 0.02765059471130371 144872 0
0.13303828239440918 0.024744749069213867 146578 0
0.13403820991516113 0.027089834213256836 146856 0
0.13111376762390137 0.024767398834228516 145632 0
0.13209247589111328 0.025777816772460938 145350 0
0.1393134593963623 0.02652263641357422 146008 0
0.1321418285369873 0.02676224708557129 145558 0
0.1420910358428955 0.027705669403076172 146072 0
0.13818073272705078 0.02632594108581543 147474 0
0.1414661407470703 0.030071020126342773 148322 0
0.13358092308044434 0.026177167892456055 149758 0
0.12916231155395508 0.02553868293762207 132396 0
0.1404411792755127 0.027547597885131836 150068 0
0.1357862949371338 0.027338266372680664 150662 0
0.13248658180236816 0.025749683380126953 147824 0
0.1412489414215088 0.027173280715942383 150186 0
0.1346592903137207 0.027039051055908203 149740 0
0.14034295082092285 0.025689363479614258 148944 0
0.1328110694885254 0.025647401809692383 151108 0
0.1413869857788086 0.02800917625427246 149768 0
0.12987661361694336 0.027444124221801758 148652 0
0.13303899765014648 0.02476644515991211 147324 0
0.1380910873413086 0.0252993106842041 146120 0
0.13367033004760742 0.02585887908935547 146406 0
0.13302016258239746 0.02517843246459961 148968 0
0.1325700283050537 0.027133464813232422 147854 0
0.1346876621246338 0.026310443878173828 148760 0
0.1347184181213379 0.027224063873291016 150334 0
0.13913655281066895 0.02706432342529297 149036 0
0.13956618309020996 0.027128219604492188 147672 0
0.14464020729064941 0.026127099990844727 148424 0
0.1349785327911377 0.026362180709838867 147302 0
0.1441960334777832 0.027808189392089844 147084 0
0.13291621208190918 0.02675175666809082 149184 0
0.13536930084228516 0.031546831130981445 147052 0
0.1372215747833252 0.026029586791992188 149002 0
0.14226841926574707 0.027172565460205078 147266 0
0.1419844627380371 0.026157855987548828 146520 0
0.13141369819641113 0.024611234664916992 145250 0
0.13363885879516602 0.027286529541015625 148170 0
0.14147162437438965 0.027478694915771484 149280 0
0.12976455688476562 0.025738000869750977 130926 0
0.1331169605255127 0.026042461395263672 148736 0
0.1399400234222412 0.026253223419189453 150406 0
0.13643169403076172 0.025769948959350586 144096 0
0.13614559173583984 0.02702641487121582 150800 0
0.1388401985168457 0.027366161346435547 150028 0
0.13831210136413574 0.02620220184326172 148450 0
0.13303112983703613 0.02656078338623047 150792 0
0.13253283500671387 0.027587175369262695 150114 0
0.13303852081298828 0.025934457778930664 149822 0
0.13303446769714355 0.02654552459716797 149908 0
0.13834095001220703 0.026801109313964844 148022 0
0.1419219970703125 0.02718949317932129 149684 0
0.1347362995147705 0.026729345321655273 147744 0
0.14506125450134277 0.026697397232055664 148536 0
0.1398775577545166 0.027254343032836914 149434 0
0.13805532455444336 0.025209426879882812 148998 0
0.13477325439453125 0.026529312133789062 150494 0
0.13277578353881836 0.025279521942138672 149170 0
0.13531136512756348 0.02521824836730957 149870 0
0.13544201850891113 0.025302410125732422 149644 0
0.1334819793701172 0.026403188705444336 148136 0
0.13255763053894043 0.026584625244140625 149472 0
0.13576745986938477 0.025600194931030273 148354 0
0.13532471656799316 0.026594161987304688 148734 0
0.1324019432067871 0.024946928024291992 149446 0
0.13056397438049316 0.026309728622436523 147940 0
0.13108539581298828 0.024905920028686523 144934 0
0.13314080238342285 0.025168418884277344 148786 0
0.13622570037841797 0.028061628341674805 149008 0
0.12966394424438477 0.025462627410888672 127788 0
0.13279151916503906 0.02642345428466797 144358 0
0.13403105735778809 0.026311397552490234 147752 0
0.13385224342346191 0.02472066879272461 141790 0
0.1333777904510498 0.02665114402770996 148974 0
0.1390538215637207 0.025494098663330078 150872 0
0.12987685203552246 0.02426457405090332 134974 0
0.1338825225830078 0.025417327880859375 127372 0
0.14056015014648438 0.026927471160888672 146860 0
0.14395546913146973 0.026338815689086914 148984 0
0.14087724685668945 0.025415658950805664 152082 0
0.1345212459564209 0.02902984619140625 151022 0
0.13465476036071777 0.026881694793701172 151566 0
0.13387036323547363 0.02505040168762207 152672 0
0.1399683952331543 0.025950193405151367 151016 0
0.1374051570892334 0.026313066482543945 149714 0
0.1346745491027832 0.02540731430053711 131312 0
0.13736653327941895 0.024375438690185547 130394 0
0.13867616653442383 0.026571035385131836 150730 0
0.13490676879882812 0.02755451202392578 152638 0
0.1383969783782959 0.02509593963623047 149266 0
0.13349342346191406 0.027396440505981445 148760 0
0.13338232040405273 0.025554895401000977 148760 0
0.13261055946350098 0.026680469512939453 149972 0
0.13366317749023438 0.025282621383666992 151276 0
0.13855838775634766 0.02706456184387207 152712 0
0.1378772258758545 0.028561830520629883 150028 0
0.14063572883605957 0.0276031494140625 149128 0
0.13310980796813965 0.025607824325561523 150780 0
0.13765358924865723 0.02869725227355957 151278 0
0.13550472259521484 0.02472972869873047 137656 0
0.13639020919799805 0.0252685546875 149244 0
0.1388258934020996 0.026739835739135742 147824 0
0.14001727104187012 0.02730536460876465 148524 0
0.13591623306274414 0.028287172317504883 149864 0
0.13547348976135254 0.027791500091552734 148668 0
0.13400840759277344 0.02679896354675293 148772 0
0.1344609260559082 0.025561094284057617 147302 0
0.13414812088012695 0.02587580680847168 148760 0
0.14075064659118652 0.026583194732666016 147466 0
0.1372842788696289 0.02489781379699707 146090 0
0.13582777976989746 0.025771617889404297 146188 0
0.13271427154541016 0.026343107223510742 146138 0
0.14169836044311523 0.025742053985595703 146894 0
0.1370224952697754 0.025819063186645508 145362 0
0.13139605522155762 0.026496410369873047 147832 0
0.1328589916229248 0.02534317970275879 148082 0
0.13534212112426758 0.025342941284179688 145204 0
0.14131975173950195 0.026741743087768555 143550 0
0.1338810920715332 0.025340557098388672 144358 0
0.13985776901245117 0.0279085636138916 142586 0
0.1310570240020752 0.02460002899169922 123308 0
0.13129758834838867 0.026144027709960938 138118 0
0.13559222221374512 0.025003910064697266 141800 0
0.13277125358581543 0.027067184448242188 144588 0
0.13316988945007324 0.026111364364624023 139914 0
0.13402819633483887 0.025249481201171875 142052 0
0.13397550582885742 0.03345084190368652 142578 0
0.13837766647338867 0.0258638858795166 137874 0
0.13916373252868652 0.026088714599609375 141058 0
0.13312602043151855 0.026212692260742188 142668 0
0.13582897186279297 0.02576279640197754 141846 0
0.13808703422546387 0.02530527114868164 141308 0
0.13931727409362793 0.027190208435058594 138882 0
0.1304476261138916 0.02631688117980957 139130 0
0.13217544555664062 0.024569272994995117 141094 0
0.13241887092590332 0.024281978607177734 142856 0
0.130690336227417 0.0243837833404541 140854 0
0.13276147842407227 0.0254361629486084 140648 0
0.1331803798675537 0.025715112686157227 141790 0
0.13799452781677246 0.025568723678588867 137560 0
0.13763046264648438 0.026111125946044922 140858 0
0.13565635681152344 0.024443864822387695 141826 0
0.1301891803741455 0.024329185485839844 141720 0
0.14051151275634766 0.026340246200561523 140780 0
0.1358628273010254 0.024713993072509766 142616 0
0.14005160331726074 0.026740550994873047 140932 0
0.132368803024292 0.024775266647338867 141488 0
0.1282517910003662 0.02890753746032715 133896 0
0.1335759162902832 0.025345325469970703 139878 0
0.13341188430786133 0.027339935302734375 136102 0
0.13051962852478027 0.024946212768554688 119404 0
0.13601350784301758 0.02463984489440918 135552 0
0.1376640796661377 0.026503801345825195 140016 0
0.13070464134216309 0.02472519874572754 142272 0
0.13290834426879883 0.0257718563079834 139786 0
0.13175010681152344 0.02460193634033203 140716 0
0.13264870643615723 0.02487492561340332 138226 0
0.13059282302856445 0.02390909194946289 136380 0
0.13104820251464844 0.023888826370239258 136864 0
0.13412928581237793 0.02619171142578125 142642 0
0.1306459903717041 0.02422809600830078 136640 0
0.1290748119354248 0.026025772094726562 140248 0
0.14279866218566895 0.024280786514282227 141588 0
0.13091349601745605 0.02566242218017578 136260 0
0.13458251953125 0.02548503875732422 138976 0
0.13660764694213867 0.02561020851135254 136456 0
0.13295888900756836 0.025141239166259766 135278 0
0.12950634956359863 0.0259246826171875 135474 0
0.13028311729431152 0.024110794067382812 136848 0
0.13723421096801758 0.02810835838317871 139528 0
0.13949871063232422 0.025214195251464844 136000 0
0.1328568458557129 0.024581432342529297 141296 0
0.13201212882995605 0.02471160888671875 139724 0
0.13327836990356445 0.024885892868041992 140234 0
0.13477683067321777 0.027460813522338867 140888 0
0.13268351554870605 0.026816844940185547 139244 0
0.13237738609313965 0.024672269821166992 140360 0
0.12992262840270996 0.02404952049255371 133656 0
0.13254857063293457 0.024338960647583008 134734 0
0.1331346035003662 0.025447368621826172 138252 0
0.1277153491973877 0.023530006408691406 117812 0
0.1302471160888672 0.024115800857543945 132914 0
0.13330793380737305 0.025424718856811523 135190 0
0.13968682289123535 0.024155855178833008 136024 0
0.12897849082946777 0.02362966537475586 131766 0
0.13695001602172852 0.026179075241088867 134826 0
0.1357121467590332 0.02541375160217285 136696 0
0.13432717323303223 0.024872779846191406 135864 0
0.1343693733215332 0.02568364143371582 139816 0
0.13327860832214355 0.025716543197631836 136092 0
0.12998104095458984 0.02454686164855957 138256 0
0.13420772552490234 0.027205467224121094 138536 0
0.1309800148010254 0.024234771728515625 134266 0
0.1356029510498047 0.024105548858642578 133566 0
0.13647818565368652 0.027471065521240234 134126 0
0.13538837432861328 0.0243990421295166 138160 0
0.13627099990844727 0.02403569221496582 130030 0
0.12891578674316406 0.024173736572265625 126750 0
0.1307220458984375 0.026606321334838867 131940 0
0.1359100341796875 0.02564239501953125 132402 0
0.13201522827148438 0.025120258331298828 132086 0
0.12969970703125 0.0261838436126709 133868 0
0.1296079158782959 0.024566173553466797 134396 0
0.13303089141845703 0.02313709259033203 134770 0
0.13797879219055176 0.02635788917541504 135136 0
0.1338059902191162 0.025414705276489258 134092 0
0.1380140781402588 0.02704596519470215 128786 0
0.1285860538482666 0.02667546272277832 125104 0
0.13088393211364746 0.023976802825927734 126998 0
0.1304023265838623 0.02332305908203125 124492 0
0.13160157203674316 0.023959875106811523 112292 0
0.13073015213012695 0.024119138717651367 126358 0
0.12982511520385742 0.024489879608154297 125610 0
0.12942886352539062 0.02466583251953125 126426 0
0.12851238250732422 0.02643132209777832 123532 0
0.12737488746643066 0.023283958435058594 125234 0
0.12729454040527344 0.0250089168548584 132020 0
0.12828707695007324 0.023459434509277344 127092 0
0.12934041023254395 0.02593398094177246 127420 0
0.13086152076721191 0.024235963821411133 129302 0
0.1267843246459961 0.024422168731689453 123594 0
0.1288447380065918 0.023482084274291992 122874 0
0.12549328804016113 0.02334308624267578 123050 0
0.1283257007598877 0.024807453155517578 122744 0
0.1298680305480957 0.023368120193481445 121794 0
0.13142061233520508 0.02515578269958496 123224 0
0.13361811637878418 0.024011850357055664 124002 0
0.13575077056884766 0.02457141876220703 126636 0
0.12728023529052734 0.026155710220336914 129682 0
0.1294419765472412 0.023314237594604492 123834 0
0.12709379196166992 0.023977279663085938 124632 0
0.1277472972869873 0.02542877197265625 126020 0
0.12734079360961914 0.02404618263244629 124660 0
0.13087821006774902 0.024283170700073242 124724 0
0.12817049026489258 0.023454904556274414 123868 0
0.12814807891845703 0.023372411727905273 123320 0
0.1275930404663086 0.023476362228393555 122414 0
0.12820649147033691 0.024461984634399414 118940 0
0.12558722496032715 0.024475574493408203 121684 0
0.12616777420043945 0.023839473724365234 120884 0
0.13002419471740723 0.023775100708007812 107254 0
0.13228559494018555 0.02328181266784668 121058 0
0.12996745109558105 0.023717641830444336 123212 0
0.12616705894470215 0.02518296241760254 124764 0
0.13506412506103516 0.031042814254760742 122226 0
0.12854385375976562 0.023589134216308594 124420 0
0.12840676307678223 0.024422168731689453 123386 0
0.12642359733581543 0.024503231048583984 122972 0
0.1290268898010254 0.023553848266601562 130560 0
0.1319293975830078 0.024674415588378906 129168 0
0.12601208686828613 0.022619962692260742 110016 0
0.12795519828796387 0.02375936508178711 126146 0
0.1289374828338623 0.025131940841674805 130566 0
0.13090085983276367 0.023751020431518555 128614 0
0.1350994110107422 0.027211666107177734 127672 0
0.12815213203430176 0.024260759353637695 129808 0
0.13020038604736328 0.024503469467163086 130130 0
0.1322495937347412 0.02394700050354004 131324 0
0.1273670196533203 0.02506875991821289 132486 0
0.13785815238952637 0.025554418563842773 129044 0
0.13109660148620605 0.02514028549194336 131558 0
0.13701224327087402 0.025953292846679688 128518 0
0.1330125331878662 0.026198625564575195 131128 0
0.12852072715759277 0.023743867874145508 132538 0
0.1321108341217041 0.024334430694580078 132710 0
0.1333637237548828 0.025916576385498047 130570 0
0.13129448890686035 0.0233156681060791 123964 0
0.12792730331420898 0.023592233657836914 124092 0
0.13493061065673828 0.02480912208557129 133046 0
0.13067960739135742 0.024915456771850586 132648 0
0.13092255592346191 0.024230480194091797 134178 0
0.13352346420288086 0.024376869201660156 133846 0
0.12828993797302246 0.02708578109741211 128462 0
0.13008356094360352 0.025866270065307617 131864 0
0.13215160369873047 0.02636885643005371 132466 0
0.12984728813171387 0.02414727210998535 132330 0
0.12837529182434082 0.023723602294921875 128628 0
0.1279134750366211 0.025635719299316406 131088 0
0.13924002647399902 0.026812076568603516 131386 0
0.1302204132080078 0.023328542709350586 129920 0
0.13751459121704102 0.025850296020507812 132892 0
0.13008356094360352 0.024210691452026367 131178 0
0.12884855270385742 0.024811744689941406 131884 0
0.13675236701965332 0.025883197784423828 131618 0
0.12980341911315918 0.023069381713867188 130558 0
0.13335514068603516 0.02629256248474121 130582 0
0.13134551048278809 0.02406001091003418 122800 0
0.13527512550354004 0.02573537826538086 129430 0
0.13018393516540527 0.023779630661010742 128332 0
0.12606287002563477 0.022049903869628906 111574 0
0.1300973892211914 0.023859500885009766 129398 0
0.1302812099456787 0.02481245994567871 129744 0
0.1311798095703125 0.024220943450927734 130716 0
0.13222622871398926 0.02473282814025879 127976 0
0.12923264503479004 0.023931264877319336 128610 0
0.13852310180664062 0.027287721633911133 134300 0
0.13546419143676758 0.024214744567871094 133506 0
0.1315765380859375 0.02547287940979004 133880 0
0.13051319122314453 0.02418208122253418 134256 0
0.13077569007873535 0.02579021453857422 132252 0
0.1294574737548828 0.024182796478271484 132714 0
0.12942266464233398 0.023824691772460938 131100 0
0.12915539741516113 0.02548503875732422 131204 0
0.13547468185424805 0.02488994598388672 131866 0
0.1315906047821045 0.02450847625732422 131540 0
0.13414573669433594 0.02544379234313965 131058 0
0.13550448417663574 0.025197267532348633 133026 0
0.13182377815246582 0.02635049819946289 135372 0
0.129624605178833 0.02387547492980957 132508 0
0.13714194297790527 0.025961875915527344 133838 0
0.13295269012451172 0.025751829147338867 133796 0
0.13123202323913574 0.026049137115478516 132666 0
0.13123750686645508 0.02415323257446289 131810 0
0.13213539123535156 0.025615215301513672 134092 0
0.13465547561645508 0.027431249618530273 154756 0
0.13766717910766602 0.025908946990966797 159760 0
0.14772510528564453 0.028329133987426758 160676 0
0.13572216033935547 0.028484106063842773 161802 0
0.13629889488220215 0.026462316513061523 160910 0
0.13670873641967773 0.0265350341796875 160456 0
0.14596176147460938 0.027703046798706055 161886 0
0.14080095291137695 0.027807235717773438 159856 0
0.13793253898620605 0.027692079544067383 161498 0
0.13705658912658691 0.028529882431030273 160960 0
0.1352682113647461 0.03062748908996582 158040 0
0.13703227043151855 0.027211666107177734 161666 0
0.13893842697143555 0.02866840362548828 161356 0
0.14362025260925293 0.02839970588684082 160708 0
0.14105629920959473 0.027736663818359375 161274 0
0.13745689392089844 0.028241634368896484 161794 0
0.14523100852966309 0.027240514755249023 162584 0
0.1342606544494629 0.026403427124023438 160372 0
0.1382923126220703 0.027077674865722656 152506 0
0.13596653938293457 0.026406526565551758 161540 0
0.13739871978759766 0.02821493148803711 161248 0
0.13782811164855957 0.027309894561767578 162360 0
0.13689160346984863 0.02697300910949707 163170 0
0.14350318908691406 0.027395248413085938 161502 0
0.1425023078918457 0.02765202522277832 164528 0
0.1451892852783203 0.029711484909057617 162600 0
0.13777589797973633 0.0289764404296875 164198 0
0.1363999843597412 0.027410507202148438 163662 0
0.1336352825164795 0.026132822036743164 149070 0
0.13535809516906738 0.027347803115844727 162836 0
0.1381237506866455 0.02826070785522461 163544 0
0.13731956481933594 0.027582645416259766 163906 0
0.137315034866333 0.027760028839111328 164700 0
0.13739562034606934 0.029128551483154297 170616 0
0.1360914707183838 0.028476715087890625 170036 0
0.1430346965789795 0.026575803756713867 167800 0
0.13866019248962402 0.02937030792236328 170492 0
0.14308691024780273 0.02884197235107422 166852 0
0.14489436149597168 0.02869105339050293 161992 0
0.14076590538024902 0.026575088500976562 167750 0
0.13790202140808105 0.027774333953857422 164388 0
0.1456587314605713 0.0288388729095459 165480 0
0.13711166381835938 0.027838706970214844 167440 0
0.13708949089050293 0.03351092338562012 166360 0
0.14036083221435547 0.029065608978271484 166120 0
0.13834547996520996 0.02925419807434082 172274 0
0.1421985626220703 0.028223276138305664 167814 0
0.14902472496032715 0.026815176010131836 171816 0
0.13770723342895508 0.02901768684387207 159394 0
0.13703632354736328 0.028249025344848633 171924 0
0.1398160457611084 0.028206825256347656 167348 0
0.1467885971069336 0.027499914169311523 169260 0
0.13561129570007324 0.02749490737915039 167726 0
0.14505887031555176 0.027759552001953125 171962 0
0.13623428344726562 0.02762746810913086 169592 0
0.1455836296081543 0.028798341751098633 165254 0
0.13871145248413086 0.029311656951904297 172774 0
0.14178752899169922 0.027436017990112305 175096 0
0.13545751571655273 0.026883840560913086 150592 0
0.13863110542297363 0.02772068977355957 168022 0
0.140183687210083 0.02711772918701172 165912 0
0.1355116367340088 0.027689456939697266 164194 0
0.14134502410888672 0.028856515884399414 174032 0
0.13795185089111328 0.026856422424316406 175718 0
0.14220952987670898 0.028347015380859375 166236 0
0.13749384880065918 0.028688430786132812 176078 0
0.13759446144104004 0.026981353759765625 175058 0
0.14331960678100586 0.029128551483154297 175250 0
0.14290738105773926 0.028957605361938477 175526 0
0.14383530616760254 0.02663111686706543 174010 0
0.14142513275146484 0.0288851261138916 166778 0
0.13987946510314941 0.02758026123046875 173688 0
0.14611005783081055 0.028249263763427734 175712 0
0.13874578475952148 0.03051137924194336 174342 0
0.14254999160766602 0.027164697647094727 173924 0
0.13881659507751465 0.028890371322631836 173244 0
0.1413440704345703 0.0285036563873291 174574 0
0.14225506782531738 0.02804732322692871 174360 0
0.1421971321105957 0.027448415756225586 161484 0
0.13826537132263184 0.02815413475036621 172020 0
0.13915324211120605 0.029979228973388672 172992 0
0.1416945457458496 0.0267486572265625 173058 0
0.13948416709899902 0.027478694915771484 168268 0
0.13737201690673828 0.028183937072753906 168218 0
0.1384284496307373 0.030139446258544922 167026 0
0.14625811576843262 0.029299259185791016 162354 0
0.14278411865234375 0.027350902557373047 169466 0
0.1372206211090088 0.026474952697753906 169424 0
0.13431048393249512 0.024397850036621094 145596 0
0.13874411582946777 0.0269777774810791 164152 0
0.13695764541625977 0.02826547622680664 158412 0
0.14214038848876953 0.026792526245117188 157860 0
0.14514541625976562 0.027744531631469727 160904 0
0.1415271759033203 0.028786897659301758 163290 0
0.13870859146118164 0.02897953987121582 161130 0
0.1401042938232422 0.027921438217163086 164142 0
0.14053869247436523 0.026988506317138672 163146 0
0.1371603012084961 0.02702188491821289 161912 0
0.14333629608154297 0.026900291442871094 159630 0
0.13599824905395508 0.027138948440551758 160398 0
0.13653039932250977 0.02701735496520996 152312 0
0.13678526878356934 0.02624368667602539 158896 0
0.1361377239227295 0.027260780334472656 158648 0
0.1474742889404297 0.0265653133392334 157462 0
0.13689279556274414 0.02739882469177246 157282 0
0.13943719863891602 0.028004884719848633 157944 0
0.13541746139526367 0.02621936798095703 157986 0
0.13941478729248047 0.026922941207885742 157382 0
0.13314461708068848 0.026731491088867188 151660 0
0.13706731796264648 0.030495643615722656 156708 0
0.13421368598937988 0.025797128677368164 160180 0
0.13985276222229004 0.02768397331237793 160096 0
0.13563108444213867 0.02562999725341797 160350 0
0.13574957847595215 0.026297569274902344 161002 0
0.14472317695617676 0.028472185134887695 159174 0
0.13555407524108887 0.02571702003479004 154830 0
0.13689780235290527 0.027517318725585938 156666 0
0.13705968856811523 0.027934551239013672 157222 0
0.13225340843200684 0.023996353149414062 139476 0
0.13786959648132324 0.027062654495239258 155790 0
0.14043974876403809 0.028822898864746094 152254 0
0.13311481475830078 0.025149106979370117 152824 0
0.1323411464691162 0.0268247127532959 155864 0
0.13465428352355957 0.02800750732421875 155458 0
0.1408989429473877 0.02783370018005371 154456 0
0.14061617851257324 0.026016712188720703 158234 0
0.1367490291595459 0.027017831802368164 159386 0
0.14246845245361328 0.028900146484375 158688 0
0.14703011512756348 0.02689075469970703 158570 0
0.13802409172058105 0.026599407196044922 160060 0
0.13755178451538086 0.026592016220092773 152210 0
0.13539958000183105 0.02596592903137207 159196 0
0.13679146766662598 0.027725696563720703 158882 0
0.13746023178100586 0.027670860290527344 158768 0
0.13352227210998535 0.02928614616394043 159144 0
0.1378614902496338 0.02781367301940918 159128 0
0.14248037338256836 0.02974224090576172 157262 0
0.1336820125579834 0.028037309646606445 159358 0
0.13393187522888184 0.0255892276763916 150418 0
0.13464856147766113 0.027353525161743164 156246 0
0.13434505462646484 0.025552988052368164 158232 0
0.1341254711151123 0.02732706069946289 156762 0
0.14592814445495605 0.026669025421142578 156532 0
0.13615846633911133 0.02902674674987793 156820 0
0.14106035232543945 0.027813196182250977 155782 0
0.13477015495300293 0.026557445526123047 153568 0
0.14222383499145508 0.026964187622070312 156956 0
0.13501811027526855 0.02783513069152832 156912 0
0.13972806930541992 0.025085926055908203 137580 0
0.13407158851623535 0.02543020248413086 153702 0
0.13351011276245117 0.02674722671508789 148340 0
0.13400864601135254 0.026876449584960938 150608 0
0.13601994514465332 0.02588176727294922 154484 0
0.1340939998626709 0.0256197452545166 156172 0
0.13642191886901855 0.02802753448486328 153760 0
0.14042997360229492 0.028633594512939453 157714 0
0.13568902015686035 0.02781963348388672 158242 0
0.14056634902954102 0.027798175811767578 155974 0
0.13512420654296875 0.025790691375732422 156838 0
0.13563084602355957 0.02657175064086914 156322 0
0.13164091110229492 0.025015592575073242 148766 0
0.13778042793273926 0.02714061737060547 156754 0
0.13584256172180176 0.02784252166748047 157938 0
0.13858723640441895 0.031230449676513672 157398 0
0.13762569427490234 0.028167724609375 156962 0
0.135756254196167 0.028671979904174805 156440 0
0.13898038864135742 0.027314186096191406 156138 0
0.13788223266601562 0.027924060821533203 157116 0
0.13283848762512207 0.024732589721679688 146058 0
0.13327622413635254 0.02692580223083496 156338 0
0.13684630393981934 0.02623772621154785 156702 0
0.1393423080444336 0.028371334075927734 157776 0
0.14550280570983887 0.02637791633605957 156430 0
0.13567686080932617 0.02775263786315918 157356 0
0.1419200897216797 0.028891801834106445 155934 0
0.13765954971313477 0.026772499084472656 150936 0
0.13426685333251953 0.027331113815307617 154990 0
0.1335904598236084 0.02563929557800293 155386 0
0.1298229694366455 0.024944543838500977 140100 0
0.14006280899047852 0.02569103240966797 154830 0
0.13284993171691895 0.024929523468017578 146234 0
0.1333026885986328 0.024938106536865234 154708 0
0.1366117000579834 0.02832794189453125 155508 0
0.134735107421875 0.027300119400024414 158272 0
0.13648271560668945 0.028192758560180664 154774 0
0.13272380828857422 0.026943206787109375 158150 0
0.13881182670593262 0.026690959930419922 158712 0
0.13823533058166504 0.02827763557434082 158236 0
0.13751912117004395 0.02633953094482422 157852 0
0.13431000709533691 0.0260317325592041 155994 0
0.13261175155639648 0.024994373321533203 149764 0
0.13523173332214355 0.0271148681640625 156800 0
0.1417844295501709 0.02659296989440918 157938 0
0.13800597190856934 0.02857065200805664 158662 0
0.13537287712097168 0.025584697723388672 157260 0
0.14312982559204102 0.026424884796142578 157440 0
0.13346338272094727 0.02611827850341797 157834 0
0.13657641410827637 0.026792287826538086 156474 0
0.13445067405700684 0.025603055953979492 150128 0
0.1354684829711914 0.026902198791503906 155486 0
0.13673853874206543 0.02758169174194336 166782 0
0.14702677726745605 0.027464628219604492 166604 0
0.14391064643859863 0.02904200553894043 166618 0
0.1455855369567871 0.028277873992919922 167866 0
0.14610838890075684 0.0276486873626709 168442 0
0.14769339561462402 0.02700519561767578 166722 0
0.13773369789123535 0.027055025100708008 168298 0
0.13799166679382324 0.028159379959106445 166224 0
0.1436161994934082 0.027924299240112305 165158 0
0.13721990585327148 0.02810811996459961 166684 0
0.1380598545074463 0.027701139450073242 164732 0
0.14351391792297363 0.026778459548950195 164230 0
0.13972854614257812 0.02758026123046875 166122 0
0.1422867774963379 0.02676248550415039 166478 0
0.14125990867614746 0.028577566146850586 167476 0
0.14022183418273926 0.02783346176147461 167768 0
0.13734912872314453 0.027934551239013672 167510 0
0.141998291015625 0.02700328826904297 167560 0
0.13788270950317383 0.026928424835205078 167848 0
0.1418755054473877 0.0276339054107666 165952 0
0.14243483543395996 0.02764439582824707 165588 0
0.13853740692138672 0.029671907424926758 163778 0
0.14165639877319336 0.02707982063293457 164984 0
0.1394484043121338 0.02995133399963379 163952 0
0.13672852516174316 0.028899192810058594 165758 0
0.14040517807006836 0.026819229125976562 165770 0
0.14531612396240234 0.02804255485534668 164692 0
0.14264392852783203 0.027373552322387695 166984 0
0.14031147956848145 0.028804302215576172 166858 0
0.14024829864501953 0.029068708419799805 166180 0
0.14017057418823242 0.027849912643432617 165870 0
0.13936471939086914 0.028805255889892578 167340 0
0.14637184143066406 0.027620315551757812 165456 0
0.13695621490478516 0.028486013412475586 165444 0
0.1423799991607666 0.028161287307739258 163578 0
0.1394331455230713 0.02657175064086914 164404 0
0.1377263069152832 0.026680946350097656 164420 0
0.14101362228393555 0.02811574935913086 166134 0
0.141221284866333 0.02733135223388672 166500 0
0.13929247856140137 0.02759528160095215 164570 0
0.1376323699951172 0.02806878089904785 164774 0
0.13891172409057617 0.027391433715820312 163618 0
0.14204788208007812 0.028201818466186523 164946 0
0.14002227783203125 0.02619004249572754 164254 0
0.1387641429901123 0.027483701705932617 164278 0
0.1468489170074463 0.02788567543029785 164494 0
0.13500022888183594 0.026684284210205078 162642 0
0.1379380226135254 0.027965545654296875 164664 0
0.1366889476776123 0.026310443878173828 165836 0
0.13995075225830078 0.028035640716552734 164664 0
0.14289069175720215 0.025969505310058594 164910 0
0.1345992088317871 0.028417348861694336 163970 0
0.142242431640625 0.026833295822143555 162998 0
0.13747143745422363 0.0291290283203125 163928 0
0.1421828269958496 0.026383161544799805 162862 0
0.13693571090698242 0.025478363037109375 162668 0
0.1396188735961914 0.02853989601135254 162616 0
0.13662433624267578 0.026172876358032227 162890 0
0.14484143257141113 0.030736446380615234 164026 0
0.13723969459533691 0.02693009376525879 164054 0
0.13501930236816406 0.026238203048706055 163278 0
0.13756561279296875 0.02578449249267578 164824 0
0.13485193252563477 0.025954246520996094 164248 0
0.14069151878356934 0.028875112533569336 165326 0
0.14531183242797852 0.02745532989501953 165752 0
0.13584280014038086 0.026909828186035156 165526 0
0.13905596733093262 0.026192903518676758 166148 0
0.14000201225280762 0.02766251564025879 166490 0
0.13897156715393066 0.02927231788635254 165600 0
0.13918375968933105 0.0286862850189209 165430 0
0.13594269752502441 0.027515888214111328 164500 0
0.13939690589904785 0.02814793586730957 164886 0
0.13396334648132324 0.026937246322631836 161132 0
0.13666629791259766 0.027135133743286133 167632 0
0.1430046558380127 0.027423858642578125 166842 0
0.13530707359313965 0.028119325637817383 165930 0
0.1405501365661621 0.026175737380981445 166758 0
0.13597369194030762 0.028488874435424805 169384 0
0.13706302642822266 0.02808666229248047 168206 0
0.14833879470825195 0.028199195861816406 169722 0
0.1431269645690918 0.026502609252929688 169124 0
0.141984224319458 0.026625871658325195 169170 0
0.13634252548217773 0.02597951889038086 156214 0
0.13821792602539062 0.028409719467163086 155180 0
0.14055490493774414 0.028234004974365234 164164 0
0.14473390579223633 0.027795076370239258 170552 0
0.14176225662231445 0.02855658531188965 160876 0
0.1381852626800537 0.029608726501464844 165534 0
0.13538861274719238 0.02806997299194336 157560 0
0.13657355308532715 0.0279843807220459 159060 0
0.13626766204833984 0.026599407196044922 158902 0
0.13997316360473633 0.030096054077148438 162686 0
0.13492035865783691 0.027063369750976562 162924 0
0.13754820823669434 0.02716684341430664 162072 0
0.13569974899291992 0.028269052505493164 164126 0
0.1392679214477539 0.027479887008666992 163406 0
0.13501286506652832 0.0266571044921875 154324 0
0.13954424858093262 0.028231143951416016 166894 0
0.14366507530212402 0.028675317764282227 164266 0
0.13713622093200684 0.026778697967529297 163076 0
0.14558005332946777 0.025995969772338867 167650 0
0.13812780380249023 0.02809453010559082 168448 0
0.13498544692993164 0.02596449851989746 157130 0
0.1475825309753418 0.02758026123046875 169496 0
0.13744306564331055 0.026587486267089844 169926 0
0.1476743221282959 0.028728246688842773 171014 0
0.13989734649658203 0.028397798538208008 168772 0
0.14068961143493652 0.028925180435180664 172342 0
0.13942718505859375 0.027207374572753906 171396 0
0.1390542984008789 0.028782129287719727 174954 0
0.1421802043914795 0.027576923370361328 168822 0
0.14227700233459473 0.029323101043701172 175546 0
0.13948345184326172 0.028087854385375977 177216 0
0.14472055435180664 0.029237031936645508 175994 0
0.14176297187805176 0.029940366744995117 174998 0
0.14163494110107422 0.026726961135864258 171378 0
0.14223194122314453 0.027817726135253906 168828 0
0.13764166831970215 0.02802729606628418 171194 0
0.14280986785888672 0.02712273597717285 170666 0
0.1396317481994629 0.030620098114013672 168340 0
0.14671730995178223 0.0297548770904541 168380 0
0.1381211280822754 0.027640342712402344 170780 0
0.14095330238342285 0.029703378677368164 170260 0
0.13793373107910156 0.027546167373657227 168314 0
0.14077377319335938 0.03000807762145996 174854 0
0.13851308822631836 0.028430700302124023 173062 0
0.14571928977966309 0.027047157287597656 161850 0
0.14702224731445312 0.028194904327392578 171628 0
0.1445937156677246 0.028775691986083984 167010 0
0.1381685733795166 0.027706384658813477 167044 0
0.14067435264587402 0.027993440628051758 171706 0
0.13894438743591309 0.0296022891998291 175804 0
0.1355295181274414 0.026630878448486328 163426 0
0.14017796516418457 0.027042865753173828 172792 0
0.14083003997802734 0.029108047485351562 171108 0
0.13891220092773438 0.028384685516357422 173026 0
0.14416956901550293 0.028415441513061523 170738 0
0.1410512924194336 0.029259204864501953 171134 0
0.13878917694091797 0.02703380584716797 170730 0
0.14762425422668457 0.028764009475708008 170916 0
0.14822602272033691 0.02777242660522461 176628 0
0.1393146514892578 0.028337717056274414 178180 0
0.1395854949951172 0.02794957160949707 173404 0
0.14356422424316406 0.029799699783325195 177608 0
0.14127588272094727 0.027499914169311523 177308 0
0.14351439476013184 0.029520273208618164 178192 0
0.14464521408081055 0.028659582138061523 172640 0
0.13930606842041016 0.0293426513671875 172772 0
0.1390855312347412 0.029238462448120117 171882 0
0.14460301399230957 0.027966737747192383 170648 0
0.14228248596191406 0.02827739715576172 173490 0
0.14345884323120117 0.028478145599365234 173624 0
0.13848042488098145 0.029097795486450195 176794 0
0.13904404640197754 0.02790522575378418 169612 0
0.13890576362609863 0.026757478713989258 177214 0
0.14476442337036133 0.02693653106689453 177626 0
0.1454153060913086 0.027525901794433594 165658 0
0.14188528060913086 0.029124021530151367 178366 0
0.14275145530700684 0.027316808700561523 177856 0
0.14039969444274902 0.027710676193237305 174362 0
0.13970255851745605 0.028641462326049805 179178 0
0.14152860641479492 0.0289919376373291 179678 0
0.13909387588500977 0.028987646102905273 171562 0
0.13992738723754883 0.029270648956298828 180232 0
0.14180874824523926 0.026943683624267578 177990 0
0.14732670783996582 0.026993274688720703 179516 0
0.1391901969909668 0.027759790420532227 177994 0
0.13819241523742676 0.026391267776489258 171644 0
0.13645219802856445 0.027955055236816406 171820 0
0.14587926864624023 0.02682352066040039 169500 0
0.13674569129943848 0.028258800506591797 169840 0
0.14085078239440918 0.02714085578918457 171108 0
0.13828778266906738 0.027515888214111328 169992 0
0.1393435001373291 0.028667926788330078 170784 0
0.13747382164001465 0.027509212493896484 170136 0
0.1372079849243164 0.025879859924316406 168010 0
0.13569116592407227 0.02825188636779785 167076 0
0.13820219039916992 0.029181241989135742 166722 0
0.138350248336792 0.02850031852722168 169056 0
0.13871216773986816 0.027833938598632812 168978 0
0.13699102401733398 0.026559829711914062 170232 0
0.14622855186462402 0.028799772262573242 167584 0
0.1397707462310791 0.028364181518554688 166288 0
0.14086174964904785 0.02662181854248047 167336 0
0.14532876014709473 0.027538299560546875 167678 0
0.14087319374084473 0.028070688247680664 166942 0
0.14906072616577148 0.028200864791870117 167198 0
0.13805818557739258 0.027827978134155273 165870 0
0.13970112800598145 0.027872323989868164 166382 0
0.13955998420715332 0.028244733810424805 166420 0
0.1475985050201416 0.028071880340576172 168068 0
0.1384286880493164 0.029932022094726562 167216 0
0.1426374912261963 0.027968645095825195 167834 0
0.14316940307617188 0.028275251388549805 166854 0
0.13804912567138672 0.028833389282226562 166582 0
0.13933777809143066 0.02665996551513672 166834 0
