0.46109771728515625 0.16088128089904785 26660 0
0.4783954620361328 0.1594994068145752 26473 0
0.4656648635864258 0.17683005332946777 27551 0
0.48049402236938477 0.1517322063446045 27076 0
0.4569435119628906 0.20550107955932617 28186 0
0.46152496337890625 0.14054250717163086 29577 0
0.4799313545227051 0.1313190460205078 29415 0
0.44669294357299805 0.14119362831115723 28463 0
0.45210862159729004 0.13236260414123535 28517 0
0.485184907913208 0.17877745628356934 28718 0
0.460068941116333 0.2088611125946045 27104 0
0.4444448947906494 0.20015263557434082 26196 0
0.4798269271850586 0.12398743629455566 28449 0
0.4533236026763916 0.16187548637390137 27303 0
0.45447397232055664 0.13791275024414062 20730 0
0.48824405670166016 0.13383030891418457 27230 0
0.44645261764526367 0.17249608039855957 26047 0
0.4588942527770996 0.15102624893188477 25084 0
0.4511444568634033 0.14232993125915527 23580 0
0.4547569751739502 0.19629144668579102 26114 0
0.4544796943664551 0.171828031539917 26152 0
0.4633808135986328 0.14808392524719238 24854 0
0.4618947505950928 0.1755359172821045 26783 0
0.4715554714202881 0.1348886489868164 27995 0
0.4777200222015381 0.13703441619873047 28152 0
0.44455933570861816 0.1462383270263672 27374 0
0.44901180267333984 0.17212438583374023 24152 0
0.4539031982421875 0.13847923278808594 26949 0
0.4553391933441162 0.12523412704467773 27554 0
0.45204949378967285 0.21945714950561523 24894 0
0.4639160633087158 0.16410303115844727 27217 0
0.4461214542388916 0.18695425987243652 27590 0
0.46823883056640625 0.1902909278869629 26321 0
0.4518911838531494 0.14851045608520508 26988 0
0.45098161697387695 0.1421647071838379 25009 0
0.46828699111938477 0.15042495727539062 28949 0
0.45399022102355957 0.15572500228881836 31046 0
0.44355225563049316 0.13878154754638672 29604 0
0.47162508964538574 0.15022659301757812 30513 0
0.4358541965484619 0.13012313842773438 27952 0
0.4321751594543457 0.13865137100219727 25447 0
0.45623779296875 0.1793978214263916 26090 0
0.45604801177978516 0.14669179916381836 29161 0
0.4538605213165283 0.2185530662536621 28734 0
0.488278865814209 0.19259858131408691 23274 0
0.45007967948913574 0.19100546836853027 28040 0
0.45879650115966797 0.1661679744720459 28968 0
0.4520289897918701 0.14112520217895508 27667 0
0.44376134872436523 0.1480579376220703 29140 0
0.4464867115020752 0.1519773006439209 28396 0
0.47085070610046387 0.15270423889160156 28246 0
0.4761323928833008 0.17975378036499023 29045 0
0.4247581958770752 0.15812993049621582 28491 0
0.4788401126861572 0.1409015655517578 28681 0
0.45747971534729004 0.1885230541229248 29370 0
0.458219051361084 0.14274239540100098 28647 0
0.44702887535095215 0.14985394477844238 29096 0
0.456057071685791 0.1334214210510254 29741 0
0.4560668468475342 0.20786666870117188 29403 0
0.4659876823425293 0.18129873275756836 28872 0
0.47820019721984863 0.15441179275512695 27997 0
0.4798908233642578 0.1617436408996582 28221 0
0.46224331855773926 0.18661856651306152 27814 0
0.455289363861084 0.15232539176940918 27403 0
0.46416449546813965 0.17362308502197266 26635 0
0.4568495750427246 0.13205909729003906 27374 0
0.44249820709228516 0.1751408576965332 28360 0
0.45194244384765625 0.22357487678527832 28013 0
0.4408392906188965 0.1528322696685791 27286 0
0.484874963760376 0.18326020240783691 27465 0
0.42202091217041016 0.13593149185180664 26902 0
0.452589750289917 0.20741748809814453 25730 0
0.45082783699035645 0.16776180267333984 27645 0
0.4396998882293701 0.14898109436035156 26819 0
0.4756276607513428 0.18381857872009277 21008 0
0.4726428985595703 0.13851070404052734 27268 0
0.4770824909210205 0.14684534072875977 26734 0
0.4600229263305664 0.17522692680358887 25277 0
0.4714953899383545 0.14585113525390625 26388 0
0.4670248031616211 0.19558501243591309 25900 0
0.4775974750518799 0.1651451587677002 27122 0
0.4498250484466553 0.19364285469055176 27840 0
0.44908952713012695 0.1962580680847168 27035 0
0.45112085342407227 0.14646553993225098 26743 0
0.4589409828186035 0.13913440704345703 28605 0
0.46675562858581543 0.1419517993927002 28328 0
0.4497189521789551 0.14132452011108398 26086 0
0.49068617820739746 0.1664721965789795 28515 0
0.44995951652526855 0.13811182975769043 27734 0
0.4192807674407959 0.1627054214477539 28932 0
0.4517686367034912 0.15999221801757812 28494 0
0.46108531951904297 0.13480162620544434 28082 0
0.45024967193603516 0.15806794166564941 27662 0
0.4792137145996094 0.1839747428894043 26546 0
0.4790027141571045 0.13799595832824707 27516 0
0.476123571395874 0.18428492546081543 28014 0
0.44652867317199707 0.16635465621948242 21071 0
0.4445967674255371 0.1550891399383545 27995 0
0.45555830001831055 0.14713335037231445 28152 0
0.45394277572631836 0.17076921463012695 25754 0
0.4466540813446045 0.21144604682922363 26984 0
0.4603593349456787 0.14269733428955078 26842 0
0.45220446586608887 0.1928691864013672 27934 0
0.4666409492492676 0.19182300567626953 29409 0
0.46492671966552734 0.13509869575500488 28582 0
0.4575345516204834 0.17283368110656738 28508 0
0.4589195251464844 0.13446354866027832 29557 0
0.4447140693664551 0.17386698722839355 30251 0
0.46968674659729004 0.12517380714416504 30089 0
0.45150184631347656 0.18139243125915527 29270 0
0.4504218101501465 0.14961886405944824 28608 0
0.4574284553527832 0.1339864730834961 28142 0
0.4513857364654541 0.19211030006408691 29049 0
0.46153783798217773 0.1375288963317871 29012 0
0.4680919647216797 0.12975573539733887 28047 0
0.4776339530944824 0.15085148811340332 29053 0
0.4706916809082031 0.14497828483581543 24229 0
0.44596242904663086 0.1515514850616455 29232 0
0.4708693027496338 0.16689610481262207 29022 0
0.4356956481933594 0.13819217681884766 29095 0
0.4491243362426758 0.19345664978027344 27939 0
0.4749460220336914 0.13395953178405762 28805 0
0.4522123336791992 0.13904476165771484 28419 0
0.46126484870910645 0.12939023971557617 26976 0
0.47273731231689453 0.1373918056488037 28293 0
0.47651028633117676 0.14058136940002441 28438 0
0.44135117530822754 0.13677430152893066 21493 0
0.4497058391571045 0.14510512351989746 27077 0
0.45172977447509766 0.16901302337646484 22937 0
0.4567906856536865 0.1666243076324463 23995 0
0.47301435470581055 0.14595770835876465 25760 0
0.45990943908691406 0.13132619857788086 25345 0
0.47106194496154785 0.14275813102722168 24404 0
0.4540407657623291 0.1334073543548584 26703 0
0.4617946147918701 0.14284658432006836 26721 0
0.4558231830596924 0.14819121360778809 27790 0
0.4452815055847168 0.20180630683898926 27472 0
0.4398324489593506 0.19902563095092773 27806 0
0.45716166496276855 0.17020273208618164 27127 0
0.45620083808898926 0.19545602798461914 27710 0
0.4616432189941406 0.12617993354797363 28598 0
0.4556899070739746 0.19388079643249512 29131 0
0.46109795570373535 0.18576812744140625 28240 0
0.45345592498779297 0.14830970764160156 28402 0
0.45661091804504395 0.1624441146850586 27558 0
0.4615297317504883 0.14443159103393555 30262 0
0.4823288917541504 0.15273547172546387 29334 0
0.4647548198699951 0.14328932762145996 28122 0
0.4637339115142822 0.13484883308410645 26541 0
0.4398837089538574 0.20040464401245117 26263 0
0.4761991500854492 0.17451691627502441 29216 0
0.45848560333251953 0.13225078582763672 31982 0
0.45596837997436523 0.17012929916381836 31359 0
0.46460461616516113 0.18748235702514648 30174 0
0.4575917720794678 0.17626094818115234 29945 0
0.45839858055114746 0.12914133071899414 28962 0
0.4619109630584717 0.18892240524291992 21973 0
0.4653756618499756 0.1802845001220703 26910 0
0.4580049514770508 0.13295483589172363 28104 0
0.45183801651000977 0.1390364170074463 24701 0
0.44652843475341797 0.17219781875610352 24270 0
0.44925928115844727 0.2188279628753662 24756 0
0.469649076461792 0.1437387466430664 24599 0
0.4498457908630371 0.16299819946289062 25182 0
0.4812350273132324 0.15266060829162598 26967 0
0.476423978805542 0.13944363594055176 25560 0
0.4731104373931885 0.16627073287963867 25809 0
0.44913554191589355 0.12370181083679199 28141 0
0.47265028953552246 0.15844440460205078 27024 0
0.47850537300109863 0.16207408905029297 29819 0
0.4648134708404541 0.15345096588134766 26403 0
0.4727644920349121 0.19178366661071777 28970 0
0.4807267189025879 0.15778613090515137 28880 0
0.4711155891418457 0.18944263458251953 29165 0
0.4830758571624756 0.13762354850769043 29188 0
0.4778256416320801 0.1459205150604248 29510 0
0.45393800735473633 0.17453575134277344 25987 0
0.44716429710388184 0.16675353050231934 29548 0
0.4721078872680664 0.1731264591217041 30075 0
0.46492791175842285 0.15692663192749023 30162 0
0.45623183250427246 0.1818692684173584 28814 0
0.45850038528442383 0.15349340438842773 28187 0
0.4606282711029053 0.13498282432556152 28295 0
0.47199010848999023 0.1437995433807373 27006 0
0.4634983539581299 0.14604640007019043 28311 0
0.46629810333251953 0.12180209159851074 28083 0
0.4590494632720947 0.16509461402893066 21692 0
0.445786714553833 0.12972426414489746 29028 0
0.4486558437347412 0.13378000259399414 29025 0
0.4798293113708496 0.16280174255371094 26795 0
0.464385986328125 0.15657424926757812 27574 0
0.4485514163970947 0.20619773864746094 28383 0
0.44997715950012207 0.13422274589538574 28752 0
0.4634573459625244 0.14504265785217285 28841 0
0.4713280200958252 0.14295101165771484 28421 0
0.45294618606567383 0.17792415618896484 28031 0
0.46350860595703125 0.16595959663391113 28397 0
0.45577526092529297 0.16869497299194336 28575 0
0.4626743793487549 0.1460716724395752 29050 0
0.4616971015930176 0.13376212120056152 28392 0
0.45383715629577637 0.19720935821533203 27837 0
0.467548131942749 0.14518976211547852 23839 0
0.45653676986694336 0.13997197151184082 22066 0
0.46012258529663086 0.14266204833984375 23269 0
0.4464249610900879 0.14333891868591309 22420 0
0.47062182426452637 0.1832871437072754 23952 0
0.42557287216186523 0.13350272178649902 23305 0
0.4445490837097168 0.17889881134033203 23612 0
0.4354219436645508 0.17351198196411133 24627 0
0.4579436779022217 0.1401827335357666 24449 0
0.44289469718933105 0.14026260375976562 23941 0
0.45359182357788086 0.14968204498291016 25126 0
0.4505953788757324 0.19913244247436523 24166 0
0.4674537181854248 0.14262890815734863 23468 0
0.4621157646179199 0.14397025108337402 23583 0
0.474346399307251 0.15287518501281738 22782 0
0.4443933963775635 0.13001298904418945 22994 0
0.46288394927978516 0.14480090141296387 20746 0
0.44831037521362305 0.20744752883911133 23546 0
0.4438493251800537 0.20455050468444824 23989 0
0.44446516036987305 0.19122791290283203 24179 0
0.45134854316711426 0.13672375679016113 24004 0
0.46274328231811523 0.16360926628112793 23983 0
0.4465811252593994 0.15826845169067383 24066 0
0.4675290584564209 0.1617734432220459 24258 0
0.47175168991088867 0.14049148559570312 23701 0
0.48091983795166016 0.1344890594482422 23604 0
0.4603767395019531 0.12972521781921387 24074 0
0.45812225341796875 0.1394212245941162 23200 0
0.4384467601776123 0.20134186744689941 23801 0
0.47107887268066406 0.17050766944885254 25005 0
0.45821499824523926 0.20200109481811523 23303 0
0.45493197441101074 0.23224759101867676 23183 0
0.46763014793395996 0.13988924026489258 23331 0
0.47903943061828613 0.1388382911682129 24136 0
0.45836687088012695 0.14311957359313965 24117 0
0.45345473289489746 0.13468432426452637 23756 0
0.4590132236480713 0.17118406295776367 23854 0
0.4721505641937256 0.14452672004699707 23666 0
0.45995068550109863 0.19745397567749023 23335 0
0.4606757164001465 0.1526937484741211 22705 0
0.43239855766296387 0.1421208381652832 23319 0
0.4768562316894531 0.17622971534729004 24482 0
0.45015621185302734 0.12610960006713867 23217 0
0.4226055145263672 0.13189005851745605 23872 0
0.4634284973144531 0.12780046463012695 23757 0
0.44654226303100586 0.15097308158874512 23170 0
0.4764871597290039 0.14205479621887207 21548 0
0.475003719329834 0.15532374382019043 23057 0
0.4623546600341797 0.16849255561828613 23272 0
0.4477546215057373 0.14707684516906738 23420 0
0.46252942085266113 0.17437100410461426 23690 0
0.4667396545410156 0.13709640502929688 23597 0
0.45000314712524414 0.14417648315429688 23681 0
0.4826393127441406 0.16077899932861328 23684 0
0.451444149017334 0.13497543334960938 23466 0
0.4524223804473877 0.13779687881469727 23792 0
0.4741170406341553 0.14321470260620117 22982 0
0.4559314250946045 0.16771340370178223 22797 0
0.47495079040527344 0.16585063934326172 23127 0
0.47533369064331055 0.13666796684265137 23252 0
0.46140217781066895 0.2010970115661621 22834 0
0.45248937606811523 0.1432485580444336 23495 0
0.47472691535949707 0.13065266609191895 23302 0
0.45697784423828125 0.12404775619506836 23598 0
0.4592556953430176 0.16174578666687012 23335 0
0.4631936550140381 0.1683964729309082 23646 0
0.46346592903137207 0.14328455924987793 23392 0
0.44647669792175293 0.14217138290405273 23382 0
0.4246714115142822 0.17389965057373047 23675 0
0.44826745986938477 0.12513041496276855 23559 0
0.4468417167663574 0.18886613845825195 23335 0
0.47475576400756836 0.14285755157470703 24138 0
0.4584677219390869 0.14285802841186523 26251 0
0.48177003860473633 0.14326763153076172 26427 0
0.4640977382659912 0.1410846710205078 24053 0
0.4643666744232178 0.1525592803955078 29233 0
0.4436376094818115 0.19416213035583496 27201 0
0.4769020080566406 0.13652682304382324 29279 0
0.46002626419067383 0.13828396797180176 27959 0
0.4628162384033203 0.13709735870361328 26907 0
0.4794614315032959 0.2012925148010254 27212 0
0.38938307762145996 0.13194012641906738 27930 0
0.4505019187927246 0.15696358680725098 27410 0
0.4735732078552246 0.14476752281188965 26553 0
0.4488563537597656 0.14179539680480957 26512 0
0.45760154724121094 0.14556145668029785 24546 0
0.44751882553100586 0.15526199340820312 24889 0
0.46187829971313477 0.14034700393676758 22881 0
0.4635775089263916 0.1304788589477539 23936 0
0.462848424911499 0.1373276710510254 24898 0
0.4490838050842285 0.19263100624084473 23562 0
0.4434044361114502 0.13808679580688477 24328 0
0.4619593620300293 0.1358017921447754 24660 0
0.45613908767700195 0.1786196231842041 23995 0
0.47783637046813965 0.14778828620910645 24429 0
0.4878077507019043 0.18091297149658203 24159 0
0.4586794376373291 0.13366961479187012 24443 0
0.46703290939331055 0.13325095176696777 24715 0
0.448683500289917 0.20265460014343262 20239 0
0.4339413642883301 0.16883015632629395 25354 0
0.44257020950317383 0.16704535484313965 24896 0
0.46480631828308105 0.1795654296875 24108 0
0.46979641914367676 0.18076348304748535 25168 0
0.46001672744750977 0.1266770362854004 24793 0
0.40048766136169434 0.12875771522521973 24789 0
0.4795670509338379 0.13301634788513184 24544 0
0.46560001373291016 0.1523733139038086 24240 0
0.4645814895629883 0.14972305297851562 23797 0
0.4529843330383301 0.2052006721496582 23491 0
0.4687185287475586 0.14714455604553223 23426 0
0.45899295806884766 0.19385647773742676 23524 0
0.45566296577453613 0.19581317901611328 24267 0
0.4755513668060303 0.16666579246520996 24706 0
0.47363972663879395 0.1405792236328125 24411 0
0.45725536346435547 0.13397979736328125 24463 0
0.4468109607696533 0.22167372703552246 24373 0
0.45975327491760254 0.1399552822113037 24427 0
0.45086145401000977 0.21117806434631348 24173 0
0.4846665859222412 0.14864492416381836 24218 0
0.46133947372436523 0.2158217430114746 24075 0
0.4513518810272217 0.2050187587738037 23960 0
0.4559037685394287 0.1917884349822998 23672 0
0.48519372940063477 0.1786787509918213 24064 0
0.45128870010375977 0.13695573806762695 23617 0
0.45154619216918945 0.19162392616271973 23499 0
0.4456009864807129 0.17186570167541504 23609 0
0.4725048542022705 0.15166044235229492 24542 0
0.4476487636566162 0.16037702560424805 24265 0
0.4451019763946533 0.1272413730621338 19192 0
0.4750244617462158 0.12658333778381348 23641 0
0.49164867401123047 0.13547563552856445 24433 0
0.4683663845062256 0.16318464279174805 23389 0
0.4690265655517578 0.18406462669372559 24897 0
0.45066189765930176 0.19271397590637207 26329 0
0.45578670501708984 0.21806955337524414 24138 0
0.4574146270751953 0.13668274879455566 24897 0
0.4350922107696533 0.161118745803833 24570 0
0.4555692672729492 0.18866348266601562 24090 0
0.4687652587890625 0.14508986473083496 23879 0
0.460430383682251 0.18906593322753906 23847 0
0.48182225227355957 0.1243593692779541 24437 0
0.4744143486022949 0.13253235816955566 24193 0
0.45882296562194824 0.20214343070983887 23731 0
0.4627361297607422 0.1530768871307373 24048 0
0.477492094039917 0.1854236125946045 24297 0
0.4526710510253906 0.14518189430236816 24676 0
0.4529275894165039 0.1214897632598877 24164 0
0.43894028663635254 0.12674164772033691 24268 0
0.4636197090148926 0.16899538040161133 23901 0
0.4496424198150635 0.18958806991577148 23399 0
0.45365047454833984 0.13296961784362793 23662 0
0.45421290397644043 0.2051103115081787 23334 0
0.4344198703765869 0.16959762573242188 24220 0
0.46100473403930664 0.17959880828857422 23924 0
0.46389198303222656 0.18267297744750977 23499 0
0.4586319923400879 0.1394646167755127 22880 0
0.48105478286743164 0.13964462280273438 24607 0
0.4641306400299072 0.1734786033630371 24315 0
0.4526636600494385 0.19684243202209473 18815 0
0.4857468605041504 0.15614080429077148 23108 0
0.4487156867980957 0.19695830345153809 23594 0
0.44292759895324707 0.1847527027130127 22180 0
0.44518542289733887 0.16625261306762695 24002 0
0.4438662528991699 0.14768266677856445 24095 0
0.46718692779541016 0.13712072372436523 21059 0
0.4635806083679199 0.14281010627746582 18538 0
0.46183180809020996 0.21955490112304688 23492 0
0.456157922744751 0.19960713386535645 24343 0
0.48717403411865234 0.13802647590637207 25413 0
0.46366024017333984 0.1371457576751709 25385 0
0.4637761116027832 0.13775634765625 24732 0
0.4581305980682373 0.21170449256896973 24888 0
0.46083855628967285 0.12933921813964844 24844 0
0.4573323726654053 0.12836360931396484 24110 0
0.42846179008483887 0.13959884643554688 19830 0
0.4623994827270508 0.12561416625976562 19317 0
0.45008373260498047 0.13498902320861816 24193 0
0.4806368350982666 0.18160223960876465 24658 0
0.5014536380767822 0.14144349098205566 23696 0
0.4606337547302246 0.13530969619750977 24315 0
0.4585750102996826 0.2101757526397705 24122 0
0.45644426345825195 0.12996339797973633 24154 0
0.4563751220703125 0.13764333724975586 24969 0
0.4522104263305664 0.1449127197265625 24739 0
0.46207404136657715 0.1414928436279297 24845 0
0.44233131408691406 0.13501524925231934 23875 0
0.45529985427856445 0.1463637351989746 24879 0
0.4571413993835449 0.1642615795135498 24909 0
0.4583272933959961 0.16630244255065918 21687 0
0.4431271553039551 0.13508915901184082 24539 0
0.44211578369140625 0.14098453521728516 24710 0
0.48695802688598633 0.13959813117980957 24455 0
0.45891475677490234 0.20084881782531738 24607 0
0.46422457695007324 0.18790030479431152 24384 0
0.46845483779907227 0.14891576766967773 24445 0
0.45234227180480957 0.14713478088378906 23992 0
0.4318218231201172 0.1498730182647705 24650 0
0.4751906394958496 0.1498124599456787 24114 0
0.44988393783569336 0.1345515251159668 23991 0
0.45337772369384766 0.2084670066833496 25323 0
0.46172142028808594 0.16142940521240234 24498 0
0.4619021415710449 0.1281447410583496 24842 0
0.47781896591186523 0.12088370323181152 24836 0
0.4736297130584717 0.18347644805908203 25986 0
0.45029592514038086 0.15893816947937012 25702 0
0.44481921195983887 0.1371626853942871 24461 0
0.45042848587036133 0.15125274658203125 23953 0
0.4608194828033447 0.17846155166625977 24559 0
0.45627522468566895 0.21909236907958984 23941 0
0.4609642028808594 0.1650075912475586 20085 0
0.4789290428161621 0.14783573150634766 24152 0
0.45146822929382324 0.19182085990905762 23775 0
0.45964694023132324 0.158341646194458 23776 0
0.4549262523651123 0.16278624534606934 23745 0
0.4515211582183838 0.19853878021240234 24474 0
0.45030713081359863 0.13373613357543945 24058 0
0.5112466812133789 0.1940767765045166 23681 0
0.44864916801452637 0.13733625411987305 24270 0
0.42780637741088867 0.14534997940063477 23920 0
0.44907379150390625 0.20100021362304688 24920 0
0.41197872161865234 0.16105222702026367 24613 0
0.43772101402282715 0.14472723007202148 24291 0
0.46268749237060547 0.16977977752685547 24953 0
0.4499795436859131 0.13214349746704102 24038 0
0.4445211887359619 0.17066216468811035 24102 0
0.4820847511291504 0.21666193008422852 24194 0
0.46486544609069824 0.19903111457824707 24187 0
0.46381711959838867 0.1885240077972412 23917 0
0.46068429946899414 0.12712931632995605 24320 0
0.45537257194519043 0.14597558975219727 23776 0
0.4327356815338135 0.14284586906433105 25093 0
0.45259714126586914 0.14294648170471191 25153 0
0.47518396377563477 0.20272541046142578 24260 0
0.4547116756439209 0.19469523429870605 24448 0
0.4711146354675293 0.14847779273986816 23961 0
0.44569945335388184 0.17639803886413574 23957 0
0.4699392318725586 0.20807337760925293 23121 0
0.4580519199371338 0.20299172401428223 23861 0
0.4767444133758545 0.1831059455871582 24296 0
0.4561164379119873 0.14737892150878906 19546 0
0.47652268409729004 0.13850021362304688 23870 0
0.4752655029296875 0.14951038360595703 24448 0
0.46552515029907227 0.1980588436126709 24081 0
0.44553256034851074 0.12888193130493164 24302 0
0.4730067253112793 0.17721962928771973 24666 0
0.4540364742279053 0.1309201717376709 24974 0
0.43935489654541016 0.13441944122314453 23871 0
0.4546821117401123 0.13334178924560547 23863 0
0.43855810165405273 0.13846921920776367 24789 0
0.4553029537200928 0.14655661582946777 23960 0
0.4700133800506592 0.15920305252075195 24060 0
0.45148658752441406 0.13120031356811523 23806 0
0.4446249008178711 0.18542909622192383 24323 0
0.45754384994506836 0.1323566436767578 23292 0
0.44870471954345703 0.14218878746032715 23990 0
0.4582674503326416 0.13362503051757812 23514 0
0.45731353759765625 0.13751006126403809 24725 0
0.4451284408569336 0.12462735176086426 23763 0
0.45429325103759766 0.15525364875793457 24221 0
0.4481651782989502 0.14724040031433105 23908 0
0.4436976909637451 0.1782238483428955 24752 0
0.44655632972717285 0.14805173873901367 24383 0
0.4624485969543457 0.13559722900390625 23386 0
0.4525315761566162 0.1323397159576416 23799 0
0.44585084915161133 0.13771820068359375 23742 0
0.472057580947876 0.17317485809326172 23884 0
0.4441533088684082 0.17129850387573242 23003 0
0.4459657669067383 0.13991189002990723 23960 0
0.4603548049926758 0.14649677276611328 23246 0
0.43718457221984863 0.1766517162322998 19102 0
0.451383113861084 0.19855737686157227 23149 0
0.4974668025970459 0.15388774871826172 23759 0
0.4546701908111572 0.1430830955505371 23130 0
0.4640042781829834 0.18682384490966797 23202 0
0.45848894119262695 0.1579444408416748 23844 0
0.4236009120941162 0.15286040306091309 24423 0
0.4690887928009033 0.19779729843139648 24139 0
0.43386101722717285 0.13634514808654785 23665 0
0.4210684299468994 0.15812230110168457 23619 0
0.4449758529663086 0.1326282024383545 23396 0
0.4604527950286865 0.18122553825378418 23588 0
0.46193528175354004 0.13252663612365723 24084 0
0.4551053047180176 0.1864302158355713 23455 0
0.4627048969268799 0.19842243194580078 23828 0
0.4664475917816162 0.14037656784057617 23691 0
0.441633939743042 0.17479801177978516 23093 0
0.4602818489074707 0.14596176147460938 22720 0
0.4609644412994385 0.16667509078979492 22204 0
0.44809675216674805 0.14664745330810547 23191 0
0.4393918514251709 0.15836215019226074 22856 0
0.44455528259277344 0.13883543014526367 23630 0
0.46126675605773926 0.21676039695739746 23408 0
0.47318100929260254 0.14407753944396973 24242 0
0.452533483505249 0.12494659423828125 24508 0
0.44249701499938965 0.18688464164733887 24591 0
0.4523179531097412 0.16486287117004395 22993 0
0.4431021213531494 0.17023992538452148 21291 0
0.4369964599609375 0.132277250289917 22451 0
0.48216986656188965 0.19394493103027344 22028 0
0.45636820793151855 0.18391036987304688 18142 0
0.4781961441040039 0.1586167812347412 22028 0
0.47691941261291504 0.18616223335266113 23029 0
0.4637336730957031 0.14753937721252441 22036 0
0.45506882667541504 0.15500450134277344 21718 0
0.46413397789001465 0.15124011039733887 21664 0
0.45110392570495605 0.15499520301818848 23059 0
0.44428229331970215 0.12441253662109375 23030 0
0.4446413516998291 0.12211346626281738 22681 0
0.4616055488586426 0.14859557151794434 22741 0
0.4710674285888672 0.12990498542785645 22017 0
0.4628121852874756 0.1901402473449707 21480 0
0.44571852684020996 0.17365312576293945 21556 0
0.43880176544189453 0.12971997261047363 21341 0
0.42611026763916016 0.1814558506011963 21444 0
0.45343542098999023 0.1420743465423584 21401 0
0.4553048610687256 0.18548846244812012 21766 0
0.46085405349731445 0.13895654678344727 22945 0
0.44602441787719727 0.14112401008605957 23248 0
0.44833922386169434 0.13626694679260254 23046 0
0.4606363773345947 0.13933086395263672 22542 0
0.4710266590118408 0.1503770351409912 23058 0
0.44315290451049805 0.15456295013427734 22445 0
0.41146397590637207 0.14911103248596191 22155 0
0.45185184478759766 0.14153838157653809 21696 0
0.4369645118713379 0.14681649208068848 22195 0
0.4503333568572998 0.13158583641052246 22161 0
0.48207545280456543 0.18516826629638672 20893 0
0.4425473213195801 0.14171624183654785 22778 0
0.4352090358734131 0.13854169845581055 22248 0
0.4494943618774414 0.1968543529510498 18148 0
0.44016528129577637 0.1818845272064209 21460 0
0.46302151679992676 0.1362934112548828 23150 0
0.4304513931274414 0.20299649238586426 22061 0
0.46735715866088867 0.15837407112121582 21782 0
0.4705209732055664 0.13675165176391602 22768 0
0.45279502868652344 0.19166922569274902 22027 0
0.443206787109375 0.13643932342529297 21411 0
0.4481215476989746 0.1481924057006836 23272 0
0.44796228408813477 0.13335609436035156 22857 0
0.4644811153411865 0.14042067527770996 18140 0
0.42031383514404297 0.1666567325592041 22225 0
0.4486422538757324 0.1542196273803711 23232 0
0.4492001533508301 0.1676480770111084 23437 0
0.4577362537384033 0.1270136833190918 22693 0
0.4469025135040283 0.21825289726257324 23584 0
0.436232328414917 0.13967347145080566 24013 0
0.4787740707397461 0.19772577285766602 24504 0
0.46327924728393555 0.14134597778320312 24055 0
0.48145341873168945 0.13400030136108398 23015 0
0.4459190368652344 0.1448678970336914 22943 0
0.4642462730407715 0.1349506378173828 23542 0
0.44379568099975586 0.1410837173461914 23747 0
0.44437289237976074 0.18655872344970703 24012 0
0.49158382415771484 0.1979074478149414 23612 0
0.459378719329834 0.15105867385864258 23422 0
0.4541633129119873 0.2124025821685791 21473 0
0.4725360870361328 0.16969656944274902 22547 0
0.46375536918640137 0.14210820198059082 23496 0
0.47362804412841797 0.14800643920898438 23267 0
0.4610176086425781 0.14403605461120605 23388 0
0.4705178737640381 0.15288901329040527 23978 0
0.47475481033325195 0.15351486206054688 22868 0
0.46022725105285645 0.14212727546691895 23109 0
0.4582834243774414 0.13239192962646484 23567 0
0.44032812118530273 0.17456674575805664 22769 0
0.45299267768859863 0.17227649688720703 22660 0
0.4515664577484131 0.15026092529296875 21906 0
0.4416623115539551 0.13993191719055176 23260 0
0.4542407989501953 0.1866436004638672 23023 0
0.46199798583984375 0.18619108200073242 23830 0
0.46042394638061523 0.13610434532165527 23122 0
0.4530324935913086 0.184234619140625 23487 0
0.4487159252166748 0.18412494659423828 23029 0
0.4508495330810547 0.15532255172729492 22731 0
0.4574086666107178 0.13708758354187012 23262 0
0.4685859680175781 0.19760751724243164 21281 0
0.4847729206085205 0.16684484481811523 23737 0
0.46527576446533203 0.12757301330566406 23252 0
0.4548804759979248 0.13561034202575684 18239 0
0.47340917587280273 0.1411914825439453 22834 0
0.43195629119873047 0.13759994506835938 22294 0
0.4611549377441406 0.12810993194580078 22597 0
0.4368581771850586 0.2139601707458496 22400 0
0.4498434066772461 0.15759563446044922 22286 0
0.4698302745819092 0.1621541976928711 23930 0
0.459728479385376 0.13467812538146973 23864 0
0.46113061904907227 0.13831496238708496 24721 0
0.46772146224975586 0.1369152069091797 24292 0
0.4664952754974365 0.1348576545715332 22931 0
0.45160770416259766 0.15030837059020996 23521 0
0.43408989906311035 0.16867518424987793 23071 0
0.460782527923584 0.1329360008239746 23466 0
0.45143842697143555 0.16115355491638184 23283 0
0.45784735679626465 0.16673564910888672 22869 0
0.44469428062438965 0.1713275909423828 23043 0
0.4413168430328369 0.14741992950439453 25174 0
0.4374730587005615 0.17956948280334473 24560 0
0.4523003101348877 0.15012860298156738 23278 0
0.4600355625152588 0.15332651138305664 24471 0
0.4523801803588867 0.15026307106018066 23001 0
0.4720773696899414 0.1354961395263672 23299 0
0.42079877853393555 0.18830370903015137 22562 0
0.4494445323944092 0.149946928024292 23457 0
0.4620053768157959 0.17798423767089844 25794 0
0.45985960960388184 0.1388547420501709 27362 0
0.44678354263305664 0.1998732089996338 28047 0
0.4620189666748047 0.1674962043762207 27596 0
0.44393110275268555 0.16103792190551758 27773 0
0.4563579559326172 0.12731647491455078 27646 0
0.44913411140441895 0.15690946578979492 28263 0
0.4402198791503906 0.15487885475158691 28022 0
0.4851562976837158 0.14673447608947754 29064 0
0.46640992164611816 0.20156311988830566 29148 0
0.4310946464538574 0.16269969940185547 27272 0
0.46483540534973145 0.18767046928405762 29503 0
0.43621134757995605 0.1486377716064453 27687 0
0.44029927253723145 0.13463878631591797 28072 0
0.4586343765258789 0.20294499397277832 28995 0
0.4634826183319092 0.13158774375915527 27988 0
0.4772014617919922 0.1453704833984375 28332 0
0.478104829788208 0.15457749366760254 27685 0
0.4714851379394531 0.13726115226745605 24124 0
0.4596705436706543 0.14192724227905273 27570 0
0.45688390731811523 0.14521312713623047 27879 0
0.4550957679748535 0.13051438331604004 28138 0
0.461409330368042 0.1387639045715332 28538 0
0.45701169967651367 0.19886279106140137 28849 0
0.48692893981933594 0.2132406234741211 28582 0
0.4498634338378906 0.15660881996154785 27896 0
0.4754490852355957 0.1755390167236328 28445 0
0.47150087356567383 0.12430572509765625 28235 0
0.4537925720214844 0.16140437126159668 23266 0
0.45469117164611816 0.1946394443511963 27947 0
0.4801912307739258 0.1458590030670166 27479 0
0.45730161666870117 0.15786004066467285 29407 0
0.4719977378845215 0.17449116706848145 28948 0
0.4684932231903076 0.13309788703918457 28822 0
0.4671313762664795 0.13463258743286133 29880 0
0.46638965606689453 0.14223361015319824 29600 0
0.45597004890441895 0.18705058097839355 29515 0
0.4703662395477295 0.1357254981994629 29905 0
0.43073296546936035 0.14805126190185547 27682 0
0.4231092929840088 0.19132328033447266 28944 0
0.4272763729095459 0.16650748252868652 29461 0
0.4535355567932129 0.14529800415039062 28436 0
0.47753262519836426 0.20552587509155273 29593 0
0.47090721130371094 0.14302921295166016 28508 0
0.4441099166870117 0.19710826873779297 28313 0
0.4605686664581299 0.1417691707611084 28614 0
0.4648935794830322 0.1289539337158203 28662 0
0.4576911926269531 0.18118071556091309 30075 0
0.45433759689331055 0.1894528865814209 25371 0
0.476071834564209 0.17444872856140137 28669 0
0.4701969623565674 0.15094971656799316 30560 0
0.48303723335266113 0.13107800483703613 29952 0
0.45668768882751465 0.1934952735900879 29100 0
0.45086097717285156 0.15509343147277832 28618 0
0.4460010528564453 0.14130163192749023 28873 0
0.44944310188293457 0.12554645538330078 27083 0
0.4580118656158447 0.14453887939453125 28958 0
0.4584331512451172 0.21371960639953613 30073 0
0.4892563819885254 0.13534903526306152 22979 0
0.49524402618408203 0.17422223091125488 28967 0
0.46685314178466797 0.18250203132629395 27955 0
0.45063042640686035 0.19868826866149902 28353 0
0.45154690742492676 0.18701934814453125 29665 0
0.4910740852355957 0.1637563705444336 29216 0
0.452894926071167 0.12917661666870117 28075 0
0.4400641918182373 0.14248299598693848 30392 0
0.4388444423675537 0.13679027557373047 29608 0
0.452420711517334 0.15300703048706055 29156 0
0.44274425506591797 0.13480806350708008 29323 0
0.45341062545776367 0.1441178321838379 28506 0
0.4545276165008545 0.14351844787597656 27852 0
0.46471285820007324 0.1388697624206543 28471 0
0.47058987617492676 0.17854881286621094 29404 0
0.4741988182067871 0.15941143035888672 29547 0
0.4531691074371338 0.1850893497467041 29162 0
0.4830784797668457 0.13775181770324707 28220 0
0.4026753902435303 0.15321803092956543 30797 0
0.45565104484558105 0.1651909351348877 29200 0
0.46324777603149414 0.19332098960876465 26311 0
0.45671725273132324 0.15332984924316406 29221 0
0.4486122131347656 0.1580677032470703 29225 0
0.40237927436828613 0.1283857822418213 29238 0
0.45557618141174316 0.18603968620300293 28475 0
0.4622538089752197 0.1605052947998047 28633 0
0.45871996879577637 0.15076899528503418 28601 0
0.46859145164489746 0.15588092803955078 27869 0
0.47643327713012695 0.19866347312927246 28758 0
0.45900726318359375 0.13913607597351074 28424 0
0.47739720344543457 0.13520288467407227 20725 0
0.47301197052001953 0.13600373268127441 26089 0
0.4583115577697754 0.2035386562347412 26204 0
0.46445488929748535 0.15862822532653809 24393 0
0.455242395401001 0.1485908031463623 26650 0
0.44713282585144043 0.18898248672485352 26042 0
0.4627504348754883 0.15407037734985352 26707 0
0.4559640884399414 0.1543896198272705 26417 0
0.46573853492736816 0.15168237686157227 27878 0
0.4836735725402832 0.13401508331298828 27506 0
0.4525153636932373 0.1404118537902832 25117 0
0.4616532325744629 0.14776301383972168 26814 0
0.4512484073638916 0.14067578315734863 23093 0
0.4668447971343994 0.20249390602111816 25456 0
0.4470853805541992 0.1298072338104248 27213 0
0.3636293411254883 0.2261817455291748 26892 0
0.4589424133300781 0.14869046211242676 26202 0
0.45072150230407715 0.15332508087158203 25908 0
0.4665842056274414 0.1579723358154297 25824 0
0.46610379219055176 0.13360047340393066 25547 0
0.48446106910705566 0.16518759727478027 23921 0
0.47763943672180176 0.19072818756103516 25996 0
0.48430943489074707 0.1864941120147705 26581 0
0.47641563415527344 0.14813542366027832 27059 0
0.4390273094177246 0.12671756744384766 26314 0
0.4678192138671875 0.138230562210083 27014 0
0.45278358459472656 0.14134883880615234 27249 0
0.4664020538330078 0.15264129638671875 24818 0
0.4629185199737549 0.12596535682678223 25675 0
0.47524094581604004 0.14035868644714355 26192 0
0.44620180130004883 0.1421680450439453 19332 0
0.46278858184814453 0.1673879623413086 26753 0
0.4457104206085205 0.1430504322052002 24600 0
0.47034621238708496 0.14513278007507324 24457 0
0.4510800838470459 0.19457721710205078 27221 0
0.470020055770874 0.1372694969177246 25384 0
0.4459831714630127 0.14200282096862793 25053 0
0.4627842903137207 0.1466982364654541 26193 0
0.4574880599975586 0.20031380653381348 26371 0
0.4403347969055176 0.17467904090881348 26586 0
0.44481325149536133 0.14296174049377441 26716 0
0.4731736183166504 0.163163423538208 26514 0
0.46208858489990234 0.1381077766418457 24013 0
0.4341585636138916 0.13799118995666504 26801 0
0.4552767276763916 0.13842272758483887 26550 0
0.4559967517852783 0.19866371154785156 27141 0
0.44781947135925293 0.1420893669128418 26804 0
0.45847058296203613 0.16888713836669922 26628 0
0.4783625602722168 0.14693355560302734 27257 0
0.4552798271179199 0.13858747482299805 26746 0
0.4506947994232178 0.20789837837219238 23786 0
0.46819639205932617 0.13158702850341797 26457 0
0.4550783634185791 0.1532435417175293 26873 0
0.4655578136444092 0.16408324241638184 26484 0
0.4488224983215332 0.14099502563476562 26516 0
0.45034122467041016 0.13966679573059082 27022 0
0.44971799850463867 0.1331343650817871 26191 0
0.4495368003845215 0.13577771186828613 25287 0
0.43964338302612305 0.13514995574951172 26678 0
0.46067237854003906 0.12767958641052246 25923 0
0.47206735610961914 0.1600933074951172 20041 0
0.46934056282043457 0.14441442489624023 25566 0
0.4396045207977295 0.1306607723236084 23155 0
0.45493030548095703 0.14601540565490723 24525 0
0.4660332202911377 0.13650918006896973 25729 0
0.4584500789642334 0.16109251976013184 26296 0
0.4457285404205322 0.1341845989227295 25432 0
0.46401381492614746 0.14056682586669922 27145 0
0.44882678985595703 0.16324424743652344 26549 0
0.46274328231811523 0.14672422409057617 26174 0
0.469163179397583 0.14383792877197266 26759 0
0.46696996688842773 0.16800594329833984 25867 0
0.46296262741088867 0.1509411334991455 23925 0
0.44471311569213867 0.1862649917602539 26928 0
0.44892048835754395 0.18383097648620605 26239 0
0.4633820056915283 0.13413453102111816 26147 0
0.45041847229003906 0.17870783805847168 26213 0
0.4709360599517822 0.15267586708068848 26338 0
0.4532029628753662 0.14077210426330566 26097 0
0.46358394622802734 0.13531780242919922 25998 0
0.4451112747192383 0.20523953437805176 22396 0
0.4431746006011963 0.16232657432556152 26211 0
0.45255517959594727 0.14068818092346191 26406 0
0.4577970504760742 0.14406752586364746 26653 0
0.4656057357788086 0.1474168300628662 26116 0
0.4659271240234375 0.13680577278137207 26078 0
0.4307565689086914 0.14382028579711914 26000 0
0.46267271041870117 0.18206477165222168 24592 0
0.48941516876220703 0.19137144088745117 26179 0
0.4634239673614502 0.12988734245300293 26210 0
0.46738672256469727 0.18212342262268066 21042 0
0.4702472686767578 0.16721320152282715 25946 0
0.46843552589416504 0.1575632095336914 22674 0
0.45869946479797363 0.20021510124206543 25906 0
0.47478342056274414 0.15767645835876465 26009 0
0.44989585876464844 0.12665653228759766 26551 0
0.4709651470184326 0.14792156219482422 26573 0
0.4581797122955322 0.14874863624572754 27287 0
0.4590892791748047 0.13103580474853516 26503 0
0.478468656539917 0.14057397842407227 27065 0
0.43552136421203613 0.13017606735229492 26768 0
0.4539008140563965 0.14841723442077637 26293 0
0.4414987564086914 0.1475849151611328 24569 0
0.4539210796356201 0.13851046562194824 26326 0
0.451998233795166 0.13306236267089844 26458 0
0.47560811042785645 0.13416671752929688 27076 0
0.4304630756378174 0.17640161514282227 26670 0
0.46359682083129883 0.14388370513916016 27065 0
0.4572782516479492 0.19308924674987793 26216 0
0.44344663619995117 0.1599407196044922 25977 0
0.45223164558410645 0.14768624305725098 24128 0
0.4430854320526123 0.17427659034729004 25939 0
0.4695467948913574 0.13633251190185547 28072 0
0.4657292366027832 0.13740921020507812 28372 0
0.48824048042297363 0.13966679573059082 29344 0
0.4611175060272217 0.16388440132141113 29650 0
0.4676077365875244 0.17503976821899414 29558 0
0.45967912673950195 0.13164687156677246 29089 0
0.4619288444519043 0.16678261756896973 29457 0
0.47361087799072266 0.15542340278625488 28201 0
0.45475149154663086 0.17420291900634766 28264 0
0.45880985260009766 0.14803290367126465 29234 0
0.4706287384033203 0.15400409698486328 27170 0
0.44873785972595215 0.1851956844329834 28019 0
0.4379892349243164 0.15769004821777344 28308 0
0.4477393627166748 0.1384258270263672 28082 0
0.46009087562561035 0.17522573471069336 29074 0
0.4594452381134033 0.13212013244628906 29045 0
0.4516165256500244 0.1369001865386963 28160 0
0.4771769046783447 0.1389617919921875 29227 0
0.450390100479126 0.1518235206604004 28379 0
0.45455431938171387 0.1380617618560791 27511 0
0.4471163749694824 0.18502354621887207 27756 0
0.4638209342956543 0.1899886131286621 27503 0
0.4674100875854492 0.16046547889709473 27692 0
0.472822904586792 0.21116232872009277 27903 0
0.4827888011932373 0.1909184455871582 27483 0
0.48880505561828613 0.17223739624023438 27809 0
0.4647388458251953 0.12141585350036621 27295 0
0.45833659172058105 0.15679931640625 28374 0
0.4604060649871826 0.15014433860778809 28473 0
0.4286201000213623 0.12909960746765137 29202 0
0.46319127082824707 0.14882922172546387 28341 0
0.4600203037261963 0.12569642066955566 28575 0
0.45892953872680664 0.16591906547546387 27928 0
0.4531822204589844 0.12847471237182617 27823 0
0.433452844619751 0.13533973693847656 26843 0
0.45210742950439453 0.13374900817871094 27635 0
0.48550891876220703 0.14413142204284668 27189 0
0.44846010208129883 0.1399998664855957 28456 0
0.4550607204437256 0.13849163055419922 28373 0
0.4454984664916992 0.15698933601379395 27402 0
0.44968438148498535 0.22762537002563477 27181 0
0.4539144039154053 0.1400163173675537 28073 0
0.46019816398620605 0.14121651649475098 27955 0
0.460864782333374 0.14052104949951172 27944 0
0.4621710777282715 0.13527560234069824 27582 0
0.4637031555175781 0.12953782081604004 27280 0
0.46254825592041016 0.13211393356323242 26789 0
0.4419703483581543 0.13792777061462402 27263 0
0.4443831443786621 0.1505448818206787 28274 0
0.4426264762878418 0.192657470703125 27880 0
0.45230627059936523 0.12358856201171875 28847 0
0.443631649017334 0.1574547290802002 28729 0
0.46691226959228516 0.13849711418151855 27955 0
0.4589686393737793 0.12640166282653809 28399 0
0.45687055587768555 0.1440885066986084 28230 0
0.456989049911499 0.19381284713745117 27638 0
0.45603227615356445 0.13611268997192383 27550 0
0.44698500633239746 0.20119929313659668 27602 0
0.46770334243774414 0.15476369857788086 28153 0
0.48021459579467773 0.15466618537902832 28443 0
0.46582794189453125 0.17764782905578613 27681 0
0.4886045455932617 0.1693744659423828 28261 0
0.488771915435791 0.15137243270874023 28610 0
0.45718932151794434 0.21434330940246582 29324 0
0.4502589702606201 0.15046119689941406 28344 0
0.4659383296966553 0.15195536613464355 28383 0
0.460054874420166 0.13335585594177246 28529 0
0.46703481674194336 0.1834275722503662 28850 0
0.4619872570037842 0.14066624641418457 27984 0
0.4627969264984131 0.1253514289855957 28333 0
0.4818308353424072 0.18778681755065918 27817 0
0.46083545684814453 0.1412663459777832 28714 0
0.4616234302520752 0.136216402053833 27112 0
0.43482208251953125 0.1645069122314453 29383 0
0.47895169258117676 0.1652677059173584 29983 0
0.4499986171722412 0.1401658058166504 29096 0
0.44611549377441406 0.14412617683410645 29284 0
0.4586350917816162 0.14387011528015137 30844 0
0.4314253330230713 0.15174007415771484 30150 0
0.42136263847351074 0.1407487392425537 30667 0
0.4692564010620117 0.1431443691253662 30136 0
0.45810484886169434 0.1614847183227539 30016 0
0.4534738063812256 0.1383655071258545 26962 0
0.47487545013427734 0.1439189910888672 25516 0
0.4519038200378418 0.176741361618042 29556 0
0.46010351181030273 0.13715219497680664 32003 0
0.4533271789550781 0.14555144309997559 28387 0
0.4882080554962158 0.18828892707824707 29484 0
0.4772360324859619 0.16777467727661133 27433 0
0.459195613861084 0.18245482444763184 27521 0
0.46026062965393066 0.1684126853942871 27284 0
0.4495103359222412 0.20185351371765137 28832 0
0.48805999755859375 0.12161540985107422 28501 0
0.45091795921325684 0.19805431365966797 27865 0
0.44613099098205566 0.1390688419342041 29941 0
0.44460558891296387 0.18613934516906738 30093 0
0.4711267948150635 0.1811971664428711 25770 0
0.4569129943847656 0.20559453964233398 30080 0
0.46068453788757324 0.1655416488647461 28849 0
0.4764416217803955 0.13253092765808105 28392 0
0.451000452041626 0.20489144325256348 30035 0
0.45339441299438477 0.21084904670715332 30187 0
0.475506067276001 0.17150592803955078 26637 0
0.4469146728515625 0.19727182388305664 30791 0
0.4528040885925293 0.21434593200683594 30759 0
0.4541025161743164 0.14708733558654785 31256 0
0.45096397399902344 0.18898820877075195 30480 0
0.46235132217407227 0.13943839073181152 31220 0
0.46400904655456543 0.1324923038482666 31166 0
0.44876670837402344 0.21255946159362793 31846 0
0.45756006240844727 0.13732004165649414 30517 0
0.4336702823638916 0.17186927795410156 31148 0
0.4590795040130615 0.1358649730682373 32172 0
0.4576108455657959 0.20959138870239258 31338 0
0.43625354766845703 0.15341401100158691 31503 0
0.4554271697998047 0.14687323570251465 30902 0
0.46516919136047363 0.15268969535827637 30050 0
0.46106863021850586 0.17896175384521484 30882 0
0.46771740913391113 0.17906498908996582 30740 0
0.45305466651916504 0.14986896514892578 30108 0
0.46765613555908203 0.13561010360717773 30386 0
0.4568338394165039 0.21810555458068848 30473 0
0.46538662910461426 0.17059564590454102 30956 0
0.4347720146179199 0.14016413688659668 30359 0
0.4681272506713867 0.12899494171142578 31332 0
0.45145177841186523 0.1589984893798828 31846 0
0.4558253288269043 0.15474510192871094 27128 0
0.4775369167327881 0.13871359825134277 31080 0
0.47975969314575195 0.13422131538391113 28952 0
0.4850029945373535 0.17460203170776367 30032 0
0.4444093704223633 0.1691267490386963 31092 0
0.4632375240325928 0.1326615810394287 30965 0
0.45934343338012695 0.16229820251464844 28977 0
0.4810309410095215 0.14046072959899902 31063 0
0.458345890045166 0.1773209571838379 31016 0
0.4831836223602295 0.16298222541809082 31178 0
0.45662784576416016 0.1903977394104004 30748 0
0.4466516971588135 0.15006089210510254 30631 0
0.45605015754699707 0.15464258193969727 31033 0
0.4533383846282959 0.1650393009185791 30634 0
0.47818565368652344 0.14919638633728027 31959 0
0.4442117214202881 0.14669227600097656 31776 0
0.46874260902404785 0.13260936737060547 32404 0
0.46868467330932617 0.15732455253601074 32605 0
0.45850515365600586 0.16227245330810547 31854 0
0.4680960178375244 0.13312435150146484 32619 0
0.45443177223205566 0.14076638221740723 31440 0
0.4736769199371338 0.12839937210083008 31247 0
0.40050172805786133 0.13232159614562988 30987 0
0.4820990562438965 0.1398756504058838 30702 0
0.46830272674560547 0.12597322463989258 31814 0
0.46363401412963867 0.1317131519317627 31791 0
0.46322107315063477 0.14298033714294434 31624 0
0.47771763801574707 0.1470353603363037 30569 0
0.4719974994659424 0.14257097244262695 31751 0
0.4582962989807129 0.1615462303161621 33010 0
0.47913455963134766 0.15499639511108398 27647 0
0.4502444267272949 0.13052749633789062 31871 0
0.4726238250732422 0.14630508422851562 32731 0
0.4207119941711426 0.19449687004089355 30684 0
0.4713451862335205 0.1509571075439453 33241 0
0.46135973930358887 0.13175010681152344 32801 0
0.456615686416626 0.14104390144348145 30602 0
0.4643127918243408 0.1415252685546875 33303 0
0.46341824531555176 0.12639307975769043 32306 0
0.4794912338256836 0.13918399810791016 33151 0
0.47137951850891113 0.13563823699951172 32177 0
0.48311734199523926 0.13947701454162598 30653 0
0.4272899627685547 0.13582158088684082 30841 0
0.4580862522125244 0.13686466217041016 30190 0
0.4549248218536377 0.13918304443359375 30174 0
0.4491007328033447 0.12999486923217773 30289 0
0.45748043060302734 0.15042614936828613 30237 0
0.4596595764160156 0.12858939170837402 30297 0
0.44137072563171387 0.15679502487182617 29854 0
0.47173237800598145 0.1703038215637207 29110 0
0.4658339023590088 0.13599228858947754 29359 0
0.45081663131713867 0.15348124504089355 29153 0
0.4179069995880127 0.17138981819152832 30463 0
0.44750523567199707 0.18548130989074707 30437 0
0.47069573402404785 0.14346814155578613 30384 0
0.45815396308898926 0.19569110870361328 29574 0
0.4304494857788086 0.14677906036376953 29633 0
0.45506954193115234 0.14077043533325195 30999 0
0.4845144748687744 0.13989996910095215 29758 0
0.4765162467956543 0.1914994716644287 29369 0
0.4676089286804199 0.2109377384185791 29285 0
0.40681028366088867 0.12651634216308594 28374 0
0.46844935417175293 0.1257021427154541 29067 0
0.4659101963043213 0.154693603515625 29422 0
0.4397578239440918 0.15831232070922852 30111 0
0.45766615867614746 0.20150351524353027 29969 0
0.46091532707214355 0.17830848693847656 30263 0
0.4555480480194092 0.22248601913452148 29684 0
0.4544045925140381 0.1459798812866211 30682 0
0.4711742401123047 0.12966060638427734 30145 0
