0.14037489891052246 0.004553556442260742 197337 0
0.138657808303833 0.003417491912841797 197861 0
0.14249229431152344 0.005100250244140625 197610 0
0.14509844779968262 0.003835916519165039 197854 0
0.1391294002532959 0.005019187927246094 199195 0
0.1442701816558838 0.003279447555541992 199292 0
0.14183306694030762 0.004325389862060547 199541 0
0.14172053337097168 0.0031630992889404297 198912 0
0.14565300941467285 0.003267049789428711 198660 0
0.14357423782348633 0.003160238265991211 199108 0
0.1499030590057373 0.003343343734741211 198621 0
0.13916325569152832 0.0035483837127685547 199015 0
0.14350461959838867 0.008640050888061523 199161 0
0.14527487754821777 0.003476858139038086 198810 0
0.14774823188781738 0.003316164016723633 199053 0
0.14352631568908691 0.004715442657470703 199390 0
0.14242315292358398 0.0035071372985839844 199352 0
0.14211273193359375 0.0034127235412597656 199244 0
0.14748358726501465 0.0032796859741210938 199708 0
0.13984894752502441 0.0031795501708984375 199557 0
0.1388840675354004 0.0035386085510253906 199518 0
0.14989662170410156 0.003190755844116211 199567 0
0.14656782150268555 0.004210948944091797 199315 0
0.14406180381774902 0.0033147335052490234 199360 0
0.14200353622436523 0.004117727279663086 199594 0
0.15241169929504395 0.003422260284423828 199762 0
0.1380467414855957 0.0040700435638427734 199589 0
0.14059853553771973 0.004094362258911133 199842 0
0.14311933517456055 0.003302335739135742 199716 0
0.14598798751831055 0.003184080123901367 199979 0
0.14206957817077637 0.0032732486724853516 199959 0
0.14004063606262207 0.003238201141357422 200098 0
0.14857959747314453 0.0033113956451416016 200277 0
0.15004897117614746 0.0031807422637939453 200067 0
0.14999175071716309 0.003333568572998047 200084 0
0.13888144493103027 0.0031769275665283203 200307 0
0.14900636672973633 0.0032999515533447266 200059 0
0.14522409439086914 0.003227710723876953 199494 0
0.14538192749023438 0.0033257007598876953 199762 0
0.14636802673339844 0.003171205520629883 199269 0
0.13942503929138184 0.003381967544555664 199603 0
0.1428999900817871 0.004441738128662109 199822 0
0.1429157257080078 0.003280162811279297 199633 0
0.14137887954711914 0.0032625198364257812 199827 0
0.1405506134033203 0.00437164306640625 200224 0
0.13974261283874512 0.0032508373260498047 200215 0
0.1423330307006836 0.003681182861328125 200270 0
0.14409184455871582 0.003192901611328125 200696 0
0.14588546752929688 0.003278017044067383 200144 0
0.14667463302612305 0.0031769275665283203 200110 0
0.14091277122497559 0.00327301025390625 200258 0
0.1471107006072998 0.003972768783569336 199558 0
0.13915443420410156 0.0035223960876464844 199380 0
0.15060782432556152 0.0033173561096191406 199902 0
0.14576196670532227 0.003271818161010742 199996 0
0.14515066146850586 0.004173755645751953 200405 0
0.14055800437927246 0.004666805267333984 200772 0
0.13965129852294922 0.004092693328857422 200337 0
0.140946626663208 0.004797935485839844 200363 0
0.1415092945098877 0.003881216049194336 200573 0
0.14334678649902344 0.003408670425415039 199979 0
0.1509411334991455 0.004946231842041016 199485 0
0.14889836311340332 0.0032622814178466797 199625 0
0.14664626121520996 0.0032231807708740234 198986 0
0.1454622745513916 0.004165172576904297 199124 0
0.14280343055725098 0.003599405288696289 199217 0
0.14719009399414062 0.0033767223358154297 198723 0
0.1452162265777588 0.0031714439392089844 198555 0
0.1430187225341797 0.004096031188964844 198431 0
0.14056181907653809 0.004654407501220703 197884 0
0.14354586601257324 0.0032668113708496094 198097 0
0.14536190032958984 0.0031626224517822266 198241 0
0.14568138122558594 0.0035724639892578125 197846 0
0.14352202415466309 0.003788471221923828 197947 0
0.14533329010009766 0.004151344299316406 198147 0
0.15131688117980957 0.003681182861328125 198023 0
0.14770102500915527 0.0032508373260498047 197983 0
0.1462714672088623 0.0032248497009277344 198152 0
0.14737582206726074 0.003346681594848633 197890 0
0.1474471092224121 0.0031976699829101562 197879 0
0.14182114601135254 0.0041351318359375 197953 0
0.14589643478393555 0.003201723098754883 199178 0
0.14737844467163086 0.003269195556640625 198361 0
0.1444089412689209 0.0032126903533935547 198485 0
0.14768028259277344 0.003278017044067383 199271 0
0.14174461364746094 0.004415035247802734 199363 0
0.1446666717529297 0.0039119720458984375 199625 0
0.1442549228668213 0.004113912582397461 199246 0
0.13952994346618652 0.003281831741333008 199180 0
0.13937091827392578 0.0031845569610595703 199635 0
0.14907598495483398 0.0040662288665771484 199289 0
0.14202380180358887 0.0035638809204101562 199397 0
0.14743375778198242 0.003322601318359375 199761 0
0.1418766975402832 0.00341033935546875 199680 0
0.14827799797058105 0.003334522247314453 199533 0
0.14197993278503418 0.0032701492309570312 200033 0
0.14464497566223145 0.003686666488647461 200298 0
0.1459941864013672 0.003173351287841797 200395 0
0.14194679260253906 0.0038259029388427734 200793 0
0.1432638168334961 0.0031762123107910156 200370 0
0.14476966857910156 0.0032799243927001953 200414 0
0.14377570152282715 0.003470897674560547 200548 0
0.1475517749786377 0.004381418228149414 200047 0
0.14298462867736816 0.004493236541748047 199943 0
0.1425313949584961 0.0032701492309570312 200107 0
0.14805316925048828 0.003210306167602539 199831 0
0.14331650733947754 0.003523111343383789 200082 0
0.1409921646118164 0.0031745433807373047 200326 0
0.14386534690856934 0.0033457279205322266 200113 0
0.14281964302062988 0.0031805038452148438 199911 0
0.14406037330627441 0.0032804012298583984 199979 0
0.14475774765014648 0.0032765865325927734 199980 0
0.1422288417816162 0.005179405212402344 199943 0
0.1412642002105713 0.004126310348510742 200059 0
0.13952875137329102 0.003628969192504883 200018 0
0.14388322830200195 0.003625631332397461 200487 0
0.15507173538208008 0.0033006668090820312 200932 0
0.14169049263000488 0.004025697708129883 200262 0
0.1454601287841797 0.0033254623413085938 200458 0
0.14490628242492676 0.003189563751220703 200490 0
0.14516663551330566 0.0033190250396728516 200041 0
0.14369916915893555 0.0032753944396972656 200365 0
0.14775419235229492 0.003275156021118164 200703 0
0.1455087661743164 0.003261566162109375 200299 0
0.14461064338684082 0.0032808780670166016 200390 0
0.14191269874572754 0.0031867027282714844 200832 0
0.14898371696472168 0.0032720565795898438 200562 0
0.1463453769683838 0.003318309783935547 200735 0
0.14565253257751465 0.00398707389831543 201240 0
0.13970136642456055 0.0033321380615234375 200840 0
0.14223217964172363 0.0040357112884521484 201128 0
0.15325188636779785 0.004422187805175781 201598 0
0.14598703384399414 0.0036821365356445312 201532 0
0.1515655517578125 0.0033524036407470703 201666 0
0.14703369140625 0.0033774375915527344 202344 0
0.14382624626159668 0.0042684078216552734 201883 0
0.14461278915405273 0.003301382064819336 202057 0
0.145707368850708 0.0032508373260498047 202495 0
0.1447610855102539 0.003283262252807617 202008 0
0.1410970687866211 0.003365039825439453 202343 0
0.1466069221496582 0.003347635269165039 203085 0
0.14418458938598633 0.0032377243041992188 202600 0
0.15008068084716797 0.0033292770385742188 202512 0
0.14506101608276367 0.005239009857177734 202742 0
0.15135574340820312 0.004594087600708008 202435 0
0.14950060844421387 0.004681825637817383 202776 0
0.14675521850585938 0.003884553909301758 203169 0
0.14877557754516602 0.0031969547271728516 202836 0
0.14972400665283203 0.003288745880126953 202862 0
0.14640259742736816 0.0032432079315185547 203419 0
0.14287376403808594 0.003583192825317383 202586 0
0.1432480812072754 0.004185914993286133 202734 0
0.14722347259521484 0.003360271453857422 203277 0
0.14449071884155273 0.0032739639282226562 202913 0
0.14650368690490723 0.0032956600189208984 203167 0
0.14427423477172852 0.0047953128814697266 203551 0
0.14341115951538086 0.0033807754516601562 203101 0
0.14647459983825684 0.0035076141357421875 203044 0
0.1526336669921875 0.0033376216888427734 203612 0
0.14716053009033203 0.0033316612243652344 203394 0
0.14368367195129395 0.003514528274536133 203307 0
0.14917874336242676 0.0033447742462158203 203769 0
0.1479170322418213 0.0033843517303466797 202598 0
0.14869022369384766 0.003241300582885742 202730 0
0.14566802978515625 0.003307819366455078 204890 0
0.14109301567077637 0.0038657188415527344 203667 0
0.14205646514892578 0.003676891326904297 203571 0
0.14171123504638672 0.0033135414123535156 204161 0
0.14887046813964844 0.0032999515533447266 203266 0
0.15116596221923828 0.0031960010528564453 203815 0
0.14603447914123535 0.0033049583435058594 204630 0
0.14644384384155273 0.003272533416748047 204057 0
0.14191389083862305 0.003740549087524414 204149 0
0.14957094192504883 0.0037217140197753906 204564 0
0.14826440811157227 0.003330707550048828 203927 0
0.1547257900238037 0.005167245864868164 203945 0
0.1578836441040039 0.0033648014068603516 204041 0
0.14818906784057617 0.004017353057861328 203388 0
0.1425631046295166 0.0036725997924804688 203100 0
0.1502399444580078 0.003448963165283203 203768 0
0.14547300338745117 0.004271268844604492 202540 0
0.14760875701904297 0.0032002925872802734 202102 0
0.14836668968200684 0.003338336944580078 203094 0
0.1437830924987793 0.003242015838623047 201798 0
0.14641785621643066 0.0033330917358398438 202562 0
0.1485438346862793 0.003200531005859375 202879 0
0.15046405792236328 0.0032889842987060547 202399 0
0.14815568923950195 0.0032012462615966797 202126 0
0.14501404762268066 0.0033550262451171875 202567 0
0.1481008529663086 0.0032095909118652344 202365 0
0.1412203311920166 0.003350973129272461 202132 0
0.14576387405395508 0.004336357116699219 202341 0
0.15033960342407227 0.0032830238342285156 201896 0
0.14282894134521484 0.003876209259033203 201899 0
0.14416861534118652 0.005135536193847656 201927 0
0.14504075050354004 0.003183603286743164 201309 0
0.1523590087890625 0.003273487091064453 201161 0
0.14165663719177246 0.0046193599700927734 201498 0
0.14006590843200684 0.004457950592041016 200324 0
0.14443206787109375 0.003186464309692383 200514 0
0.1336076259613037 0.0032570362091064453 194426 0
0.13344454765319824 0.003167390823364258 194363 0
0.14132356643676758 0.0040607452392578125 194351 0
0.13912606239318848 0.004546403884887695 194409 0
0.13997340202331543 0.0047779083251953125 194941 0
0.1395556926727295 0.0031871795654296875 195317 0
0.14416122436523438 0.0032682418823242188 195292 0
0.13991594314575195 0.003165721893310547 195294 0
0.14075732231140137 0.003834247589111328 195789 0
0.1396775245666504 0.004307270050048828 195364 0
0.1363990306854248 0.0039141178131103516 195450 0
0.13625288009643555 0.004111289978027344 195427 0
0.13632869720458984 0.0034618377685546875 195115 0
0.14098906517028809 0.003639698028564453 194850 0
0.13582515716552734 0.0033636093139648438 195086 0
0.13919281959533691 0.00342559814453125 194599 0
0.13507890701293945 0.003271818161010742 195016 0
0.13788509368896484 0.00516200065612793 195763 0
0.13643765449523926 0.0033655166625976562 195786 0
0.13582372665405273 0.0031518936157226562 195753 0
0.13576984405517578 0.003319978713989258 196197 0
0.13599562644958496 0.003163576126098633 195689 0
0.13349437713623047 0.0033621788024902344 195793 0
0.1350550651550293 0.0031654834747314453 196146 0
0.14316344261169434 0.003270864486694336 195782 0
0.13851118087768555 0.00318145751953125 195531 0
0.14401483535766602 0.003600597381591797 195742 0
0.14405131340026855 0.005464792251586914 195633 0
0.13565850257873535 0.003350496292114258 195449 0
0.1355266571044922 0.0031714439392089844 195654 0
0.13787460327148438 0.0033178329467773438 195402 0
0.14186358451843262 0.0042324066162109375 195175 0
0.13992810249328613 0.0038411617279052734 195251 0
0.13703083992004395 0.0032439231872558594 195489 0
0.14469695091247559 0.00396418571472168 195981 0
0.13708734512329102 0.004316568374633789 196038 0
0.13393402099609375 0.0032961368560791016 195537 0
0.1419215202331543 0.003976583480834961 195650 0
0.13820219039916992 0.003335237503051758 195672 0
0.14352130889892578 0.003989219665527344 195204 0
0.1367967128753662 0.0034911632537841797 195021 0
0.1412639617919922 0.0035521984100341797 195382 0
0.13667035102844238 0.003491640090942383 195291 0
0.13396358489990234 0.0032126903533935547 194870 0
0.14104413986206055 0.003603696823120117 194726 0
0.13373041152954102 0.003338336944580078 194122 0
0.13351702690124512 0.004400730133056641 194219 0
0.13523316383361816 0.0033311843872070312 194773 0
0.13877606391906738 0.003293752670288086 194608 0
0.1365947723388672 0.00487208366394043 194537 0
0.14424562454223633 0.0048906803131103516 194869 0
0.13496184349060059 0.0032341480255126953 194408 0
0.13726282119750977 0.0032465457916259766 194479 0
0.1333761215209961 0.003746509552001953 194665 0
0.13906216621398926 0.0032546520233154297 194191 0
0.13828396797180176 0.003155946731567383 194501 0
0.13588571548461914 0.0032668113708496094 194647 0
0.1345806121826172 0.0045909881591796875 194470 0
0.1397242546081543 0.00499272346496582 194101 0
0.14071369171142578 0.0035059452056884766 194396 0
0.13892006874084473 0.003292560577392578 193801 0
0.14374136924743652 0.0031812191009521484 194010 0
0.13660383224487305 0.0037889480590820312 194206 0
0.1364758014678955 0.0041179656982421875 194100 0
0.13517212867736816 0.003977298736572266 194496 0
0.13811254501342773 0.003171205520629883 194621 0
0.14019989967346191 0.0037260055541992188 194516 0
0.13426971435546875 0.0031654834747314453 194577 0
0.1351795196533203 0.0034003257751464844 194612 0
0.13116693496704102 0.0031502246856689453 194049 0
0.139024019241333 0.0038716793060302734 193914 0
0.13773012161254883 0.003272533416748047 194204 0
0.14067697525024414 0.0057146549224853516 193932 0
0.13554763793945312 0.0031557083129882812 193889 0
0.13994359970092773 0.003319263458251953 193723 0
0.135528564453125 0.0032501220703125 193826 0
0.1362299919128418 0.0034127235412597656 194555 0
0.13961267471313477 0.0032253265380859375 194200 0
0.1352839469909668 0.0032672882080078125 194474 0
0.14122843742370605 0.003274679183959961 195082 0
0.13575387001037598 0.0034329891204833984 194915 0
0.13574457168579102 0.003160238265991211 194791 0
0.14478254318237305 0.003434419631958008 195460 0
0.13845467567443848 0.0031669139862060547 195030 0
0.13994359970092773 0.004003763198852539 195178 0
0.13969111442565918 0.004024505615234375 195405 0
0.14160633087158203 0.003743410110473633 194986 0
0.13468694686889648 0.003167867660522461 195052 0
0.13500189781188965 0.0032606124877929688 195053 0
0.13329124450683594 0.003209352493286133 194610 0
0.13408303260803223 0.0034554004669189453 194526 0
0.13784098625183105 0.0031604766845703125 194689 0
0.13976263999938965 0.0033223628997802734 194135 0
0.13677215576171875 0.004351139068603516 194040 0
0.13843631744384766 0.005347728729248047 194329 0
0.13727498054504395 0.004159450531005859 194683 0
0.1445484161376953 0.0032906532287597656 194809 0
0.13475704193115234 0.0034613609313964844 195171 0
0.13646745681762695 0.0032701492309570312 195102 0
0.14026665687561035 0.003275156021118164 195199 0
0.1338024139404297 0.003732919692993164 195835 0
0.13670110702514648 0.004508018493652344 195510 0
0.1395864486694336 0.0033311843872070312 195186 0
0.1403186321258545 0.00362396240234375 195443 0
0.14096474647521973 0.005124092102050781 195439 0
0.14602422714233398 0.00490117073059082 195115 0
0.14192843437194824 0.0036649703979492188 195250 0
0.1448664665222168 0.004016399383544922 194978 0
0.13977599143981934 0.004162311553955078 194626 0
0.1411879062652588 0.003796815872192383 194676 0
0.1367034912109375 0.003258228302001953 194267 0
0.13460421562194824 0.003174304962158203 194561 0
0.13637638092041016 0.0035059452056884766 195100 0
0.14034199714660645 0.0031540393829345703 195062 0
0.13872671127319336 0.004335641860961914 195059 0
0.13612103462219238 0.0033168792724609375 195675 0
0.13849472999572754 0.0032575130462646484 195028 0
0.13895130157470703 0.004106998443603516 195060 0
0.13573455810546875 0.003309011459350586 195400 0
0.13999366760253906 0.0038139820098876953 194738 0
0.14522075653076172 0.0033369064331054688 194724 0
0.13704204559326172 0.003423929214477539 194793 0
0.1402113437652588 0.0033097267150878906 194605 0
0.13958001136779785 0.004353046417236328 194689 0
0.13518881797790527 0.003917217254638672 194581 0
0.13619780540466309 0.00428009033203125 194020 0
0.13455557823181152 0.004018306732177734 193846 0
0.13371825218200684 0.0032143592834472656 193979 0
0.13529253005981445 0.0032567977905273438 193967 0
0.13812589645385742 0.00450897216796875 194090 0
0.13501977920532227 0.003426790237426758 194197 0
0.14138507843017578 0.004573345184326172 194027 0
0.13567066192626953 0.003256559371948242 193987 0
0.13667798042297363 0.0031676292419433594 194450 0
0.14305377006530762 0.0032660961151123047 193915 0
0.1366128921508789 0.0031599998474121094 194286 0
0.13618230819702148 0.0032591819763183594 194424 0
0.13469672203063965 0.003152132034301758 194257 0
0.13261795043945312 0.003256559371948242 194266 0
0.1343679428100586 0.003168344497680664 194819 0
0.13531279563903809 0.003426074981689453 194532 0
0.14029383659362793 0.004051923751831055 194329 0
0.1372678279876709 0.0033152103424072266 194195 0
0.13512372970581055 0.0033867359161376953 193904 0
0.13835501670837402 0.003673553466796875 194057 0
0.13608241081237793 0.0032279491424560547 194562 0
0.13522076606750488 0.0032694339752197266 194377 0
0.13718652725219727 0.004757404327392578 194257 0
0.13451743125915527 0.0033609867095947266 194404 0
0.13376092910766602 0.003206491470336914 193979 0
0.13991522789001465 0.0032606124877929688 193824 0
0.13500738143920898 0.004511594772338867 193955 0
0.1351146697998047 0.003540515899658203 193588 0
0.1393566131591797 0.003277301788330078 193437 0
0.1353626251220703 0.004102945327758789 193611 0
0.14342212677001953 0.0031964778900146484 193280 0
0.13249778747558594 0.003272533416748047 192982 0
0.14234590530395508 0.0043218135833740234 192845 0
0.1363070011138916 0.0033996105194091797 192362 0
0.13237595558166504 0.0031702518463134766 192673 0
0.13440275192260742 0.0033447742462158203 192519 0
0.1346747875213623 0.0031442642211914062 192524 0
0.1356668472290039 0.003282308578491211 192486 0
0.13911795616149902 0.003214597702026367 194869 0
0.14135241508483887 0.003894329071044922 194855 0
0.14673614501953125 0.003167867660522461 195006 0
0.1390070915222168 0.0036873817443847656 195660 0
0.14070534706115723 0.0034263134002685547 195152 0
0.13433146476745605 0.003282308578491211 195081 0
0.13511228561401367 0.0031676292419433594 195136 0
0.1417703628540039 0.003265857696533203 194441 0
0.13548517227172852 0.003640413284301758 194214 0
0.13821649551391602 0.0032711029052734375 195005 0
0.14146876335144043 0.005170345306396484 194962 0
0.1340186595916748 0.0036618709564208984 195311 0
0.14886069297790527 0.0032258033752441406 196357 0
0.13547086715698242 0.004076242446899414 196356 0
0.14241600036621094 0.0038530826568603516 196346 0
0.13732337951660156 0.0033566951751708984 196843 0
0.14524269104003906 0.0031855106353759766 196333 0
0.14087820053100586 0.0032796859741210938 196443 0
0.14461755752563477 0.0031974315643310547 196592 0
0.1439523696899414 0.0033521652221679688 196377 0
0.14367175102233887 0.0032477378845214844 196331 0
0.1360917091369629 0.0034170150756835938 197081 0
0.14017987251281738 0.0034575462341308594 196842 0
0.13737821578979492 0.003927469253540039 196561 0
0.13658356666564941 0.0031888484954833984 197276 0
0.14615154266357422 0.00334930419921875 196466 0
0.13732242584228516 0.003242969512939453 196005 0
0.14724135398864746 0.0032775402069091797 196527 0
0.13733291625976562 0.0033311843872070312 195944 0
0.13600730895996094 0.0032629966735839844 195510 0
0.14546680450439453 0.0031769275665283203 195785 0
0.13815522193908691 0.0037946701049804688 195106 0
0.13817310333251953 0.004107952117919922 195378 0
0.13613247871398926 0.003541231155395508 195273 0
0.13747453689575195 0.0050847530364990234 194643 0
0.13845252990722656 0.003294706344604492 194630 0
0.1385800838470459 0.004240989685058594 195001 0
0.14098191261291504 0.004304170608520508 197740 0
0.1517329216003418 0.0032300949096679688 198511 0
0.1403355598449707 0.003284931182861328 197241 0
0.1420118808746338 0.0031995773315429688 197286 0
0.14116191864013672 0.004165172576904297 198139 0
0.14656376838684082 0.0035767555236816406 196646 0
0.14010024070739746 0.005021810531616211 196740 0
0.14507627487182617 0.003245830535888672 198063 0
0.1377849578857422 0.0033521652221679688 196678 0
0.14319539070129395 0.003812551498413086 196215 0
0.14764904975891113 0.0033235549926757812 197057 0
0.14412641525268555 0.004855632781982422 195855 0
0.14472603797912598 0.003803730010986328 195553 0
0.14345717430114746 0.004487752914428711 196443 0
0.14915084838867188 0.004421710968017578 194100 0
0.14043188095092773 0.0040476322174072266 194579 0
0.13911175727844238 0.0033347606658935547 195169 0
0.14420533180236816 0.0031723976135253906 193923 0
0.14184904098510742 0.0032646656036376953 194074 0
0.13772821426391602 0.0031719207763671875 194867 0
0.13588809967041016 0.0032651424407958984 193937 0
0.14106059074401855 0.004339694976806641 194442 0
0.1431593894958496 0.003320932388305664 195367 0
0.1385345458984375 0.003162384033203125 193816 0
0.13513469696044922 0.004479885101318359 193992 0
0.14684367179870605 0.0032095909118652344 194730 0
0.14192819595336914 0.0032529830932617188 193586 0
0.13865017890930176 0.0032558441162109375 193582 0
0.1438004970550537 0.003260374069213867 194135 0
0.13531017303466797 0.003158092498779297 193670 0
0.1386275291442871 0.0032558441162109375 193767 0
0.14393305778503418 0.0031762123107910156 194784 0
0.14583873748779297 0.0032835006713867188 194427 0
0.1436610221862793 0.0031735897064208984 194754 0
0.14222431182861328 0.003910064697265625 195426 0
0.13839006423950195 0.0031783580780029297 194749 0
0.14449691772460938 0.003294229507446289 194682 0
0.14190888404846191 0.003173828125 195538 0
0.14520001411437988 0.0033447742462158203 194182 0
0.13812994956970215 0.0032389163970947266 194228 0
0.14292359352111816 0.005570173263549805 195488 0
0.1436755657196045 0.00472259521484375 194285 0
0.14566826820373535 0.0035500526428222656 194246 0
0.1386854648590088 0.0032329559326171875 195465 0
0.1392378807067871 0.003283977508544922 194204 0
0.14270281791687012 0.00342559814453125 194356 0
0.13839507102966309 0.0032732486724853516 195070 0
0.13958406448364258 0.004544973373413086 194278 0
0.13922357559204102 0.0032813549041748047 194626 0
0.14578652381896973 0.003220796585083008 195890 0
0.1439225673675537 0.004332065582275391 194561 0
0.14690494537353516 0.0032014846801757812 195136 0
0.14451265335083008 0.003290414810180664 195698 0
0.1432206630706787 0.003232240676879883 194476 0
0.1398768424987793 0.0036656856536865234 194486 0
0.14301848411560059 0.003222942352294922 194684 0
0.14155244827270508 0.003277301788330078 193953 0
0.14118528366088867 0.004515886306762695 194199 0
0.14458823204040527 0.004968166351318359 194793 0
0.14228391647338867 0.004494428634643555 193701 0
0.14548420906066895 0.003310680389404297 194064 0
0.14422082901000977 0.0036840438842773438 195007 0
0.14786219596862793 0.004498720169067383 194309 0
0.142714262008667 0.003917694091796875 194149 0
0.15074777603149414 0.003936052322387695 195139 0
0.1363389492034912 0.003178119659423828 194227 0
0.14000535011291504 0.0033502578735351562 194123 0
0.14673495292663574 0.003912448883056641 194899 0
0.15460586547851562 0.0035321712493896484 194099 0
0.13814902305603027 0.0040590763092041016 194116 0
0.14239764213562012 0.0032634735107421875 194756 0
0.14229059219360352 0.005085468292236328 193704 0
0.1390979290008545 0.003271818161010742 193417 0
0.14299273490905762 0.0031800270080566406 194817 0
0.14291930198669434 0.00394129753112793 193471 0
0.14690375328063965 0.0032100677490234375 193845 0
0.1453855037689209 0.004070758819580078 194226 0
0.14513587951660156 0.0031964778900146484 193310 0
0.14099383354187012 0.003843069076538086 193429 0
0.14112019538879395 0.005014896392822266 193997 0
0.13667964935302734 0.0035161972045898438 193017 0
0.13807439804077148 0.0031769275665283203 193072 0
0.13811087608337402 0.0038442611694335938 193259 0
0.138350248336792 0.0031549930572509766 192420 0
0.13895392417907715 0.003919363021850586 192733 0
0.13588547706604004 0.003264904022216797 192921 0
0.1397418975830078 0.0033180713653564453 192090 0
0.14457964897155762 0.0032050609588623047 191761 0
0.14540791511535645 0.003284454345703125 192468 0
0.13956403732299805 0.004887104034423828 191204 0
0.14051055908203125 0.004033803939819336 190907 0
0.14092373847961426 0.004255533218383789 191497 0
0.13574743270874023 0.003237485885620117 190373 0
0.13710498809814453 0.0033271312713623047 190484 0
0.1464219093322754 0.0032460689544677734 191017 0
0.1393146514892578 0.0037429332733154297 189500 0
0.13391804695129395 0.0032765865325927734 189349 0
0.14376187324523926 0.003139019012451172 190300 0
0.1340951919555664 0.003242015838623047 188861 0
0.14114618301391602 0.004052877426147461 188651 0
0.13790678977966309 0.0034775733947753906 189511 0
0.13832330703735352 0.003383636474609375 188589 0
0.13338923454284668 0.0037724971771240234 188583 0
0.1416153907775879 0.00377655029296875 189250 0
0.14293956756591797 0.004613399505615234 187722 0
0.13567757606506348 0.003316640853881836 187445 0
0.1363084316253662 0.0044214725494384766 188297 0
0.1362931728363037 0.00337982177734375 187789 0
0.14087438583374023 0.003298044204711914 187738 0
0.13619136810302734 0.003914356231689453 188757 0
0.14508438110351562 0.0036957263946533203 187674 0
0.13712382316589355 0.0031359195709228516 187850 0
0.1464848518371582 0.0032596588134765625 188377 0
0.13619422912597656 0.003283977508544922 187441 0
0.13612008094787598 0.003225088119506836 187228 0
0.13895678520202637 0.003261089324951172 188492 0
0.14060497283935547 0.0045642852783203125 187391 0
0.14233851432800293 0.0031328201293945312 187378 0
0.13353514671325684 0.0032308101654052734 188233 0
0.13287901878356934 0.0031270980834960938 187208 0
0.1340174674987793 0.0034143924713134766 187165 0
0.14298272132873535 0.003148794174194336 187832 0
0.13360309600830078 0.0033979415893554688 186604 0
0.13976502418518066 0.0046389102935791016 187005 0
0.1318962574005127 0.0036742687225341797 187428 0
0.13398385047912598 0.0031418800354003906 186474 0
0.1378343105316162 0.004194736480712891 186867 0
0.13780474662780762 0.003141641616821289 187510 0
0.1322495937347412 0.0032196044921875 185618 0
0.1316373348236084 0.0031270980834960938 185832 0
0.13529300689697266 0.004818916320800781 186088 0
0.13711833953857422 0.003165006637573242 185557 0
0.14075636863708496 0.0032892227172851562 185442 0
0.13624787330627441 0.003323793411254883 186106 0
0.1366281509399414 0.0034706592559814453 185514 0
0.13833022117614746 0.005040407180786133 185437 0
0.1353750228881836 0.003865957260131836 185980 0
0.13814473152160645 0.0031251907348632812 185628 0
0.1394786834716797 0.0032196044921875 187410 0
0.14107465744018555 0.005316257476806641 188038 0
0.13767457008361816 0.003224611282348633 187115 0
0.13278508186340332 0.003114461898803711 187121 0
0.13930177688598633 0.0033016204833984375 187672 0
0.13821029663085938 0.004628896713256836 186840 0
0.13343119621276855 0.003215312957763672 186612 0
0.143876314163208 0.004712104797363281 187522 0
0.13460493087768555 0.0032341480255126953 186878 0
0.13754725456237793 0.004647731781005859 186785 0
0.13409638404846191 0.003353595733642578 187803 0
0.13641905784606934 0.0032935142517089844 187652 0
0.13979077339172363 0.004880428314208984 188332 0
0.13799834251403809 0.003907918930053711 187445 0
0.13491392135620117 0.003310680389404297 187887 0
0.13660979270935059 0.003185272216796875 188837 0
0.13959240913391113 0.004475593566894531 187945 0
0.14156341552734375 0.0041179656982421875 187869 0
0.14585089683532715 0.0040493011474609375 188218 0
0.14180541038513184 0.0031473636627197266 187861 0
0.13559818267822266 0.0034596920013427734 191359 0
0.1344771385192871 0.0032210350036621094 190990 0
0.13898611068725586 0.0032880306243896484 190942 0
0.13642263412475586 0.00315093994140625 191459 0
0.1406252384185791 0.003244161605834961 190957 0
0.14086151123046875 0.004351377487182617 190736 0
0.1407608985900879 0.0033283233642578125 191381 0
0.13996481895446777 0.004390239715576172 190631 0
0.13825106620788574 0.0032367706298828125 190559 0
0.14073944091796875 0.0032987594604492188 191344 0
0.1353304386138916 0.0033121109008789062 190184 0
0.1340489387512207 0.003710031509399414 190049 0
0.13380956649780273 0.00325775146484375 190603 0
0.1414194107055664 0.0034601688385009766 189508 0
0.13991951942443848 0.003306865692138672 189427 0
0.13760042190551758 0.0032155513763427734 189812 0
0.13333535194396973 0.0032384395599365234 188863 0
0.1392674446105957 0.0035631656646728516 189165 0
0.13666868209838867 0.0037283897399902344 189263 0
0.13637137413024902 0.003236532211303711 188444 0
0.14364862442016602 0.0032930374145507812 188831 0
0.13857007026672363 0.003136157989501953 189496 0
0.1405777931213379 0.005742549896240234 188848 0
0.13527894020080566 0.0031468868255615234 188880 0
0.14330458641052246 0.0032444000244140625 190232 0
0.13730359077453613 0.004852294921875 189179 0
0.1422257423400879 0.0033168792724609375 189387 0
0.13847923278808594 0.003353118896484375 190371 0
0.13610339164733887 0.0032491683959960938 189619 0
0.13463878631591797 0.0031502246856689453 189635 0
0.13701820373535156 0.0032758712768554688 190774 0
0.13826799392700195 0.003160238265991211 190212 0
0.13526082038879395 0.003324270248413086 190304 0
0.1398448944091797 0.0036940574645996094 191274 0
0.14150500297546387 0.0033218860626220703 190260 0
0.13422870635986328 0.004042387008666992 190552 0
0.13603448867797852 0.003312826156616211 191794 0
0.13524675369262695 0.003207683563232422 190618 0
0.13827848434448242 0.004273414611816406 190692 0
0.14498376846313477 0.0032503604888916016 191952 0
0.13613605499267578 0.004683256149291992 190949 0
0.13529133796691895 0.0031566619873046875 191080 0
0.13683366775512695 0.003254413604736328 191888 0
0.13765382766723633 0.0033881664276123047 190975 0
0.14171075820922852 0.003962516784667969 191068 0
0.14709830284118652 0.003152608871459961 192046 0
0.1492307186126709 0.0035140514373779297 202628 0
0.15216064453125 0.0032491683959960938 202237 0
0.14290380477905273 0.0036973953247070312 202274 0
0.1441664695739746 0.003945350646972656 202831 0
0.14155292510986328 0.004908323287963867 202247 0
0.1425023078918457 0.003925323486328125 202224 0
0.14330434799194336 0.004675388336181641 203055 0
0.14067602157592773 0.0035212039947509766 202298 0
0.14214801788330078 0.003360748291015625 202527 0
0.14150309562683105 0.0034537315368652344 202996 0
0.142134428024292 0.003349781036376953 202678 0
0.1468973159790039 0.0044515132904052734 202689 0
0.141859769821167 0.0033435821533203125 203284 0
0.14874720573425293 0.0032765865325927734 202565 0
0.14039921760559082 0.003432035446166992 202811 0
0.14552927017211914 0.003972053527832031 203350 0
0.145186185836792 0.0040209293365478516 202858 0
0.14011549949645996 0.0032618045806884766 202789 0
0.14925193786621094 0.0034711360931396484 203392 0
0.1413135528564453 0.004018306732177734 203089 0
0.14869356155395508 0.0033512115478515625 203111 0
0.142317533493042 0.0033643245697021484 203668 0
0.1418929100036621 0.004533290863037109 203262 0
0.1435565948486328 0.0032939910888671875 203025 0
0.15244770050048828 0.003421783447265625 204291 0
0.14293837547302246 0.003755331039428711 203758 0
0.14912939071655273 0.0034127235412597656 204244 0
0.14484739303588867 0.0032854080200195312 205427 0
0.14490962028503418 0.004144906997680664 205166 0
0.14548850059509277 0.0032720565795898438 205140 0
0.14790558815002441 0.0033729076385498047 206184 0
0.1421070098876953 0.004334688186645508 205227 0
0.144456148147583 0.004658222198486328 205647 0
0.14561796188354492 0.0032739639282226562 205952 0
0.14869451522827148 0.0034363269805908203 205624 0
0.1444263458251953 0.004735469818115234 205975 0
0.14977741241455078 0.003368377685546875 206325 0
0.15016937255859375 0.003304719924926758 205617 0
0.14770054817199707 0.0033545494079589844 205345 0
0.1502225399017334 0.0032930374145507812 205622 0
0.14529085159301758 0.0034248828887939453 205288 0
0.1499042510986328 0.004117012023925781 205620 0
0.15123343467712402 0.003376007080078125 206077 0
0.14552617073059082 0.0041844844818115234 205324 0
0.15305066108703613 0.003875255584716797 205765 0
0.14949989318847656 0.003280162811279297 206389 0
0.14870238304138184 0.0033545494079589844 205910 0
0.1536855697631836 0.0032701492309570312 206339 0
0.15163850784301758 0.003371715545654297 206828 0
0.15199804306030273 0.0049266815185546875 206416 0
0.1545414924621582 0.0033621788024902344 206565 0
0.14947819709777832 0.003444194793701172 207148 0
0.15425539016723633 0.00397944450378418 206783 0
0.1477344036102295 0.003515958786010742 206620 0
0.15142035484313965 0.0034170150756835938 207317 0
0.14740633964538574 0.003270387649536133 206781 0
0.15461444854736328 0.0033986568450927734 207366 0
0.15001916885375977 0.003273487091064453 207918 0
0.14752888679504395 0.003371000289916992 207331 0
0.14551687240600586 0.0036079883575439453 207542 0
0.15203452110290527 0.0036339759826660156 208448 0
0.1475064754486084 0.0034246444702148438 207606 0
0.15587329864501953 0.004480838775634766 207944 0
0.15189385414123535 0.0032880306243896484 208626 0
0.15137887001037598 0.003520965576171875 207976 0
0.1451725959777832 0.003722667694091797 207842 0
0.1478254795074463 0.003374338150024414 208757 0
0.14904356002807617 0.0035893917083740234 207814 0
0.15248441696166992 0.0033774375915527344 207596 0
0.1509089469909668 0.0034677982330322266 208280 0
0.14643621444702148 0.003615140914916992 207452 0
0.15780162811279297 0.004251718521118164 207515 0
0.14964628219604492 0.003487825393676758 207846 0
0.15384984016418457 0.0046329498291015625 207293 0
0.1521620750427246 0.00356292724609375 207549 0
0.14905452728271484 0.0032651424407958984 207376 0
0.15524959564208984 0.0034110546112060547 206681 0
0.1504993438720703 0.0033121109008789062 206704 0
0.15283894538879395 0.003390789031982422 207146 0
0.15186405181884766 0.003488302230834961 206082 0
0.1534280776977539 0.004305124282836914 205542 0
0.14579200744628906 0.0037517547607421875 205868 0
0.1498422622680664 0.003473520278930664 204671 0
0.15386414527893066 0.003271341323852539 204327 0
0.152785062789917 0.0033342838287353516 205163 0
0.14562582969665527 0.003268718719482422 204504 0
0.1540391445159912 0.0033736228942871094 204748 0
0.14828944206237793 0.0032684803009033203 205328 0
0.15258359909057617 0.0033676624298095703 204619 0
0.14861798286437988 0.003939151763916016 204540 0
0.1492176055908203 0.0033626556396484375 204697 0
0.14908099174499512 0.0033113956451416016 204465 0
0.1486830711364746 0.003492116928100586 204546 0
0.14801907539367676 0.0033006668090820312 204922 0
0.14337706565856934 0.0034155845642089844 203813 0
0.14591670036315918 0.0032494068145751953 203673 0
0.14989924430847168 0.004514455795288086 204059 0
0.14508724212646484 0.0032672882080078125 203056 0
0.1494739055633545 0.003336191177368164 202622 0
0.15218043327331543 0.0038766860961914062 203349 0
0.14640259742736816 0.0033469200134277344 202344 0
0.1496565341949463 0.003677845001220703 201975 0
0.15182137489318848 0.004669666290283203 202545 0
0.1482524871826172 0.0034918785095214844 201716 0
0.14425420761108398 0.0034384727478027344 201654 0
0.15073204040527344 0.0047588348388671875 202159 0
0.15224003791809082 0.0043218135833740234 201484 0
0.152571439743042 0.00433349609375 201458 0
0.14535808563232422 0.00459742546081543 202160 0
0.1432027816772461 0.003234386444091797 201373 0
0.1444242000579834 0.0034606456756591797 201434 0
0.14908266067504883 0.005749702453613281 201747 0
0.14737534523010254 0.0033385753631591797 201178 0
0.14731955528259277 0.004224538803100586 201074 0
0.14899659156799316 0.0033311843872070312 201405 0
0.14444613456726074 0.0032410621643066406 201102 0
0.15403342247009277 0.004710197448730469 200851 0
0.14625883102416992 0.003242015838623047 201170 0
0.1455368995666504 0.0043294429779052734 200495 0
0.14330267906188965 0.003384828567504883 200364 0
0.1458430290222168 0.0033271312713623047 200924 0
0.14301013946533203 0.0043811798095703125 200077 0
0.14017295837402344 0.003950595855712891 200146 0
0.14856576919555664 0.0032765865325927734 200585 0
0.13922381401062012 0.00405120849609375 199875 0
0.1485004425048828 0.004947662353515625 199884 0
0.1421983242034912 0.003454446792602539 200197 0
0.1438274383544922 0.0032923221588134766 199692 0
0.1449434757232666 0.003374338150024414 199673 0
0.14608001708984375 0.003275156021118164 199941 0
0.14094305038452148 0.004996299743652344 199534 0
0.1506481170654297 0.004805564880371094 199252 0
0.14555001258850098 0.0036406517028808594 199643 0
0.15042328834533691 0.003304719924926758 199065 0
0.1402909755706787 0.004220247268676758 199158 0
0.14963674545288086 0.0033135414123535156 199486 0
0.1432933807373047 0.004262447357177734 199119 0
0.1465160846710205 0.003842592239379883 199137 0
0.1442403793334961 0.003416776657104492 199404 0
0.14246463775634766 0.004431009292602539 198865 0
0.14144253730773926 0.0033054351806640625 198870 0
0.1448042392730713 0.004793405532836914 199226 0
0.14137959480285645 0.0032913684844970703 198609 0
0.14509201049804688 0.0032606124877929688 198529 0
0.1429741382598877 0.00360107421875 198975 0
0.14343810081481934 0.003221750259399414 198469 0
0.14214324951171875 0.004164218902587891 198524 0
0.13846898078918457 0.003222942352294922 198860 0
0.13972902297973633 0.0035734176635742188 198537 0
0.1417090892791748 0.0039081573486328125 198376 0
0.14240264892578125 0.003620147705078125 198483 0
0.14266586303710938 0.003214120864868164 198470 0
0.1433253288269043 0.003838777542114258 198284 0
0.14779949188232422 0.003264188766479492 198543 0
0.14930081367492676 0.0033791065216064453 198382 0
0.15073513984680176 0.0032596588134765625 198446 0
0.14534831047058105 0.0033218860626220703 198494 0
0.14615607261657715 0.0032787322998046875 198476 0
0.147352933883667 0.0037467479705810547 198102 0
0.14192938804626465 0.00432896614074707 198473 0
0.1455094814300537 0.0033833980560302734 198229 0
0.1392357349395752 0.003216981887817383 198375 0
0.14802765846252441 0.0033731460571289062 198590 0
0.13767790794372559 0.0045299530029296875 198150 0
0.13895320892333984 0.003435850143432617 198310 0
0.14476442337036133 0.004189729690551758 198527 0
0.14019060134887695 0.003303050994873047 198293 0
0.14346027374267578 0.003227710723876953 198397 0
0.15224599838256836 0.0034291744232177734 198617 0
0.14219188690185547 0.005009174346923828 198259 0
0.1472327709197998 0.0034127235412597656 198311 0
0.14527273178100586 0.0033156871795654297 198642 0
0.13951992988586426 0.004179954528808594 198670 0
0.1416795253753662 0.0036852359771728516 198383 0
0.14779305458068848 0.003658771514892578 199002 0
0.14214015007019043 0.004701852798461914 198408 0
0.14670753479003906 0.0034117698669433594 198694 0
0.1412804126739502 0.003213167190551758 199019 0
0.1443171501159668 0.0045549869537353516 198608 0
0.1458897590637207 0.0032906532287597656 198624 0
0.14290666580200195 0.004416704177856445 198996 0
0.14472723007202148 0.003238201141357422 198528 0
0.13785314559936523 0.003317117691040039 198605 0
0.14706730842590332 0.0032880306243896484 198733 0
0.13750720024108887 0.003401517868041992 198691 0
0.13800811767578125 0.0032155513763427734 198591 0
0.14183568954467773 0.0040760040283203125 199062 0
0.1442720890045166 0.003225564956665039 198709 0
0.1412360668182373 0.003322601318359375 198660 0
0.14282536506652832 0.003221750259399414 199118 0
0.14495563507080078 0.0033113956451416016 199018 0
0.13975214958190918 0.004117250442504883 199220 0
0.1519029140472412 0.0036780834197998047 199286 0
0.14283180236816406 0.003486156463623047 199254 0
0.14400887489318848 0.004745960235595703 199513 0
0.14343738555908203 0.0032835006713867188 199702 0
0.13982772827148438 0.004264354705810547 199634 0
0.1456916332244873 0.0032188892364501953 199606 0
0.14475297927856445 0.005247831344604492 199606 0
0.14066147804260254 0.0049016475677490234 199497 0
0.1468355655670166 0.004183053970336914 207522 0
0.1524648666381836 0.004289388656616211 207736 0
0.1504671573638916 0.0034372806549072266 207282 0
0.14739608764648438 0.003935575485229492 207567 0
0.14577102661132812 0.0033843517303466797 207835 0
0.15022516250610352 0.0037817955017089844 207303 0
0.1504960060119629 0.0034203529357910156 207581 0
0.15665745735168457 0.00442194938659668 207616 0
0.1458895206451416 0.0033686161041259766 207259 0
0.14935755729675293 0.003553628921508789 207088 0
0.14583539962768555 0.0034513473510742188 206812 0
0.15117454528808594 0.003285646438598633 206987 0
0.14451956748962402 0.0034918785095214844 206966 0
0.14823436737060547 0.0032906532287597656 207441 0
0.14283156394958496 0.0033643245697021484 207228 0
0.15082812309265137 0.0043332576751708984 207121 0
0.14907073974609375 0.003380298614501953 207748 0
0.14392900466918945 0.0048313140869140625 207620 0
0.1455976963043213 0.0034182071685791016 207654 0
0.15071582794189453 0.0033271312713623047 207771 0
0.1495363712310791 0.0038025379180908203 207665 0
0.15027117729187012 0.0032808780670166016 207671 0
0.14888811111450195 0.003467082977294922 207831 0
0.14541029930114746 0.0032815933227539062 207274 0
0.15044355392456055 0.0034317970275878906 207392 0
0.146165132522583 0.0034999847412109375 207733 0
0.14392971992492676 0.0033721923828125 207105 0
0.1484231948852539 0.003278970718383789 207376 0
0.1485428810119629 0.0033636093139648438 207526 0
0.1466066837310791 0.004881381988525391 207276 0
0.145552396774292 0.0036766529083251953 207464 0
0.1511077880859375 0.003735065460205078 207737 0
0.14486908912658691 0.003953456878662109 206978 0
0.14543795585632324 0.0033211708068847656 207086 0
0.14885210990905762 0.0034301280975341797 207240 0
0.14659595489501953 0.0033385753631591797 206921 0
0.14700937271118164 0.003378152847290039 206639 0
0.15881752967834473 0.004077911376953125 206620 0
0.14715099334716797 0.003367185592651367 205850 0
0.15178155899047852 0.0035686492919921875 205567 0
0.14633798599243164 0.003445863723754883 205951 0
0.1465611457824707 0.003305196762084961 205438 0
0.14822793006896973 0.0033559799194335938 205254 0
0.14578938484191895 0.0032701492309570312 205357 0
0.1451406478881836 0.00402522087097168 205194 0
0.1447007656097412 0.0033349990844726562 205217 0
0.15174508094787598 0.0033707618713378906 205366 0
0.14818787574768066 0.0052490234375 204955 0
0.14142060279846191 0.003353118896484375 204690 0
0.14778351783752441 0.003274202346801758 204973 0
0.14395856857299805 0.004560232162475586 204456 0
0.14768695831298828 0.0032892227172851562 204679 0
0.15162920951843262 0.0034110546112060547 203921 0
0.1405787467956543 0.004189491271972656 203966 0
0.1489553451538086 0.0035254955291748047 203452 0
0.1426222324371338 0.00327301025390625 203900 0
0.14626145362854004 0.003494739532470703 203545 0
0.14173555374145508 0.005134105682373047 203905 0
0.14636921882629395 0.0038480758666992188 204035 0
0.14059066772460938 0.0035812854766845703 204037 0
0.14756560325622559 0.003401517868041992 204027 0
0.14456939697265625 0.0034656524658203125 204579 0
0.14323973655700684 0.0034487247467041016 204371 0
0.14338397979736328 0.003270864486694336 204938 0
0.14043474197387695 0.003374814987182617 204632 0
0.14217376708984375 0.005128383636474609 204628 0
0.14335274696350098 0.004057168960571289 204362 0
0.14886808395385742 0.0033555030822753906 204877 0
0.14102554321289062 0.0033655166625976562 204289 0
0.15214991569519043 0.00426030158996582 204387 0
0.1406879425048828 0.003714323043823242 204176 0
0.14240479469299316 0.003281831741333008 204185 0
0.14277076721191406 0.004742145538330078 203808 0
0.14276838302612305 0.004779338836669922 204826 0
0.14356613159179688 0.0033800601959228516 205259 0
0.14091014862060547 0.003282308578491211 205605 0
0.14157438278198242 0.0033719539642333984 205616 0
0.14397072792053223 0.003287792205810547 206215 0
0.14373254776000977 0.0033631324768066406 206202 0
0.14971280097961426 0.003344297409057617 206311 0
0.14684844017028809 0.0035088062286376953 205937 0
0.14241671562194824 0.0033249855041503906 206197 0
0.14465093612670898 0.005397796630859375 202988 0
0.14768528938293457 0.0032570362091064453 203598 0
0.15037274360656738 0.0033440589904785156 202042 0
0.1444087028503418 0.003373384475708008 202585 0
0.14475703239440918 0.004592418670654297 201001 0
0.14932703971862793 0.003255605697631836 201456 0
0.1390550136566162 0.0033919811248779297 201165 0
0.1466372013092041 0.0033006668090820312 200957 0
0.1426992416381836 0.004255533218383789 200627 0
0.15713930130004883 0.0032618045806884766 200798 0
0.14862990379333496 0.0034706592559814453 201222 0
0.14530253410339355 0.003289937973022461 201580 0
0.14442753791809082 0.003574848175048828 201872 0
0.14757871627807617 0.005545139312744141 202327 0
0.14320874214172363 0.004511833190917969 202482 0
0.14305973052978516 0.004710197448730469 202268 0
0.14252495765686035 0.003530740737915039 202362 0
0.14250850677490234 0.00441741943359375 202367 0
0.14229416847229004 0.004050493240356445 202023 0
0.14682221412658691 0.0032622814178466797 202578 0
0.14524555206298828 0.003651142120361328 202602 0
0.14253640174865723 0.00330352783203125 202818 0
0.1421048641204834 0.0033583641052246094 203188 0
0.1391744613647461 0.003329038619995117 203921 0
0.14692306518554688 0.004507780075073242 203352 0
0.14955592155456543 0.0032608509063720703 203768 0
0.14838194847106934 0.003426790237426758 203437 0
0.14505839347839355 0.003649473190307617 204073 0
0.14321470260620117 0.006597042083740234 203930 0
0.14339828491210938 0.0035538673400878906 204258 0
0.1446981430053711 0.003954648971557617 204021 0
0.15009427070617676 0.003696918487548828 204305 0
0.14515924453735352 0.003837108612060547 204045 0
0.14000487327575684 0.0032575130462646484 204005 0
0.14440679550170898 0.004550457000732422 203931 0
0.14702558517456055 0.003320455551147461 204071 0
0.1438145637512207 0.0033609867095947266 203547 0
0.14431095123291016 0.0033292770385742188 203321 0
0.14244461059570312 0.004448652267456055 203302 0
0.14652156829833984 0.0033655166625976562 204164 0
0.1444690227508545 0.0036504268646240234 204421 0
0.14481234550476074 0.005845069885253906 204835 0
0.1467604637145996 0.003637552261352539 204718 0
0.14282894134521484 0.003815889358520508 205572 0
0.1416921615600586 0.004229545593261719 205744 0
0.14325475692749023 0.003401041030883789 206075 0
0.144059419631958 0.0034112930297851562 205623 0
0.14761924743652344 0.0033380985260009766 205934 0
0.14611220359802246 0.003488302230834961 205250 0
0.14285707473754883 0.00403904914855957 205398 0
0.14720964431762695 0.0033578872680664062 205235 0
0.14448881149291992 0.004103899002075195 205035 0
0.1478409767150879 0.0033762454986572266 204469 0
0.14319109916687012 0.0038628578186035156 204828 0
0.15312528610229492 0.0044689178466796875 204378 0
0.14174246788024902 0.003535032272338867 205085 0
0.1415870189666748 0.004463672637939453 204934 0
0.1439681053161621 0.0032825469970703125 205364 0
0.15117359161376953 0.0034334659576416016 205410 0
0.14678692817687988 0.003276348114013672 206089 0
0.14818572998046875 0.0034418106079101562 206007 0
0.1464393138885498 0.0035567283630371094 206414 0
0.14165782928466797 0.004580259323120117 206188 0
0.14338898658752441 0.004273176193237305 206318 0
0.1483607292175293 0.0050008296966552734 205635 0
0.14768362045288086 0.0035097599029541016 205856 0
0.1523280143737793 0.0034151077270507812 205187 0
0.15127182006835938 0.0033254623413085938 205251 0
0.14183473587036133 0.003445148468017578 204961 0
0.14528822898864746 0.004659175872802734 205237 0
0.14104413986206055 0.003395557403564453 205091 0
0.15215802192687988 0.004301548004150391 205714 0
0.1445465087890625 0.0036399364471435547 206110 0
0.14321374893188477 0.0043487548828125 206370 0
0.14496636390686035 0.003391742706298828 208970 0
0.15074944496154785 0.003732442855834961 208673 0
0.1481478214263916 0.003387928009033203 209025 0
0.14385032653808594 0.0033016204833984375 209409 0
0.1529223918914795 0.003442049026489258 209030 0
0.14766168594360352 0.0033006668090820312 209287 0
0.15102028846740723 0.0036444664001464844 209156 0
0.14689087867736816 0.003802061080932617 208715 0
0.15307998657226562 0.003549814224243164 208339 0
0.1487104892730713 0.0033469200134277344 208231 0
0.14319252967834473 0.004343748092651367 206880 0
0.14692926406860352 0.0042133331298828125 206312 0
0.15216279029846191 0.00337982177734375 206043 0
0.14513516426086426 0.0036759376525878906 205384 0
0.14510130882263184 0.003376483917236328 205443 0
0.14229202270507812 0.004121065139770508 205669 0
0.14558792114257812 0.0034198760986328125 204847 0
0.14604401588439941 0.003274679183959961 204882 0
0.1410834789276123 0.0049266815185546875 205174 0
0.14546608924865723 0.0039060115814208984 204411 0
0.14511799812316895 0.003670215606689453 204121 0
0.1450638771057129 0.0032930374145507812 204289 0
0.14121294021606445 0.004083156585693359 203675 0
0.1400613784790039 0.0040454864501953125 203764 0
0.14311003684997559 0.0033550262451171875 204420 0
0.14979863166809082 0.003270387649536133 204500 0
0.14187169075012207 0.0034308433532714844 204539 0
0.14803218841552734 0.00466609001159668 204829 0
0.14738965034484863 0.003432750701904297 204872 0
0.14814472198486328 0.004678010940551758 204266 0
0.13977932929992676 0.004423618316650391 204308 0
0.1498260498046875 0.0033414363861083984 204712 0
0.15433001518249512 0.003353118896484375 204310 0
0.14703154563903809 0.003272533416748047 204561 0
0.14601397514343262 0.003393888473510742 205214 0
0.14274191856384277 0.0032606124877929688 205145 0
0.14731335639953613 0.004486560821533203 205725 0
0.14437127113342285 0.0033295154571533203 205848 0
0.14666104316711426 0.004288434982299805 204113 0
0.13906216621398926 0.0037326812744140625 204542 0
