0.6788702011108398 0.19333672523498535 30066 0
0.6562397480010986 0.20928096771240234 30050 0
0.6971902847290039 0.14876508712768555 30288 0
0.6819067001342773 0.14299488067626953 29909 0
0.6412153244018555 0.21097421646118164 31362 0
0.6772651672363281 0.17960572242736816 31758 0
0.7272088527679443 0.16357684135437012 32096 0
0.6850793361663818 0.13350224494934082 31780 0
0.6560864448547363 0.18177390098571777 31346 0
0.6764936447143555 0.14250946044921875 31808 0
0.6975054740905762 0.15461492538452148 30453 0
0.6542303562164307 0.19923639297485352 28998 0
0.6558244228363037 0.22228026390075684 31018 0
0.6761398315429688 0.1276555061340332 29647 0
0.6501688957214355 0.13346290588378906 23330 0
0.6587278842926025 0.18754124641418457 30057 0
0.6474230289459229 0.17085790634155273 28463 0
0.6344897747039795 0.2192363739013672 27847 0
0.6345770359039307 0.19916510581970215 25895 0
0.6728081703186035 0.13662171363830566 28627 0
0.6782686710357666 0.1544971466064453 29231 0
0.6292710304260254 0.2016899585723877 27104 0
0.6603336334228516 0.22193694114685059 29604 0
0.6565098762512207 0.188157320022583 30816 0
0.6568820476531982 0.21364355087280273 30584 0
0.6827728748321533 0.15414834022521973 30140 0
0.684117317199707 0.14515995979309082 26654 0
0.6536388397216797 0.20695185661315918 29874 0
0.662339448928833 0.20740914344787598 30368 0
0.625899076461792 0.12313675880432129 28680 0
0.6620049476623535 0.21958136558532715 29898 0
0.6705727577209473 0.18266749382019043 30440 0
0.6465413570404053 0.20064401626586914 29365 0
0.640378475189209 0.21284866333007812 29662 0
0.6596202850341797 0.20961236953735352 27522 0
0.6508917808532715 0.18564796447753906 30669 0
0.7004945278167725 0.1468207836151123 34095 0
0.6875731945037842 0.1791701316833496 32268 0
0.6609022617340088 0.18056631088256836 33308 0
0.6554110050201416 0.18343520164489746 31503 0
0.6517796516418457 0.14464211463928223 28084 0
0.6953272819519043 0.1430644989013672 29550 0
0.6588358879089355 0.20749974250793457 31325 0
0.6825261116027832 0.21196937561035156 31455 0
0.6218240261077881 0.21925997734069824 25461 0
0.6512789726257324 0.20493626594543457 31229 0
0.659470796585083 0.2196645736694336 32014 0
0.6599769592285156 0.19842100143432617 29900 0
0.671112060546875 0.1886582374572754 31434 0
0.6965408325195312 0.2099628448486328 31269 0
0.6682298183441162 0.20091605186462402 30809 0
0.6625866889953613 0.20541882514953613 31842 0
0.6867828369140625 0.19513702392578125 31087 0
0.6870315074920654 0.17541813850402832 31560 0
0.676478385925293 0.22125530242919922 31871 0
0.6506028175354004 0.1879286766052246 31527 0
0.672313928604126 0.17770838737487793 32452 0
0.6583237648010254 0.20517635345458984 31854 0
0.6502065658569336 0.20084428787231445 32718 0
0.636394739151001 0.1633622646331787 32764 0
0.6760585308074951 0.21996569633483887 31160 0
0.6947133541107178 0.14982271194458008 31038 0
0.670818567276001 0.15402865409851074 31152 0
0.6933369636535645 0.20687079429626465 29989 0
0.6464250087738037 0.1850428581237793 28976 0
0.6624295711517334 0.17825913429260254 30611 0
0.6690008640289307 0.20917534828186035 30828 0
0.6779747009277344 0.1649796962738037 30863 0
0.6767895221710205 0.13949227333068848 30761 0
0.628957986831665 0.13341856002807617 30222 0
0.6789610385894775 0.17630910873413086 29594 0
0.6550946235656738 0.1385037899017334 28128 0
0.6567814350128174 0.20880889892578125 31276 0
0.7017073631286621 0.18099498748779297 29796 0
0.629744291305542 0.1901688575744629 23322 0
0.6550464630126953 0.17060470581054688 30054 0
0.6910915374755859 0.14095044136047363 29704 0
0.6408436298370361 0.15819144248962402 28356 0
0.6708264350891113 0.14561843872070312 28528 0
0.667203426361084 0.14700865745544434 29422 0
0.6613810062408447 0.17957639694213867 30412 0
0.667881965637207 0.20921111106872559 30792 0
0.6525087356567383 0.1915419101715088 29438 0
0.6734113693237305 0.1598036289215088 30312 0
0.6703393459320068 0.17475128173828125 31272 0
0.6941323280334473 0.12826251983642578 30916 0
0.6526639461517334 0.21342825889587402 29261 0
0.6671428680419922 0.1717824935913086 31179 0
0.648836612701416 0.17151904106140137 31547 0
0.6702618598937988 0.15423250198364258 31132 0
0.6715335845947266 0.18839597702026367 31259 0
0.6606490612030029 0.18096494674682617 30896 0
0.6819789409637451 0.1496729850769043 30958 0
0.6751680374145508 0.15450406074523926 28701 0
0.6665303707122803 0.16189837455749512 31165 0
0.6686749458312988 0.14414310455322266 30102 0
0.6352651119232178 0.19269180297851562 23156 0
0.6595478057861328 0.17551922798156738 30791 0
0.6391925811767578 0.1921694278717041 30927 0
0.6592068672180176 0.18405628204345703 28548 0
0.6508936882019043 0.13267874717712402 30048 0
0.6454403400421143 0.18007898330688477 29871 0
0.6315324306488037 0.21111345291137695 30392 0
0.6976399421691895 0.14889073371887207 31915 0
0.668100118637085 0.16786432266235352 31385 0
0.6601183414459229 0.1914684772491455 32449 0
0.6963999271392822 0.16759824752807617 32297 0
0.6514723300933838 0.19592833518981934 33010 0
0.6812317371368408 0.14186978340148926 32952 0
0.6609992980957031 0.17125678062438965 31762 0
0.6661829948425293 0.2049872875213623 32369 0
0.6236116886138916 0.21365976333618164 31419 0
0.6724653244018555 0.19717764854431152 32434 0
0.6547129154205322 0.17049956321716309 32095 0
0.6578490734100342 0.1693577766418457 30999 0
0.6666460037231445 0.1947009563446045 31844 0
0.6372265815734863 0.20505690574645996 27289 0
0.682654619216919 0.1905961036682129 32307 0
0.6821620464324951 0.19954371452331543 32325 0
0.6923632621765137 0.19017696380615234 31259 0
0.677619218826294 0.15482449531555176 31443 0
0.658362627029419 0.2089395523071289 31590 0
0.6512017250061035 0.14696049690246582 30339 0
0.6710209846496582 0.171553373336792 29325 0
0.6672532558441162 0.14484310150146484 30559 0
0.6702613830566406 0.16760492324829102 31156 0
0.6263296604156494 0.143782377243042 23491 0
0.651597261428833 0.1652367115020752 29018 0
0.647693395614624 0.21020746231079102 25734 0
0.6370432376861572 0.20471882820129395 25777 0
0.6574034690856934 0.13530397415161133 26938 0
0.6496000289916992 0.19785141944885254 27832 0
0.6594114303588867 0.21884655952453613 26560 0
0.6618707180023193 0.1967465877532959 27999 0
0.6626482009887695 0.17599773406982422 29446 0
0.653832197189331 0.20714259147644043 30398 0
0.6494135856628418 0.19178438186645508 30728 0
0.6638522148132324 0.20552372932434082 30633 0
0.6744992733001709 0.1763772964477539 29964 0
0.6470341682434082 0.17445993423461914 30122 0
0.6515388488769531 0.1975560188293457 31375 0
0.6484799385070801 0.21076488494873047 31842 0
0.6692943572998047 0.18997454643249512 31142 0
0.7336843013763428 0.14647197723388672 30946 0
0.6813993453979492 0.19375824928283691 30456 0
0.6645469665527344 0.19489455223083496 33650 0
0.656482458114624 0.1827390193939209 31878 0
0.6547114849090576 0.18801140785217285 30269 0
0.6700150966644287 0.16101765632629395 29263 0
0.679286003112793 0.20572948455810547 28998 0
0.6687350273132324 0.16921567916870117 31653 0
0.6717712879180908 0.18340229988098145 34077 0
0.6524295806884766 0.1968834400177002 33349 0
0.6493775844573975 0.19707274436950684 33127 0
0.6574296951293945 0.19614601135253906 33434 0
0.6730453968048096 0.20682764053344727 31802 0
0.6075413227081299 0.1747584342956543 24245 0
0.6227743625640869 0.20396137237548828 29413 0
0.6619460582733154 0.1753082275390625 30574 0
0.637528657913208 0.20866990089416504 26425 0
0.6311392784118652 0.21376276016235352 26315 0
0.6811413764953613 0.14206838607788086 27415 0
0.6382701396942139 0.20873093605041504 27468 0
0.6622896194458008 0.14786696434020996 28323 0
0.6669535636901855 0.19122934341430664 29725 0
0.6675469875335693 0.18567371368408203 28286 0
0.6433553695678711 0.1791982650756836 28353 0
0.6613671779632568 0.20421433448791504 30542 0
0.6981620788574219 0.12430024147033691 29935 0
0.6682097911834717 0.16330552101135254 32697 0
0.6919987201690674 0.20833182334899902 29791 0
0.6939928531646729 0.18587541580200195 31340 0
0.6757678985595703 0.20826387405395508 31333 0
0.6777145862579346 0.1695079803466797 32093 0
0.7159640789031982 0.13816404342651367 32280 0
0.6481091976165771 0.15758967399597168 32074 0
0.678508996963501 0.20362329483032227 29143 0
0.6971971988677979 0.1728057861328125 32910 0
0.7264769077301025 0.16726922988891602 33060 0
0.6904163360595703 0.18401789665222168 32467 0
0.6736843585968018 0.17956829071044922 32331 0
0.6707854270935059 0.1392967700958252 31482 0
0.6617939472198486 0.20596814155578613 31759 0
0.6643743515014648 0.1670246124267578 29447 0
0.6344952583312988 0.2095801830291748 31799 0
0.6561548709869385 0.21062994003295898 31017 0
0.6190595626831055 0.19379782676696777 24025 0
0.6735761165618896 0.18648290634155273 32282 0
0.6785447597503662 0.18456387519836426 31893 0
0.6846787929534912 0.13759732246398926 29442 0
0.6996715068817139 0.15356850624084473 30762 0
0.6637778282165527 0.20841479301452637 30528 0
0.7101156711578369 0.13213086128234863 31090 0
0.6604161262512207 0.23252367973327637 31625 0
0.6634631156921387 0.22064542770385742 31475 0
0.6562564373016357 0.1936020851135254 31133 0
0.6856458187103271 0.17612481117248535 31430 0
0.6799838542938232 0.13598346710205078 31533 0
0.659135103225708 0.2103433609008789 31555 0
0.6644992828369141 0.22603344917297363 31181 0
0.6799914836883545 0.20772266387939453 29503 0
0.6346001625061035 0.14111948013305664 26420 0
0.6470401287078857 0.1592237949371338 24373 0
0.629108190536499 0.17580509185791016 25139 0
0.6638402938842773 0.17459607124328613 24712 0
0.645050048828125 0.19667363166809082 25545 0
0.6552858352661133 0.19469165802001953 25652 0
0.6432859897613525 0.19762372970581055 26051 0
0.6738688945770264 0.1825861930847168 26834 0
0.6519136428833008 0.1626577377319336 26326 0
0.6427748203277588 0.17305684089660645 25071 0
0.6639788150787354 0.18989109992980957 25582 0
0.6675095558166504 0.20343303680419922 25876 0
0.6304717063903809 0.2079606056213379 25606 0
0.6158914566040039 0.19646096229553223 25474 0
0.6292800903320312 0.20523691177368164 25428 0
0.6044607162475586 0.21287107467651367 25867 0
0.6268067359924316 0.18938422203063965 22498 0
0.6362395286560059 0.16516852378845215 25543 0
0.6422121524810791 0.13614702224731445 25726 0
0.61716628074646 0.21227455139160156 25822 0
0.6753137111663818 0.15610790252685547 25741 0
0.6529881954193115 0.17705512046813965 25548 0
0.658677339553833 0.16573262214660645 26322 0
0.6598920822143555 0.2137765884399414 26789 0
0.6467657089233398 0.16878557205200195 26466 0
0.6251261234283447 0.19025731086730957 26829 0
0.5922513008117676 0.21442699432373047 26085 0
0.6531503200531006 0.18865585327148438 25171 0
0.6688282489776611 0.1583561897277832 25875 0
0.6616537570953369 0.20722007751464844 24840 0
0.6191656589508057 0.20602965354919434 24915 0
0.6324796676635742 0.14534449577331543 25081 0
0.6514706611633301 0.13524913787841797 25993 0
0.6316757202148438 0.1793215274810791 25757 0
0.6528563499450684 0.18514800071716309 25406 0
0.6787264347076416 0.14332222938537598 25710 0
0.6590664386749268 0.16586017608642578 25670 0
0.6480200290679932 0.2169640064239502 24894 0
0.6442282199859619 0.1541428565979004 25345 0
0.6407229900360107 0.20676732063293457 24779 0
0.643563985824585 0.1839888095855713 24899 0
0.6431682109832764 0.1793992519378662 25527 0
0.644556999206543 0.13454151153564453 25771 0
0.6431550979614258 0.15819096565246582 25708 0
0.6421122550964355 0.17738699913024902 25669 0
0.6439616680145264 0.14223003387451172 25210 0
0.604440450668335 0.22252440452575684 21820 0
0.628267765045166 0.19959616661071777 25368 0
0.6522464752197266 0.18205833435058594 25187 0
0.663468599319458 0.19159150123596191 25450 0
0.6560430526733398 0.1849803924560547 25777 0
0.6600627899169922 0.14644765853881836 25918 0
0.6228618621826172 0.18156099319458008 26238 0
0.615058183670044 0.19572949409484863 25893 0
0.6321516036987305 0.212632417678833 25699 0
0.6480183601379395 0.21603107452392578 25738 0
0.6275696754455566 0.21448683738708496 25145 0
0.6491990089416504 0.1871356964111328 25382 0
0.6666824817657471 0.15039992332458496 24862 0
0.5994243621826172 0.17638921737670898 25589 0
0.6434831619262695 0.2020413875579834 24942 0
0.6673984527587891 0.12965178489685059 24936 0
0.6319446563720703 0.19962430000305176 26099 0
0.6875834465026855 0.13636183738708496 25947 0
0.6355910301208496 0.13986682891845703 25380 0
0.6399977207183838 0.18010950088500977 26243 0
0.6594645977020264 0.12732839584350586 25570 0
0.6603825092315674 0.17597675323486328 27033 0
0.6567718982696533 0.1454942226409912 25710 0
0.6454954147338867 0.14505815505981445 25441 0
0.6342940330505371 0.1477980613708496 25315 0
0.6740753650665283 0.1421058177947998 25211 0
0.6739342212677002 0.19630861282348633 28696 0
0.7004435062408447 0.13286042213439941 29217 0
0.6668791770935059 0.22285914421081543 26152 0
0.6819620132446289 0.1347670555114746 31887 0
0.6807875633239746 0.13783907890319824 29773 0
0.6572575569152832 0.20100927352905273 31431 0
0.6362206935882568 0.20635390281677246 29800 0
0.6669931411743164 0.14855337142944336 28583 0
0.6722681522369385 0.1409599781036377 29097 0
0.6622648239135742 0.2063298225402832 29092 0
0.6771526336669922 0.1336500644683838 29304 0
0.6212882995605469 0.20052433013916016 28921 0
0.674018144607544 0.17273283004760742 28996 0
0.6549990177154541 0.14066267013549805 26632 0
0.6483855247497559 0.19536709785461426 26064 0
0.633986234664917 0.1838219165802002 24851 0
0.6561360359191895 0.14454340934753418 26038 0
0.665935754776001 0.14055252075195312 26107 0
0.6734437942504883 0.18217825889587402 25377 0
0.6335339546203613 0.15311169624328613 25069 0
0.6545109748840332 0.1625983715057373 25497 0
0.6794085502624512 0.12352108955383301 25167 0
0.6423087120056152 0.20838713645935059 25967 0
0.6592831611633301 0.18750262260437012 26308 0
0.635251522064209 0.17770075798034668 26319 0
0.6403458118438721 0.18986296653747559 26761 0
0.6020214557647705 0.20500922203063965 21410 0
0.6273667812347412 0.20290613174438477 26319 0
0.6625325679779053 0.15181350708007812 26427 0
0.6395466327667236 0.20135974884033203 25364 0
0.6383838653564453 0.20403599739074707 25808 0
0.6169517040252686 0.15312981605529785 26224 0
0.639542818069458 0.18243145942687988 26391 0
0.6386418342590332 0.1855335235595703 27126 0
0.6397740840911865 0.19748806953430176 26156 0
0.6486701965332031 0.14420604705810547 26596 0
0.6432104110717773 0.2217557430267334 26076 0
0.6457698345184326 0.2102961540222168 25218 0
0.630774974822998 0.18433713912963867 25800 0
0.650266170501709 0.20271062850952148 26150 0
0.6467478275299072 0.20315098762512207 26243 0
0.6520495414733887 0.2057950496673584 26436 0
0.6445398330688477 0.15579605102539062 26309 0
0.6788396835327148 0.13797521591186523 26305 0
0.6612844467163086 0.17406916618347168 25793 0
0.6628589630126953 0.12686920166015625 26193 0
0.6430990695953369 0.13564157485961914 25843 0
0.6360046863555908 0.20767617225646973 25663 0
0.6786072254180908 0.2056293487548828 26366 0
0.6412665843963623 0.21873068809509277 25560 0
0.6589536666870117 0.19784116744995117 26044 0
0.6611635684967041 0.1843876838684082 26151 0
0.663743257522583 0.20946574211120605 26173 0
0.644298791885376 0.1554253101348877 25918 0
0.7037527561187744 0.1287853717803955 26380 0
0.6786196231842041 0.1532728672027588 26007 0
0.6191482543945312 0.19197678565979004 21997 0
0.6488256454467773 0.15207314491271973 26294 0
0.6355171203613281 0.20575857162475586 26922 0
0.6671621799468994 0.17933082580566406 25424 0
0.6584944725036621 0.14807367324829102 26423 0
0.6639938354492188 0.17339706420898438 26175 0
0.6092901229858398 0.19687128067016602 25561 0
0.6762313842773438 0.14553380012512207 27053 0
0.6715958118438721 0.20723462104797363 26855 0
0.6291556358337402 0.15069794654846191 26808 0
0.6636550426483154 0.1369309425354004 26752 0
0.6348176002502441 0.19562172889709473 26095 0
0.6249008178710938 0.20115065574645996 25661 0
0.623136043548584 0.20372724533081055 25489 0
0.6419310569763184 0.1468961238861084 26659 0
0.6647846698760986 0.15927362442016602 26542 0
0.5909321308135986 0.1762540340423584 26628 0
0.6380269527435303 0.19806432723999023 26730 0
0.6607704162597656 0.1757042407989502 26849 0
0.6598968505859375 0.1694645881652832 26170 0
0.6494426727294922 0.1969602108001709 25897 0
0.6578385829925537 0.13899731636047363 25941 0
0.6216444969177246 0.1943049430847168 26800 0
0.6249949932098389 0.16080808639526367 25425 0
0.6373271942138672 0.21154427528381348 26698 0
0.6541476249694824 0.20035529136657715 26652 0
0.6343827247619629 0.21318840980529785 25477 0
0.655062198638916 0.21036386489868164 24928 0
0.646967887878418 0.20354080200195312 26522 0
0.6290161609649658 0.2154700756072998 25984 0
0.637763500213623 0.20106124877929688 20871 0
0.6876053810119629 0.14281535148620605 25219 0
0.6540985107421875 0.14827847480773926 26119 0
0.6181104183197021 0.20817327499389648 24482 0
0.6705026626586914 0.13086152076721191 25974 0
0.646989107131958 0.13156437873840332 26793 0
0.6247625350952148 0.21195292472839355 22558 0
0.6026678085327148 0.17010140419006348 19473 0
0.6717586517333984 0.13623404502868652 25657 0
0.6755876541137695 0.1329631805419922 25906 0
0.6455917358398438 0.13204431533813477 27130 0
0.6550745964050293 0.19558167457580566 27061 0
0.6342549324035645 0.2111985683441162 27496 0
0.6442031860351562 0.21222591400146484 26668 0
0.6438117027282715 0.1923847198486328 26711 0
0.6783618927001953 0.2060551643371582 25500 0
0.613724946975708 0.22266483306884766 21416 0
0.6164772510528564 0.20278644561767578 20557 0
0.6721341609954834 0.2120962142944336 26456 0
0.6433699131011963 0.16327762603759766 26785 0
0.6477243900299072 0.16806578636169434 25618 0
0.6881425380706787 0.1382145881652832 26323 0
0.6557581424713135 0.18157362937927246 26107 0
0.6373329162597656 0.17978668212890625 25836 0
0.6549572944641113 0.16120481491088867 26459 0
0.650738000869751 0.21623516082763672 26815 0
0.6628072261810303 0.19684791564941406 26420 0
0.6402866840362549 0.20614838600158691 26268 0
0.6144888401031494 0.17742609977722168 28417 0
0.6610746383666992 0.15628743171691895 26731 0
0.6354470252990723 0.1404893398284912 23898 0
0.6442317962646484 0.21146273612976074 26285 0
0.6358699798583984 0.1537930965423584 25842 0
0.646507740020752 0.17706561088562012 25637 0
0.6598827838897705 0.11615347862243652 27571 0
0.6776158809661865 0.1590125560760498 26256 0
0.6305637359619141 0.1441042423248291 26088 0
0.6373164653778076 0.18596553802490234 25059 0
0.6869421005249023 0.20054173469543457 25956 0
0.6987009048461914 0.21764230728149414 25568 0
0.6407952308654785 0.1934819221496582 25981 0
0.6473395824432373 0.23027396202087402 26263 0
0.6467454433441162 0.1838839054107666 26745 0
0.6629605293273926 0.1450948715209961 27346 0
0.6732244491577148 0.12541437149047852 26570 0
0.6527106761932373 0.1906294822692871 27026 0
0.6400561332702637 0.19314312934875488 27400 0
0.6727299690246582 0.14659619331359863 26263 0
0.6554837226867676 0.1731562614440918 25871 0
0.7069804668426514 0.18953895568847656 25971 0
0.626441240310669 0.20615768432617188 25389 0
0.6373584270477295 0.2115192413330078 21507 0
0.654273509979248 0.1981494426727295 25528 0
0.681755781173706 0.2068037986755371 25817 0
0.6279256343841553 0.2148745059967041 25128 0
0.6452004909515381 0.1822037696838379 25070 0
0.6544666290283203 0.14131999015808105 25798 0
0.652285099029541 0.1772613525390625 25425 0
0.6470751762390137 0.16940975189208984 25034 0
0.6402935981750488 0.19636058807373047 25443 0
0.6392881870269775 0.1885998249053955 25857 0
0.6437768936157227 0.1814877986907959 25865 0
0.6217348575592041 0.21274471282958984 25890 0
0.6527454853057861 0.19858694076538086 25806 0
0.6572184562683105 0.15338420867919922 25232 0
0.6356525421142578 0.1919245719909668 25967 0
0.668083667755127 0.17154812812805176 25356 0
0.6604511737823486 0.16774654388427734 25105 0
0.686284065246582 0.13654875755310059 25118 0
0.6503746509552002 0.14165687561035156 25498 0
0.6384994983673096 0.21567916870117188 25240 0
0.6208832263946533 0.17397427558898926 25534 0
0.6387016773223877 0.14100122451782227 25286 0
0.6450369358062744 0.20183730125427246 25777 0
0.6505777835845947 0.14894556999206543 26119 0
0.6029889583587646 0.203019380569458 25278 0
0.6428911685943604 0.17879533767700195 25031 0
0.6247801780700684 0.20530223846435547 25485 0
0.6153442859649658 0.20362472534179688 24389 0
0.6317272186279297 0.22972989082336426 25236 0
0.6748349666595459 0.14506983757019043 24961 0
0.6169872283935547 0.22100090980529785 20239 0
0.6354625225067139 0.17618227005004883 25813 0
0.6326169967651367 0.19296693801879883 24750 0
0.6502344608306885 0.18558287620544434 25595 0
0.6362507343292236 0.2058262825012207 25255 0
0.6650283336639404 0.14565563201904297 25365 0
0.646127462387085 0.15674757957458496 24909 0
0.6702573299407959 0.2181682586669922 24747 0
0.6594226360321045 0.1891336441040039 25394 0
0.6151590347290039 0.18740630149841309 25443 0
0.6339128017425537 0.20740389823913574 25446 0
0.6621615886688232 0.13944506645202637 25109 0
0.6348552703857422 0.2224888801574707 25950 0
0.6245696544647217 0.15349459648132324 24953 0
0.6135821342468262 0.19747257232666016 24662 0
0.6327056884765625 0.14574861526489258 25077 0
0.6379060745239258 0.20575189590454102 25002 0
0.6236882209777832 0.21093487739562988 24348 0
0.6316540241241455 0.1979820728302002 24759 0
0.6718063354492188 0.14313030242919922 24661 0
0.6291496753692627 0.21642041206359863 24632 0
0.6356489658355713 0.20318889617919922 24382 0
0.6522266864776611 0.20802521705627441 25084 0
0.6294209957122803 0.20781683921813965 25217 0
0.6424245834350586 0.19953274726867676 24541 0
0.6343262195587158 0.19129586219787598 25003 0
0.6492738723754883 0.1743021011352539 24470 0
0.6534519195556641 0.20531916618347168 24034 0
0.6302237510681152 0.2077169418334961 24584 0
0.6533312797546387 0.1598186492919922 24816 0
0.5917375087738037 0.18873953819274902 19949 0
0.6192257404327393 0.212846040725708 23937 0
0.6726901531219482 0.15611791610717773 25618 0
0.6096556186676025 0.1995851993560791 24648 0
0.6171391010284424 0.1877610683441162 24255 0
0.6323719024658203 0.16963458061218262 24557 0
0.652977705001831 0.21065974235534668 25104 0
0.630551815032959 0.21369385719299316 24752 0
0.6349005699157715 0.19795465469360352 24437 0
0.6632516384124756 0.16191864013671875 24756 0
0.6149537563323975 0.1997072696685791 24793 0
0.652639627456665 0.13934826850891113 24387 0
0.6336088180541992 0.1753697395324707 24525 0
0.6567635536193848 0.14533519744873047 24271 0
0.6186478137969971 0.20377659797668457 24304 0
0.6299314498901367 0.16033577919006348 24796 0
0.6400704383850098 0.14263582229614258 23258 0
0.6399846076965332 0.1469259262084961 23801 0
0.6330661773681641 0.20250701904296875 23892 0
0.640545129776001 0.2025158405303955 23681 0
0.6176648139953613 0.21204614639282227 24014 0
0.6400234699249268 0.1948087215423584 24517 0
0.6459040641784668 0.21299481391906738 25404 0
0.6593332290649414 0.18757295608520508 25007 0
0.6382348537445068 0.19922733306884766 24365 0
0.6814334392547607 0.13204360008239746 25042 0
0.6332776546478271 0.19785094261169434 24047 0
0.6217024326324463 0.18970322608947754 22678 0
0.647681474685669 0.1701955795288086 23318 0
0.6506762504577637 0.1558680534362793 22580 0
0.6073577404022217 0.20180249214172363 19258 0
0.6467814445495605 0.16305327415466309 23291 0
0.6462867259979248 0.19035029411315918 23696 0
0.6382222175598145 0.1456594467163086 23159 0
0.6497576236724854 0.1316230297088623 22255 0
0.616222620010376 0.2026195526123047 22757 0
0.6370577812194824 0.20623159408569336 25032 0
0.6574018001556396 0.20875811576843262 23926 0
0.6294457912445068 0.19542860984802246 23973 0
0.6245391368865967 0.22891664505004883 23839 0
0.615814208984375 0.15687870979309082 22826 0
0.642423152923584 0.17182135581970215 22440 0
0.6506328582763672 0.1722424030303955 22377 0
0.6317582130432129 0.20638108253479004 23019 0
0.6122946739196777 0.14701175689697266 22966 0
0.6002993583679199 0.20766305923461914 22475 0
0.6406271457672119 0.19272637367248535 23453 0
0.5983893871307373 0.17403054237365723 24704 0
0.6483421325683594 0.20184326171875 23857 0
0.6533374786376953 0.1766681671142578 23486 0
0.6751902103424072 0.2023024559020996 23463 0
0.6471378803253174 0.21956825256347656 23326 0
0.6209065914154053 0.2099776268005371 23691 0
0.6300463676452637 0.18637490272521973 23797 0
0.630448579788208 0.20021915435791016 23138 0
0.618880033493042 0.193037748336792 23655 0
0.6285648345947266 0.17480087280273438 22954 0
0.6204206943511963 0.19913911819458008 21870 0
0.6698596477508545 0.17164063453674316 23126 0
0.6024570465087891 0.15860247611999512 22988 0
0.6003739833831787 0.20205330848693848 18671 0
0.6193842887878418 0.13682889938354492 22441 0
0.6331138610839844 0.21455979347229004 23555 0
0.6248855590820312 0.20389103889465332 24091 0
0.6054322719573975 0.18499422073364258 22742 0
0.6481225490570068 0.18991398811340332 24602 0
0.6608614921569824 0.16739106178283691 23373 0
0.6393640041351318 0.16591501235961914 23106 0
0.6653778553009033 0.17275261878967285 24482 0
0.6430706977844238 0.2161102294921875 23267 0
0.6190228462219238 0.17714881896972656 19325 0
0.6332557201385498 0.1604156494140625 23601 0
0.6118147373199463 0.20634698867797852 24537 0
0.6560876369476318 0.14670324325561523 23694 0
0.6637096405029297 0.14788031578063965 23575 0
0.6279888153076172 0.1659541130065918 24308 0
0.6783950328826904 0.14041900634765625 25000 0
0.6405298709869385 0.16307735443115234 25224 0
0.678891658782959 0.16796040534973145 25425 0
0.620244026184082 0.21545815467834473 24651 0
0.6436138153076172 0.20001912117004395 24797 0
0.6293845176696777 0.1987597942352295 24175 0
0.6203670501708984 0.18340444564819336 24890 0
0.6356353759765625 0.18967294692993164 24762 0
0.6111428737640381 0.20501065254211426 24518 0
0.6410930156707764 0.16223502159118652 24261 0
0.6162893772125244 0.19958734512329102 22967 0
0.6301813125610352 0.20539450645446777 22843 0
0.6515824794769287 0.2129228115081787 24149 0
0.6326408386230469 0.1986830234527588 24438 0
0.654876708984375 0.13901734352111816 24812 0
0.65439772605896 0.13950157165527344 24387 0
0.6767847537994385 0.148695707321167 23788 0
0.626152515411377 0.14754486083984375 24108 0
0.6069602966308594 0.14328908920288086 24356 0
0.6836590766906738 0.15128707885742188 24276 0
0.637662410736084 0.18641281127929688 23284 0
0.6186797618865967 0.2227311134338379 23526 0
0.6352448463439941 0.19003629684448242 24216 0
0.6368002891540527 0.14656305313110352 23718 0
0.6188147068023682 0.19788694381713867 24112 0
0.6240944862365723 0.17650222778320312 24284 0
0.648684024810791 0.1441042423248291 24403 0
0.648545503616333 0.14452672004699707 24989 0
0.6249501705169678 0.2285778522491455 24612 0
0.6386833190917969 0.16148138046264648 24234 0
0.6264345645904541 0.1798708438873291 22313 0
0.629497766494751 0.19051623344421387 23736 0
0.6107733249664307 0.19692039489746094 23370 0
0.589184045791626 0.19820070266723633 19464 0
0.6467363834381104 0.13978958129882812 23878 0
0.64028000831604 0.19221711158752441 24456 0
0.6358706951141357 0.2193763256072998 24150 0
0.6463274955749512 0.1446981430053711 23243 0
0.6560258865356445 0.13680481910705566 23873 0
0.6288204193115234 0.20717930793762207 25728 0
0.6848278045654297 0.13933563232421875 25246 0
0.6038506031036377 0.19529986381530762 25466 0
0.6524479389190674 0.20107412338256836 25182 0
0.6295337677001953 0.15909075736999512 24164 0
0.6617124080657959 0.19436120986938477 24864 0
0.6537289619445801 0.18098926544189453 23499 0
0.6528301239013672 0.19103455543518066 23789 0
0.6554832458496094 0.22963285446166992 24878 0
0.6589572429656982 0.1774749755859375 24343 0
0.648353099822998 0.20996737480163574 24512 0
0.6402206420898438 0.2040693759918213 25039 0
0.6332111358642578 0.21237826347351074 25034 0
0.6945390701293945 0.14818549156188965 24278 0
0.630326509475708 0.20408987998962402 24872 0
0.6315445899963379 0.21090030670166016 24715 0
0.6683120727539062 0.2074899673461914 24180 0
0.647808313369751 0.16797637939453125 24172 0
0.632667064666748 0.1366872787475586 24538 0
0.6446933746337891 0.19066762924194336 28532 0
0.6692750453948975 0.19640159606933594 29436 0
0.6571102142333984 0.1948087215423584 29474 0
0.6676814556121826 0.20230388641357422 30464 0
0.6770734786987305 0.2090749740600586 30574 0
0.6849629878997803 0.14275479316711426 30828 0
0.6255228519439697 0.1874704360961914 30537 0
0.6544220447540283 0.1284325122833252 30056 0
0.6648485660552979 0.1879253387451172 30964 0
0.6934239864349365 0.16256356239318848 30679 0
0.7010834217071533 0.13224411010742188 30818 0
0.6485733985900879 0.1890714168548584 31766 0
0.6852240562438965 0.1300039291381836 29920 0
0.6681075096130371 0.17559194564819336 30977 0
0.6705446243286133 0.2040872573852539 30144 0
0.6551864147186279 0.18436956405639648 30558 0
0.6460731029510498 0.17255353927612305 31323 0
0.6973090171813965 0.15040206909179688 29982 0
0.6543943881988525 0.19554853439331055 27062 0
0.6911687850952148 0.1556558609008789 30011 0
0.6508572101593018 0.15334200859069824 30441 0
0.6775944232940674 0.13561582565307617 30443 0
0.6970453262329102 0.1550281047821045 31140 0
0.681981086730957 0.20835232734680176 31213 0
0.7077858448028564 0.1855769157409668 31538 0
0.6766712665557861 0.1572411060333252 30470 0
0.6401982307434082 0.20275044441223145 31310 0
0.6867809295654297 0.13368535041809082 30555 0
0.6369988918304443 0.21747899055480957 24126 0
0.6787514686584473 0.20100617408752441 30413 0
0.6602375507354736 0.1876661777496338 29786 0
0.6561908721923828 0.19928336143493652 30729 0
0.6918401718139648 0.19996285438537598 31671 0
0.6380870342254639 0.21595335006713867 31766 0
0.6893727779388428 0.19143986701965332 31539 0
0.6998410224914551 0.16088151931762695 32393 0
0.6582221984863281 0.19922685623168945 31958 0
0.7021257877349854 0.14466524124145508 31590 0
0.6533238887786865 0.19541192054748535 29859 0
0.6406660079956055 0.19917941093444824 32376 0
0.6473193168640137 0.14249134063720703 30556 0
0.6671082973480225 0.12908124923706055 30862 0
0.6578521728515625 0.21079564094543457 31145 0
0.6921451091766357 0.15220952033996582 31625 0
0.7039699554443359 0.16164183616638184 31137 0
0.6578056812286377 0.15326499938964844 31613 0
0.6596949100494385 0.21279311180114746 31128 0
0.6840395927429199 0.1986982822418213 31346 0
0.6453568935394287 0.18475675582885742 27812 0
0.6900925636291504 0.2024247646331787 31361 0
0.673208475112915 0.180466890335083 31844 0
0.6929552555084229 0.1575927734375 31164 0
0.7060637474060059 0.1483304500579834 31655 0
0.6637468338012695 0.20612716674804688 31315 0
0.6739888191223145 0.1642320156097412 31698 0
0.6615715026855469 0.18624114990234375 30213 0
0.6712172031402588 0.2109999656677246 32141 0
0.6754744052886963 0.19261956214904785 31984 0
0.6570336818695068 0.14746522903442383 24011 0
0.6715261936187744 0.18273115158081055 30929 0
0.6875739097595215 0.1388237476348877 29304 0
0.6739740371704102 0.1821897029876709 29647 0
0.6783831119537354 0.19469118118286133 31324 0
0.6493427753448486 0.19371533393859863 32105 0
0.653611421585083 0.2005314826965332 29511 0
0.6782615184783936 0.17179083824157715 32630 0
0.6544935703277588 0.1983470916748047 31389 0
0.6491968631744385 0.19183349609375 31586 0
0.6540131568908691 0.2024235725402832 31972 0
0.6487691402435303 0.16744470596313477 31100 0
0.6917479038238525 0.17638635635375977 29460 0
0.6681234836578369 0.2042860984802246 31721 0
0.6298213005065918 0.2113025188446045 32690 0
0.657456636428833 0.19289445877075195 31374 0
0.6876044273376465 0.2091047763824463 31991 0
0.6536431312561035 0.19278478622436523 30861 0
0.6760272979736328 0.1550755500793457 32085 0
0.6977488994598389 0.14938783645629883 31460 0
0.7158303260803223 0.14154577255249023 27511 0
0.6546568870544434 0.16808223724365234 31545 0
0.6475586891174316 0.13849163055419922 31096 0
0.6739397048950195 0.21505355834960938 31254 0
0.6691491603851318 0.20231318473815918 30995 0
0.666771411895752 0.19318270683288574 31199 0
0.6491334438323975 0.1776113510131836 30302 0
0.656395435333252 0.20840978622436523 28432 0
0.6714422702789307 0.20677733421325684 31176 0
0.6612610816955566 0.2021806240081787 30370 0
0.6418759822845459 0.16209745407104492 21963 0
0.6621637344360352 0.18689537048339844 28858 0
0.6401951313018799 0.1949453353881836 26481 0
0.6467585563659668 0.1839427947998047 26586 0
0.6445636749267578 0.14487004280090332 27557 0
0.6694138050079346 0.1579113006591797 28766 0
0.6647770404815674 0.20087218284606934 27577 0
0.6844470500946045 0.1461319923400879 29288 0
0.6944425106048584 0.16777992248535156 28636 0
0.6698780059814453 0.22150325775146484 28374 0
0.6752104759216309 0.2076561450958252 27941 0
0.6960337162017822 0.18566656112670898 28337 0
0.6348109245300293 0.2219398021697998 25484 0
0.6583662033081055 0.20793747901916504 28056 0
0.6447899341583252 0.19529294967651367 28132 0
0.6452314853668213 0.20076632499694824 28136 0
0.6410856246948242 0.2031707763671875 28528 0
0.6731860637664795 0.15235233306884766 28292 0
0.652642011642456 0.20116591453552246 28176 0
0.6763637065887451 0.14230084419250488 27571 0
0.6519379615783691 0.20681190490722656 25603 0
0.6810328960418701 0.21509647369384766 27809 0
0.6702919006347656 0.17939305305480957 29084 0
0.655231237411499 0.19782733917236328 29258 0
0.6865994930267334 0.14446520805358887 28950 0
0.660489559173584 0.1694014072418213 28769 0
0.6857364177703857 0.18460988998413086 28619 0
0.6682066917419434 0.12642407417297363 26641 0
0.6613187789916992 0.21541929244995117 27805 0
0.683666467666626 0.15149974822998047 27840 0
0.5692720413208008 0.14467906951904297 21765 0
0.6572375297546387 0.19693875312805176 27799 0
0.6236221790313721 0.18481993675231934 25804 0
0.6680283546447754 0.14326691627502441 26693 0
0.6761283874511719 0.2149970531463623 28109 0
0.6566808223724365 0.21523094177246094 27419 0
0.6388955116271973 0.20871424674987793 27461 0
0.6682753562927246 0.19768762588500977 28377 0
0.665926456451416 0.18752050399780273 29147 0
0.6807394027709961 0.19422364234924316 29654 0
0.6542894840240479 0.1898045539855957 29762 0
0.66329026222229 0.20824193954467773 28717 0
0.6302988529205322 0.16308879852294922 25997 0
0.6649453639984131 0.16791343688964844 29353 0
0.6831188201904297 0.1454758644104004 28981 0
0.6854908466339111 0.1620192527770996 28913 0
0.6631875038146973 0.1437211036682129 29060 0
0.6770179271697998 0.16983509063720703 29130 0
0.658099889755249 0.1655113697052002 28483 0
0.6726317405700684 0.14243507385253906 28711 0
0.6298205852508545 0.19833040237426758 26058 0
0.6767048835754395 0.13185477256774902 28464 0
0.6620211601257324 0.14405608177185059 28834 0
0.6685099601745605 0.2002410888671875 28513 0
0.6984660625457764 0.18040037155151367 28611 0
0.6662521362304688 0.1373445987701416 28417 0
0.6459236145019531 0.18432378768920898 28876 0
0.6558551788330078 0.22598814964294434 26698 0
0.6715555191040039 0.15480542182922363 28347 0
0.6458563804626465 0.19628477096557617 27924 0
0.6196351051330566 0.18398571014404297 21434 0
0.658381462097168 0.1665797233581543 27689 0
0.6678032875061035 0.15090250968933105 24855 0
0.6324748992919922 0.20793914794921875 25931 0
0.6599502563476562 0.23429179191589355 27663 0
0.6987483501434326 0.17734265327453613 28457 0
0.6730799674987793 0.13761162757873535 27317 0
0.6513099670410156 0.18663454055786133 28446 0
0.6614770889282227 0.18787074089050293 28686 0
0.6813702583312988 0.189894437789917 28216 0
0.6905913352966309 0.14675545692443848 28365 0
0.6810107231140137 0.14844989776611328 28103 0
0.6465983390808105 0.13493037223815918 25005 0
0.6595335006713867 0.2103862762451172 28929 0
0.6298956871032715 0.18287873268127441 27644 0
0.6582067012786865 0.13646721839904785 28667 0
0.7052698135375977 0.14171457290649414 28232 0
0.6838791370391846 0.1679825782775879 28755 0
0.7124104499816895 0.16515779495239258 29209 0
0.6923389434814453 0.1410694122314453 27784 0
0.6266441345214844 0.14605402946472168 24627 0
0.7011210918426514 0.19829607009887695 28129 0
0.6692495346069336 0.14450788497924805 28457 0
0.6545822620391846 0.21496343612670898 28249 0
0.677192211151123 0.1421065330505371 28772 0
0.6836774349212646 0.1537013053894043 28761 0
0.6971385478973389 0.15313458442687988 28247 0
0.646310567855835 0.15564870834350586 26522 0
0.6841607093811035 0.20865654945373535 28478 0
0.6558172702789307 0.20331382751464844 28063 0
0.6861891746520996 0.12731528282165527 22793 0
0.6545426845550537 0.21417450904846191 27721 0
0.5919504165649414 0.200120210647583 24616 0
0.669135570526123 0.18695783615112305 27575 0
0.6767251491546631 0.1885814666748047 28072 0
0.6430354118347168 0.15793299674987793 28507 0
0.6567280292510986 0.15347576141357422 27246 0
0.6904675960540771 0.12587308883666992 29192 0
0.681260347366333 0.19205784797668457 29494 0
0.6921510696411133 0.18552422523498535 28912 0
0.6984472274780273 0.1472785472869873 29254 0
0.6285841464996338 0.19719672203063965 28499 0
0.6664717197418213 0.14801454544067383 25728 0
0.6700875759124756 0.1968846321105957 28372 0
0.6447544097900391 0.20983099937438965 28910 0
0.6682393550872803 0.1397099494934082 28949 0
0.6482903957366943 0.20961213111877441 29042 0
0.6584570407867432 0.18965554237365723 28945 0
0.6544339656829834 0.15971136093139648 28147 0
0.6446151733398438 0.15902924537658691 28211 0
0.6388664245605469 0.15320301055908203 25153 0
0.6725068092346191 0.21361446380615234 27762 0
0.6515657901763916 0.214677095413208 31176 0
0.672985315322876 0.21443510055541992 30699 0
0.686011552810669 0.14874768257141113 31497 0
0.6736454963684082 0.19650697708129883 31847 0
0.6826350688934326 0.1826949119567871 31883 0
0.6955296993255615 0.1455214023590088 31740 0
0.6809709072113037 0.12288427352905273 32120 0
0.7179324626922607 0.20025634765625 30780 0
0.6894593238830566 0.180556058883667 30558 0
0.6868247985839844 0.1909160614013672 31305 0
0.6879360675811768 0.17388558387756348 29454 0
0.6685221195220947 0.22292375564575195 30059 0
0.6779429912567139 0.2111670970916748 30342 0
0.6644062995910645 0.21030330657958984 30946 0
0.7055497169494629 0.13406038284301758 31534 0
0.6962003707885742 0.1837615966796875 31825 0
0.7036714553833008 0.14560389518737793 31344 0
0.669532060623169 0.19927453994750977 31198 0
0.6688539981842041 0.1476447582244873 31665 0
0.6544668674468994 0.2081904411315918 30844 0
0.6691052913665771 0.17362141609191895 29956 0
0.6957941055297852 0.13334441184997559 30150 0
0.6754491329193115 0.2096259593963623 30292 0
0.678523063659668 0.22353291511535645 29796 0
0.6620140075683594 0.1599893569946289 29898 0
0.656487226486206 0.18958830833435059 30280 0
0.6731874942779541 0.19587993621826172 29758 0
0.6763896942138672 0.1510329246520996 31070 0
0.6543302536010742 0.20313358306884766 30942 0
0.6965923309326172 0.17522215843200684 30743 0
0.6403865814208984 0.20194721221923828 30431 0
0.6812305450439453 0.14643526077270508 31051 0
0.663611888885498 0.19198870658874512 30048 0
0.6919455528259277 0.14592885971069336 30001 0
0.7072923183441162 0.15022802352905273 29485 0
0.7027151584625244 0.14040827751159668 29850 0
0.6364758014678955 0.20252108573913574 29701 0
0.688709020614624 0.20144867897033691 30116 0
0.7028863430023193 0.1355419158935547 31231 0
0.6304600238800049 0.233262300491333 29659 0
0.6601302623748779 0.16637396812438965 29367 0
0.6475136280059814 0.17238688468933105 29705 0
0.7074282169342041 0.16074180603027344 30188 0
0.6510612964630127 0.21472382545471191 29001 0
0.668520450592041 0.20508551597595215 29978 0
0.648350715637207 0.19582080841064453 29933 0
0.6617813110351562 0.2221534252166748 29194 0
0.6693050861358643 0.16339850425720215 30755 0
0.6439573764801025 0.18289566040039062 30751 0
0.6591651439666748 0.18831610679626465 29929 0
0.6645681858062744 0.16808080673217773 31967 0
0.67476487159729 0.19331645965576172 30628 0
0.6585988998413086 0.20529699325561523 30663 0
0.6983647346496582 0.1818840503692627 31095 0
0.662198543548584 0.1929333209991455 30369 0
0.6582295894622803 0.1781606674194336 30345 0
0.6857824325561523 0.20615005493164062 29940 0
0.6873519420623779 0.17877984046936035 30378 0
0.6527237892150879 0.18164682388305664 30968 0
0.6660425662994385 0.21160149574279785 30693 0
0.6797544956207275 0.17098307609558105 30803 0
0.6663815975189209 0.19084644317626953 31598 0
0.6614983081817627 0.21439242362976074 31136 0
0.690244197845459 0.20636534690856934 31027 0
0.6327226161956787 0.18654346466064453 32262 0
0.6626403331756592 0.20009255409240723 30314 0
0.714684247970581 0.14411592483520508 32130 0
0.6965219974517822 0.13716840744018555 31423 0
0.6905343532562256 0.1450974941253662 31585 0
0.6758208274841309 0.12577056884765625 30735 0
0.683964729309082 0.20451879501342773 30212 0
0.7025418281555176 0.14845657348632812 30647 0
0.6931049823760986 0.21283888816833496 29210 0
0.7283496856689453 0.15079832077026367 32215 0
0.6997482776641846 0.12613964080810547 31857 0
0.6321377754211426 0.12893128395080566 32244 0
0.5953049659729004 0.19445180892944336 31942 0
0.6464447975158691 0.17361903190612793 32473 0
0.6842844486236572 0.13100337982177734 32888 0
0.6702191829681396 0.17966556549072266 32650 0
0.6513645648956299 0.19008159637451172 32808 0
0.6238522529602051 0.21053814888000488 32851 0
0.6822872161865234 0.18648004531860352 28788 0
0.6424026489257812 0.2349534034729004 27733 0
0.6685986518859863 0.22444415092468262 31517 0
0.7013964653015137 0.14538884162902832 34416 0
0.6773195266723633 0.21394753456115723 30052 0
0.655005931854248 0.20782732963562012 32360 0
0.6487729549407959 0.19511985778808594 29329 0
0.67476487159729 0.15221691131591797 29930 0
0.6325976848602295 0.17921161651611328 30109 0
0.6645703315734863 0.1281757354736328 31534 0
0.6777756214141846 0.20394635200500488 31121 0
0.6336042881011963 0.16087031364440918 30284 0
0.6843252182006836 0.15290141105651855 31864 0
0.6743080615997314 0.19216489791870117 31470 0
0.7072300910949707 0.14369869232177734 28586 0
0.6442162990570068 0.21643900871276855 33861 0
0.7042655944824219 0.19004464149475098 31576 0
0.6414597034454346 0.21900558471679688 30732 0
0.6977169513702393 0.2127242088317871 33664 0
0.6729211807250977 0.1667461395263672 33623 0
0.6483886241912842 0.21142959594726562 28902 0
0.6609439849853516 0.2124958038330078 33250 0
0.6772587299346924 0.1893901824951172 34167 0
0.6637911796569824 0.1548621654510498 33907 0
0.6789414882659912 0.20154571533203125 33473 0
0.6759443283081055 0.1577320098876953 34175 0
0.6685371398925781 0.20495986938476562 34310 0
0.6855769157409668 0.2073955535888672 34646 0
0.6917266845703125 0.16298222541809082 33134 0
0.6855394840240479 0.18753266334533691 34225 0
0.6654903888702393 0.16257667541503906 35762 0
0.6876375675201416 0.19644761085510254 34672 0
0.6937596797943115 0.1920151710510254 34699 0
0.6696681976318359 0.14211082458496094 33707 0
0.6804847717285156 0.17747831344604492 32601 0
0.6726632118225098 0.13725638389587402 33110 0
0.6847751140594482 0.1591193675994873 33917 0
0.6633114814758301 0.2030777931213379 34276 0
0.6809647083282471 0.20804786682128906 32936 0
0.680776834487915 0.18024158477783203 33444 0
0.6695842742919922 0.1960599422454834 33920 0
0.6726574897766113 0.14521145820617676 32843 0
0.674199104309082 0.21367740631103516 34103 0
0.6651830673217773 0.16100001335144043 34291 0
0.6703300476074219 0.17993617057800293 30268 0
0.6963343620300293 0.20711612701416016 34284 0
0.6826920509338379 0.16153931617736816 32231 0
0.6724369525909424 0.23019909858703613 32146 0
0.6804375648498535 0.12974047660827637 33342 0
0.6781623363494873 0.18221235275268555 33899 0
0.7127470970153809 0.14513421058654785 30632 0
0.6771330833435059 0.21340298652648926 33663 0
0.6786112785339355 0.1972057819366455 33978 0
0.68292236328125 0.19993925094604492 34237 0
0.6831390857696533 0.20765066146850586 33615 0
0.7001872062683105 0.15623998641967773 33989 0
0.7047293186187744 0.21268272399902344 33491 0
0.6826508045196533 0.19356560707092285 33500 0
0.6847381591796875 0.17586898803710938 35183 0
0.698681116104126 0.20328259468078613 35200 0
0.7081353664398193 0.15625309944152832 34439 0
0.6667931079864502 0.19291377067565918 34919 0
0.6792435646057129 0.16518759727478027 34226 0
0.6772332191467285 0.14462542533874512 35129 0
0.6827945709228516 0.20067882537841797 35360 0
0.6781406402587891 0.20381546020507812 33812 0
0.6949775218963623 0.2027885913848877 34279 0
0.6818740367889404 0.18664789199829102 33908 0
0.680081844329834 0.15604925155639648 34404 0
0.6563904285430908 0.20193219184875488 33986 0
0.6748371124267578 0.20594000816345215 34414 0
0.7061443328857422 0.17407917976379395 32987 0
0.6942727565765381 0.21337223052978516 34670 0
0.6971416473388672 0.14754056930541992 35600 0
0.6646072864532471 0.21354269981384277 30447 0
0.6944479942321777 0.20445489883422852 34506 0
0.7227323055267334 0.17156648635864258 34671 0
0.7063395977020264 0.13757777214050293 34132 0
0.6666617393493652 0.21667051315307617 35683 0
0.6754772663116455 0.13548874855041504 36059 0
0.6991429328918457 0.18314862251281738 32441 0
0.7004280090332031 0.2029893398284912 36729 0
0.6836419105529785 0.1685352325439453 35599 0
0.6874792575836182 0.18943285942077637 35740 0
0.6864669322967529 0.23902034759521484 35384 0
0.7197046279907227 0.1330852508544922 33012 0
0.6875607967376709 0.2026209831237793 33324 0
0.6904745101928711 0.189375638961792 32813 0
0.6527857780456543 0.16187119483947754 32723 0
0.648540735244751 0.1657559871673584 33056 0
0.6525528430938721 0.18819832801818848 32132 0
0.6777558326721191 0.13678216934204102 33248 0
0.67612624168396 0.18372392654418945 32980 0
0.6788718700408936 0.20621991157531738 32641 0
0.6576147079467773 0.2044210433959961 32289 0
0.6632351875305176 0.2167971134185791 32275 0
0.6646630764007568 0.12491440773010254 33134 0
0.7013287544250488 0.16493964195251465 32774 0
0.6794395446777344 0.17084884643554688 33240 0
0.6532835960388184 0.20197057723999023 32063 0
0.6914727687835693 0.16289448738098145 32454 0
0.6636037826538086 0.1557614803314209 31771 0
0.68528151512146 0.1716930866241455 32808 0
0.663142204284668 0.15810084342956543 31480 0
0.6802887916564941 0.20582318305969238 32050 0
0.6462247371673584 0.21510672569274902 31683 0
0.6752438545227051 0.1815640926361084 31718 0
0.6708500385284424 0.20179533958435059 31412 0
0.6767034530639648 0.2172231674194336 32592 0
0.668987512588501 0.1829051971435547 31979 0
0.6637415885925293 0.19603824615478516 32490 0
0.6730747222900391 0.2110157012939453 31944 0
0.6915655136108398 0.1845862865447998 32870 0
0.6914756298065186 0.22070074081420898 33287 0
