0.5095760822296143 0.14436793327331543 38714 0
0.5103006362915039 0.1415266990661621 38158 0
0.5187060832977295 0.13983511924743652 39718 0
0.5105068683624268 0.1483747959136963 38446 0
0.5142428874969482 0.14774775505065918 39786 0
0.5120015144348145 0.1426863670349121 40714 0
0.50925612449646 0.14438819885253906 41608 0
0.5125150680541992 0.13951373100280762 40911 0
0.5174949169158936 0.14039373397827148 40656 0
0.5169453620910645 0.1452481746673584 40318 0
0.515270471572876 0.14561200141906738 39428 0
0.523036003112793 0.14465761184692383 38387 0
0.5282797813415527 0.14350032806396484 39709 0
0.517064094543457 0.14487051963806152 39225 0
0.5034823417663574 0.14209890365600586 30934 0
0.513796329498291 0.14154458045959473 39838 0
0.5040748119354248 0.1421515941619873 37340 0
0.5005195140838623 0.14777135848999023 36419 0
0.5054876804351807 0.1505582332611084 34682 0
0.5112018585205078 0.1484851837158203 37257 0
0.5111534595489502 0.1507890224456787 37569 0
0.505481481552124 0.14536499977111816 35298 0
0.5165121555328369 0.14935588836669922 37973 0
0.4983658790588379 0.1457531452178955 39757 0
0.5084469318389893 0.14281797409057617 39947 0
0.5153841972351074 0.1427922248840332 39012 0
0.4998049736022949 0.1422874927520752 35001 0
0.5103371143341064 0.14180254936218262 38803 0
0.5105977058410645 0.14574003219604492 39031 0
0.488297700881958 0.14208292961120605 37095 0
0.5096879005432129 0.1487419605255127 40506 0
0.5256361961364746 0.14360690116882324 39851 0
0.5110166072845459 0.14427542686462402 38788 0
0.5051751136779785 0.143141508102417 39916 0
0.5040185451507568 0.14649534225463867 35932 0
0.5029253959655762 0.1488206386566162 40418 0
0.52752685546875 0.14576387405395508 43483 0
0.49733972549438477 0.14138460159301758 41715 0
0.5235846042633057 0.14249277114868164 42313 0
0.5209906101226807 0.14374089241027832 39883 0
0.5124716758728027 0.14008307456970215 36109 0
0.5201215744018555 0.14645957946777344 37873 0
0.5155305862426758 0.14096474647521973 40738 0
0.5131070613861084 0.1403665542602539 40320 0
0.5035629272460938 0.1426546573638916 34155 0
0.5118453502655029 0.14383983612060547 39297 0
0.510817289352417 0.1452193260192871 41344 0
0.542158842086792 0.14481687545776367 40142 0
0.5138204097747803 0.1397256851196289 41620 0
0.5218429565429688 0.14300227165222168 40992 0
0.5588967800140381 0.14231443405151367 40658 0
0.5054645538330078 0.1457517147064209 41608 0
0.520348072052002 0.1439964771270752 40866 0
0.5129640102386475 0.14428353309631348 41859 0
0.5225462913513184 0.14792394638061523 41507 0
0.5141699314117432 0.14575433731079102 41194 0
0.5406222343444824 0.1395125389099121 41111 0
0.5504002571105957 0.14175653457641602 41323 0
0.5183441638946533 0.14415907859802246 41388 0
0.5196454524993896 0.14409112930297852 41054 0
0.525853157043457 0.14265942573547363 40003 0
0.5255084037780762 0.14097905158996582 39910 0
0.5238037109375 0.14342737197875977 40050 0
0.5069403648376465 0.14365291595458984 39994 0
0.5206186771392822 0.14434218406677246 38234 0
0.49835824966430664 0.14671707153320312 39388 0
0.5140500068664551 0.15082073211669922 40205 0
0.515977144241333 0.1483144760131836 41272 0
0.5119636058807373 0.150146484375 40416 0
0.5034186840057373 0.14974594116210938 39925 0
0.5020730495452881 0.1512298583984375 39009 0
0.5094010829925537 0.14765262603759766 37898 0
0.512761116027832 0.14000606536865234 39994 0
0.5105838775634766 0.14399337768554688 38681 0
0.5216488838195801 0.1471872329711914 31211 0
0.5328378677368164 0.14436554908752441 39540 0
0.5119829177856445 0.14017367362976074 38296 0
0.5154948234558105 0.14200377464294434 36725 0
0.501762866973877 0.14362263679504395 38346 0
0.5060803890228271 0.14585089683532715 37884 0
0.4923069477081299 0.14055418968200684 39473 0
0.5137381553649902 0.13888907432556152 40245 0
0.5098285675048828 0.1454911231994629 38938 0
0.502253532409668 0.14741921424865723 38249 0
0.5195519924163818 0.14470434188842773 39615 0
0.5138499736785889 0.14154863357543945 39286 0
0.5114841461181641 0.14449524879455566 37360 0
0.502077579498291 0.14354586601257324 39607 0
0.5143134593963623 0.14287781715393066 39951 0
0.50994873046875 0.14244484901428223 40801 0
0.5049092769622803 0.1413564682006836 39487 0
0.5227334499359131 0.1413898468017578 39260 0
0.5044360160827637 0.14531302452087402 39297 0
0.5199809074401855 0.14859867095947266 38873 0
0.5080389976501465 0.14293646812438965 40266 0
0.5116245746612549 0.14234113693237305 39299 0
0.5054826736450195 0.14536714553833008 31653 0
0.49739837646484375 0.13707923889160156 39754 0
0.5483465194702148 0.13872599601745605 39817 0
0.5076389312744141 0.1402132511138916 37166 0
0.5087687969207764 0.1421363353729248 38557 0
0.5085227489471436 0.14261746406555176 39063 0
0.506819486618042 0.14484691619873047 40910 0
0.5146219730377197 0.14397096633911133 41200 0
0.5073158740997314 0.14424705505371094 40696 0
0.5238556861877441 0.1421644687652588 41281 0
0.5152220726013184 0.1394178867340088 41536 0
0.5109453201293945 0.14749979972839355 42219 0
0.506201982498169 0.15166306495666504 41784 0
0.5060184001922607 0.1481938362121582 41200 0
0.5017251968383789 0.14625954627990723 41943 0
0.5056819915771484 0.14727210998535156 42118 0
0.5092980861663818 0.14876699447631836 41359 0
0.502643346786499 0.14472270011901855 41436 0
0.502474308013916 0.14563965797424316 39914 0
0.5544004440307617 0.14531207084655762 41135 0
0.5031149387359619 0.14568161964416504 36269 0
0.5591776371002197 0.14586162567138672 41751 0
0.5087580680847168 0.14690852165222168 41017 0
0.5024628639221191 0.14574670791625977 42020 0
0.5140824317932129 0.14461326599121094 39968 0
0.5082368850708008 0.14327740669250488 40479 0
0.5453507900238037 0.1406247615814209 40020 0
0.5218348503112793 0.14129304885864258 38454 0
0.566124677658081 0.14449048042297363 40121 0
0.5118169784545898 0.13972902297973633 40166 0
0.49680089950561523 0.13836383819580078 32295 0
0.5189225673675537 0.14489054679870605 38278 0
0.5062496662139893 0.14694547653198242 33600 0
0.5101501941680908 0.14590883255004883 34796 0
0.5093941688537598 0.1398634910583496 35515 0
0.5001530647277832 0.13880300521850586 36486 0
0.5065419673919678 0.14275169372558594 35013 0
0.5050458908081055 0.14578795433044434 37472 0
0.5080933570861816 0.14389324188232422 38083 0
0.5096120834350586 0.14197278022766113 40273 0
0.5326492786407471 0.1431410312652588 38911 0
0.5177810192108154 0.1443173885345459 40152 0
0.4977390766143799 0.14281916618347168 39032 0
0.49732327461242676 0.1441481113433838 39021 0
0.511594295501709 0.1392652988433838 40822 0
0.5129187107086182 0.13805222511291504 41538 0
0.5154728889465332 0.14068818092346191 39366 0
0.5073246955871582 0.1414494514465332 39733 0
0.5259456634521484 0.14027929306030273 39753 0
0.5208401679992676 0.1451399326324463 42487 0
0.5082414150238037 0.13962864875793457 41559 0
0.5169417858123779 0.14131474494934082 40019 0
0.5234291553497314 0.14441251754760742 37988 0
0.5242376327514648 0.14060497283935547 39052 0
0.5138945579528809 0.14539813995361328 41887 0
0.5100085735321045 0.14474844932556152 44131 0
0.5047492980957031 0.15191006660461426 44240 0
0.5119273662567139 0.147413969039917 42818 0
0.5107059478759766 0.14417099952697754 43349 0
0.5165567398071289 0.14710164070129395 40969 0
0.49829602241516113 0.14275407791137695 33254 0
0.5193088054656982 0.14246249198913574 39164 0
0.5179381370544434 0.1414813995361328 39651 0
0.4986259937286377 0.14534473419189453 35848 0
0.5056114196777344 0.1414957046508789 34997 0
0.5456335544586182 0.14553070068359375 36586 0
0.5018963813781738 0.14347457885742188 36094 0
0.5200212001800537 0.14509320259094238 36876 0
0.504098653793335 0.14041972160339355 39158 0
0.5129942893981934 0.14444923400878906 37084 0
0.5100865364074707 0.14256811141967773 36987 0
0.5084128379821777 0.14100408554077148 39209 0
0.5142168998718262 0.14444899559020996 38938 0
0.5090177059173584 0.14579176902770996 42611 0
0.5059325695037842 0.1451401710510254 38452 0
0.49391746520996094 0.14443278312683105 41369 0
0.5214288234710693 0.13870573043823242 41326 0
0.5235977172851562 0.14520835876464844 42711 0
0.5076708793640137 0.1447906494140625 41815 0
0.513146162033081 0.146498441696167 41295 0
0.5259246826171875 0.13914990425109863 38455 0
0.512188196182251 0.14543366432189941 42887 0
0.5170514583587646 0.13979101181030273 42175 0
0.5146353244781494 0.1467571258544922 42329 0
0.5092847347259521 0.14195704460144043 41406 0
0.5061869621276855 0.14054393768310547 40396 0
0.5295112133026123 0.14179348945617676 40734 0
0.5489757061004639 0.14519357681274414 38836 0
0.5089139938354492 0.14719867706298828 40473 0
0.518531084060669 0.1427323818206787 40243 0
0.5335147380828857 0.14419007301330566 32191 0
0.5219879150390625 0.1460895538330078 41709 0
0.5247292518615723 0.14810419082641602 41574 0
0.5077130794525146 0.1450185775756836 38257 0
0.5356719493865967 0.1479194164276123 39916 0
0.5252237319946289 0.14405298233032227 39328 0
0.5130901336669922 0.14612889289855957 40539 0
0.502295732498169 0.14392447471618652 41056 0
0.5199611186981201 0.14300298690795898 40411 0
0.5181219577789307 0.14277005195617676 39722 0
0.5134537220001221 0.13925695419311523 40717 0
0.5170669555664062 0.14610648155212402 41739 0
0.5120441913604736 0.15066742897033691 41147 0
0.4992032051086426 0.15012741088867188 40146 0
0.5311522483825684 0.14520716667175293 41563 0
0.5103328227996826 0.14476990699768066 34355 0
0.5426516532897949 0.14465665817260742 33109 0
0.5087275505065918 0.1506972312927246 33480 0
0.4924910068511963 0.1439065933227539 33045 0
0.517812967300415 0.14454007148742676 34243 0
0.5065696239471436 0.1453876495361328 35007 0
0.49954724311828613 0.1452326774597168 33956 0
0.5045669078826904 0.14088082313537598 35236 0
0.5061607360839844 0.144179105758667 35483 0
0.5157833099365234 0.14303994178771973 33294 0
0.500906229019165 0.1428537368774414 35125 0
0.49575352668762207 0.13893866539001465 34654 0
0.5032870769500732 0.14524579048156738 32724 0
0.501899003982544 0.14236712455749512 34522 0
0.5119109153747559 0.14140987396240234 33438 0
0.5236642360687256 0.14231204986572266 33162 0
0.5014050006866455 0.14149022102355957 30887 0
0.49574995040893555 0.1461656093597412 33914 0
0.5149374008178711 0.1442251205444336 34288 0
0.5182719230651855 0.1434628963470459 34020 0
0.5070481300354004 0.14042115211486816 35220 0
0.5150032043457031 0.1419975757598877 33965 0
0.5319874286651611 0.1485610008239746 34782 0
0.490919828414917 0.142927885055542 35746 0
0.5114626884460449 0.14160704612731934 34204 0
0.5040791034698486 0.1464850902557373 33982 0
0.53668212890625 0.14513850212097168 34672 0
0.4927098751068115 0.1480550765991211 33774 0
0.4925196170806885 0.1448988914489746 34942 0
0.5122554302215576 0.14140057563781738 33617 0
0.5037977695465088 0.14530134201049805 34773 0
0.5158684253692627 0.14466071128845215 33251 0
0.5085136890411377 0.14006900787353516 33695 0
0.5109555721282959 0.14184260368347168 34458 0
0.5267038345336914 0.14740228652954102 35058 0
0.5075647830963135 0.14467811584472656 34427 0
0.5056185722351074 0.14711785316467285 33458 0
0.515188455581665 0.15172195434570312 34042 0
0.5510239601135254 0.14693164825439453 34136 0
0.5457167625427246 0.14072132110595703 33023 0
0.5045173168182373 0.1544816493988037 33501 0
0.5207836627960205 0.1523747444152832 34284 0
0.5208683013916016 0.14727163314819336 35169 0
0.5022344589233398 0.14476227760314941 33804 0
0.5245368480682373 0.15420746803283691 33030 0
0.49966931343078613 0.14400792121887207 33210 0
0.4957916736602783 0.1492774486541748 29901 0
0.5057833194732666 0.14465928077697754 33727 0
0.4969820976257324 0.14280390739440918 35155 0
0.5158700942993164 0.14134955406188965 34079 0
0.5024769306182861 0.14534544944763184 33881 0
0.5023000240325928 0.14397358894348145 35084 0
0.5002446174621582 0.14847517013549805 33409 0
0.5075678825378418 0.14551758766174316 33929 0
0.4970130920410156 0.14365363121032715 34520 0
0.5048737525939941 0.14040064811706543 34055 0
0.5052239894866943 0.14093852043151855 33495 0
0.5001602172851562 0.14698433876037598 33715 0
0.5037977695465088 0.14171624183654785 34892 0
0.5036492347717285 0.14573216438293457 34513 0
0.5288896560668945 0.14038538932800293 33263 0
0.513768196105957 0.13860058784484863 33469 0
0.5115447044372559 0.1423196792602539 33305 0
0.5017638206481934 0.14718031883239746 34477 0
0.5562517642974854 0.14275288581848145 35277 0
0.5011188983917236 0.1452794075012207 34685 0
0.49181175231933594 0.14435911178588867 34581 0
0.4982304573059082 0.14130377769470215 34009 0
0.5174167156219482 0.14121317863464355 34350 0
0.509728193283081 0.1393589973449707 33795 0
0.4943580627441406 0.14588069915771484 34938 0
0.5000388622283936 0.14076709747314453 33377 0
0.5027596950531006 0.148057222366333 37810 0
0.5071401596069336 0.14041352272033691 36894 0
0.5090842247009277 0.1434926986694336 34401 0
0.5136594772338867 0.14464640617370605 41650 0
0.5023934841156006 0.1490330696105957 38722 0
0.5134177207946777 0.1518416404724121 41108 0
0.5569865703582764 0.14827990531921387 39374 0
0.5074653625488281 0.15093445777893066 37097 0
0.5044445991516113 0.15311264991760254 38879 0
0.5158627033233643 0.14695954322814941 38384 0
0.5004448890686035 0.14778351783752441 38966 0
0.5009810924530029 0.14551758766174316 38512 0
0.5307972431182861 0.14029192924499512 36985 0
0.5189509391784668 0.14835906028747559 35328 0
0.5089766979217529 0.1432950496673584 35162 0
0.5039036273956299 0.1399390697479248 32573 0
0.5049231052398682 0.1435387134552002 33787 0
0.48929548263549805 0.14016199111938477 34095 0
0.4873011112213135 0.14161324501037598 33877 0
0.5008289813995361 0.14191627502441406 34686 0
0.5038459300994873 0.14728522300720215 35771 0
0.500601053237915 0.14481186866760254 35328 0
0.5019445419311523 0.14304876327514648 33485 0
0.5124471187591553 0.14186501502990723 34017 0
0.5180487632751465 0.14418840408325195 34674 0
0.49739694595336914 0.14052772521972656 35103 0
0.5156164169311523 0.1430516242980957 29608 0
0.5517091751098633 0.14061307907104492 35088 0
0.5189709663391113 0.1406106948852539 35015 0
0.5113081932067871 0.14313840866088867 33585 0
0.5177061557769775 0.1384124755859375 35383 0
0.5240867137908936 0.14048051834106445 35239 0
0.5124499797821045 0.14637279510498047 34756 0
0.5128488540649414 0.1467151641845703 34894 0
0.47421908378601074 0.14288663864135742 35326 0
0.49735379219055176 0.1465001106262207 34593 0
0.5114140510559082 0.14495396614074707 34039 0
0.5136620998382568 0.14389395713806152 33778 0
0.5161428451538086 0.14192843437194824 33906 0
0.5081536769866943 0.14044642448425293 35174 0
0.5011656284332275 0.14497756958007812 35321 0
0.5101702213287354 0.14373517036437988 35114 0
0.5056555271148682 0.14389991760253906 35159 0
0.5123016834259033 0.1486823558807373 36371 0
0.5209519863128662 0.15300941467285156 34459 0
0.5163931846618652 0.14941859245300293 35064 0
0.5032408237457275 0.14594411849975586 34762 0
0.502164363861084 0.14259982109069824 34466 0
0.5115759372711182 0.15019798278808594 35830 0
0.5063302516937256 0.14398884773254395 34113 0
0.5090506076812744 0.14199542999267578 34453 0
0.5049600601196289 0.14593219757080078 34505 0
0.5145387649536133 0.1453413963317871 33733 0
0.5060312747955322 0.1437819004058838 33574 0
0.5055012702941895 0.1420290470123291 34172 0
0.5029940605163574 0.13969874382019043 34706 0
0.48734164237976074 0.14361357688903809 28891 0
0.5047216415405273 0.1433706283569336 33806 0
0.5061461925506592 0.14240360260009766 36121 0
0.5010490417480469 0.1378309726715088 33370 0
0.5698375701904297 0.1434917449951172 35179 0
0.5158123970031738 0.14310574531555176 35922 0
0.5134334564208984 0.14023184776306152 34352 0
0.4827558994293213 0.14024090766906738 35259 0
0.5076534748077393 0.14577031135559082 35460 0
0.4982471466064453 0.14196491241455078 34484 0
0.5163633823394775 0.13992023468017578 35077 0
0.5201337337493896 0.14250516891479492 34937 0
0.5061008930206299 0.14481306076049805 35223 0
0.5105502605438232 0.14026522636413574 34390 0
0.5056800842285156 0.14318585395812988 33757 0
0.48930788040161133 0.141737699508667 36134 0
0.5026147365570068 0.13910436630249023 34281 0
0.50252366065979 0.15015888214111328 34961 0
0.5107982158660889 0.14114761352539062 34905 0
0.4935455322265625 0.14101505279541016 34749 0
0.5049624443054199 0.14951634407043457 34363 0
0.5165486335754395 0.145751953125 34591 0
0.5056052207946777 0.14295125007629395 34273 0
0.5107190608978271 0.14317941665649414 33887 0
0.49307680130004883 0.1477336883544922 34243 0
0.4972054958343506 0.15074849128723145 35888 0
0.504227876663208 0.1545877456665039 34166 0
0.5124788284301758 0.14314007759094238 32891 0
0.49817657470703125 0.1518402099609375 34482 0
0.5070300102233887 0.14304256439208984 34377 0
0.4949018955230713 0.14658761024475098 28865 0
0.4898500442504883 0.14986896514892578 32581 0
0.4943661689758301 0.1420450210571289 34673 0
0.488584041595459 0.14180445671081543 32004 0
0.4995698928833008 0.14228010177612305 34433 0
0.49172496795654297 0.14248418807983398 35004 0
0.49595141410827637 0.14137530326843262 29439 0
0.48569512367248535 0.14231252670288086 26985 0
0.508507251739502 0.14170145988464355 32989 0
0.5138771533966064 0.1445786952972412 34158 0
0.4971344470977783 0.14837217330932617 35702 0
0.532944917678833 0.14995408058166504 35848 0
0.504802942276001 0.14494538307189941 36256 0
0.5268275737762451 0.14626550674438477 36607 0
0.49295496940612793 0.14321327209472656 35017 0
0.5059957504272461 0.13899850845336914 34706 0
0.4956851005554199 0.14369916915893555 29292 0
0.4950993061065674 0.1439213752746582 28362 0
0.5133028030395508 0.14553427696228027 34975 0
0.49976491928100586 0.14246487617492676 34924 0
0.5105047225952148 0.14278697967529297 33774 0
0.5097928047180176 0.14052152633666992 35867 0
0.49858951568603516 0.14519596099853516 34475 0
0.49806976318359375 0.1468212604522705 34715 0
0.5216684341430664 0.14028453826904297 36285 0
0.49394822120666504 0.14530634880065918 36661 0
0.5130877494812012 0.1440134048461914 35669 0
0.5041747093200684 0.1409130096435547 34640 0
0.510594367980957 0.1401984691619873 37736 0
0.504004955291748 0.14350318908691406 35768 0
0.5119709968566895 0.14589643478393555 32062 0
0.5238056182861328 0.14116907119750977 35166 0
0.5097684860229492 0.14549803733825684 35559 0
0.5014965534210205 0.14838790893554688 35654 0
0.5055196285247803 0.14641165733337402 36916 0
0.5032455921173096 0.14373254776000977 35840 0
0.49297332763671875 0.15193724632263184 34806 0
0.5064446926116943 0.14482951164245605 34204 0
0.5012485980987549 0.14436054229736328 34454 0
0.49974894523620605 0.13959717750549316 34525 0
0.4988899230957031 0.1443345546722412 33802 0
0.5138463973999023 0.14464044570922852 34364 0
0.5080051422119141 0.14322948455810547 33630 0
0.548377275466919 0.14528870582580566 35045 0
0.503399133682251 0.14676403999328613 34331 0
0.4867880344390869 0.14272785186767578 35225 0
0.5033786296844482 0.14563488960266113 35665 0
0.5355110168457031 0.14445972442626953 34208 0
0.5116336345672607 0.1484982967376709 33934 0
0.49704766273498535 0.14610838890075684 36140 0
0.5045230388641357 0.14421343803405762 32901 0
0.4914546012878418 0.14663457870483398 27505 0
0.5220034122467041 0.14890146255493164 32621 0
0.5185980796813965 0.14228343963623047 32511 0
0.5132315158843994 0.13955187797546387 32737 0
0.5140030384063721 0.14121198654174805 33074 0
0.5078432559967041 0.14510035514831543 34894 0
0.5183360576629639 0.14841556549072266 33165 0
0.5086724758148193 0.14012765884399414 34738 0
0.48900723457336426 0.14734888076782227 32455 0
0.4986536502838135 0.14299583435058594 32897 0
0.5173463821411133 0.14341282844543457 32946 0
0.5125606060028076 0.14891743659973145 32570 0
0.5125908851623535 0.1441652774810791 32894 0
0.5064451694488525 0.14240169525146484 33304 0
0.5416767597198486 0.14296483993530273 32670 0
0.52762770652771 0.14555644989013672 32746 0
0.49579882621765137 0.14110875129699707 33266 0
0.510350227355957 0.1483612060546875 32436 0
0.509667158126831 0.14276647567749023 33308 0
0.5176339149475098 0.1469435691833496 32121 0
0.49685072898864746 0.1442887783050537 32826 0
0.5044622421264648 0.15258002281188965 32803 0
0.49852418899536133 0.15119171142578125 32541 0
0.4983785152435303 0.14959979057312012 33508 0
0.4982292652130127 0.1487419605255127 34588 0
0.4962606430053711 0.1423788070678711 32255 0
0.5110793113708496 0.14621710777282715 32451 0
0.497983455657959 0.14053797721862793 32166 0
0.49917173385620117 0.14418315887451172 32450 0
0.5096566677093506 0.13819122314453125 32253 0
0.5027086734771729 0.1423485279083252 26710 0
0.5093798637390137 0.14304447174072266 32289 0
0.49790143966674805 0.14541959762573242 32630 0
0.5383768081665039 0.1451411247253418 32109 0
0.5232341289520264 0.13879060745239258 31855 0
0.5026488304138184 0.14470911026000977 31736 0
0.5174782276153564 0.14655423164367676 32180 0
0.5554561614990234 0.147507905960083 32447 0
0.5125703811645508 0.14235806465148926 32505 0
0.5413777828216553 0.13852977752685547 32509 0
0.539038896560669 0.14420652389526367 32240 0
0.5011093616485596 0.1398451328277588 31620 0
0.5049149990081787 0.14756560325622559 32696 0
0.5230307579040527 0.14562177658081055 31661 0
0.5009825229644775 0.14376258850097656 31498 0
0.5005893707275391 0.14440083503723145 32119 0
0.5020248889923096 0.1460878849029541 31725 0
0.5153560638427734 0.14623475074768066 31994 0
0.5174386501312256 0.14146828651428223 32223 0
0.5111780166625977 0.14238548278808594 32199 0
0.5032639503479004 0.1447598934173584 32269 0
0.49631166458129883 0.14215993881225586 32580 0
0.5074117183685303 0.14157390594482422 32007 0
0.5377535820007324 0.1386091709136963 31164 0
0.511955976486206 0.14505910873413086 32252 0
0.5089914798736572 0.13986730575561523 32175 0
0.5177972316741943 0.14452505111694336 31833 0
0.5143883228302002 0.14440608024597168 30531 0
0.5469338893890381 0.14693975448608398 31393 0
0.5090584754943848 0.14481353759765625 31420 0
0.4867739677429199 0.14350223541259766 26468 0
0.5073130130767822 0.1423048973083496 31653 0
0.5339541435241699 0.1435248851776123 31662 0
0.48465561866760254 0.150223970413208 31941 0
0.5071828365325928 0.1482703685760498 31671 0
0.49732422828674316 0.15160274505615234 32390 0
0.5073459148406982 0.1399533748626709 31700 0
0.4958486557006836 0.14564871788024902 31912 0
0.49759531021118164 0.1426222324371338 31892 0
0.5034275054931641 0.1444554328918457 32024 0
0.5076267719268799 0.1437215805053711 31831 0
0.5061469078063965 0.143601655960083 31704 0
0.503964900970459 0.14043235778808594 30711 0
0.508960485458374 0.14278841018676758 31130 0
0.517092227935791 0.14742732048034668 31991 0
0.5093872547149658 0.14345669746398926 32292 0
0.48636484146118164 0.14436554908752441 29917 0
0.49388647079467773 0.1463003158569336 31472 0
0.514340877532959 0.14209389686584473 30511 0
0.5004775524139404 0.14060020446777344 30761 0
0.5148818492889404 0.1385667324066162 30499 0
0.5188074111938477 0.14539647102355957 32356 0
0.5043208599090576 0.14383149147033691 31004 0
0.503650426864624 0.14543914794921875 31991 0
0.4938371181488037 0.14258503913879395 32697 0
0.4832139015197754 0.14310860633850098 32239 0
0.5196208953857422 0.14018821716308594 31110 0
0.5008211135864258 0.1404716968536377 30411 0
0.525306224822998 0.14233994483947754 29954 0
0.5121715068817139 0.1449284553527832 29675 0
0.4841797351837158 0.13948702812194824 25240 0
0.5051059722900391 0.14205408096313477 30387 0
0.5141158103942871 0.14195823669433594 30359 0
0.5034568309783936 0.14552640914916992 30455 0
0.4818263053894043 0.14949703216552734 28913 0
0.4987449645996094 0.14693546295166016 29879 0
0.49431419372558594 0.1496424674987793 30837 0
0.49332547187805176 0.14474105834960938 30319 0
0.4943387508392334 0.14080476760864258 30790 0
0.5023825168609619 0.14533543586730957 30937 0
0.4986886978149414 0.14342069625854492 29539 0
0.5361077785491943 0.14441776275634766 29520 0
0.5063965320587158 0.14476418495178223 28731 0
0.5043387413024902 0.14531397819519043 30211 0
0.5102221965789795 0.14026713371276855 28921 0
0.49287962913513184 0.1429145336151123 29778 0
0.4948136806488037 0.14649724960327148 29603 0
0.49808311462402344 0.1423184871673584 30266 0
0.49636244773864746 0.1421370506286621 30607 0
0.5078840255737305 0.1440126895904541 31110 0
0.5233800411224365 0.14208340644836426 31452 0
0.5151996612548828 0.14306235313415527 29727 0
0.516732931137085 0.14428186416625977 30873 0
0.5025444030761719 0.1413862705230713 30951 0
0.49266982078552246 0.1403653621673584 29524 0
0.5005254745483398 0.1435401439666748 29099 0
0.5145437717437744 0.14299345016479492 29512 0
0.5064854621887207 0.14433503150939941 27623 0
0.5086536407470703 0.14365577697753906 30468 0
0.5300970077514648 0.14696812629699707 29088 0
0.5129139423370361 0.14504051208496094 24913 0
0.4881153106689453 0.14298391342163086 28846 0
0.5000100135803223 0.1482088565826416 30858 0
0.4999558925628662 0.14738821983337402 30810 0
0.5172231197357178 0.1421501636505127 29246 0
0.50276780128479 0.14696002006530762 30251 0
0.5133273601531982 0.14969778060913086 30082 0
0.5013289451599121 0.15140199661254883 29822 0
0.5105729103088379 0.1439046859741211 30687 0
0.4989135265350342 0.14773178100585938 29936 0
0.4974374771118164 0.14492011070251465 25121 0
0.5317525863647461 0.14202594757080078 30498 0
0.4955484867095947 0.1502995491027832 31327 0
0.5432319641113281 0.14553451538085938 30719 0
0.5141136646270752 0.13913559913635254 30703 0
0.5140972137451172 0.14416742324829102 30123 0
0.5078918933868408 0.14354491233825684 32552 0
0.5220057964324951 0.14511775970458984 31717 0
0.4906744956970215 0.1463015079498291 32439 0
0.5406584739685059 0.14408159255981445 30907 0
0.5034136772155762 0.14553070068359375 30963 0
0.4928750991821289 0.13954830169677734 30597 0
0.49582886695861816 0.1457195281982422 32326 0
0.49864697456359863 0.1419687271118164 31723 0
0.4936394691467285 0.14248299598693848 31171 0
0.5020279884338379 0.14095282554626465 30968 0
0.5014097690582275 0.14726018905639648 29227 0
0.4986882209777832 0.14205479621887207 29361 0
0.5076394081115723 0.14406728744506836 31095 0
0.5113260746002197 0.14443302154541016 31561 0
0.504357099533081 0.1402888298034668 31675 0
0.4996635913848877 0.14346766471862793 31307 0
0.48911571502685547 0.14384174346923828 33454 0
0.5028483867645264 0.14086604118347168 30705 0
0.5200090408325195 0.1446089744567871 32173 0
0.5145957469940186 0.14458894729614258 31137 0
0.5422325134277344 0.14069223403930664 30460 0
0.5004065036773682 0.1437525749206543 30818 0
0.5039305686950684 0.14905333518981934 33512 0
0.5165772438049316 0.1470797061920166 30118 0
0.5105929374694824 0.14285898208618164 32692 0
0.4976837635040283 0.1474928855895996 31119 0
0.502854585647583 0.1473369598388672 31464 0
0.49785423278808594 0.1508197784423828 30851 0
0.506385326385498 0.1523299217224121 30673 0
0.5023212432861328 0.1423931121826172 30804 0
0.4935002326965332 0.14650702476501465 28895 0
0.5250115394592285 0.15095925331115723 30547 0
0.5118350982666016 0.14161944389343262 29582 0
0.5003671646118164 0.16040658950805664 25154 0
0.4886314868927002 0.14493894577026367 30390 0
0.5002596378326416 0.14442157745361328 30854 0
0.5054268836975098 0.13938164710998535 29964 0
0.5033187866210938 0.13878369331359863 30263 0
0.537468433380127 0.14547061920166016 30451 0
0.5006313323974609 0.14356374740600586 31889 0
0.5017902851104736 0.13751912117004395 32056 0
0.5095217227935791 0.14503979682922363 32433 0
0.5143530368804932 0.14625954627990723 32965 0
0.4905087947845459 0.14276623725891113 31001 0
0.49620866775512695 0.1420295238494873 31323 0
0.5134565830230713 0.14234447479248047 29948 0
0.5114526748657227 0.14193463325500488 31035 0
0.5119965076446533 0.13851070404052734 31482 0
0.499248743057251 0.14155149459838867 30911 0
0.49379467964172363 0.13951706886291504 31134 0
0.5201458930969238 0.13919305801391602 31948 0
0.5091631412506104 0.14209890365600586 32515 0
0.49588871002197266 0.1437840461730957 31453 0
0.4972572326660156 0.14192819595336914 32771 0
0.4991607666015625 0.1416471004486084 32101 0
0.491530179977417 0.14000415802001953 33294 0
0.5169830322265625 0.1423046588897705 30872 0
0.5255012512207031 0.14026999473571777 31750 0
0.5153725147247314 0.14391136169433594 36812 0
0.5209870338439941 0.14600729942321777 38016 0
0.5186328887939453 0.14226603507995605 38852 0
0.5056099891662598 0.14695382118225098 39509 0
0.5046191215515137 0.15024900436401367 38788 0
0.5027368068695068 0.1468350887298584 39533 0
0.5020380020141602 0.1426393985748291 39897 0
0.5163309574127197 0.1460404396057129 38591 0
0.5132791996002197 0.14743685722351074 39788 0
0.5328505039215088 0.14827895164489746 39473 0
0.5112364292144775 0.14915728569030762 38403 0
0.5126588344573975 0.14675188064575195 40001 0
0.5152840614318848 0.14839744567871094 39648 0
0.5186197757720947 0.14644098281860352 39402 0
0.5094265937805176 0.14293313026428223 40007 0
0.518120527267456 0.14496397972106934 39605 0
0.5092592239379883 0.14671874046325684 39807 0
0.5167231559753418 0.14045357704162598 38753 0
0.5035912990570068 0.14728474617004395 35003 0
0.5251905918121338 0.14237642288208008 39922 0
0.5138695240020752 0.1395096778869629 39847 0
0.5088241100311279 0.14100241661071777 40002 0
0.508685827255249 0.14281916618347168 40810 0
0.5115091800689697 0.1435849666595459 40430 0
0.5089101791381836 0.14266467094421387 40538 0
0.5130081176757812 0.14577436447143555 40038 0
0.5080478191375732 0.14513015747070312 40775 0
0.5120930671691895 0.14208483695983887 40450 0
0.5101296901702881 0.14568233489990234 32576 0
0.5240719318389893 0.14619112014770508 39285 0
0.5261538028717041 0.14337992668151855 39190 0
0.5261812210083008 0.1421492099761963 40355 0
0.568716287612915 0.14079737663269043 39995 0
0.5222089290618896 0.14293193817138672 41068 0
0.5769999027252197 0.13946080207824707 41809 0
0.5175399780273438 0.1392223834991455 41225 0
0.5256814956665039 0.14313912391662598 41629 0
0.5097496509552002 0.1413569450378418 41496 0
0.5152206420898438 0.14517712593078613 38694 0
0.5264034271240234 0.14760327339172363 40901 0
0.49994659423828125 0.14795160293579102 39667 0
0.4972977638244629 0.14467811584472656 40063 0
0.5135781764984131 0.14739394187927246 40634 0
0.5182056427001953 0.14455437660217285 40429 0
0.5358612537384033 0.14227080345153809 40394 0
0.5277912616729736 0.14838433265686035 41887 0
0.5024702548980713 0.14309930801391602 40612 0
0.5114872455596924 0.1449143886566162 40888 0
0.5050837993621826 0.14537668228149414 36350 0
0.5164241790771484 0.14450311660766602 40911 0
0.5195486545562744 0.1395583152770996 41004 0
0.5152199268341064 0.14197850227355957 40901 0
0.5247688293457031 0.1424694061279297 42063 0
0.534611701965332 0.14452886581420898 40371 0
0.5283660888671875 0.14507198333740234 41343 0
0.5115036964416504 0.153245210647583 38772 0
0.5287067890167236 0.1493072509765625 40981 0
0.5121643543243408 0.15066838264465332 41207 0
0.5082991123199463 0.14827775955200195 33083 0
0.5055999755859375 0.1455848217010498 40573 0
0.5056588649749756 0.1462876796722412 38756 0
0.5096709728240967 0.14281606674194336 38296 0
0.5169470310211182 0.14577960968017578 40548 0
0.5524797439575195 0.14262866973876953 41348 0
0.5097618103027344 0.14307904243469238 38435 0
0.5012474060058594 0.14667391777038574 42943 0
0.513512134552002 0.14219927787780762 41640 0
0.5034058094024658 0.14515233039855957 41566 0
0.5120139122009277 0.14026880264282227 41792 0
0.5137054920196533 0.14127898216247559 40822 0
0.49924135208129883 0.1448218822479248 39831 0
0.5031449794769287 0.1444704532623291 40927 0
0.4965517520904541 0.1417083740234375 41364 0
0.49631452560424805 0.13942861557006836 41623 0
0.5176692008972168 0.14700055122375488 41293 0
0.5163486003875732 0.14050745964050293 40456 0
0.5195116996765137 0.14760923385620117 42550 0
0.5098426342010498 0.14068174362182617 42130 0
0.5104038715362549 0.14485692977905273 37541 0
0.5247743129730225 0.14328813552856445 40901 0
0.5353877544403076 0.14590811729431152 40219 0
0.5536985397338867 0.14227056503295898 41081 0
0.5404577255249023 0.14232683181762695 40125 0
0.519660472869873 0.14741849899291992 40782 0
0.5607931613922119 0.1440596580505371 39897 0
0.51318359375 0.14279747009277344 38343 0
0.5276269912719727 0.14625763893127441 40516 0
0.5148594379425049 0.14703607559204102 40783 0
0.5175204277038574 0.145066499710083 30913 0
0.5274007320404053 0.14647936820983887 38141 0
0.511272668838501 0.14087820053100586 36550 0
0.5247745513916016 0.14499402046203613 36079 0
0.5102941989898682 0.1446092128753662 38018 0
0.5175919532775879 0.14813566207885742 37986 0
0.5132431983947754 0.1461324691772461 36808 0
0.5029845237731934 0.14882779121398926 38654 0
0.5204973220825195 0.1449108123779297 38304 0
0.5042355060577393 0.14342784881591797 37211 0
0.4953022003173828 0.1469871997833252 36975 0
0.5197155475616455 0.14649081230163574 37148 0
0.49734926223754883 0.13884377479553223 34079 0
0.5058863162994385 0.1433248519897461 37393 0
0.5045936107635498 0.14224481582641602 36698 0
0.5051002502441406 0.14460277557373047 36986 0
0.5217101573944092 0.143690824508667 36832 0
0.5397045612335205 0.1532421112060547 36291 0
0.5280585289001465 0.14660358428955078 36780 0
0.5004415512084961 0.1513681411743164 37144 0
0.4943838119506836 0.14866328239440918 33723 0
0.4871492385864258 0.15070843696594238 37194 0
0.5382986068725586 0.15229010581970215 39011 0
0.5548567771911621 0.14247393608093262 37825 0
0.5139238834381104 0.14640426635742188 37881 0
0.545172929763794 0.15100789070129395 38043 0
0.5152251720428467 0.14688849449157715 37161 0
0.5405597686767578 0.14981746673583984 35866 0
0.5174758434295654 0.14321136474609375 36765 0
0.512399435043335 0.14350247383117676 35962 0
0.4951012134552002 0.14768624305725098 29451 0
0.5188727378845215 0.14825034141540527 37181 0
0.5033049583435059 0.14696431159973145 34343 0
0.5038113594055176 0.14054250717163086 35057 0
0.49982213973999023 0.14074301719665527 37650 0
0.5003557205200195 0.14752197265625 36199 0
0.5011777877807617 0.14437365531921387 35961 0
0.5104672908782959 0.14441657066345215 38467 0
0.5112347602844238 0.14155244827270508 37598 0
0.4942190647125244 0.14337611198425293 37917 0
0.5272345542907715 0.1394643783569336 38075 0
0.5222556591033936 0.1426529884338379 38172 0
0.5189876556396484 0.14483094215393066 34737 0
0.5145163536071777 0.14781785011291504 38690 0
0.5406463146209717 0.1426992416381836 38134 0
0.5499629974365234 0.1440579891204834 38895 0
0.5176339149475098 0.1445930004119873 37797 0
0.5273008346557617 0.14082908630371094 37867 0
0.562387228012085 0.14941763877868652 37584 0
0.5200371742248535 0.14533042907714844 37693 0
0.52590012550354 0.14031457901000977 33770 0
0.5255415439605713 0.13883352279663086 37174 0
0.5080533027648926 0.14507317543029785 38112 0
0.5075972080230713 0.13927602767944336 37625 0
0.5334179401397705 0.14118742942810059 37153 0
0.49198079109191895 0.13861560821533203 37680 0
0.5124466419219971 0.14426803588867188 37269 0
0.5045559406280518 0.14303159713745117 35463 0
0.5182006359100342 0.146193265914917 37174 0
0.5100107192993164 0.1476140022277832 37156 0
0.5047061443328857 0.14076805114746094 29460 0
0.5200924873352051 0.14835429191589355 37113 0
0.5189456939697266 0.1420426368713379 33035 0
0.5050570964813232 0.13869071006774902 34357 0
0.5155050754547119 0.1426854133605957 37520 0
0.51358962059021 0.14565539360046387 36985 0
0.5211012363433838 0.14191484451293945 36388 0
0.5099895000457764 0.14179110527038574 38491 0
0.5206055641174316 0.1437702178955078 37726 0
0.531130313873291 0.14387249946594238 37633 0
0.5248291492462158 0.14387106895446777 38005 0
0.5255820751190186 0.1449596881866455 37102 0
0.5055708885192871 0.14191222190856934 33340 0
0.5212273597717285 0.14668488502502441 37403 0
0.5172750949859619 0.14697265625 36895 0
0.5047163963317871 0.1494438648223877 37103 0
0.5121691226959229 0.15104937553405762 36931 0
0.5105977058410645 0.14669179916381836 36475 0
0.5115106105804443 0.14560461044311523 37055 0
0.5046472549438477 0.14337563514709473 37450 0
0.5188102722167969 0.14213895797729492 32621 0
0.5080666542053223 0.14303231239318848 36565 0
0.5132412910461426 0.14044833183288574 38304 0
0.5053000450134277 0.1445319652557373 38830 0
0.5191290378570557 0.14101457595825195 36728 0
0.496901273727417 0.14203333854675293 37817 0
0.5030782222747803 0.1434950828552246 36500 0
0.5031023025512695 0.14252448081970215 35327 0
0.4963850975036621 0.14835381507873535 37789 0
0.5101151466369629 0.1439681053161621 36690 0
0.5032947063446045 0.14056730270385742 31091 0
0.5173234939575195 0.14001965522766113 36644 0
0.5054607391357422 0.1385822296142578 33027 0
0.5034275054931641 0.14441609382629395 36339 0
0.5182981491088867 0.14456701278686523 37017 0
0.5160870552062988 0.14243006706237793 37216 0
0.509756326675415 0.13988757133483887 35436 0
0.536430835723877 0.14496278762817383 37615 0
0.5104115009307861 0.14524388313293457 37733 0
0.5274767875671387 0.13826417922973633 38663 0
0.5125236511230469 0.1415238380432129 38218 0
0.5180628299713135 0.1472017765045166 36977 0
0.5032985210418701 0.14407849311828613 33706 0
0.5063991546630859 0.14499711990356445 36772 0
0.4974508285522461 0.14112615585327148 37977 0
0.5075280666351318 0.14210271835327148 37959 0
0.5141525268554688 0.14130139350891113 37712 0
0.5138919353485107 0.1400585174560547 38046 0
0.5146477222442627 0.1426067352294922 37711 0
0.5161032676696777 0.14159154891967773 37084 0
0.5054402351379395 0.14582037925720215 34424 0
0.5222961902618408 0.1435985565185547 35906 0
0.5202832221984863 0.14232158660888672 40625 0
0.5268096923828125 0.14585089683532715 39567 0
0.543569803237915 0.14360260963439941 39886 0
0.5415332317352295 0.14650750160217285 41187 0
0.5125410556793213 0.14736270904541016 41412 0
0.5175628662109375 0.14149880409240723 40707 0
0.5135948657989502 0.1496448516845703 41245 0
0.5406026840209961 0.1441056728363037 39916 0
0.5465929508209229 0.14284086227416992 39812 0
0.5605411529541016 0.1441786289215088 40420 0
0.5296368598937988 0.1412806510925293 39130 0
0.5171694755554199 0.14434552192687988 40005 0
0.48831748962402344 0.14922809600830078 39491 0
0.5091845989227295 0.14518523216247559 40117 0
0.5203680992126465 0.14730262756347656 41336 0
0.5042281150817871 0.14983463287353516 41593 0
0.5130734443664551 0.1484992504119873 41329 0
0.5197403430938721 0.14122557640075684 40695 0
0.5050528049468994 0.14753437042236328 41428 0
0.5036218166351318 0.1440725326538086 40035 0
0.5162358283996582 0.1455216407775879 39125 0
0.5028073787689209 0.1387314796447754 38352 0
0.5015242099761963 0.14011621475219727 39166 0
0.5017836093902588 0.1471409797668457 38496 0
0.5124013423919678 0.14764118194580078 39250 0
0.5025532245635986 0.14359021186828613 39473 0
0.500870943069458 0.14159464836120605 38823 0
0.5201194286346436 0.14237546920776367 40421 0
0.5005698204040527 0.14207959175109863 41357 0
0.5482981204986572 0.13990163803100586 40278 0
0.5070192813873291 0.14401674270629883 39573 0
0.5254790782928467 0.14664006233215332 41059 0
0.5093188285827637 0.14040398597717285 39699 0
0.514167070388794 0.14484000205993652 39179 0
0.5219051837921143 0.1476595401763916 38625 0
0.5124752521514893 0.1448221206665039 39167 0
0.5216116905212402 0.14120769500732422 39382 0
0.5146164894104004 0.141845703125 40884 0
0.5374226570129395 0.1394495964050293 40105 0
0.5642588138580322 0.14638042449951172 39326 0
0.5291056632995605 0.14128518104553223 39615 0
0.5198054313659668 0.14589476585388184 38785 0
0.5035712718963623 0.14052057266235352 39111 0
0.5163238048553467 0.1413571834564209 38945 0
0.5252597332000732 0.1429581642150879 39573 0
0.51493239402771 0.14508724212646484 38703 0
0.5208444595336914 0.14093852043151855 38859 0
0.5153114795684814 0.14739227294921875 39289 0
0.5044476985931396 0.14459490776062012 40368 0
0.5032658576965332 0.1485579013824463 39458 0
0.5124735832214355 0.1394789218902588 40363 0
0.5149188041687012 0.14767742156982422 40766 0
0.5384228229522705 0.14047813415527344 40054 0
0.5154497623443604 0.14491868019104004 40608 0
0.5095436573028564 0.1425943374633789 39356 0
0.4864492416381836 0.14312171936035156 39266 0
0.5527234077453613 0.14143824577331543 39527 0
0.510899543762207 0.1411595344543457 39801 0
0.5269653797149658 0.14345169067382812 40523 0
0.5052399635314941 0.1456282138824463 39804 0
0.5223393440246582 0.1421351432800293 39226 0
0.5052399635314941 0.14324402809143066 40334 0
0.5190920829772949 0.14289546012878418 40590 0
0.49494099617004395 0.14541935920715332 41353 0
0.5082695484161377 0.14749598503112793 40468 0
0.5032303333282471 0.1480116844177246 41161 0
0.5180635452270508 0.1479496955871582 41531 0
0.5104408264160156 0.1507556438446045 41263 0
0.5145137310028076 0.14213037490844727 40806 0
0.5064938068389893 0.1394491195678711 40688 0
0.5046210289001465 0.1431136131286621 39920 0
0.5178201198577881 0.1411452293395996 40546 0
0.5191428661346436 0.14898467063903809 38748 0
0.5152201652526855 0.14205670356750488 41354 0
0.5149679183959961 0.14463424682617188 41357 0
0.5056025981903076 0.14598655700683594 40687 0
0.5169095993041992 0.14566564559936523 41854 0
0.5059685707092285 0.13796734809875488 42725 0
0.5030407905578613 0.14449834823608398 41982 0
0.5094892978668213 0.1420583724975586 42069 0
0.5150196552276611 0.14070773124694824 42248 0
0.5129883289337158 0.1410973072052002 41673 0
0.5107967853546143 0.14659643173217773 37872 0
0.4876227378845215 0.14590191841125488 36000 0
0.5122416019439697 0.14181995391845703 41063 0
0.5190517902374268 0.14680719375610352 43788 0
0.5170083045959473 0.14192509651184082 40603 0
0.515514612197876 0.14119982719421387 40986 0
0.5072698593139648 0.13938379287719727 38209 0
0.5131509304046631 0.14553594589233398 38288 0
0.5011017322540283 0.13965177536010742 38708 0
0.5146815776824951 0.1443948745727539 40305 0
0.5009267330169678 0.14331746101379395 40975 0
0.5131926536560059 0.14324426651000977 39436 0
0.5075452327728271 0.14478421211242676 41538 0
0.5139293670654297 0.1435532569885254 39975 0
0.48392653465270996 0.13908028602600098 36088 0
0.5294094085693359 0.14428472518920898 42278 0
0.5172231197357178 0.14519596099853516 39979 0
0.5085117816925049 0.14445018768310547 40195 0
0.5043354034423828 0.14293241500854492 42648 0
0.5132982730865479 0.1454787254333496 43061 0
0.5072822570800781 0.15339016914367676 37564 0
0.5106446743011475 0.1459190845489502 42987 0
0.5055866241455078 0.14718127250671387 43381 0
0.5175638198852539 0.14782452583312988 43247 0
0.4979512691497803 0.15312623977661133 43273 0
0.5147714614868164 0.15133333206176758 44042 0
0.5096049308776855 0.1419389247894287 43630 0
0.5052154064178467 0.14865374565124512 44098 0
0.5175924301147461 0.14768195152282715 43491 0
0.5049736499786377 0.1435086727142334 43643 0
0.5125553607940674 0.14494037628173828 44910 0
0.5170950889587402 0.14253497123718262 44004 0
0.5026419162750244 0.14725899696350098 43729 0
0.5224523544311523 0.1433250904083252 43106 0
0.5408530235290527 0.14424705505371094 42164 0
0.5061538219451904 0.1410691738128662 42708 0
0.49906086921691895 0.14370989799499512 42069 0
0.508587121963501 0.14124107360839844 42471 0
0.5040304660797119 0.14583063125610352 41820 0
0.5143942832946777 0.14191818237304688 42539 0
0.5035920143127441 0.1429905891418457 43329 0
0.5179471969604492 0.14562368392944336 41883 0
0.506587028503418 0.14796805381774902 43331 0
0.5115513801574707 0.14377903938293457 43074 0
0.519744873046875 0.1421804428100586 40471 0
0.5131046772003174 0.14287734031677246 43555 0
0.5142590999603271 0.14182043075561523 41220 0
0.5126292705535889 0.14445853233337402 41502 0
0.5053930282592773 0.14390921592712402 43315 0
0.5104589462280273 0.1436009407043457 43630 0
0.49550533294677734 0.14299964904785156 39122 0
0.5033650398254395 0.14248991012573242 44191 0
0.5087206363677979 0.14198088645935059 43710 0
0.5221092700958252 0.13943004608154297 44421 0
0.5118846893310547 0.14605450630187988 43473 0
0.5491597652435303 0.1403515338897705 43084 0
0.522409200668335 0.14020228385925293 43554 0
0.5181987285614014 0.14312267303466797 43265 0
0.542104959487915 0.1393132209777832 44568 0
0.5331017971038818 0.14133286476135254 44666 0
0.5145425796508789 0.1442255973815918 43733 0
0.5565972328186035 0.14595603942871094 44939 0
0.5176150798797607 0.14365863800048828 44400 0
0.5241696834564209 0.1394660472869873 45009 0
0.5286440849304199 0.14677834510803223 43771 0
0.503347635269165 0.14245319366455078 43223 0
0.5512778759002686 0.14287042617797852 43067 0
0.519324779510498 0.14691448211669922 43001 0
0.49910521507263184 0.14535284042358398 43885 0
0.5074632167816162 0.1405320167541504 43057 0
0.5018532276153564 0.15337824821472168 45516 0
0.5046834945678711 0.14796924591064453 43720 0
0.5241129398345947 0.15056633949279785 44715 0
0.512354850769043 0.14621925354003906 44982 0
0.520106315612793 0.1456446647644043 39429 0
0.5134239196777344 0.14941668510437012 44878 0
0.5129954814910889 0.1406564712524414 44650 0
0.5462698936462402 0.15334153175354004 43608 0
0.5201728343963623 0.1513233184814453 45240 0
0.5336449146270752 0.14745688438415527 45636 0
0.49567079544067383 0.14518141746520996 41970 0
0.49178004264831543 0.14003515243530273 47169 0
0.517765998840332 0.14349579811096191 45085 0
0.5155496597290039 0.13814210891723633 46339 0
0.5027267932891846 0.14300894737243652 44780 0
0.5136158466339111 0.1391313076019287 43451 0
0.5041210651397705 0.15043258666992188 42799 0
0.508721113204956 0.14414453506469727 42734 0
0.5117979049682617 0.1425468921661377 42118 0
0.5123817920684814 0.1426379680633545 42618 0
0.509960412979126 0.14351820945739746 42045 0
0.5091073513031006 0.1410970687866211 42402 0
0.5192523002624512 0.14362502098083496 42094 0
0.5189254283905029 0.14472270011901855 41201 0
0.5184099674224854 0.1398909091949463 41449 0
0.5119125843048096 0.1453847885131836 40557 0
0.5115036964416504 0.13742423057556152 42421 0
0.5226249694824219 0.14418292045593262 42260 0
0.5248317718505859 0.14209389686584473 42564 0
0.5129094123840332 0.14524269104003906 42336 0
0.5495667457580566 0.1483902931213379 40487 0
0.5155782699584961 0.14256024360656738 41838 0
0.5276710987091064 0.13660621643066406 41289 0
0.5109503269195557 0.14092206954956055 40583 0
0.5203783512115479 0.14330053329467773 42037 0
0.5186412334442139 0.14485621452331543 40496 0
0.507606029510498 0.14860796928405762 40881 0
0.5045318603515625 0.1447739601135254 41265 0
0.5358293056488037 0.14130187034606934 41568 0
0.5108199119567871 0.14417529106140137 41145 0
0.5484435558319092 0.14580893516540527 42195 0
0.5122537612915039 0.14569640159606934 41465 0
0.5041875839233398 0.14396309852600098 42048 0
0.5051510334014893 0.13979721069335938 42320 0
