0.4814183712005615 0.1645829677581787 44413 0
0.4823453426361084 0.1709141731262207 44448 0
0.4586169719696045 0.18490028381347656 46223 0
0.46291136741638184 0.1300218105316162 44825 0
0.46158623695373535 0.2052755355834961 46781 0
0.463045597076416 0.21201062202453613 48761 0
0.42429661750793457 0.13815736770629883 48277 0
0.4546849727630615 0.1811833381652832 47646 0
0.43625450134277344 0.16976070404052734 46623 0
0.460888147354126 0.14058613777160645 47575 0
0.45805811882019043 0.1392960548400879 45273 0
0.4681375026702881 0.14785122871398926 44075 0
0.4575040340423584 0.1688861846923828 46963 0
0.46153712272644043 0.12797880172729492 45905 0
0.4794924259185791 0.13965106010437012 36276 0
0.47243690490722656 0.15233492851257324 45522 0
0.4720311164855957 0.17797493934631348 43736 0
0.486391544342041 0.19863176345825195 42138 0
0.47231340408325195 0.20098209381103516 40173 0
0.4740562438964844 0.18570590019226074 43652 0
0.48566603660583496 0.16411113739013672 43852 0
0.4748806953430176 0.14751648902893066 42255 0
0.4874765872955322 0.13135433197021484 44783 0
0.4739978313446045 0.17497563362121582 46662 0
0.4672517776489258 0.13831329345703125 46919 0
0.4498100280761719 0.14406609535217285 45837 0
0.45708775520324707 0.14090752601623535 41169 0
0.4449126720428467 0.12946772575378418 45077 0
0.4783921241760254 0.14150309562683105 45897 0
0.449343204498291 0.17029595375061035 42700 0
0.4815635681152344 0.16449499130249023 45489 0
0.4640514850616455 0.15408611297607422 46420 0
0.46228718757629395 0.13375186920166016 44359 0
0.4601418972015381 0.18419861793518066 44750 0
0.4829268455505371 0.1455676555633545 42026 0
0.471329927444458 0.1707010269165039 47334 0
0.45997190475463867 0.21364760398864746 50811 0
0.455838680267334 0.13939976692199707 48420 0
0.4814314842224121 0.1511213779449463 50105 0
0.4743168354034424 0.13190603256225586 46556 0
0.47098374366760254 0.20363283157348633 42703 0
0.4583430290222168 0.143996000289917 43789 0
0.45947790145874023 0.1632399559020996 47841 0
0.4623837471008301 0.22574186325073242 47387 0
0.4498562812805176 0.14145922660827637 39748 0
0.486339807510376 0.13325810432434082 46663 0
0.4641075134277344 0.19000840187072754 48114 0
0.469820499420166 0.14435815811157227 45957 0
0.456345796585083 0.1725163459777832 47757 0
0.39141225814819336 0.13183093070983887 47413 0
0.4379856586456299 0.12933063507080078 47192 0
0.4593324661254883 0.1705338954925537 48041 0
0.47335100173950195 0.14786291122436523 47701 0
0.471203088760376 0.14083361625671387 47859 0
0.4747138023376465 0.13303208351135254 48696 0
0.468585729598999 0.14842891693115234 48065 0
0.45761799812316895 0.2097456455230713 47797 0
0.4650580883026123 0.14502811431884766 48605 0
0.452984094619751 0.14371871948242188 48610 0
0.4667513370513916 0.15059781074523926 48086 0
0.46134495735168457 0.17870163917541504 46863 0
0.47140955924987793 0.14690637588500977 47042 0
0.47519826889038086 0.13600587844848633 46798 0
0.4241049289703369 0.14356231689453125 46183 0
0.4677114486694336 0.13670134544372559 44499 0
0.46007490158081055 0.18572306632995605 46560 0
0.42397499084472656 0.16816473007202148 46624 0
0.4530959129333496 0.16779875755310059 47121 0
0.46222352981567383 0.18844199180603027 46801 0
0.4678640365600586 0.140458345413208 46213 0
0.4704160690307617 0.14381027221679688 45338 0
0.47789692878723145 0.16602373123168945 43557 0
0.46689581871032715 0.19317960739135742 46310 0
0.4567294120788574 0.17482900619506836 45125 0
0.4609849452972412 0.14405512809753418 36337 0
0.46581006050109863 0.1362290382385254 45880 0
0.4811522960662842 0.18068981170654297 44666 0
0.4623222351074219 0.22928762435913086 43197 0
0.42378878593444824 0.14639997482299805 44359 0
0.46100664138793945 0.13138723373413086 44010 0
0.47524261474609375 0.1744704246520996 45687 0
0.46694087982177734 0.1677722930908203 46254 0
0.47501611709594727 0.1698904037475586 45072 0
0.4652998447418213 0.1370687484741211 44865 0
0.4628763198852539 0.13569116592407227 47239 0
0.4527397155761719 0.17843103408813477 46431 0
0.45492124557495117 0.13111376762390137 43772 0
0.42471837997436523 0.14468598365783691 47075 0
0.48064637184143066 0.16815590858459473 46241 0
0.45583415031433105 0.1560959815979004 47603 0
0.44410204887390137 0.16507315635681152 46600 0
0.4650576114654541 0.13084077835083008 46570 0
0.4607720375061035 0.14520764350891113 46147 0
0.4769279956817627 0.13933157920837402 44424 0
0.4479653835296631 0.19856691360473633 46281 0
0.4800536632537842 0.1737356185913086 46308 0
0.45987462997436523 0.1943833827972412 36415 0
0.48713088035583496 0.15665316581726074 46163 0
0.47871923446655273 0.14402222633361816 47302 0
0.4722585678100586 0.1351156234741211 43907 0
0.4834764003753662 0.18803763389587402 45122 0
0.4584939479827881 0.16276955604553223 45273 0
0.4634284973144531 0.1342623233795166 46414 0
0.45502305030822754 0.12591052055358887 48557 0
0.45077061653137207 0.14931416511535645 47875 0
0.4604976177215576 0.18843364715576172 47346 0
0.4539625644683838 0.16624760627746582 48312 0
0.4742755889892578 0.18475079536437988 49128 0
0.47588586807250977 0.16481518745422363 48813 0
0.44695353507995605 0.1765286922454834 48126 0
0.46170830726623535 0.1290912628173828 47653 0
0.4652214050292969 0.1383495330810547 46627 0
0.4244861602783203 0.18308210372924805 48073 0
0.47319602966308594 0.13034725189208984 48109 0
0.4642012119293213 0.14928579330444336 46108 0
0.46410202980041504 0.13768506050109863 47534 0
0.43924880027770996 0.14262080192565918 41479 0
0.4842865467071533 0.147810697555542 48497 0
0.474567174911499 0.15799593925476074 47764 0
0.47724461555480957 0.162431001663208 47893 0
0.4613642692565918 0.14279508590698242 46183 0
0.46326255798339844 0.1483471393585205 47109 0
0.4912574291229248 0.13790440559387207 46740 0
0.47960925102233887 0.21266555786132812 44791 0
0.46860766410827637 0.16785073280334473 46626 0
0.4541664123535156 0.12879157066345215 47316 0
0.45616769790649414 0.14356493949890137 37207 0
0.488023042678833 0.1693413257598877 45003 0
0.473233699798584 0.12612628936767578 39399 0
0.4600536823272705 0.18654942512512207 41141 0
0.4595184326171875 0.2005908489227295 43480 0
0.4617455005645752 0.14299273490905762 43195 0
0.4520745277404785 0.1455368995666504 41510 0
0.46094512939453125 0.1752786636352539 45003 0
0.47679734230041504 0.12735724449157715 45310 0
0.474459171295166 0.15657758712768555 46685 0
0.467531681060791 0.17373299598693848 46128 0
0.46271800994873047 0.19528675079345703 46720 0
0.45512938499450684 0.12097954750061035 45606 0
0.47040414810180664 0.19397854804992676 45945 0
0.44543886184692383 0.19501757621765137 47319 0
0.45956850051879883 0.15628623962402344 47838 0
0.47193264961242676 0.14214396476745605 46660 0
0.458315372467041 0.2092585563659668 46981 0
0.45843958854675293 0.1736743450164795 45770 0
0.45928096771240234 0.13211631774902344 49448 0
0.45548129081726074 0.1833939552307129 48233 0
0.4629814624786377 0.12678289413452148 46881 0
0.47382402420043945 0.13641905784606934 44430 0
0.4599306583404541 0.12950921058654785 43928 0
0.46103978157043457 0.14183712005615234 48438 0
0.4768538475036621 0.12273001670837402 51476 0
0.4706096649169922 0.1415550708770752 51013 0
0.47191500663757324 0.1641983985900879 49331 0
0.45379638671875 0.1693410873413086 49598 0
0.443401575088501 0.14348602294921875 48306 0
0.4579036235809326 0.13463878631591797 38299 0
0.46500086784362793 0.17424225807189941 44864 0
0.4708902835845947 0.14135050773620605 46450 0
0.47486376762390137 0.15880298614501953 42102 0
0.47148990631103516 0.1388392448425293 41334 0
0.45790910720825195 0.13235759735107422 41923 0
0.4723341464996338 0.1279468536376953 41450 0
0.4539811611175537 0.2001173496246338 42519 0
0.47067952156066895 0.154099702835083 45167 0
0.46726202964782715 0.13461923599243164 43811 0
0.46631288528442383 0.15735101699829102 43498 0
0.481673002243042 0.14099431037902832 46676 0
0.458310604095459 0.1459338665008545 45050 0
0.46392178535461426 0.22781801223754883 49378 0
0.45514965057373047 0.21190595626831055 44935 0
0.44015932083129883 0.15041089057922363 47455 0
0.4433929920196533 0.18340516090393066 47438 0
0.468303918838501 0.1858072280883789 48566 0
0.4681816101074219 0.12695884704589844 48012 0
0.46149230003356934 0.17376160621643066 48648 0
0.4613523483276367 0.1329481601715088 44265 0
0.4680211544036865 0.14983844757080078 48377 0
0.43373942375183105 0.16547441482543945 49562 0
0.4577810764312744 0.1360621452331543 49056 0
0.4641757011413574 0.13353681564331055 47596 0
0.49183225631713867 0.17499685287475586 47055 0
0.4988377094268799 0.17925333976745605 47231 0
0.4808192253112793 0.15816760063171387 45334 0
0.49320244789123535 0.15572214126586914 46846 0
0.44623756408691406 0.16391539573669434 47150 0
0.4843027591705322 0.19350814819335938 37963 0
0.49435973167419434 0.16730642318725586 48146 0
0.4673125743865967 0.1294844150543213 48305 0
0.4662761688232422 0.15149641036987305 44910 0
0.4616725444793701 0.15279316902160645 46075 0
0.4504568576812744 0.14588189125061035 47083 0
0.4612436294555664 0.21365642547607422 47662 0
0.4880485534667969 0.13283514976501465 48389 0
0.4733097553253174 0.21570634841918945 47373 0
0.4724607467651367 0.191969633102417 47134 0
0.4651157855987549 0.1708216667175293 47226 0
0.4601583480834961 0.19195818901062012 48017 0
0.4581258296966553 0.2105274200439453 48018 0
0.4589717388153076 0.1693880558013916 47300 0
0.45845627784729004 0.1962580680847168 45593 0
0.4551835060119629 0.15143442153930664 39665 0
0.4657924175262451 0.15671992301940918 37116 0
0.45438456535339355 0.14185428619384766 38506 0
0.45522308349609375 0.14087772369384766 37733 0
0.456040620803833 0.13158893585205078 39784 0
0.467134952545166 0.1614065170288086 39035 0
0.4612140655517578 0.20687055587768555 39656 0
0.4598824977874756 0.13462233543395996 40849 0
0.4733426570892334 0.15010309219360352 40310 0
0.4228208065032959 0.14839458465576172 40184 0
0.4505791664123535 0.14972376823425293 41230 0
0.453235387802124 0.12429356575012207 40033 0
0.4787781238555908 0.14756560325622559 39210 0
0.49040675163269043 0.14203929901123047 39144 0
0.44063496589660645 0.12538433074951172 38128 0
0.45848846435546875 0.14447808265686035 38178 0
0.45432043075561523 0.1942589282989502 35286 0
0.40176987648010254 0.13284945487976074 39228 0
0.45741796493530273 0.1414811611175537 39551 0
0.464092493057251 0.19327640533447266 40120 0
0.4634518623352051 0.18698430061340332 39512 0
0.4514944553375244 0.14350509643554688 39594 0
0.4730663299560547 0.14987945556640625 40006 0
0.47284770011901855 0.13134241104125977 39903 0
0.4635155200958252 0.14628934860229492 39801 0
0.4754610061645508 0.14496588706970215 39600 0
0.44553303718566895 0.14071297645568848 39847 0
0.4656367301940918 0.14560151100158691 39178 0
0.39792966842651367 0.13471174240112305 39794 0
0.466813325881958 0.1432511806488037 40725 0
0.4753713607788086 0.1266927719116211 38780 0
0.48137688636779785 0.21391582489013672 38459 0
0.46190667152404785 0.21819829940795898 38840 0
0.4787728786468506 0.12269783020019531 40067 0
0.46694159507751465 0.18097472190856934 40111 0
0.44670581817626953 0.19265103340148926 39442 0
0.45867395401000977 0.14037322998046875 39333 0
0.42856478691101074 0.14223074913024902 39401 0
0.4598214626312256 0.13810467720031738 38857 0
0.46961188316345215 0.145219087600708 38531 0
0.4356544017791748 0.14182519912719727 38661 0
0.47881364822387695 0.1914060115814209 39842 0
0.4469587802886963 0.1700456142425537 38624 0
0.4570181369781494 0.14698410034179688 39298 0
0.4584014415740967 0.13680315017700195 39013 0
0.4615049362182617 0.13564634323120117 38336 0
0.46418285369873047 0.13315320014953613 36163 0
0.48016953468322754 0.20209240913391113 38179 0
0.4662292003631592 0.14193034172058105 38562 0
0.45286130905151367 0.22233247756958008 38569 0
0.43919992446899414 0.14410781860351562 38984 0
0.42340660095214844 0.19061708450317383 38684 0
0.4685544967651367 0.1256253719329834 39360 0
0.4549868106842041 0.1937549114227295 39302 0
0.4414553642272949 0.1355304718017578 38984 0
0.47861790657043457 0.15228724479675293 39431 0
0.4514749050140381 0.19716477394104004 38333 0
0.4588470458984375 0.18506193161010742 37944 0
0.47008371353149414 0.13343167304992676 38323 0
0.46127796173095703 0.13589978218078613 38509 0
0.4719510078430176 0.16988849639892578 38418 0
0.4363067150115967 0.14317703247070312 38689 0
0.4678804874420166 0.2234654426574707 38822 0
0.45218372344970703 0.14975881576538086 39330 0
0.461047887802124 0.1262681484222412 38820 0
0.4630427360534668 0.1923506259918213 39514 0
0.4721989631652832 0.15335869789123535 39229 0
0.45309925079345703 0.16614818572998047 38888 0
0.4461953639984131 0.21114397048950195 39696 0
0.459683895111084 0.1904747486114502 38685 0
0.4863321781158447 0.1819148063659668 38763 0
0.4569590091705322 0.16354060173034668 40201 0
0.4722476005554199 0.2112276554107666 43383 0
0.46717333793640137 0.15109539031982422 43484 0
0.4796102046966553 0.14677858352661133 40081 0
0.4584648609161377 0.12865734100341797 47323 0
0.4563469886779785 0.1385347843170166 44296 0
0.43900442123413086 0.1431562900543213 46891 0
0.4652726650238037 0.1813642978668213 45078 0
0.45313096046447754 0.1793043613433838 43832 0
0.4453592300415039 0.1393899917602539 44051 0
0.4828188419342041 0.2060694694519043 44804 0
0.4784541130065918 0.18151426315307617 44350 0
0.46930480003356934 0.13391590118408203 43392 0
0.4466590881347656 0.15823101997375488 43175 0
0.46782422065734863 0.19376301765441895 40565 0
0.4919764995574951 0.15266871452331543 40725 0
0.45339417457580566 0.15322589874267578 38191 0
0.4603006839752197 0.1472783088684082 39620 0
0.4506967067718506 0.20452404022216797 40309 0
0.45871806144714355 0.13713335990905762 39200 0
0.47890400886535645 0.13800406455993652 39927 0
0.43648505210876465 0.1448073387145996 40320 0
0.4378931522369385 0.14046168327331543 39604 0
0.4613215923309326 0.12561273574829102 40089 0
0.47805094718933105 0.1500699520111084 40021 0
0.43142127990722656 0.1376185417175293 40560 0
0.48179078102111816 0.13085126876831055 40544 0
0.45332837104797363 0.2096405029296875 34529 0
0.46286606788635254 0.1875474452972412 41520 0
0.3929409980773926 0.19937968254089355 40979 0
0.4698305130004883 0.15500283241271973 40037 0
0.4428830146789551 0.14905977249145508 41175 0
0.46053385734558105 0.18475937843322754 40886 0
0.4656531810760498 0.13188982009887695 40821 0
0.4850168228149414 0.14506793022155762 40564 0
0.45752882957458496 0.14329051971435547 40293 0
0.4531233310699463 0.17331504821777344 39904 0
0.4668586254119873 0.156341552734375 38993 0
0.4659385681152344 0.14737987518310547 38963 0
0.44617223739624023 0.14087462425231934 39402 0
0.4576756954193115 0.20354080200195312 40124 0
0.46921205520629883 0.21242952346801758 40805 0
0.46139955520629883 0.16642546653747559 40585 0
0.47625136375427246 0.17746973037719727 40205 0
0.4914250373840332 0.15109992027282715 40430 0
0.4778928756713867 0.14180970191955566 39915 0
0.4782094955444336 0.18433070182800293 39932 0
0.47405409812927246 0.17331981658935547 40136 0
0.46004748344421387 0.15532875061035156 39695 0
0.47639966011047363 0.1353614330291748 39126 0
0.45336270332336426 0.1827538013458252 39296 0
0.4430391788482666 0.13765406608581543 39834 0
0.4486083984375 0.2065427303314209 39188 0
0.4654998779296875 0.15388703346252441 38920 0
0.4667341709136963 0.13791203498840332 38788 0
0.46581220626831055 0.19782805442810059 39792 0
0.48203587532043457 0.16749358177185059 39765 0
0.4554014205932617 0.1448197364807129 32919 0
0.4847724437713623 0.13541531562805176 39162 0
0.4465763568878174 0.2162947654724121 40251 0
0.49389147758483887 0.18089771270751953 38326 0
0.4742908477783203 0.13533949851989746 40803 0
0.46921253204345703 0.14696836471557617 42836 0
0.49451541900634766 0.16998982429504395 39856 0
0.47860002517700195 0.14964842796325684 40644 0
0.4317607879638672 0.1317915916442871 40595 0
0.46376609802246094 0.13685917854309082 39555 0
0.46334290504455566 0.1485276222229004 39497 0
0.46451425552368164 0.15176892280578613 39564 0
0.47444891929626465 0.15846467018127441 40155 0
0.43530988693237305 0.16057300567626953 39535 0
0.4860231876373291 0.1898818016052246 39652 0
0.4580063819885254 0.21226239204406738 39485 0
0.4588325023651123 0.14624238014221191 39853 0
0.4645426273345947 0.1374807357788086 40567 0
0.43895411491394043 0.14262700080871582 39918 0
0.483532190322876 0.14783143997192383 39986 0
0.4729487895965576 0.14985346794128418 39774 0
0.4680521488189697 0.14248228073120117 38992 0
0.47855710983276367 0.20977139472961426 39293 0
0.4857141971588135 0.15697169303894043 38659 0
0.4535715579986572 0.13471555709838867 40244 0
0.4805891513824463 0.13169312477111816 39683 0
0.45510292053222656 0.17848753929138184 39104 0
0.4514801502227783 0.15344691276550293 38031 0
0.43947839736938477 0.15318846702575684 40243 0
0.4674525260925293 0.14896154403686523 39818 0
0.4624443054199219 0.18737125396728516 32243 0
0.4582381248474121 0.21288037300109863 38519 0
0.4662470817565918 0.17573785781860352 38875 0
0.43772196769714355 0.13818144798278809 37245 0
0.44179439544677734 0.16193413734436035 40001 0
0.46297168731689453 0.16356658935546875 40278 0
0.4725940227508545 0.13596224784851074 35200 0
0.47510671615600586 0.1341407299041748 31668 0
0.4845244884490967 0.12075591087341309 38977 0
0.4809699058532715 0.16307735443115234 40118 0
0.4720759391784668 0.15013980865478516 42291 0
0.4603447914123535 0.1939232349395752 41762 0
0.46670985221862793 0.1409289836883545 41105 0
0.4596397876739502 0.1833653450012207 41471 0
0.47901225090026855 0.13794469833374023 40657 0
0.448422908782959 0.20935916900634766 40323 0
0.4684886932373047 0.14007806777954102 33372 0
0.45838260650634766 0.1945185661315918 32770 0
0.4634404182434082 0.13593053817749023 40555 0
0.46013665199279785 0.13686513900756836 40968 0
0.475261926651001 0.15518426895141602 39656 0
0.46674466133117676 0.14547133445739746 40177 0
0.4883387088775635 0.1512463092803955 39899 0
0.44869565963745117 0.1785266399383545 40020 0
0.47939109802246094 0.1404273509979248 41285 0
0.4860384464263916 0.17015981674194336 41188 0
0.46705102920532227 0.1422419548034668 40923 0
0.4651014804840088 0.2061913013458252 39426 0
0.465320348739624 0.15222597122192383 41074 0
0.543198823928833 0.17932415008544922 40847 0
0.45718812942504883 0.18984341621398926 36250 0
0.4472191333770752 0.1455366611480713 40650 0
0.4826202392578125 0.16564393043518066 40331 0
0.46694445610046387 0.15082836151123047 40445 0
0.4599027633666992 0.13626980781555176 40680 0
0.4716308116912842 0.13262343406677246 40312 0
0.47577357292175293 0.1466972827911377 40186 0
0.465986967086792 0.1494743824005127 39528 0
0.44220566749572754 0.1450824737548828 40531 0
0.44391608238220215 0.18574285507202148 39998 0
0.4470367431640625 0.13863158226013184 39381 0
0.4757077693939209 0.14123272895812988 40588 0
0.46123433113098145 0.17147421836853027 40029 0
0.4923720359802246 0.14059042930603027 40196 0
0.462888240814209 0.1435086727142334 40445 0
0.4525425434112549 0.14262080192565918 41401 0
0.4510815143585205 0.1251235008239746 41176 0
0.48314356803894043 0.15348529815673828 39653 0
0.4799230098724365 0.15138506889343262 38728 0
0.43581104278564453 0.20265674591064453 39797 0
0.42580580711364746 0.1394047737121582 38886 0
0.46471309661865234 0.12967157363891602 33251 0
0.468644380569458 0.17198967933654785 38771 0
0.4637448787689209 0.1597001552581787 38632 0
0.4673900604248047 0.2091059684753418 39065 0
0.4901299476623535 0.16928648948669434 38370 0
0.46954965591430664 0.15041446685791016 39103 0
0.45361876487731934 0.13714122772216797 39101 0
0.4641592502593994 0.13230562210083008 38350 0
0.4254496097564697 0.2138521671295166 38623 0
0.46671295166015625 0.13700580596923828 38847 0
0.46187448501586914 0.17926359176635742 39268 0
0.4601142406463623 0.14026999473571777 39421 0
0.47487711906433105 0.18359589576721191 38429 0
0.48729515075683594 0.16252517700195312 39153 0
0.47147607803344727 0.15422487258911133 38332 0
0.46164560317993164 0.18686747550964355 38890 0
0.46240663528442383 0.20882129669189453 38808 0
0.47658634185791016 0.18487215042114258 38699 0
0.4622037410736084 0.15941500663757324 38386 0
0.4715461730957031 0.14188647270202637 38728 0
0.47942686080932617 0.1350245475769043 38832 0
0.45498228073120117 0.1535811424255371 40330 0
0.4900341033935547 0.1354382038116455 39819 0
0.46875429153442383 0.13987159729003906 38684 0
0.46802401542663574 0.1665487289428711 39278 0
0.41521477699279785 0.1485917568206787 38445 0
0.45177459716796875 0.1354522705078125 38616 0
0.4655494689941406 0.14966702461242676 37619 0
0.4629383087158203 0.14633870124816895 38293 0
0.445850133895874 0.13927221298217773 38978 0
0.466794490814209 0.14208412170410156 32482 0
0.4778745174407959 0.17229342460632324 38372 0
0.45022058486938477 0.21982812881469727 39038 0
0.48058390617370605 0.16483330726623535 38747 0
0.46373534202575684 0.20299506187438965 39358 0
0.47718095779418945 0.17922592163085938 39252 0
0.4491252899169922 0.1424713134765625 39347 0
0.4555642604827881 0.14505529403686523 38227 0
0.4502744674682617 0.14766168594360352 37944 0
0.4688899517059326 0.17110633850097656 39813 0
0.4645063877105713 0.138077974319458 38196 0
0.4387645721435547 0.14388608932495117 38510 0
0.44980692863464355 0.18381690979003906 38353 0
0.4327981472015381 0.1459031105041504 38787 0
0.4679570198059082 0.1316697597503662 37843 0
0.46478819847106934 0.21600985527038574 38458 0
0.49228525161743164 0.14006400108337402 37524 0
0.4770362377166748 0.1700444221496582 39092 0
0.4662594795227051 0.14058923721313477 37963 0
0.4609496593475342 0.13690638542175293 38793 0
0.46776604652404785 0.14874649047851562 37860 0
0.44464540481567383 0.14098787307739258 39626 0
0.4639701843261719 0.1314225196838379 38856 0
0.46188926696777344 0.12336993217468262 37534 0
0.4637725353240967 0.14980363845825195 38073 0
0.464540958404541 0.16555547714233398 38149 0
0.4572899341583252 0.20273375511169434 38245 0
0.4386723041534424 0.13333821296691895 37227 0
0.4123060703277588 0.1423630714416504 38647 0
0.42218899726867676 0.1342020034790039 37551 0
0.45766210556030273 0.14624714851379395 31552 0
0.46460747718811035 0.14276933670043945 37166 0
0.4592444896697998 0.19266319274902344 37605 0
0.45671844482421875 0.1717691421508789 37223 0
0.4458045959472656 0.13797402381896973 37404 0
0.4493546485900879 0.14899110794067383 38142 0
0.4439210891723633 0.19821381568908691 38904 0
0.4776437282562256 0.1403353214263916 38683 0
0.4629793167114258 0.13285231590270996 37552 0
0.4620702266693115 0.20753240585327148 37821 0
0.4652068614959717 0.17148065567016602 37330 0
0.4633753299713135 0.13023781776428223 37581 0
0.4681220054626465 0.1310749053955078 38100 0
0.46663737297058105 0.18341922760009766 37208 0
0.45461010932922363 0.15183663368225098 38021 0
0.4762265682220459 0.14605951309204102 37939 0
0.46169185638427734 0.18377041816711426 36781 0
0.4638552665710449 0.13754534721374512 36179 0
0.41382884979248047 0.13252806663513184 35922 0
0.45264482498168945 0.12461733818054199 36950 0
0.45905160903930664 0.12503600120544434 37023 0
0.4647336006164551 0.14141631126403809 37653 0
0.4473412036895752 0.1476762294769287 37111 0
0.47489190101623535 0.16187000274658203 38006 0
0.4493265151977539 0.17613530158996582 38489 0
0.469649076461792 0.15726184844970703 38756 0
0.45912837982177734 0.11957550048828125 36599 0
0.46431493759155273 0.1394360065460205 34524 0
0.46195101737976074 0.14821648597717285 35947 0
0.4677255153656006 0.1425001621246338 35304 0
0.47301173210144043 0.14725875854492188 29795 0
0.479949951171875 0.14365601539611816 35337 0
0.46453094482421875 0.13588953018188477 36107 0
0.47412991523742676 0.14516925811767578 35093 0
0.46397948265075684 0.13820886611938477 34207 0
0.4255096912384033 0.17110228538513184 34642 0
0.43732476234436035 0.18474745750427246 36611 0
0.4697897434234619 0.1613314151763916 36514 0
0.4704270362854004 0.12513422966003418 35780 0
0.4592094421386719 0.15273332595825195 35752 0
0.4613301753997803 0.157057523727417 34704 0
0.48291897773742676 0.17657732963562012 34153 0
0.4615795612335205 0.13603448867797852 34517 0
0.4532618522644043 0.14700698852539062 33770 0
0.43416833877563477 0.14363598823547363 34404 0
0.46254634857177734 0.21300315856933594 34522 0
0.45401859283447266 0.14010834693908691 34648 0
0.45450735092163086 0.14632344245910645 36161 0
0.443206787109375 0.1706550121307373 36535 0
0.4592726230621338 0.15418529510498047 36076 0
0.431257963180542 0.14735054969787598 35276 0
0.45742177963256836 0.1962263584136963 36326 0
0.48075366020202637 0.14772891998291016 35205 0
0.44919419288635254 0.13807320594787598 35202 0
0.4683966636657715 0.1797025203704834 35016 0
0.46427464485168457 0.18217921257019043 35103 0
0.4629852771759033 0.21007275581359863 34728 0
0.4667479991912842 0.15285205841064453 33407 0
0.47932863235473633 0.2048633098602295 36083 0
0.43238186836242676 0.14120030403137207 35284 0
0.4749889373779297 0.1350867748260498 29786 0
0.4593062400817871 0.156036376953125 34226 0
0.4474320411682129 0.1295640468597412 36510 0
0.46541881561279297 0.15123414993286133 35271 0
0.4961974620819092 0.21018695831298828 34506 0
0.47692084312438965 0.17757701873779297 35724 0
0.48000144958496094 0.17819786071777344 35236 0
0.4486372470855713 0.16069698333740234 34124 0
0.4607110023498535 0.15296387672424316 37057 0
0.4572172164916992 0.18390941619873047 36495 0
0.47760748863220215 0.13945531845092773 29610 0
0.40837860107421875 0.14918994903564453 35493 0
0.4536149501800537 0.2048356533050537 36780 0
0.46574926376342773 0.16994404792785645 36648 0
0.46805524826049805 0.14582538604736328 36097 0
0.46593642234802246 0.14522433280944824 37047 0
0.4808027744293213 0.12418222427368164 37805 0
0.45994997024536133 0.13514089584350586 38513 0
0.4655606746673584 0.13237404823303223 38129 0
0.46869659423828125 0.15061140060424805 37141 0
0.47133708000183105 0.1495816707611084 36940 0
0.44382810592651367 0.14500975608825684 37237 0
0.46865034103393555 0.16778349876403809 37592 0
0.4846377372741699 0.13504433631896973 37874 0
0.4645564556121826 0.16530513763427734 37546 0
0.4506254196166992 0.14188885688781738 37252 0
0.44487500190734863 0.20525765419006348 34329 0
0.45661473274230957 0.14219331741333008 35992 0
0.4539976119995117 0.1839888095855713 37638 0
0.46479153633117676 0.1680622100830078 37472 0
0.45535874366760254 0.20276355743408203 37877 0
0.4644627571105957 0.14827251434326172 38607 0
0.4560999870300293 0.20937371253967285 36895 0
0.44257187843322754 0.14355158805847168 37419 0
0.4779500961303711 0.12158799171447754 37711 0
0.44765806198120117 0.16062545776367188 36748 0
0.44396114349365234 0.19160914421081543 36395 0
0.4475576877593994 0.19132256507873535 35663 0
0.4529564380645752 0.16119742393493652 37003 0
0.45627307891845703 0.2033400535583496 36675 0
0.4953465461730957 0.1447155475616455 38010 0
0.4616272449493408 0.16926956176757812 36560 0
0.45786476135253906 0.15442299842834473 37578 0
0.42801547050476074 0.16654014587402344 37092 0
0.459092378616333 0.13668203353881836 36504 0
0.4639897346496582 0.16833138465881348 37398 0
0.4781026840209961 0.1670999526977539 34204 0
0.4614737033843994 0.14949965476989746 36876 0
0.4587368965148926 0.17883682250976562 36745 0
0.4615504741668701 0.16840195655822754 29874 0
0.4583418369293213 0.14078783988952637 36106 0
0.472121000289917 0.1672215461730957 36164 0
0.44268035888671875 0.14238619804382324 36184 0
0.43909430503845215 0.13545560836791992 35831 0
0.454986572265625 0.1973729133605957 35694 0
0.4564375877380371 0.14661931991577148 38054 0
0.45232415199279785 0.13908982276916504 37849 0
0.4685933589935303 0.14866137504577637 38830 0
0.4610304832458496 0.21256041526794434 38574 0
0.4597303867340088 0.20995807647705078 36605 0
0.4358499050140381 0.17904376983642578 37381 0
0.4514017105102539 0.17201519012451172 36897 0
0.44005608558654785 0.137359619140625 37354 0
0.4589087963104248 0.1288304328918457 37205 0
0.46897292137145996 0.14753961563110352 36361 0
0.4367642402648926 0.13795137405395508 36922 0
0.4586195945739746 0.194413423538208 39320 0
0.4521152973175049 0.21312642097473145 38690 0
0.45125794410705566 0.15447616577148438 37643 0
0.4519040584564209 0.14695262908935547 38352 0
0.46822667121887207 0.12353754043579102 37064 0
0.4599947929382324 0.1267707347869873 37381 0
0.5060005187988281 0.13769197463989258 36560 0
0.4771270751953125 0.13394474983215332 37662 0
0.4597737789154053 0.14094161987304688 42784 0
0.43477892875671387 0.1613314151763916 45253 0
0.45735597610473633 0.1709144115447998 45983 0
0.48320555686950684 0.1269540786743164 45282 0
0.47048425674438477 0.14633727073669434 45685 0
0.4719057083129883 0.15484070777893066 45444 0
0.4838736057281494 0.16371488571166992 46521 0
0.46845340728759766 0.13748764991760254 45803 0
0.403334379196167 0.13666915893554688 47645 0
0.4562211036682129 0.14874839782714844 47203 0
0.4583311080932617 0.13277482986450195 45137 0
0.45815014839172363 0.15541839599609375 47951 0
0.46384477615356445 0.1376042366027832 45439 0
0.47150397300720215 0.1508927345275879 46147 0
0.4695453643798828 0.1345195770263672 47184 0
0.45198988914489746 0.20371150970458984 46068 0
0.4451301097869873 0.13844585418701172 46638 0
0.4569370746612549 0.1503615379333496 45340 0
0.47141051292419434 0.15456104278564453 40905 0
0.4725639820098877 0.1238412857055664 45615 0
0.4580707550048828 0.19832968711853027 45910 0
0.46507954597473145 0.15477776527404785 46519 0
0.4703850746154785 0.18974804878234863 46901 0
0.4810822010040283 0.14773941040039062 47151 0
0.4667060375213623 0.13456058502197266 47290 0
0.47493886947631836 0.13747358322143555 46135 0
0.4713261127471924 0.1529395580291748 47064 0
0.48027539253234863 0.15297436714172363 46683 0
0.4770040512084961 0.1349642276763916 39134 0
0.48003101348876953 0.12886691093444824 45873 0
0.4812650680541992 0.14713335037231445 45800 0
0.46090149879455566 0.16484451293945312 48225 0
0.45790672302246094 0.1738905906677246 47342 0
0.47510290145874023 0.16544556617736816 47940 0
0.45395421981811523 0.2045276165008545 48867 0
0.47225522994995117 0.1641688346862793 48664 0
0.4817230701446533 0.12320542335510254 48112 0
0.4775679111480713 0.1804337501525879 48921 0
0.44478368759155273 0.13473987579345703 45772 0
0.44574570655822754 0.17933964729309082 48207 0
0.45769619941711426 0.20199823379516602 48108 0
0.4673588275909424 0.15018486976623535 47058 0
0.46053051948547363 0.1517484188079834 48801 0
0.46483874320983887 0.1840682029724121 47385 0
0.46488285064697266 0.1810452938079834 46656 0
0.469710111618042 0.12824463844299316 47807 0
0.465104341506958 0.14475512504577637 47557 0
0.4705231189727783 0.17674541473388672 49066 0
0.4555342197418213 0.16521954536437988 42996 0
0.4472982883453369 0.16482853889465332 47683 0
0.46399712562561035 0.14069867134094238 50327 0
0.4668309688568115 0.17298269271850586 49539 0
0.49425673484802246 0.15166068077087402 47901 0
0.4849879741668701 0.15132641792297363 47245 0
0.4907245635986328 0.14635920524597168 47938 0
0.4469754695892334 0.18875861167907715 45140 0
0.4644901752471924 0.1376945972442627 47874 0
0.47347044944763184 0.14337420463562012 49280 0
0.46448397636413574 0.14371752738952637 39822 0
0.4527456760406494 0.13735747337341309 47891 0
0.4497690200805664 0.18093180656433105 46464 0
0.432783842086792 0.1462409496307373 46531 0
0.4638040065765381 0.21225857734680176 49038 0
0.45973920822143555 0.14607524871826172 48580 0
0.4686100482940674 0.1482558250427246 46506 0
0.48682737350463867 0.1356351375579834 49803 0
0.46251726150512695 0.14738082885742188 48637 0
0.4560534954071045 0.17884373664855957 48236 0
0.47286534309387207 0.13968968391418457 48270 0
0.46349024772644043 0.14545106887817383 47544 0
0.4740719795227051 0.17508769035339355 46328 0
0.4751243591308594 0.15839219093322754 47801 0
0.4686918258666992 0.1949760913848877 49169 0
0.46660852432250977 0.21605348587036133 49044 0
0.46852707862854004 0.15198540687561035 48364 0
0.4565560817718506 0.17558813095092773 47099 0
0.4690260887145996 0.16647815704345703 50256 0
0.4643118381500244 0.1788179874420166 48423 0
0.46594715118408203 0.14663410186767578 44246 0
0.46372509002685547 0.19954180717468262 48202 0
0.4752781391143799 0.1452653408050537 48530 0
0.4622640609741211 0.14593052864074707 48536 0
0.46319055557250977 0.18037962913513184 46880 0
0.47692036628723145 0.14023923873901367 47486 0
0.43954014778137207 0.13482975959777832 47412 0
0.46674108505249023 0.12732577323913574 46138 0
0.4791066646575928 0.12923383712768555 47820 0
0.4745371341705322 0.1325826644897461 47166 0
0.4631164073944092 0.1439957618713379 36194 0
0.4767937660217285 0.14584612846374512 43997 0
0.4634413719177246 0.13491034507751465 43827 0
0.4730830192565918 0.1290593147277832 41534 0
0.46859288215637207 0.2014615535736084 44513 0
0.478757381439209 0.1923973560333252 44145 0
0.4502077102661133 0.2157118320465088 44413 0
0.4826033115386963 0.16252660751342773 44243 0
0.4609673023223877 0.15433311462402344 46123 0
0.4521324634552002 0.13761329650878906 45610 0
0.4687764644622803 0.1746053695678711 42500 0
0.46946072578430176 0.15655279159545898 44546 0
0.4771006107330322 0.20253562927246094 39797 0
0.4625399112701416 0.200469970703125 42562 0
0.4706573486328125 0.16448163986206055 44696 0
0.4582228660583496 0.14629054069519043 44201 0
0.4629635810852051 0.13509702682495117 43412 0
0.4586520195007324 0.13300347328186035 43172 0
0.47224998474121094 0.14589524269104004 43090 0
0.4734318256378174 0.14154934883117676 42667 0
0.46861934661865234 0.17697739601135254 40373 0
0.469074010848999 0.17719078063964844 43040 0
0.43453025817871094 0.17040538787841797 44204 0
0.45808959007263184 0.13646197319030762 44487 0
0.45850110054016113 0.19291281700134277 43742 0
0.46712422370910645 0.22651195526123047 44130 0
0.47660326957702637 0.1320176124572754 45109 0
0.4839968681335449 0.14922809600830078 41460 0
0.4638838768005371 0.13295292854309082 42941 0
0.46944117546081543 0.18567872047424316 43489 0
0.4705498218536377 0.13679957389831543 33745 0
0.46053481101989746 0.20498394966125488 44487 0
0.45668840408325195 0.15815329551696777 41296 0
0.44959163665771484 0.1535046100616455 40879 0
0.4689521789550781 0.1825718879699707 44667 0
0.4591660499572754 0.17035293579101562 42616 0
0.48134732246398926 0.14436745643615723 41548 0
0.4548377990722656 0.13907456398010254 43717 0
0.47583746910095215 0.15160369873046875 43967 0
0.4485743045806885 0.2069845199584961 44691 0
0.46048998832702637 0.20335841178894043 44565 0
0.480790376663208 0.12974286079406738 43830 0
0.4326789379119873 0.13514161109924316 40873 0
0.45927858352661133 0.14626717567443848 44414 0
0.4464552402496338 0.136519193649292 44168 0
0.4678797721862793 0.12706589698791504 44716 0
0.47168898582458496 0.11590123176574707 44252 0
0.46289873123168945 0.19752979278564453 44407 0
0.4471704959869385 0.13744235038757324 44469 0
0.4629032611846924 0.1398477554321289 44290 0
0.459827184677124 0.1665036678314209 40477 0
0.44777393341064453 0.16544294357299805 43817 0
0.5122590065002441 0.18300485610961914 44582 0
0.4680647850036621 0.1514582633972168 43779 0
0.46858954429626465 0.2093794345855713 43781 0
0.48931312561035156 0.13887786865234375 44670 0
0.4787771701812744 0.16779041290283203 43400 0
0.45695066452026367 0.12646079063415527 41872 0
0.4637603759765625 0.19472885131835938 44063 0
0.45717453956604004 0.18393492698669434 43028 0
0.45868873596191406 0.14860272407531738 34595 0
0.472501277923584 0.15058207511901855 42481 0
0.46649718284606934 0.1425769329071045 39271 0
0.4662754535675049 0.1590428352355957 40922 0
0.4291090965270996 0.14967727661132812 42573 0
0.44990992546081543 0.126600980758667 43875 0
0.47187089920043945 0.13657283782958984 42671 0
0.45682716369628906 0.14650726318359375 44701 0
0.48168182373046875 0.21143269538879395 43702 0
0.47858238220214844 0.20184588432312012 43628 0
0.4716789722442627 0.12637591361999512 43638 0
0.4504821300506592 0.13843345642089844 43397 0
0.4848947525024414 0.1437067985534668 39950 0
0.4838566780090332 0.14141583442687988 44381 0
0.4709048271179199 0.17950224876403809 43481 0
0.4611356258392334 0.20023012161254883 43533 0
0.46718764305114746 0.22063016891479492 43467 0
0.4810941219329834 0.17231965065002441 43611 0
0.46418070793151855 0.2036445140838623 43404 0
0.4870295524597168 0.13620567321777344 43261 0
0.4668846130371094 0.14559507369995117 38338 0
0.48380112648010254 0.16211581230163574 43417 0
0.46305346488952637 0.18680095672607422 43866 0
0.46709680557250977 0.16927051544189453 44385 0
0.4594266414642334 0.13281822204589844 43277 0
0.48166489601135254 0.13334965705871582 43599 0
0.4792470932006836 0.16455698013305664 43135 0
0.46913862228393555 0.1579596996307373 41036 0
0.4890139102935791 0.12647700309753418 42942 0
0.46514010429382324 0.13789701461791992 42960 0
0.4603416919708252 0.1863863468170166 35987 0
0.44891929626464844 0.16424822807312012 42889 0
0.46291685104370117 0.20601630210876465 38876 0
0.4512462615966797 0.13349294662475586 43042 0
0.45208072662353516 0.13045191764831543 43080 0
0.4537334442138672 0.13480806350708008 43464 0
0.46082448959350586 0.16742324829101562 43728 0
0.4750387668609619 0.13489508628845215 44743 0
0.4713757038116455 0.1432793140411377 43882 0
0.4851102828979492 0.14775919914245605 44500 0
0.47017598152160645 0.1882331371307373 44650 0
0.45656561851501465 0.1562814712524414 43569 0
0.4513876438140869 0.14663934707641602 40947 0
0.46108412742614746 0.1842796802520752 43707 0
0.44606590270996094 0.1468031406402588 43663 0
0.4623267650604248 0.1402583122253418 44723 0
0.42156195640563965 0.14034628868103027 44485 0
0.49518561363220215 0.12307882308959961 44700 0
0.40407371520996094 0.12329387664794922 43168 0
0.3850686550140381 0.1237032413482666 43085 0
0.36620020866394043 0.14789819717407227 40471 0
0.4413034915924072 0.13972735404968262 43097 0
0.45150065422058105 0.1709744930267334 46200 0
0.4545559883117676 0.15900874137878418 46123 0
0.4718911647796631 0.13613557815551758 47529 0
0.4688088893890381 0.1729588508605957 48008 0
0.45473408699035645 0.15230059623718262 47737 0
0.46025609970092773 0.1357264518737793 47589 0
0.4882235527038574 0.1865687370300293 47673 0
0.46094655990600586 0.15497231483459473 46217 0
0.45679497718811035 0.1862189769744873 46036 0
0.46019673347473145 0.1642301082611084 47379 0
0.4672999382019043 0.14879179000854492 45410 0
0.4470667839050293 0.19168424606323242 46190 0
0.457780122756958 0.14162373542785645 46438 0
0.46259045600891113 0.21009087562561035 46232 0
0.4769465923309326 0.17838025093078613 48011 0
0.4185976982116699 0.15316128730773926 47509 0
0.466533899307251 0.14809489250183105 46425 0
0.45732927322387695 0.14418888092041016 47210 0
0.487459659576416 0.13392329216003418 47009 0
0.49892687797546387 0.1331627368927002 45633 0
0.4705162048339844 0.1467893123626709 45477 0
0.46567273139953613 0.14262700080871582 45132 0
0.46581482887268066 0.13686108589172363 45696 0
0.4599893093109131 0.18923449516296387 45601 0
0.45825648307800293 0.13106489181518555 45380 0
0.4662923812866211 0.16554546356201172 45464 0
0.4861631393432617 0.1482715606689453 45244 0
0.47438859939575195 0.1542961597442627 46762 0
0.46611690521240234 0.14527273178100586 46622 0
0.46997690200805664 0.15490007400512695 46834 0
0.492445707321167 0.20249080657958984 45922 0
0.45534396171569824 0.14174270629882812 46777 0
0.46164393424987793 0.17521119117736816 45944 0
0.4916243553161621 0.13155007362365723 46193 0
0.449005126953125 0.17348241806030273 44901 0
0.46869969367980957 0.15487360954284668 45782 0
0.4677391052246094 0.1526942253112793 45193 0
0.4835829734802246 0.153029203414917 46756 0
0.48038768768310547 0.14434218406677246 47109 0
0.44667840003967285 0.12790918350219727 45644 0
0.46430230140686035 0.129744291305542 44982 0
0.486600399017334 0.19547176361083984 46111 0
0.46724748611450195 0.1368710994720459 45921 0
0.41945672035217285 0.13877582550048828 45311 0
0.455172061920166 0.14452481269836426 45500 0
0.4755580425262451 0.13028478622436523 45116 0
0.46083927154541016 0.1294114589691162 44328 0
0.4576864242553711 0.20093488693237305 45243 0
0.4526820182800293 0.18434691429138184 46195 0
0.47862720489501953 0.15862250328063965 45663 0
0.45252132415771484 0.1625993251800537 46048 0
0.46338891983032227 0.17487525939941406 46564 0
0.46018218994140625 0.13190293312072754 45710 0
0.46204161643981934 0.19744539260864258 46260 0
0.4878838062286377 0.17819714546203613 45369 0
0.4367794990539551 0.1689443588256836 45189 0
0.4646022319793701 0.1748342514038086 45211 0
0.45026254653930664 0.12735676765441895 44886 0
0.4628591537475586 0.14506292343139648 45899 0
0.46172547340393066 0.15750885009765625 45779 0
0.45115041732788086 0.17879891395568848 45312 0
0.4749777317047119 0.1436328887939453 45899 0
0.45616960525512695 0.13751220703125 45872 0
0.46263933181762695 0.13634800910949707 47119 0
0.4555933475494385 0.1327517032623291 46324 0
0.44539499282836914 0.12716937065124512 46114 0
0.4606959819793701 0.19879817962646484 46382 0
0.45816540718078613 0.15098357200622559 46865 0
0.4555931091308594 0.1530919075012207 46226 0
0.4365971088409424 0.1932833194732666 46603 0
0.4692373275756836 0.14588022232055664 45875 0
0.4426915645599365 0.15667128562927246 46360 0
0.4728231430053711 0.1450810432434082 44275 0
0.47644758224487305 0.13483381271362305 47814 0
0.41640210151672363 0.13994455337524414 48436 0
0.4860713481903076 0.20635199546813965 47050 0
0.4734985828399658 0.1541295051574707 47789 0
0.47437429428100586 0.23058271408081055 49210 0
0.4855804443359375 0.1656663417816162 48778 0
0.4570651054382324 0.15085458755493164 49034 0
0.4555375576019287 0.14426064491271973 48428 0
0.45437097549438477 0.13097715377807617 48785 0
0.4713411331176758 0.13541746139526367 44079 0
0.47014689445495605 0.19879722595214844 42085 0
0.47530412673950195 0.15039372444152832 47521 0
0.47094202041625977 0.20924091339111328 50247 0
0.46479225158691406 0.14867138862609863 45520 0
0.448760986328125 0.12448978424072266 47465 0
0.4782216548919678 0.1606290340423584 44302 0
0.48044371604919434 0.12639665603637695 44624 0
0.45398712158203125 0.14679551124572754 44522 0
0.4835240840911865 0.14522433280944824 46117 0
0.463043212890625 0.20180106163024902 46158 0
0.46820974349975586 0.18645572662353516 45037 0
0.49181580543518066 0.17690420150756836 47847 0
0.4787306785583496 0.14887094497680664 47654 0
0.44377803802490234 0.13640141487121582 42094 0
0.4480912685394287 0.1399400234222412 48406 0
0.4806067943572998 0.17058920860290527 46598 0
0.45451998710632324 0.14168906211853027 45838 0
0.4577212333679199 0.18907761573791504 47911 0
0.4517486095428467 0.14092373847961426 48571 0
0.4763157367706299 0.1957697868347168 43271 0
0.4864208698272705 0.13909649848937988 49359 0
0.449265718460083 0.1911754608154297 49289 0
0.46419239044189453 0.1801924705505371 49584 0
0.4660658836364746 0.14954447746276855 48904 0
0.4683723449707031 0.17664790153503418 50160 0
0.46535277366638184 0.18144655227661133 50232 0
0.4738929271697998 0.14743828773498535 50066 0
0.47895240783691406 0.1348576545715332 48724 0
0.4650750160217285 0.1497802734375 50003 0
0.48972320556640625 0.1436164379119873 51469 0
0.4534471035003662 0.15512871742248535 50033 0
0.46550536155700684 0.19085431098937988 50160 0
0.4609658718109131 0.21641921997070312 48965 0
0.47163844108581543 0.14351439476013184 48810 0
0.4608039855957031 0.15265369415283203 49535 0
0.4602189064025879 0.1615753173828125 48844 0
0.45317840576171875 0.1467876434326172 48831 0
0.46550607681274414 0.1408989429473877 48887 0
0.4632430076599121 0.13876867294311523 48712 0
0.466167688369751 0.1857163906097412 49149 0
0.4693467617034912 0.14837408065795898 48589 0
0.4652431011199951 0.21033978462219238 50416 0
0.48163318634033203 0.1977684497833252 50853 0
0.47005629539489746 0.1373746395111084 44650 0
0.4451000690460205 0.19092464447021484 50342 0
0.45545148849487305 0.14598608016967773 47406 0
0.48365354537963867 0.17722606658935547 47978 0
0.4969298839569092 0.16222834587097168 49880 0
0.4674103260040283 0.17052841186523438 49837 0
0.4833400249481201 0.12599563598632812 46721 0
0.4681987762451172 0.197434663772583 49950 0
0.48418617248535156 0.16141486167907715 49552 0
0.4492828845977783 0.19847774505615234 50099 0
0.4652423858642578 0.14183449745178223 49414 0
0.4796624183654785 0.2071244716644287 48917 0
0.47539281845092773 0.16064715385437012 49894 0
0.4779043197631836 0.15145611763000488 49266 0
0.4815487861633301 0.20076274871826172 50774 0
0.4608917236328125 0.1508173942565918 50979 0
0.4549903869628906 0.1396477222442627 51303 0
0.4527246952056885 0.18007421493530273 52211 0
0.45410943031311035 0.21244430541992188 50961 0
0.47362756729125977 0.19910144805908203 52009 0
0.47513461112976074 0.14683866500854492 50167 0
0.44925856590270996 0.19690847396850586 50377 0
0.47966480255126953 0.1342918872833252 49690 0
0.4655122756958008 0.14962339401245117 49625 0
0.47822070121765137 0.13695955276489258 50707 0
0.48784542083740234 0.17750048637390137 51168 0
0.4741230010986328 0.1665949821472168 49937 0
0.45834803581237793 0.15578413009643555 49082 0
0.44679880142211914 0.14739584922790527 50839 0
0.46324872970581055 0.1491551399230957 52773 0
0.4518094062805176 0.13245820999145508 45593 0
0.4630599021911621 0.19067764282226562 51476 0
0.46373558044433594 0.16773533821105957 51713 0
0.46238088607788086 0.1806652545928955 49402 0
0.46172451972961426 0.14789986610412598 52571 0
0.45354461669921875 0.20210051536560059 52232 0
0.4590892791748047 0.13568592071533203 49257 0
0.46941137313842773 0.1336345672607422 53332 0
0.46973156929016113 0.14698195457458496 52120 0
0.4674978256225586 0.1631622314453125 52458 0
0.4697890281677246 0.1450512409210205 51416 0
0.48938679695129395 0.17956805229187012 49187 0
0.4466073513031006 0.1987464427947998 49797 0
0.45485734939575195 0.13735628128051758 48679 0
0.4579501152038574 0.1505584716796875 48330 0
0.44516491889953613 0.137298583984375 49014 0
0.48193883895874023 0.17727351188659668 48792 0
0.45906615257263184 0.16609692573547363 48731 0
0.47437214851379395 0.15460824966430664 48134 0
0.4667232036590576 0.15168142318725586 47192 0
0.44590330123901367 0.1676797866821289 47252 0
0.46830129623413086 0.1444835662841797 47423 0
0.4493231773376465 0.14560461044311523 48660 0
0.4674830436706543 0.1361076831817627 49041 0
0.4546229839324951 0.17795872688293457 48960 0
0.47292327880859375 0.1410207748413086 47868 0
0.471494197845459 0.18381476402282715 47731 0
0.45900464057922363 0.16987919807434082 49430 0
0.476090669631958 0.14577078819274902 48148 0
0.46564602851867676 0.16422677040100098 47538 0
0.48551392555236816 0.12285113334655762 47219 0
0.4720304012298584 0.1581559181213379 45908 0
0.4803931713104248 0.14380788803100586 46528 0
0.4868052005767822 0.12865304946899414 47358 0
0.46394991874694824 0.1789700984954834 48612 0
0.4741358757019043 0.13481974601745605 48343 0
0.464566707611084 0.1360774040222168 48393 0
0.459136962890625 0.14903926849365234 47720 0
0.45368170738220215 0.21159911155700684 48894 0
0.4701991081237793 0.18086028099060059 48165 0
