0.4412209987640381 0.13831424713134766 103187 0
0.4572598934173584 0.14754080772399902 102919 0
0.4611058235168457 0.14392876625061035 105342 0
0.46849751472473145 0.1371324062347412 103315 0
0.47658443450927734 0.14272308349609375 105428 0
0.45583248138427734 0.1578526496887207 106553 0
0.48076748847961426 0.19345331192016602 107112 0
0.433499813079834 0.1498713493347168 106284 0
0.44821929931640625 0.19662189483642578 105450 0
0.45515918731689453 0.1454000473022461 105871 0
0.4386606216430664 0.1389002799987793 103202 0
0.4701347351074219 0.1524205207824707 101358 0
0.458528995513916 0.14182281494140625 105870 0
0.46742677688598633 0.16297245025634766 102347 0
0.46222901344299316 0.1408860683441162 90028 0
0.4528932571411133 0.15502667427062988 100973 0
0.46469640731811523 0.13413000106811523 98414 0
0.4680063724517822 0.13469386100769043 97632 0
0.4813394546508789 0.13823318481445312 93609 0
0.447706937789917 0.141526460647583 99203 0
0.46523332595825195 0.14558649063110352 99007 0
0.47415661811828613 0.12911677360534668 96803 0
0.45123791694641113 0.13077116012573242 100320 0
0.47496724128723145 0.13823890686035156 103571 0
0.47138309478759766 0.13245010375976562 104005 0
0.4675791263580322 0.13637661933898926 102533 0
0.44835972785949707 0.13700318336486816 96121 0
0.4752833843231201 0.16147565841674805 101532 0
0.47238707542419434 0.14415431022644043 103045 0
0.48238587379455566 0.14002323150634766 98841 0
0.4666767120361328 0.13455581665039062 101772 0
0.47217559814453125 0.14493417739868164 102978 0
0.4730978012084961 0.18352961540222168 99609 0
0.4697117805480957 0.1352369785308838 100700 0
0.44863367080688477 0.2008979320526123 95951 0
0.45628786087036133 0.14069485664367676 102608 0
0.46906042098999023 0.15740132331848145 107826 0
0.480602502822876 0.14236068725585938 105258 0
0.44378662109375 0.16009306907653809 106997 0
0.46900391578674316 0.17606353759765625 103568 0
0.44007134437561035 0.14924240112304688 97703 0
0.46855592727661133 0.13222837448120117 100509 0
0.4340322017669678 0.1610560417175293 104017 0
0.4806182384490967 0.15097403526306152 104136 0
0.4654099941253662 0.13005828857421875 93752 0
0.46126604080200195 0.12663984298706055 103168 0
0.4642519950866699 0.13943910598754883 104949 0
0.45987558364868164 0.14283037185668945 103985 0
0.46479010581970215 0.14104366302490234 105284 0
0.46416401863098145 0.20101284980773926 104668 0
0.47278833389282227 0.139937162399292 104422 0
0.4803476333618164 0.14230895042419434 105346 0
0.5172173976898193 0.14371943473815918 105734 0
0.4603588581085205 0.22026491165161133 106200 0
0.4722912311553955 0.13623738288879395 106437 0
0.4680945873260498 0.1319272518157959 106933 0
0.42739248275756836 0.15312409400939941 108691 0
0.44914770126342773 0.12321019172668457 108467 0
0.4534437656402588 0.18702149391174316 108542 0
0.46222710609436035 0.14029717445373535 109190 0
0.47812938690185547 0.1392219066619873 107004 0
0.4888749122619629 0.1486194133758545 106709 0
0.46808648109436035 0.1675395965576172 107520 0
0.41471385955810547 0.15023183822631836 105524 0
0.45574116706848145 0.18089556694030762 103546 0
0.48381805419921875 0.1726388931274414 105935 0
0.4729938507080078 0.13968992233276367 106473 0
0.47196221351623535 0.13079404830932617 106884 0
0.46235084533691406 0.20939183235168457 106554 0
0.44347667694091797 0.13567113876342773 105333 0
0.4661712646484375 0.14725399017333984 103877 0
0.4617016315460205 0.14200091361999512 101885 0
0.45462751388549805 0.1616227626800537 105200 0
0.47498440742492676 0.14131617546081543 103945 0
0.46369290351867676 0.12255525588989258 90241 0
0.47638487815856934 0.13622474670410156 105226 0
0.4577748775482178 0.14773130416870117 104162 0
0.48022007942199707 0.15003681182861328 100758 0
0.4606173038482666 0.14299583435058594 102691 0
0.4733455181121826 0.1446239948272705 102250 0
0.4623119831085205 0.13776445388793945 104690 0
0.45916748046875 0.15581893920898438 105152 0
0.4524531364440918 0.14302396774291992 103787 0
0.4380922317504883 0.1439354419708252 103754 0
0.4586329460144043 0.1487751007080078 105648 0
0.46047425270080566 0.15131640434265137 105271 0
0.45331382751464844 0.12977075576782227 101096 0
0.47847437858581543 0.15152549743652344 105686 0
0.450878381729126 0.1697838306427002 105591 0
0.4570133686065674 0.14177274703979492 106502 0
0.4611794948577881 0.13535213470458984 104794 0
0.4542992115020752 0.16104459762573242 104832 0
0.45803117752075195 0.15398573875427246 105058 0
0.4465522766113281 0.18981313705444336 101421 0
0.4543137550354004 0.13771915435791016 104478 0
0.46216917037963867 0.12702655792236328 104522 0
0.468517541885376 0.13834810256958008 91140 0
0.4846053123474121 0.18123126029968262 105065 0
0.4698147773742676 0.1458272933959961 104848 0
0.4508664608001709 0.20365452766418457 100528 0
0.47217297554016113 0.1254434585571289 102542 0
0.45569562911987305 0.1341259479522705 103828 0
0.4529449939727783 0.1982407569885254 103984 0
0.4695119857788086 0.14006447792053223 107707 0
0.4487893581390381 0.1248776912689209 106755 0
0.45902109146118164 0.12365269660949707 106314 0
0.4538893699645996 0.15958356857299805 106409 0
0.433335542678833 0.12853503227233887 107956 0
0.4653961658477783 0.16928839683532715 106822 0
0.4722623825073242 0.15251922607421875 106472 0
0.44655585289001465 0.1409749984741211 106280 0
0.4488537311553955 0.13684678077697754 105607 0
0.45616793632507324 0.13451147079467773 105255 0
0.47796058654785156 0.18367815017700195 105785 0
0.47674989700317383 0.1600496768951416 102460 0
0.44948267936706543 0.1451423168182373 104697 0
0.4610917568206787 0.13197827339172363 96124 0
0.4777534008026123 0.153731107711792 104665 0
0.46160173416137695 0.1290144920349121 104380 0
0.44460058212280273 0.13582825660705566 104803 0
0.4673490524291992 0.15474820137023926 102649 0
0.4565088748931885 0.14965534210205078 104202 0
0.4795966148376465 0.15466046333312988 102749 0
0.4506974220275879 0.13639020919799805 99714 0
0.4529240131378174 0.16207051277160645 103446 0
0.4551055431365967 0.15026402473449707 103597 0
0.45608043670654297 0.13550758361816406 90382 0
0.4629781246185303 0.1500716209411621 100871 0
0.4029555320739746 0.13007068634033203 92378 0
0.4760310649871826 0.15144038200378418 93935 0
0.46742844581604004 0.13803720474243164 96582 0
0.46818971633911133 0.13867974281311035 97596 0
0.4803617000579834 0.12830734252929688 94510 0
0.4529285430908203 0.13581371307373047 98087 0
0.48023200035095215 0.1382312774658203 100006 0
0.47623538970947266 0.13677310943603516 102862 0
0.45974063873291016 0.14794325828552246 101507 0
0.46299052238464355 0.17974519729614258 102030 0
0.4575068950653076 0.1269512176513672 100023 0
0.45842981338500977 0.13935422897338867 101364 0
0.45296192169189453 0.14159417152404785 102677 0
0.4558887481689453 0.18053627014160156 103653 0
0.45548462867736816 0.1558389663696289 100841 0
0.44635486602783203 0.14739608764648438 101421 0
0.44471025466918945 0.14898681640625 101120 0
0.4878561496734619 0.13904380798339844 105043 0
0.4530656337738037 0.21547961235046387 102868 0
0.46226930618286133 0.13753533363342285 101353 0
0.48574090003967285 0.1269364356994629 98332 0
0.481553316116333 0.1415259838104248 98758 0
0.46131157875061035 0.1534595489501953 102792 0
0.4819016456604004 0.15807867050170898 107453 0
0.4437274932861328 0.21634244918823242 106584 0
0.45456647872924805 0.1743159294128418 104172 0
0.4665217399597168 0.14689278602600098 105899 0
0.4536590576171875 0.14471721649169922 102276 0
0.45705628395080566 0.17761778831481934 88661 0
0.44825267791748047 0.14588522911071777 99738 0
0.4565458297729492 0.16750240325927734 101117 0
0.44539809226989746 0.14564847946166992 94603 0
0.485882043838501 0.16792631149291992 95217 0
0.4558861255645752 0.13179278373718262 96906 0
0.4660990238189697 0.14400911331176758 96512 0
0.4848818778991699 0.133589506149292 98629 0
0.4612290859222412 0.18291759490966797 102735 0
0.4964723587036133 0.17105603218078613 99551 0
0.4493675231933594 0.15051651000976562 99501 0
0.47688937187194824 0.14926362037658691 104891 0
0.46672487258911133 0.18756842613220215 102458 0
0.44950032234191895 0.19468140602111816 107568 0
0.48090195655822754 0.13396096229553223 102507 0
0.4992551803588867 0.14991545677185059 104983 0
0.4481194019317627 0.1368563175201416 105423 0
0.4698934555053711 0.14124131202697754 107459 0
0.4712691307067871 0.14598917961120605 107443 0
0.4721040725708008 0.14765286445617676 108150 0
0.46779370307922363 0.13887357711791992 103032 0
0.460345983505249 0.1963212490081787 109218 0
0.4820826053619385 0.18126964569091797 109730 0
0.48342061042785645 0.14482712745666504 109977 0
0.4632294178009033 0.1254870891571045 107938 0
0.4757559299468994 0.14415502548217773 106287 0
0.47765183448791504 0.17722845077514648 107928 0
0.47792696952819824 0.14321184158325195 103645 0
0.47756361961364746 0.15439152717590332 107914 0
0.45754337310791016 0.19484400749206543 107408 0
0.452725887298584 0.17670226097106934 94671 0
0.459505558013916 0.15044093132019043 108693 0
0.47637033462524414 0.1448216438293457 109270 0
0.46184825897216797 0.18880534172058105 105053 0
0.456315279006958 0.17114973068237305 106359 0
0.46648645401000977 0.13775086402893066 108281 0
0.4623112678527832 0.1861722469329834 108107 0
0.4772365093231201 0.1751573085784912 109796 0
0.47427988052368164 0.13549160957336426 108363 0
0.45616674423217773 0.14029383659362793 108854 0
0.46277642250061035 0.19699764251708984 108763 0
0.46496081352233887 0.13209939002990723 109775 0
0.4730968475341797 0.13923263549804688 108388 0
0.4659914970397949 0.1437826156616211 107309 0
0.4824538230895996 0.13516640663146973 105889 0
0.4641857147216797 0.19161033630371094 95333 0
0.4790372848510742 0.11947822570800781 93904 0
0.47162365913391113 0.2082805633544922 96427 0
0.46660470962524414 0.16343188285827637 95296 0
0.49370336532592773 0.1377716064453125 96136 0
0.46123600006103516 0.14131951332092285 96104 0
0.45832014083862305 0.20229172706604004 97005 0
0.4759407043457031 0.13983607292175293 99064 0
0.4578433036804199 0.13964414596557617 97332 0
0.4754338264465332 0.12939858436584473 94666 0
0.4590613842010498 0.16462945938110352 96896 0
0.4330456256866455 0.13377165794372559 97376 0
0.44927382469177246 0.15111994743347168 95397 0
0.4565854072570801 0.20470523834228516 95489 0
0.4551360607147217 0.16228222846984863 93967 0
0.44768238067626953 0.13533830642700195 94325 0
0.48201537132263184 0.12558293342590332 89609 0
0.43989038467407227 0.12231135368347168 95408 0
0.46195268630981445 0.1943507194519043 96270 0
0.451885461807251 0.1775035858154297 95753 0
0.45926618576049805 0.14730525016784668 97528 0
0.4546694755554199 0.14221405982971191 96699 0
0.4250929355621338 0.129241943359375 97327 0
0.4689450263977051 0.13516974449157715 97056 0
0.4602506160736084 0.1375892162322998 96401 0
0.46858692169189453 0.1638505458831787 96140 0
0.47160935401916504 0.17876195907592773 96784 0
0.47675347328186035 0.13814020156860352 96239 0
0.46197009086608887 0.14240741729736328 96289 0
0.4526081085205078 0.21105170249938965 95986 0
0.44965696334838867 0.15079903602600098 94161 0
0.471632719039917 0.1410198211669922 95428 0
0.47055721282958984 0.1976780891418457 96037 0
0.46761322021484375 0.1373744010925293 96615 0
0.44950032234191895 0.13031411170959473 96681 0
0.5067956447601318 0.12291336059570312 97067 0
0.4479689598083496 0.16862797737121582 96207 0
0.45548200607299805 0.17299175262451172 95116 0
0.45598459243774414 0.16405081748962402 95449 0
0.4580085277557373 0.21020913124084473 95279 0
0.428149938583374 0.13779449462890625 95158 0
0.4498457908630371 0.1524660587310791 96260 0
0.44883012771606445 0.14699482917785645 96289 0
0.4790318012237549 0.13228607177734375 95671 0
0.47137951850891113 0.1407475471496582 95326 0
0.4647657871246338 0.13660812377929688 95291 0
0.45694565773010254 0.13241338729858398 88285 0
0.4750497341156006 0.12954044342041016 95877 0
0.4588356018066406 0.20843148231506348 96271 0
0.4471316337585449 0.14899468421936035 96716 0
0.4526667594909668 0.13631415367126465 96593 0
0.4653351306915283 0.13008975982666016 95889 0
0.43838953971862793 0.13260746002197266 96475 0
0.4887394905090332 0.12796998023986816 97315 0
0.47522425651550293 0.16501307487487793 97114 0
0.4577362537384033 0.14010906219482422 96334 0
0.46535372734069824 0.15749049186706543 96759 0
0.44284510612487793 0.1455700397491455 96660 0
0.45145630836486816 0.13105154037475586 96170 0
0.48438405990600586 0.1359419822692871 96023 0
0.4635038375854492 0.134124755859375 96359 0
0.45681333541870117 0.13442397117614746 96843 0
0.44153761863708496 0.12381410598754883 96709 0
0.4683196544647217 0.15571260452270508 97906 0
0.46666717529296875 0.13691163063049316 97169 0
0.43758487701416016 0.16684460639953613 98053 0
0.47881507873535156 0.13844776153564453 98304 0
0.43978333473205566 0.13661694526672363 98651 0
0.4618527889251709 0.1511080265045166 99253 0
0.42714977264404297 0.12742853164672852 97121 0
0.47675657272338867 0.15005278587341309 97803 0
0.44408273696899414 0.1386888027191162 97878 0
0.47089147567749023 0.12446475028991699 104037 0
0.4678671360015869 0.21052908897399902 103061 0
0.45578598976135254 0.16798758506774902 98352 0
0.4620673656463623 0.1874382495880127 108907 0
0.4464707374572754 0.1823112964630127 104272 0
0.4750819206237793 0.14057087898254395 107604 0
0.4436519145965576 0.15512514114379883 105001 0
0.4324319362640381 0.13799095153808594 102514 0
0.4585566520690918 0.15380644798278809 102806 0
0.4577178955078125 0.13726329803466797 103192 0
0.4895768165588379 0.13166284561157227 102346 0
0.5135204792022705 0.1688535213470459 101781 0
0.44957399368286133 0.13118219375610352 101319 0
0.48240232467651367 0.14997172355651855 96765 0
0.4809579849243164 0.12969756126403809 96810 0
0.4695546627044678 0.14348506927490234 93504 0
0.46746373176574707 0.18549418449401855 95771 0
0.47708797454833984 0.12612318992614746 95934 0
0.48218846321105957 0.1273648738861084 94632 0
0.47294092178344727 0.15832161903381348 94647 0
0.43740057945251465 0.1379077434539795 95337 0
0.45559024810791016 0.14819717407226562 94136 0
0.48286008834838867 0.15053749084472656 95406 0
0.4306981563568115 0.14157748222351074 95187 0
0.47150564193725586 0.146040678024292 96422 0
0.45415806770324707 0.1806802749633789 97364 0
0.46457743644714355 0.14023327827453613 86422 0
0.42769289016723633 0.13400530815124512 96159 0
0.4585280418395996 0.14355254173278809 98024 0
0.4611024856567383 0.1381688117980957 95427 0
0.4770622253417969 0.14146900177001953 97234 0
0.44135427474975586 0.15816593170166016 97521 0
0.4624044895172119 0.14095616340637207 97424 0
0.46465039253234863 0.1463465690612793 96945 0
0.4502890110015869 0.14277887344360352 97237 0
0.4492154121398926 0.16878080368041992 97273 0
0.4428367614746094 0.13042569160461426 96622 0
0.44958972930908203 0.14820241928100586 95337 0
0.4855961799621582 0.19505786895751953 94786 0
0.46792078018188477 0.14720559120178223 96146 0
0.4633316993713379 0.130479097366333 97374 0
0.4601709842681885 0.14488506317138672 97006 0
0.44811010360717773 0.17321181297302246 98187 0
0.45400071144104004 0.17104268074035645 96968 0
0.4544813632965088 0.14370989799499512 95803 0
0.46645045280456543 0.1467604637145996 95394 0
0.4543032646179199 0.19271111488342285 96311 0
0.45584964752197266 0.15430665016174316 94898 0
0.463484525680542 0.13937115669250488 96089 0
0.41480326652526855 0.14286184310913086 96696 0
0.48694658279418945 0.12153100967407227 96571 0
0.4413444995880127 0.13030338287353516 96621 0
0.4465608596801758 0.14249491691589355 94883 0
0.47855114936828613 0.17205286026000977 93914 0
0.47480249404907227 0.12363910675048828 95968 0
0.4614439010620117 0.19704937934875488 97454 0
0.4226691722869873 0.13071966171264648 86764 0
0.47261953353881836 0.14209675788879395 97207 0
0.4615015983581543 0.14409518241882324 99023 0
0.4324169158935547 0.1280350685119629 94937 0
0.4579029083251953 0.16666626930236816 99707 0
0.4564359188079834 0.1895911693572998 98174 0
0.4516909122467041 0.17381691932678223 97773 0
0.44815897941589355 0.13890981674194336 99574 0
0.42441296577453613 0.14566540718078613 100319 0
0.45870089530944824 0.194793701171875 99385 0
0.4542536735534668 0.16588401794433594 97975 0
0.4557015895843506 0.15031147003173828 98127 0
0.4799079895019531 0.13481712341308594 99149 0
0.4474151134490967 0.1365954875946045 98466 0
0.43415236473083496 0.14285564422607422 98414 0
0.469851016998291 0.13496732711791992 98327 0
0.45605969429016113 0.1395890712738037 100622 0
0.4580693244934082 0.14947104454040527 100477 0
0.47787952423095703 0.12528419494628906 99186 0
0.4617478847503662 0.12207174301147461 99872 0
0.46488189697265625 0.1280825138092041 98841 0
0.4660940170288086 0.1633901596069336 98718 0
0.4559006690979004 0.21144890785217285 98535 0
0.44216012954711914 0.16585040092468262 98080 0
0.4671518802642822 0.13645386695861816 97741 0
0.48027682304382324 0.13934826850891113 98076 0
0.4603726863861084 0.13619112968444824 96953 0
0.47950196266174316 0.18310308456420898 96580 0
0.48526740074157715 0.15085482597351074 97922 0
0.4660806655883789 0.1648726463317871 98380 0
0.48401618003845215 0.15327787399291992 85956 0
0.4634521007537842 0.132521390914917 96059 0
0.442291259765625 0.17322683334350586 97360 0
0.46572041511535645 0.12797212600708008 94042 0
0.45845675468444824 0.13814139366149902 98316 0
0.46811628341674805 0.1489427089691162 99339 0
0.47017621994018555 0.15806102752685547 90147 0
0.4386906623840332 0.13978147506713867 85906 0
0.45256471633911133 0.14620566368103027 97194 0
0.4670720100402832 0.1401205062866211 97893 0
0.44324541091918945 0.14942288398742676 100254 0
0.47634029388427734 0.13604950904846191 98953 0
0.45394420623779297 0.15176081657409668 97815 0
0.4691295623779297 0.13757634162902832 99891 0
0.4637949466705322 0.1417093276977539 98258 0
0.45134973526000977 0.17545413970947266 97337 0
0.4780242443084717 0.1770927906036377 87393 0
0.44628143310546875 0.16124868392944336 86524 0
0.4599730968475342 0.1810460090637207 97300 0
0.45226311683654785 0.15967082977294922 97861 0
0.4437706470489502 0.1456890106201172 95484 0
0.4575779438018799 0.14919686317443848 96687 0
0.45639491081237793 0.15276360511779785 96080 0
0.4632606506347656 0.1385059356689453 96687 0
0.46245479583740234 0.1394484043121338 97013 0
0.4786207675933838 0.14449524879455566 96859 0
0.4234156608581543 0.12060904502868652 96435 0
0.4402451515197754 0.1306319236755371 94071 0
0.455535888671875 0.17393732070922852 96152 0
0.48047351837158203 0.18020868301391602 97000 0
0.4554290771484375 0.12400197982788086 89970 0
0.45435333251953125 0.1729416847229004 96096 0
0.44416093826293945 0.13306283950805664 96474 0
0.45876264572143555 0.1395587921142578 96437 0
0.4644496440887451 0.13705086708068848 97592 0
0.45575523376464844 0.18129539489746094 96426 0
0.45803141593933105 0.14465737342834473 96257 0
0.4500465393066406 0.14168190956115723 95505 0
0.48091602325439453 0.17580056190490723 95069 0
0.44653916358947754 0.14217782020568848 94340 0
0.46762704849243164 0.16627860069274902 94030 0
0.46311402320861816 0.14524316787719727 90335 0
0.4499678611755371 0.18169164657592773 90422 0
0.4599578380584717 0.13460159301757812 90677 0
0.4446074962615967 0.20946335792541504 89620 0
0.4592723846435547 0.1297900676727295 91306 0
0.44886279106140137 0.20278191566467285 90543 0
0.43275952339172363 0.16414999961853027 89743 0
0.4323098659515381 0.15096235275268555 88547 0
0.4507591724395752 0.13989520072937012 90242 0
0.4713602066040039 0.13778042793273926 89019 0
0.4516010284423828 0.18546748161315918 80386 0
0.45220255851745605 0.15697216987609863 88562 0
0.4705345630645752 0.15034198760986328 88082 0
0.4376833438873291 0.12788772583007812 90612 0
0.46010327339172363 0.14021635055541992 88338 0
0.47228026390075684 0.19626450538635254 88685 0
0.4628331661224365 0.13785576820373535 89597 0
0.46552181243896484 0.13763761520385742 87928 0
0.4700965881347656 0.14388799667358398 88856 0
0.42504024505615234 0.13539862632751465 89423 0
0.453571081161499 0.14418983459472656 89332 0
0.4455881118774414 0.14089655876159668 89752 0
0.46430158615112305 0.12512421607971191 90046 0
0.4583597183227539 0.14368343353271484 88227 0
0.44309496879577637 0.1614549160003662 89028 0
0.4507911205291748 0.13746905326843262 89212 0
0.48045897483825684 0.1344449520111084 88249 0
0.4394187927246094 0.1428236961364746 88427 0
0.44679903984069824 0.13062381744384766 88050 0
0.44028306007385254 0.14035248756408691 87799 0
0.45321059226989746 0.1525111198425293 87913 0
0.4640340805053711 0.17401838302612305 88155 0
0.4699106216430664 0.14574408531188965 88177 0
0.4517805576324463 0.1972520351409912 88344 0
0.45992565155029297 0.13779044151306152 88720 0
0.4310574531555176 0.14467787742614746 89195 0
0.46065783500671387 0.13950729370117188 89671 0
0.44738125801086426 0.13434219360351562 86873 0
0.4539175033569336 0.1251811981201172 87119 0
0.47421789169311523 0.1786971092224121 87602 0
0.4518091678619385 0.14085602760314941 79016 0
0.45472288131713867 0.13889718055725098 87614 0
0.47428441047668457 0.17146897315979004 88748 0
0.4484272003173828 0.14001774787902832 89943 0
0.44916749000549316 0.13744902610778809 88292 0
0.4401113986968994 0.16297698020935059 88391 0
0.4683089256286621 0.14278841018676758 89830 0
0.4816009998321533 0.2028050422668457 89031 0
0.46219968795776367 0.13148951530456543 90268 0
0.45767951011657715 0.18908929824829102 91153 0
0.4768354892730713 0.12920308113098145 90065 0
0.4523169994354248 0.19324040412902832 89797 0
0.4838755130767822 0.15143465995788574 90364 0
0.4751429557800293 0.1450333595275879 89600 0
0.3644719123840332 0.14093899726867676 89389 0
0.4671814441680908 0.18842482566833496 89678 0
0.5026583671569824 0.2035064697265625 89243 0
0.4528007507324219 0.1341552734375 87590 0
0.4479236602783203 0.1570892333984375 89642 0
0.4519035816192627 0.15529966354370117 89897 0
0.45404934883117676 0.20592951774597168 90206 0
0.46273279190063477 0.143463134765625 91455 0
0.4647390842437744 0.1364452838897705 90387 0
0.4547393321990967 0.1321735382080078 90692 0
0.46242189407348633 0.12425875663757324 90730 0
0.47495222091674805 0.12584829330444336 90548 0
0.4547119140625 0.21703076362609863 90219 0
0.45570850372314453 0.19616389274597168 89835 0
0.44998788833618164 0.17378783226013184 91325 0
0.4522666931152344 0.1790149211883545 91057 0
0.45826172828674316 0.12397456169128418 81509 0
0.4871554374694824 0.1530437469482422 90485 0
0.47948551177978516 0.12356710433959961 90407 0
0.4687356948852539 0.1437523365020752 90866 0
0.4588611125946045 0.14847016334533691 90805 0
0.45002079010009766 0.1360182762145996 91953 0
0.47206807136535645 0.1415553092956543 92721 0
0.4534022808074951 0.20697331428527832 92563 0
0.46183013916015625 0.13775897026062012 92119 0
0.4543752670288086 0.13873887062072754 92253 0
0.4554426670074463 0.14549732208251953 91794 0
0.45954012870788574 0.19458317756652832 91941 0
0.4603428840637207 0.1641685962677002 90187 0
0.45505762100219727 0.13344025611877441 89649 0
0.4548013210296631 0.13868403434753418 90272 0
0.4404928684234619 0.16298794746398926 90301 0
0.44620704650878906 0.14452385902404785 87976 0
0.4693794250488281 0.12258601188659668 87502 0
0.46330738067626953 0.18355131149291992 89103 0
0.4619567394256592 0.14180326461791992 89540 0
0.4873015880584717 0.1396477222442627 89146 0
0.4533202648162842 0.12854528427124023 89477 0
0.4698772430419922 0.14267897605895996 90665 0
0.4452674388885498 0.1426563262939453 91256 0
0.4530363082885742 0.21913409233093262 90962 0
0.4560270309448242 0.175856351852417 91218 0
0.45827412605285645 0.14681243896484375 88198 0
0.4553697109222412 0.15245842933654785 85793 0
0.4490389823913574 0.14968228340148926 87500 0
0.4474143981933594 0.19701910018920898 86447 0
0.47168779373168945 0.14105892181396484 76802 0
0.48026371002197266 0.1688241958618164 86475 0
0.4721360206604004 0.13391828536987305 86431 0
0.43522071838378906 0.19571661949157715 85662 0
0.45748019218444824 0.22203278541564941 84598 0
0.4597029685974121 0.1325984001159668 84719 0
0.44382405281066895 0.14484763145446777 87799 0
0.47852373123168945 0.14243626594543457 86190 0
0.45680999755859375 0.12825345993041992 86744 0
0.43131208419799805 0.14369487762451172 85959 0
0.4675774574279785 0.123382568359375 84467 0
0.44996142387390137 0.15268397331237793 83637 0
0.4406280517578125 0.14877820014953613 83851 0
0.4067091941833496 0.15025830268859863 82834 0
0.46993446350097656 0.17201662063598633 82672 0
0.45398688316345215 0.14844679832458496 84472 0
0.4496588706970215 0.197343111038208 84247 0
0.47196149826049805 0.12874794006347656 85594 0
0.43140077590942383 0.14132142066955566 85797 0
0.4743051528930664 0.13884186744689941 84490 0
0.4799628257751465 0.14345908164978027 83518 0
0.47575831413269043 0.14174628257751465 84801 0
0.46912145614624023 0.13228988647460938 84359 0
0.45025038719177246 0.14608240127563477 84016 0
0.44489192962646484 0.1343221664428711 83634 0
0.506566047668457 0.12272977828979492 83313 0
0.4622323513031006 0.14120006561279297 82667 0
0.4409983158111572 0.19106841087341309 80289 0
0.5185773372650146 0.1625378131866455 84487 0
0.4704930782318115 0.14245367050170898 82291 0
0.4361906051635742 0.15831995010375977 73477 0
0.43947577476501465 0.13698697090148926 82668 0
0.4416513442993164 0.14302873611450195 84183 0
0.4797370433807373 0.12660765647888184 84795 0
0.4749307632446289 0.1447439193725586 83548 0
0.44901180267333984 0.13668441772460938 84964 0
0.47612953186035156 0.1348862648010254 84235 0
0.4528045654296875 0.19059348106384277 83933 0
0.4656097888946533 0.13333702087402344 84204 0
0.4339303970336914 0.1206667423248291 83162 0
0.45021653175354004 0.19745135307312012 73908 0
0.4692647457122803 0.15024733543395996 83680 0
0.46537280082702637 0.14018774032592773 84272 0
0.4434068202972412 0.15296173095703125 84288 0
0.47165846824645996 0.14826130867004395 84329 0
0.46372175216674805 0.15081024169921875 84691 0
0.46715712547302246 0.12681126594543457 85777 0
0.4476487636566162 0.19343113899230957 85422 0
0.4790663719177246 0.15152597427368164 88452 0
0.4726700782775879 0.13866543769836426 86963 0
0.4446752071380615 0.14977240562438965 87153 0
0.4382188320159912 0.18244409561157227 86040 0
0.4559285640716553 0.13033103942871094 86471 0
0.43556904792785645 0.18693828582763672 87245 0
0.4499495029449463 0.14872312545776367 87669 0
0.45905447006225586 0.15950560569763184 85944 0
0.4543778896331787 0.123931884765625 82690 0
0.4494755268096924 0.13250732421875 83063 0
0.46224093437194824 0.1479628086090088 87321 0
0.4515705108642578 0.11891055107116699 86763 0
0.4548640251159668 0.18998098373413086 89251 0
0.45134663581848145 0.1437530517578125 87907 0
0.44943952560424805 0.19083595275878906 86119 0
0.4212195873260498 0.1421058177947998 85788 0
0.4391481876373291 0.14191985130310059 86357 0
0.4418060779571533 0.14189720153808594 87317 0
0.46330833435058594 0.14265894889831543 85803 0
0.4633350372314453 0.13562631607055664 85235 0
0.4592444896697998 0.1862022876739502 85610 0
0.445789098739624 0.16332483291625977 85230 0
0.4519062042236328 0.1659836769104004 86176 0
0.4519672393798828 0.14713811874389648 85721 0
0.46958160400390625 0.1389009952545166 85275 0
0.44808506965637207 0.12310361862182617 86442 0
0.451984167098999 0.14318299293518066 85906 0
0.448413610458374 0.12978649139404297 84802 0
0.4656343460083008 0.13876128196716309 81861 0
0.43941688537597656 0.1440880298614502 83416 0
0.4746215343475342 0.15767979621887207 83071 0
0.47557854652404785 0.16508769989013672 74894 0
0.4572627544403076 0.19077372550964355 83475 0
0.4759547710418701 0.12125349044799805 83324 0
0.4421837329864502 0.14144277572631836 83907 0
0.47806763648986816 0.14125871658325195 82795 0
0.43997931480407715 0.21040034294128418 83223 0
0.4506194591522217 0.19944047927856445 85788 0
0.45627927780151367 0.20622658729553223 86460 0
0.5243959426879883 0.13567590713500977 86303 0
0.4412517547607422 0.13765978813171387 85801 0
0.4760148525238037 0.20075583457946777 84917 0
0.45699143409729004 0.1738274097442627 85313 0
0.46596384048461914 0.14175891876220703 84600 0
0.4223358631134033 0.13212919235229492 84175 0
0.44959068298339844 0.1798553466796875 84685 0
0.4647836685180664 0.16030645370483398 84506 0
0.45168018341064453 0.18433761596679688 84128 0
0.45606160163879395 0.13013386726379395 85794 0
0.4652533531188965 0.1730787754058838 87513 0
0.4596269130706787 0.1360485553741455 85360 0
0.43460798263549805 0.18123936653137207 87261 0
0.45110344886779785 0.1486964225769043 86585 0
0.4208059310913086 0.18103766441345215 87126 0
0.46345019340515137 0.13506102561950684 86772 0
0.3787374496459961 0.1268017292022705 88184 0
0.3695812225341797 0.12515830993652344 96037 0
0.3743894100189209 0.1396617889404297 98501 0
0.4369518756866455 0.13773536682128906 99034 0
0.44535136222839355 0.13950181007385254 99872 0
0.46828770637512207 0.12970352172851562 100201 0
0.46785593032836914 0.13721299171447754 100342 0
0.45821404457092285 0.19561386108398438 100134 0
0.44597458839416504 0.13292765617370605 98557 0
0.46541714668273926 0.19454288482666016 100955 0
0.46265697479248047 0.14315104484558105 99766 0
0.44806838035583496 0.18224334716796875 97847 0
0.431530237197876 0.15146136283874512 100541 0
0.4819037914276123 0.13898563385009766 99774 0
0.45029115676879883 0.13334155082702637 99336 0
0.4657421112060547 0.15532875061035156 99545 0
0.45024704933166504 0.1771225929260254 100158 0
0.45497846603393555 0.12493515014648438 100646 0
0.4557781219482422 0.20000910758972168 100315 0
0.4529609680175781 0.18677258491516113 95384 0
0.4270212650299072 0.13207030296325684 100525 0
0.4574127197265625 0.14674091339111328 100667 0
0.45540809631347656 0.21306586265563965 100069 0
0.4713270664215088 0.1425774097442627 101273 0
0.46032238006591797 0.1834113597869873 100577 0
0.484790563583374 0.132368803024292 103126 0
0.45305466651916504 0.17875123023986816 100985 0
0.4636092185974121 0.13475632667541504 102236 0
0.4609794616699219 0.14516067504882812 101516 0
0.46313905715942383 0.12674856185913086 92205 0
0.4618992805480957 0.12297940254211426 101170 0
0.46601033210754395 0.1321697235107422 100603 0
0.4607973098754883 0.17187762260437012 101459 0
0.44805264472961426 0.14246106147766113 101734 0
0.48117828369140625 0.13463640213012695 103907 0
0.4578516483306885 0.1320638656616211 103022 0
0.46132779121398926 0.149428129196167 103937 0
0.4869682788848877 0.13632440567016602 103495 0
0.4579637050628662 0.12879443168640137 103721 0
0.4590744972229004 0.20318031311035156 99562 0
0.4587900638580322 0.16759467124938965 102620 0
0.4509296417236328 0.1920168399810791 102294 0
0.4609522819519043 0.1419677734375 103012 0
0.4716176986694336 0.14275479316711426 103658 0
0.4399230480194092 0.13645386695861816 103886 0
0.4508371353149414 0.14007043838500977 103339 0
0.47052764892578125 0.13717985153198242 104836 0
0.4564971923828125 0.17332029342651367 103382 0
0.4615135192871094 0.13265037536621094 103358 0
0.48751354217529297 0.15136957168579102 98865 0
0.45628905296325684 0.13600730895996094 103952 0
0.4624340534210205 0.11781454086303711 104026 0
0.4846067428588867 0.15228772163391113 104032 0
0.4739878177642822 0.12531208992004395 104122 0
0.46021056175231934 0.15289831161499023 104380 0
0.46601009368896484 0.13208866119384766 104967 0
0.48067641258239746 0.15228652954101562 102695 0
0.47687196731567383 0.18798017501831055 105767 0
0.45842838287353516 0.16613197326660156 107393 0
0.41956233978271484 0.17490458488464355 94274 0
0.4485666751861572 0.14996051788330078 105449 0
0.4514486789703369 0.16882538795471191 104445 0
0.4848330020904541 0.13280820846557617 103996 0
0.47713184356689453 0.12749481201171875 107398 0
0.4812965393066406 0.16226506233215332 108698 0
0.47057580947875977 0.13954830169677734 104714 0
0.47382688522338867 0.13857412338256836 109311 0
0.4773557186126709 0.12656712532043457 109670 0
0.5037028789520264 0.1338341236114502 108755 0
0.4642319679260254 0.15084052085876465 109160 0
0.45052671432495117 0.19878768920898438 107428 0
0.4581878185272217 0.12283849716186523 104420 0
0.44332337379455566 0.14278841018676758 107393 0
0.46419811248779297 0.20262980461120605 108354 0
0.47475695610046387 0.17653393745422363 106462 0
0.44968485832214355 0.14411592483520508 107643 0
0.4263603687286377 0.16786932945251465 105896 0
0.45569324493408203 0.163560152053833 107719 0
0.46231985092163086 0.1638352870941162 107310 0
0.4770171642303467 0.1639232635498047 100897 0
0.4445648193359375 0.16547060012817383 105161 0
0.47199249267578125 0.13277411460876465 105467 0
0.45017170906066895 0.14635968208312988 105964 0
0.46123790740966797 0.1351301670074463 103809 0
0.4607071876525879 0.14193439483642578 104787 0
0.47036051750183105 0.15143394470214844 104725 0
0.45931529998779297 0.13109064102172852 101423 0
0.45591282844543457 0.1502530574798584 104934 0
0.47893810272216797 0.16685914993286133 105591 0
0.462446928024292 0.13979029655456543 90302 0
0.46390581130981445 0.13834691047668457 101508 0
0.4550011157989502 0.183349609375 99226 0
0.4226839542388916 0.16863155364990234 98295 0
0.48120951652526855 0.2086942195892334 101178 0
0.4471256732940674 0.1235666275024414 101919 0
0.4835622310638428 0.14115023612976074 100558 0
0.45022010803222656 0.17838382720947266 102607 0
0.45857763290405273 0.17184019088745117 101534 0
0.469698429107666 0.12940335273742676 100235 0
0.46856069564819336 0.13336968421936035 99623 0
0.4542088508605957 0.14383912086486816 99589 0
0.48244786262512207 0.15307235717773438 94647 0
0.4712052345275879 0.1853489875793457 99315 0
0.4611644744873047 0.20182299613952637 99729 0
0.4678785800933838 0.14693856239318848 98297 0
0.44370031356811523 0.14401960372924805 99145 0
0.4607505798339844 0.12486004829406738 99091 0
0.4496297836303711 0.20039963722229004 99393 0
0.4630146026611328 0.14474010467529297 98000 0
0.4652078151702881 0.13809609413146973 94898 0
0.44747257232666016 0.1478729248046875 99030 0
0.4689188003540039 0.13423824310302734 101116 0
0.4677407741546631 0.14214849472045898 101264 0
0.4624900817871094 0.13302159309387207 100494 0
0.4771864414215088 0.1434319019317627 101561 0
0.44217705726623535 0.13177275657653809 100935 0
0.465073823928833 0.13146495819091797 96921 0
0.4737398624420166 0.1801910400390625 98431 0
0.44249582290649414 0.16960477828979492 98789 0
0.4674558639526367 0.13567399978637695 87956 0
0.4570043087005615 0.13949370384216309 98822 0
0.4560067653656006 0.14577865600585938 95824 0
0.46076226234436035 0.17547345161437988 97068 0
0.45149803161621094 0.13670754432678223 99335 0
0.4665677547454834 0.16044974327087402 98514 0
0.44320201873779297 0.1400132179260254 97748 0
0.44917774200439453 0.1577754020690918 100615 0
0.4453544616699219 0.15212321281433105 101075 0
0.45440244674682617 0.14763116836547852 101305 0
0.45683908462524414 0.19431066513061523 100661 0
0.46829795837402344 0.1237947940826416 101237 0
0.44237542152404785 0.14352107048034668 97357 0
0.4783003330230713 0.13387823104858398 101391 0
0.47359585762023926 0.14223122596740723 101822 0
0.46382808685302734 0.17675352096557617 100458 0
0.47327256202697754 0.16585350036621094 100886 0
0.4788048267364502 0.13495397567749023 100550 0
0.4583406448364258 0.13381171226501465 100403 0
0.4479658603668213 0.15221357345581055 100604 0
0.4416525363922119 0.14328813552856445 95367 0
0.45304131507873535 0.18288636207580566 99961 0
0.4786398410797119 0.14056825637817383 100069 0
0.48131895065307617 0.12584257125854492 100402 0
0.4596977233886719 0.13570618629455566 100719 0
0.47161030769348145 0.14458680152893066 100229 0
0.46552062034606934 0.14937138557434082 99515 0
0.456043004989624 0.14232707023620605 97518 0
0.4765019416809082 0.16257524490356445 99506 0
0.44275903701782227 0.14171504974365234 99699 0
0.47439074516296387 0.1425333023071289 86142 0
0.46062231063842773 0.14344096183776855 98242 0
0.4412050247192383 0.14879441261291504 93892 0
0.4564816951751709 0.1459791660308838 95837 0
0.45821475982666016 0.1423509120941162 98969 0
0.4663114547729492 0.12783598899841309 98513 0
0.46895861625671387 0.15047979354858398 98348 0
0.43320393562316895 0.13619565963745117 100308 0
0.48195695877075195 0.13827085494995117 99897 0
0.4590909481048584 0.17137503623962402 100009 0
0.44921278953552246 0.13717055320739746 99764 0
0.453202486038208 0.15108847618103027 99095 0
0.46619176864624023 0.13503551483154297 93780 0
0.4663245677947998 0.13526606559753418 100343 0
0.47266340255737305 0.14061450958251953 99931 0
0.46131300926208496 0.13143515586853027 99667 0
0.45147204399108887 0.1972346305847168 98812 0
0.45499157905578613 0.13641881942749023 100124 0
0.48035240173339844 0.12504982948303223 99465 0
0.4715993404388428 0.16753005981445312 100225 0
0.4270598888397217 0.1375114917755127 93172 0
0.4673151969909668 0.14316296577453613 99615 0
0.4444918632507324 0.12232136726379395 99954 0
0.45803022384643555 0.14362239837646484 99429 0
0.43269777297973633 0.1321120262145996 99698 0
0.4465456008911133 0.18175983428955078 99164 0
0.4603590965270996 0.127885103225708 98476 0
0.47279953956604004 0.18274784088134766 95622 0
0.45558905601501465 0.17109036445617676 99042 0
0.4396178722381592 0.1428356170654297 98500 0
0.4698944091796875 0.1416950225830078 89468 0
0.46472978591918945 0.19497346878051758 98234 0
0.45311737060546875 0.18792152404785156 92051 0
0.46902918815612793 0.14600300788879395 98208 0
0.4717726707458496 0.19115900993347168 99065 0
0.4474368095397949 0.15074896812438965 99319 0
0.47171592712402344 0.1399848461151123 96803 0
0.45560646057128906 0.139725923538208 99747 0
0.4667661190032959 0.15250134468078613 99649 0
0.4537639617919922 0.12932825088500977 99418 0
0.47332072257995605 0.15793943405151367 100156 0
0.4346656799316406 0.12586617469787598 99017 0
0.43435072898864746 0.12481164932250977 94760 0
0.4688253402709961 0.13107585906982422 99798 0
0.495328426361084 0.20177221298217773 100031 0
0.4678964614868164 0.13695526123046875 99896 0
0.4592006206512451 0.15391993522644043 100462 0
0.44301557540893555 0.14118361473083496 100130 0
0.4402925968170166 0.14724183082580566 98700 0
0.45410776138305664 0.14858031272888184 99345 0
0.46549534797668457 0.1368119716644287 95094 0
0.47968125343322754 0.1375725269317627 97731 0
0.47634220123291016 0.13957834243774414 104450 0
0.4837765693664551 0.16205573081970215 105134 0
0.45757055282592773 0.20660877227783203 104999 0
0.4773528575897217 0.18929624557495117 105434 0
0.4885988235473633 0.12949371337890625 106609 0
0.479935884475708 0.14694619178771973 105566 0
0.4729790687561035 0.12697458267211914 105895 0
0.4375152587890625 0.14072084426879883 104689 0
0.4710698127746582 0.12864041328430176 104119 0
0.4665663242340088 0.15724992752075195 106016 0
0.4694545269012451 0.14100885391235352 99843 0
0.429126501083374 0.14110398292541504 101878 0
0.4490199089050293 0.14721250534057617 102333 0
0.458956241607666 0.1339867115020752 101920 0
0.4748258590698242 0.13787508010864258 104540 0
0.4593081474304199 0.17945289611816406 104058 0
0.47182679176330566 0.13726377487182617 102553 0
0.4481072425842285 0.12967920303344727 104356 0
0.4519500732421875 0.14338994026184082 104446 0
0.45383334159851074 0.14131593704223633 103260 0
0.4595985412597656 0.14682769775390625 101792 0
0.4671025276184082 0.1521894931793213 101184 0
0.46869635581970215 0.1371316909790039 102845 0
0.41288280487060547 0.1431889533996582 102239 0
0.4574859142303467 0.18099737167358398 102924 0
0.48168253898620605 0.13922929763793945 103010 0
0.44244885444641113 0.13480281829833984 102233 0
0.4874134063720703 0.13106417655944824 105671 0
0.46085381507873535 0.13547110557556152 105340 0
0.4664473533630371 0.12062549591064453 105160 0
0.4779186248779297 0.13496112823486328 104828 0
0.4723637104034424 0.13294506072998047 105446 0
0.4487433433532715 0.17628240585327148 104121 0
0.45818281173706055 0.16731476783752441 104117 0
0.4824657440185547 0.14336276054382324 103021 0
0.4635658264160156 0.148529052734375 103894 0
0.47258877754211426 0.14101910591125488 102419 0
0.4548838138580322 0.22580981254577637 104296 0
0.46170711517333984 0.1401824951171875 104221 0
0.47156262397766113 0.13499689102172852 102440 0
0.45165467262268066 0.15472126007080078 102074 0
0.46462011337280273 0.13469719886779785 102535 0
0.4513087272644043 0.1307826042175293 102735 0
0.46449899673461914 0.1327817440032959 101834 0
0.4491617679595947 0.13620281219482422 103204 0
0.445695161819458 0.1366112232208252 102553 0
0.45462489128112793 0.17104244232177734 101500 0
0.47806572914123535 0.13641023635864258 102651 0
0.456712007522583 0.17318344116210938 103778 0
0.4218108654022217 0.178602933883667 103176 0
0.47891712188720703 0.1384108066558838 102316 0
0.4541912078857422 0.13772010803222656 102302 0
0.4816012382507324 0.16810321807861328 100682 0
0.45812392234802246 0.12639713287353516 101782 0
0.4520254135131836 0.18635320663452148 99772 0
0.45604991912841797 0.20638561248779297 100047 0
0.46212005615234375 0.13433170318603516 100724 0
0.46109461784362793 0.14961457252502441 99606 0
0.4651906490325928 0.13004112243652344 100571 0
0.4651811122894287 0.13776016235351562 101159 0
0.4744694232940674 0.1407632827758789 100449 0
0.45296239852905273 0.16096949577331543 100942 0
0.46773219108581543 0.14339995384216309 101437 0
0.4453716278076172 0.13964486122131348 101061 0
0.44997358322143555 0.13803887367248535 100758 0
0.45380473136901855 0.13646316528320312 100607 0
0.4447338581085205 0.1574876308441162 102338 0
0.46004438400268555 0.12691450119018555 102738 0
0.4605438709259033 0.1360304355621338 101460 0
0.4696979522705078 0.12710833549499512 102310 0
0.45511674880981445 0.20609307289123535 101917 0
0.48076820373535156 0.13830137252807617 101832 0
0.4337949752807617 0.11968564987182617 98457 0
0.4721219539642334 0.13657093048095703 104507 0
0.4982781410217285 0.14081597328186035 104215 0
0.4719984531402588 0.17187929153442383 103953 0
0.461071252822876 0.14194869995117188 104544 0
0.4680936336517334 0.18265962600708008 107412 0
0.4672200679779053 0.14729785919189453 106180 0
0.46875929832458496 0.12540459632873535 105934 0
0.45180606842041016 0.17509984970092773 106809 0
0.45734405517578125 0.12448740005493164 107054 0
0.44217586517333984 0.1318216323852539 99547 0
0.46111631393432617 0.1439495086669922 98051 0
0.46998143196105957 0.1404132843017578 105195 0
0.47058606147766113 0.13693666458129883 109770 0
0.45845913887023926 0.1429457664489746 102139 0
0.48076868057250977 0.1450650691986084 105631 0
0.44492316246032715 0.1411128044128418 100822 0
0.45524072647094727 0.1735234260559082 100655 0
0.4720182418823242 0.14245080947875977 99899 0
0.4674644470214844 0.1289510726928711 102376 0
0.46015191078186035 0.17366242408752441 103218 0
0.4453859329223633 0.1386260986328125 102995 0
0.45726656913757324 0.16997122764587402 105046 0
0.46590423583984375 0.13114452362060547 103997 0
0.4641897678375244 0.14883017539978027 99830 0
0.4583258628845215 0.16767334938049316 106583 0
0.45835399627685547 0.13930964469909668 104609 0
0.4551811218261719 0.21230149269104004 103804 0
0.4403045177459717 0.13599586486816406 106933 0
0.4484686851501465 0.14185333251953125 108293 0
0.45978498458862305 0.1441178321838379 99907 0
0.4533510208129883 0.13687729835510254 108782 0
0.45711708068847656 0.21037650108337402 109973 0
0.4624152183532715 0.20274925231933594 110007 0
0.45552611351013184 0.2048323154449463 108747 0
0.4687376022338867 0.1443185806274414 109760 0
0.4690849781036377 0.19413352012634277 109883 0
0.4502835273742676 0.1869523525238037 109793 0
0.45746278762817383 0.12357163429260254 108789 0
0.4690060615539551 0.16858577728271484 109924 0
0.4445199966430664 0.13637685775756836 111710 0
0.48406100273132324 0.13936734199523926 109740 0
0.4494960308074951 0.14284420013427734 108846 0
0.45534515380859375 0.2148909568786621 108265 0
0.4588742256164551 0.14156031608581543 107828 0
0.4673173427581787 0.13977408409118652 107635 0
0.4404757022857666 0.1397843360900879 108596 0
0.45304298400878906 0.20408987998962402 107278 0
0.4663546085357666 0.14129877090454102 107347 0
0.4578413963317871 0.15752077102661133 108596 0
0.4695873260498047 0.13813257217407227 107998 0
0.45523905754089355 0.14630794525146484 106457 0
0.4452660083770752 0.15595555305480957 108287 0
0.47814369201660156 0.1332416534423828 107564 0
0.46468400955200195 0.13763976097106934 100376 0
0.47533440589904785 0.14105582237243652 108299 0
0.4663558006286621 0.1546943187713623 104902 0
0.4612436294555664 0.1402301788330078 103872 0
0.4493706226348877 0.21743392944335938 108366 0
0.45563483238220215 0.1438589096069336 109680 0
0.4477376937866211 0.1619577407836914 101071 0
0.45420265197753906 0.1347184181213379 109148 0
0.4703848361968994 0.166121244430542 108001 0
0.4650113582611084 0.14730310440063477 108563 0
0.4757263660430908 0.15212392807006836 107114 0
0.4551830291748047 0.18509459495544434 106271 0
0.4361295700073242 0.13354754447937012 106755 0
0.43287181854248047 0.1647799015045166 107581 0
0.46923208236694336 0.14818334579467773 108538 0
0.4637720584869385 0.1524219512939453 108376 0
0.4687156677246094 0.1385970115661621 107367 0
0.45728230476379395 0.14086508750915527 109363 0
0.45098257064819336 0.17135214805603027 108188 0
0.45383405685424805 0.13873577117919922 108532 0
0.46149182319641113 0.13170504570007324 106338 0
0.44303441047668457 0.13757610321044922 106574 0
0.45784568786621094 0.16468048095703125 106441 0
0.4609494209289551 0.13640546798706055 106295 0
0.4403114318847656 0.1332409381866455 107891 0
0.4577338695526123 0.1410207748413086 108204 0
0.45940303802490234 0.19525647163391113 108942 0
0.4618666172027588 0.13446950912475586 104965 0
0.46449780464172363 0.1868147850036621 109011 0
0.4740722179412842 0.13387107849121094 110066 0
0.45641374588012695 0.14244341850280762 102210 0
0.45403194427490234 0.1767275333404541 110780 0
0.4925994873046875 0.13072609901428223 110797 0
0.437161922454834 0.135361909866333 109538 0
0.4721806049346924 0.13684535026550293 112755 0
0.47956323623657227 0.1358780860900879 113391 0
0.48321008682250977 0.14157533645629883 108976 0
0.4502575397491455 0.1348869800567627 115269 0
0.46465086936950684 0.21170592308044434 113648 0
0.4904599189758301 0.14999103546142578 115255 0
0.47154664993286133 0.1303558349609375 112824 0
0.44699907302856445 0.18946313858032227 110653 0
0.4624307155609131 0.1440136432647705 110258 0
0.4782705307006836 0.145768404006958 108972 0
0.46210455894470215 0.17481684684753418 109051 0
0.4622151851654053 0.16435909271240234 109086 0
0.4602954387664795 0.19326210021972656 108365 0
0.4619731903076172 0.1323854923248291 107799 0
0.48188257217407227 0.170912504196167 108069 0
0.4689502716064453 0.18036270141601562 106611 0
0.4638335704803467 0.14977717399597168 106091 0
0.44820427894592285 0.13384604454040527 105325 0
0.4720308780670166 0.14308404922485352 107490 0
0.4505894184112549 0.13080549240112305 108082 0
0.45688748359680176 0.16437196731567383 106902 0
0.4618809223175049 0.1370527744293213 105283 0
0.46227121353149414 0.13436055183410645 104325 0
0.47384047508239746 0.12866592407226562 104833 0
0.4551737308502197 0.16097760200500488 105503 0
0.4676969051361084 0.14479780197143555 105286 0
0.4660985469818115 0.12726521492004395 105663 0
0.47262001037597656 0.1711430549621582 103656 0
0.46384239196777344 0.13223862648010254 104268 0
0.48086094856262207 0.14965605735778809 104193 0
0.4526331424713135 0.15906834602355957 104744 0
0.47380948066711426 0.14435076713562012 103839 0
0.44803857803344727 0.18066167831420898 104501 0
0.46814751625061035 0.17250394821166992 103313 0
0.4722936153411865 0.14843988418579102 104196 0
0.4677774906158447 0.1390974521636963 104835 0
