0.47502732276916504 0.1388232707977295 53093 0
0.4445474147796631 0.2066032886505127 52951 0
0.4471445083618164 0.14872503280639648 54675 0
0.43629932403564453 0.14275050163269043 53426 0
0.4507575035095215 0.1544198989868164 54623 0
0.44926977157592773 0.13941526412963867 55181 0
0.4652431011199951 0.13033771514892578 55855 0
0.4367237091064453 0.14461112022399902 55342 0
0.4627571105957031 0.13784170150756836 54920 0
0.4441385269165039 0.13736891746520996 54886 0
0.4676649570465088 0.16794323921203613 53063 0
0.455364465713501 0.13375616073608398 51562 0
0.4590878486633301 0.19887614250183105 54472 0
0.4700479507446289 0.12228178977966309 52158 0
0.46160292625427246 0.13201117515563965 43425 0
0.4632863998413086 0.17821383476257324 51185 0
0.44577598571777344 0.2038440704345703 49730 0
0.44216465950012207 0.17641663551330566 48412 0
0.4580850601196289 0.1264781951904297 46235 0
0.43811655044555664 0.2105698585510254 49683 0
0.4417111873626709 0.16716217994689941 50057 0
0.4419283866882324 0.14374637603759766 48027 0
0.42502331733703613 0.12816810607910156 50907 0
0.4596388339996338 0.1298971176147461 52995 0
0.42325353622436523 0.16622567176818848 53506 0
0.45899057388305664 0.1379702091217041 52103 0
0.45500707626342773 0.16818952560424805 47586 0
0.4463462829589844 0.19350028038024902 51487 0
0.43393492698669434 0.14138054847717285 52274 0
0.42407679557800293 0.12836122512817383 49755 0
0.4458177089691162 0.14326047897338867 51660 0
0.43547630310058594 0.13581228256225586 52543 0
0.45725297927856445 0.14832258224487305 50248 0
0.4205605983734131 0.14246201515197754 50895 0
0.44667911529541016 0.13471150398254395 47407 0
0.4298214912414551 0.16863465309143066 52402 0
0.4625129699707031 0.13866305351257324 56034 0
0.44954895973205566 0.1422135829925537 54731 0
0.4580421447753906 0.19918155670166016 56074 0
0.4415616989135742 0.13506460189819336 52831 0
0.41676902770996094 0.14439964294433594 48926 0
0.4346616268157959 0.19422149658203125 51175 0
0.4503607749938965 0.1367347240447998 53825 0
0.43829941749572754 0.147172212600708 53665 0
0.4647986888885498 0.20266461372375488 45525 0
0.4231908321380615 0.16712570190429688 53022 0
0.4225645065307617 0.12796902656555176 54429 0
0.43745994567871094 0.13409066200256348 53212 0
0.4396836757659912 0.13923311233520508 54558 0
0.46686816215515137 0.13214802742004395 53814 0
0.4513378143310547 0.13950634002685547 53377 0
0.4471287727355957 0.18945050239562988 54589 0
0.4425163269042969 0.2170426845550537 54580 0
0.44623541831970215 0.13848328590393066 54949 0
0.43543267250061035 0.21459722518920898 54850 0
0.44063329696655273 0.17142081260681152 55339 0
0.4490690231323242 0.12877893447875977 55894 0
0.4504244327545166 0.1461012363433838 56253 0
0.45585107803344727 0.13809418678283691 56163 0
0.443530797958374 0.18206548690795898 56656 0
0.45870256423950195 0.12813615798950195 55252 0
0.44427919387817383 0.1411128044128418 55349 0
0.46481800079345703 0.13206171989440918 55344 0
0.4342155456542969 0.15210676193237305 54202 0
0.4671204090118408 0.19720053672790527 52817 0
0.46436262130737305 0.14523911476135254 54551 0
0.44799113273620605 0.1433727741241455 55375 0
0.40100860595703125 0.13648581504821777 55455 0
0.4564547538757324 0.1446666717529297 54793 0
0.4493134021759033 0.12873411178588867 54774 0
0.4788699150085449 0.1296985149383545 53337 0
0.4665961265563965 0.15553522109985352 52002 0
0.43233394622802734 0.14374303817749023 54377 0
0.44559621810913086 0.14706754684448242 53509 0
0.46652936935424805 0.13486766815185547 43873 0
0.4575533866882324 0.1559586524963379 54181 0
0.43444252014160156 0.18622565269470215 53458 0
0.45538949966430664 0.13666343688964844 51220 0
0.46130895614624023 0.13426613807678223 52537 0
0.44577956199645996 0.15725445747375488 51968 0
0.44459009170532227 0.1858818531036377 53907 0
0.46869564056396484 0.15617918968200684 54048 0
0.43723464012145996 0.13390827178955078 53205 0
0.4304206371307373 0.1524643898010254 53074 0
0.43534183502197266 0.13754796981811523 55010 0
0.45541810989379883 0.17229270935058594 54601 0
0.4416201114654541 0.20510125160217285 51297 0
0.4415431022644043 0.1393883228302002 54881 0
0.4555063247680664 0.13515782356262207 54973 0
0.4793276786804199 0.18894577026367188 55188 0
0.4757192134857178 0.19968128204345703 53915 0
0.4712038040161133 0.1870558261871338 53747 0
0.4531838893890381 0.14188122749328613 54195 0
0.4532930850982666 0.18918085098266602 51659 0
0.4634239673614502 0.15017056465148926 53999 0
0.4529235363006592 0.14325189590454102 53381 0
0.43828630447387695 0.1422410011291504 44087 0
0.43761181831359863 0.20021462440490723 54191 0
0.45104503631591797 0.13804125785827637 53703 0
0.42583489418029785 0.13777565956115723 51050 0
0.45549678802490234 0.140486478805542 52297 0
0.44008660316467285 0.13451147079467773 52987 0
0.47875475883483887 0.12825322151184082 53405 0
0.4507749080657959 0.2036447525024414 55914 0
0.44733643531799316 0.12555623054504395 54868 0
0.4417703151702881 0.13509440422058105 55194 0
0.42441654205322266 0.18728208541870117 55039 0
0.4434354305267334 0.13265061378479004 56085 0
0.45417356491088867 0.16682171821594238 55519 0
0.428652286529541 0.13469362258911133 55072 0
0.44797515869140625 0.18032050132751465 54877 0
0.4403951168060303 0.2050764560699463 54477 0
0.44901251792907715 0.20939874649047852 54261 0
0.4422647953033447 0.13158917427062988 54593 0
0.4386098384857178 0.20821094512939453 52781 0
0.40866565704345703 0.1290884017944336 53863 0
0.4320986270904541 0.1344001293182373 47887 0
0.44897961616516113 0.13816547393798828 54060 0
0.44532036781311035 0.14251422882080078 53644 0
0.43686771392822266 0.15906262397766113 54156 0
0.4607682228088379 0.13409829139709473 52958 0
0.45934057235717773 0.18617892265319824 53610 0
0.442028284072876 0.12660837173461914 52551 0
0.44806838035583496 0.13812708854675293 50855 0
0.4548521041870117 0.1433851718902588 52843 0
0.4443795680999756 0.14662718772888184 52960 0
0.4510650634765625 0.13765406608581543 44052 0
0.4317500591278076 0.16579365730285645 51033 0
0.4583902359008789 0.12621283531188965 45235 0
0.4093046188354492 0.1864330768585205 46383 0
0.4325215816497803 0.13361787796020508 47924 0
0.44312548637390137 0.13393092155456543 48791 0
0.4198029041290283 0.13656902313232422 46462 0
0.4287877082824707 0.13328790664672852 48879 0
0.4511404037475586 0.14455676078796387 50802 0
0.441814661026001 0.14623403549194336 52344 0
0.469226598739624 0.13012003898620605 51261 0
0.4381692409515381 0.15759873390197754 51820 0
0.45215415954589844 0.1375281810760498 50406 0
0.4280846118927002 0.12362933158874512 50981 0
0.4487476348876953 0.14463114738464355 52643 0
0.4521777629852295 0.18707823753356934 52428 0
0.46411824226379395 0.127915620803833 51443 0
0.4431643486022949 0.15371465682983398 51444 0
0.47052979469299316 0.14239287376403809 50902 0
0.47621846199035645 0.13264989852905273 54008 0
0.4412271976470947 0.1372087001800537 52753 0
0.4431140422821045 0.17405939102172852 51554 0
0.449878454208374 0.14518332481384277 49426 0
0.45367860794067383 0.17080402374267578 49638 0
0.4558448791503906 0.13917255401611328 52299 0
0.4488945007324219 0.19290542602539062 55815 0
0.43105435371398926 0.15102195739746094 54704 0
0.44146227836608887 0.12372946739196777 53389 0
0.440213680267334 0.13234615325927734 54192 0
0.4609670639038086 0.13185930252075195 51741 0
0.41440391540527344 0.12999725341796875 42479 0
0.44129252433776855 0.13197660446166992 49808 0
0.43091893196105957 0.15270400047302246 50486 0
0.4298367500305176 0.16948723793029785 46527 0
0.4511711597442627 0.14256882667541504 46700 0
0.4446291923522949 0.13926076889038086 47882 0
0.4522855281829834 0.12061405181884766 47929 0
0.47498464584350586 0.1434330940246582 49438 0
0.43969178199768066 0.13320565223693848 51523 0
0.4393887519836426 0.15195775032043457 49867 0
0.45346879959106445 0.13434600830078125 49763 0
0.44684529304504395 0.13210582733154297 53291 0
0.4460768699645996 0.12840890884399414 51897 0
0.439990758895874 0.17494654655456543 55334 0
0.44487810134887695 0.14324045181274414 51358 0
0.45096731185913086 0.13814139366149902 53582 0
0.4306635856628418 0.1394972801208496 54075 0
0.437117338180542 0.15520429611206055 55410 0
0.43200254440307617 0.12963414192199707 55115 0
0.4372696876525879 0.14129996299743652 55630 0
0.4613072872161865 0.13506674766540527 51799 0
0.44623327255249023 0.13386154174804688 56845 0
0.46616387367248535 0.1510167121887207 57582 0
0.37346982955932617 0.12365555763244629 56897 0
0.4632692337036133 0.166550874710083 55867 0
0.45507311820983887 0.15886282920837402 54870 0
0.45802927017211914 0.1495661735534668 55499 0
0.4599332809448242 0.12549376487731934 52823 0
0.4458160400390625 0.14332079887390137 55847 0
0.4448893070220947 0.12306666374206543 55219 0
0.4533500671386719 0.14626860618591309 46444 0
0.44704604148864746 0.17493581771850586 56039 0
0.43334245681762695 0.13107848167419434 56509 0
0.4450216293334961 0.20132231712341309 53550 0
0.44073486328125 0.12620830535888672 54721 0
0.4333822727203369 0.13678622245788574 55558 0
0.45679807662963867 0.13989686965942383 55857 0
0.41998744010925293 0.1453239917755127 57264 0
0.43931078910827637 0.12270665168762207 56316 0
0.4337503910064697 0.1383516788482666 56553 0
0.448775053024292 0.17490077018737793 56555 0
0.4454648494720459 0.15645742416381836 57270 0
0.4477252960205078 0.13990497589111328 56706 0
0.46085238456726074 0.15737318992614746 55817 0
0.44623541831970215 0.1331343650817871 56579 0
0.41687655448913574 0.13399600982666016 49635 0
0.42894721031188965 0.12573790550231934 48288 0
0.4599876403808594 0.14424562454223633 49693 0
0.43977832794189453 0.14064502716064453 48934 0
0.44254446029663086 0.20264244079589844 49116 0
0.4368245601654053 0.14354181289672852 50207 0
0.43845057487487793 0.2175583839416504 50087 0
0.4454691410064697 0.13093137741088867 51544 0
0.4536607265472412 0.15050268173217773 50645 0
0.4441039562225342 0.1444699764251709 49392 0
0.4500703811645508 0.14145779609680176 50058 0
0.45281219482421875 0.16608762741088867 50289 0
0.4395008087158203 0.14713716506958008 49459 0
0.4417247772216797 0.17691421508789062 49227 0
0.44586682319641113 0.1371314525604248 48400 0
0.4756791591644287 0.13352680206298828 48303 0
0.46416139602661133 0.13903546333312988 44881 0
0.4528975486755371 0.13466477394104004 48830 0
0.42958521842956543 0.14380431175231934 49363 0
0.4163391590118408 0.12796235084533691 49443 0
0.441791296005249 0.14215445518493652 49688 0
0.44127488136291504 0.12477970123291016 49701 0
0.4310479164123535 0.15937280654907227 50255 0
0.4625256061553955 0.14286160469055176 50104 0
0.4180915355682373 0.16885876655578613 50137 0
0.4646449089050293 0.13586974143981934 49528 0
0.48470544815063477 0.14533638954162598 49730 0
0.4686870574951172 0.14298343658447266 49927 0
0.43793487548828125 0.1314384937286377 49473 0
0.46459484100341797 0.1380295753479004 49338 0
0.4431781768798828 0.14370226860046387 48572 0
0.4459497928619385 0.14139485359191895 49096 0
0.436643123626709 0.1423807144165039 49742 0
0.4443519115447998 0.12096524238586426 50175 0
0.450319766998291 0.13626456260681152 49389 0
0.46361637115478516 0.1374835968017578 50167 0
0.41146159172058105 0.14563918113708496 49813 0
0.44170045852661133 0.12475371360778809 48938 0
0.447798490524292 0.15256929397583008 49379 0
0.4484701156616211 0.14131903648376465 48817 0
0.4496493339538574 0.14548373222351074 49190 0
0.44743800163269043 0.1400768756866455 49570 0
0.4284555912017822 0.16439318656921387 49602 0
0.44117140769958496 0.13912320137023926 49858 0
0.4647696018218994 0.13960981369018555 49182 0
0.43585824966430664 0.15588164329528809 49353 0
0.4248371124267578 0.13158226013183594 44239 0
0.4562537670135498 0.12421178817749023 49247 0
0.45061326026916504 0.13643240928649902 49577 0
0.45503854751586914 0.13754606246948242 50384 0
0.44530344009399414 0.12677288055419922 50202 0
0.44060444831848145 0.13385391235351562 50055 0
0.4409334659576416 0.19332456588745117 50117 0
0.44390058517456055 0.19357919692993164 50341 0
0.4643821716308594 0.1348276138305664 50430 0
0.44809603691101074 0.13308262825012207 50612 0
0.4634428024291992 0.1336526870727539 50215 0
0.4716479778289795 0.17059922218322754 49727 0
0.4320249557495117 0.13652825355529785 49975 0
0.4426870346069336 0.13562369346618652 49527 0
0.44721126556396484 0.1802058219909668 49543 0
0.45344972610473633 0.1435222625732422 50692 0
0.4396834373474121 0.1419217586517334 49983 0
0.43297910690307617 0.13589215278625488 50814 0
0.43198633193969727 0.19626617431640625 50843 0
0.4446413516998291 0.15425372123718262 51466 0
0.45620083808898926 0.14068841934204102 51411 0
0.41779494285583496 0.1409914493560791 50766 0
0.46992969512939453 0.15149593353271484 51698 0
0.43342041969299316 0.12912917137145996 50162 0
0.44483327865600586 0.15747523307800293 50629 0
0.43586087226867676 0.14997553825378418 51027 0
0.4266993999481201 0.1488492488861084 55691 0
0.428333044052124 0.13317489624023438 54656 0
0.42197227478027344 0.15117096900939941 51584 0
0.447695255279541 0.21456456184387207 59071 0
0.44414687156677246 0.16974711418151855 55986 0
0.44777774810791016 0.12969565391540527 58888 0
0.4391155242919922 0.1344614028930664 56186 0
0.4481923580169678 0.1373155117034912 54511 0
0.45566511154174805 0.1736156940460205 55174 0
0.45796704292297363 0.1489853858947754 54788 0
0.4458136558532715 0.1393289566040039 54529 0
0.4411756992340088 0.13764023780822754 53956 0
0.44035863876342773 0.203169584274292 53103 0
0.41823649406433105 0.13799619674682617 50308 0
0.41182398796081543 0.14874792098999023 50785 0
0.45072484016418457 0.15060734748840332 48244 0
0.436352014541626 0.13711166381835938 49721 0
0.43276095390319824 0.14588093757629395 50212 0
0.4507637023925781 0.153855562210083 49133 0
0.43256568908691406 0.15993905067443848 49407 0
0.4677464962005615 0.14416241645812988 49050 0
0.4215676784515381 0.14261555671691895 49216 0
0.39351868629455566 0.1354966163635254 49055 0
0.445711612701416 0.21103596687316895 49544 0
0.43505239486694336 0.16075944900512695 49792 0
0.43381476402282715 0.20026469230651855 50380 0
0.4318201541900635 0.18384122848510742 43399 0
0.4729893207550049 0.13086724281311035 50225 0
0.4278252124786377 0.13987445831298828 50621 0
0.47636985778808594 0.13948893547058105 49151 0
0.44269824028015137 0.1869337558746338 50335 0
0.4112379550933838 0.17180848121643066 50581 0
0.4759807586669922 0.1807842254638672 50439 0
0.4304697513580322 0.13843059539794922 50795 0
0.4501919746398926 0.14312076568603516 50896 0
0.44762420654296875 0.13213157653808594 50659 0
0.4458751678466797 0.12391138076782227 50326 0
0.4555244445800781 0.13216114044189453 49038 0
0.44409656524658203 0.2093214988708496 49483 0
0.4489765167236328 0.15660429000854492 49545 0
0.44028472900390625 0.13546490669250488 50419 0
0.4480564594268799 0.1696186065673828 50669 0
0.4237861633300781 0.14359736442565918 50908 0
0.42209959030151367 0.15616464614868164 50275 0
0.4538609981536865 0.15427064895629883 49494 0
0.44545722007751465 0.20577740669250488 49713 0
0.40305233001708984 0.14833760261535645 49857 0
0.44885778427124023 0.14366531372070312 49515 0
0.45387959480285645 0.1324155330657959 49760 0
0.4463920593261719 0.14165663719177246 49325 0
0.45911574363708496 0.12507033348083496 50144 0
0.44909143447875977 0.13198065757751465 49954 0
0.4375760555267334 0.20431852340698242 49403 0
0.4440956115722656 0.17115521430969238 48591 0
0.4594600200653076 0.14379549026489258 50203 0
0.40761852264404297 0.13132500648498535 51154 0
0.4471867084503174 0.13861393928527832 43396 0
0.44824695587158203 0.14911484718322754 50355 0
0.4274730682373047 0.14377427101135254 51641 0
0.4529306888580322 0.1784679889678955 48742 0
0.4136381149291992 0.20600175857543945 51936 0
0.4574263095855713 0.1688845157623291 51507 0
0.36945438385009766 0.14118576049804688 50805 0
0.4097249507904053 0.1325831413269043 51667 0
0.44687891006469727 0.14231514930725098 52317 0
0.4692094326019287 0.14197468757629395 51405 0
0.42891788482666016 0.18719887733459473 51791 0
0.4389770030975342 0.12004804611206055 51182 0
0.41629910469055176 0.13352203369140625 51427 0
0.4275822639465332 0.1813678741455078 50985 0
0.44833993911743164 0.14651870727539062 51514 0
0.4684128761291504 0.14028215408325195 51541 0
0.443218469619751 0.18214631080627441 52481 0
0.44005393981933594 0.2009265422821045 52558 0
0.45459628105163574 0.1388556957244873 52503 0
0.4335329532623291 0.13304471969604492 51940 0
0.4397099018096924 0.1974937915802002 51840 0
0.45522475242614746 0.13356733322143555 51145 0
0.4469928741455078 0.13466143608093262 51508 0
0.4538233280181885 0.13543152809143066 51134 0
0.4324207305908203 0.1911473274230957 51099 0
0.4526655673980713 0.14137506484985352 51483 0
0.4507284164428711 0.1581707000732422 50786 0
0.4355199337005615 0.20421886444091797 50270 0
0.46564364433288574 0.14597487449645996 51728 0
0.4416775703430176 0.12722039222717285 51494 0
0.4486267566680908 0.14372801780700684 42995 0
0.44780635833740234 0.13606929779052734 49773 0
0.46920156478881836 0.13110017776489258 50626 0
0.42564868927001953 0.143906831741333 48493 0
0.43932080268859863 0.20409631729125977 51082 0
0.4519379138946533 0.13467884063720703 51624 0
0.4198033809661865 0.14055180549621582 45747 0
0.44136667251586914 0.12978649139404297 42321 0
0.4030628204345703 0.13432002067565918 50106 0
0.4388258457183838 0.14270544052124023 51850 0
0.44864535331726074 0.20176935195922852 52892 0
0.44992947578430176 0.12318062782287598 52004 0
0.44447875022888184 0.13782858848571777 51624 0
0.4367177486419678 0.16498684883117676 52119 0
0.4454517364501953 0.1334998607635498 51841 0
0.45615100860595703 0.17230820655822754 50973 0
0.43526744842529297 0.1313033103942871 43686 0
0.45375800132751465 0.13735485076904297 42785 0
0.4480302333831787 0.13696670532226562 50732 0
0.4407949447631836 0.1367177963256836 50562 0
0.453310489654541 0.14796090126037598 49529 0
0.439166784286499 0.13676857948303223 49998 0
0.44101691246032715 0.18618154525756836 49510 0
0.4074981212615967 0.20380640029907227 49956 0
0.43760013580322266 0.1352238655090332 50816 0
0.4469172954559326 0.13094258308410645 50280 0
0.4481186866760254 0.1315937042236328 49982 0
0.4582099914550781 0.14403295516967773 48617 0
0.4284400939941406 0.12359404563903809 49525 0
0.45082855224609375 0.13027095794677734 50180 0
0.436964750289917 0.1409902572631836 45660 0
0.4151883125305176 0.15128231048583984 49565 0
0.4315938949584961 0.14095044136047363 49786 0
0.45778703689575195 0.14591741561889648 49881 0
0.4519155025482178 0.13078784942626953 50445 0
0.4456753730773926 0.17674756050109863 50872 0
0.43318796157836914 0.1448659896850586 50050 0
0.4383814334869385 0.13631439208984375 48993 0
0.4194495677947998 0.1402888298034668 49814 0
0.4024801254272461 0.13564252853393555 49064 0
0.44744300842285156 0.12945008277893066 48523 0
0.4157581329345703 0.1338348388671875 46173 0
0.4374394416809082 0.15518951416015625 46089 0
0.44764184951782227 0.1792926788330078 46308 0
0.4414057731628418 0.1403353214263916 45853 0
0.4485774040222168 0.14299941062927246 46349 0
0.38080692291259766 0.12854766845703125 46641 0
0.3495938777923584 0.19827723503112793 45632 0
0.4637291431427002 0.13384079933166504 44472 0
0.4486081600189209 0.13882994651794434 45949 0
0.4363389015197754 0.1316821575164795 45153 0
0.43530917167663574 0.13352131843566895 39686 0
0.42299413681030273 0.14685487747192383 45082 0
0.46203017234802246 0.12958621978759766 44920 0
0.45529985427856445 0.14166951179504395 45853 0
0.44321155548095703 0.15413951873779297 45605 0
0.4473154544830322 0.1347355842590332 46237 0
0.437777042388916 0.15123772621154785 46029 0
0.4437997341156006 0.14354324340820312 45347 0
0.43984413146972656 0.20437979698181152 45656 0
0.4305863380432129 0.1798686981201172 45743 0
0.4635138511657715 0.13202524185180664 46003 0
0.43964385986328125 0.12809371948242188 45824 0
0.44502782821655273 0.14491772651672363 45254 0
0.4358227252960205 0.14367198944091797 45474 0
0.4503438472747803 0.15478825569152832 45717 0
0.39577794075012207 0.12393975257873535 45858 0
0.4418520927429199 0.2087547779083252 45501 0
0.4155895709991455 0.18386316299438477 45654 0
0.4637589454650879 0.13054442405700684 45344 0
0.4321925640106201 0.14763236045837402 45107 0
0.4333348274230957 0.13206052780151367 44817 0
0.45445680618286133 0.13309574127197266 45300 0
0.4669356346130371 0.13951849937438965 45347 0
0.4525108337402344 0.13892078399658203 45358 0
0.462857723236084 0.20683765411376953 45410 0
0.46549367904663086 0.13171887397766113 45805 0
0.41939854621887207 0.15956544876098633 46164 0
0.43062901496887207 0.13611364364624023 43988 0
0.44075727462768555 0.14024591445922852 44814 0
0.444242000579834 0.20201945304870605 44945 0
0.3974180221557617 0.1837022304534912 39233 0
0.4553098678588867 0.16910672187805176 44791 0
0.44083619117736816 0.19265055656433105 45605 0
0.4323914051055908 0.1459636688232422 46477 0
0.43675756454467773 0.13409662246704102 45665 0
0.4377176761627197 0.14231371879577637 45506 0
0.45566892623901367 0.13965678215026855 46250 0
0.4443058967590332 0.1937868595123291 45981 0
0.4361569881439209 0.157792329788208 46318 0
0.44077634811401367 0.19574880599975586 46885 0
0.4654562473297119 0.17434930801391602 46499 0
0.42929744720458984 0.20424509048461914 46464 0
0.44425439834594727 0.1769106388092041 46388 0
0.4614126682281494 0.1423790454864502 46441 0
0.4362311363220215 0.2059025764465332 45954 0
0.4464685916900635 0.15842914581298828 46153 0
0.44495511054992676 0.14013338088989258 46139 0
0.42671680450439453 0.1867809295654297 45203 0
0.4402170181274414 0.1374039649963379 46465 0
0.4405045509338379 0.1316993236541748 46477 0
0.45494651794433594 0.16406679153442383 46696 0
0.4557180404663086 0.1427621841430664 47221 0
0.420365571975708 0.14341211318969727 47016 0
0.4347546100616455 0.1311962604522705 47143 0
0.43710899353027344 0.1612846851348877 47149 0
0.4633607864379883 0.1343848705291748 46994 0
0.44150614738464355 0.18497586250305176 46832 0
0.4349541664123535 0.1830589771270752 45844 0
0.4296882152557373 0.14564013481140137 47098 0
0.44850802421569824 0.14467120170593262 47049 0
0.4402956962585449 0.1299421787261963 40357 0
0.4415872097015381 0.14196228981018066 46799 0
0.44471073150634766 0.13604998588562012 47065 0
0.44712305068969727 0.1324310302734375 47281 0
0.4423637390136719 0.13510847091674805 47304 0
0.43950462341308594 0.14790558815002441 47921 0
0.4263176918029785 0.13411283493041992 48382 0
0.4373657703399658 0.14215993881225586 48130 0
0.4367218017578125 0.17506814002990723 48059 0
0.4430077075958252 0.13906598091125488 47475 0
0.4551842212677002 0.142958402633667 47313 0
0.4651169776916504 0.1294877529144287 47826 0
0.46342015266418457 0.1489560604095459 47040 0
0.43466973304748535 0.1500532627105713 46457 0
0.4070608615875244 0.1317133903503418 47322 0
0.4317338466644287 0.1461043357849121 47394 0
0.45128488540649414 0.17396187782287598 45519 0
0.4287710189819336 0.14502692222595215 44740 0
0.4334127902984619 0.12860774993896484 45961 0
0.4348635673522949 0.20662689208984375 46447 0
0.4475564956665039 0.13523077964782715 46389 0
0.41022706031799316 0.1514742374420166 46483 0
0.4375472068786621 0.17287969589233398 47397 0
0.4232347011566162 0.1434037685394287 47953 0
0.43573951721191406 0.1819477081298828 47624 0
0.417006254196167 0.14143800735473633 47538 0
0.4311332702636719 0.14520883560180664 45649 0
0.4454152584075928 0.14076685905456543 43861 0
0.43430399894714355 0.14316105842590332 44985 0
0.43114376068115234 0.1362898349761963 44687 0
0.42555737495422363 0.14563560485839844 38382 0
0.44516563415527344 0.15281414985656738 45037 0
0.4718019962310791 0.1479630470275879 44806 0
0.44446611404418945 0.13582944869995117 44256 0
0.4317057132720947 0.1326909065246582 43753 0
0.4456667900085449 0.1353752613067627 44201 0
0.4325137138366699 0.20299696922302246 46098 0
0.4420931339263916 0.12875127792358398 45006 0
0.438260555267334 0.19322443008422852 45453 0
0.4423983097076416 0.11915445327758789 44568 0
0.4466102123260498 0.13137412071228027 43641 0
0.4191133975982666 0.14383339881896973 43179 0
0.43117570877075195 0.13301992416381836 43305 0
0.43024563789367676 0.20338797569274902 43033 0
0.4569721221923828 0.16238951683044434 42743 0
0.42978692054748535 0.13657474517822266 43530 0
0.4379711151123047 0.15297937393188477 43610 0
0.45601344108581543 0.15871143341064453 44442 0
0.4606740474700928 0.14082837104797363 44392 0
0.4577169418334961 0.16170167922973633 44076 0
0.43354058265686035 0.12816214561462402 43949 0
0.4379005432128906 0.17235493659973145 44362 0
0.4676485061645508 0.14241576194763184 44132 0
0.42697882652282715 0.20544171333312988 43662 0
0.4455883502960205 0.19952726364135742 43011 0
0.4324045181274414 0.13514995574951172 43318 0
0.4336049556732178 0.12723469734191895 42995 0
0.45102906227111816 0.1365959644317627 41123 0
0.43584156036376953 0.16335368156433105 43957 0
0.45091772079467773 0.14048409461975098 43017 0
0.458850622177124 0.20528483390808105 36682 0
0.4267864227294922 0.1355130672454834 43008 0
0.4167747497558594 0.1439366340637207 43999 0
0.43947434425354004 0.12930035591125488 44368 0
0.44300246238708496 0.14784526824951172 43788 0
0.4531562328338623 0.1311042308807373 44429 0
0.43213510513305664 0.18642354011535645 43593 0
0.4403853416442871 0.18950414657592773 43653 0
0.43430614471435547 0.17862272262573242 43605 0
0.44188499450683594 0.20497703552246094 43051 0
0.460756778717041 0.1389179229736328 36412 0
0.4128456115722656 0.13599944114685059 43498 0
0.4423792362213135 0.14070796966552734 43546 0
0.4340701103210449 0.14532065391540527 43459 0
0.4448564052581787 0.12422537803649902 43452 0
0.4439387321472168 0.1855781078338623 43949 0
0.44588398933410645 0.1636946201324463 45301 0
0.4514274597167969 0.19930052757263184 45252 0
0.467348575592041 0.16130900382995605 46249 0
0.43041491508483887 0.14146041870117188 45517 0
0.3498382568359375 0.14355921745300293 45639 0
0.3476085662841797 0.14838790893554688 44997 0
0.36144399642944336 0.12015247344970703 45226 0
0.41390180587768555 0.14622282981872559 45171 0
0.43028759956359863 0.1423192024230957 45860 0
0.41852855682373047 0.13625550270080566 44533 0
0.4410412311553955 0.17090177536010742 42622 0
0.47228360176086426 0.1267869472503662 43248 0
0.4301760196685791 0.16098761558532715 44821 0
0.4650282859802246 0.1401362419128418 44981 0
0.47252345085144043 0.20148324966430664 45994 0
0.46628618240356445 0.13298869132995605 44955 0
0.45156359672546387 0.12929272651672363 44481 0
0.5008816719055176 0.20471930503845215 44025 0
0.40133023262023926 0.13284540176391602 43859 0
0.4275813102722168 0.14726638793945312 44909 0
0.4309065341949463 0.20343446731567383 43668 0
0.40392613410949707 0.1562519073486328 43272 0
0.442751407623291 0.18133282661437988 43946 0
0.4227766990661621 0.13439464569091797 43207 0
0.4465367794036865 0.15349531173706055 44615 0
0.43279314041137695 0.1301259994506836 44481 0
0.45396900177001953 0.1509091854095459 43504 0
0.44288158416748047 0.12191939353942871 44800 0
0.4394688606262207 0.13516664505004883 44263 0
0.4445686340332031 0.1520998477935791 43785 0
0.46900081634521484 0.16200661659240723 41461 0
0.4361715316772461 0.13124871253967285 42951 0
0.42481136322021484 0.20214509963989258 42431 0
0.4364290237426758 0.17662358283996582 36687 0
0.43793606758117676 0.17509245872497559 43178 0
0.4521293640136719 0.14553451538085938 42661 0
0.4390900135040283 0.20040607452392578 43110 0
0.4538884162902832 0.12140917778015137 42303 0
0.45304083824157715 0.14064741134643555 42636 0
0.4368150234222412 0.13658595085144043 44198 0
0.44549083709716797 0.14475202560424805 44813 0
0.4553697109222412 0.21430158615112305 44667 0
0.43990540504455566 0.14223122596740723 44300 0
0.43575453758239746 0.1453232765197754 43697 0
0.43616366386413574 0.17579412460327148 43968 0
0.4505577087402344 0.1355443000793457 43069 0
0.43492674827575684 0.13138103485107422 43001 0
0.4402329921722412 0.125870943069458 43651 0
0.44632768630981445 0.17509698867797852 43061 0
0.46073436737060547 0.1534891128540039 43373 0
0.43480563163757324 0.20474863052368164 44046 0
0.44506239891052246 0.13646149635314941 45153 0
0.4326012134552002 0.17949652671813965 44220 0
0.43827223777770996 0.1471855640411377 45051 0
0.4340639114379883 0.13806867599487305 44551 0
0.4531896114349365 0.13633394241333008 45272 0
0.4332394599914551 0.13779377937316895 44995 0
0.4459662437438965 0.13102245330810547 45337 0
0.4564833641052246 0.14256596565246582 48669 0
0.4476125240325928 0.14365410804748535 50217 0
0.42637157440185547 0.12831497192382812 50472 0
0.44690442085266113 0.13826298713684082 50746 0
0.41995930671691895 0.13644623756408691 51497 0
0.4319479465484619 0.13759541511535645 51517 0
0.4503192901611328 0.12641525268554688 51351 0
0.4384174346923828 0.13672804832458496 49818 0
0.4207310676574707 0.18120789527893066 51884 0
0.4699246883392334 0.13033318519592285 50803 0
0.43285036087036133 0.1414012908935547 49688 0
0.4621593952178955 0.13793325424194336 51631 0
0.40950512886047363 0.13397741317749023 50832 0
0.44617581367492676 0.1256859302520752 50343 0
0.44335246086120605 0.1710033416748047 50589 0
0.4377014636993408 0.17176508903503418 51219 0
0.4324018955230713 0.14532971382141113 51598 0
0.46124958992004395 0.1313321590423584 51091 0
0.4476964473724365 0.19879651069641113 47666 0
0.4562346935272217 0.12800979614257812 51230 0
0.46610283851623535 0.1934669017791748 51265 0
0.43911027908325195 0.18526244163513184 51327 0
0.44408106803894043 0.18520808219909668 52093 0
0.4394972324371338 0.13438820838928223 51720 0
0.4435544013977051 0.16206741333007812 53061 0
0.4236257076263428 0.14449548721313477 51887 0
0.4441077709197998 0.12351107597351074 52225 0
0.4168384075164795 0.14295244216918945 51535 0
0.4671359062194824 0.13256144523620605 45121 0
0.44652223587036133 0.15172863006591797 51407 0
0.4858741760253906 0.1322336196899414 50921 0
0.44917774200439453 0.15298867225646973 51706 0
0.45990657806396484 0.14191579818725586 51862 0
0.4621708393096924 0.13515567779541016 52798 0
0.41428565979003906 0.12731695175170898 53258 0
0.4369654655456543 0.1475965976715088 53390 0
0.4700465202331543 0.13400840759277344 53257 0
0.442152738571167 0.1251833438873291 53536 0
0.459261417388916 0.1394796371459961 50184 0
0.44766879081726074 0.12974214553833008 52507 0
0.438734769821167 0.14030146598815918 51868 0
0.45235466957092285 0.13159990310668945 52326 0
0.470989465713501 0.1764380931854248 52184 0
0.47241640090942383 0.18732976913452148 52809 0
0.41457653045654297 0.136824369430542 52388 0
0.4513208866119385 0.1368098258972168 53085 0
0.47029566764831543 0.18152308464050293 52590 0
0.45432400703430176 0.13965654373168945 52187 0
0.441497802734375 0.14376616477966309 48715 0
0.4638528823852539 0.12301349639892578 52596 0
0.4630260467529297 0.16133785247802734 52999 0
0.4518618583679199 0.1410365104675293 52549 0
0.4447183609008789 0.1470475196838379 52804 0
0.4389669895172119 0.13326692581176758 52923 0
0.458829402923584 0.1409592628479004 53314 0
0.4464445114135742 0.13628292083740234 51887 0
0.4424464702606201 0.15507769584655762 53990 0
0.4622364044189453 0.18785858154296875 54604 0
0.42819666862487793 0.18793416023254395 45794 0
0.4466071128845215 0.13156342506408691 53436 0
0.4479858875274658 0.14361882209777832 51966 0
0.44419360160827637 0.20473766326904297 51932 0
0.4426078796386719 0.1921522617340088 54803 0
0.4571535587310791 0.1285076141357422 55315 0
0.4518702030181885 0.18064236640930176 52761 0
0.4518899917602539 0.1425631046295166 55985 0
0.4391136169433594 0.1391143798828125 55455 0
0.4838731288909912 0.21604394912719727 55438 0
0.445603609085083 0.14352750778198242 55797 0
0.45307469367980957 0.13802051544189453 54066 0
0.4436922073364258 0.1779022216796875 52803 0
0.4460456371307373 0.13543057441711426 54745 0
0.45661306381225586 0.17142415046691895 54974 0
0.46783971786499023 0.16754651069641113 54149 0
0.46035099029541016 0.1454765796661377 54636 0
0.42713260650634766 0.14206647872924805 53345 0
0.4469413757324219 0.13398265838623047 55045 0
0.4585764408111572 0.14426875114440918 54856 0
0.42270517349243164 0.14337563514709473 50123 0
0.42929625511169434 0.1383061408996582 53170 0
0.44409632682800293 0.19814109802246094 53574 0
0.4810659885406494 0.1559772491455078 54010 0
0.4598567485809326 0.1605980396270752 52660 0
0.4623911380767822 0.12285971641540527 53298 0
0.4421393871307373 0.1986980438232422 53096 0
0.4427366256713867 0.13926362991333008 51040 0
0.4493401050567627 0.13219261169433594 53381 0
0.4698677062988281 0.1706695556640625 53095 0
0.42674994468688965 0.18674874305725098 43054 0
0.42055273056030273 0.13312315940856934 50927 0
0.4514155387878418 0.14498400688171387 48979 0
0.4239766597747803 0.1769862174987793 48579 0
0.4148592948913574 0.15287470817565918 50619 0
0.4345111846923828 0.12870526313781738 51091 0
0.4411001205444336 0.20158171653747559 50471 0
0.4272449016571045 0.1276547908782959 51835 0
0.45583009719848633 0.12550044059753418 50711 0
0.43420982360839844 0.14886045455932617 50295 0
0.43514299392700195 0.14940738677978516 49734 0
0.428999662399292 0.13734817504882812 50154 0
0.4549674987792969 0.14483141899108887 46594 0
0.43507838249206543 0.18319320678710938 49903 0
0.4642972946166992 0.1345822811126709 49706 0
0.4614534378051758 0.1338050365447998 49534 0
0.45624399185180664 0.12614846229553223 49954 0
0.40398144721984863 0.2022702693939209 49566 0
0.4524497985839844 0.12742304801940918 50152 0
0.45673298835754395 0.13587594032287598 49245 0
0.44773221015930176 0.13507938385009766 46862 0
0.4691123962402344 0.15820884704589844 50201 0
0.4451913833618164 0.13125872611999512 51557 0
0.4446225166320801 0.1315000057220459 51339 0
0.4627804756164551 0.1529374122619629 51077 0
0.4154214859008789 0.14655280113220215 51790 0
0.45780158042907715 0.13334155082702637 51347 0
0.43319082260131836 0.14985442161560059 48387 0
0.41350650787353516 0.1342332363128662 49547 0
0.4472677707672119 0.1361832618713379 49638 0
0.44821929931640625 0.13775014877319336 42249 0
0.43343615531921387 0.19669818878173828 49780 0
0.4576864242553711 0.1334223747253418 47634 0
0.4668996334075928 0.15456843376159668 48949 0
0.43128037452697754 0.17503905296325684 50094 0
0.4376683235168457 0.14003300666809082 49771 0
0.4408900737762451 0.13443326950073242 49287 0
0.45024561882019043 0.13089728355407715 51474 0
0.44835829734802246 0.18644022941589355 51457 0
0.44327878952026367 0.1418600082397461 51869 0
0.4472348690032959 0.13631224632263184 51582 0
0.43895483016967773 0.1404399871826172 51614 0
0.46549201011657715 0.17217230796813965 48930 0
0.47538018226623535 0.14295411109924316 52082 0
0.4453728199005127 0.12781667709350586 52019 0
0.47031140327453613 0.14243817329406738 51161 0
0.43639159202575684 0.20980000495910645 51140 0
0.43520069122314453 0.1441514492034912 51533 0
0.4331059455871582 0.16466617584228516 51206 0
0.4414055347442627 0.1434345245361328 51532 0
0.40517616271972656 0.1403791904449463 47865 0
0.444873571395874 0.13813447952270508 51129 0
0.4412667751312256 0.1489124298095703 51355 0
0.4396018981933594 0.13458490371704102 51624 0
0.45137524604797363 0.14809918403625488 51778 0
0.44441747665405273 0.12433838844299316 51216 0
0.4299952983856201 0.15103507041931152 50538 0
0.4350402355194092 0.14994120597839355 48988 0
0.43004655838012695 0.15317416191101074 51066 0
0.4612269401550293 0.16085529327392578 50979 0
0.4668431282043457 0.12184882164001465 41721 0
0.4373202323913574 0.18877100944519043 50102 0
0.4377729892730713 0.15913963317871094 46958 0
0.44295501708984375 0.15294456481933594 48397 0
0.45694804191589355 0.12103581428527832 50428 0
0.4608747959136963 0.15369558334350586 50041 0
0.39585351943969727 0.13400506973266602 49986 0
0.44858837127685547 0.13871049880981445 51430 0
0.4387080669403076 0.14699840545654297 50963 0
0.4468808174133301 0.13742709159851074 50945 0
0.413799524307251 0.13324737548828125 51067 0
0.4576222896575928 0.1404118537902832 50417 0
0.4464249610900879 0.13584613800048828 47179 0
0.4567594528198242 0.13158631324768066 51178 0
0.4466724395751953 0.1356666088104248 51009 0
0.46444058418273926 0.20426273345947266 50950 0
0.44561195373535156 0.17203664779663086 50470 0
0.46268153190612793 0.14229917526245117 51032 0
0.4672396183013916 0.12515592575073242 50898 0
0.44986844062805176 0.13077402114868164 50517 0
0.44215893745422363 0.2130272388458252 46271 0
0.43543243408203125 0.14089727401733398 50595 0
0.46293163299560547 0.1437234878540039 50943 0
0.4587094783782959 0.14409399032592773 50633 0
0.43643665313720703 0.12778043746948242 51025 0
0.45584654808044434 0.16883134841918945 50603 0
0.4487881660461426 0.13579082489013672 49965 0
0.4159719944000244 0.1322183609008789 48579 0
0.4476141929626465 0.1931002140045166 50927 0
0.43564891815185547 0.19357514381408691 50223 0
0.44480061531066895 0.13973116874694824 43413 0
0.45002317428588867 0.15961909294128418 49678 0
0.4423391819000244 0.18500423431396484 45331 0
0.4478139877319336 0.1434633731842041 49970 0
0.44286274909973145 0.12197756767272949 50397 0
0.46902036666870117 0.17282962799072266 50830 0
0.46759772300720215 0.14075088500976562 48922 0
0.44647693634033203 0.12549781799316406 50861 0
0.4370608329772949 0.15949273109436035 50811 0
0.43763041496276855 0.13529515266418457 50743 0
0.44765567779541016 0.18680167198181152 51215 0
0.46367311477661133 0.16872692108154297 50511 0
0.4387087821960449 0.14583754539489746 47488 0
0.46333789825439453 0.16258740425109863 50561 0
0.44991469383239746 0.12612414360046387 50971 0
0.44288015365600586 0.2302262783050537 50972 0
0.47370100021362305 0.13843059539794922 51314 0
0.4393889904022217 0.1924288272857666 51191 0
0.4631662368774414 0.13020968437194824 50286 0
0.4693417549133301 0.14047002792358398 50542 0
0.44107961654663086 0.12883687019348145 47296 0
0.4448227882385254 0.1446058750152588 49515 0
0.4379270076751709 0.19434618949890137 54320 0
0.44420480728149414 0.1250591278076172 54215 0
0.45575761795043945 0.139756441116333 54042 0
0.449674129486084 0.1417374610900879 54943 0
0.44388604164123535 0.1327955722808838 55485 0
0.4471006393432617 0.13711261749267578 54827 0
0.4684004783630371 0.14493608474731445 55450 0
0.4456157684326172 0.12801313400268555 54544 0
0.4379260540008545 0.2120680809020996 53699 0
0.45002102851867676 0.20040464401245117 55404 0
0.4465341567993164 0.13233566284179688 50167 0
0.45290470123291016 0.11672544479370117 52301 0
0.44414544105529785 0.17143630981445312 52134 0
0.441295862197876 0.14511442184448242 52701 0
0.4286026954650879 0.17264509201049805 54014 0
0.4542253017425537 0.11826920509338379 52968 0
0.452650785446167 0.14073824882507324 53161 0
0.42119526863098145 0.1679854393005371 53912 0
0.43299269676208496 0.20107555389404297 54055 0
0.43366289138793945 0.20076632499694824 52460 0
0.4476196765899658 0.2073984146118164 52117 0
0.45874929428100586 0.1572582721710205 51741 0
0.4700155258178711 0.14234256744384766 52485 0
0.42533087730407715 0.14475011825561523 52164 0
0.46191906929016113 0.19513511657714844 52393 0
0.43669652938842773 0.1419816017150879 52848 0
0.4354524612426758 0.13874149322509766 52184 0
0.45630574226379395 0.13593840599060059 54517 0
0.45427751541137695 0.14347553253173828 54429 0
0.43808913230895996 0.18883967399597168 53533 0
0.4272303581237793 0.13631510734558105 53359 0
0.4514038562774658 0.17320775985717773 54380 0
0.44522738456726074 0.1766221523284912 53555 0
0.4403712749481201 0.15917134284973145 53182 0
0.4453091621398926 0.13191771507263184 52130 0
0.45148468017578125 0.14690923690795898 53088 0
0.44230127334594727 0.20065689086914062 52202 0
0.481229305267334 0.16056013107299805 53763 0
0.4357478618621826 0.15469837188720703 54303 0
0.41039538383483887 0.15618443489074707 52122 0
0.44302845001220703 0.13177824020385742 52338 0
0.44854259490966797 0.20405292510986328 52682 0
0.43854355812072754 0.1355748176574707 53315 0
0.43561863899230957 0.1411116123199463 51296 0
0.44597935676574707 0.14420723915100098 52525 0
0.45697975158691406 0.15327072143554688 52115 0
0.46367311477661133 0.13730072975158691 51643 0
0.4342772960662842 0.12066817283630371 52187 0
0.44992971420288086 0.12936162948608398 52983 0
0.44509363174438477 0.17272472381591797 52513 0
0.4419889450073242 0.14202308654785156 52743 0
0.456620454788208 0.1255040168762207 52276 0
0.4598197937011719 0.13817572593688965 51992 0
0.4326591491699219 0.1521153450012207 51988 0
0.4313931465148926 0.1386396884918213 51107 0
0.43528151512145996 0.15407443046569824 50828 0
0.42006707191467285 0.14560222625732422 51471 0
0.43915414810180664 0.15103745460510254 50485 0
0.4428365230560303 0.1470932960510254 51130 0
0.4521663188934326 0.17832541465759277 51876 0
0.43695592880249023 0.15571188926696777 51745 0
0.4657878875732422 0.14910507202148438 51985 0
0.4520704746246338 0.13229060173034668 51704 0
0.4478945732116699 0.1469881534576416 52334 0
0.4520297050476074 0.1396174430847168 52501 0
0.43506360054016113 0.16827011108398438 51999 0
0.4351315498352051 0.13965702056884766 52866 0
0.43849730491638184 0.14500117301940918 52753 0
0.4239072799682617 0.14036989212036133 52060 0
0.45730161666870117 0.12875652313232422 52672 0
0.42908787727355957 0.13859891891479492 52796 0
0.43326640129089355 0.1611013412475586 52325 0
0.47873997688293457 0.1333174705505371 50174 0
0.42765069007873535 0.13010525703430176 54422 0
0.4507408142089844 0.15377259254455566 54729 0
0.44680285453796387 0.1399083137512207 54171 0
0.4464597702026367 0.15196681022644043 54864 0
0.447737455368042 0.14701318740844727 56098 0
0.45972466468811035 0.13318133354187012 55546 0
0.4383833408355713 0.1343400478363037 55657 0
0.45113658905029297 0.14039301872253418 55853 0
0.41580891609191895 0.16341805458068848 55949 0
0.4633769989013672 0.12679529190063477 51076 0
0.44510364532470703 0.13992834091186523 49626 0
0.4549238681793213 0.13018536567687988 55146 0
0.4717879295349121 0.17638278007507324 58639 0
0.499208927154541 0.17999863624572754 53026 0
0.42783117294311523 0.14983057975769043 55841 0
0.41352057456970215 0.13885712623596191 52606 0
0.4438962936401367 0.13902878761291504 51955 0
0.42920637130737305 0.1276991367340088 52043 0
0.4416024684906006 0.13993358612060547 53208 0
0.44156980514526367 0.14093875885009766 53871 0
0.44068169593811035 0.17227745056152344 52945 0
0.44158244132995605 0.1787278652191162 54469 0
0.43247056007385254 0.13457632064819336 54372 0
0.4532637596130371 0.14735984802246094 51127 0
0.44970107078552246 0.12712740898132324 55955 0
0.4611973762512207 0.15098118782043457 54727 0
0.42774462699890137 0.12920641899108887 54178 0
0.450563907623291 0.13913345336914062 56455 0
0.44324374198913574 0.18775296211242676 57145 0
0.45445990562438965 0.12781143188476562 50792 0
0.4529109001159668 0.1445772647857666 57347 0
0.4203782081604004 0.12521123886108398 57650 0
0.42078065872192383 0.1268019676208496 58608 0
0.45810508728027344 0.14786958694458008 57556 0
0.4680337905883789 0.18143534660339355 57846 0
0.42032408714294434 0.1359395980834961 57793 0
0.4522261619567871 0.1957852840423584 58453 0
0.44170331954956055 0.20013880729675293 56854 0
0.4507627487182617 0.12968134880065918 57878 0
0.44276928901672363 0.1355879306793213 59281 0
0.4238288402557373 0.14532160758972168 57924 0
0.45041966438293457 0.1708240509033203 57145 0
0.4409525394439697 0.14855670928955078 56797 0
0.4608187675476074 0.13926458358764648 56388 0
0.4312553405761719 0.16192030906677246 56245 0
0.41633033752441406 0.15691089630126953 56816 0
0.4505136013031006 0.22350764274597168 56163 0
0.4473145008087158 0.1574857234954834 56390 0
0.42626118659973145 0.13938593864440918 56962 0
0.43318772315979004 0.15300607681274414 56911 0
0.44261693954467773 0.20191407203674316 55170 0
0.42881107330322266 0.14068341255187988 56775 0
0.4540548324584961 0.17376208305358887 56274 0
0.43790459632873535 0.1549053192138672 50699 0
0.455014705657959 0.13507676124572754 56897 0
0.4513230323791504 0.14643359184265137 54194 0
0.467205286026001 0.16383624076843262 53687 0
0.42522382736206055 0.13249993324279785 56905 0
0.445375919342041 0.1353309154510498 57569 0
0.45034098625183105 0.19639873504638672 51388 0
0.45139145851135254 0.18589472770690918 58036 0
0.4426689147949219 0.19926142692565918 56270 0
0.44961023330688477 0.1393280029296875 56855 0
0.4501495361328125 0.13784241676330566 56250 0
0.44843006134033203 0.1399080753326416 55782 0
0.45839357376098633 0.1323070526123047 55980 0
0.4380817413330078 0.18848824501037598 56345 0
0.47315144538879395 0.12352204322814941 56947 0
0.44933176040649414 0.15264177322387695 56892 0
0.42607808113098145 0.13730382919311523 56603 0
0.45610618591308594 0.21147942543029785 57187 0
0.43703126907348633 0.1531517505645752 56750 0
0.4593539237976074 0.14632439613342285 57938 0
0.43715763092041016 0.17483997344970703 56233 0
0.4409611225128174 0.16412687301635742 55821 0
0.3974919319152832 0.13834643363952637 56010 0
0.4397251605987549 0.1526787281036377 55951 0
0.3992123603820801 0.13104820251464844 57187 0
0.43259549140930176 0.1550295352935791 56781 0
0.46609067916870117 0.13916468620300293 57530 0
0.4659004211425781 0.1466352939605713 54840 0
0.45322704315185547 0.12341618537902832 57558 0
0.4474480152130127 0.14171838760375977 58612 0
0.4468083381652832 0.20184898376464844 52313 0
0.4493527412414551 0.12450814247131348 59344 0
0.4696619510650635 0.12023353576660156 58590 0
0.4644505977630615 0.15632367134094238 57247 0
0.46409106254577637 0.12292003631591797 59918 0
0.43573689460754395 0.17879343032836914 60334 0
0.4385030269622803 0.1394333839416504 56724 0
0.4732520580291748 0.1555631160736084 61301 0
0.4417557716369629 0.13895368576049805 60816 0
0.4403097629547119 0.20553135871887207 61450 0
0.4740431308746338 0.12259078025817871 60125 0
0.4619622230529785 0.14034485816955566 58500 0
0.46521520614624023 0.1405191421508789 57770 0
0.45586276054382324 0.14159536361694336 57413 0
0.44753432273864746 0.14174652099609375 57186 0
0.4518909454345703 0.13109970092773438 57318 0
0.45000505447387695 0.1498255729675293 56982 0
0.4452519416809082 0.12686657905578613 56372 0
0.45212864875793457 0.12334799766540527 57109 0
0.446763277053833 0.12614917755126953 55554 0
0.4638242721557617 0.13982915878295898 55524 0
0.433624267578125 0.15760207176208496 54538 0
0.4692707061767578 0.14833784103393555 56385 0
0.4244873523712158 0.14205145835876465 56475 0
0.4736206531524658 0.1497969627380371 55975 0
0.4463803768157959 0.13729262351989746 54715 0
0.41221189498901367 0.13996458053588867 53862 0
0.4532015323638916 0.1586465835571289 54543 0
0.44735074043273926 0.1364574432373047 54623 0
0.446502685546875 0.1326136589050293 54241 0
0.4500162601470947 0.13597559928894043 55018 0
0.47121381759643555 0.13689661026000977 53489 0
0.44262027740478516 0.13809609413146973 54467 0
0.4305133819580078 0.17573189735412598 53836 0
0.43651747703552246 0.13441824913024902 54022 0
0.44409728050231934 0.1501326560974121 53498 0
0.4413490295410156 0.12689685821533203 54274 0
0.4311251640319824 0.1392381191253662 53838 0
0.44487571716308594 0.1378626823425293 54992 0
0.4623532295227051 0.14528751373291016 54400 0
