0.1040349006652832 0.014528274536132812 984374 0
0.10546255111694336 0.012949228286743164 986359 0
0.10772943496704102 0.014898300170898438 985684 0
0.10790562629699707 0.01484823226928711 986236 0
0.10668063163757324 0.014708995819091797 986607 0
0.10839438438415527 0.014173746109008789 986541 0
0.11211228370666504 0.01444554328918457 986640 0
0.10550379753112793 0.013933897018432617 986197 0
0.10276174545288086 0.014179468154907227 986130 0
0.10925030708312988 0.014786243438720703 986569 0
0.10272884368896484 0.014018535614013672 985722 0
0.10246396064758301 0.01405191421508789 986801 0
0.10604262351989746 0.013839960098266602 986667 0
0.1051628589630127 0.01684260368347168 986007 0
0.10986661911010742 0.014814376831054688 986316 0
0.10773301124572754 0.013288259506225586 987309 0
0.10792207717895508 0.014483213424682617 986458 0
0.10419178009033203 0.014316797256469727 986535 0
0.10289716720581055 0.01386117935180664 987575 0
0.1079411506652832 0.01444554328918457 986883 0
0.11240315437316895 0.013318538665771484 987170 0
0.10326027870178223 0.014294862747192383 987274 0
0.1044626235961914 0.013274908065795898 986804 0
0.10539698600769043 0.01388406753540039 986822 0
0.11047220230102539 0.014930248260498047 986834 0
0.10641026496887207 0.013906478881835938 986996 0
0.10231566429138184 0.013718605041503906 986967 0
0.10796761512756348 0.013977527618408203 987307 0
0.10651874542236328 0.015110015869140625 987673 0
0.11041998863220215 0.013703107833862305 987781 0
0.10548663139343262 0.013575315475463867 987237 0
0.10317134857177734 0.013803243637084961 987677 0
0.10428309440612793 0.014421463012695312 987798 0
0.10325074195861816 0.013950109481811523 987218 0
0.11275601387023926 0.013921260833740234 987156 0
0.1030583381652832 0.014045953750610352 987504 0
0.1104888916015625 0.013889789581298828 987493 0
0.11012005805969238 0.014375925064086914 986979 0
0.10720372200012207 0.014644861221313477 987238 0
0.10883307456970215 0.014719486236572266 986968 0
0.10860371589660645 0.01399540901184082 987400 0
0.10446691513061523 0.013739347457885742 987482 0
0.10890626907348633 0.013796567916870117 987264 0
0.10505080223083496 0.014069557189941406 987705 0
0.10368895530700684 0.014312267303466797 988181 0
0.11288738250732422 0.01517343521118164 988048 0
0.10320377349853516 0.013765096664428711 988734 0
0.10523486137390137 0.013396501541137695 988632 0
0.11326193809509277 0.01388859748840332 988273 0
0.11200380325317383 0.014789819717407227 987786 0
0.10405802726745605 0.0144805908203125 987624 0
0.10455727577209473 0.014032363891601562 987431 0
0.10959768295288086 0.013081550598144531 987484 0
0.1039729118347168 0.013712167739868164 987780 0
0.1121668815612793 0.015054464340209961 987884 0
0.1034703254699707 0.013808488845825195 988465 0
0.10404014587402344 0.013709306716918945 988375 0
0.10910534858703613 0.013219356536865234 988163 0
0.10802817344665527 0.013296365737915039 987805 0
0.10368680953979492 0.013723134994506836 988239 0
0.10353517532348633 0.014310598373413086 987307 0
0.10739612579345703 0.014072418212890625 986867 0
0.10181546211242676 0.014039993286132812 986900 0
0.10839581489562988 0.015198945999145508 986502 0
0.11070775985717773 0.014654874801635742 986408 0
0.11004352569580078 0.014790773391723633 986466 0
0.10475730895996094 0.014446020126342773 985862 0
0.10934162139892578 0.01280522346496582 985946 0
0.10883045196533203 0.014510154724121094 985601 0
0.11172604560852051 0.014997243881225586 984915 0
0.10942530632019043 0.01478886604309082 985324 0
0.10296320915222168 0.013713598251342773 985144 0
0.11458277702331543 0.01469278335571289 985055 0
0.11287069320678711 0.014373540878295898 984911 0
0.11076164245605469 0.014064550399780273 985233 0
0.11675405502319336 0.014518976211547852 985360 0
0.10455536842346191 0.012797355651855469 985024 0
0.11317563056945801 0.013945817947387695 985507 0
0.10639238357543945 0.012880325317382812 985333 0
0.11077427864074707 0.015143394470214844 984838 0
0.10816454887390137 0.013404607772827148 985251 0
0.10468912124633789 0.014541149139404297 987697 0
0.10345649719238281 0.013905048370361328 986178 0
0.10624027252197266 0.014692068099975586 986656 0
0.10660910606384277 0.013564586639404297 987606 0
0.10744357109069824 0.014066219329833984 987342 0
0.11205315589904785 0.014085054397583008 987830 0
0.1071786880493164 0.013506174087524414 987450 0
0.10967683792114258 0.01370692253112793 987342 0
0.1098473072052002 0.013303041458129883 987533 0
0.10471367835998535 0.013875961303710938 987689 0
0.10461115837097168 0.01477670669555664 987774 0
0.10974240303039551 0.013769865036010742 988188 0
0.11723780632019043 0.015479087829589844 987808 0
0.1077432632446289 0.013911008834838867 987779 0
0.10372376441955566 0.014503955841064453 988313 0
0.10556602478027344 0.013937950134277344 988537 0
0.10717320442199707 0.013271331787109375 988664 0
0.10522103309631348 0.014333486557006836 988959 0
0.10203957557678223 0.013918638229370117 989159 0
0.11007547378540039 0.015136241912841797 988613 0
0.10492086410522461 0.014586210250854492 988867 0
0.10891604423522949 0.012860774993896484 988483 0
0.10525631904602051 0.015607118606567383 988240 0
0.10535097122192383 0.012798786163330078 988651 0
0.10321640968322754 0.013685941696166992 988033 0
0.10504436492919922 0.01423501968383789 988335 0
0.10605883598327637 0.013623714447021484 988994 0
0.10521721839904785 0.013780355453491211 988429 0
0.11510992050170898 0.015069246292114258 988399 0
0.10835003852844238 0.012955665588378906 988146 0
0.1126711368560791 0.015466451644897461 988488 0
0.10872387886047363 0.013866662979125977 988280 0
0.10887503623962402 0.014950037002563477 988073 0
0.10338258743286133 0.013692378997802734 988029 0
0.10208892822265625 0.014686346054077148 988369 0
0.10985636711120605 0.014721393585205078 988815 0
0.10832357406616211 0.014577388763427734 988406 0
0.1073918342590332 0.01879262924194336 988845 0
0.10369729995727539 0.01286172866821289 988474 0
0.10378289222717285 0.014001607894897461 987473 0
0.10783886909484863 0.013493537902832031 988098 0
0.10274624824523926 0.014003753662109375 988661 0
0.10715436935424805 0.014421224594116211 988462 0
0.10650014877319336 0.014875650405883789 987428 0
0.11589431762695312 0.01484823226928711 989323 0
0.10492849349975586 0.013946056365966797 988312 0
0.1026458740234375 0.013833045959472656 988841 0
0.10421991348266602 0.01411581039428711 989214 0
0.10250997543334961 0.013744115829467773 989086 0
0.10886979103088379 0.01406407356262207 989606 0
0.1082608699798584 0.014550209045410156 989850 0
0.1102151870727539 0.014754295349121094 989441 0
0.1053764820098877 0.014197826385498047 989403 0
0.10220885276794434 0.013887405395507812 990115 0
0.10309052467346191 0.013623714447021484 989826 0
0.10443782806396484 0.014525651931762695 990140 0
0.1035010814666748 0.014450550079345703 990777 0
0.10601234436035156 0.01405191421508789 989902 0
0.10621333122253418 0.01462411880493164 990655 0
0.11031985282897949 0.014096498489379883 991224 0
0.10791993141174316 0.014816045761108398 991122 0
0.1021280288696289 0.013917922973632812 990820 0
0.10226655006408691 0.013880014419555664 991219 0
0.10681533813476562 0.01416158676147461 990753 0
0.11001801490783691 0.012787103652954102 991081 0
0.10448575019836426 0.01452779769897461 991079 0
0.10938191413879395 0.013864517211914062 991619 0
0.11303472518920898 0.014894962310791016 991010 0
0.10903811454772949 0.013935565948486328 992038 0
0.10924768447875977 0.014392614364624023 991002 0
0.10230207443237305 0.013946294784545898 991382 0
0.10207676887512207 0.012939929962158203 992091 0
0.10182929039001465 0.014187812805175781 991486 0
0.1035761833190918 0.013540506362915039 991747 0
0.10689473152160645 0.01365518569946289 991796 0
0.10100460052490234 0.013805866241455078 991803 0
0.10324764251708984 0.013659954071044922 991940 0
0.10327863693237305 0.013191461563110352 992327 0
0.11141610145568848 0.015178442001342773 991625 0
0.10570096969604492 0.014213323593139648 991983 0
0.1033620834350586 0.01392054557800293 992691 0
0.10290002822875977 0.01408076286315918 991431 0
0.10793209075927734 0.012862443923950195 991478 0
0.11461186408996582 0.014619827270507812 994023 0
0.10686945915222168 0.015135049819946289 993229 0
0.10328817367553711 0.014508247375488281 992384 0
0.10799121856689453 0.01395559310913086 994324 0
0.10420656204223633 0.014504671096801758 992685 0
0.10355877876281738 0.012866497039794922 993666 0
0.10239171981811523 0.01410531997680664 994923 0
0.11431026458740234 0.013623237609863281 993833 0
0.10707688331604004 0.014810323715209961 993907 0
0.10562825202941895 0.01428675651550293 994308 0
0.10514330863952637 0.013872385025024414 993129 0
0.10555410385131836 0.015178442001342773 993488 0
0.10290956497192383 0.013192415237426758 992968 0
0.10936808586120605 0.01365351676940918 992493 0
0.10889077186584473 0.01528787612915039 992584 0
0.10777902603149414 0.01426243782043457 992764 0
0.10384988784790039 0.0162203311920166 991510 0
0.10210776329040527 0.014235973358154297 990788 0
0.1025543212890625 0.014003753662109375 991525 0
0.10367798805236816 0.01402425765991211 990415 0
0.10531139373779297 0.014207601547241211 990832 0
0.1054375171661377 0.013799428939819336 991610 0
0.10923624038696289 0.0129241943359375 991199 0
0.10790276527404785 0.014360427856445312 990794 0
0.10872316360473633 0.014295578002929688 991072 0
0.10451650619506836 0.014725446701049805 991029 0
0.10466265678405762 0.013861894607543945 990480 0
0.10287642478942871 0.014573335647583008 990804 0
0.1035151481628418 0.013442039489746094 990896 0
0.10547804832458496 0.013978958129882812 990062 0
0.10822319984436035 0.014394998550415039 990625 0
0.10414361953735352 0.01389169692993164 989706 0
0.10837650299072266 0.014980792999267578 989291 0
0.1036522388458252 0.013748407363891602 989750 0
0.10574865341186523 0.014237403869628906 988037 0
0.11023378372192383 0.014008522033691406 988534 0
0.11078619956970215 0.013488531112670898 984298 0
0.10663414001464844 0.014277219772338867 983554 0
0.10759878158569336 0.014268159866333008 983722 0
0.11010026931762695 0.013382911682128906 983682 0
0.10587716102600098 0.014048576354980469 984280 0
0.10289859771728516 0.014057159423828125 984965 0
0.1109929084777832 0.0153350830078125 985009 0
0.10563278198242188 0.014346599578857422 984600 0
0.10426568984985352 0.012992620468139648 985362 0
0.10738849639892578 0.013142108917236328 985196 0
0.11504054069519043 0.014671087265014648 985394 0
0.10489654541015625 0.01450800895690918 985057 0
0.10771536827087402 0.014045476913452148 984561 0
0.10789775848388672 0.01367330551147461 984850 0
0.1060483455657959 0.013712644577026367 984783 0
0.10656929016113281 0.014235496520996094 984419 0
0.10682988166809082 0.013514041900634766 984518 0
0.10501837730407715 0.013479948043823242 985434 0
0.106536865234375 0.014237403869628906 985703 0
0.11468267440795898 0.01483011245727539 985705 0
0.10421037673950195 0.014140129089355469 985946 0
0.10777783393859863 0.012765169143676758 985274 0
0.10683441162109375 0.014951705932617188 985412 0
0.11109089851379395 0.013687849044799805 985859 0
0.1110525131225586 0.01379084587097168 985486 0
0.10674500465393066 0.014032125473022461 985662 0
0.11636495590209961 0.014866352081298828 985558 0
0.10760974884033203 0.013033390045166016 985658 0
0.11122512817382812 0.015003681182861328 985366 0
0.1054527759552002 0.014472007751464844 985455 0
0.10640788078308105 0.014381647109985352 984968 0
0.1031332015991211 0.013639211654663086 984564 0
0.10710620880126953 0.01447916030883789 985097 0
0.10492348670959473 0.013775110244750977 985387 0
0.1048424243927002 0.013817310333251953 986043 0
0.11297845840454102 0.014670848846435547 985934 0
0.10564088821411133 0.01436305046081543 985665 0
0.10542416572570801 0.013961553573608398 985523 0
0.11080408096313477 0.01381683349609375 985601 0
0.10299205780029297 0.013576745986938477 984973 0
0.10450315475463867 0.013878822326660156 985092 0
0.1100618839263916 0.013280391693115234 985307 0
0.11525297164916992 0.014632225036621094 984908 0
0.10607218742370605 0.014914751052856445 984581 0
0.10480475425720215 0.013734102249145508 984287 0
0.10763335227966309 0.013939857482910156 983896 0
0.1056523323059082 0.012891769409179688 984184 0
0.10419273376464844 0.013724565505981445 984449 0
0.10847711563110352 0.013803958892822266 984493 0
0.10555052757263184 0.014079093933105469 984727 0
0.11030817031860352 0.013518333435058594 984629 0
0.11739349365234375 0.01501011848449707 984309 0
0.1048271656036377 0.013361930847167969 984376 0
0.1106877326965332 0.015405893325805664 984705 0
0.1072993278503418 0.012961387634277344 983919 0
0.10451173782348633 0.013781070709228516 984486 0
0.10869836807250977 0.01401662826538086 984791 0
0.10462260246276855 0.013715505599975586 984528 0
0.10464048385620117 0.014091253280639648 983904 0
0.10850334167480469 0.01457524299621582 983912 0
0.10944223403930664 0.014260530471801758 983493 0
0.1067955493927002 0.012928485870361328 983734 0
0.10598373413085938 0.014203786849975586 983794 0
0.1060328483581543 0.015422582626342773 983718 0
0.1042780876159668 0.014128446578979492 983847 0
0.10633587837219238 0.01387166976928711 984642 0
0.11134052276611328 0.014265060424804688 984152 0
0.11217164993286133 0.013701915740966797 984218 0
0.10397815704345703 0.014270544052124023 984274 0
0.10891246795654297 0.014455080032348633 983772 0
0.10947418212890625 0.015325069427490234 983464 0
0.10376429557800293 0.013993024826049805 984262 0
0.1134946346282959 0.01394510269165039 983524 0
0.1062471866607666 0.014072179794311523 983431 0
0.11459755897521973 0.015211343765258789 983561 0
0.11255860328674316 0.014024496078491211 983499 0
0.11800765991210938 0.01471710205078125 984284 0
0.10818195343017578 0.014399290084838867 984104 0
0.11251020431518555 0.014767885208129883 984296 0
0.10751199722290039 0.014284849166870117 984466 0
0.10610103607177734 0.013473272323608398 984312 0
0.1142728328704834 0.013871192932128906 984240 0
0.10547924041748047 0.014119625091552734 984833 0
0.1105036735534668 0.012907028198242188 984729 0
0.1091146469116211 0.013100862503051758 984763 0
0.1110832691192627 0.014474630355834961 985132 0
0.1051340103149414 0.014072418212890625 984873 0
0.10580253601074219 0.015358209609985352 985217 0
0.10670304298400879 0.01340341567993164 984760 0
0.1051933765411377 0.013891458511352539 984556 0
0.11171722412109375 0.013565778732299805 984326 0
0.10916590690612793 0.015287637710571289 984439 0
0.10578441619873047 0.013559579849243164 983827 0
0.11261320114135742 0.014830827713012695 983648 0
0.11330008506774902 0.014797210693359375 984032 0
0.10643839836120605 0.014389276504516602 984292 0
0.11282730102539062 0.014415264129638672 984605 0
0.10605549812316895 0.013357877731323242 985319 0
0.10835814476013184 0.014321565628051758 984939 0
0.11260271072387695 0.01384425163269043 984974 0
0.10404205322265625 0.014345645904541016 985823 0
0.10977363586425781 0.013710737228393555 985050 0
0.11057591438293457 0.013651132583618164 985088 0
0.10574054718017578 0.012779712677001953 985501 0
0.10372185707092285 0.01384115219116211 985434 0
0.1095128059387207 0.012762308120727539 985047 0
0.10931181907653809 0.014419078826904297 985365 0
0.10480523109436035 0.013688087463378906 984655 0
0.10438895225524902 0.013844013214111328 984780 0
0.10795140266418457 0.01392507553100586 984607 0
0.10730576515197754 0.013831853866577148 984409 0
0.10524964332580566 0.01486659049987793 984306 0
0.1133127212524414 0.014063596725463867 985144 0
0.10485267639160156 0.01379847526550293 984998 0
0.10457849502563477 0.01412653923034668 985041 0
0.11145853996276855 0.014025211334228516 985633 0
0.10990500450134277 0.014141321182250977 985216 0
0.1049652099609375 0.012766838073730469 985209 0
0.10446476936340332 0.013737916946411133 984971 0
0.10950827598571777 0.013673067092895508 984248 0
0.11119341850280762 0.01417231559753418 984548 0
0.11214375495910645 0.014226198196411133 984666 0
0.1094808578491211 0.013792276382446289 984750 0
0.10916876792907715 0.01502227783203125 984398 0
0.11675238609313965 0.014858007431030273 984522 0
0.10781383514404297 0.014973163604736328 983678 0
0.10516357421875 0.014011859893798828 984192 0
0.10452151298522949 0.0135955810546875 984174 0
0.1064460277557373 0.0141754150390625 983642 0
0.11179780960083008 0.014559030532836914 983776 0
0.10750579833984375 0.014060497283935547 983590 0
0.11063766479492188 0.01403188705444336 983784 0
0.10729527473449707 0.01450657844543457 984144 0
0.11071252822875977 0.014579296112060547 984303 0
0.1123955249786377 0.014219045639038086 983892 0
0.10383987426757812 0.014045953750610352 984096 0
0.10676026344299316 0.013486623764038086 984561 0
0.10760927200317383 0.014039754867553711 984284 0
0.11461281776428223 0.015090227127075195 984281 0
0.1048135757446289 0.013240814208984375 984370 0
0.1137697696685791 0.016043663024902344 984349 0
0.10600113868713379 0.014395713806152344 984324 0
0.10747146606445312 0.015217065811157227 983875 0
0.10382485389709473 0.014557123184204102 983651 0
0.10675930976867676 0.013678312301635742 983760 0
0.10620546340942383 0.013882875442504883 984421 0
0.10702800750732422 0.013142824172973633 984162 0
0.1156013011932373 0.01415109634399414 984153 0
0.11011171340942383 0.014890670776367188 984145 0
0.11212301254272461 0.014249801635742188 983845 0
0.10796141624450684 0.015348434448242188 983519 0
0.10874056816101074 0.014358997344970703 983518 0
0.1109161376953125 0.013447761535644531 983300 0
0.10926294326782227 0.015196800231933594 982873 0
0.10526657104492188 0.014179468154907227 983488 0
0.10713720321655273 0.013859033584594727 983511 0
0.11855411529541016 0.015362977981567383 983083 0
0.10472416877746582 0.013970375061035156 982805 0
0.10803961753845215 0.014664411544799805 982243 0
0.1045980453491211 0.014101743698120117 982181 0
0.1130075454711914 0.015079021453857422 981927 0
0.10656523704528809 0.012804269790649414 982561 0
0.1072843074798584 0.014178991317749023 982353 0
0.1069955825805664 0.01452016830444336 984910 0
0.11149811744689941 0.013839006423950195 984938 0
0.11141824722290039 0.014208555221557617 985014 0
0.10907387733459473 0.01293039321899414 985636 0
0.11336493492126465 0.014947891235351562 984397 0
0.11118245124816895 0.01377415657043457 984446 0
0.10704803466796875 0.013884305953979492 984627 0
0.10545611381530762 0.01409602165222168 983709 0
0.10654759407043457 0.014571905136108398 983192 0
0.10496377944946289 0.013825654983520508 984106 0
0.10549259185791016 0.013888120651245117 983718 0
0.11794090270996094 0.015114068984985352 984409 0
0.10541057586669922 0.014193058013916016 985393 0
0.11129260063171387 0.014345645904541016 985500 0
0.10475802421569824 0.014041662216186523 985389 0
0.1041879653930664 0.014005184173583984 985710 0
0.10550045967102051 0.014129400253295898 985527 0
0.1052706241607666 0.014049291610717773 985396 0
0.10900163650512695 0.013933658599853516 985652 0
0.10760617256164551 0.013703107833862305 985073 0
0.10557103157043457 0.01413726806640625 985762 0
0.10541558265686035 0.01375126838684082 985752 0
0.10487699508666992 0.013701677322387695 985949 0
0.10647153854370117 0.013854742050170898 985907 0
0.11095786094665527 0.014788150787353516 986682 0
0.10958003997802734 0.013762474060058594 985934 0
0.11004114151000977 0.014267921447753906 985198 0
0.11024808883666992 0.014697790145874023 985852 0
0.10923123359680176 0.014068365097045898 984936 0
0.10665178298950195 0.013902902603149414 985371 0
0.10294938087463379 0.013881206512451172 985499 0
0.1075291633605957 0.013794898986816406 984476 0
0.10431456565856934 0.01421666145324707 985154 0
0.10601282119750977 0.012841224670410156 984660 0
0.11399459838867188 0.015035152435302734 984294 0
0.10701584815979004 0.014077186584472656 984367 0
0.10423946380615234 0.014111042022705078 984565 0
0.10305523872375488 0.013962507247924805 981037 0
0.102386474609375 0.014667749404907227 981925 0
0.11198186874389648 0.014083623886108398 979618 0
0.11250066757202148 0.013804912567138672 980489 0
0.10301375389099121 0.013085603713989258 981163 0
0.10395336151123047 0.013790130615234375 980182 0
0.10865259170532227 0.01471567153930664 980014 0
0.10623311996459961 0.014547586441040039 981614 0
0.10412192344665527 0.014072895050048828 980916 0
0.10304522514343262 0.014039754867553711 980661 0
0.10426211357116699 0.013790369033813477 980951 0
0.10421538352966309 0.014438152313232422 979696 0
0.10365128517150879 0.014578819274902344 979492 0
0.11685824394226074 0.013959646224975586 979262 0
0.10426712036132812 0.013941526412963867 977185 0
0.10774683952331543 0.013876676559448242 976773 0
0.10505175590515137 0.01424098014831543 977501 0
0.10158371925354004 0.013873100280761719 976027 0
0.10236287117004395 0.014010429382324219 976013 0
0.11241388320922852 0.014846086502075195 977371 0
0.10901737213134766 0.014065265655517578 976467 0
0.10196137428283691 0.013785600662231445 976942 0
0.10507798194885254 0.01391148567199707 977997 0
0.10324764251708984 0.014402389526367188 976083 0
0.10332417488098145 0.014598369598388672 976667 0
0.10889387130737305 0.013927698135375977 977076 0
0.10190725326538086 0.013683319091796875 975347 0
0.1092686653137207 0.013832569122314453 975169 0
0.10822415351867676 0.013036489486694336 977367 0
0.10853862762451172 0.015304088592529297 975711 0
0.11174678802490234 0.014501333236694336 976977 0
0.10263800621032715 0.014117956161499023 977307 0
0.10853028297424316 0.014129161834716797 977648 0
0.10424113273620605 0.013401269912719727 977419 0
0.10971832275390625 0.01459503173828125 978546 0
0.10238456726074219 0.014045476913452148 978018 0
0.10398626327514648 0.018856048583984375 978565 0
0.10252904891967773 0.013855218887329102 979082 0
0.10249853134155273 0.014243364334106445 978268 0
0.10785031318664551 0.012935638427734375 978102 0
0.10406637191772461 0.013944387435913086 980213 0
0.10369753837585449 0.014046669006347656 978797 0
0.10896158218383789 0.014365911483764648 978578 0
0.11170578002929688 0.014374017715454102 979949 0
0.10234951972961426 0.013955116271972656 978725 0
0.10445213317871094 0.014877557754516602 978918 0
0.1018514633178711 0.013969182968139648 979387 0
0.10277128219604492 0.013888120651245117 978200 0
0.10283207893371582 0.013730525970458984 978596 0
0.10247492790222168 0.014147520065307617 979548 0
0.11130094528198242 0.015274286270141602 979052 0
0.10414838790893555 0.013640642166137695 979092 0
0.10174918174743652 0.014012336730957031 979464 0
0.10862398147583008 0.0143585205078125 978476 0
0.1025247573852539 0.01485753059387207 978469 0
0.10959029197692871 0.013942480087280273 979292 0
0.10326671600341797 0.013727903366088867 978022 0
0.10894083976745605 0.013996362686157227 978471 0
0.10510659217834473 0.01451253890991211 978701 0
0.10259175300598145 0.014062643051147461 978346 0
0.1030893325805664 0.013836145401000977 978057 0
0.10718965530395508 0.014358997344970703 979627 0
0.10765552520751953 0.014397621154785156 978111 0
0.10378289222717285 0.01414942741394043 978057 0
0.1019277572631836 0.014360427856445312 978690 0
0.10431981086730957 0.015072345733642578 977945 0
0.11155581474304199 0.01454925537109375 978191 0
0.10201573371887207 0.014150381088256836 978667 0
0.10393524169921875 0.014494657516479492 978625 0
0.10405206680297852 0.01372218132019043 978548 0
0.10812044143676758 0.01274728775024414 979127 0
0.11097478866577148 0.014540910720825195 977777 0
0.10960841178894043 0.012909650802612305 977706 0
0.10767817497253418 0.013604164123535156 978937 0
0.10243058204650879 0.01400446891784668 977890 0
0.10206174850463867 0.013826847076416016 978057 0
0.10499405860900879 0.013994932174682617 978430 0
0.10190725326538086 0.013579368591308594 977626 0
0.10769939422607422 0.014630794525146484 977748 0
0.10417366027832031 0.01360630989074707 977962 0
0.1033928394317627 0.013892412185668945 977976 0
0.10505032539367676 0.01435708999633789 977633 0
0.10279703140258789 0.014265060424804688 977143 0
0.10801339149475098 0.013926982879638672 976398 0
0.10521793365478516 0.014247417449951172 977180 0
0.11027169227600098 0.013956069946289062 976694 0
0.10331273078918457 0.013696908950805664 975576 0
0.1106119155883789 0.014374256134033203 975163 0
0.10572075843811035 0.013385772705078125 976035 0
0.10938763618469238 0.01346445083618164 975077 0
0.10316348075866699 0.014081478118896484 974610 0
0.10359716415405273 0.013753652572631836 975156 0
0.1024322509765625 0.013872623443603516 974286 0
0.11179709434509277 0.015069246292114258 974194 0
0.10403633117675781 0.01351022720336914 974696 0
0.10224533081054688 0.013564586639404297 973724 0
0.11578226089477539 0.014542818069458008 974215 0
0.10557985305786133 0.014134883880615234 973930 0
0.10396814346313477 0.013851642608642578 973121 0
0.1050560474395752 0.012656688690185547 973379 0
0.1025991439819336 0.013917684555053711 973881 0
0.11043477058410645 0.01389932632446289 972805 0
0.10327410697937012 0.014346837997436523 972668 0
0.1036825180053711 0.014902353286743164 972777 0
0.10472512245178223 0.014190196990966797 971659 0
0.11432051658630371 0.014643669128417969 971125 0
0.112335205078125 0.014719247817993164 972225 0
0.10329079627990723 0.01427602767944336 971802 0
0.10221648216247559 0.013941287994384766 972372 0
0.10199570655822754 0.014054298400878906 972532 0
0.104339599609375 0.013691902160644531 972040 0
0.11115646362304688 0.014426946640014648 972682 0
0.10809564590454102 0.013031721115112305 972373 0
0.10345268249511719 0.01309514045715332 971992 0
0.10460758209228516 0.013943910598754883 972322 0
0.10527992248535156 0.015175580978393555 973678 0
0.10439491271972656 0.014496803283691406 972652 0
0.10522890090942383 0.014352083206176758 972079 0
0.10699772834777832 0.015104293823242188 972655 0
0.10302138328552246 0.013702154159545898 971518 0
0.10369539260864258 0.014755964279174805 971866 0
0.1052098274230957 0.016754865646362305 972421 0
0.10510826110839844 0.013983011245727539 971124 0
0.10410356521606445 0.013042211532592773 971620 0
0.10669374465942383 0.014335393905639648 972387 0
0.10236763954162598 0.013722896575927734 971462 0
0.10426640510559082 0.014876604080200195 971528 0
0.10564398765563965 0.013671159744262695 972608 0
0.11202144622802734 0.013793230056762695 970640 0
0.10403943061828613 0.013669490814208984 971227 0
0.10684394836425781 0.01385641098022461 971405 0
0.10578370094299316 0.014507293701171875 970937 0
0.10840082168579102 0.014548540115356445 970596 0
0.10708022117614746 0.013855695724487305 971401 0
0.11223340034484863 0.014349222183227539 970521 0
0.10471892356872559 0.012944459915161133 970385 0
0.10401725769042969 0.012802362442016602 971045 0
0.10722184181213379 0.016308307647705078 970493 0
0.1024167537689209 0.013718128204345703 970652 0
0.10884284973144531 0.014506340026855469 971487 0
0.10869884490966797 0.014287948608398438 970437 0
0.11074709892272949 0.014948844909667969 970914 0
0.1085042953491211 0.014693021774291992 971160 0
0.10336112976074219 0.01362299919128418 970898 0
0.10823464393615723 0.013980865478515625 969827 0
0.1031038761138916 0.013899803161621094 971027 0
0.10374641418457031 0.013745546340942383 970529 0
0.1022181510925293 0.013602256774902344 970620 0
0.10834860801696777 0.014090538024902344 971334 0
0.11017990112304688 0.012643575668334961 971473 0
0.10966014862060547 0.013985872268676758 971915 0
0.11566877365112305 0.014951705932617188 970750 0
0.10555100440979004 0.014867305755615234 971455 0
0.10736083984375 0.015549421310424805 972163 0
0.10666894912719727 0.013564109802246094 971387 0
0.10709095001220703 0.013636350631713867 970585 0
0.10406923294067383 0.014255285263061523 971398 0
0.10355257987976074 0.013671636581420898 970841 0
0.10070037841796875 0.014593839645385742 975053 0
0.10317420959472656 0.014217615127563477 974741 0
0.10239577293395996 0.017971277236938477 974919 0
0.10248231887817383 0.014431476593017578 974648 0
0.10260438919067383 0.0139617919921875 974131 0
0.10953640937805176 0.012721538543701172 973851 0
0.10278654098510742 0.013812780380249023 974448 0
0.11030244827270508 0.015723705291748047 973870 0
0.1022195816040039 0.014431476593017578 973461 0
0.10910344123840332 0.013303995132446289 974400 0
0.1075289249420166 0.013942480087280273 973214 0
0.1044921875 0.014081716537475586 973582 0
0.10931229591369629 0.01472783088684082 973825 0
0.10305070877075195 0.013664007186889648 972817 0
0.10345602035522461 0.013856649398803711 972550 0
0.10192179679870605 0.014338970184326172 972640 0
0.10751557350158691 0.013042688369750977 971696 0
0.1052854061126709 0.01422119140625 972312 0
0.10477876663208008 0.014367103576660156 972253 0
0.10965132713317871 0.01499032974243164 971300 0
0.10587573051452637 0.013812065124511719 971694 0
0.1103811264038086 0.013773679733276367 972775 0
0.10575437545776367 0.012819766998291016 971704 0
0.11154007911682129 0.014037609100341797 971725 0
0.1109304428100586 0.01335453987121582 972932 0
0.11470770835876465 0.015233278274536133 972624 0
0.10753464698791504 0.015243053436279297 972621 0
0.10743236541748047 0.015105247497558594 973699 0
0.1044459342956543 0.013875246047973633 972483 0
0.1104733943939209 0.013327360153198242 972937 0
0.10315346717834473 0.014107465744018555 973897 0
0.10996389389038086 0.015112876892089844 973182 0
0.1106112003326416 0.013641834259033203 973558 0
0.10283517837524414 0.014385700225830078 974263 0
0.10770320892333984 0.014574289321899414 973292 0
0.10190939903259277 0.014076948165893555 973836 0
0.10555887222290039 0.01470184326171875 974678 0
0.10338282585144043 0.013792276382446289 973783 0
0.10345673561096191 0.013810873031616211 973718 0
0.11082267761230469 0.014603376388549805 975522 0
0.10494804382324219 0.013802289962768555 974463 0
0.10630321502685547 0.016718149185180664 974252 0
0.10423922538757324 0.012932300567626953 975533 0
0.10312843322753906 0.014339447021484375 974613 0
0.11135506629943848 0.014546871185302734 974719 0
0.10278844833374023 0.014380455017089844 975830 0
0.11084246635437012 0.01378941535949707 994361 0
0.10178518295288086 0.014539718627929688 993623 0
0.11286544799804688 0.014763116836547852 994145 0
0.10448718070983887 0.01497960090637207 994698 0
0.10717606544494629 0.014078617095947266 994355 0
0.10462832450866699 0.013744831085205078 994416 0
0.10956573486328125 0.014243841171264648 995389 0
0.10498976707458496 0.014667987823486328 994229 0
0.10399007797241211 0.014491558074951172 993993 0
0.10646581649780273 0.013790130615234375 994746 0
0.10283112525939941 0.014130592346191406 994263 0
0.10073161125183105 0.014491081237792969 994524 0
0.10826635360717773 0.013290643692016602 995183 0
0.10793638229370117 0.01294398307800293 994657 0
0.10511970520019531 0.014892101287841797 995389 0
0.10202407836914062 0.014703750610351562 995690 0
0.10130739212036133 0.013958454132080078 994834 0
0.10345840454101562 0.014037609100341797 994194 0
0.1037454605102539 0.014706134796142578 995538 0
0.10840606689453125 0.015203475952148438 995186 0
0.11507940292358398 0.01380300521850586 995415 0
0.10541796684265137 0.014353036880493164 995820 0
0.10396814346313477 0.014789819717407227 994865 0
0.10800027847290039 0.014302253723144531 994778 0
0.10741949081420898 0.013861417770385742 995973 0
0.11405539512634277 0.014427661895751953 995491 0
0.1034231185913086 0.01453399658203125 995863 0
0.1043999195098877 0.013927936553955078 997462 0
0.10341405868530273 0.014333486557006836 996960 0
0.1021263599395752 0.01409006118774414 997241 0
0.10616946220397949 0.01427602767944336 997973 0
0.10683202743530273 0.014139652252197266 997549 0
0.10622477531433105 0.013747930526733398 997552 0
0.09962272644042969 0.012826681137084961 998093 0
0.10602307319641113 0.01406240463256836 997771 0
0.10138511657714844 0.014144182205200195 998140 0
0.10488629341125488 0.014279842376708984 998590 0
0.10784316062927246 0.012884140014648438 997449 0
0.10443639755249023 0.01379251480102539 997106 0
0.11394000053405762 0.01458430290222168 997708 0
0.1075282096862793 0.01497507095336914 997267 0
0.10389399528503418 0.013703107833862305 997249 0
0.10898613929748535 0.01435089111328125 997395 0
0.10181355476379395 0.01440739631652832 997217 0
0.10135436058044434 0.01493692398071289 997614 0
0.10831212997436523 0.013588666915893555 998854 0
0.1020965576171875 0.013979673385620117 998069 0
0.10086321830749512 0.014083623886108398 998382 0
0.10137796401977539 0.01679086685180664 999195 0
0.1020205020904541 0.014092206954956055 997934 0
0.1014397144317627 0.014222860336303711 998320 0
0.10193443298339844 0.013887882232666016 998849 0
0.10036253929138184 0.014238119125366211 998155 0
0.10171937942504883 0.014438152313232422 997856 0
0.10284829139709473 0.013893842697143555 998805 0
0.10776495933532715 0.014429569244384766 998027 0
0.10052800178527832 0.013054609298706055 998482 0
0.10173487663269043 0.013789653778076172 999246 0
0.1046454906463623 0.015510320663452148 998436 0
0.1041269302368164 0.014024496078491211 998827 0
0.10085940361022949 0.013180732727050781 999744 0
0.10370397567749023 0.014334440231323242 999187 0
0.12028002738952637 0.014233827590942383 998968 0
0.10102272033691406 0.01496124267578125 999960 0
0.10433745384216309 0.014547348022460938 998943 0
0.10344362258911133 0.014740467071533203 998509 0
0.10657382011413574 0.01512455940246582 999698 0
0.10238337516784668 0.013622522354125977 998523 0
0.10195016860961914 0.014488697052001953 997872 0
0.10339784622192383 0.014053583145141602 998870 0
0.10181427001953125 0.013811588287353516 998398 0
0.10024237632751465 0.016978740692138672 998209 0
0.10675621032714844 0.014397144317626953 998551 0
0.10350990295410156 0.013349771499633789 997591 0
0.10143637657165527 0.013930082321166992 997988 0
0.1038351058959961 0.014178752899169922 997319 0
0.10519814491271973 0.015143632888793945 996802 0
0.10908246040344238 0.014407873153686523 997148 0
0.10648036003112793 0.013890743255615234 997267 0
0.11153721809387207 0.013366222381591797 996012 0
0.10411548614501953 0.014444828033447266 995736 0
0.10381698608398438 0.01300048828125 995739 0
0.10376954078674316 0.014462709426879883 994368 0
0.10388398170471191 0.013922452926635742 994681 0
0.10401320457458496 0.014539003372192383 995220 0
0.10755395889282227 0.014049053192138672 994272 0
0.10282516479492188 0.012947559356689453 994815 0
0.10286521911621094 0.013757705688476562 994799 0
0.10274362564086914 0.014149904251098633 993663 0
0.10351061820983887 0.014840364456176758 994030 0
0.10754179954528809 0.014290332794189453 993940 0
0.10732483863830566 0.012882232666015625 994201 0
0.10274410247802734 0.013930320739746094 994078 0
0.10735893249511719 0.013207674026489258 993825 0
0.10465764999389648 0.01435708999633789 992809 0
0.11130285263061523 0.015294075012207031 992396 0
0.1059267520904541 0.015254735946655273 993419 0
0.10449457168579102 0.014143228530883789 991920 0
0.10434770584106445 0.01293039321899414 991726 0
0.10249590873718262 0.01378941535949707 992109 0
0.10201835632324219 0.01423025131225586 991366 0
0.11409449577331543 0.01418447494506836 991081 0
0.10496807098388672 0.013962030410766602 991659 0
0.1042337417602539 0.014426231384277344 990622 0
0.1038978099822998 0.013863086700439453 990560 0
0.10450434684753418 0.013817310333251953 990837 0
0.1103353500366211 0.014900445938110352 990642 0
0.11339926719665527 0.014405250549316406 990908 0
0.10327672958374023 0.01424098014831543 991360 0
0.1036074161529541 0.014728069305419922 990635 0
0.10482978820800781 0.017891407012939453 990510 0
0.10344696044921875 0.014301300048828125 990755 0
0.1056816577911377 0.015265226364135742 990232 0
0.10334634780883789 0.014276266098022461 990367 0
0.10227656364440918 0.013609886169433594 991004 0
0.10637211799621582 0.014728307723999023 990254 0
0.10375809669494629 0.014646768569946289 990032 0
0.11071133613586426 0.014065980911254883 989997 0
0.10237789154052734 0.013200044631958008 989725 0
0.10892271995544434 0.014825105667114258 989458 0
0.10646629333496094 0.01376795768737793 990171 0
0.10338139533996582 0.013707637786865234 989602 0
0.10971355438232422 0.015183448791503906 989765 0
0.10749530792236328 0.013866901397705078 989601 0
0.11092710494995117 0.01310420036315918 989639 0
0.11066508293151855 0.013898849487304688 989345 0
0.10299825668334961 0.013893604278564453 990045 0
0.10371041297912598 0.013659238815307617 989595 0
0.10390305519104004 0.014353036880493164 989245 0
0.11108279228210449 0.013601064682006836 989527 0
0.10482597351074219 0.014269828796386719 988766 0
0.10841774940490723 0.014527320861816406 988901 0
0.10450243949890137 0.014402627944946289 989437 0
0.10815191268920898 0.013798236846923828 988780 0
0.10501980781555176 0.014643430709838867 988583 0
0.10325026512145996 0.013527631759643555 989513 0
0.10515666007995605 0.014128446578979492 989008 0
0.1020972728729248 0.013931512832641602 989036 0
0.10795783996582031 0.013833045959472656 989338 0
0.10511541366577148 0.01421046257019043 989222 0
0.11577916145324707 0.015007972717285156 988662 0
0.10443568229675293 0.014026880264282227 988971 0
0.11098694801330566 0.01512455940246582 988527 0
0.10335445404052734 0.01377725601196289 988592 0
0.10877728462219238 0.01349782943725586 989153 0
0.10407662391662598 0.014113903045654297 988634 0
0.11094880104064941 0.013858556747436523 988347 0
0.11004972457885742 0.014570474624633789 988843 0
0.10163235664367676 0.014037132263183594 988850 0
0.10921502113342285 0.014035701751708984 988822 0
0.10448718070983887 0.013360977172851562 989029 0
0.10298752784729004 0.014436006546020508 988414 0
0.10445117950439453 0.013158559799194336 988618 0
0.1022801399230957 0.013692140579223633 988765 0
0.10798025131225586 0.014549493789672852 988306 0
0.10406923294067383 0.014265060424804688 988437 0
0.11005592346191406 0.013953924179077148 988525 0
0.10349512100219727 0.014148473739624023 988239 0
0.10338616371154785 0.013092994689941406 988230 0
0.10244035720825195 0.01414799690246582 988383 0
0.11027193069458008 0.014358282089233398 988916 0
0.1026763916015625 0.014186620712280273 988563 0
0.10312461853027344 0.014095783233642578 988879 0
0.10924196243286133 0.017606258392333984 988521 0
0.10212326049804688 0.01409149169921875 988080 0
0.10254025459289551 0.014757394790649414 988972 0
0.10293769836425781 0.014438152313232422 988798 0
0.1050560474395752 0.014105796813964844 988700 0
0.10906219482421875 0.014637470245361328 988928 0
0.10419583320617676 0.014244556427001953 988731 0
0.11395430564880371 0.01347494125366211 988457 0
0.10184979438781738 0.014400243759155273 988833 0
0.10448503494262695 0.014491558074951172 988835 0
0.11055636405944824 0.013175487518310547 988753 0
0.10671496391296387 0.013579368591308594 988636 0
0.10565471649169922 0.014701604843139648 988973 0
0.11071348190307617 0.014052391052246094 988906 0
0.10851478576660156 0.013758420944213867 989036 0
0.10835766792297363 0.014795541763305664 988630 0
0.10640549659729004 0.014539003372192383 988671 0
0.10807514190673828 0.014364004135131836 989395 0
0.10238313674926758 0.013638973236083984 988948 0
0.10268926620483398 0.014097929000854492 988522 0
0.10239171981811523 0.014588594436645508 988929 0
0.10944867134094238 0.013815879821777344 988927 0
0.10475778579711914 0.013520956039428711 988741 0
0.10939311981201172 0.014121055603027344 988992 0
0.10730099678039551 0.014206409454345703 988752 0
0.10839200019836426 0.014480352401733398 988892 0
0.10384869575500488 0.014897584915161133 989378 0
0.10990381240844727 0.013540029525756836 989067 0
0.10976719856262207 0.014176368713378906 989590 0
0.11057758331298828 0.01490020751953125 989275 0
0.10955023765563965 0.013288497924804688 989370 0
0.11434602737426758 0.014791488647460938 989753 0
0.10201859474182129 0.013365745544433594 989801 0
0.10449719429016113 0.01475214958190918 989430 0
0.10971808433532715 0.015447139739990234 989659 0
0.10186076164245605 0.013847112655639648 989825 0
0.10176229476928711 0.013461589813232422 989862 0
0.10623884201049805 0.013193368911743164 999043 0
0.10381126403808594 0.014863729476928711 999141 0
0.11171436309814453 0.013287067413330078 998472 0
0.10313034057617188 0.014964818954467773 998841 0
0.10097241401672363 0.013820886611938477 999546 0
0.10630154609680176 0.015179872512817383 998624 0
0.10483741760253906 0.013968467712402344 999116 0
0.10160708427429199 0.013888359069824219 998936 0
0.10711860656738281 0.013719320297241211 998530 0
0.11540484428405762 0.015340328216552734 998424 0
0.10229969024658203 0.01411128044128418 997977 0
0.10924315452575684 0.014508247375488281 998304 0
0.10117411613464355 0.013997554779052734 998001 0
0.10504031181335449 0.01412057876586914 999051 0
0.10471606254577637 0.015848159790039062 997563 0
0.10911369323730469 0.014099597930908203 998598 0
0.11327290534973145 0.013863801956176758 999103 0
0.1000669002532959 0.013656139373779297 999117 0
0.1019294261932373 0.013906002044677734 999332 0
0.10768723487854004 0.014733076095581055 998856 0
0.10134005546569824 0.014627456665039062 998792 0
0.10597014427185059 0.014196157455444336 998963 0
0.1015167236328125 0.014528512954711914 999070 0
0.10566568374633789 0.013763189315795898 998583 0
0.09975171089172363 0.014226675033569336 999011 0
0.10387992858886719 0.015114307403564453 998878 0
0.10189652442932129 0.014285802841186523 998817 0
0.10211348533630371 0.014480113983154297 999176 0
0.10669708251953125 0.014803647994995117 999447 0
0.10205483436584473 0.014459371566772461 998910 0
0.10931134223937988 0.013863086700439453 998532 0
0.10113000869750977 0.013977527618408203 998763 0
0.10220098495483398 0.017141342163085938 998385 0
0.10220098495483398 0.014212369918823242 998334 0
0.10480213165283203 0.014589548110961914 998614 0
0.10086798667907715 0.013814210891723633 998359 0
0.1012580394744873 0.013040781021118164 997784 0
0.10566163063049316 0.01490330696105957 997718 0
0.10675382614135742 0.013720989227294922 997102 0
0.10782051086425781 0.013199567794799805 997075 0
0.10094308853149414 0.013157367706298828 996964 0
0.1026754379272461 0.014091730117797852 996505 0
0.10805773735046387 0.014730691909790039 996386 0
0.10268831253051758 0.014392852783203125 996308 0
0.10453319549560547 0.013519048690795898 996475 0
0.10310125350952148 0.013925552368164062 996120 0
0.10713958740234375 0.014204740524291992 996436 0
0.10079288482666016 0.014338254928588867 995652 0
0.1070261001586914 0.014264583587646484 995980 0
0.1073765754699707 0.015057086944580078 995877 0
0.10025262832641602 0.013181924819946289 995779 0
0.1012270450592041 0.013740301132202148 996038 0
0.10412240028381348 0.014536142349243164 995318 0
0.11339235305786133 0.01518869400024414 995354 0
0.10073256492614746 0.014010906219482422 994815 0
0.10664677619934082 0.014417886734008789 994689 0
0.10617756843566895 0.014534235000610352 995175 0
0.10545897483825684 0.013700246810913086 995624 0
0.1040501594543457 0.012891769409179688 995391 0
0.10155081748962402 0.014241456985473633 995412 0
0.10190725326538086 0.014096736907958984 995289 0
0.10240721702575684 0.013738870620727539 996111 0
0.11355876922607422 0.014784812927246094 995942 0
0.10915493965148926 0.015090703964233398 996442 0
0.10303401947021484 0.01409292221069336 995732 0
0.10211992263793945 0.01383662223815918 995896 0
0.10770702362060547 0.014623165130615234 995809 0
0.10939717292785645 0.013822317123413086 996361 0
0.10314559936523438 0.01405954360961914 995952 0
0.11211347579956055 0.01468968391418457 995919 0
0.10027074813842773 0.014048576354980469 995112 0
0.10196518898010254 0.01439976692199707 995529 0
0.11089301109313965 0.01508331298828125 995260 0
0.10177087783813477 0.014085054397583008 996171 0
0.10683298110961914 0.013469219207763672 996561 0
0.10804510116577148 0.014728307723999023 996856 0
0.10535860061645508 0.013164997100830078 997371 0
0.10352563858032227 0.014075756072998047 997815 0
0.10235381126403809 0.014180898666381836 997805 0
0.10289192199707031 0.014289140701293945 998177 0
0.1021420955657959 0.014204978942871094 997470 0
0.10010957717895508 0.013828039169311523 997974 0
0.1006307601928711 0.014028549194335938 994258 0
0.10203099250793457 0.013951539993286133 994629 0
0.1042337417602539 0.01447916030883789 992713 0
0.1077418327331543 0.013968467712402344 993257 0
0.1030724048614502 0.01370859146118164 991758 0
0.10492253303527832 0.013692855834960938 992551 0
0.1024160385131836 0.014419317245483398 992158 0
0.10179615020751953 0.013491630554199219 991618 0
0.10593938827514648 0.014091253280639648 991892 0
0.10307073593139648 0.014138936996459961 991865 0
0.1082453727722168 0.013889074325561523 992016 0
0.11193156242370605 0.014593839645385742 992502 0
0.10396766662597656 0.01571202278137207 992423 0
0.10285830497741699 0.014040231704711914 992463 0
0.10276985168457031 0.014338016510009766 992745 0
0.10201621055603027 0.015311241149902344 992956 0
0.12791848182678223 0.019411325454711914 992730 0
0.1067965030670166 0.0137939453125 992626 0
0.10431838035583496 0.014644384384155273 992419 0
0.11359381675720215 0.013852596282958984 992691 0
0.107757568359375 0.014199495315551758 993138 0
0.10469722747802734 0.014526605606079102 993231 0
0.10549020767211914 0.014623165130615234 993878 0
0.1019601821899414 0.013771772384643555 994507 0
0.10308361053466797 0.01419687271118164 994159 0
0.1034555435180664 0.014130115509033203 994517 0
0.10718417167663574 0.013476371765136719 994162 0
0.1091299057006836 0.013878345489501953 994787 0
0.10850000381469727 0.014876365661621094 994613 0
0.1011362075805664 0.014001131057739258 995066 0
0.10116767883300781 0.014035224914550781 994928 0
0.10248970985412598 0.014023780822753906 994668 0
0.10143351554870605 0.013681650161743164 994975 0
0.10718703269958496 0.013859987258911133 994801 0
0.10245037078857422 0.014532089233398438 994566 0
0.10393023490905762 0.014811038970947266 994691 0
0.10646986961364746 0.013195991516113281 994185 0
0.10361361503601074 0.014008283615112305 993696 0
0.10621452331542969 0.013484001159667969 994264 0
0.10323095321655273 0.015079021453857422 994819 0
0.1008458137512207 0.014102697372436523 994774 0
0.10432720184326172 0.01440572738647461 995909 0
0.10226941108703613 0.014201641082763672 995369 0
0.10096526145935059 0.014474630355834961 996943 0
0.10506868362426758 0.014227151870727539 997063 0
0.10131001472473145 0.013757944107055664 997010 0
0.10856771469116211 0.014801263809204102 996124 0
0.10508465766906738 0.015127897262573242 996843 0
0.10962843894958496 0.015016317367553711 996163 0
0.10919952392578125 0.013138055801391602 996567 0
0.10071682929992676 0.014395952224731445 995932 0
0.10693168640136719 0.014846086502075195 995965 0
0.10455989837646484 0.014708995819091797 995401 0
0.1034555435180664 0.015086174011230469 995583 0
0.10220980644226074 0.014411449432373047 995397 0
0.10291743278503418 0.014476537704467773 996880 0
0.10822558403015137 0.013439178466796875 996234 0
0.10540342330932617 0.014512062072753906 996689 0
0.10183954238891602 0.014377593994140625 996486 0
0.10810184478759766 0.014010190963745117 996926 0
0.10196328163146973 0.01383519172668457 997222 0
0.10201787948608398 0.015047073364257812 997598 0
0.10171794891357422 0.013845682144165039 997276 0
0.1102910041809082 0.014772891998291016 997263 0
0.10374236106872559 0.014294862747192383 996278 0
0.10251593589782715 0.014134883880615234 997049 0
0.10238075256347656 0.013809680938720703 996329 0
0.1023707389831543 0.014012813568115234 996620 0
0.10268688201904297 0.014610528945922852 996621 0
0.1031026840209961 0.014437437057495117 996418 0
0.10594534873962402 0.015058517456054688 996893 0
0.10162091255187988 0.014317750930786133 997928 0
0.10913276672363281 0.013368606567382812 997677 0
0.1017913818359375 0.014153480529785156 998436 0
0.1021721363067627 0.013973712921142578 1000003 0
0.10298776626586914 0.015008687973022461 1000236 0
0.10517334938049316 0.014382123947143555 1000096 0
0.10524654388427734 0.014124631881713867 1001289 0
0.10247540473937988 0.013854742050170898 1000070 0
0.10611677169799805 0.014467239379882812 1001209 0
0.10156440734863281 0.015213251113891602 1000690 0
0.10258936882019043 0.014630317687988281 999621 0
0.1012873649597168 0.014593124389648438 999751 0
0.10896849632263184 0.01484990119934082 999256 0
0.10284781455993652 0.013049602508544922 998596 0
0.10222125053405762 0.01387476921081543 997506 0
0.10435819625854492 0.012901782989501953 997144 0
0.10299396514892578 0.01522970199584961 996814 0
0.10748434066772461 0.014865875244140625 996614 0
0.1022040843963623 0.01423192024230957 997416 0
0.11047792434692383 0.015271663665771484 996577 0
0.10496664047241211 0.014490604400634766 996134 0
0.10649895668029785 0.014577865600585938 996654 0
0.10089516639709473 0.013758420944213867 995686 0
0.10046076774597168 0.013852119445800781 995551 0
0.11195588111877441 0.014039278030395508 995492 0
0.1095743179321289 0.014322280883789062 995107 0
0.10411906242370605 0.013898372650146484 994696 0
0.10824775695800781 0.01581597328186035 995363 0
0.10259032249450684 0.014514446258544922 995588 0
0.10977029800415039 0.013797521591186523 995334 0
0.10529375076293945 0.014740228652954102 995424 0
0.10178804397583008 0.01416468620300293 995916 0
0.10817670822143555 0.014271974563598633 995548 0
0.10637784004211426 0.014714956283569336 995326 0
0.10669589042663574 0.01408243179321289 995652 0
0.11031079292297363 0.01487588882446289 995091 0
0.10319304466247559 0.013875246047973633 995664 0
0.1092689037322998 0.013921022415161133 996500 0
0.10429883003234863 0.01422262191772461 996517 0
0.10278129577636719 0.014310359954833984 996822 0
0.10740137100219727 0.014806270599365234 997130 0
0.10236072540283203 0.013902902603149414 995054 0
0.10211801528930664 0.01394343376159668 995487 0
