0.008921623229980469 0.012396574020385742 37570 0
0.010115623474121094 0.012989521026611328 37395 0
0.011121034622192383 0.010759830474853516 38435 0
0.010827779769897461 0.011125564575195312 37635 0
0.010059833526611328 0.011195182800292969 38742 0
0.009177207946777344 0.013555049896240234 39455 0
0.010160446166992188 0.010781049728393555 39520 0
0.010189294815063477 0.011601686477661133 39432 0
0.01053476333618164 0.010837078094482422 39178 0
0.010907411575317383 0.010877370834350586 39172 0
0.009260892868041992 0.013292789459228516 38100 0
0.010491132736206055 0.011129140853881836 37200 0
0.011177301406860352 0.011349678039550781 39143 0
0.00885772705078125 0.012374401092529297 38014 0
0.010527849197387695 0.011138677597045898 32259 0
0.010635137557983398 0.010973453521728516 37785 0
0.008753538131713867 0.01185917854309082 37019 0
0.00999140739440918 0.012191057205200195 35892 0
0.010224103927612305 0.010601282119750977 34281 0
0.01076197624206543 0.0110931396484375 37060 0
0.01040792465209961 0.010707855224609375 36733 0
0.010607004165649414 0.010974884033203125 35419 0
0.010593891143798828 0.011122465133666992 37201 0
0.01120448112487793 0.01296091079711914 38719 0
0.00885629653930664 0.012294530868530273 38838 0
0.010631799697875977 0.012326717376708984 38177 0
0.009229421615600586 0.012209177017211914 35579 0
0.01029825210571289 0.010755538940429688 37966 0
0.01100921630859375 0.010949850082397461 38261 0
0.010486841201782227 0.010754108428955078 36853 0
0.009090185165405273 0.011728048324584961 38190 0
0.010549306869506836 0.010944128036499023 38471 0
0.010350465774536133 0.010790348052978516 37556 0
0.008904695510864258 0.01210784912109375 37936 0
0.00934457778930664 0.012281179428100586 35681 0
0.009148836135864258 0.013065576553344727 38625 0
0.010859012603759766 0.011663675308227539 40932 0
0.010364294052124023 0.012448310852050781 39751 0
0.010556697845458984 0.013130426406860352 40654 0
0.011136293411254883 0.011296987533569336 38651 0
0.010135650634765625 0.011792421340942383 36218 0
0.009172439575195312 0.01193094253540039 37174 0
0.01139211654663086 0.011746406555175781 39312 0
0.00921773910522461 0.011962413787841797 39306 0
0.010005474090576172 0.012447834014892578 34212 0
0.010194778442382812 0.01272273063659668 38822 0
0.011108875274658203 0.01241612434387207 39639 0
0.010022163391113281 0.010890007019042969 38711 0
0.010126352310180664 0.010809183120727539 39457 0
0.010387420654296875 0.010896682739257812 39183 0
0.010353565216064453 0.011004924774169922 38762 0
0.010085105895996094 0.010822534561157227 39621 0
0.011040210723876953 0.013333559036254883 39243 0
0.010184288024902344 0.011429786682128906 39438 0
0.009127140045166016 0.012271881103515625 39507 0
0.010430097579956055 0.011768579483032227 39650 0
0.010782957077026367 0.010853052139282227 39784 0
0.010560989379882812 0.010762691497802734 39727 0
0.010758638381958008 0.01242685317993164 39729 0
0.010631084442138672 0.01112818717956543 39823 0
0.011128664016723633 0.011579751968383789 38891 0
0.010301351547241211 0.012505054473876953 39014 0
0.010643243789672852 0.012859106063842773 38765 0
0.010141134262084961 0.011055231094360352 38496 0
0.010471582412719727 0.011915445327758789 37479 0
0.009054183959960938 0.012106657028198242 38559 0
0.009879112243652344 0.010875701904296875 39034 0
0.010129451751708984 0.010973691940307617 38995 0
0.009986400604248047 0.010770797729492188 38730 0
0.01097726821899414 0.010842084884643555 38557 0
0.0109100341796875 0.011046648025512695 37825 0
0.009160995483398438 0.01143336296081543 36985 0
0.011086702346801758 0.011919975280761719 38531 0
0.008886098861694336 0.011903762817382812 37786 0
0.010002374649047852 0.013053417205810547 31951 0
0.010047435760498047 0.010732650756835938 38308 0
0.010821819305419922 0.01113128662109375 38005 0
0.009932279586791992 0.012840747833251953 36664 0
0.011267900466918945 0.010724067687988281 37112 0
0.010981321334838867 0.011071205139160156 37061 0
0.010178327560424805 0.010802268981933594 38120 0
0.008871793746948242 0.013278961181640625 38121 0
0.00885772705078125 0.013538122177124023 37543 0
0.010145425796508789 0.010589838027954102 37478 0
0.012113571166992188 0.010965108871459961 38365 0
0.010547876358032227 0.01089787483215332 38222 0
0.010037899017333984 0.011907100677490234 36062 0
0.011237144470214844 0.012372970581054688 38472 0
0.012325048446655273 0.011801958084106445 38486 0
0.010947942733764648 0.01199650764465332 38730 0
0.009307861328125 0.011940479278564453 38245 0
0.009969234466552734 0.01073312759399414 38136 0
0.00972127914428711 0.013455390930175781 38349 0
0.009911298751831055 0.010925769805908203 37019 0
0.010092020034790039 0.01314091682434082 38371 0
0.009907722473144531 0.011806011199951172 37983 0
0.011293411254882812 0.010800600051879883 32115 0
0.011053800582885742 0.011083126068115234 38588 0
0.00920414924621582 0.012738943099975586 38545 0
0.010483503341674805 0.013049602508544922 36650 0
0.010419368743896484 0.010840177536010742 37312 0
0.010697126388549805 0.01083064079284668 37655 0
0.009812116622924805 0.013095617294311523 38128 0
0.010689020156860352 0.01085042953491211 39652 0
0.010991573333740234 0.011170148849487305 39298 0
0.010386466979980469 0.010805368423461914 39428 0
0.008897781372070312 0.015741586685180664 39196 0
0.010686635971069336 0.011048555374145508 39998 0
0.010099411010742188 0.010777711868286133 39829 0
0.010480642318725586 0.011596441268920898 39534 0
0.010755062103271484 0.011869192123413086 39588 0
0.010632514953613281 0.010872602462768555 39343 0
0.01106405258178711 0.010770082473754883 39523 0
0.010414600372314453 0.01084589958190918 39848 0
0.009439945220947266 0.011414051055908203 38715 0
0.010572671890258789 0.010956764221191406 39509 0
0.010133743286132812 0.011959314346313477 35950 0
0.010672330856323242 0.013354063034057617 39667 0
0.01044011116027832 0.01087045669555664 39476 0
0.009978532791137695 0.013414382934570312 39494 0
0.009961128234863281 0.01243448257446289 38783 0
0.009111404418945312 0.012055635452270508 39149 0
0.011276960372924805 0.01212763786315918 38417 0
0.01113438606262207 0.010957717895507812 37620 0
0.01052236557006836 0.01235198974609375 38852 0
0.011000633239746094 0.011365413665771484 38828 0
0.011162996292114258 0.01120615005493164 32871 0
0.011551856994628906 0.01137685775756836 37720 0
0.010631799697875977 0.011167287826538086 34087 0
0.010041475296020508 0.01064753532409668 35318 0
0.011023521423339844 0.012306451797485352 35951 0
0.01086115837097168 0.010802507400512695 36670 0
0.009292840957641602 0.011807441711425781 35344 0
0.009756803512573242 0.01254129409790039 36901 0
0.008808612823486328 0.013431072235107422 37935 0
0.010407686233520508 0.011009931564331055 38520 0
0.010298967361450195 0.011176824569702148 38203 0
0.010807991027832031 0.011386632919311523 38427 0
0.009843587875366211 0.011978626251220703 37909 0
0.010106086730957031 0.010736227035522461 38433 0
0.009134769439697266 0.011919975280761719 39169 0
0.010169506072998047 0.011151313781738281 39553 0
0.010778427124023438 0.012955904006958008 38631 0
0.011132478713989258 0.011336565017700195 38853 0
0.009088277816772461 0.01210927963256836 38428 0
0.010089635848999023 0.010767936706542969 40255 0
0.01214742660522461 0.011126518249511719 39373 0
0.009023666381835938 0.012452840805053711 38604 0
0.009737730026245117 0.011137247085571289 37345 0
0.010066032409667969 0.010692119598388672 37213 0
0.010573387145996094 0.010874271392822266 39402 0
0.010673046112060547 0.010782241821289062 41525 0
0.009234428405761719 0.012811899185180664 40883 0
0.009749889373779297 0.012164115905761719 40409 0
0.01001596450805664 0.010919809341430664 40572 0
0.008787155151367188 0.011777400970458984 38999 0
0.010788679122924805 0.011336803436279297 32652 0
0.008867502212524414 0.013428449630737305 37847 0
0.009989261627197266 0.010848522186279297 38552 0
0.010291576385498047 0.01167440414428711 35721 0
0.01112985610961914 0.01091146469116211 35606 0
0.008872747421264648 0.01337575912475586 35938 0
0.010666131973266602 0.010799884796142578 35985 0
0.01068115234375 0.011137008666992188 36523 0
0.011202335357666016 0.011764764785766602 37990 0
0.010104179382324219 0.010956048965454102 36741 0
0.009801149368286133 0.011159420013427734 36492 0
0.010470151901245117 0.01167440414428711 38792 0
0.010531902313232422 0.010955810546875 38026 0
0.009986639022827148 0.011130332946777344 40399 0
0.010123729705810547 0.010832071304321289 37817 0
0.010800600051879883 0.013816118240356445 39516 0
0.011657476425170898 0.011663198471069336 39690 0
0.0107421875 0.011681795120239258 40090 0
0.009826183319091797 0.011411190032958984 39791 0
0.010222911834716797 0.010911226272583008 39842 0
0.009914159774780273 0.01108860969543457 37350 0
0.01074981689453125 0.012600421905517578 40377 0
0.01003408432006836 0.010828018188476562 40688 0
0.010664701461791992 0.010846853256225586 40615 0
0.011151790618896484 0.011359214782714844 39811 0
0.01001119613647461 0.010816574096679688 39291 0
0.009871721267700195 0.012723445892333984 39438 0
0.010934591293334961 0.010700225830078125 37734 0
0.010766267776489258 0.012283802032470703 39292 0
0.01016688346862793 0.010778427124023438 39070 0
0.009065389633178711 0.013195991516113281 33188 0
0.012146472930908203 0.01140141487121582 39699 0
0.011255264282226562 0.010981321334838867 39802 0
0.010164737701416016 0.012174129486083984 37754 0
0.009103059768676758 0.012349605560302734 38673 0
0.00911402702331543 0.012263059616088867 38774 0
0.011221885681152344 0.017057418823242188 39185 0
0.009415864944458008 0.012890815734863281 39787 0
0.010961771011352539 0.012633323669433594 39244 0
0.010875225067138672 0.012692928314208984 39174 0
0.009372234344482422 0.012901782989501953 39231 0
0.01016378402709961 0.010836124420166016 39574 0
0.010945320129394531 0.013342142105102539 39633 0
0.010759592056274414 0.011909246444702148 39022 0
0.010480642318725586 0.012907743453979492 38957 0
0.010027408599853516 0.017628908157348633 34307 0
0.010293722152709961 0.010854005813598633 32918 0
0.009729385375976562 0.011736869812011719 33654 0
0.01550745964050293 0.011865377426147461 33487 0
0.009961128234863281 0.012252569198608398 33858 0
0.010817527770996094 0.012439250946044922 33997 0
0.013588190078735352 0.0117340087890625 34515 0
0.010969877243041992 0.010909795761108398 35205 0
0.009368181228637695 0.01239633560180664 35120 0
0.01396942138671875 0.01100778579711914 34111 0
0.010313272476196289 0.010697126388549805 34828 0
0.010205984115600586 0.010768413543701172 34878 0
0.008527040481567383 0.013041496276855469 34035 0
0.010820865631103516 0.011655092239379883 34233 0
0.009630441665649414 0.013680458068847656 33779 0
0.01011800765991211 0.012037038803100586 33855 0
0.010151386260986328 0.012109994888305664 31408 0
0.01062774658203125 0.013013839721679688 34126 0
0.011373281478881836 0.011321306228637695 34432 0
0.010146856307983398 0.010638952255249023 34428 0
0.010236024856567383 0.011430501937866211 34488 0
0.010636568069458008 0.010746955871582031 34513 0
0.011108636856079102 0.011223554611206055 34560 0
0.010170221328735352 0.012029170989990234 34676 0
0.010428190231323242 0.01099705696105957 34338 0
0.010640859603881836 0.01349639892578125 34312 0
0.010013341903686523 0.010710477828979492 34172 0
0.010707855224609375 0.012766838073730469 33953 0
0.010537862777709961 0.010703802108764648 34204 0
0.010015010833740234 0.012222766876220703 33743 0
0.010140419006347656 0.010734319686889648 33941 0
0.009624242782592773 0.01125788688659668 33938 0
0.010625600814819336 0.010759592056274414 34099 0
0.010139942169189453 0.011434316635131836 34404 0
0.009908437728881836 0.012294292449951172 34255 0
0.01116800308227539 0.013416290283203125 34211 0
0.009494304656982422 0.012467145919799805 34101 0
0.008823156356811523 0.012352705001831055 34127 0
0.008758306503295898 0.012726545333862305 34150 0
0.00885319709777832 0.012685298919677734 33870 0
0.01145482063293457 0.011693716049194336 34101 0
0.010004520416259766 0.010716676712036133 34296 0
0.010204792022705078 0.01065516471862793 34153 0
0.011305809020996094 0.010709047317504883 34289 0
0.010700702667236328 0.011377573013305664 33861 0
0.010850191116333008 0.011125326156616211 33901 0
0.010689973831176758 0.011734247207641602 30961 0
0.00896000862121582 0.012462377548217773 33875 0
0.009549617767333984 0.012167930603027344 33867 0
0.009766340255737305 0.012664794921875 34166 0
0.011399030685424805 0.011716842651367188 34180 0
0.01076364517211914 0.010859251022338867 34107 0
0.010498762130737305 0.010788917541503906 34122 0
0.010971784591674805 0.010664701461791992 34182 0
0.010065793991088867 0.010529041290283203 34019 0
0.010488271713256836 0.01074838638305664 34066 0
0.00981903076171875 0.011027812957763672 33771 0
0.01072549819946289 0.010998964309692383 33354 0
0.010182619094848633 0.010519742965698242 33364 0
0.008781909942626953 0.012311458587646484 33340 0
0.010943174362182617 0.012367486953735352 33585 0
0.011002779006958008 0.010843753814697266 33752 0
0.010092496871948242 0.011165618896484375 33835 0
0.011054515838623047 0.012368202209472656 34212 0
0.009994268417358398 0.010721206665039062 34099 0
0.0089111328125 0.01206660270690918 34328 0
0.011129140853881836 0.01109623908996582 34261 0
0.009934425354003906 0.010638713836669922 34413 0
0.010207653045654297 0.010842561721801758 34436 0
0.009417057037353516 0.012315988540649414 33887 0
0.010561466217041016 0.010813474655151367 33942 0
0.009569406509399414 0.013445854187011719 34134 0
0.011118650436401367 0.010713577270507812 37006 0
0.010076045989990234 0.011011123657226562 36746 0
0.008812904357910156 0.011803865432739258 34733 0
0.010532855987548828 0.012351512908935547 39824 0
0.01053762435913086 0.012850284576416016 37887 0
0.01101064682006836 0.010909318923950195 39568 0
0.010128259658813477 0.010911226272583008 38435 0
0.009995222091674805 0.011620283126831055 37098 0
0.010890960693359375 0.012184381484985352 37715 0
0.010032176971435547 0.01086878776550293 37947 0
0.010544061660766602 0.010823965072631836 37833 0
0.009552478790283203 0.012240886688232422 37386 0
0.010458946228027344 0.011362552642822266 36848 0
0.010812759399414062 0.010932445526123047 35112 0
0.009124517440795898 0.013746023178100586 35237 0
0.011372804641723633 0.011034011840820312 33557 0
0.010098457336425781 0.011301755905151367 34500 0
0.009493350982666016 0.013245582580566406 34869 0
0.010255575180053711 0.010694265365600586 34184 0
0.009880542755126953 0.010522127151489258 34136 0
0.010936737060546875 0.011085748672485352 34490 0
0.011116266250610352 0.01166534423828125 34264 0
0.009188413619995117 0.011542081832885742 34352 0
0.011414766311645508 0.010750055313110352 34662 0
0.010936975479125977 0.010757207870483398 35020 0
0.01034235954284668 0.010739803314208984 35211 0
0.010919570922851562 0.012851715087890625 30777 0
0.009013175964355469 0.011698007583618164 35035 0
0.010851383209228516 0.013776063919067383 35444 0
0.010166168212890625 0.01069784164428711 34418 0
0.00884866714477539 0.011380910873413086 35338 0
0.010223388671875 0.010787725448608398 35334 0
0.011594533920288086 0.013360023498535156 35145 0
0.010536670684814453 0.01082468032836914 35443 0
0.010639429092407227 0.010651111602783203 35165 0
0.01660895347595215 0.011888980865478516 34707 0
0.010730266571044922 0.010863065719604492 34749 0
0.011078119277954102 0.010557174682617188 34239 0
0.010224103927612305 0.013135194778442383 34429 0
0.010193347930908203 0.012187004089355469 34657 0
0.01017451286315918 0.010591983795166016 34932 0
0.009491205215454102 0.012024402618408203 35064 0
0.010913848876953125 0.011085748672485352 35221 0
0.010646581649780273 0.010703802108764648 34984 0
0.010725021362304688 0.010699272155761719 34719 0
0.009712457656860352 0.012072563171386719 34899 0
0.010124921798706055 0.010635137557983398 34689 0
0.009436368942260742 0.011693000793457031 34365 0
0.011219263076782227 0.01079249382019043 34539 0
0.010247468948364258 0.010622501373291016 34428 0
0.010454654693603516 0.01069498062133789 34577 0
0.010264873504638672 0.010681629180908203 34507 0
0.010213375091552734 0.01080322265625 34246 0
0.011096000671386719 0.01073145866394043 33957 0
0.010622501373291016 0.012003183364868164 34817 0
0.010264158248901367 0.010852575302124023 34783 0
0.009745359420776367 0.011272430419921875 30146 0
0.009977102279663086 0.01222848892211914 34440 0
0.010088205337524414 0.011325836181640625 35273 0
0.010378360748291016 0.010776758193969727 33615 0
0.008871316909790039 0.013126850128173828 35358 0
0.010191917419433594 0.010664224624633789 35097 0
0.00956869125366211 0.012265682220458984 34314 0
0.011158943176269531 0.011025190353393555 35241 0
0.010066747665405273 0.010943889617919922 35059 0
0.010820865631103516 0.01171112060546875 35043 0
0.010747909545898438 0.010599136352539062 34797 0
0.010100603103637695 0.012099504470825195 34249 0
0.011039972305297852 0.010883331298828125 34825 0
0.010708332061767578 0.011027097702026367 34257 0
0.010757923126220703 0.0115509033203125 34621 0
0.009082317352294922 0.011679410934448242 34727 0
0.008913993835449219 0.01269984245300293 34849 0
0.010905027389526367 0.01107478141784668 35181 0
0.009756088256835938 0.012352705001831055 34840 0
0.009817838668823242 0.01112985610961914 34835 0
0.01118159294128418 0.010816335678100586 34715 0
0.013130426406860352 0.011058330535888672 34401 0
0.010322093963623047 0.010733842849731445 34836 0
0.009267568588256836 0.012196063995361328 34404 0
0.009891510009765625 0.010962486267089844 34583 0
0.01058340072631836 0.01068735122680664 34774 0
0.010272026062011719 0.010597467422485352 34267 0
0.009543418884277344 0.011150360107421875 33716 0
0.010574102401733398 0.010910511016845703 35182 0
0.01027536392211914 0.010617494583129883 34937 0
0.01031041145324707 0.012786388397216797 29632 0
0.00874185562133789 0.012470006942749023 33789 0
0.011080503463745117 0.011049509048461914 34643 0
0.009617090225219727 0.011561155319213867 32772 0
0.010932445526123047 0.010787248611450195 34668 0
0.010372400283813477 0.010898351669311523 35078 0
0.011208772659301758 0.011816024780273438 31304 0
0.010028362274169922 0.01056528091430664 29283 0
0.0103302001953125 0.011107444763183594 33908 0
0.010511636734008789 0.012536048889160156 34747 0
0.009879350662231445 0.01228022575378418 35667 0
0.009846687316894531 0.012216806411743164 35420 0
0.00994420051574707 0.012290239334106445 35615 0
0.009958267211914062 0.011843442916870117 35947 0
0.009168148040771484 0.013594627380371094 35547 0
0.010092735290527344 0.013250589370727539 34910 0
0.011030197143554688 0.011319160461425781 30355 0
0.011013031005859375 0.011170148849487305 30175 0
0.010645866394042969 0.012298822402954102 35280 0
0.009780168533325195 0.012578725814819336 35461 0
0.009466409683227539 0.012566804885864258 34770 0
0.010215044021606445 0.010676860809326172 35021 0
0.01125645637512207 0.01105952262878418 35029 0
0.008954763412475586 0.01184988021850586 35262 0
0.010016679763793945 0.010764837265014648 35571 0
0.010380983352661133 0.01225423812866211 35803 0
0.01001119613647461 0.011417865753173828 35524 0
0.010236740112304688 0.011221885681152344 34798 0
0.010869264602661133 0.012178897857666016 35657 0
0.010107755661010742 0.010675907135009766 35559 0
0.011001825332641602 0.010612010955810547 32555 0
0.010683536529541016 0.013236284255981445 35284 0
0.009068965911865234 0.011992454528808594 35232 0
0.009408712387084961 0.012855052947998047 35200 0
0.011060476303100586 0.010675430297851562 35673 0
0.009354591369628906 0.01174616813659668 35460 0
0.010696887969970703 0.010958194732666016 35018 0
0.009877204895019531 0.01267695426940918 34708 0
0.010232925415039062 0.010639667510986328 35111 0
0.011182308197021484 0.010785102844238281 35045 0
0.010567903518676758 0.010956048965454102 34681 0
0.010772228240966797 0.010720252990722656 35768 0
0.010222196578979492 0.010790348052978516 35363 0
0.011056900024414062 0.010790348052978516 35712 0
0.010585784912109375 0.01139688491821289 35391 0
0.010886192321777344 0.010908842086791992 35791 0
0.011833906173706055 0.011612653732299805 35992 0
0.010929346084594727 0.011018037796020508 35272 0
0.009885072708129883 0.011018037796020508 34557 0
0.010155200958251953 0.010911941528320312 35386 0
0.010790348052978516 0.011052846908569336 34550 0
0.010833501815795898 0.010809659957885742 30425 0
0.010277032852172852 0.011670589447021484 34643 0
0.010663747787475586 0.010703802108764648 34643 0
0.010534048080444336 0.010820150375366211 35183 0
0.010678529739379883 0.011324405670166016 34222 0
0.009814977645874023 0.011992216110229492 34687 0
0.009990215301513672 0.011135578155517578 34771 0
0.010043621063232422 0.011071443557739258 34461 0
0.0106658935546875 0.012608528137207031 34529 0
0.00883793830871582 0.012875556945800781 34649 0
0.010264158248901367 0.011240482330322266 34642 0
0.010355234146118164 0.01299738883972168 34583 0
0.010782957077026367 0.011165857315063477 34566 0
0.009806156158447266 0.012033462524414062 34095 0
0.010326862335205078 0.01187753677368164 34420 0
0.011181116104125977 0.011145591735839844 34490 0
0.010821104049682617 0.01068258285522461 34325 0
0.010277986526489258 0.010657548904418945 34264 0
0.010444402694702148 0.011802911758422852 34299 0
0.008979082107543945 0.012925863265991211 34449 0
0.010963678359985352 0.01622772216796875 34360 0
0.010832548141479492 0.010711431503295898 34398 0
0.010991811752319336 0.01083827018737793 34223 0
0.010147333145141602 0.012837648391723633 34280 0
0.010753870010375977 0.012053966522216797 34448 0
0.009991645812988281 0.011687755584716797 34264 0
0.010530233383178711 0.010673046112060547 34475 0
0.010578155517578125 0.010642051696777344 33410 0
0.009846210479736328 0.011118412017822266 33980 0
0.009517669677734375 0.01166391372680664 33901 0
0.0103912353515625 0.010484695434570312 29724 0
0.009917259216308594 0.01074075698852539 33730 0
0.009314775466918945 0.012832880020141602 34073 0
0.009595155715942383 0.010870695114135742 34272 0
0.010790824890136719 0.010987043380737305 33842 0
0.009841203689575195 0.011130332946777344 33985 0
0.01014256477355957 0.010703802108764648 34280 0
0.008951902389526367 0.012194633483886719 34087 0
0.009566545486450195 0.01241302490234375 34170 0
0.010236263275146484 0.010975837707519531 34394 0
0.011017084121704102 0.01096343994140625 33928 0
0.008880138397216797 0.012075662612915039 34048 0
0.010280370712280273 0.010828495025634766 34024 0
0.010172128677368164 0.010663986206054688 33876 0
0.00918436050415039 0.011591911315917969 33745 0
0.008931398391723633 0.011921167373657227 33823 0
0.010137081146240234 0.010671138763427734 33721 0
0.010439872741699219 0.010728597640991211 33546 0
0.010966300964355469 0.01253652572631836 33812 0
0.010849475860595703 0.01310110092163086 33854 0
0.011701345443725586 0.011049032211303711 33805 0
0.010135173797607422 0.010744094848632812 33922 0
0.01022195816040039 0.012003183364868164 33901 0
0.010019779205322266 0.011157989501953125 33782 0
0.009559392929077148 0.011376619338989258 34008 0
0.010611534118652344 0.010710954666137695 33746 0
0.008931875228881836 0.012804746627807617 33898 0
0.010514259338378906 0.011226415634155273 32805 0
0.010256052017211914 0.010793924331665039 33471 0
0.009985685348510742 0.012607812881469727 33323 0
0.011195898056030273 0.010642528533935547 29137 0
0.009668588638305664 0.011087417602539062 33081 0
0.010881900787353516 0.010695695877075195 33468 0
0.010310888290405273 0.010453462600708008 33593 0
0.010187149047851562 0.010659933090209961 33338 0
0.009421110153198242 0.012355566024780273 33689 0
0.010150909423828125 0.010769844055175781 33814 0
0.010164499282836914 0.010528087615966797 33995 0
0.010297536849975586 0.010848283767700195 33917 0
0.010731697082519531 0.01190328598022461 33778 0
0.008847713470458984 0.01243901252746582 33388 0
0.010118961334228516 0.0136871337890625 33379 0
0.010699748992919922 0.010739326477050781 33133 0
0.010588645935058594 0.010761022567749023 33260 0
0.010005712509155273 0.010808706283569336 33375 0
0.010382890701293945 0.010833501815795898 33340 0
0.008820772171020508 0.013113260269165039 32107 0
0.01011967658996582 0.011322975158691406 32081 0
0.008826732635498047 0.01174783706665039 32553 0
0.009578943252563477 0.011522054672241211 33104 0
0.010147571563720703 0.011953115463256836 33058 0
0.010021209716796875 0.010874509811401367 33363 0
0.010057210922241211 0.012584209442138672 33835 0
0.010374307632446289 0.011060953140258789 34090 0
0.009364604949951172 0.011745452880859375 33917 0
0.009978771209716797 0.011762619018554688 34097 0
0.010118722915649414 0.010630130767822266 32756 0
0.011958837509155273 0.010833978652954102 31587 0
0.01010584831237793 0.010992288589477539 32432 0
0.009546279907226562 0.01213383674621582 32056 0
0.008828163146972656 0.012879133224487305 28205 0
0.010701656341552734 0.01321268081665039 32431 0
0.010411739349365234 0.010789871215820312 32650 0
0.011568546295166016 0.010997533798217773 32226 0
0.009145498275756836 0.01744866371154785 31792 0
0.00954580307006836 0.012359380722045898 32216 0
0.010018587112426758 0.013726949691772461 33543 0
0.012771368026733398 0.011748313903808594 33018 0
0.010458946228027344 0.011552095413208008 33094 0
0.010038375854492188 0.010703802108764648 32597 0
0.011031866073608398 0.011664628982543945 32061 0
0.010169267654418945 0.010607719421386719 31674 0
0.010628223419189453 0.01341700553894043 31659 0
0.010270357131958008 0.010580778121948242 31629 0
0.010116815567016602 0.010841608047485352 31468 0
0.008994340896606445 0.01166677474975586 31712 0
0.010852336883544922 0.010784387588500977 32126 0
0.01093435287475586 0.011994361877441406 32766 0
0.010790824890136719 0.010720014572143555 32809 0
0.00897836685180664 0.012289762496948242 32490 0
0.011016607284545898 0.011518716812133789 32409 0
0.009866714477539062 0.012214183807373047 32470 0
0.009932279586791992 0.012234687805175781 32451 0
0.010544061660766602 0.012995243072509766 32383 0
0.010968923568725586 0.012167692184448242 31850 0
0.010011672973632812 0.012165546417236328 32000 0
0.010056257247924805 0.01058197021484375 31641 0
0.00935983657836914 0.012329339981079102 30393 0
0.010187387466430664 0.01191401481628418 31962 0
0.009810447692871094 0.010941267013549805 31427 0
0.00921773910522461 0.012449502944946289 27793 0
0.0097503662109375 0.012012481689453125 31612 0
0.011840343475341797 0.011119365692138672 32274 0
0.008955717086791992 0.012901067733764648 32370 0
0.010962724685668945 0.01141047477722168 31868 0
0.010060310363769531 0.010667085647583008 32521 0
0.009233951568603516 0.01156163215637207 32016 0
0.010422229766845703 0.012021064758300781 31874 0
0.010567665100097656 0.01097726821899414 33382 0
0.010197639465332031 0.010759830474853516 32614 0
0.009574413299560547 0.01067042350769043 28384 0
0.01094198226928711 0.011017560958862305 32620 0
0.008785724639892578 0.011824607849121094 33088 0
0.008838653564453125 0.012167692184448242 32915 0
0.0088958740234375 0.011650562286376953 32580 0
0.010068416595458984 0.010649681091308594 33122 0
0.009996652603149414 0.010908126831054688 33998 0
0.011124610900878906 0.012341022491455078 33891 0
0.009571552276611328 0.012322187423706055 34064 0
0.01041865348815918 0.010817527770996094 33541 0
0.010087728500366211 0.01055908203125 33418 0
0.009419679641723633 0.01340937614440918 33371 0
0.01163029670715332 0.010794878005981445 33488 0
0.010002374649047852 0.011849641799926758 33753 0
0.010608911514282227 0.010660886764526367 33934 0
0.010590076446533203 0.010770797729492188 33223 0
0.009499788284301758 0.01259469985961914 31774 0
0.010699748992919922 0.011737346649169922 32096 0
0.009878873825073242 0.011822938919067383 33208 0
0.008712291717529297 0.011938810348510742 33304 0
0.010100364685058594 0.01111292839050293 33717 0
0.010184526443481445 0.01277470588684082 33481 0
0.010255098342895508 0.010740280151367188 32932 0
0.010220766067504883 0.010920524597167969 32939 0
0.008738517761230469 0.012583732604980469 33018 0
0.009447574615478516 0.011070013046264648 33144 0
0.009996652603149414 0.010730266571044922 32705 0
0.00983119010925293 0.010573148727416992 32642 0
0.01002812385559082 0.011239767074584961 33094 0
0.010371923446655273 0.013000726699829102 32694 0
0.010617494583129883 0.013385295867919922 33439 0
0.010254383087158203 0.01087045669555664 33232 0
0.010520458221435547 0.01076650619506836 33408 0
0.009910106658935547 0.010904312133789062 33444 0
0.01050567626953125 0.010877370834350586 33227 0
0.011232852935791016 0.011009454727172852 32992 0
0.010710477828979492 0.010664701461791992 31427 0
0.010716676712036133 0.010700225830078125 32933 0
0.010254144668579102 0.011312246322631836 32415 0
0.01048421859741211 0.01067209243774414 28248 0
0.008761167526245117 0.012281417846679688 32820 0
0.010235071182250977 0.016748666763305664 32845 0
0.009011983871459961 0.012186527252197266 32729 0
0.010431051254272461 0.012364387512207031 32201 0
0.016295433044433594 0.012876272201538086 32665 0
0.010222673416137695 0.010622978210449219 34116 0
0.010472536087036133 0.011074542999267578 34216 0
0.010190248489379883 0.011655569076538086 34286 0
0.009329080581665039 0.01262044906616211 34116 0
0.010128259658813477 0.011316299438476562 33401 0
0.011019468307495117 0.010789632797241211 33826 0
0.010283231735229492 0.010744333267211914 32859 0
0.009145021438598633 0.011556386947631836 33201 0
0.01053309440612793 0.010614633560180664 33500 0
0.009226560592651367 0.012821197509765625 33079 0
0.01220846176147461 0.010674238204956055 33271 0
0.00968623161315918 0.011248111724853516 33743 0
0.009914159774780273 0.010822296142578125 34153 0
0.010670900344848633 0.010747909545898438 33436 0
0.010969877243041992 0.010858297348022461 33969 0
0.010602474212646484 0.010669708251953125 33399 0
0.010683536529541016 0.013024091720581055 33514 0
0.00875544548034668 0.011761188507080078 33160 0
0.008750200271606445 0.012205123901367188 33523 0
0.010065317153930664 0.012178421020507812 36159 0
0.011031627655029297 0.010683774948120117 37618 0
0.01060628890991211 0.012276172637939453 37724 0
0.011082649230957031 0.010759115219116211 37948 0
0.010123729705810547 0.012220621109008789 37805 0
0.010637283325195312 0.011356353759765625 37830 0
0.011057853698730469 0.011018514633178711 38123 0
0.01096487045288086 0.01139211654663086 37492 0
0.010781049728393555 0.012163162231445312 38291 0
0.010354757308959961 0.010772228240966797 38040 0
0.010140419006347656 0.010885238647460938 37336 0
0.010600566864013672 0.010827064514160156 38216 0
0.00887441635131836 0.012323379516601562 38036 0
0.011832475662231445 0.011099100112915039 38090 0
0.01027536392211914 0.012351274490356445 38214 0
0.010114669799804688 0.010667562484741211 38265 0
0.010472536087036133 0.012083053588867188 38662 0
0.011433601379394531 0.011806011199951172 37843 0
0.010752201080322266 0.010637521743774414 35066 0
0.010721206665039062 0.012294530868530273 38117 0
0.008808612823486328 0.012723922729492188 38230 0
0.010561466217041016 0.011248350143432617 38129 0
0.010715246200561523 0.010762214660644531 38548 0
0.011246204376220703 0.012523174285888672 38294 0
0.010015249252319336 0.011444091796875 39082 0
0.00917816162109375 0.011841535568237305 38311 0
0.010148048400878906 0.010736465454101562 39100 0
0.01008296012878418 0.011127948760986328 38652 0
0.010260343551635742 0.010964393615722656 33140 0
0.011354207992553711 0.010785579681396484 38246 0
0.009131193161010742 0.013296842575073242 38243 0
0.010506629943847656 0.010852813720703125 38713 0
0.0103912353515625 0.011222124099731445 38980 0
0.010980844497680664 0.013283729553222656 39427 0
0.009564876556396484 0.012310266494750977 39249 0
0.011357784271240234 0.012947559356689453 39536 0
0.011290788650512695 0.011484861373901367 39230 0
0.010774850845336914 0.012281417846679688 39191 0
0.01006627082824707 0.01066899299621582 38040 0
0.01043248176574707 0.010974645614624023 39332 0
0.010135889053344727 0.010844230651855469 38465 0
0.010692596435546875 0.010736942291259766 39015 0
0.010226964950561523 0.012728691101074219 39191 0
0.009994745254516602 0.011982917785644531 39376 0
0.009912729263305664 0.011070013046264648 39008 0
0.010827302932739258 0.011037826538085938 39428 0
0.010339498519897461 0.010742664337158203 39265 0
0.009260892868041992 0.011620044708251953 39604 0
0.010019779205322266 0.011255502700805664 36302 0
0.010729312896728516 0.011486530303955078 39405 0
0.01111459732055664 0.010883808135986328 39413 0
0.0101776123046875 0.012436628341674805 39284 0
0.011434555053710938 0.01113748550415039 39428 0
0.010196447372436523 0.010845184326171875 39428 0
0.010512113571166992 0.012563467025756836 39443 0
0.010143041610717773 0.010878562927246094 38044 0
0.010502338409423828 0.01233673095703125 39643 0
0.011340856552124023 0.010976552963256836 39933 0
0.011042594909667969 0.010975122451782227 33727 0
0.00926518440246582 0.01239633560180664 39229 0
0.010976552963256836 0.013853311538696289 37911 0
0.010548830032348633 0.013329505920410156 37916 0
0.010499000549316406 0.012345075607299805 39676 0
0.010479927062988281 0.011205434799194336 40016 0
0.010016441345214844 0.011484146118164062 38119 0
0.010079383850097656 0.011821508407592773 40290 0
0.009989738464355469 0.010986328125 39933 0
0.011032342910766602 0.010765552520751953 39938 0
0.009146451950073242 0.012000560760498047 40090 0
0.009094953536987305 0.01254415512084961 39371 0
0.01018381118774414 0.010671377182006836 38515 0
0.010785579681396484 0.010790348052978516 39662 0
0.010987997055053711 0.010945320129394531 39931 0
0.009482383728027344 0.01193094253540039 39827 0
0.010429143905639648 0.01118612289428711 39935 0
0.011484146118164062 0.013072490692138672 39301 0
0.010293006896972656 0.01123356819152832 40044 0
0.009860992431640625 0.013349771499633789 40050 0
0.010402917861938477 0.011998414993286133 36919 0
0.011191606521606445 0.012332439422607422 39334 0
0.009741067886352539 0.012529134750366211 39475 0
0.01028585433959961 0.011318206787109375 39588 0
0.008827447891235352 0.011774301528930664 39240 0
0.010169029235839844 0.010845184326171875 39290 0
0.010139703750610352 0.011660337448120117 39001 0
0.010518312454223633 0.010668039321899414 37457 0
0.010124683380126953 0.010784149169921875 39353 0
0.010011911392211914 0.010846376419067383 39116 0
0.009803295135498047 0.011163949966430664 31883 0
0.00992274284362793 0.01101541519165039 37617 0
0.010350465774536133 0.010736465454101562 35948 0
0.010573148727416992 0.013016939163208008 35974 0
0.010434389114379883 0.01079869270324707 37029 0
0.010222434997558594 0.010681629180908203 37487 0
0.00973653793334961 0.012282848358154297 36579 0
0.010976076126098633 0.011905193328857422 37939 0
0.010170698165893555 0.011301517486572266 37403 0
0.010840654373168945 0.012813091278076172 37285 0
0.010489225387573242 0.010590791702270508 36918 0
0.010266304016113281 0.010645389556884766 36936 0
0.010961771011352539 0.010965824127197266 34436 0
0.009870529174804688 0.010833740234375 36778 0
0.010534048080444336 0.010850667953491211 36700 0
0.010329723358154297 0.012428045272827148 36661 0
0.010137319564819336 0.010763168334960938 36562 0
0.010001897811889648 0.01063990592956543 36702 0
0.009946823120117188 0.01078653335571289 36876 0
0.011188745498657227 0.011227130889892578 36581 0
0.01001882553100586 0.010701417922973633 34369 0
0.010287761688232422 0.010714530944824219 36651 0
0.010344982147216797 0.010705947875976562 37785 0
0.008816003799438477 0.012714862823486328 37403 0
0.011210441589355469 0.010850191116333008 37313 0
0.01146388053894043 0.012020587921142578 37604 0
0.009479284286499023 0.012553691864013672 37026 0
0.011005640029907227 0.010990619659423828 35286 0
0.009961366653442383 0.011591434478759766 36511 0
0.01077413558959961 0.010948657989501953 36275 0
0.009550094604492188 0.012508869171142578 30691 0
0.010674715042114258 0.01074671745300293 36394 0
0.010655879974365234 0.010909318923950195 34358 0
0.010937213897705078 0.011144876480102539 35414 0
0.010250091552734375 0.010894536972045898 36283 0
0.010635614395141602 0.012414932250976562 36225 0
0.010688543319702148 0.011907577514648438 35805 0
0.010126352310180664 0.010795116424560547 37023 0
0.009934425354003906 0.012708187103271484 37116 0
0.01051783561706543 0.011200189590454102 37473 0
0.010497331619262695 0.011401891708374023 37312 0
0.010057926177978516 0.011400222778320312 37233 0
0.011425256729125977 0.010951042175292969 34976 0
0.01155853271484375 0.011455774307250977 37356 0
0.009721755981445312 0.011937141418457031 37343 0
0.009234189987182617 0.011812925338745117 37280 0
0.011032581329345703 0.010842323303222656 37198 0
0.010715246200561523 0.01269078254699707 37280 0
0.010052919387817383 0.010716438293457031 36938 0
0.009841442108154297 0.012160301208496094 37035 0
0.010204076766967773 0.012396812438964844 34541 0
0.010787010192871094 0.012239456176757812 36715 0
0.01016998291015625 0.010666608810424805 37081 0
0.01070857048034668 0.01086878776550293 36707 0
0.010381698608398438 0.01149606704711914 36853 0
0.009087324142456055 0.012915372848510742 36746 0
0.01148843765258789 0.01150655746459961 36429 0
0.011011600494384766 0.010651588439941406 35493 0
0.010503292083740234 0.01239156723022461 36751 0
0.01082611083984375 0.013183832168579102 36584 0
0.00879669189453125 0.01218104362487793 30637 0
0.010252237319946289 0.010665416717529297 35987 0
0.01015019416809082 0.010780096054077148 33841 0
0.010653257369995117 0.011112451553344727 34974 0
0.009502887725830078 0.01131129264831543 36466 0
0.009987115859985352 0.010777711868286133 36502 0
0.00978398323059082 0.013842105865478516 36026 0
0.010251998901367188 0.01104879379272461 36849 0
0.010373353958129883 0.011104345321655273 36899 0
0.010383844375610352 0.011579036712646484 36927 0
0.010936260223388672 0.011694908142089844 36855 0
0.010115623474121094 0.01172637939453125 36612 0
0.011226177215576172 0.012310504913330078 34064 0
0.008862018585205078 0.011727094650268555 36896 0
0.01114797592163086 0.011632680892944336 36602 0
0.009458303451538086 0.01270151138305664 36600 0
0.010573625564575195 0.011085033416748047 36524 0
0.010474443435668945 0.012228965759277344 36786 0
0.010274171829223633 0.011905193328857422 36567 0
0.010529041290283203 0.012959957122802734 36606 0
0.011329412460327148 0.011326789855957031 33401 0
0.01013636589050293 0.012607574462890625 36621 0
0.010596513748168945 0.011925458908081055 36895 0
0.010306835174560547 0.011126995086669922 36704 0
0.009255170822143555 0.011523246765136719 36588 0
0.010057687759399414 0.0107269287109375 36784 0
0.010198354721069336 0.011117219924926758 36479 0
0.010010480880737305 0.011495351791381836 35254 0
0.011016845703125 0.011748313903808594 36574 0
0.009521007537841797 0.012978315353393555 36430 0
0.010952949523925781 0.011458396911621094 31609 0
0.010577678680419922 0.010775327682495117 36376 0
0.010143756866455078 0.012400627136230469 33018 0
0.010138273239135742 0.011194944381713867 36170 0
0.010057449340820312 0.010767459869384766 36528 0
0.010518550872802734 0.010606050491333008 36664 0
0.0106201171875 0.01298975944519043 35585 0
0.009725093841552734 0.017464399337768555 36837 0
0.010874509811401367 0.01080632209777832 36867 0
0.01003408432006836 0.012542724609375 36843 0
0.015073537826538086 0.011773109436035156 37083 0
0.01093149185180664 0.011144876480102539 36561 0
0.009928226470947266 0.010862112045288086 34211 0
0.010274410247802734 0.010959148406982422 36622 0
0.010005712509155273 0.011812925338745117 36753 0
0.010146379470825195 0.011202573776245117 36947 0
0.010484933853149414 0.012223958969116211 37082 0
0.008867502212524414 0.012212991714477539 36981 0
0.009462833404541016 0.011808633804321289 36432 0
0.01072239875793457 0.011233329772949219 36448 0
0.011107683181762695 0.01269078254699707 34482 0
0.010039567947387695 0.011484384536743164 35924 0
0.011098861694335938 0.010769844055175781 38772 0
0.010384082794189453 0.012104272842407227 38406 0
0.009409904479980469 0.012444257736206055 38696 0
0.010651588439941406 0.011505126953125 39012 0
0.011302709579467773 0.011425495147705078 39054 0
0.00990748405456543 0.012471914291381836 38712 0
0.010659456253051758 0.010840654373168945 39129 0
0.010372638702392578 0.013571739196777344 38331 0
0.010063886642456055 0.012994766235351562 38237 0
0.01101994514465332 0.013688087463378906 38716 0
0.009980440139770508 0.011294126510620117 37433 0
0.010193824768066406 0.012632131576538086 37964 0
0.010801076889038086 0.011311769485473633 38339 0
0.010111331939697266 0.010683059692382812 38395 0
0.010524749755859375 0.013218402862548828 39119 0
0.009243488311767578 0.01209115982055664 38900 0
0.011849164962768555 0.010807037353515625 38655 0
0.010552406311035156 0.010818719863891602 38987 0
0.009066581726074219 0.012410163879394531 38948 0
0.009990692138671875 0.011041879653930664 38142 0
0.010137319564819336 0.010910749435424805 37871 0
0.010481595993041992 0.012710809707641602 37644 0
0.009932518005371094 0.013218402862548828 37641 0
0.010042667388916016 0.012051820755004883 37472 0
0.010545015335083008 0.011172771453857422 37947 0
0.010726451873779297 0.012897729873657227 37808 0
0.011192560195922852 0.011595487594604492 37448 0
0.01077413558959961 0.01273345947265625 38713 0
0.01103520393371582 0.011437654495239258 38688 0
0.010333776473999023 0.011913299560546875 38193 0
0.010215520858764648 0.011137247085571289 38248 0
0.01006007194519043 0.010692358016967773 38628 0
0.009058952331542969 0.012690544128417969 38004 0
0.010696172714233398 0.012395858764648438 37917 0
0.010997533798217773 0.013378620147705078 37701 0
0.01107025146484375 0.010785818099975586 37893 0
0.010257720947265625 0.01193380355834961 37567 0
0.009917736053466797 0.011295318603515625 38047 0
0.011327981948852539 0.01124119758605957 38534 0
0.010178804397583008 0.010978221893310547 37495 0
0.010280132293701172 0.011230707168579102 37543 0
0.010154962539672852 0.010897397994995117 37745 0
0.01202249526977539 0.01134347915649414 37914 0
0.009833574295043945 0.011422872543334961 37490 0
0.010610580444335938 0.01171255111694336 37720 0
0.010105133056640625 0.01082921028137207 37545 0
0.01021718978881836 0.01108407974243164 37161 0
0.011783838272094727 0.011640548706054688 37661 0
0.009552478790283203 0.011275291442871094 38376 0
0.009177684783935547 0.012300491333007812 37833 0
0.01050567626953125 0.010777711868286133 38833 0
0.010519266128540039 0.01147770881652832 38736 0
0.01100468635559082 0.013243675231933594 38297 0
0.00960993766784668 0.012341022491455078 38446 0
0.010217666625976562 0.010785341262817383 37991 0
0.009957075119018555 0.011225700378417969 37937 0
0.011349201202392578 0.017435789108276367 38008 0
0.010106563568115234 0.010864019393920898 37899 0
0.009924888610839844 0.012986421585083008 38329 0
0.01710033416748047 0.011012554168701172 38380 0
0.009238243103027344 0.011967182159423828 38328 0
0.008821249008178711 0.013413190841674805 38553 0
0.010589122772216797 0.012022256851196289 38615 0
0.009799957275390625 0.012340545654296875 38984 0
0.010170221328735352 0.012166261672973633 38974 0
0.008701801300048828 0.013038158416748047 39026 0
0.011139154434204102 0.010759592056274414 39040 0
0.010512828826904297 0.011054515838623047 39259 0
0.011389732360839844 0.010806560516357422 38843 0
0.010411262512207031 0.01099085807800293 39037 0
0.009125709533691406 0.012093067169189453 38615 0
0.008874654769897461 0.011855363845825195 38579 0
0.010631561279296875 0.011161327362060547 37436 0
0.010506629943847656 0.01079869270324707 39691 0
0.010594844818115234 0.011940717697143555 39492 0
0.010044336318969727 0.01076507568359375 39517 0
0.01074075698852539 0.011113882064819336 39756 0
0.009616613388061523 0.011737823486328125 40459 0
0.01001286506652832 0.010974645614624023 40217 0
0.01032876968383789 0.010944604873657227 40544 0
0.009793281555175781 0.01190328598022461 40279 0
0.01080775260925293 0.012107610702514648 40221 0
0.010988712310791016 0.01089787483215332 36608 0
0.008850336074829102 0.012774229049682617 35954 0
0.00986933708190918 0.01338338851928711 39400 0
0.011783361434936523 0.012847661972045898 41283 0
0.010290384292602539 0.010833024978637695 38181 0
0.010396957397460938 0.012757301330566406 39734 0
0.009008169174194336 0.01194906234741211 37170 0
0.009922027587890625 0.013073921203613281 37492 0
0.011370658874511719 0.011110544204711914 37793 0
0.009538888931274414 0.011174440383911133 38892 0
0.009752511978149414 0.012632369995117188 38848 0
0.008849382400512695 0.012524604797363281 38223 0
0.010506868362426758 0.010630607604980469 39574 0
0.01146388053894043 0.010671138763427734 39296 0
0.01026606559753418 0.011414289474487305 35788 0
0.009187936782836914 0.012786388397216797 40242 0
0.010331392288208008 0.011181354522705078 39269 0
0.010600805282592773 0.010993719100952148 38534 0
0.011247634887695312 0.012775659561157227 40689 0
0.010065793991088867 0.011096954345703125 40788 0
0.011359691619873047 0.011872291564941406 36734 0
0.010452032089233398 0.013111114501953125 40812 0
0.010620594024658203 0.01311349868774414 41042 0
0.010752439498901367 0.010924339294433594 41248 0
0.010784626007080078 0.012254953384399414 40827 0
0.0118560791015625 0.010962486267089844 41540 0
0.011174917221069336 0.01090383529663086 41521 0
0.010847330093383789 0.011753559112548828 41655 0
0.010381698608398438 0.012403249740600586 40934 0
0.01197957992553711 0.011154413223266602 41491 0
0.009016275405883789 0.012867927551269531 42633 0
0.0113372802734375 0.012282371520996094 41631 0
0.010588407516479492 0.01115727424621582 41415 0
0.010321617126464844 0.013444185256958008 41253 0
0.010234355926513672 0.010883331298828125 40761 0
0.009130239486694336 0.012342691421508789 40957 0
0.01122426986694336 0.011151552200317383 40976 0
0.010566234588623047 0.011318683624267578 40603 0
0.009067535400390625 0.01191258430480957 40791 0
0.010291337966918945 0.01143646240234375 41127 0
0.009694814682006836 0.011640310287475586 41306 0
0.011179924011230469 0.010802268981933594 40544 0
0.010451555252075195 0.010828733444213867 41545 0
0.010759830474853516 0.010865449905395508 41649 0
0.010875701904296875 0.01131129264831543 37706 0
0.009414196014404297 0.011609315872192383 41188 0
0.011021852493286133 0.01096796989440918 39795 0
0.010375738143920898 0.011676549911499023 39581 0
0.01017141342163086 0.010849237442016602 41132 0
0.008990287780761719 0.011735916137695312 41332 0
0.008890390396118164 0.012960195541381836 38173 0
0.010181903839111328 0.011426687240600586 41307 0
0.01096796989440918 0.01164102554321289 41248 0
0.01068115234375 0.011200428009033203 41749 0
0.010545969009399414 0.011693239212036133 41308 0
0.008960247039794922 0.012012243270874023 41226 0
0.01080179214477539 0.011904478073120117 41361 0
0.010225534439086914 0.01965808868408203 41324 0
0.010764598846435547 0.010836362838745117 42132 0
0.012208938598632812 0.012001276016235352 42408 0
0.010167837142944336 0.011548042297363281 41671 0
0.011464595794677734 0.010779619216918945 42312 0
0.009405374526977539 0.012604236602783203 42101 0
0.011414051055908203 0.010900735855102539 42560 0
0.01099705696105957 0.01110696792602539 41927 0
0.010031461715698242 0.012141704559326172 41792 0
0.008862733840942383 0.012784242630004883 41741 0
0.010825395584106445 0.011014461517333984 41362 0
0.011148452758789062 0.011170148849487305 42093 0
0.010668039321899414 0.01103067398071289 42120 0
0.010433673858642578 0.010802507400512695 42052 0
0.010769367218017578 0.01071476936340332 40864 0
0.010029315948486328 0.010956525802612305 42306 0
0.010635614395141602 0.010781288146972656 42651 0
0.009547233581542969 0.01135873794555664 38084 0
0.011068582534790039 0.011224985122680664 42285 0
0.009006500244140625 0.012250900268554688 41845 0
0.010910272598266602 0.010907649993896484 41198 0
0.011288166046142578 0.01088094711303711 42672 0
0.01116633415222168 0.011241912841796875 42796 0
0.011210918426513672 0.011198282241821289 40464 0
0.010344505310058594 0.010964632034301758 43251 0
0.010208606719970703 0.010944604873657227 42468 0
0.01084589958190918 0.011635541915893555 42705 0
0.01038980484008789 0.01094675064086914 42106 0
0.01003718376159668 0.012224912643432617 40960 0
0.010247230529785156 0.012455463409423828 40842 0
0.008901834487915039 0.012911081314086914 40449 0
0.011597633361816406 0.011157035827636719 40314 0
0.01079559326171875 0.011104345321655273 40694 0
0.010692596435546875 0.012773513793945312 40221 0
0.010437965393066406 0.013734579086303711 40538 0
0.011301994323730469 0.010802268981933594 40114 0
0.009964227676391602 0.011896133422851562 39572 0
0.01022791862487793 0.010650157928466797 39390 0
0.01050257682800293 0.013280630111694336 39150 0
0.010084152221679688 0.011163473129272461 40302 0
0.010922670364379883 0.011075258255004883 40193 0
0.009943723678588867 0.012638092041015625 40116 0
0.008932352066040039 0.011899471282958984 39479 0
0.010404109954833984 0.011147499084472656 39225 0
0.011040687561035156 0.011253595352172852 39481 0
0.010129928588867188 0.011197805404663086 39691 0
0.010365009307861328 0.010829448699951172 39408 0
0.0112457275390625 0.011069297790527344 39445 0
0.010495424270629883 0.011039018630981445 38659 0
0.010384082794189453 0.011499881744384766 39149 0
0.011195898056030273 0.011480093002319336 38929 0
0.010692596435546875 0.010778427124023438 39689 0
0.008916378021240234 0.01274728775024414 39480 0
0.010884761810302734 0.010885477066040039 39658 0
0.011731147766113281 0.011344194412231445 39047 0
0.010466337203979492 0.01122903823852539 39907 0
0.011252164840698242 0.01140451431274414 39931 0
