0.012958049774169922 0.015367746353149414 261219 0
0.013077020645141602 0.01629328727722168 261514 0
0.012970924377441406 0.016724586486816406 264825 0
0.012524843215942383 0.015173673629760742 262004 0
0.01419377326965332 0.016117095947265625 266051 0
0.01322484016418457 0.015893220901489258 268287 0
0.014202594757080078 0.017198801040649414 268693 0
0.012859821319580078 0.015166044235229492 268272 0
0.013477325439453125 0.01510310173034668 267392 0
0.013853311538696289 0.01672649383544922 267733 0
0.012740612030029297 0.015361547470092773 263663 0
0.012696266174316406 0.015448331832885742 260390 0
0.012418031692504883 0.015023231506347656 267350 0
0.01283717155456543 0.014780998229980469 262799 0
0.01146388053894043 0.015462160110473633 241299 0
0.012579679489135742 0.015816926956176758 262582 0
0.012521743774414062 0.01550745964050293 259530 0
0.013776540756225586 0.015624523162841797 255869 0
0.012430906295776367 0.014498233795166016 249683 0
0.01276254653930664 0.015913963317871094 260002 0
0.013171195983886719 0.015503644943237305 259292 0
0.01247715950012207 0.0153656005859375 254394 0
0.013190031051635742 0.015408515930175781 260608 0
0.012965679168701172 0.022632360458374023 266479 0
0.012578964233398438 0.015575408935546875 267192 0
0.012602567672729492 0.01596808433532715 264338 0
0.012238264083862305 0.015185832977294922 254890 0
0.011815309524536133 0.015214204788208008 263671 0
0.012581586837768555 0.015631437301635742 264629 0
0.012318849563598633 0.015303850173950195 259713 0
0.012752771377563477 0.015094757080078125 264693 0
0.013299942016601562 0.015934228897094727 266194 0
0.012602567672729492 0.014579534530639648 262748 0
0.012502193450927734 0.015337944030761719 263262 0
0.011459827423095703 0.015674352645874023 255165 0
0.013468742370605469 0.0159454345703125 266243 0
0.013061046600341797 0.01581716537475586 273759 0
0.01537013053894043 0.016384124755859375 269774 0
0.013571739196777344 0.016688823699951172 272885 0
0.01366567611694336 0.015730619430541992 265324 0
0.013358116149902344 0.015030145645141602 256991 0
0.012567281723022461 0.015375614166259766 260671 0
0.013741731643676758 0.015572309494018555 268103 0
0.01238703727722168 0.015290021896362305 267981 0
0.012801408767700195 0.014087915420532227 250341 0
0.013823270797729492 0.017301559448242188 266889 0
0.012861251831054688 0.016309261322021484 269722 0
0.012402057647705078 0.015844345092773438 266700 0
0.012953996658325195 0.015393495559692383 268955 0
0.013716936111450195 0.015314340591430664 268530 0
0.012742996215820312 0.015103340148925781 266877 0
0.013835906982421875 0.01541447639465332 269402 0
0.012959480285644531 0.016130447387695312 268030 0
0.011826753616333008 0.015184879302978516 269009 0
0.013046979904174805 0.015819549560546875 269409 0
0.013617515563964844 0.015605926513671875 270059 0
0.013981103897094727 0.0165555477142334 270923 0
0.011724233627319336 0.016249656677246094 270507 0
0.012991189956665039 0.016497135162353516 270967 0
0.012388467788696289 0.01601099967956543 271399 0
0.013187170028686523 0.01573801040649414 268174 0
0.014480352401733398 0.01589345932006836 268519 0
0.012631654739379883 0.016498088836669922 267852 0
0.012931108474731445 0.01588726043701172 266240 0
0.01458740234375 0.014902353286743164 262382 0
0.013633489608764648 0.016210079193115234 266679 0
0.012510061264038086 0.01551055908203125 267667 0
0.011862516403198242 0.015370845794677734 267462 0
0.014095067977905273 0.016051769256591797 266565 0
0.013296127319335938 0.016086578369140625 265142 0
0.013099193572998047 0.015327930450439453 263065 0
0.013326168060302734 0.016677379608154297 260151 0
0.012981414794921875 0.015909433364868164 265370 0
0.013429880142211914 0.016420602798461914 262640 0
0.01309823989868164 0.015410423278808594 240665 0
0.013566017150878906 0.01566314697265625 264383 0
0.01251530647277832 0.015564680099487305 263325 0
0.012111663818359375 0.015366554260253906 259008 0
0.012225627899169922 0.016182661056518555 260560 0
0.011707544326782227 0.014734029769897461 260189 0
0.012454748153686523 0.015711069107055664 264377 0
0.013542652130126953 0.01557159423828125 264621 0
0.012862205505371094 0.015479326248168945 261475 0
0.013570785522460938 0.015045166015625 261406 0
0.013020992279052734 0.01530003547668457 263902 0
0.012681245803833008 0.01518702507019043 263916 0
0.013360738754272461 0.014772653579711914 256273 0
0.013147830963134766 0.015778064727783203 264693 0
0.013427257537841797 0.01601552963256836 264707 0
0.012722969055175781 0.01642131805419922 265813 0
0.013546943664550781 0.015724658966064453 263761 0
0.013167381286621094 0.01621389389038086 263450 0
0.013320207595825195 0.015888452529907227 264599 0
0.013465404510498047 0.020411252975463867 259601 0
0.013907909393310547 0.015786409378051758 264991 0
0.012945890426635742 0.015603065490722656 263735 0
0.011357545852661133 0.01476287841796875 241372 0
0.013465166091918945 0.016264677047729492 265631 0
0.012449026107788086 0.016896963119506836 265856 0
0.01367950439453125 0.015548467636108398 258669 0
0.013210296630859375 0.016356468200683594 261267 0
0.011880159378051758 0.015712738037109375 263020 0
0.01468515396118164 0.01629328727722168 263957 0
0.013390302658081055 0.015468120574951172 269724 0
0.012575387954711914 0.014342546463012695 268269 0
0.012964725494384766 0.015657663345336914 268454 0
0.012760162353515625 0.016266345977783203 268095 0
0.01238393783569336 0.015398502349853516 270828 0
0.013859748840332031 0.015029191970825195 269959 0
0.013388395309448242 0.015482902526855469 268912 0
0.013071537017822266 0.0166778564453125 268916 0
0.01381063461303711 0.016206979751586914 268266 0
0.012091875076293945 0.014991283416748047 268549 0
0.01315617561340332 0.0156557559967041 269803 0
0.013150453567504883 0.015499591827392578 265761 0
0.012667179107666016 0.015642881393432617 268821 0
0.013022422790527344 0.016663789749145508 256317 0
0.012847185134887695 0.015135526657104492 269281 0
0.014463424682617188 0.015891551971435547 268394 0
0.013114690780639648 0.017277002334594727 269091 0
0.014967679977416992 0.015906572341918945 265834 0
0.012957096099853516 0.0161440372467041 267266 0
0.013079643249511719 0.015954971313476562 265138 0
0.01244211196899414 0.01707172393798828 262111 0
0.01197361946105957 0.015362977981567383 266355 0
0.012625455856323242 0.017409801483154297 266818 0
0.012539386749267578 0.015232324600219727 245131 0
0.012472152709960938 0.015416145324707031 263215 0
0.012645244598388672 0.014925956726074219 249725 0
0.011622190475463867 0.015029668807983398 254019 0
0.013077259063720703 0.01574087142944336 256404 0
0.012206554412841797 0.01605844497680664 259604 0
0.012828826904296875 0.015351057052612305 254426 0
0.014323234558105469 0.01707911491394043 259933 0
0.012209177017211914 0.0160675048828125 264565 0
0.012633562088012695 0.01605510711669922 266131 0
0.013521194458007812 0.016821622848510742 265347 0
0.014137506484985352 0.016248703002929688 266637 0
0.01394796371459961 0.015453815460205078 264099 0
0.012762308120727539 0.01816272735595703 266177 0
0.012703895568847656 0.01621842384338379 269082 0
0.013929367065429688 0.016183853149414062 269847 0
0.012791633605957031 0.015244007110595703 266620 0
0.01243448257446289 0.01563549041748047 268090 0
0.01294088363647461 0.014917135238647461 266057 0
0.013670921325683594 0.01625347137451172 272497 0
0.013166189193725586 0.015738964080810547 269491 0
0.012455224990844727 0.01623702049255371 266862 0
0.012973785400390625 0.016257286071777344 262289 0
0.013514995574951172 0.015207529067993164 262815 0
0.01317143440246582 0.01718592643737793 269628 0
0.012885570526123047 0.0155792236328125 276790 0
0.013549327850341797 0.016814231872558594 275329 0
0.013659477233886719 0.01619720458984375 274416 0
0.013049125671386719 0.015715599060058594 274346 0
0.01254129409790039 0.015708446502685547 269540 0
0.012808799743652344 0.014950990676879883 245137 0
0.012809514999389648 0.015429973602294922 264879 0
0.01225900650024414 0.01594829559326172 267754 0
0.01309347152709961 0.015118598937988281 257272 0
0.013609886169433594 0.015462160110473633 256978 0
0.012631654739379883 0.014747142791748047 258819 0
0.013230562210083008 0.014833688735961914 256786 0
0.012570858001708984 0.017667770385742188 258817 0
0.013299703598022461 0.015785932540893555 266317 0
0.012239694595336914 0.01635575294494629 261019 0
0.012384414672851562 0.01566481590270996 260169 0
0.012265920639038086 0.014782190322875977 268169 0
0.012790441513061523 0.016047239303588867 264973 0
0.013519287109375 0.015519857406616211 273607 0
0.013233184814453125 0.016585588455200195 264885 0
0.012039422988891602 0.015831708908081055 270681 0
0.012501001358032227 0.015798091888427734 271147 0
0.01305532455444336 0.015250682830810547 273199 0
0.012225866317749023 0.01615452766418457 271728 0
0.013271093368530273 0.015168428421020508 272082 0
0.012676239013671875 0.01555323600769043 263838 0
0.013492345809936523 0.01600503921508789 274276 0
0.012601852416992188 0.014966249465942383 274859 0
0.013558387756347656 0.017090320587158203 274982 0
0.013772010803222656 0.016434907913208008 271380 0
0.012918710708618164 0.015619039535522461 269801 0
0.013617753982543945 0.015770435333251953 271131 0
0.012368202209472656 0.014857292175292969 264714 0
0.01264810562133789 0.01527094841003418 269751 0
0.012473106384277344 0.01581549644470215 269655 0
0.013211965560913086 0.01482701301574707 247163 0
0.012458324432373047 0.015484809875488281 271103 0
0.015601158142089844 0.01613020896911621 272131 0
0.014284610748291016 0.0187680721282959 263716 0
0.01275634765625 0.015105962753295898 267122 0
0.012932538986206055 0.01663041114807129 267969 0
0.012559652328491211 0.015295028686523438 268880 0
0.013866901397705078 0.016252756118774414 270710 0
0.013151407241821289 0.01691436767578125 269690 0
0.013202190399169922 0.016234874725341797 268754 0
0.014368057250976562 0.016846418380737305 268998 0
0.013131380081176758 0.015717267990112305 270505 0
0.012341499328613281 0.014502763748168945 269931 0
0.012958049774169922 0.016259431838989258 267801 0
0.013338804244995117 0.01719379425048828 265085 0
0.011534452438354492 0.015801668167114258 248190 0
0.012444734573364258 0.01518106460571289 242419 0
0.013323545455932617 0.015466451644897461 245156 0
0.012396097183227539 0.015523195266723633 244612 0
0.012448787689208984 0.015449047088623047 246411 0
0.013307571411132812 0.01627063751220703 246685 0
0.012587547302246094 0.01580977439880371 248522 0
0.013306140899658203 0.015925884246826172 251848 0
0.012693643569946289 0.015390872955322266 250867 0
0.012387275695800781 0.016027450561523438 247131 0
0.011671781539916992 0.015907764434814453 249749 0
0.013205528259277344 0.01562952995300293 249730 0
0.012502431869506836 0.015688657760620117 247030 0
0.012818336486816406 0.014274120330810547 247546 0
0.012577056884765625 0.015108823776245117 245502 0
0.011463165283203125 0.015022993087768555 245838 0
0.01246333122253418 0.01577138900756836 236702 0
0.012916088104248047 0.01618814468383789 247582 0
0.012651920318603516 0.015160560607910156 248495 0
0.01248621940612793 0.015408039093017578 248799 0
0.0127105712890625 0.020302772521972656 248997 0
0.012298345565795898 0.015900373458862305 248484 0
0.012841224670410156 0.015645503997802734 249110 0
0.012186765670776367 0.016657590866088867 249498 0
0.012902975082397461 0.015559673309326172 248338 0
0.012596368789672852 0.016600847244262695 248306 0
0.012202978134155273 0.0155029296875 247808 0
0.012862920761108398 0.01562190055847168 247258 0
0.012779474258422852 0.015296220779418945 248159 0
0.013190746307373047 0.01550149917602539 246193 0
0.013357400894165039 0.015972137451171875 246661 0
0.0129852294921875 0.015452384948730469 246929 0
0.011837244033813477 0.015753507614135742 247266 0
0.01273965835571289 0.015735387802124023 248775 0
0.012772560119628906 0.015941143035888672 248407 0
0.012714624404907227 0.015584707260131836 248080 0
0.012536048889160156 0.015114784240722656 247278 0
0.012658834457397461 0.015420198440551758 247372 0
0.01368570327758789 0.015974044799804688 247236 0
0.01297307014465332 0.015071868896484375 246134 0
0.012887001037597656 0.01619553565979004 247254 0
0.012832164764404297 0.014967203140258789 248030 0
0.013475656509399414 0.014629364013671875 247386 0
0.012737035751342773 0.01610112190246582 248263 0
0.012030363082885742 0.015133380889892578 246101 0
0.012188434600830078 0.016077280044555664 246270 0
0.013103485107421875 0.01529693603515625 234609 0
0.012339115142822266 0.01639103889465332 246325 0
0.012517929077148438 0.013937950134277344 246485 0
0.012380361557006836 0.016193151473999023 247444 0
0.012563943862915039 0.014781951904296875 247532 0
0.01351165771484375 0.015163660049438477 247469 0
0.01206350326538086 0.015370368957519531 247965 0
0.013075590133666992 0.015466690063476562 248247 0
0.012560367584228516 0.01469731330871582 247773 0
0.01286935806274414 0.015062808990478516 247973 0
0.012519359588623047 0.015495777130126953 246415 0
0.013121843338012695 0.016417980194091797 244520 0
0.012230396270751953 0.015540838241577148 244544 0
0.01319432258605957 0.016212940216064453 244142 0
0.012381553649902344 0.015083551406860352 244900 0
0.013020515441894531 0.01641058921813965 246419 0
0.012572288513183594 0.01553201675415039 246212 0
0.013247013092041016 0.015462160110473633 247870 0
0.013385295867919922 0.016127586364746094 247318 0
0.01120138168334961 0.016286611557006836 248168 0
0.013029813766479492 0.014997243881225586 247673 0
0.012582778930664062 0.01579594612121582 248664 0
0.01292729377746582 0.014989137649536133 248380 0
0.012368440628051758 0.01568889617919922 246138 0
0.012988090515136719 0.015339374542236328 246863 0
0.012577533721923828 0.015156984329223633 247026 0
0.01283717155456543 0.01619887351989746 257784 0
0.012948989868164062 0.015864133834838867 256407 0
0.011864662170410156 0.015086174011230469 248946 0
0.013376951217651367 0.016893863677978516 267891 0
0.013076305389404297 0.014734268188476562 260441 0
0.013276338577270508 0.016815185546875 266882 0
0.013029098510742188 0.015179872512817383 262512 0
0.012306690216064453 0.015246391296386719 257424 0
0.012541055679321289 0.01583266258239746 259905 0
0.013311624526977539 0.017132997512817383 260839 0
0.01192927360534668 0.015686988830566406 260078 0
0.012856245040893555 0.016619205474853516 258869 0
0.012921571731567383 0.01590585708618164 257149 0
0.012378454208374023 0.015621185302734375 250267 0
0.012560844421386719 0.015565872192382812 250566 0
0.012633562088012695 0.015487194061279297 244335 0
0.013509988784790039 0.01631927490234375 247903 0
0.012840032577514648 0.015434503555297852 249036 0
0.013138771057128906 0.02146124839782715 246709 0
0.012879610061645508 0.014620304107666016 245778 0
0.01355290412902832 0.016445159912109375 247565 0
0.011105775833129883 0.015303611755371094 247072 0
0.013387203216552734 0.015915632247924805 247710 0
0.012538433074951172 0.014853954315185547 248558 0
0.013195991516113281 0.015957355499267578 250210 0
0.012778043746948242 0.016563892364501953 250653 0
0.012289285659790039 0.015180349349975586 232716 0
0.012485265731811523 0.015113115310668945 250403 0
0.012662887573242188 0.01621556282043457 251573 0
0.011188507080078125 0.016448497772216797 247527 0
0.013091087341308594 0.016052722930908203 251568 0
0.013480424880981445 0.016294002532958984 251583 0
0.012346744537353516 0.015447139739990234 250565 0
0.013764142990112305 0.016682147979736328 252178 0
0.01234745979309082 0.015622138977050781 250398 0
0.013636350631713867 0.01519012451171875 249276 0
0.012199640274047852 0.015319585800170898 249052 0
0.012485027313232422 0.015163898468017578 247196 0
0.01218724250793457 0.015348434448242188 248052 0
0.013066768646240234 0.015923023223876953 248703 0
0.012626886367797852 0.015209197998046875 250126 0
0.01313018798828125 0.015378236770629883 250605 0
0.012437820434570312 0.015301227569580078 251830 0
0.012486934661865234 0.01553034782409668 250196 0
0.012623071670532227 0.01535487174987793 249188 0
0.012341976165771484 0.014482498168945312 250450 0
0.01279759407043457 0.015112161636352539 248769 0
0.011881351470947266 0.01608586311340332 247739 0
0.012839555740356445 0.015621423721313477 248995 0
0.01408696174621582 0.016082286834716797 248336 0
0.013578414916992188 0.01600027084350586 248781 0
0.011491060256958008 0.015150785446166992 248755 0
0.013397216796875 0.016446352005004883 247487 0
0.011381864547729492 0.02350783348083496 246014 0
0.012879371643066406 0.015531778335571289 249536 0
0.012394189834594727 0.0141143798828125 249013 0
0.012266159057617188 0.01538705825805664 230243 0
0.012585639953613281 0.015472650527954102 248072 0
0.013840436935424805 0.015471935272216797 250791 0
0.012432575225830078 0.01569366455078125 244320 0
0.013450145721435547 0.01554250717163086 251954 0
0.012607812881469727 0.015120506286621094 250394 0
0.012261152267456055 0.015401363372802734 247789 0
0.012270927429199219 0.0153961181640625 251575 0
0.013519287109375 0.016110658645629883 250312 0
0.01229548454284668 0.014969348907470703 250113 0
0.013502120971679688 0.01631903648376465 249625 0
0.012831926345825195 0.015505552291870117 247078 0
0.012636184692382812 0.015807628631591797 249313 0
0.01251840591430664 0.015661001205444336 247139 0
0.012745857238769531 0.015579700469970703 248600 0
0.012786626815795898 0.01622176170349121 248957 0
0.011569738388061523 0.015479087829589844 250243 0
0.012298345565795898 0.01512002944946289 251137 0
0.012295722961425781 0.014993429183959961 249974 0
0.013562679290771484 0.015290021896362305 250201 0
0.013270854949951172 0.016487836837768555 249318 0
0.01195669174194336 0.015424728393554688 247827 0
0.012283086776733398 0.015604257583618164 249824 0
0.012126445770263672 0.01459193229675293 247793 0
0.012635469436645508 0.015093088150024414 248761 0
0.01264810562133789 0.01621103286743164 249472 0
0.012858390808105469 0.015666723251342773 247379 0
0.013721942901611328 0.016164779663085938 245053 0
0.012630701065063477 0.014549016952514648 250702 0
0.013752460479736328 0.021645545959472656 249327 0
0.012609720230102539 0.015625953674316406 227607 0
0.014384269714355469 0.01580953598022461 244893 0
0.0185699462890625 0.016713619232177734 247826 0
0.012559890747070312 0.015184402465820312 241122 0
0.012401103973388672 0.015151500701904297 249119 0
0.01217031478881836 0.015282630920410156 250894 0
0.01230764389038086 0.015279531478881836 235628 0
0.01229095458984375 0.01470041275024414 227176 0
0.01182413101196289 0.014861345291137695 245878 0
0.012373924255371094 0.015405654907226562 249254 0
0.012981176376342773 0.015728473663330078 252973 0
0.013827323913574219 0.016260147094726562 251273 0
0.01248788833618164 0.015451908111572266 252387 0
0.011510610580444336 0.016567230224609375 254160 0
0.012956380844116211 0.016193151473999023 252333 0
0.011644840240478516 0.015070676803588867 250087 0
0.01226353645324707 0.01596355438232422 232706 0
0.013335466384887695 0.015002727508544922 231556 0
0.011860370635986328 0.015158653259277344 251863 0
0.01331019401550293 0.017024993896484375 253618 0
0.01239776611328125 0.015524148941040039 250013 0
0.01314854621887207 0.015496253967285156 250981 0
0.012902021408081055 0.015680551528930664 251448 0
0.013000726699829102 0.01663041114807129 251676 0
0.012439489364624023 0.01616644859313965 253398 0
0.012764215469360352 0.015159845352172852 254653 0
0.012741565704345703 0.016432523727416992 253027 0
0.011330366134643555 0.015810489654541016 250362 0
0.013009309768676758 0.016550779342651367 253818 0
0.01300501823425293 0.01578545570373535 252504 0
0.012558221817016602 0.01581883430480957 240304 0
0.012863874435424805 0.0152740478515625 251424 0
0.012691736221313477 0.016254186630249023 250564 0
0.012258529663085938 0.015147924423217773 250142 0
0.012369632720947266 0.017995357513427734 252137 0
0.013000965118408203 0.015618324279785156 251122 0
0.012804746627807617 0.015071630477905273 249935 0
0.012442588806152344 0.015621662139892578 248698 0
0.01283884048461914 0.015617132186889648 250266 0
0.0125732421875 0.015529155731201172 249930 0
0.012719869613647461 0.015170574188232422 247918 0
0.013706445693969727 0.016242265701293945 248871 0
0.012996912002563477 0.015273332595825195 247917 0
0.012235164642333984 0.015369415283203125 248441 0
0.012129545211791992 0.01499795913696289 247543 0
0.012798070907592773 0.015738725662231445 249626 0
0.012704610824584961 0.014544963836669922 249893 0
0.012305974960327148 0.015367507934570312 247135 0
0.012404203414916992 0.015018701553344727 244546 0
0.012346029281616211 0.015510320663452148 246636 0
0.012783527374267578 0.014722108840942383 243288 0
0.012063026428222656 0.014625787734985352 227822 0
0.013076305389404297 0.014941215515136719 242710 0
0.012395620346069336 0.015461206436157227 243029 0
0.013954877853393555 0.016594409942626953 245733 0
0.012336969375610352 0.015515327453613281 240782 0
0.012459754943847656 0.016267061233520508 243101 0
0.012227058410644531 0.014385461807250977 244068 0
0.01299142837524414 0.016239643096923828 241906 0
0.01317286491394043 0.015563488006591797 242293 0
0.013806819915771484 0.01580643653869629 243394 0
0.013141155242919922 0.01495671272277832 242160 0
0.0127410888671875 0.016834735870361328 242260 0
0.012538433074951172 0.01430964469909668 243450 0
0.01349329948425293 0.015801668167114258 239983 0
0.012722492218017578 0.015203475952148438 241288 0
0.015308856964111328 0.0164186954498291 242402 0
0.013723373413085938 0.015961647033691406 240501 0
0.012848854064941406 0.016100168228149414 240872 0
0.012548685073852539 0.015123605728149414 241570 0
0.012623071670532227 0.015294313430786133 241173 0
0.012115478515625 0.015174150466918945 241310 0
0.012499570846557617 0.014695405960083008 242271 0
0.012995481491088867 0.015695810317993164 241102 0
0.01335287094116211 0.0158388614654541 241738 0
0.011767864227294922 0.015871524810791016 242687 0
0.013239622116088867 0.015442132949829102 241122 0
0.01253652572631836 0.015971660614013672 242229 0
0.012494087219238281 0.014865875244140625 238671 0
0.012881994247436523 0.015398979187011719 239641 0
0.012425422668457031 0.015301942825317383 239833 0
0.012133598327636719 0.014946460723876953 223079 0
0.012332677841186523 0.015479087829589844 238438 0
0.012682437896728516 0.014554977416992188 240103 0
0.01336979866027832 0.015925884246826172 241896 0
0.011731386184692383 0.015125274658203125 238543 0
0.012186527252197266 0.015598773956298828 239515 0
0.013039112091064453 0.015901803970336914 241672 0
0.012111902236938477 0.01494288444519043 239687 0
0.012349128723144531 0.015474081039428711 240075 0
0.013422966003417969 0.015517234802246094 242519 0
0.012180805206298828 0.015000581741333008 239790 0
0.010950803756713867 0.016384124755859375 239835 0
0.012651443481445312 0.015686511993408203 240331 0
0.012110233306884766 0.015383720397949219 238736 0
0.012807846069335938 0.016135215759277344 238018 0
0.011855602264404297 0.015753746032714844 239039 0
0.012727975845336914 0.01503753662109375 237785 0
0.013237714767456055 0.01752448081970215 237650 0
0.01318359375 0.016385316848754883 239364 0
0.012535810470581055 0.015435457229614258 238617 0
0.012418985366821289 0.015330791473388672 238854 0
0.013191461563110352 0.015483379364013672 240494 0
0.013457059860229492 0.015665769577026367 239380 0
0.012653112411499023 0.014412641525268555 238978 0
0.01212763786315918 0.014999628067016602 240019 0
0.013107776641845703 0.016161441802978516 238531 0
0.013386249542236328 0.015709877014160156 239307 0
0.012857437133789062 0.014400720596313477 235806 0
0.012378215789794922 0.014421224594116211 237698 0
0.013142108917236328 0.01558542251586914 237249 0
0.012202978134155273 0.014908075332641602 219838 0
0.012317180633544922 0.01485896110534668 234978 0
0.0123748779296875 0.013873577117919922 236740 0
0.013106346130371094 0.01558685302734375 237585 0
0.011370420455932617 0.014503240585327148 235643 0
0.013392925262451172 0.015914440155029297 237391 0
0.01227569580078125 0.015326499938964844 238780 0
0.012289285659790039 0.015275239944458008 238298 0
0.0117034912109375 0.015292882919311523 238025 0
0.01237630844116211 0.015692710876464844 238088 0
0.012578964233398438 0.014999866485595703 236031 0
0.012072324752807617 0.015265464782714844 236246 0
0.012700319290161133 0.015451908111572266 235557 0
0.01392364501953125 0.01605224609375 235170 0
0.013032674789428711 0.01623821258544922 235490 0
0.01251363754272461 0.014946699142456055 236319 0
0.01307368278503418 0.014819145202636719 231143 0
0.012881994247436523 0.015163898468017578 230587 0
0.012363195419311523 0.015596628189086914 232630 0
0.01537466049194336 0.015896081924438477 233718 0
0.01201009750366211 0.013976812362670898 233068 0
0.012895584106445312 0.015787363052368164 235254 0
0.01204824447631836 0.014922142028808594 236322 0
0.011619091033935547 0.015604972839355469 236710 0
0.012409687042236328 0.015121936798095703 236869 0
0.012621164321899414 0.015294551849365234 236266 0
0.012524843215942383 0.015917301177978516 231065 0
0.012869834899902344 0.01568007469177246 227738 0
0.01265859603881836 0.014533519744873047 229721 0
0.012151241302490234 0.015071392059326172 227691 0
0.012514352798461914 0.01616501808166504 212891 0
0.01319575309753418 0.01501321792602539 229078 0
0.013096332550048828 0.01488804817199707 229486 0
0.012221097946166992 0.014955759048461914 229274 0
0.012358903884887695 0.015006542205810547 225639 0
0.011474132537841797 0.01533198356628418 227467 0
0.013065338134765625 0.015067100524902344 233885 0
0.012423992156982422 0.015378475189208984 230460 0
0.01212930679321289 0.016596078872680664 230642 0
0.012197256088256836 0.015429019927978516 229842 0
0.012361288070678711 0.01467442512512207 226464 0
0.012265443801879883 0.015826940536499023 225067 0
0.012508630752563477 0.015097618103027344 225908 0
0.011829137802124023 0.014132261276245117 224878 0
0.013583183288574219 0.015619039535522461 224384 0
0.012294769287109375 0.015141010284423828 226143 0
0.012545347213745117 0.014952898025512695 226815 0
0.011723041534423828 0.015005826950073242 229449 0
0.012398242950439453 0.01470184326171875 230526 0
0.012969017028808594 0.014354228973388672 227900 0
0.01291513442993164 0.014693498611450195 227673 0
0.016097068786621094 0.015973329544067383 228459 0
0.01207590103149414 0.015216827392578125 227006 0
0.012742280960083008 0.014835357666015625 227337 0
0.012751102447509766 0.01589822769165039 226814 0
0.012407779693603516 0.01479959487915039 225694 0
0.011219501495361328 0.014717578887939453 224696 0
0.012294530868530273 0.0153961181640625 220534 0
0.012576818466186523 0.016182899475097656 225136 0
0.0122222900390625 0.01487112045288086 223278 0
0.012538433074951172 0.015094757080078125 208579 0
0.01192021369934082 0.013869762420654297 223634 0
0.012713432312011719 0.015971899032592773 226281 0
0.011343240737915039 0.01484990119934082 227255 0
0.012474536895751953 0.013657569885253906 224475 0
0.012827396392822266 0.014281988143920898 227239 0
0.01269674301147461 0.015810251235961914 226055 0
0.012777090072631836 0.015638113021850586 224818 0
0.012059450149536133 0.015461921691894531 232002 0
0.012897968292236328 0.01473855972290039 230001 0
0.011665105819702148 0.015068292617797852 211642 0
0.012570381164550781 0.015302181243896484 229352 0
0.011996269226074219 0.015089273452758789 231859 0
0.012168407440185547 0.01535797119140625 230399 0
0.012309074401855469 0.015369892120361328 228591 0
0.013519763946533203 0.01643514633178711 231624 0
0.01304936408996582 0.015813827514648438 234258 0
0.013717174530029297 0.015647411346435547 233289 0
0.012119531631469727 0.015424966812133789 235148 0
0.012511491775512695 0.015143632888793945 232870 0
0.012747526168823242 0.020151853561401367 233544 0
0.012988805770874023 0.015959978103637695 232120 0
0.013579845428466797 0.015911579132080078 233111 0
0.01211094856262207 0.015146732330322266 234802 0
0.012454032897949219 0.015401124954223633 235164 0
0.012143135070800781 0.014400959014892578 232438 0
0.012773513793945312 0.01660609245300293 227383 0
0.012440681457519531 0.015104532241821289 227686 0
0.01264643669128418 0.016243934631347656 234496 0
0.013192415237426758 0.015602588653564453 234194 0
0.012913703918457031 0.015979766845703125 236433 0
0.012833356857299805 0.015163183212280273 235668 0
0.012401580810546875 0.015656232833862305 232977 0
0.013218164443969727 0.01616525650024414 232813 0
0.013689041137695312 0.015501737594604492 233895 0
0.012223243713378906 0.014165878295898438 233512 0
0.012772083282470703 0.015247106552124023 232264 0
0.012137651443481445 0.015161275863647461 232608 0
0.012044191360473633 0.014762639999389648 233103 0
0.01173710823059082 0.014975309371948242 231470 0
0.012928485870361328 0.015152215957641602 234993 0
0.012112140655517578 0.0151214599609375 232854 0
0.012084484100341797 0.014848709106445312 233848 0
0.012074708938598633 0.014396429061889648 234005 0
0.013201236724853516 0.015826702117919922 232544 0
0.012203693389892578 0.01550602912902832 231902 0
0.012440204620361328 0.01584029197692871 225756 0
0.012671709060668945 0.014321565628051758 230992 0
0.012415885925292969 0.015171051025390625 229569 0
0.0121612548828125 0.014829635620117188 213264 0
0.012146711349487305 0.014701366424560547 230504 0
0.012512445449829102 0.015634536743164062 231343 0
0.012244939804077148 0.01782393455505371 231939 0
0.013091325759887695 0.015880346298217773 228414 0
0.01239776611328125 0.013773918151855469 230392 0
0.013040304183959961 0.015202045440673828 237101 0
0.014225006103515625 0.016230106353759766 236718 0
0.01249551773071289 0.014420509338378906 237438 0
0.012016057968139648 0.015130043029785156 237489 0
0.011083602905273438 0.014920234680175781 234038 0
0.01274418830871582 0.01533961296081543 235765 0
0.011925458908081055 0.015681028366088867 233152 0
0.012400627136230469 0.015068531036376953 233533 0
0.012450218200683594 0.015290021896362305 234958 0
0.011527776718139648 0.014890432357788086 234210 0
0.012366533279418945 0.01482081413269043 233997 0
0.012986421585083008 0.015493154525756836 236242 0
0.014751434326171875 0.016327619552612305 238961 0
0.012347936630249023 0.01495814323425293 235147 0
0.01101231575012207 0.014832496643066406 236963 0
0.013617515563964844 0.014907121658325195 236455 0
0.013097763061523438 0.015111923217773438 235590 0
0.012242555618286133 0.017389774322509766 234474 0
0.013153791427612305 0.014869213104248047 236831 0
0.011911392211914062 0.01497340202331543 257683 0
0.013398885726928711 0.015595436096191406 262409 0
0.01433873176574707 0.01639413833618164 263000 0
0.012675762176513672 0.015420198440551758 264523 0
0.013031005859375 0.01593756675720215 263241 0
0.01270151138305664 0.016921043395996094 263471 0
0.013497591018676758 0.015489578247070312 264605 0
0.01400303840637207 0.016464710235595703 262370 0
0.012578010559082031 0.015508890151977539 264923 0
0.013357877731323242 0.015111923217773438 264920 0
0.013521194458007812 0.01558828353881836 261670 0
0.013228178024291992 0.015426397323608398 264894 0
0.013607501983642578 0.015194892883300781 264837 0
0.0129547119140625 0.015593290328979492 264309 0
0.013681173324584961 0.015197277069091797 265044 0
0.012460470199584961 0.014704227447509766 265838 0
0.015198230743408203 0.017087936401367188 266431 0
0.012368202209472656 0.015679121017456055 263256 0
0.01237344741821289 0.015042543411254883 253740 0
0.012909412384033203 0.01600360870361328 265419 0
0.012697458267211914 0.015811920166015625 265468 0
0.01342916488647461 0.016467571258544922 266041 0
0.012481689453125 0.015753746032714844 266590 0
0.012441158294677734 0.014359474182128906 265800 0
0.012573480606079102 0.015775203704833984 269897 0
0.014282464981079102 0.015894412994384766 266555 0
0.012964725494384766 0.015374183654785156 269242 0
0.012740850448608398 0.01569366455078125 268370 0
0.014039278030395508 0.01679229736328125 247739 0
0.013963460922241211 0.015799760818481445 267244 0
0.012219905853271484 0.01655435562133789 267309 0
0.012797355651855469 0.01679825782775879 268872 0
0.012630939483642578 0.01607680320739746 269705 0
0.013180255889892578 0.015555143356323242 271476 0
0.013832569122314453 0.016824007034301758 271077 0
0.012334108352661133 0.015892505645751953 272136 0
0.013727188110351562 0.01667046546936035 272043 0
0.014077901840209961 0.017286300659179688 271052 0
0.014185428619384766 0.015383243560791016 266489 0
0.014412164688110352 0.01726055145263672 271940 0
0.012901544570922852 0.016268253326416016 268822 0
0.013606548309326172 0.01597762107849121 270812 0
0.011692047119140625 0.015688180923461914 271667 0
0.01282501220703125 0.015769481658935547 272212 0
0.013257980346679688 0.015210866928100586 271060 0
0.014902591705322266 0.015489816665649414 273505 0
0.012045621871948242 0.016215801239013672 272252 0
0.013879537582397461 0.016316652297973633 273446 0
0.012852668762207031 0.015347480773925781 262416 0
0.013755559921264648 0.016523122787475586 273042 0
0.012712478637695312 0.01701068878173828 273153 0
0.01276850700378418 0.017883777618408203 273447 0
0.014236211776733398 0.01647210121154785 273519 0
0.013721466064453125 0.015553951263427734 273422 0
0.013807058334350586 0.016251802444458008 274411 0
0.01254892349243164 0.016121625900268555 269336 0
0.012589693069458008 0.015748023986816406 274816 0
0.012799739837646484 0.015394449234008789 276696 0
0.013322830200195312 0.016088247299194336 253117 0
0.01444864273071289 0.015637636184692383 273403 0
0.012845039367675781 0.016770124435424805 269470 0
0.012738466262817383 0.015934467315673828 269071 0
0.013195991516113281 0.015892744064331055 275351 0
0.013599395751953125 0.015389680862426758 277083 0
0.013244867324829102 0.01523590087890625 270410 0
0.014528751373291016 0.017006397247314453 278268 0
0.013126373291015625 0.016850709915161133 277416 0
0.013312101364135742 0.01597142219543457 276741 0
0.013736963272094727 0.01663374900817871 277579 0
0.013681411743164062 0.01577591896057129 275605 0
0.012789249420166016 0.01682448387145996 271263 0
0.014075994491577148 0.01672673225402832 275982 0
0.013503789901733398 0.01591968536376953 277552 0
0.01410531997680664 0.016282081604003906 275872 0
0.01301121711730957 0.015260457992553711 276428 0
0.01276254653930664 0.0165555477142334 275309 0
0.012810468673706055 0.015558958053588867 276527 0
0.012439966201782227 0.01612567901611328 276089 0
0.01253509521484375 0.01458883285522461 265746 0
0.012790441513061523 0.015905141830444336 273694 0
0.012341737747192383 0.015388250350952148 274459 0
0.014029264450073242 0.017348051071166992 274660 0
0.014036178588867188 0.015590906143188477 272289 0
0.0197451114654541 0.016489744186401367 272773 0
0.01426839828491211 0.016088485717773438 272725 0
0.013051986694335938 0.015963077545166016 266384 0
0.012078046798706055 0.016917943954467773 273942 0
0.01272273063659668 0.015517234802246094 273817 0
0.012682676315307617 0.015154123306274414 245282 0
0.012528181076049805 0.015749692916870117 267151 0
0.012874126434326172 0.015300750732421875 261510 0
0.012897729873657227 0.01609349250793457 261140 0
0.013320207595825195 0.015911340713500977 264933 0
0.01271677017211914 0.01522970199584961 267464 0
0.013586044311523438 0.01635289192199707 262989 0
0.012796640396118164 0.0157930850982666 267866 0
0.012927770614624023 0.015637636184692383 266612 0
0.013067007064819336 0.01690983772277832 264888 0
0.012826204299926758 0.015755653381347656 263066 0
0.013120651245117188 0.015923738479614258 263843 0
0.012874126434326172 0.016767024993896484 252983 0
0.013292074203491211 0.01573348045349121 261828 0
0.012286186218261719 0.015742778778076172 262238 0
0.013726472854614258 0.017122507095336914 261328 0
0.012719154357910156 0.015598297119140625 260911 0
0.012720346450805664 0.014644861221313477 261583 0
0.012710809707641602 0.014496088027954102 261429 0
0.014123916625976562 0.01660919189453125 260458 0
0.012106180191040039 0.01580643653869629 252711 0
0.01921224594116211 0.014971494674682617 260518 0
0.013301610946655273 0.01580190658569336 264656 0
0.013092994689941406 0.016524791717529297 264227 0
0.01247096061706543 0.0162811279296875 262895 0
0.014884710311889648 0.015834331512451172 264055 0
0.013069629669189453 0.015804290771484375 262579 0
0.011955499649047852 0.015208005905151367 255415 0
0.013226509094238281 0.01471400260925293 260095 0
0.012854337692260742 0.015833616256713867 259457 0
0.01273036003112793 0.01544642448425293 236025 0
0.013076066970825195 0.016910552978515625 258674 0
0.012671470642089844 0.01535487174987793 252094 0
0.012331247329711914 0.015990734100341797 254917 0
0.012936592102050781 0.015038251876831055 258207 0
0.013211727142333984 0.015068531036376953 258560 0
0.011353492736816406 0.015664100646972656 256009 0
0.013644218444824219 0.01657700538635254 260780 0
0.012928009033203125 0.015419721603393555 261622 0
0.013021469116210938 0.015594244003295898 262053 0
0.012894630432128906 0.016282081604003906 261785 0
0.012877225875854492 0.015390396118164062 261795 0
0.012981653213500977 0.017087697982788086 252833 0
0.013050317764282227 0.015576601028442383 261759 0
0.013196468353271484 0.015508890151977539 262083 0
0.012383460998535156 0.015400171279907227 261047 0
0.012491703033447266 0.01594853401184082 261039 0
0.013355255126953125 0.015950679779052734 261759 0
0.013128995895385742 0.016521215438842773 260168 0
0.013229131698608398 0.01654362678527832 260474 0
0.012449502944946289 0.014549016952514648 251162 0
0.013472557067871094 0.016510486602783203 258550 0
0.013548851013183594 0.015660762786865234 260361 0
0.012661933898925781 0.01605820655822754 259378 0
0.012700080871582031 0.016300439834594727 259270 0
0.013875484466552734 0.016512155532836914 258660 0
0.012848615646362305 0.01899576187133789 258476 0
0.013772726058959961 0.015817642211914062 254279 0
0.01251983642578125 0.015979528427124023 258755 0
0.012386798858642578 0.015351295471191406 258780 0
0.013006925582885742 0.015048742294311523 235257 0
0.014021635055541992 0.016435861587524414 255894 0
0.014428853988647461 0.016836881637573242 247985 0
0.012050390243530273 0.015344619750976562 251791 0
0.013296842575073242 0.016594648361206055 257543 0
0.011635303497314453 0.01502847671508789 258587 0
0.013057947158813477 0.01563715934753418 255771 0
0.012208938598632812 0.015032052993774414 259277 0
0.012581348419189453 0.015472173690795898 259846 0
0.013085126876831055 0.01529383659362793 259201 0
0.013874053955078125 0.0169827938079834 258441 0
0.012318611145019531 0.015560388565063477 258417 0
0.013295412063598633 0.015852689743041992 248313 0
0.01354217529296875 0.01520538330078125 259020 0
0.0143585205078125 0.016532182693481445 258522 0
0.013259410858154297 0.016770124435424805 258036 0
0.013441085815429688 0.01499795913696289 257833 0
0.012347936630249023 0.015562772750854492 259133 0
0.013823986053466797 0.017047882080078125 257827 0
0.012874841690063477 0.0163114070892334 257765 0
0.012821435928344727 0.015914201736450195 246609 0
0.013134479522705078 0.015816450119018555 257808 0
0.012561798095703125 0.015349149703979492 258599 0
0.01291203498840332 0.014913320541381836 258867 0
0.0129241943359375 0.015575647354125977 258128 0
0.012918949127197266 0.01614236831665039 258508 0
0.012734651565551758 0.015686511993408203 257767 0
0.012482643127441406 0.01571345329284668 252517 0
0.012916088104248047 0.02074909210205078 257837 0
0.012034893035888672 0.0149078369140625 257722 0
0.012526512145996094 0.015346765518188477 237948 0
0.0164186954498291 0.014883995056152344 256792 0
0.012894153594970703 0.0156404972076416 244786 0
0.013319015502929688 0.016518354415893555 256333 0
0.013208866119384766 0.016906261444091797 257584 0
0.013956308364868164 0.015587329864501953 258715 0
0.011229991912841797 0.01572251319885254 254067 0
0.012470006942749023 0.016311168670654297 258840 0
0.013671875 0.016211748123168945 259477 0
0.013222694396972656 0.015472650527954102 259404 0
0.01224660873413086 0.016945838928222656 259926 0
0.013400793075561523 0.015776634216308594 258605 0
0.012202024459838867 0.01555490493774414 249282 0
0.012757062911987305 0.016279935836791992 258955 0
0.012608528137207031 0.01544332504272461 259201 0
0.012309551239013672 0.01584148406982422 259856 0
0.012280702590942383 0.01606607437133789 260511 0
0.01235342025756836 0.015856027603149414 260373 0
0.012241125106811523 0.015244722366333008 258013 0
0.012581825256347656 0.0159757137298584 258171 0
0.012967586517333984 0.01505136489868164 250823 0
0.012933015823364258 0.015523433685302734 256109 0
0.012987375259399414 0.015646696090698242 270136 0
0.013509750366210938 0.015617132186889648 269347 0
0.013620615005493164 0.01578211784362793 270121 0
0.012943267822265625 0.015584707260131836 270968 0
0.013492107391357422 0.015631675720214844 271562 0
0.012879610061645508 0.015835285186767578 269610 0
0.013901710510253906 0.015482187271118164 272033 0
0.012725591659545898 0.015474319458007812 269065 0
0.01340794563293457 0.024541854858398438 267873 0
0.013168573379516602 0.015078306198120117 269748 0
0.012657880783081055 0.015913963317871094 264936 0
0.013115167617797852 0.016561269760131836 267074 0
0.012579202651977539 0.016239166259765625 268082 0
0.013993024826049805 0.015563011169433594 268938 0
0.012463569641113281 0.015991687774658203 271132 0
0.013405323028564453 0.015350103378295898 270389 0
0.013909339904785156 0.016414642333984375 270436 0
0.011898517608642578 0.015244245529174805 271006 0
0.012742280960083008 0.016006946563720703 271022 0
0.012633800506591797 0.015618324279785156 268420 0
0.013038396835327148 0.015427589416503906 267375 0
0.012078046798706055 0.01592087745666504 266627 0
0.013100385665893555 0.015501022338867188 267054 0
0.01313638687133789 0.01627802848815918 266046 0
0.011824369430541992 0.01566171646118164 267516 0
0.013865947723388672 0.016521215438842773 267662 0
0.012907743453979492 0.01616668701171875 265638 0
0.012031078338623047 0.01546788215637207 269877 0
0.014150619506835938 0.016631364822387695 270585 0
0.012006282806396484 0.015441417694091797 268241 0
0.012367963790893555 0.015110969543457031 268692 0
0.012772083282470703 0.015756607055664062 270103 0
0.012874603271484375 0.01701807975769043 268053 0
0.012343883514404297 0.015233755111694336 267416 0
0.013443708419799805 0.016332387924194336 266493 0
0.01318669319152832 0.017421722412109375 266828 0
0.013824701309204102 0.016160011291503906 265523 0
0.016810178756713867 0.01694488525390625 267788 0
0.013848066329956055 0.01663684844970703 269305 0
0.012816190719604492 0.016102075576782227 265449 0
0.013310909271240234 0.016575336456298828 266185 0
0.01281595230102539 0.015280961990356445 265725 0
0.01148843765258789 0.01524496078491211 266307 0
0.013496637344360352 0.01538705825805664 265536 0
0.012566804885864258 0.01570296287536621 265228 0
0.013265609741210938 0.01594090461730957 265449 0
0.013281822204589844 0.016445398330688477 263942 0
0.01304173469543457 0.015412330627441406 265658 0
0.012601375579833984 0.015352725982666016 267781 0
0.013504981994628906 0.016724348068237305 266134 0
0.013273000717163086 0.015763282775878906 266889 0
0.012769937515258789 0.015301704406738281 267020 0
0.01338958740234375 0.016562700271606445 265159 0
0.012913703918457031 0.015604972839355469 266012 0
0.012017250061035156 0.015872478485107422 263711 0
0.012437582015991211 0.015471935272216797 263932 0
0.011426925659179688 0.01624464988708496 263702 0
0.012347698211669922 0.014839887619018555 264096 0
0.012509584426879883 0.015350580215454102 265373 0
0.013180255889892578 0.01703929901123047 266241 0
0.017665386199951172 0.016156435012817383 265608 0
0.013382911682128906 0.01593470573425293 266806 0
0.013639450073242188 0.015869855880737305 266433 0
0.012755393981933594 0.016764402389526367 268215 0
0.014131784439086914 0.01605510711669922 268212 0
0.013155698776245117 0.01665806770324707 268027 0
0.013295412063598633 0.015675067901611328 268160 0
0.012562274932861328 0.016060352325439453 269168 0
0.01324605941772461 0.015332698822021484 267358 0
0.012936830520629883 0.01594257354736328 268234 0
0.014026165008544922 0.016379594802856445 266419 0
0.014214277267456055 0.01650834083557129 266511 0
0.012703895568847656 0.016022205352783203 262001 0
0.013574838638305664 0.01573777198791504 271335 0
0.011862993240356445 0.015382528305053711 270385 0
0.013532400131225586 0.015673398971557617 270701 0
0.01256108283996582 0.015873193740844727 271163 0
0.01341104507446289 0.01580977439880371 274384 0
0.012701034545898438 0.015331745147705078 273323 0
0.012563705444335938 0.015590429306030273 274942 0
0.013128280639648438 0.015334367752075195 273744 0
0.01294851303100586 0.016375303268432617 274204 0
0.013057470321655273 0.015483379364013672 257763 0
0.014292478561401367 0.01725172996520996 256170 0
0.01317286491394043 0.016628503799438477 267217 0
0.013043880462646484 0.017442703247070312 275136 0
0.012660980224609375 0.01668095588684082 262072 0
0.013498544692993164 0.016436100006103516 269086 0
0.0129547119140625 0.015119314193725586 258846 0
0.012938261032104492 0.017067432403564453 259983 0
0.01299428939819336 0.016702890396118164 260882 0
0.012141704559326172 0.015848159790039062 265818 0
0.013358831405639648 0.015235185623168945 265178 0
0.013300180435180664 0.016750812530517578 263815 0
0.012636661529541016 0.015935182571411133 268315 0
0.013737201690673828 0.016489744186401367 267544 0
0.012422323226928711 0.015610933303833008 254825 0
0.014073371887207031 0.017184019088745117 271484 0
0.01315760612487793 0.015249490737915039 267683 0
0.012485027313232422 0.015758991241455078 265651 0
0.013006448745727539 0.015706539154052734 272544 0
0.012578248977661133 0.0157012939453125 273819 0
0.013630151748657227 0.01530146598815918 258314 0
0.012502670288085938 0.01681375503540039 273576 0
0.013054370880126953 0.015414953231811523 274620 0
0.014007806777954102 0.015477657318115234 276059 0
0.01255035400390625 0.015472412109375 274448 0
0.012379884719848633 0.0157167911529541 277221 0
0.013094186782836914 0.016179323196411133 276368 0
0.013123750686645508 0.015320062637329102 277022 0
0.012786865234375 0.015180826187133789 274851 0
0.013207197189331055 0.015862703323364258 277532 0
0.01302647590637207 0.015909671783447266 280431 0
0.012702703475952148 0.016196727752685547 277685 0
0.012827157974243164 0.015604257583618164 276527 0
0.012946844100952148 0.01987004280090332 276104 0
0.015500783920288086 0.016602277755737305 274149 0
0.012550592422485352 0.015652179718017578 275219 0
0.012308835983276367 0.01561594009399414 275027 0
0.012119293212890625 0.016002416610717773 273763 0
0.014627218246459961 0.01566791534423828 274168 0
0.012855291366577148 0.015923023223876953 275278 0
0.013417482376098633 0.015439271926879883 276062 0
0.01300048828125 0.01590442657470703 273694 0
0.012898683547973633 0.016278743743896484 276480 0
0.012518644332885742 0.0156857967376709 278044 0
0.012251853942871094 0.01589679718017578 263665 0
0.012814521789550781 0.01570439338684082 276200 0
0.012459516525268555 0.014898300170898438 271316 0
0.013973712921142578 0.016873836517333984 271246 0
0.013299942016601562 0.0171201229095459 276088 0
0.012693643569946289 0.01575636863708496 276700 0
0.013429641723632812 0.015010595321655273 264887 0
0.013846397399902344 0.0166473388671875 276481 0
0.013701677322387695 0.015424728393554688 274899 0
0.013152360916137695 0.016284704208374023 277741 0
0.014500617980957031 0.016208410263061523 275257 0
0.012697219848632812 0.015817642211914062 275510 0
0.012221097946166992 0.017034530639648438 276035 0
0.013049125671386719 0.015384197235107422 276949 0
0.013582944869995117 0.015822887420654297 279125 0
0.013591766357421875 0.017208337783813477 280725 0
0.014164209365844727 0.01498866081237793 278169 0
0.01360321044921875 0.017044544219970703 280631 0
0.014307260513305664 0.016825437545776367 279370 0
0.014070987701416016 0.015496253967285156 281045 0
0.013184547424316406 0.01569509506225586 278203 0
0.013037919998168945 0.016465425491333008 277913 0
0.012985944747924805 0.016251564025878906 277354 0
0.013328313827514648 0.015761613845825195 276363 0
0.01446533203125 0.016738176345825195 279070 0
0.013362646102905273 0.01599431037902832 279012 0
0.013506889343261719 0.01686859130859375 278868 0
0.011946678161621094 0.016640186309814453 274903 0
0.01337575912475586 0.016530275344848633 279753 0
0.013650178909301758 0.017129182815551758 281227 0
0.013133049011230469 0.016998767852783203 267367 0
0.013685226440429688 0.017109394073486328 281428 0
0.012343406677246094 0.015617609024047852 280161 0
0.01251077651977539 0.014618396759033203 278738 0
0.01262664794921875 0.015931129455566406 283362 0
0.012795209884643555 0.014880657196044922 284302 0
0.011870861053466797 0.015936851501464844 276221 0
0.012925386428833008 0.01548624038696289 285396 0
0.013616800308227539 0.016356945037841797 282821 0
0.012624740600585938 0.01588129997253418 283651 0
0.012732982635498047 0.016981124877929688 280828 0
0.012460947036743164 0.015577316284179688 276845 0
0.01291966438293457 0.015466690063476562 276068 0
0.012717962265014648 0.016544342041015625 274505 0
0.01288914680480957 0.015617609024047852 273809 0
0.013257503509521484 0.01591181755065918 274765 0
0.01278376579284668 0.016016006469726562 272859 0
0.013458728790283203 0.016708850860595703 274171 0
0.012726068496704102 0.015897750854492188 272841 0
0.013159751892089844 0.01636219024658203 270730 0
0.012963294982910156 0.022204875946044922 269786 0
0.011691808700561523 0.01491546630859375 269415 0
0.013406515121459961 0.015666484832763672 273383 0
0.013054132461547852 0.015125513076782227 272873 0
0.013636350631713867 0.016530752182006836 273409 0
0.013518571853637695 0.01569652557373047 271473 0
0.012598752975463867 0.016007661819458008 269799 0
0.013284683227539062 0.015657424926757812 270858 0
0.012623310089111328 0.014407873153686523 271493 0
0.01183319091796875 0.015388011932373047 269983 0
0.013288497924804688 0.015624761581420898 270468 0
0.012763261795043945 0.016469717025756836 268030 0
0.012813329696655273 0.015860795974731445 269660 0
0.01262521743774414 0.015636444091796875 268750 0
0.013511896133422852 0.016086339950561523 271997 0
0.013200759887695312 0.01709151268005371 270506 0
0.013069391250610352 0.01583099365234375 272001 0
0.012548685073852539 0.015536069869995117 269654 0
0.0129547119140625 0.01634669303894043 270619 0
0.013285636901855469 0.016052722930908203 271055 0
