0.5462956428527832 0.14178967475891113 9884 0
0.580904483795166 0.16492605209350586 9791 0
0.5748391151428223 0.1359250545501709 10124 0
0.5573060512542725 0.19180679321289062 9950 0
0.5472507476806641 0.13301706314086914 10455 0
0.5733997821807861 0.13771414756774902 10480 0
0.6116118431091309 0.14324426651000977 10698 0
0.5792770385742188 0.13493704795837402 10354 0
0.5608267784118652 0.13753914833068848 10633 0
0.5822141170501709 0.12946701049804688 10818 0
0.545921802520752 0.16057276725769043 10145 0
0.546231746673584 0.177384614944458 9875 0
0.550438642501831 0.1436464786529541 10146 0
0.5618319511413574 0.15625715255737305 9849 0
0.5473792552947998 0.2029283046722412 7995 0
0.556870698928833 0.1427454948425293 9691 0
0.5414204597473145 0.16763949394226074 9330 0
0.5602676868438721 0.16498899459838867 9250 0
0.5462291240692139 0.1393299102783203 8525 0
0.5349709987640381 0.13978815078735352 9325 0
0.5766861438751221 0.14630985260009766 9565 0
0.5620009899139404 0.15947842597961426 9043 0
0.5664412975311279 0.1489248275756836 9587 0
0.5515017509460449 0.14783787727355957 10158 0
0.5530838966369629 0.1496107578277588 9856 0
0.5584957599639893 0.13732099533081055 9942 0
0.5411627292633057 0.14742064476013184 8611 0
0.5623910427093506 0.1995847225189209 9886 0
0.5683884620666504 0.18556976318359375 10019 0
0.5355973243713379 0.15443038940429688 9260 0
0.576141357421875 0.14141273498535156 9709 0
0.5345759391784668 0.15981698036193848 9701 0
0.5717341899871826 0.18567991256713867 9749 0
0.5887424945831299 0.14238643646240234 9683 0
0.5841386318206787 0.13281822204589844 9013 0
0.5469255447387695 0.15844488143920898 9861 0
0.5511965751647949 0.12426161766052246 11487 0
0.5464727878570557 0.21863007545471191 10744 0
0.5715208053588867 0.1582038402557373 10802 0
0.5655069351196289 0.17772388458251953 10599 0
0.5336484909057617 0.1935896873474121 9155 0
0.5610816478729248 0.14188194274902344 9533 0
0.579718828201294 0.13978147506713867 10317 0
0.5675797462463379 0.15041160583496094 10090 0
0.5373950004577637 0.19427132606506348 8325 0
0.5709140300750732 0.15087008476257324 10240 0
0.5525450706481934 0.19856023788452148 10571 0
0.5927689075469971 0.14287567138671875 9957 0
0.5465824604034424 0.1973583698272705 10069 0
0.5595624446868896 0.20434021949768066 10077 0
0.5261516571044922 0.14406371116638184 9974 0
0.5506260395050049 0.1544787883758545 10351 0
0.5884559154510498 0.14616632461547852 10214 0
0.565040111541748 0.16565847396850586 10176 0
0.5424184799194336 0.14698052406311035 10171 0
0.5750384330749512 0.15845251083374023 10487 0
0.5345890522003174 0.20768404006958008 10543 0
0.5990538597106934 0.1408402919769287 10486 0
0.5942506790161133 0.13698935508728027 10465 0
0.5872833728790283 0.16767430305480957 10660 0
0.5578031539916992 0.19347167015075684 10416 0
0.5412948131561279 0.1458892822265625 10176 0
0.5533137321472168 0.17701315879821777 10174 0
0.5543370246887207 0.13692474365234375 9658 0
0.5790138244628906 0.1444382667541504 9748 0
0.5585930347442627 0.20761418342590332 10195 0
0.5600290298461914 0.17492318153381348 9974 0
0.5561027526855469 0.19080853462219238 10172 0
0.5643868446350098 0.1348414421081543 10184 0
0.4838714599609375 0.1732921600341797 9945 0
0.5480859279632568 0.1773214340209961 9819 0
0.542755126953125 0.1950974464416504 9249 0
0.557518482208252 0.1307084560394287 10085 0
0.5692489147186279 0.168381929397583 9572 0
0.5282130241394043 0.15193486213684082 7906 0
0.5336859226226807 0.13918137550354004 9893 0
0.5769875049591064 0.14197587966918945 9771 0
0.5400798320770264 0.17917990684509277 9557 0
0.5471217632293701 0.16717886924743652 9485 0
0.547623872756958 0.20685887336730957 9482 0
0.562352180480957 0.17639756202697754 10064 0
0.5881550312042236 0.1422264575958252 10206 0
0.5591654777526855 0.17551875114440918 9760 0
0.5556697845458984 0.19723033905029297 9666 0
0.5767059326171875 0.15812444686889648 10185 0
0.5630905628204346 0.16197586059570312 10170 0
0.572906494140625 0.1951286792755127 9695 0
0.56272292137146 0.1400279998779297 10441 0
0.5332186222076416 0.17825913429260254 10308 0
0.5720725059509277 0.1535630226135254 10127 0
0.5269320011138916 0.1291208267211914 9975 0
0.6014821529388428 0.13407015800476074 9974 0
0.5538699626922607 0.1761782169342041 10172 0
0.5801904201507568 0.18515396118164062 9353 0
0.5484209060668945 0.14252376556396484 10460 0
0.554856538772583 0.1546943187713623 9675 0
0.529644250869751 0.18616724014282227 7634 0
0.5708003044128418 0.15150833129882812 9819 0
0.5602328777313232 0.17609906196594238 10058 0
0.5200817584991455 0.13344597816467285 9201 0
0.5687470436096191 0.15770792961120605 9690 0
0.5653061866760254 0.15019011497497559 9768 0
0.5748062133789062 0.1913585662841797 9914 0
0.5432765483856201 0.19016814231872559 10323 0
0.5445091724395752 0.14568257331848145 10087 0
0.5639877319335938 0.15640902519226074 10424 0
0.5562901496887207 0.22438883781433105 10396 0
0.5536150932312012 0.1481475830078125 10645 0
0.5790879726409912 0.12765026092529297 10436 0
0.5785281658172607 0.14479851722717285 10588 0
0.5782952308654785 0.139451265335083 10379 0
0.5862574577331543 0.19098210334777832 10458 0
0.5856130123138428 0.12746882438659668 11085 0
0.5687916278839111 0.16919350624084473 10323 0
0.5434370040893555 0.19353008270263672 10180 0
0.5690984725952148 0.18926501274108887 10577 0
0.5288171768188477 0.1850895881652832 8713 0
0.5715224742889404 0.14588236808776855 10626 0
0.5684704780578613 0.14399003982543945 10754 0
0.5651195049285889 0.21176934242248535 10329 0
0.5428636074066162 0.12975645065307617 9693 0
0.5573382377624512 0.19774556159973145 10288 0
0.5593564510345459 0.15821027755737305 9909 0
0.5458371639251709 0.14360809326171875 9691 0
0.5399105548858643 0.17949581146240234 9848 0
0.5599052906036377 0.1728510856628418 10239 0
0.5468430519104004 0.14421916007995605 7852 0
0.555872917175293 0.12854361534118652 9506 0
0.5276679992675781 0.1565239429473877 8586 0
0.5468337535858154 0.2134690284729004 8716 0
0.5620484352111816 0.19211077690124512 8615 0
0.5799989700317383 0.15383267402648926 9123 0
0.5304412841796875 0.17435431480407715 8881 0
0.5411443710327148 0.19129347801208496 9165 0
0.5562589168548584 0.1649320125579834 9481 0
0.5586938858032227 0.1724836826324463 9720 0
0.5486805438995361 0.15159392356872559 10049 0
0.5449285507202148 0.13875293731689453 9956 0
0.5332295894622803 0.21244192123413086 9899 0
0.5333611965179443 0.15092682838439941 9676 0
0.570673942565918 0.14023065567016602 9967 0
0.541475772857666 0.17564153671264648 10030 0
0.5656254291534424 0.1559739112854004 9900 0
0.552203893661499 0.14975357055664062 9824 0
0.5459311008453369 0.20096755027770996 9772 0
0.5847876071929932 0.22170066833496094 10798 0
0.5721843242645264 0.15093469619750977 9953 0
0.547137975692749 0.1453704833984375 9653 0
0.49927496910095215 0.1456756591796875 9373 0
0.5546045303344727 0.1460859775543213 9211 0
0.5520517826080322 0.2073054313659668 10263 0
0.5645997524261475 0.15354347229003906 10845 0
0.5515327453613281 0.23442530632019043 10624 0
0.5607013702392578 0.16851329803466797 10337 0
0.5844054222106934 0.17488360404968262 10810 0
0.5568346977233887 0.16537952423095703 9887 0
0.5228667259216309 0.13881206512451172 7847 0
0.5855569839477539 0.14703583717346191 9476 0
0.5860180854797363 0.13679051399230957 9765 0
0.5154402256011963 0.16031742095947266 8633 0
0.5317549705505371 0.1608881950378418 8440 0
0.5363609790802002 0.1951460838317871 8687 0
0.5113399028778076 0.20799922943115234 8722 0
0.5433011054992676 0.12329721450805664 8988 0
0.5783114433288574 0.1466226577758789 9382 0
0.518512487411499 0.18558859825134277 8920 0
0.5567116737365723 0.1646120548248291 8750 0
0.5942826271057129 0.13202452659606934 9743 0
0.5730369091033936 0.13738369941711426 9422 0
0.5762972831726074 0.13508296012878418 10116 0
0.5493977069854736 0.16227197647094727 9284 0
0.5491647720336914 0.1462249755859375 9740 0
0.550609827041626 0.19981074333190918 9923 0
0.5904347896575928 0.14580035209655762 10355 0
0.538801908493042 0.14375567436218262 10708 0
0.5654909610748291 0.15099167823791504 10487 0
0.5555272102355957 0.13846540451049805 9116 0
0.5132143497467041 0.17371273040771484 10229 0
0.574122428894043 0.2379302978515625 10695 0
0.5603022575378418 0.19963979721069336 10254 0
0.5547230243682861 0.14513158798217773 10450 0
0.5991289615631104 0.13254523277282715 9938 0
0.5405886173248291 0.14626073837280273 9737 0
0.5538430213928223 0.13636326789855957 9407 0
0.5068578720092773 0.16752934455871582 10653 0
0.5745880603790283 0.1820225715637207 10238 0
0.515763521194458 0.17911291122436523 7628 0
0.5395467281341553 0.15562653541564941 10571 0
0.571314811706543 0.1904582977294922 10257 0
0.5725295543670654 0.1413724422454834 9189 0
0.5691239833831787 0.1534435749053955 9944 0
0.5463755130767822 0.13703083992004395 9820 0
0.5609312057495117 0.18075037002563477 10101 0
0.5873010158538818 0.14861035346984863 10380 0
0.5766379833221436 0.18200278282165527 10060 0
0.5900843143463135 0.13419127464294434 10006 0
0.5342226028442383 0.1485733985900879 10379 0
0.5509064197540283 0.15708494186401367 10241 0
0.5768311023712158 0.13625621795654297 10392 0
0.557368278503418 0.16960549354553223 10099 0
0.5553262233734131 0.1697556972503662 9942 0
0.5495803356170654 0.15355777740478516 8318 0
0.5358538627624512 0.17472100257873535 8293 0
0.554288387298584 0.1801919937133789 8400 0
0.5411341190338135 0.14681267738342285 7992 0
0.5254106521606445 0.1619856357574463 8310 0
0.557180643081665 0.1483173370361328 8245 0
0.5503060817718506 0.14529728889465332 8356 0
0.5594351291656494 0.1437058448791504 8726 0
0.5703625679016113 0.13038063049316406 8736 0
0.5537874698638916 0.160963773727417 7987 0
0.5303654670715332 0.17711925506591797 8439 0
0.5111608505249023 0.1636669635772705 8494 0
0.5098416805267334 0.15700244903564453 8198 0
0.5275819301605225 0.14147734642028809 8265 0
0.5433895587921143 0.18428874015808105 8414 0
0.5330064296722412 0.2156362533569336 8399 0
0.5261671543121338 0.19418859481811523 7447 0
0.5426633358001709 0.18208074569702148 8288 0
0.5127897262573242 0.18632292747497559 8310 0
0.5237998962402344 0.15596294403076172 8449 0
0.5483980178833008 0.13818931579589844 8752 0
0.44359707832336426 0.18393158912658691 8248 0
0.5488507747650146 0.17336177825927734 8634 0
0.5222363471984863 0.1788933277130127 8442 0
0.5521273612976074 0.13195013999938965 8980 0
0.5429983139038086 0.15546941757202148 8922 0
0.5317413806915283 0.177276611328125 8504 0
0.5400044918060303 0.19730925559997559 8365 0
0.5193800926208496 0.14321660995483398 8652 0
0.5351288318634033 0.17645978927612305 8198 0
0.5598275661468506 0.1332087516784668 8210 0
0.5632617473602295 0.14350247383117676 8205 0
0.529149055480957 0.23096489906311035 8457 0
0.5545547008514404 0.1218271255493164 8376 0
0.5528161525726318 0.13579130172729492 8484 0
0.5227396488189697 0.137526273727417 8254 0
0.5314836502075195 0.1981508731842041 8288 0
0.5270054340362549 0.16044950485229492 8055 0
0.5564465522766113 0.16454052925109863 8089 0
0.531611442565918 0.13904714584350586 8079 0
0.5105042457580566 0.19135499000549316 8052 0
0.5301244258880615 0.19177484512329102 8496 0
0.5277652740478516 0.16277456283569336 8204 0
0.5394673347473145 0.15548110008239746 8092 0
0.5474309921264648 0.1400294303894043 8201 0
0.5444676876068115 0.14102649688720703 8054 0
0.543238639831543 0.14783000946044922 7282 0
0.5472383499145508 0.15100359916687012 8324 0
0.5791010856628418 0.14467430114746094 8216 0
0.5126743316650391 0.14930009841918945 8246 0
0.5413413047790527 0.14438486099243164 8275 0
0.5308482646942139 0.15783119201660156 8231 0
0.5713322162628174 0.1488182544708252 8488 0
0.5449295043945312 0.21466636657714844 8565 0
0.535973310470581 0.14250636100769043 8437 0
0.5436084270477295 0.16569256782531738 8148 0
0.5584368705749512 0.13767409324645996 8220 0
0.5290734767913818 0.14524292945861816 8642 0
0.5400722026824951 0.13379549980163574 8325 0
0.5329711437225342 0.14435672760009766 8449 0
0.527780294418335 0.1543891429901123 8560 0
0.5648009777069092 0.16892170906066895 8322 0
0.5596551895141602 0.16500616073608398 8566 0
0.5496346950531006 0.14396357536315918 8636 0
0.5486953258514404 0.1395258903503418 8333 0
0.5538220405578613 0.13555169105529785 8817 0
0.5550787448883057 0.13615727424621582 8586 0
0.50998854637146 0.14821839332580566 8857 0
0.5442030429840088 0.16812992095947266 8343 0
0.5681326389312744 0.17729735374450684 8510 0
0.5425136089324951 0.18277716636657715 8435 0
0.5239143371582031 0.1347639560699463 8365 0
0.5786120891571045 0.14307379722595215 9721 0
0.5393338203430176 0.21003174781799316 9962 0
0.5478930473327637 0.1325826644897461 8579 0
0.5745806694030762 0.1991415023803711 10479 0
0.5774316787719727 0.12708735466003418 9853 0
0.5551848411560059 0.21120285987854004 10779 0
0.544907808303833 0.17203760147094727 9946 0
0.5333411693572998 0.148529052734375 9406 0
0.5498120784759521 0.12682676315307617 9635 0
0.5621130466461182 0.20236659049987793 9557 0
0.5919308662414551 0.1800062656402588 9712 0
0.5595614910125732 0.14594459533691406 9582 0
0.5713169574737549 0.14135265350341797 9522 0
0.5569891929626465 0.14726948738098145 8790 0
0.5136263370513916 0.19863677024841309 8387 0
0.5260555744171143 0.19078516960144043 7940 0
0.549314022064209 0.13831686973571777 8391 0
0.5117552280426025 0.13146066665649414 8587 0
0.5415661334991455 0.13478302955627441 8193 0
0.5395877361297607 0.14104461669921875 8251 0
0.5369737148284912 0.17267704010009766 8367 0
0.5400915145874023 0.1437983512878418 8238 0
0.5470943450927734 0.1345686912536621 8224 0
0.5459940433502197 0.16735625267028809 8825 0
0.5580685138702393 0.14112520217895508 8442 0
0.5315980911254883 0.1819319725036621 8460 0
0.5113179683685303 0.1647021770477295 6992 0
0.5603897571563721 0.1373136043548584 8641 0
0.5501563549041748 0.13979339599609375 8824 0
0.5273010730743408 0.15392804145812988 8263 0
0.5547728538513184 0.1401996612548828 8399 0
0.5346651077270508 0.18334555625915527 8610 0
0.5269017219543457 0.14298748970031738 8652 0
0.5333540439605713 0.19002175331115723 8818 0
0.5480532646179199 0.19695234298706055 8368 0
0.513620138168335 0.2062244415283203 8435 0
0.553145170211792 0.15038442611694336 8490 0
0.5652096271514893 0.14565324783325195 8722 0
0.5339467525482178 0.16856122016906738 8602 0
0.5596311092376709 0.1541728973388672 8337 0
0.5467252731323242 0.15242910385131836 8525 0
0.5277929306030273 0.21607327461242676 8780 0
0.5461134910583496 0.13570761680603027 8364 0
0.5464909076690674 0.15322542190551758 8610 0
0.5135753154754639 0.2035202980041504 8299 0
0.521153450012207 0.16559863090515137 8516 0
0.5382781028747559 0.12725591659545898 8487 0
0.530498743057251 0.15112638473510742 8299 0
0.5529153347015381 0.17386078834533691 8576 0
0.5622823238372803 0.14041924476623535 8287 0
0.5400257110595703 0.1969585418701172 8491 0
0.5308761596679688 0.20738816261291504 8287 0
0.5229940414428711 0.1610870361328125 8344 0
0.524585485458374 0.17583751678466797 8675 0
0.5156266689300537 0.18555784225463867 8575 0
0.5276644229888916 0.16420269012451172 8635 0
0.5186905860900879 0.13343024253845215 7565 0
0.5417237281799316 0.14214491844177246 8702 0
0.5523974895477295 0.17069292068481445 8937 0
0.5531551837921143 0.15587449073791504 8411 0
0.525956392288208 0.14956188201904297 8754 0
0.548414945602417 0.17525243759155273 8637 0
0.5434978008270264 0.16045331954956055 8262 0
0.564462423324585 0.1460859775543213 8848 0
0.5549881458282471 0.1417689323425293 8686 0
0.565298318862915 0.22061800956726074 8816 0
0.5468752384185791 0.12830281257629395 8462 0
0.5405745506286621 0.14695143699645996 8322 0
0.5316686630249023 0.14678049087524414 8415 0
0.534013032913208 0.12907671928405762 8402 0
0.5219104290008545 0.20637011528015137 8834 0
0.5431935787200928 0.14498162269592285 8769 0
0.5182485580444336 0.17337918281555176 8907 0
0.5736746788024902 0.13071155548095703 8850 0
0.5879499912261963 0.13653135299682617 8958 0
0.5505611896514893 0.13615107536315918 8463 0
0.5467536449432373 0.1795353889465332 8501 0
0.5408890247344971 0.15805625915527344 8757 0
0.5350985527038574 0.12504196166992188 8664 0
0.5417108535766602 0.12934517860412598 8469 0
0.5531814098358154 0.13881945610046387 8373 0
0.5485124588012695 0.16398143768310547 8599 0
0.5173015594482422 0.15618062019348145 8409 0
0.5047216415405273 0.12757658958435059 8147 0
0.5459253787994385 0.15919828414916992 9026 0
0.5499441623687744 0.15082406997680664 8840 0
0.5260663032531738 0.1671757698059082 7114 0
0.5693809986114502 0.1391136646270752 8412 0
0.5688705444335938 0.15259528160095215 8675 0
0.5266697406768799 0.16893506050109863 7934 0
0.5214905738830566 0.14507627487182617 8814 0
0.5504252910614014 0.15808629989624023 8688 0
0.5543489456176758 0.1271653175354004 7507 0
0.5241875648498535 0.1326131820678711 6683 0
0.5419478416442871 0.22030210494995117 8474 0
0.5194752216339111 0.15920686721801758 8745 0
0.5334687232971191 0.20224237442016602 8780 0
0.5420098304748535 0.1483325958251953 9227 0
0.5592713356018066 0.1419668197631836 9289 0
0.5273590087890625 0.18671464920043945 9042 0
0.5668537616729736 0.1764211654663086 8713 0
0.5679905414581299 0.14470124244689941 8533 0
0.5422756671905518 0.16069674491882324 6948 0
0.5288336277008057 0.13791275024414062 6829 0
0.4955463409423828 0.19671845436096191 8403 0
0.5613625049591064 0.14172720909118652 8753 0
0.5549652576446533 0.20594263076782227 8596 0
0.5830552577972412 0.13332557678222656 9001 0
0.5456657409667969 0.18764638900756836 8730 0
0.5632917881011963 0.1716313362121582 8627 0
0.5490074157714844 0.1615314483642578 8824 0
0.5473146438598633 0.14642548561096191 8819 0
0.5250389575958252 0.15204262733459473 8784 0
0.5382933616638184 0.15145111083984375 8672 0
0.5161912441253662 0.14596843719482422 9999 0
0.5440804958343506 0.1597278118133545 8840 0
0.543947696685791 0.13705730438232422 8007 0
0.5335402488708496 0.157393217086792 8687 0
0.5285453796386719 0.17203545570373535 8799 0
0.4969213008880615 0.13909077644348145 8339 0
0.5412933826446533 0.15853548049926758 9366 0
0.5475559234619141 0.13917207717895508 8901 0
0.546971321105957 0.12544703483581543 8610 0
0.5148541927337646 0.1609663963317871 8357 0
0.5355470180511475 0.15949010848999023 8882 0
0.5349328517913818 0.18627214431762695 8407 0
0.5295910835266113 0.198777437210083 8616 0
0.5198733806610107 0.1516423225402832 8970 0
0.5163700580596924 0.1767590045928955 9348 0
0.5309934616088867 0.1927814483642578 9114 0
0.551884651184082 0.2112424373626709 8789 0
0.5448167324066162 0.13796663284301758 8845 0
0.5201890468597412 0.19269323348999023 8878 0
0.5613203048706055 0.18086481094360352 8633 0
0.539243221282959 0.1795666217803955 8664 0
0.5499951839447021 0.14505815505981445 8611 0
0.5377371311187744 0.2041471004486084 8434 0
0.549670934677124 0.14442014694213867 7144 0
0.537930965423584 0.19835448265075684 8514 0
0.528876543045044 0.13545465469360352 8536 0
0.5681338310241699 0.12751221656799316 8530 0
0.5318560600280762 0.15745282173156738 8575 0
0.523585319519043 0.15372443199157715 8272 0
0.5491878986358643 0.16865086555480957 8610 0
0.5328099727630615 0.1756892204284668 8444 0
0.5567667484283447 0.1748032569885254 8633 0
0.5372083187103271 0.1851797103881836 8701 0
0.5139384269714355 0.18848228454589844 8481 0
0.5153117179870605 0.1844947338104248 8357 0
0.54274582862854 0.14572405815124512 8610 0
0.5435802936553955 0.14168095588684082 8338 0
0.5645525455474854 0.17433452606201172 8729 0
0.5478014945983887 0.1481478214263916 8562 0
0.529686450958252 0.13921833038330078 8466 0
0.5706543922424316 0.14829492568969727 8573 0
0.5484616756439209 0.12747955322265625 8440 0
0.5335314273834229 0.1769413948059082 8588 0
0.5299067497253418 0.22027277946472168 8595 0
0.5437576770782471 0.14382529258728027 8539 0
0.5415241718292236 0.21001386642456055 9051 0
0.5589048862457275 0.17716145515441895 8946 0
0.5452229976654053 0.17163777351379395 8692 0
0.4996967315673828 0.1857283115386963 8522 0
0.5260696411132812 0.13532757759094238 8399 0
0.5265977382659912 0.18911218643188477 7974 0
0.5460872650146484 0.1597886085510254 8601 0
0.5577905178070068 0.1359415054321289 8740 0
0.5410501956939697 0.14617705345153809 7068 0
0.551877498626709 0.1397998332977295 9386 0
0.5383808612823486 0.19344830513000488 8372 0
0.5464072227478027 0.14955902099609375 8568 0
0.556433916091919 0.15484952926635742 8604 0
0.5057551860809326 0.17111563682556152 8674 0
0.5284347534179688 0.21039962768554688 8627 0
0.5322606563568115 0.1468660831451416 8762 0
0.5318484306335449 0.18668174743652344 8458 0
0.5510272979736328 0.16650867462158203 8785 0
0.545753002166748 0.14728713035583496 8699 0
0.5404336452484131 0.14015674591064453 8831 0
0.5410342216491699 0.1913621425628662 8971 0
0.5419566631317139 0.15185070037841797 8485 0
0.5197064876556396 0.21374964714050293 8667 0
0.5285017490386963 0.15481281280517578 8605 0
0.5397734642028809 0.12594032287597656 8487 0
0.5257694721221924 0.1889045238494873 8699 0
0.5496828556060791 0.15516877174377441 8711 0
0.548804759979248 0.15401816368103027 8609 0
0.5363647937774658 0.14449167251586914 8626 0
0.5265002250671387 0.15413212776184082 8348 0
0.5313055515289307 0.17223143577575684 8432 0
0.544532299041748 0.14408111572265625 8426 0
0.5303342342376709 0.20220327377319336 8345 0
0.5682094097137451 0.19211268424987793 8905 0
0.5508391857147217 0.13671588897705078 8218 0
0.5426361560821533 0.14399981498718262 8043 0
0.5513114929199219 0.1345515251159668 8080 0
0.5292298793792725 0.15264415740966797 8432 0
0.456587553024292 0.1413106918334961 6701 0
0.446502685546875 0.17563557624816895 8572 0
0.529268741607666 0.16126728057861328 8968 0
0.5430138111114502 0.1662306785583496 8381 0
0.5428273677825928 0.14246153831481934 8266 0
0.5488839149475098 0.18268656730651855 8542 0
0.5672965049743652 0.1328284740447998 8821 0
0.5170702934265137 0.19969820976257324 8565 0
0.5460054874420166 0.15765953063964844 8593 0
0.5385444164276123 0.1515645980834961 8463 0
0.5426158905029297 0.14838814735412598 8787 0
0.5136253833770752 0.15168428421020508 8596 0
0.5274701118469238 0.14466214179992676 8500 0
0.5457844734191895 0.14963936805725098 8713 0
0.5308597087860107 0.2053365707397461 8376 0
0.5218234062194824 0.14682960510253906 8589 0
0.5017867088317871 0.15387415885925293 8083 0
0.5320086479187012 0.15299654006958008 7821 0
0.5243284702301025 0.14046216011047363 8447 0
0.5237383842468262 0.16167402267456055 8142 0
0.5290768146514893 0.15511584281921387 8686 0
0.5200891494750977 0.19266748428344727 8425 0
0.5274693965911865 0.1663806438446045 9135 0
0.5216882228851318 0.15093994140625 8627 0
0.5104577541351318 0.15752291679382324 8630 0
0.48026514053344727 0.1517331600189209 8721 0
0.5413093566894531 0.13795995712280273 8341 0
0.525336503982544 0.13777542114257812 8307 0
0.5276622772216797 0.14295530319213867 8070 0
0.5239732265472412 0.14666414260864258 8181 0
0.5061447620391846 0.18221354484558105 6934 0
0.5591771602630615 0.18535661697387695 8374 0
0.5558221340179443 0.14089059829711914 8599 0
0.5230040550231934 0.21027851104736328 8229 0
0.5132362842559814 0.1709456443786621 8165 0
0.5158581733703613 0.13991737365722656 7998 0
0.5279378890991211 0.18016338348388672 9007 0
0.538522481918335 0.1476583480834961 8650 0
0.5371799468994141 0.17300200462341309 8872 0
0.5241787433624268 0.1604001522064209 8656 0
0.508671760559082 0.1387040615081787 8263 0
0.5188083648681641 0.17281627655029297 7907 0
0.5227501392364502 0.179124116897583 7861 0
0.5067346096038818 0.1613295078277588 7945 0
0.5270900726318359 0.14403033256530762 7897 0
0.5145320892333984 0.16691923141479492 7694 0
0.5336382389068604 0.1502220630645752 8342 0
0.5204391479492188 0.18361663818359375 8881 0
0.5376341342926025 0.18970036506652832 8183 0
0.5223519802093506 0.16064834594726562 8436 0
0.558962345123291 0.14081501960754395 8305 0
0.5449748039245605 0.13521790504455566 8383 0
0.5247204303741455 0.13459992408752441 8455 0
0.5436310768127441 0.15090656280517578 8630 0
0.5294225215911865 0.15148162841796875 8063 0
0.5403919219970703 0.14702796936035156 8518 0
0.5000789165496826 0.14928555488586426 8080 0
0.5155022144317627 0.14481639862060547 7471 0
0.5154542922973633 0.1997842788696289 8346 0
0.5487015247344971 0.14908385276794434 8424 0
0.5303874015808105 0.21622562408447266 6549 0
0.537764310836792 0.16345882415771484 8313 0
0.532200813293457 0.16950106620788574 8456 0
0.527900218963623 0.18765497207641602 8539 0
0.53829026222229 0.1304185390472412 8025 0
0.5383360385894775 0.1635878086090088 9067 0
0.5106158256530762 0.15224766731262207 8666 0
0.5587806701660156 0.18577957153320312 8295 0
0.5439324378967285 0.14381814002990723 8349 0
0.5477678775787354 0.12961554527282715 8224 0
0.5117132663726807 0.2085413932800293 6819 0
0.529078483581543 0.138596773147583 8205 0
0.5302047729492188 0.14389634132385254 8615 0
0.523385763168335 0.1540689468383789 8371 0
0.5379295349121094 0.1323561668395996 8069 0
0.5107066631317139 0.1547844409942627 8696 0
0.5584938526153564 0.15130090713500977 8876 0
0.5756101608276367 0.18716883659362793 9184 0
0.5528090000152588 0.17499256134033203 8653 0
0.5302023887634277 0.18005800247192383 8841 0
0.5166881084442139 0.14684820175170898 9022 0
0.5462422370910645 0.14793801307678223 8754 0
0.5383045673370361 0.20592665672302246 8853 0
0.5529327392578125 0.14240050315856934 8777 0
0.5180118083953857 0.14988183975219727 8492 0
0.5157082080841064 0.19035577774047852 8621 0
0.5455865859985352 0.14582061767578125 8299 0
0.5269565582275391 0.1985924243927002 7912 0
0.562938928604126 0.20360183715820312 8189 0
0.5191035270690918 0.18593740463256836 8627 0
0.5136549472808838 0.18193602561950684 8271 0
0.5486416816711426 0.1461925506591797 8279 0
0.5365180969238281 0.18615508079528809 8218 0
0.5639519691467285 0.13708186149597168 8311 0
0.5469791889190674 0.13125300407409668 8004 0
0.5108723640441895 0.15447425842285156 8448 0
0.5555391311645508 0.1425929069519043 7896 0
0.5281164646148682 0.180037260055542 7824 0
0.4720771312713623 0.1218416690826416 8377 0
0.45717763900756836 0.1181478500366211 8140 0
0.44731688499450684 0.16295337677001953 8371 0
0.5110750198364258 0.1650102138519287 8437 0
0.5185003280639648 0.1607189178466797 8489 0
0.5734412670135498 0.16671323776245117 8788 0
0.516704797744751 0.15205693244934082 8644 0
0.5274443626403809 0.18901324272155762 8340 0
0.47628307342529297 0.16712164878845215 7586 0
0.49038028717041016 0.1402444839477539 8376 0
0.5413463115692139 0.13957452774047852 8283 0
0.5295608043670654 0.15624094009399414 6928 0
0.5246572494506836 0.12520503997802734 8255 0
0.5670218467712402 0.13674068450927734 8496 0
0.5539956092834473 0.18437838554382324 8235 0
0.5601460933685303 0.13918113708496094 7817 0
0.529482364654541 0.17500066757202148 8603 0
0.5439858436584473 0.14435482025146484 9158 0
0.540748119354248 0.12797188758850098 8866 0
0.548832893371582 0.15697765350341797 8652 0
0.5091776847839355 0.21426606178283691 8849 0
0.5363738536834717 0.14742207527160645 8569 0
0.5160810947418213 0.17704319953918457 8613 0
0.5154702663421631 0.16432762145996094 7738 0
0.5497379302978516 0.1482851505279541 8102 0
0.5224666595458984 0.13622546195983887 8573 0
0.5308351516723633 0.18450045585632324 8183 0
0.5168454647064209 0.14511466026306152 8732 0
0.5600571632385254 0.15746283531188965 8456 0
0.5270230770111084 0.14647126197814941 8740 0
0.5391232967376709 0.14464783668518066 8345 0
0.5268642902374268 0.2015094757080078 8621 0
0.5328619480133057 0.13406705856323242 8265 0
0.5267305374145508 0.13221955299377441 8349 0
0.5194323062896729 0.18442845344543457 8163 0
0.5432653427124023 0.12989473342895508 8219 0
0.5433261394500732 0.1424882411956787 9178 0
0.5559952259063721 0.14722490310668945 9209 0
0.5824902057647705 0.14226937294006348 9168 0
0.56960129737854 0.14335203170776367 9340 0
0.5507032871246338 0.1482861042022705 9698 0
0.5251967906951904 0.19158554077148438 9483 0
0.5695416927337646 0.14554214477539062 9528 0
0.5861592292785645 0.15050029754638672 9184 0
0.5444071292877197 0.16324305534362793 9513 0
0.5380079746246338 0.14487791061401367 9371 0
0.5618343353271484 0.1698288917541504 9568 0
0.5771565437316895 0.12302970886230469 10017 0
0.5587904453277588 0.14087271690368652 9604 0
0.5632574558258057 0.14960885047912598 9707 0
0.5674245357513428 0.15196895599365234 9549 0
0.5748860836029053 0.1799910068511963 9455 0
0.5646462440490723 0.15509772300720215 10193 0
0.5417318344116211 0.13569283485412598 9503 0
0.5251448154449463 0.14916038513183594 8321 0
0.5913467407226562 0.1460425853729248 9516 0
0.5614132881164551 0.14548516273498535 9643 0
0.5324900150299072 0.1869490146636963 9104 0
0.5672607421875 0.16595077514648438 9377 0
0.5488607883453369 0.1378345489501953 10065 0
0.5566630363464355 0.13397526741027832 9864 0
0.538243293762207 0.17576861381530762 9663 0
0.5593292713165283 0.17374682426452637 9773 0
0.5591838359832764 0.1466503143310547 9411 0
0.5395376682281494 0.21015286445617676 7550 0
0.5747699737548828 0.1774919033050537 9370 0
0.5651612281799316 0.1677241325378418 9197 0
0.547278642654419 0.19971013069152832 9374 0
0.5512838363647461 0.12304520606994629 9538 0
0.5709607601165771 0.15639328956604004 9671 0
0.5841121673583984 0.1288459300994873 9901 0
0.5561847686767578 0.1750025749206543 10581 0
0.5594124794006348 0.15158963203430176 9617 0
0.5696396827697754 0.14952516555786133 10061 0
0.5288915634155273 0.15331029891967773 9173 0
0.566110372543335 0.17586541175842285 10081 0
0.53806471824646 0.1718425750732422 9461 0
0.5912773609161377 0.13921904563903809 9724 0
0.5461006164550781 0.17092323303222656 9511 0
0.5809240341186523 0.1440143585205078 9646 0
0.5403289794921875 0.21191167831420898 9389 0
0.5521774291992188 0.19526934623718262 9927 0
0.5994234085083008 0.12694501876831055 9647 0
0.5058865547180176 0.1313483715057373 9521 0
0.544574499130249 0.17488336563110352 8425 0
0.5389113426208496 0.19021296501159668 9447 0
0.5287377834320068 0.1462996006011963 9710 0
0.5738098621368408 0.14342212677001953 9871 0
0.5456480979919434 0.15152430534362793 9791 0
0.5670106410980225 0.1262195110321045 9700 0
0.5752308368682861 0.13065576553344727 9843 0
0.5236766338348389 0.1905674934387207 8976 0
0.5821292400360107 0.15945839881896973 9987 0
0.4805104732513428 0.18163704872131348 9574 0
0.5311424732208252 0.19475078582763672 7539 0
0.5551447868347168 0.17115569114685059 9568 0
0.5274224281311035 0.1692667007446289 9024 0
0.5594093799591064 0.1497209072113037 8851 0
0.5684726238250732 0.17135119438171387 9690 0
0.5253355503082275 0.19257092475891113 10066 0
0.5357081890106201 0.18733668327331543 9050 0
0.5515103340148926 0.14123892784118652 10202 0
0.561629056930542 0.18410611152648926 9463 0
0.5708131790161133 0.14722108840942383 9724 0
0.5457038879394531 0.2124309539794922 9636 0
0.5517010688781738 0.19319462776184082 9285 0
0.5542764663696289 0.17483830451965332 9296 0
0.5472979545593262 0.19414114952087402 10064 0
0.55088210105896 0.14743757247924805 10287 0
0.538780689239502 0.14565467834472656 9766 0
0.5674588680267334 0.17264842987060547 9646 0
0.5902957916259766 0.14643287658691406 9471 0
0.556164026260376 0.18897080421447754 10134 0
0.5528419017791748 0.21282720565795898 9963 0
0.5504775047302246 0.16419267654418945 8377 0
0.5809440612792969 0.13856935501098633 10188 0
0.5672914981842041 0.13539361953735352 9469 0
0.5489857196807861 0.2106304168701172 9591 0
0.5695815086364746 0.17812085151672363 9584 0
0.5459823608398438 0.1740405559539795 9675 0
0.5390267372131348 0.19710898399353027 9624 0
0.5411255359649658 0.17779064178466797 8991 0
0.5738816261291504 0.2092583179473877 9668 0
0.5767040252685547 0.1671457290649414 9242 0
0.5248093605041504 0.18487834930419922 7085 0
0.5454347133636475 0.19224905967712402 8861 0
0.5606124401092529 0.14300870895385742 8401 0
0.5437831878662109 0.1501634120941162 8363 0
0.549015998840332 0.16258549690246582 8751 0
0.5378081798553467 0.12925028800964355 9113 0
0.5388023853302002 0.16340231895446777 8623 0
0.561392068862915 0.20029306411743164 9186 0
0.5311946868896484 0.138641357421875 8659 0
0.5317578315734863 0.16694927215576172 9062 0
0.5530426502227783 0.13711810111999512 8841 0
0.5563859939575195 0.13569903373718262 8955 0
0.5248408317565918 0.16141581535339355 8120 0
0.5331244468688965 0.1705482006072998 8661 0
0.5565001964569092 0.1277787685394287 8915 0
0.47738075256347656 0.1783137321472168 9016 0
0.5346760749816895 0.1479954719543457 8977 0
0.5494914054870605 0.14642667770385742 9229 0
0.5611448287963867 0.17546868324279785 9037 0
0.5423431396484375 0.15843629837036133 8628 0
0.5426087379455566 0.1606583595275879 8556 0
0.555323600769043 0.2048032283782959 8947 0
0.5439741611480713 0.19589829444885254 9255 0
0.5556638240814209 0.16112303733825684 9073 0
0.5536487102508545 0.12516140937805176 9160 0
0.5632250308990479 0.13759613037109375 9160 0
0.5607061386108398 0.14350581169128418 9070 0
0.5376040935516357 0.16920709609985352 8501 0
0.5344207286834717 0.20709753036499023 8781 0
0.532095193862915 0.21088790893554688 9118 0
0.5273609161376953 0.13414621353149414 7253 0
0.536773681640625 0.20585274696350098 8885 0
0.5465946197509766 0.12793183326721191 8343 0
0.5173039436340332 0.14672040939331055 8475 0
0.5339939594268799 0.16267657279968262 8849 0
0.5196061134338379 0.1296541690826416 8874 0
0.531928539276123 0.1837141513824463 8779 0
0.5298571586608887 0.1716616153717041 9469 0
0.5335862636566162 0.1623075008392334 9204 0
0.5450031757354736 0.150101900100708 9585 0
0.5420775413513184 0.16709303855895996 9376 0
0.5418868064880371 0.17646145820617676 9297 0
0.5356519222259521 0.14277386665344238 8428 0
0.5686635971069336 0.15986347198486328 9386 0
0.5659987926483154 0.13918638229370117 9421 0
0.5539476871490479 0.18259906768798828 9507 0
0.5537054538726807 0.18573784828186035 9280 0
0.5293982028961182 0.16021060943603516 9271 0
0.5644435882568359 0.13920044898986816 9311 0
0.5355691909790039 0.17654013633728027 9037 0
0.5652632713317871 0.15928888320922852 8565 0
0.5520224571228027 0.18457508087158203 9184 0
0.599463701248169 0.15570759773254395 9356 0
0.5706558227539062 0.19151520729064941 9318 0
0.5508544445037842 0.1490035057067871 9256 0
0.5358355045318604 0.13147640228271484 9102 0
0.5540909767150879 0.15526461601257324 9041 0
0.5616750717163086 0.1610276699066162 8808 0
0.5573773384094238 0.1572732925415039 9344 0
0.5625839233398438 0.1574113368988037 9095 0
0.5447299480438232 0.12770652770996094 7049 0
0.5444126129150391 0.1708049774169922 8646 0
0.5391967296600342 0.14289593696594238 8025 0
0.5559375286102295 0.197373628616333 8426 0
0.5484070777893066 0.15278172492980957 9131 0
0.5834722518920898 0.14444780349731445 9139 0
0.5591957569122314 0.15172886848449707 8960 0
0.5487942695617676 0.1349353790283203 9000 0
0.549095630645752 0.1912550926208496 9219 0
0.5600826740264893 0.16212868690490723 9154 0
0.5420210361480713 0.14530253410339355 9347 0
0.5361571311950684 0.15459084510803223 8999 0
0.48322010040283203 0.15368199348449707 8070 0
0.5303399562835693 0.133009672164917 9564 0
0.511805534362793 0.1692502498626709 9096 0
0.5439751148223877 0.14258527755737305 9142 0
0.5314886569976807 0.17084455490112305 9195 0
0.5668501853942871 0.16796159744262695 9337 0
0.5682976245880127 0.14146018028259277 9679 0
0.5319831371307373 0.14297246932983398 8926 0
0.5222592353820801 0.12566280364990234 8003 0
0.5632526874542236 0.13048934936523438 9012 0
0.5645380020141602 0.15941834449768066 9356 0
0.5570430755615234 0.17765140533447266 9218 0
0.5625255107879639 0.14824748039245605 9408 0
0.5358929634094238 0.13817715644836426 9434 0
0.5696418285369873 0.12815141677856445 8905 0
0.5605840682983398 0.15264320373535156 8727 0
0.5730626583099365 0.1492908000946045 9318 0
0.5398473739624023 0.2163395881652832 9027 0
0.5279121398925781 0.16822242736816406 7449 0
0.5555899143218994 0.1576082706451416 8881 0
0.536158561706543 0.14037418365478516 7775 0
0.5942268371582031 0.1517806053161621 8941 0
0.6039230823516846 0.2314298152923584 9067 0
0.5555384159088135 0.17818999290466309 9160 0
0.5727808475494385 0.14545416831970215 8923 0
0.5280587673187256 0.17319393157958984 9247 0
0.5481982231140137 0.14606952667236328 9370 0
0.5385687351226807 0.2106623649597168 9592 0
0.5321905612945557 0.1477370262145996 9681 0
0.5460851192474365 0.17248272895812988 9022 0
0.5472357273101807 0.1351778507232666 8375 0
0.563178300857544 0.14119386672973633 9042 0
0.5695245265960693 0.14139676094055176 9066 0
0.5656933784484863 0.15369844436645508 9062 0
0.5426499843597412 0.16041922569274902 9122 0
0.5904512405395508 0.15006375312805176 9230 0
0.5550968647003174 0.16606497764587402 9332 0
0.5341677665710449 0.20807909965515137 8874 0
0.5627386569976807 0.14389824867248535 8171 0
0.5485596656799316 0.14562368392944336 8962 0
0.5451655387878418 0.15278172492980957 9773 0
0.5522727966308594 0.14150476455688477 9557 0
0.5511236190795898 0.17435741424560547 9748 0
0.5704686641693115 0.15505599975585938 9955 0
0.5875616073608398 0.18152523040771484 10130 0
0.5753586292266846 0.14499378204345703 10273 0
0.5278031826019287 0.225114107131958 10040 0
0.5816018581390381 0.17601299285888672 10050 0
0.5596756935119629 0.18987131118774414 9792 0
0.5662693977355957 0.17479205131530762 9685 0
0.576343297958374 0.2068784236907959 9655 0
0.5603244304656982 0.13087701797485352 9624 0
0.5334174633026123 0.15380859375 9935 0
0.5301806926727295 0.17220044136047363 9744 0
0.5643310546875 0.1477653980255127 10076 0
0.536323070526123 0.21948909759521484 10006 0
0.5582404136657715 0.1934046745300293 9866 0
0.5848193168640137 0.15346622467041016 10299 0
0.570087194442749 0.17943692207336426 10323 0
0.561729907989502 0.16169476509094238 9974 0
0.572437047958374 0.18378233909606934 9514 0
0.5412368774414062 0.1591026782989502 9364 0
0.5336003303527832 0.16988682746887207 9592 0
0.5423858165740967 0.20105409622192383 9305 0
0.5461862087249756 0.20659565925598145 9443 0
0.540482759475708 0.17554044723510742 9681 0
0.5405678749084473 0.13675689697265625 9621 0
0.5490682125091553 0.19807696342468262 10048 0
0.5613892078399658 0.19197535514831543 10100 0
0.5483345985412598 0.15848350524902344 9817 0
0.5409810543060303 0.19764208793640137 9788 0
0.5712363719940186 0.18727350234985352 10023 0
0.5371792316436768 0.13655471801757812 9361 0
0.5252804756164551 0.15526175498962402 9497 0
0.54683518409729 0.16373705863952637 9557 0
0.558948278427124 0.1523740291595459 9619 0
0.5464811325073242 0.15825176239013672 9224 0
0.5330815315246582 0.141648530960083 9778 0
0.5719120502471924 0.1694164276123047 10316 0
0.5349459648132324 0.13046550750732422 9726 0
0.5469365119934082 0.208482027053833 9846 0
0.5541141033172607 0.15273642539978027 9516 0
0.5718719959259033 0.12823963165283203 9875 0
0.5184481143951416 0.15572786331176758 9382 0
0.5541427135467529 0.1330556869506836 9794 0
0.5519399642944336 0.21218085289001465 9689 0
0.5268387794494629 0.15489768981933594 9121 0
0.5602476596832275 0.16043424606323242 9801 0
0.573045015335083 0.17178654670715332 10057 0
0.5275399684906006 0.14078378677368164 9582 0
0.5369815826416016 0.16477203369140625 10237 0
0.5615973472595215 0.17831754684448242 10034 0
0.5744824409484863 0.15708422660827637 9773 0
0.5562002658843994 0.16186261177062988 9804 0
0.5691018104553223 0.14754581451416016 9724 0
0.5721259117126465 0.19158601760864258 9882 0
0.5512285232543945 0.1617131233215332 9624 0
0.5578632354736328 0.1342940330505371 10070 0
0.5475373268127441 0.16752886772155762 9750 0
0.5151276588439941 0.20330595970153809 9907 0
0.5625622272491455 0.20825719833374023 9888 0
0.5783207416534424 0.14063262939453125 10517 0
0.5721073150634766 0.1609640121459961 9976 0
0.556948184967041 0.2086043357849121 10088 0
0.5948588848114014 0.1259162425994873 10800 0
0.5676059722900391 0.1420304775238037 10105 0
0.5751845836639404 0.16549944877624512 10618 0
0.5495989322662354 0.13751721382141113 9926 0
0.5618875026702881 0.18906188011169434 10263 0
0.5846161842346191 0.13486766815185547 9987 0
0.5626473426818848 0.15772628784179688 9808 0
0.5467996597290039 0.2183244228363037 10017 0
0.5470240116119385 0.18433260917663574 9288 0
0.5968222618103027 0.14481711387634277 10729 0
0.578773021697998 0.14770197868347168 10582 0
0.5873091220855713 0.20174241065979004 10531 0
0.56028151512146 0.19539189338684082 10505 0
0.5860214233398438 0.1977064609527588 10590 0
0.5782232284545898 0.20377111434936523 10352 0
0.5800645351409912 0.152785062789917 10405 0
0.5821998119354248 0.14426279067993164 11050 0
0.56813645362854 0.19594502449035645 10844 0
0.545440673828125 0.18669772148132324 9220 0
0.5258626937866211 0.17254233360290527 9028 0
0.545623779296875 0.19111156463623047 10181 0
0.5834388732910156 0.1675877571105957 11221 0
0.5401623249053955 0.1535024642944336 9807 0
0.5726020336151123 0.17026567459106445 10535 0
0.5525836944580078 0.20018577575683594 9565 0
0.537846565246582 0.19663548469543457 10072 0
0.5493907928466797 0.17105841636657715 9860 0
0.5766201019287109 0.1528012752532959 10215 0
0.5796599388122559 0.15031838417053223 10362 0
0.540900707244873 0.21225214004516602 9809 0
0.5821018218994141 0.13105463981628418 10761 0
0.5632190704345703 0.175079345703125 10477 0
0.5695133209228516 0.1679079532623291 9329 0
0.5714342594146729 0.13529276847839355 11014 0
0.5955789089202881 0.14112544059753418 10549 0
0.550126314163208 0.19092607498168945 9828 0
0.5923478603363037 0.14202570915222168 10931 0
0.5506782531738281 0.19552850723266602 11038 0
0.5638737678527832 0.17152190208435059 9366 0
0.5788147449493408 0.14912056922912598 10757 0
0.5795822143554688 0.1576826572418213 11346 0
0.555699348449707 0.20728778839111328 11373 0
0.5589606761932373 0.1536707878112793 10898 0
0.5950052738189697 0.14955615997314453 10991 0
0.5724828243255615 0.16928958892822266 11122 0
0.5628132820129395 0.1636507511138916 11241 0
0.580388069152832 0.1798851490020752 10837 0
0.5677886009216309 0.18269777297973633 10996 0
0.581834077835083 0.19054889678955078 11749 0
0.5504565238952637 0.19418048858642578 10954 0
0.5688068866729736 0.14859485626220703 11237 0
0.5754334926605225 0.20846796035766602 10992 0
0.574791431427002 0.19327092170715332 10916 0
0.5754549503326416 0.15169548988342285 10782 0
0.5328066349029541 0.1432642936706543 11121 0
0.5680155754089355 0.1319136619567871 11233 0
0.5814998149871826 0.15307831764221191 10635 0
0.5507609844207764 0.16205072402954102 10925 0
0.5566256046295166 0.20567798614501953 11189 0
0.557248592376709 0.1901988983154297 10370 0
0.561577558517456 0.18257808685302734 10933 0
0.5764846801757812 0.1290602684020996 11093 0
0.5791761875152588 0.2098371982574463 10003 0
0.5771913528442383 0.1826932430267334 10894 0
0.5886240005493164 0.1545243263244629 10051 0
0.5516622066497803 0.21294450759887695 10146 0
0.5558462142944336 0.20908856391906738 10739 0
0.5832765102386475 0.14294815063476562 10636 0
0.5776562690734863 0.16608548164367676 9846 0
0.5678439140319824 0.209364652633667 10799 0
0.5271561145782471 0.17641043663024902 10843 0
0.5751574039459229 0.1788928508758545 10966 0
0.563683271408081 0.12927031517028809 10738 0
0.5627026557922363 0.19294071197509766 11165 0
0.5648598670959473 0.15494561195373535 10761 0
0.563164472579956 0.13326525688171387 10891 0
0.5769579410552979 0.16414594650268555 11107 0
0.5745429992675781 0.20192193984985352 11165 0
0.5805552005767822 0.1854555606842041 10895 0
0.5656702518463135 0.1863725185394287 11030 0
0.5640509128570557 0.2392747402191162 11002 0
0.5609450340270996 0.2113943099975586 11277 0
0.572364330291748 0.1267099380493164 11269 0
0.5757830142974854 0.18056154251098633 11037 0
0.5663838386535645 0.16946983337402344 11282 0
0.5581555366516113 0.19084763526916504 10670 0
0.5683386325836182 0.17507028579711914 10982 0
0.5788118839263916 0.12840008735656738 10800 0
0.5386097431182861 0.17955684661865234 11130 0
0.5756430625915527 0.14856195449829102 10896 0
0.5548365116119385 0.15263009071350098 11212 0
0.5619306564331055 0.1697680950164795 11523 0
0.5607204437255859 0.16430258750915527 9708 0
0.5481009483337402 0.20722556114196777 11216 0
0.5716476440429688 0.13834643363952637 11147 0
0.5551652908325195 0.17524242401123047 10889 0
0.5559709072113037 0.14669418334960938 11379 0
0.5785748958587646 0.13401556015014648 11197 0
0.5723052024841309 0.19774103164672852 10244 0
0.5777466297149658 0.15425634384155273 11390 0
0.567638635635376 0.14364194869995117 11069 0
0.5787270069122314 0.13123154640197754 11606 0
0.5751852989196777 0.1784203052520752 11671 0
0.571038007736206 0.1322951316833496 10627 0
0.597318172454834 0.13178014755249023 10606 0
0.5566303730010986 0.14490985870361328 10749 0
0.5646946430206299 0.15103721618652344 10435 0
0.5498971939086914 0.15874218940734863 10439 0
0.5535745620727539 0.19170284271240234 10408 0
0.5629920959472656 0.19466447830200195 10753 0
0.568673849105835 0.2002701759338379 10310 0
0.5832498073577881 0.15233707427978516 10733 0
0.5647392272949219 0.19928908348083496 10332 0
0.5606236457824707 0.172074556350708 10439 0
0.5529060363769531 0.15123319625854492 10729 0
0.5442821979522705 0.20458507537841797 10756 0
0.5567729473114014 0.21148371696472168 10819 0
0.5803909301757812 0.12214803695678711 10033 0
0.59163498878479 0.14055323600769043 10791 0
0.5569908618927002 0.18573331832885742 10322 0
0.5689756870269775 0.2079334259033203 10551 0
0.568662166595459 0.15708017349243164 10467 0
0.5534920692443848 0.1997532844543457 10184 0
0.5653162002563477 0.16832232475280762 10043 0
0.5782022476196289 0.13541603088378906 10251 0
0.5432705879211426 0.20174479484558105 9990 0
0.5893933773040771 0.15439558029174805 10774 0
0.5722408294677734 0.1573619842529297 10745 0
0.5774867534637451 0.17750787734985352 10282 0
0.5845537185668945 0.12017416954040527 10513 0
0.5536963939666748 0.21340084075927734 10687 0
0.5628180503845215 0.16227459907531738 10803 0
