0.7550084590911865 0.15955829620361328 72949 0
0.7825849056243896 0.18600130081176758 73544 0
0.8115975856781006 0.1509253978729248 74773 0
0.7947611808776855 0.21782898902893066 73499 0
0.8047797679901123 0.20991969108581543 76895 0
0.7813830375671387 0.21533942222595215 77747 0
0.803408145904541 0.21036696434020996 77578 0
0.7877833843231201 0.2148299217224121 76505 0
0.8062639236450195 0.21639251708984375 76194 0
0.7880833148956299 0.22874188423156738 77185 0
0.8004775047302246 0.22274494171142578 74411 0
0.786391019821167 0.20607566833496094 72149 0
0.7897381782531738 0.21742749214172363 76154 0
0.7708404064178467 0.193497896194458 74183 0
0.7249820232391357 0.2016584873199463 62786 0
0.7565321922302246 0.15778160095214844 74143 0
0.7896122932434082 0.21621155738830566 71894 0
0.796011209487915 0.20685815811157227 70712 0
0.7399821281433105 0.21550226211547852 67677 0
0.7407102584838867 0.22504568099975586 72235 0
0.7780358791351318 0.1942152976989746 72584 0
0.7845263481140137 0.1851339340209961 70305 0
0.770719051361084 0.13684821128845215 73626 0
0.7865328788757324 0.19890499114990234 76020 0
0.803638219833374 0.13518738746643066 75793 0
0.8027510643005371 0.2016890048980713 74432 0
0.8050839900970459 0.12758350372314453 68823 0
0.8039159774780273 0.18307209014892578 74041 0
0.7758805751800537 0.20169758796691895 74715 0
0.7603111267089844 0.20595908164978027 71968 0
0.7825300693511963 0.21671438217163086 74389 0
0.7829325199127197 0.2042372226715088 75976 0
0.7591454982757568 0.19752860069274902 73115 0
0.7785637378692627 0.1736302375793457 73666 0
0.7738006114959717 0.19845247268676758 69467 0
0.7815487384796143 0.1955416202545166 74763 0
0.8008918762207031 0.19806313514709473 80147 0
0.7941086292266846 0.1905207633972168 78017 0
0.7911288738250732 0.21182751655578613 79645 0
0.7804749011993408 0.2097153663635254 75825 0
0.7408084869384766 0.17737984657287598 70679 0
0.8098657131195068 0.14128494262695312 73158 0
0.7654809951782227 0.2088329792022705 76440 0
0.8134300708770752 0.1627635955810547 76786 0
0.7558565139770508 0.1885690689086914 66993 0
0.7816088199615479 0.1968834400177002 76195 0
0.7673332691192627 0.18692493438720703 78056 0
0.7835140228271484 0.21292638778686523 75459 0
0.8629975318908691 0.1425936222076416 76534 0
0.7852480411529541 0.19456720352172852 76174 0
0.7954931259155273 0.17536282539367676 75910 0
0.7509005069732666 0.20659518241882324 77747 0
0.7703039646148682 0.22584319114685059 76091 0
0.7956836223602295 0.20955586433410645 76927 0
0.8159191608428955 0.20368409156799316 77383 0
0.7984621524810791 0.20792341232299805 77555 0
0.8129761219024658 0.23711585998535156 78125 0
0.7911627292633057 0.2068929672241211 77556 0
0.8149774074554443 0.1833181381225586 78036 0
0.7652244567871094 0.16725683212280273 77970 0
0.7621467113494873 0.18475937843322754 77516 0
0.7737374305725098 0.21741485595703125 76457 0
0.77730393409729 0.20654559135437012 76025 0
0.810236930847168 0.17801976203918457 75462 0
0.7966523170471191 0.1813666820526123 72940 0
0.7667913436889648 0.21866083145141602 76142 0
0.7731194496154785 0.21923351287841797 75837 0
0.7841291427612305 0.2252645492553711 76672 0
0.7610721588134766 0.19706034660339355 76839 0
0.7772042751312256 0.20980167388916016 75001 0
0.7703588008880615 0.19959449768066406 73827 0
0.7773091793060303 0.16500210762023926 72331 0
0.7718489170074463 0.19352936744689941 76236 0
0.7816417217254639 0.13285255432128906 74635 0
0.7340519428253174 0.21711206436157227 63117 0
0.7691483497619629 0.20725250244140625 74605 0
0.7380397319793701 0.2055966854095459 74212 0
0.7765212059020996 0.21411490440368652 71587 0
0.8007602691650391 0.15427589416503906 72144 0
0.7652053833007812 0.20863842964172363 72876 0
0.7786250114440918 0.20970487594604492 74427 0
0.8066213130950928 0.18445158004760742 75875 0
0.8010516166687012 0.1964564323425293 73712 0
0.7944328784942627 0.19288921356201172 73822 0
0.7358219623565674 0.17161774635314941 75026 0
0.7706351280212402 0.20548129081726074 75296 0
0.7595717906951904 0.16899538040161133 72349 0
0.7802066802978516 0.18252301216125488 75393 0
0.792527437210083 0.18085026741027832 75745 0
0.7837884426116943 0.2037661075592041 76111 0
0.821209192276001 0.1837773323059082 75890 0
0.771399736404419 0.23543787002563477 75156 0
0.7994725704193115 0.18924355506896973 75590 0
0.7750213146209717 0.21590757369995117 72835 0
0.7741413116455078 0.18970298767089844 76514 0
0.7854070663452148 0.1978168487548828 75192 0
0.8009698390960693 0.15547585487365723 62368 0
0.8144559860229492 0.20585060119628906 75650 0
0.8342890739440918 0.14479446411132812 75883 0
0.7660338878631592 0.1962723731994629 71567 0
0.7749710083007812 0.1909654140472412 73727 0
0.7800652980804443 0.20709514617919922 74833 0
0.7825057506561279 0.20333480834960938 75525 0
0.7869045734405518 0.17417192459106445 77669 0
0.7680835723876953 0.20411300659179688 77276 0
0.8016953468322754 0.17954540252685547 77648 0
0.763770341873169 0.1977994441986084 77972 0
0.8437716960906982 0.1720104217529297 78763 0
0.7716259956359863 0.20394515991210938 77826 0
0.7803671360015869 0.21241497993469238 77442 0
0.800661563873291 0.19842743873596191 76818 0
0.7679791450500488 0.19008183479309082 76387 0
0.7846956253051758 0.21359491348266602 78315 0
0.8059041500091553 0.18326449394226074 77531 0
0.7691659927368164 0.1641983985900879 75689 0
0.7755661010742188 0.2197864055633545 76230 0
0.7628352642059326 0.16597771644592285 69830 0
0.7592394351959229 0.19900298118591309 77671 0
0.7769489288330078 0.18935227394104004 76710 0
0.7772114276885986 0.21475505828857422 77436 0
0.7904965877532959 0.18302392959594727 75137 0
0.8055083751678467 0.2190849781036377 76195 0
0.7826895713806152 0.20284152030944824 75063 0
0.7567801475524902 0.18904757499694824 73528 0
0.7836406230926514 0.2054612636566162 74813 0
0.7740352153778076 0.21237707138061523 75927 0
0.7466492652893066 0.19885826110839844 63900 0
0.7776100635528564 0.20212221145629883 73550 0
0.7481613159179688 0.20701837539672852 66474 0
0.7355918884277344 0.19858837127685547 67449 0
0.8172492980957031 0.18508481979370117 70836 0
0.8173873424530029 0.14724421501159668 71415 0
0.742074728012085 0.18590450286865234 67821 0
0.7903459072113037 0.19965243339538574 72653 0
0.8187234401702881 0.1583864688873291 74324 0
0.8171336650848389 0.15496373176574707 76280 0
0.7695789337158203 0.16723370552062988 76211 0
0.822237491607666 0.18120932579040527 76534 0
0.7625901699066162 0.21298789978027344 74909 0
0.8089315891265869 0.19243621826171875 75646 0
0.8020844459533691 0.16648173332214355 77019 0
0.7870392799377441 0.15878725051879883 77796 0
0.7918760776519775 0.20655107498168945 76725 0
0.7888443470001221 0.20209479331970215 76812 0
0.7891867160797119 0.216843843460083 75510 0
0.7948164939880371 0.17196440696716309 79935 0
0.7892589569091797 0.17938661575317383 77022 0
0.7925341129302979 0.1850898265838623 76034 0
0.8473217487335205 0.22539401054382324 72894 0
0.7929477691650391 0.17523837089538574 73296 0
0.8015789985656738 0.1744530200958252 77187 0
0.8295092582702637 0.23729419708251953 81238 0
0.8106110095977783 0.18596982955932617 80247 0
0.7956526279449463 0.21017026901245117 79764 0
0.793398380279541 0.22225737571716309 80197 0
0.7913880348205566 0.20194196701049805 77238 0
0.7371079921722412 0.21692895889282227 64312 0
0.7874062061309814 0.19132375717163086 74611 0
0.7689006328582764 0.23361825942993164 76063 0
0.7799892425537109 0.2190701961517334 69017 0
0.7584044933319092 0.18545913696289062 68467 0
0.7680439949035645 0.21083617210388184 70743 0
0.7843537330627441 0.16776490211486816 69464 0
0.7778568267822266 0.2210853099822998 71441 0
0.7718167304992676 0.17810940742492676 75112 0
0.8238980770111084 0.1406872272491455 71708 0
0.795802116394043 0.2183549404144287 71746 0
0.8151893615722656 0.18220281600952148 75630 0
0.7897236347198486 0.13201284408569336 73755 0
0.8144917488098145 0.1493082046508789 79627 0
0.7968893051147461 0.19436430931091309 73886 0
0.7780084609985352 0.20206999778747559 76803 0
0.8101089000701904 0.1444399356842041 77818 0
0.8165163993835449 0.21502065658569336 79337 0
0.8422231674194336 0.15521740913391113 78347 0
0.7790718078613281 0.14012765884399414 78188 0
0.8160398006439209 0.13806915283203125 73598 0
0.790229082107544 0.20015883445739746 79350 0
0.7755193710327148 0.18354463577270508 79127 0
0.837571382522583 0.14632725715637207 79420 0
0.8044729232788086 0.18144774436950684 78352 0
0.7652575969696045 0.2136995792388916 77311 0
0.7909471988677979 0.2009260654449463 77373 0
0.8051061630249023 0.15141797065734863 73395 0
0.788550615310669 0.1770172119140625 77749 0
0.7675840854644775 0.1663355827331543 76975 0
0.7437224388122559 0.19884181022644043 64382 0
0.7915654182434082 0.15626168251037598 78741 0
0.7747564315795898 0.2043156623840332 78947 0
0.7492585182189941 0.19460248947143555 74647 0
0.7889423370361328 0.20609235763549805 75576 0
0.7799534797668457 0.23740530014038086 76286 0
0.7776024341583252 0.22299981117248535 76444 0
0.8155605792999268 0.15514183044433594 77246 0
0.7971956729888916 0.18007850646972656 76761 0
0.7652251720428467 0.21297764778137207 76952 0
0.8209242820739746 0.19910097122192383 76693 0
0.7917728424072266 0.19822144508361816 78495 0
0.7973833084106445 0.18871521949768066 77579 0
0.7885386943817139 0.19789409637451172 76276 0
0.7442750930786133 0.2078406810760498 71608 0
0.7442755699157715 0.14970803260803223 64578 0
0.7337114810943604 0.20740866661071777 62315 0
0.7144260406494141 0.19603466987609863 63542 0
0.775230884552002 0.1996321678161621 63224 0
0.7653765678405762 0.16558074951171875 64880 0
0.748680830001831 0.22373175621032715 63570 0
0.7581393718719482 0.23490118980407715 64191 0
0.7662889957427979 0.2146899700164795 66628 0
0.7530732154846191 0.19875884056091309 65447 0
0.7410628795623779 0.2130584716796875 64205 0
0.7329721450805664 0.20579075813293457 64582 0
0.7426156997680664 0.19736528396606445 64422 0
0.7493083477020264 0.20944833755493164 63625 0
0.7538456916809082 0.2161414623260498 63749 0
0.7572264671325684 0.1678321361541748 63749 0
0.7725799083709717 0.17273235321044922 64354 0
0.757117509841919 0.1863107681274414 59352 0
0.7424185276031494 0.20250177383422852 64659 0
0.7448747158050537 0.22564077377319336 64397 0
0.7720785140991211 0.21102046966552734 64325 0
0.7320740222930908 0.22463440895080566 64900 0
0.7786486148834229 0.19045019149780273 64481 0
0.7525784969329834 0.19835209846496582 65684 0
0.7651703357696533 0.18971014022827148 65413 0
0.7500274181365967 0.20697736740112305 65690 0
0.7316901683807373 0.1715412139892578 65467 0
0.7480323314666748 0.18956923484802246 64466 0
0.7673161029815674 0.14434432983398438 63970 0
0.7566471099853516 0.14637207984924316 64811 0
0.7593374252319336 0.2061471939086914 63343 0
0.7638266086578369 0.18521904945373535 63409 0
0.7349197864532471 0.18599772453308105 63660 0
0.7302219867706299 0.20830869674682617 64417 0
0.7398533821105957 0.21207165718078613 64890 0
0.7685906887054443 0.14414501190185547 64959 0
0.7466437816619873 0.2245039939880371 65178 0
0.7892274856567383 0.1530132293701172 64166 0
0.7477984428405762 0.18760466575622559 63173 0
0.781566858291626 0.20367741584777832 64522 0
0.7591378688812256 0.21827244758605957 63027 0
0.7523863315582275 0.18970513343811035 63723 0
0.6908025741577148 0.18949246406555176 64676 0
0.7402088642120361 0.21060609817504883 64547 0
0.8227994441986084 0.19157743453979492 64305 0
0.7406115531921387 0.12804126739501953 64086 0
0.717214822769165 0.19675779342651367 63987 0
0.7208800315856934 0.20888042449951172 57870 0
0.7536830902099609 0.21673226356506348 63604 0
0.7529351711273193 0.18327689170837402 63963 0
0.8069801330566406 0.19523096084594727 64226 0
0.7511627674102783 0.1622025966644287 64380 0
0.7746067047119141 0.19145798683166504 64681 0
0.7482028007507324 0.2338852882385254 65318 0
0.7820146083831787 0.13661599159240723 64609 0
0.7841618061065674 0.14417719841003418 65196 0
0.7371838092803955 0.17721867561340332 64646 0
0.7547290325164795 0.19775056838989258 63207 0
0.7322061061859131 0.2138967514038086 63618 0
0.753262996673584 0.19258332252502441 62584 0
0.7389938831329346 0.2156684398651123 63407 0
0.7357470989227295 0.15520977973937988 62973 0
0.7427444458007812 0.21034479141235352 63665 0
0.7692310810089111 0.16974973678588867 65205 0
0.7408285140991211 0.20091557502746582 64736 0
0.7399308681488037 0.1777949333190918 64093 0
0.740227460861206 0.1859149932861328 65058 0
0.7328891754150391 0.19248318672180176 64357 0
0.7383251190185547 0.19704079627990723 66305 0
0.7523128986358643 0.13222002983093262 64590 0
0.7459361553192139 0.19540166854858398 64366 0
0.7288608551025391 0.18867063522338867 63872 0
0.7837092876434326 0.2067863941192627 63846 0
0.7661736011505127 0.1932988166809082 70133 0
0.7431321144104004 0.21668028831481934 70740 0
0.7291879653930664 0.19311833381652832 65159 0
0.7795867919921875 0.21091341972351074 74683 0
0.7751603126525879 0.1758890151977539 70424 0
0.7937197685241699 0.19194698333740234 74411 0
0.7668294906616211 0.18356609344482422 71357 0
0.7862756252288818 0.1376323699951172 69668 0
0.7859575748443604 0.18729591369628906 70270 0
0.7738494873046875 0.17640280723571777 70651 0
0.7951316833496094 0.19877099990844727 70020 0
0.7514121532440186 0.20939898490905762 69775 0
0.7484989166259766 0.18638134002685547 69331 0
0.7662227153778076 0.20439887046813965 65457 0
0.7263131141662598 0.21758079528808594 65096 0
0.7492411136627197 0.20793652534484863 63109 0
0.763840913772583 0.20049190521240234 64815 0
0.7934670448303223 0.1610853672027588 64741 0
0.7581982612609863 0.21108508110046387 63348 0
0.6992874145507812 0.18953657150268555 63281 0
0.7488934993743896 0.19046282768249512 63663 0
0.7283689975738525 0.13811540603637695 63379 0
0.7723293304443359 0.17201900482177734 63703 0
0.7539753913879395 0.21349596977233887 65473 0
0.7533829212188721 0.16571879386901855 65713 0
0.7488198280334473 0.20067214965820312 65062 0
0.7317314147949219 0.20638442039489746 58093 0
0.759584903717041 0.20371103286743164 65370 0
0.7270534038543701 0.21430087089538574 65484 0
0.7496578693389893 0.2003471851348877 63926 0
0.7735505104064941 0.1871035099029541 65184 0
0.7406585216522217 0.1734461784362793 65992 0
0.7451171875 0.18622255325317383 64818 0
0.7728385925292969 0.17943668365478516 66794 0
0.7563254833221436 0.21209716796875 65005 0
0.7695741653442383 0.200880765914917 65281 0
0.7440738677978516 0.1871964931488037 64426 0
0.7650094032287598 0.17874360084533691 64121 0
0.7403669357299805 0.18654251098632812 64450 0
0.7784209251403809 0.17232394218444824 65116 0
0.778294563293457 0.15016865730285645 65303 0
0.7702076435089111 0.1695878505706787 66707 0
0.7939069271087646 0.17615413665771484 65561 0
0.7450180053710938 0.18357324600219727 65125 0
0.7470228672027588 0.15286779403686523 65133 0
0.7991478443145752 0.15847396850585938 65923 0
0.7436237335205078 0.19932079315185547 64797 0
0.7495322227478027 0.22179198265075684 65186 0
0.7640588283538818 0.19930386543273926 64907 0
0.7603323459625244 0.19102835655212402 65152 0
0.7361478805541992 0.22133374214172363 64669 0
0.761559009552002 0.17226147651672363 64912 0
0.7752127647399902 0.18699383735656738 64498 0
0.7545239925384521 0.211806058883667 64564 0
0.7454342842102051 0.16657614707946777 65292 0
0.7436816692352295 0.1939840316772461 64703 0
0.7123880386352539 0.21326518058776855 57124 0
0.7531728744506836 0.21219372749328613 64551 0
0.7705106735229492 0.13327884674072266 65736 0
0.7137067317962646 0.22713828086853027 63069 0
0.7696125507354736 0.20640206336975098 66563 0
0.7505276203155518 0.22940611839294434 65697 0
0.7569761276245117 0.1813497543334961 64335 0
0.7794432640075684 0.20337414741516113 66626 0
0.7526426315307617 0.1823117733001709 66288 0
0.807464599609375 0.13285422325134277 65949 0
0.7904171943664551 0.18372821807861328 65545 0
0.7441654205322266 0.21788477897644043 64608 0
0.7451324462890625 0.18302154541015625 64791 0
0.7895448207855225 0.1866147518157959 64634 0
0.7534937858581543 0.20068788528442383 65040 0
0.7515900135040283 0.22134113311767578 65019 0
0.7486622333526611 0.18295717239379883 66046 0
0.7392079830169678 0.21788549423217773 66182 0
0.8012158870697021 0.1352686882019043 66176 0
0.7589430809020996 0.20010972023010254 65703 0
0.7469198703765869 0.21718096733093262 64621 0
0.7642621994018555 0.19638442993164062 64449 0
0.7432868480682373 0.1919107437133789 65951 0
0.7655501365661621 0.1750047206878662 64690 0
0.7690765857696533 0.18375301361083984 65919 0
0.8204569816589355 0.14813971519470215 66251 0
0.7855420112609863 0.20017766952514648 63817 0
0.7733826637268066 0.15652847290039062 63575 0
0.7790124416351318 0.1828618049621582 65379 0
0.7425146102905273 0.20582818984985352 65049 0
0.732213020324707 0.1956930160522461 55774 0
0.7648844718933105 0.18622994422912598 63614 0
0.7504382133483887 0.14322614669799805 63852 0
0.7321465015411377 0.20219779014587402 61534 0
0.8002510070800781 0.19063448905944824 65439 0
0.7525224685668945 0.17766666412353516 66236 0
0.7169637680053711 0.19791460037231445 58842 0
0.6994881629943848 0.17223143577575684 52972 0
0.699305534362793 0.20582175254821777 64386 0
0.7436308860778809 0.19075655937194824 65168 0
0.7466132640838623 0.20262932777404785 67258 0
0.7441024780273438 0.21226215362548828 66883 0
0.7721502780914307 0.19417285919189453 66421 0
0.7658460140228271 0.21795248985290527 66414 0
0.696584939956665 0.21808671951293945 65437 0
0.7621891498565674 0.17467021942138672 64606 0
0.7410271167755127 0.22568082809448242 55079 0
0.7465136051177979 0.14877676963806152 55420 0
0.7392945289611816 0.2087109088897705 65890 0
0.7330489158630371 0.20609569549560547 66047 0
0.7551424503326416 0.20360040664672852 63770 0
0.7182796001434326 0.19550848007202148 65138 0
0.7342727184295654 0.20347166061401367 64520 0
0.7429094314575195 0.19385576248168945 64302 0
0.7388460636138916 0.20798397064208984 65033 0
0.7929561138153076 0.12691497802734375 65583 0
0.7551758289337158 0.21939563751220703 65425 0
0.7934560775756836 0.15052413940429688 65065 0
0.7792472839355469 0.17538928985595703 68533 0
0.7475616931915283 0.18654537200927734 66085 0
0.7489078044891357 0.19605493545532227 60372 0
0.7708323001861572 0.19332098960876465 64905 0
0.7541334629058838 0.18103718757629395 64319 0
0.7666397094726562 0.15582704544067383 64235 0
0.7508785724639893 0.1961820125579834 66986 0
0.76224684715271 0.1931145191192627 64708 0
0.7309694290161133 0.20199322700500488 64672 0
0.7572152614593506 0.1869487762451172 64049 0
0.7764861583709717 0.2142174243927002 64947 0
0.7843859195709229 0.16631460189819336 64060 0
0.7715744972229004 0.2074129581451416 63639 0
0.7686557769775391 0.19156765937805176 62783 0
0.7424929141998291 0.1655416488647461 63211 0
0.8116796016693115 0.13722014427185059 63804 0
0.758202314376831 0.21201539039611816 62883 0
0.7417852878570557 0.2122030258178711 63903 0
0.7457571029663086 0.2039177417755127 63933 0
0.772059440612793 0.14367914199829102 62937 0
0.7258853912353516 0.22032761573791504 62174 0
0.7073450088500977 0.1963036060333252 61807 0
0.7353973388671875 0.18660783767700195 60550 0
0.7111375331878662 0.20254898071289062 54121 0
0.7381510734558105 0.21079277992248535 61232 0
0.7572829723358154 0.2019941806793213 60309 0
0.7640659809112549 0.19946002960205078 61295 0
0.7586510181427002 0.1812605857849121 60023 0
0.7598690986633301 0.2088618278503418 60383 0
0.737999439239502 0.20526385307312012 60808 0
0.7525539398193359 0.1390399932861328 59838 0
0.7861230373382568 0.19823503494262695 60258 0
0.7811894416809082 0.14800739288330078 60149 0
0.7270407676696777 0.2044382095336914 60486 0
0.7610383033752441 0.13566946983337402 60522 0
0.7947750091552734 0.18536138534545898 61076 0
0.7728025913238525 0.22139954566955566 59136 0
0.7653679847717285 0.1477675437927246 60411 0
0.7323050498962402 0.19016218185424805 60130 0
0.7337284088134766 0.19583988189697266 59153 0
0.7478375434875488 0.22829794883728027 59625 0
0.7506136894226074 0.17940926551818848 60312 0
0.7129087448120117 0.20494389533996582 60469 0
0.7314620018005371 0.17815756797790527 60079 0
0.7372956275939941 0.1477491855621338 60124 0
0.7411246299743652 0.21002697944641113 60464 0
0.7591907978057861 0.2105274200439453 60711 0
0.7861926555633545 0.18364667892456055 60778 0
0.7393474578857422 0.2256169319152832 59358 0
0.7508862018585205 0.1728971004486084 59800 0
0.7443132400512695 0.1962568759918213 58623 0
0.7334580421447754 0.2003943920135498 59610 0
0.757148265838623 0.20718002319335938 59559 0
0.7617547512054443 0.1723639965057373 51207 0
0.7443346977233887 0.2018413543701172 59707 0
0.7573537826538086 0.20428776741027832 59204 0
0.740020751953125 0.19783854484558105 60513 0
0.7454280853271484 0.1833653450012207 59267 0
0.7356240749359131 0.1921854019165039 59043 0
0.7397000789642334 0.20376324653625488 59439 0
0.7501065731048584 0.1992030143737793 58342 0
0.7426447868347168 0.20748019218444824 59494 0
0.7416896820068359 0.19460535049438477 60416 0
0.7355778217315674 0.2060859203338623 59567 0
0.7378976345062256 0.18770933151245117 59436 0
0.7500894069671631 0.19873523712158203 60601 0
0.746211051940918 0.17777395248413086 58157 0
0.7228741645812988 0.201066255569458 58406 0
0.7475354671478271 0.19582509994506836 59092 0
0.7459003925323486 0.1394510269165039 58449 0
0.7894308567047119 0.14663958549499512 58527 0
0.7495326995849609 0.18440771102905273 59028 0
0.7805469036102295 0.19795846939086914 58524 0
0.7435688972473145 0.20751523971557617 58873 0
0.734290361404419 0.1829390525817871 59530 0
0.7559611797332764 0.1964728832244873 58683 0
0.7814033031463623 0.17497849464416504 58958 0
0.7460818290710449 0.21747183799743652 58627 0
0.7216992378234863 0.1814441680908203 59352 0
0.7380776405334473 0.2114713191986084 58595 0
0.7109112739562988 0.21922874450683594 57544 0
0.7007608413696289 0.2106304168701172 57925 0
0.8078033924102783 0.15065383911132812 58443 0
0.7426605224609375 0.21383070945739746 49845 0
0.7382669448852539 0.22745561599731445 57333 0
0.7550206184387207 0.20915842056274414 59590 0
0.7240169048309326 0.19652414321899414 58405 0
0.7305581569671631 0.21823549270629883 57270 0
0.7460117340087891 0.19190716743469238 57886 0
0.7442779541015625 0.2064344882965088 59587 0
0.7258760929107666 0.20565319061279297 58579 0
0.806206464767456 0.13938403129577637 58388 0
0.7368166446685791 0.19453883171081543 58673 0
0.7326276302337646 0.2059764862060547 58493 0
0.7648138999938965 0.19018077850341797 57738 0
0.7334380149841309 0.20934486389160156 57699 0
0.7729122638702393 0.18598651885986328 57255 0
0.7442953586578369 0.18725872039794922 57282 0
0.7335827350616455 0.18463993072509766 58139 0
0.7340734004974365 0.22469162940979004 55306 0
0.7598226070404053 0.17178630828857422 55711 0
0.769280195236206 0.21188712120056152 56251 0
0.7315194606781006 0.2143237590789795 56335 0
0.7262346744537354 0.21004486083984375 56735 0
0.7443218231201172 0.21296119689941406 57491 0
0.7219393253326416 0.24065089225769043 58543 0
0.7140989303588867 0.20861291885375977 58232 0
0.7398049831390381 0.19917964935302734 58439 0
0.739133358001709 0.20272135734558105 58318 0
0.7485153675079346 0.2158644199371338 56344 0
0.7196524143218994 0.22579169273376465 54956 0
0.7383012771606445 0.17885255813598633 54769 0
0.7266590595245361 0.18839454650878906 53542 0
0.704728364944458 0.2038438320159912 47680 0
0.7241339683532715 0.21088862419128418 54306 0
0.7393560409545898 0.20584487915039062 55680 0
0.736121654510498 0.2050337791442871 55071 0
0.7356793880462646 0.1366879940032959 52775 0
0.7658395767211914 0.17154359817504883 53721 0
0.6827504634857178 0.20389628410339355 57171 0
0.7741184234619141 0.14030981063842773 55470 0
0.7860512733459473 0.12915277481079102 55305 0
0.7463116645812988 0.2005448341369629 55242 0
0.7412292957305908 0.23787260055541992 53609 0
0.7544934749603271 0.19625496864318848 53174 0
0.7389323711395264 0.19969677925109863 52932 0
0.7463510036468506 0.18352413177490234 53216 0
0.6975858211517334 0.20424151420593262 53698 0
0.7187333106994629 0.1920316219329834 53385 0
0.7365481853485107 0.21603059768676758 54378 0
0.7250523567199707 0.1939382553100586 56986 0
0.7183730602264404 0.21201491355895996 55478 0
0.7467398643493652 0.19256067276000977 54470 0
0.732133150100708 0.20956063270568848 54339 0
0.7178800106048584 0.18074703216552734 54995 0
0.7662856578826904 0.21088385581970215 54950 0
0.7351646423339844 0.21885013580322266 54979 0
0.7396390438079834 0.17434072494506836 54080 0
0.7490715980529785 0.14080810546875 54365 0
0.7455883026123047 0.13360285758972168 53376 0
0.745614767074585 0.19025087356567383 52041 0
0.7254340648651123 0.1560349464416504 53556 0
0.7327308654785156 0.19812297821044922 53678 0
0.7353560924530029 0.16110515594482422 46960 0
0.7380068302154541 0.18129229545593262 52306 0
0.7201385498046875 0.2107701301574707 54150 0
0.747150182723999 0.17969655990600586 54893 0
0.7201242446899414 0.2084033489227295 53560 0
0.7358801364898682 0.17418956756591797 55653 0
0.7244336605072021 0.19611859321594238 54226 0
0.7412686347961426 0.20165252685546875 53982 0
0.7335848808288574 0.22111964225769043 56736 0
0.7353885173797607 0.18611526489257812 55044 0
0.7019739151000977 0.19942378997802734 47883 0
0.7332866191864014 0.2271871566772461 55364 0
0.7153773307800293 0.2219548225402832 56686 0
0.737356424331665 0.196458101272583 55475 0
0.774524450302124 0.19629693031311035 55141 0
0.7684187889099121 0.1376657485961914 56521 0
0.7291021347045898 0.22563982009887695 57325 0
0.7661519050598145 0.1954801082611084 57672 0
0.742011308670044 0.19263482093811035 58512 0
0.7438755035400391 0.18756675720214844 56756 0
0.7196238040924072 0.1772632598876953 57627 0
0.729179859161377 0.21869182586669922 56995 0
0.7279400825500488 0.17443370819091797 57374 0
0.7357885837554932 0.20174145698547363 57908 0
0.7434935569763184 0.22988605499267578 57424 0
0.730999231338501 0.18579363822937012 56318 0
0.7310514450073242 0.20510554313659668 53894 0
0.7061493396759033 0.22050237655639648 54123 0
0.8024663925170898 0.21111464500427246 57764 0
0.7278342247009277 0.2100532054901123 58043 0
0.7524340152740479 0.16359400749206543 58605 0
0.7388153076171875 0.19556522369384766 58139 0
0.7504539489746094 0.15590429306030273 57356 0
0.7367784976959229 0.17140960693359375 57759 0
0.7391829490661621 0.1982896327972412 57917 0
0.7458181381225586 0.1930382251739502 56749 0
0.7111146450042725 0.21304607391357422 56070 0
0.7450816631317139 0.19353961944580078 56103 0
0.7387495040893555 0.1907505989074707 57420 0
0.7800076007843018 0.20052242279052734 55757 0
0.7301275730133057 0.233445405960083 57224 0
0.7868692874908447 0.15347981452941895 57213 0
0.7325751781463623 0.19340300559997559 57471 0
0.7686429023742676 0.17539620399475098 58533 0
0.7114770412445068 0.21796774864196777 57175 0
0.7765083312988281 0.14667391777038574 56918 0
0.7548351287841797 0.21211671829223633 53277 0
0.742194652557373 0.2128162384033203 55847 0
0.7464652061462402 0.2137453556060791 55181 0
0.6988613605499268 0.20725679397583008 47943 0
0.7444181442260742 0.20447015762329102 56306 0
0.7244198322296143 0.19078779220581055 56803 0
0.7279155254364014 0.2097780704498291 57015 0
0.7307131290435791 0.17840266227722168 55417 0
0.7460036277770996 0.22332501411437988 56172 0
0.7381157875061035 0.20110559463500977 59682 0
0.7203412055969238 0.21220779418945312 58189 0
0.7633988857269287 0.13166165351867676 58640 0
0.7552103996276855 0.20861053466796875 58389 0
0.7580571174621582 0.18547630310058594 57111 0
0.7576265335083008 0.21683740615844727 57658 0
0.7486183643341064 0.16953039169311523 56895 0
0.7351894378662109 0.184767484664917 56693 0
0.7129156589508057 0.16095733642578125 57513 0
0.7099757194519043 0.20374011993408203 56991 0
0.7737171649932861 0.17770981788635254 57103 0
0.7532968521118164 0.18280363082885742 57704 0
0.737060546875 0.19917798042297363 59138 0
0.7624332904815674 0.15517568588256836 57453 0
0.7770516872406006 0.1901562213897705 58414 0
0.7249295711517334 0.20199322700500488 58224 0
0.7546210289001465 0.20170235633850098 57591 0
0.7603945732116699 0.21321535110473633 57805 0
0.7772963047027588 0.2161872386932373 57901 0
0.762709379196167 0.19056248664855957 70827 0
0.7749872207641602 0.14846515655517578 73217 0
0.7959315776824951 0.1937251091003418 73042 0
0.7833762168884277 0.1626737117767334 73311 0
0.7754724025726318 0.18386268615722656 74021 0
0.7799575328826904 0.21498465538024902 74516 0
0.8014144897460938 0.19039320945739746 74226 0
0.8139424324035645 0.14796733856201172 72989 0
0.7686216831207275 0.2166152000427246 75232 0
0.7438056468963623 0.2189948558807373 74285 0
0.7605750560760498 0.17460966110229492 73191 0
0.7834560871124268 0.2024521827697754 75061 0
0.8003060817718506 0.19222402572631836 73858 0
0.8016269207000732 0.20260334014892578 73896 0
0.811068058013916 0.16022062301635742 73686 0
0.814136266708374 0.14061379432678223 74438 0
0.7829306125640869 0.20311880111694336 75379 0
0.8043758869171143 0.18725824356079102 73261 0
0.7578575611114502 0.21317362785339355 68261 0
0.8165936470031738 0.16122746467590332 73222 0
0.7803409099578857 0.1981053352355957 73894 0
0.7753331661224365 0.19130945205688477 74443 0
0.814394474029541 0.13901925086975098 74846 0
0.7967221736907959 0.1798098087310791 74785 0
0.785865306854248 0.2136824131011963 76706 0
0.8554637432098389 0.14130020141601562 75403 0
0.8298687934875488 0.2203996181488037 75916 0
0.8005270957946777 0.1853044033050537 74668 0
0.7876918315887451 0.18716073036193848 64380 0
0.8292233943939209 0.1978135108947754 74492 0
0.780693769454956 0.20158934593200684 74242 0
0.8111984729766846 0.14888882637023926 74862 0
0.774247407913208 0.20895743370056152 76175 0
0.8417515754699707 0.17455148696899414 77431 0
0.8099524974822998 0.2117147445678711 76191 0
0.8155443668365479 0.1458742618560791 77616 0
0.7808148860931396 0.21170878410339355 77295 0
0.7910113334655762 0.17607331275939941 76958 0
0.7595486640930176 0.22269415855407715 74205 0
0.7839477062225342 0.2047574520111084 78850 0
0.7898905277252197 0.19593310356140137 76304 0
0.7820689678192139 0.1752185821533203 76403 0
0.7899212837219238 0.19715595245361328 76825 0
0.7969779968261719 0.2137284278869629 76937 0
0.7855143547058105 0.21242094039916992 76977 0
0.8038609027862549 0.21306514739990234 78713 0
0.8118312358856201 0.16035127639770508 77614 0
0.8061001300811768 0.22059965133666992 77472 0
0.7944657802581787 0.14372706413269043 72184 0
0.8104751110076904 0.13066792488098145 77182 0
0.8012089729309082 0.19119739532470703 77937 0
0.7943072319030762 0.20494771003723145 77574 0
0.8146202564239502 0.1448383331298828 77713 0
0.7967483997344971 0.18285560607910156 77970 0
0.7744588851928711 0.20402312278747559 78468 0
0.7810859680175781 0.2134256362915039 75329 0
0.815654993057251 0.1778414249420166 78072 0
0.7621815204620361 0.20363807678222656 78178 0
0.7619740962982178 0.17542243003845215 65349 0
0.8179609775543213 0.1714627742767334 76900 0
0.764122486114502 0.19411230087280273 75122 0
0.7538752555847168 0.213470458984375 74385 0
0.7765913009643555 0.20634102821350098 77185 0
0.7983770370483398 0.18637585639953613 79404 0
0.8175795078277588 0.14102721214294434 74312 0
0.7671942710876465 0.19324159622192383 79655 0
0.7896630764007568 0.18150043487548828 77822 0
0.7678654193878174 0.2331855297088623 78476 0
0.7653448581695557 0.20444464683532715 78234 0
0.7862334251403809 0.2122516632080078 77084 0
0.7813103199005127 0.18856453895568848 74256 0
0.8279449939727783 0.16322112083435059 77678 0
0.8044812679290771 0.18094849586486816 79963 0
0.8131604194641113 0.19855785369873047 77531 0
0.7888312339782715 0.21438241004943848 78199 0
0.770172119140625 0.22071242332458496 77320 0
0.7965354919433594 0.21530413627624512 78420 0
0.7988440990447998 0.19641661643981934 77933 0
0.7883350849151611 0.18721604347229004 70714 0
0.7901458740234375 0.2014176845550537 77463 0
0.7795619964599609 0.1820993423461914 77321 0
0.7805931568145752 0.19607806205749512 77148 0
0.8016862869262695 0.15390944480895996 76328 0
0.7921559810638428 0.19151091575622559 76286 0
0.7943930625915527 0.16951966285705566 75590 0
0.7747769355773926 0.21293330192565918 72423 0
0.7933001518249512 0.20256710052490234 76875 0
0.7638561725616455 0.19008803367614746 76052 0
0.7352302074432373 0.19364356994628906 62163 0
0.7493948936462402 0.18937015533447266 72779 0
0.7714548110961914 0.1807725429534912 69727 0
0.7773709297180176 0.2056584358215332 68137 0
0.7922859191894531 0.19902467727661133 71008 0
0.7944138050079346 0.2065284252166748 73390 0
0.7657346725463867 0.1779935359954834 71037 0
0.780083417892456 0.20541095733642578 74031 0
0.8029298782348633 0.14379239082336426 72695 0
0.8040745258331299 0.15383648872375488 71851 0
0.7927546501159668 0.14535832405090332 70471 0
0.7593245506286621 0.22960257530212402 71095 0
0.7794766426086426 0.16391539573669434 66701 0
0.7732956409454346 0.21455001831054688 70887 0
0.7275896072387695 0.21584200859069824 71192 0
0.7607109546661377 0.19487237930297852 69662 0
0.7778370380401611 0.15506386756896973 71018 0
0.7868292331695557 0.14013934135437012 70747 0
0.8120777606964111 0.1874864101409912 70643 0
0.8019981384277344 0.2046961784362793 70366 0
0.762812614440918 0.14929723739624023 67665 0
0.7738981246948242 0.18917393684387207 70322 0
0.7560253143310547 0.21069025993347168 72205 0
0.7524664402008057 0.15228271484375 72869 0
0.7893433570861816 0.18639016151428223 71906 0
0.7732951641082764 0.20611286163330078 71829 0
0.7677350044250488 0.18874549865722656 72903 0
0.7867875099182129 0.19636273384094238 68260 0
0.7550718784332275 0.20915007591247559 70191 0
0.7787408828735352 0.1855483055114746 70138 0
0.7293891906738281 0.16990303993225098 59921 0
0.7802567481994629 0.2126762866973877 70104 0
0.7673130035400391 0.20373249053955078 67250 0
0.776010274887085 0.2162768840789795 69168 0
0.7835276126861572 0.17641568183898926 70161 0
0.7926161289215088 0.1483473777770996 70152 0
0.7832224369049072 0.141859769821167 68860 0
0.7702627182006836 0.21059489250183105 71801 0
0.7752363681793213 0.23173213005065918 72036 0
0.7904553413391113 0.2198340892791748 72887 0
0.7689700126647949 0.1936500072479248 72650 0
0.7940430641174316 0.16390657424926758 72118 0
0.7618403434753418 0.20900201797485352 67092 0
0.7514231204986572 0.2188401222229004 72196 0
0.7705388069152832 0.22504067420959473 72474 0
0.793043851852417 0.17966151237487793 72245 0
0.767911434173584 0.19108843803405762 72307 0
0.7629542350769043 0.18413567543029785 72344 0
0.8342320919036865 0.12378144264221191 71650 0
0.7746021747589111 0.23510098457336426 71616 0
0.7668578624725342 0.22087621688842773 66678 0
0.781212329864502 0.15604162216186523 71084 0
0.8023138046264648 0.16220664978027344 71828 0
0.7692739963531494 0.18915319442749023 71121 0
0.7798993587493896 0.21565008163452148 71100 0
0.7484719753265381 0.21245598793029785 70633 0
0.7773585319519043 0.17674565315246582 71098 0
0.75726318359375 0.20431065559387207 68417 0
0.7624459266662598 0.19398760795593262 71223 0
0.7528374195098877 0.18372297286987305 70028 0
0.7529277801513672 0.21541833877563477 59442 0
0.8115646839141846 0.20537972450256348 69456 0
0.7614552974700928 0.19001364707946777 64968 0
0.7564995288848877 0.2059943675994873 66658 0
0.7523043155670166 0.2160944938659668 69103 0
0.7809896469116211 0.18692970275878906 70765 0
0.8046507835388184 0.1420457363128662 68500 0
0.75160813331604 0.19237041473388672 70640 0
0.8174829483032227 0.14654850959777832 71016 0
0.7995507717132568 0.18612456321716309 70629 0
0.8009128570556641 0.14336323738098145 70438 0
0.7624704837799072 0.20506525039672852 70355 0
0.7313730716705322 0.20912551879882812 64949 0
0.7828061580657959 0.19519376754760742 71280 0
0.7896456718444824 0.1742696762084961 71118 0
0.7544605731964111 0.20068621635437012 70631 0
0.7776181697845459 0.18944883346557617 70691 0
0.7887253761291504 0.195237398147583 70419 0
0.7775027751922607 0.19645357131958008 71217 0
0.7787191867828369 0.20236968994140625 70508 0
0.7498164176940918 0.18323636054992676 64954 0
0.7792341709136963 0.19228196144104004 70162 0
0.7949423789978027 0.16645216941833496 70965 0
0.806915283203125 0.14699316024780273 70677 0
0.772803783416748 0.19560980796813965 70911 0
0.8039586544036865 0.26753711700439453 70456 0
0.7762808799743652 0.1858360767364502 69948 0
0.7612786293029785 0.20271682739257812 67726 0
0.7665743827819824 0.18991971015930176 70793 0
0.7657759189605713 0.20152068138122559 70539 0
0.7295987606048584 0.19225692749023438 61814 0
0.7777276039123535 0.1776418685913086 69785 0
0.7332839965820312 0.2014484405517578 63757 0
0.751225471496582 0.1894068717956543 69365 0
0.8208351135253906 0.14986276626586914 69559 0
0.7693679332733154 0.18682622909545898 71055 0
0.7556343078613281 0.1945340633392334 69091 0
0.7545342445373535 0.19684886932373047 72128 0
0.7812032699584961 0.18883442878723145 71843 0
0.7717015743255615 0.21886444091796875 71531 0
0.7905347347259521 0.2166910171508789 72186 0
0.7532436847686768 0.19820475578308105 70993 0
0.751962423324585 0.20405912399291992 66726 0
0.7718160152435303 0.1968092918395996 70982 0
0.773207426071167 0.17850875854492188 71126 0
0.7591671943664551 0.19491338729858398 71830 0
0.7878580093383789 0.20197176933288574 72624 0
0.7824692726135254 0.19335293769836426 72472 0
0.744835615158081 0.19403934478759766 70737 0
0.7679200172424316 0.14925503730773926 71051 0
0.7775406837463379 0.18317818641662598 66645 0
0.8082516193389893 0.13625502586364746 69457 0
0.7880306243896484 0.1949775218963623 75894 0
0.8238418102264404 0.20451641082763672 76561 0
0.7612316608428955 0.225205659866333 75960 0
0.7741310596466064 0.19610190391540527 76576 0
0.7636904716491699 0.19258737564086914 76930 0
0.7994964122772217 0.18138456344604492 77091 0
0.7554283142089844 0.2098238468170166 77059 0
0.7777788639068604 0.22458481788635254 75494 0
0.8058929443359375 0.20068907737731934 74493 0
0.7485952377319336 0.22054529190063477 76680 0
0.7625865936279297 0.21486783027648926 73828 0
0.7533421516418457 0.24107909202575684 73743 0
0.773334264755249 0.21422672271728516 74715 0
0.7926526069641113 0.17516422271728516 75956 0
0.8150539398193359 0.2013685703277588 76056 0
0.7564797401428223 0.2064838409423828 76503 0
0.8106808662414551 0.1736001968383789 76225 0
0.7802937030792236 0.18592166900634766 77212 0
0.785506010055542 0.22474360466003418 76636 0
0.782088041305542 0.2180466651916504 75358 0
0.7983427047729492 0.20413732528686523 74527 0
0.7652051448822021 0.2083296775817871 73860 0
0.7411623001098633 0.20035147666931152 74441 0
0.7888662815093994 0.20695209503173828 74249 0
0.768693208694458 0.17025113105773926 73997 0
0.7709591388702393 0.18556451797485352 75418 0
0.803591251373291 0.14632558822631836 73900 0
0.8201718330383301 0.20550823211669922 76016 0
0.7729079723358154 0.2144336700439453 76365 0
0.8028948307037354 0.13907623291015625 75734 0
0.7833538055419922 0.21711373329162598 74725 0
0.7824242115020752 0.21222996711730957 76206 0
0.7542076110839844 0.17626023292541504 75673 0
0.7927238941192627 0.18206501007080078 75009 0
0.7693357467651367 0.20512795448303223 74051 0
0.7721984386444092 0.1907670497894287 74319 0
0.7609457969665527 0.18270349502563477 73493 0
0.7758629322052002 0.22957539558410645 75164 0
0.7934036254882812 0.15659213066101074 75024 0
0.7495925426483154 0.17658305168151855 74544 0
0.8102669715881348 0.19451642036437988 74053 0
0.8016541004180908 0.17599034309387207 74226 0
0.8195726871490479 0.14342069625854492 74530 0
0.7791812419891357 0.19348859786987305 73145 0
0.7523555755615234 0.216019868850708 74104 0
0.7684628963470459 0.15274262428283691 74141 0
0.7351710796356201 0.20493149757385254 72692 0
0.7643964290618896 0.15179800987243652 75171 0
0.7750413417816162 0.19464349746704102 75509 0
0.7985835075378418 0.1967000961303711 74025 0
0.7592802047729492 0.22105956077575684 75831 0
0.7774832248687744 0.193833589553833 74473 0
0.7499403953552246 0.2263798713684082 73782 0
0.8045892715454102 0.1997697353363037 74925 0
0.7874209880828857 0.24082231521606445 73683 0
0.7759578227996826 0.22125959396362305 73355 0
0.7753286361694336 0.20033931732177734 73620 0
0.7873005867004395 0.17333698272705078 74275 0
0.7622263431549072 0.18555593490600586 74608 0
0.7845406532287598 0.19216656684875488 74424 0
0.7519631385803223 0.13603806495666504 74246 0
0.7693181037902832 0.19182968139648438 75462 0
0.7491405010223389 0.20584726333618164 74505 0
0.8085548877716064 0.1920299530029297 75460 0
0.7578125 0.20712852478027344 77431 0
0.7803614139556885 0.18877243995666504 74884 0
0.7964072227478027 0.19774985313415527 76376 0
0.7925808429718018 0.1911170482635498 75945 0
0.7518713474273682 0.21388530731201172 76365 0
0.7579150199890137 0.16249442100524902 75381 0
0.774979829788208 0.19338750839233398 73751 0
0.778998851776123 0.2091658115386963 74117 0
0.7594339847564697 0.19586730003356934 71777 0
0.8171358108520508 0.13636326789855957 77409 0
0.7956786155700684 0.20409584045410156 76602 0
0.8166847229003906 0.18355894088745117 76993 0
0.7844624519348145 0.17556023597717285 75997 0
0.7927036285400391 0.20380592346191406 77247 0
0.7828421592712402 0.15596985816955566 78055 0
0.7961111068725586 0.19571352005004883 77710 0
0.7672302722930908 0.2204875946044922 78017 0
0.8018801212310791 0.19645380973815918 78114 0
0.7786984443664551 0.1961071491241455 70275 0
0.7513852119445801 0.18850946426391602 69468 0
0.7664279937744141 0.2170257568359375 75726 0
0.7992913722991943 0.22430729866027832 79393 0
0.8106980323791504 0.19469165802001953 72378 0
0.7766332626342773 0.1886920928955078 76560 0
0.7621643543243408 0.19228076934814453 71443 0
0.7793793678283691 0.2144913673400879 71796 0
0.8123571872711182 0.16700291633605957 72110 0
0.7588465213775635 0.21836018562316895 73364 0
0.8019847869873047 0.18228697776794434 74325 0
0.7558081150054932 0.18558311462402344 72298 0
0.789806604385376 0.18999862670898438 75151 0
0.7430543899536133 0.20404958724975586 75077 0
0.7731623649597168 0.19257092475891113 69558 0
0.7963998317718506 0.21271324157714844 78176 0
0.787912130355835 0.12514948844909668 75059 0
0.7915377616882324 0.21693849563598633 73974 0
0.7848384380340576 0.20744061470031738 77913 0
0.8048543930053711 0.20915746688842773 78681 0
0.8489594459533691 0.12011504173278809 70500 0
0.8073444366455078 0.18955469131469727 78354 0
0.7848904132843018 0.1750497817993164 78946 0
0.7904517650604248 0.23338985443115234 79010 0
0.7861862182617188 0.2197129726409912 78587 0
0.7802846431732178 0.1979842185974121 79350 0
0.7847657203674316 0.13349556922912598 79171 0
0.8086540699005127 0.20185256004333496 79953 0
0.7741601467132568 0.15487122535705566 78354 0
0.8009979724884033 0.1621081829071045 79845 0
0.8024914264678955 0.16744756698608398 81932 0
0.798717737197876 0.19400358200073242 80157 0
0.8104264736175537 0.19679760932922363 79813 0
0.7694368362426758 0.23419952392578125 79037 0
0.8031971454620361 0.2047441005706787 77575 0
0.7881934642791748 0.20167183876037598 78374 0
0.8016762733459473 0.15606474876403809 78716 0
0.7870476245880127 0.2201533317565918 79182 0
0.7795596122741699 0.22027969360351562 77916 0
0.7740428447723389 0.17303180694580078 79068 0
0.7879657745361328 0.22823452949523926 79516 0
0.7688593864440918 0.20630574226379395 77541 0
0.7854773998260498 0.19881582260131836 79837 0
0.8115749359130859 0.16237640380859375 80683 0
0.7914977073669434 0.14332890510559082 73547 0
0.796562910079956 0.2189476490020752 79777 0
0.7637865543365479 0.18379998207092285 76701 0
0.7971124649047852 0.22739124298095703 77386 0
0.8048653602600098 0.22678709030151367 79445 0
0.7679321765899658 0.23653435707092285 79819 0
0.7233197689056396 0.21845006942749023 74131 0
0.7889597415924072 0.2127983570098877 79758 0
0.7615089416503906 0.19868993759155273 78674 0
0.7701287269592285 0.19019174575805664 79853 0
0.809126615524292 0.13557672500610352 78918 0
0.8165850639343262 0.19295620918273926 79629 0
0.7924759387969971 0.2106919288635254 78830 0
0.7793271541595459 0.22207117080688477 79397 0
0.7988176345825195 0.20516180992126465 80494 0
0.8320169448852539 0.19787263870239258 81682 0
0.8018012046813965 0.20257902145385742 80052 0
0.8156852722167969 0.2087552547454834 81898 0
0.7944421768188477 0.20513486862182617 80459 0
0.805248498916626 0.20768189430236816 82365 0
0.7667670249938965 0.2111504077911377 81609 0
0.7766923904418945 0.1966714859008789 79764 0
0.7969634532928467 0.19513535499572754 79994 0
0.7590360641479492 0.21307969093322754 79185 0
0.7725732326507568 0.21538496017456055 80556 0
0.7693178653717041 0.22441840171813965 79755 0
0.7918925285339355 0.19931650161743164 80583 0
0.7609286308288574 0.19738459587097168 78019 0
0.7906789779663086 0.1681532859802246 80727 0
0.7616822719573975 0.21448874473571777 81897 0
0.7582695484161377 0.21308398246765137 75048 0
0.7884721755981445 0.20986628532409668 80799 0
0.8076112270355225 0.1876375675201416 81336 0
0.8060228824615479 0.19398975372314453 80446 0
0.7837483882904053 0.18355226516723633 82949 0
0.798816442489624 0.2108440399169922 82906 0
0.8151061534881592 0.17417192459106445 78721 0
0.8036653995513916 0.2085578441619873 84670 0
0.790147066116333 0.15243268013000488 82693 0
0.8046717643737793 0.21275091171264648 83809 0
0.8141684532165527 0.1919248104095459 82763 0
0.7921082973480225 0.17327880859375 79045 0
0.7819035053253174 0.20162510871887207 79052 0
0.7733235359191895 0.19243645668029785 78238 0
0.806105375289917 0.1565866470336914 78621 0
0.7811377048492432 0.2187817096710205 78873 0
0.8308200836181641 0.1566171646118164 78027 0
0.7837495803833008 0.23076581954956055 78540 0
0.756188154220581 0.16386961936950684 77331 0
0.7850892543792725 0.2110612392425537 77297 0
0.8074331283569336 0.1789560317993164 75754 0
0.7944431304931641 0.1961209774017334 77039 0
0.793041467666626 0.1900920867919922 77958 0
0.791506290435791 0.203413724899292 77297 0
0.7315125465393066 0.2053220272064209 78115 0
0.7909505367279053 0.19162678718566895 76627 0
0.7950394153594971 0.1781163215637207 76842 0
0.770453691482544 0.18161225318908691 77516 0
0.7955026626586914 0.19852375984191895 77689 0
0.7547111511230469 0.20113730430603027 76314 0
0.7727839946746826 0.2162787914276123 76758 0
0.7932016849517822 0.21484065055847168 75882 0
0.7626898288726807 0.16923952102661133 76268 0
0.780616044998169 0.20014071464538574 75742 0
0.8090629577636719 0.1460275650024414 77329 0
0.7984950542449951 0.18965387344360352 77625 0
0.7895910739898682 0.19880175590515137 77639 0
0.7599000930786133 0.20646357536315918 76504 0
0.7653377056121826 0.17540669441223145 76899 0
0.7850184440612793 0.18577027320861816 76783 0
