0.24023914337158203 0.01505589485168457 1143778 201694
0.246535062789917 0.014629840850830078 1144047 201754
0.23808503150939941 0.01516270637512207 1150449 197219
0.24341964721679688 0.015337705612182617 1145662 200492
0.2476344108581543 0.015320539474487305 1149758 197747
0.2596907615661621 0.016099929809570312 1153654 194980
0.2455613613128662 0.015917301177978516 1154470 194360
0.24103307723999023 0.015328407287597656 1154167 194770
0.24613118171691895 0.014341592788696289 1153084 195423
0.24373722076416016 0.014718294143676758 1153245 195275
0.25946879386901855 0.016091108322143555 1146512 199785
0.240248441696167 0.01569080352783203 1140365 203690
0.24518537521362305 0.01487874984741211 1152592 195742
0.24131417274475098 0.015469551086425781 1144885 200862
0.25736331939697266 0.01582169532775879 1098213 231005
0.24593901634216309 0.014365673065185547 1142177 202887
0.2405548095703125 0.015351057052612305 1136449 206485
0.2483501434326172 0.014338016510009766 1127361 211831
0.24988532066345215 0.014961957931518555 1115537 220116
0.24993109703063965 0.016042709350585938 1137653 205675
0.24853157997131348 0.01604318618774414 1136207 206659
0.2427971363067627 0.014942169189453125 1124487 213634
0.2455132007598877 0.015289783477783203 1137802 205694
0.23893260955810547 0.015328407287597656 1148377 198497
0.24378466606140137 0.015396356582641602 1148808 198161
0.2398056983947754 0.015271425247192383 1144204 201171
0.25508904457092285 0.015130281448364258 1125294 212982
0.2528996467590332 0.01626873016357422 1142202 202566
0.24121499061584473 0.015614748001098633 1144451 201141
0.24764633178710938 0.01490330696105957 1132917 208603
0.24127912521362305 0.01477360725402832 1142821 202155
0.2466113567352295 0.014298200607299805 1145448 200586
0.24669480323791504 0.013910055160522461 1138446 205312
0.24864792823791504 0.014989614486694336 1140335 204105
0.24797487258911133 0.015457868576049805 1122939 214756
0.24747085571289062 0.014920711517333984 1145150 200681
0.24423551559448242 0.014156818389892578 1158682 191028
0.23695874214172363 0.015552043914794922 1152687 195728
0.2567403316497803 0.01594686508178711 1157662 191748
0.24918270111083984 0.015766143798828125 1145801 200335
0.24335360527038574 0.014774560928344727 1129488 210720
0.24210786819458008 0.015406370162963867 1136460 206483
0.2375185489654541 0.01465296745300293 1151062 196695
0.25821876525878906 0.015562772750854492 1149821 197597
0.24868011474609375 0.015161514282226562 1113694 221185
0.2430272102355957 0.015388011932373047 1146669 199771
0.24538874626159668 0.015040397644042969 1151873 196303
0.25285768508911133 0.015295267105102539 1145041 200665
0.24224543571472168 0.015284538269042969 1151352 196627
0.23754167556762695 0.015115499496459961 1150119 197520
0.24722886085510254 0.01486349105834961 1146586 199838
0.2441544532775879 0.014546871185302734 1152186 196172
0.23882675170898438 0.014732122421264648 1150489 197195
0.23643088340759277 0.014947891235351562 1151463 196400
0.2437145709991455 0.016225337982177734 1152408 195820
0.24094271659851074 0.015065431594848633 1152614 195669
0.24170947074890137 0.0157315731048584 1153245 195172
0.2514157295227051 0.015582561492919922 1153417 195244
0.24465489387512207 0.01432943344116211 1153862 194982
0.24170517921447754 0.014945745468139648 1153884 194718
0.23737692832946777 0.014873027801513672 1148637 198381
0.23778128623962402 0.01474142074584961 1150161 197320
0.24384737014770508 0.015766620635986328 1148723 198225
0.25079965591430664 0.015817642211914062 1147162 199196
0.25339198112487793 0.015775680541992188 1140524 203694
0.2375650405883789 0.014703989028930664 1148195 198572
0.24900150299072266 0.014089584350585938 1150990 196622
0.2435894012451172 0.01481485366821289 1151049 196548
0.24135994911193848 0.015437126159667969 1150327 197094
0.2516489028930664 0.017349720001220703 1150007 197374
0.2421092987060547 0.01544952392578125 1145685 200184
0.24184918403625488 0.014822721481323242 1139174 204631
0.25191664695739746 0.015550374984741211 1148872 198023
0.25635266304016113 0.01647329330444336 1144381 200907
0.258800745010376 0.015254497528076172 1097960 231158
0.24573755264282227 0.014803647994995117 1148140 198744
0.26038360595703125 0.015702247619628906 1146342 199758
0.25404906272888184 0.015728235244750977 1137786 205470
0.24918675422668457 0.016114234924316406 1140832 203398
0.25453805923461914 0.01574563980102539 1141055 203335
0.2500789165496826 0.015438079833984375 1148385 198454
0.25217533111572266 0.01580357551574707 1148077 198958
0.24643468856811523 0.014784574508666992 1143730 201832
0.25325489044189453 0.01646280288696289 1143239 202082
0.2482008934020996 0.015637874603271484 1148698 198760
0.23929977416992188 0.014395952224731445 1148051 199121
0.2559208869934082 0.015134334564208984 1131581 209704
0.23867130279541016 0.01507711410522461 1148474 198702
0.257540225982666 0.015142679214477539 1148980 198366
0.24203181266784668 0.015602588653564453 1149866 197869
0.2531871795654297 0.015104055404663086 1146975 199746
0.23938941955566406 0.015012502670288086 1145478 200899
0.24074482917785645 0.015105962753295898 1146356 200041
0.25429415702819824 0.015248298645019531 1137503 206102
0.2387101650238037 0.014699220657348633 1147822 199159
0.24348163604736328 0.017801761627197266 1144386 201386
0.25189208984375 0.015312910079956055 1097915 231488
0.24828433990478516 0.015251636505126953 1147300 199434
0.2455277442932129 0.019428014755249023 1147144 199498
0.24241280555725098 0.014594554901123047 1133447 208272
0.24967455863952637 0.014969348907470703 1138770 204872
0.2414264678955078 0.015452861785888672 1142120 202804
0.25104570388793945 0.01608586311340332 1145654 200637
0.24558281898498535 0.014935731887817383 1155302 193873
0.24472594261169434 0.01553964614868164 1152659 195863
0.24369478225708008 0.014418840408325195 1154218 194801
0.2501516342163086 0.015011787414550781 1152977 195551
0.25355005264282227 0.015060186386108398 1156711 193013
0.23897290229797363 0.014702320098876953 1155893 193716
0.24433445930480957 0.014885663986206055 1153856 195041
0.2469768524169922 0.015147924423217773 1153856 195023
0.24934029579162598 0.015458106994628906 1152692 195998
0.2417597770690918 0.01463937759399414 1153959 195079
0.24265480041503906 0.014461755752563477 1154616 194645
0.24724125862121582 0.01578545570373535 1147420 199554
0.25173020362854004 0.014485836029052734 1152019 196403
0.24269747734069824 0.015154361724853516 1125936 212776
0.23954415321350098 0.015612602233886719 1153308 195530
0.23885083198547363 0.014662742614746094 1151960 196376
0.25550127029418945 0.015357494354248047 1153653 195402
0.2423107624053955 0.01493692398071289 1148971 198484
0.24219036102294922 0.014764547348022461 1151347 196887
0.24745607376098633 0.016126394271850586 1145032 200837
0.2511129379272461 0.015563249588012695 1140039 204326
0.2542405128479004 0.01576519012451172 1147987 199011
0.2504138946533203 0.01627182960510254 1148685 198317
0.2525928020477295 0.016084671020507812 1104017 227531
0.24271464347839355 0.015030384063720703 1141193 203370
0.2534005641937256 0.015235662460327148 1113124 221664
0.2465808391571045 0.015051841735839844 1121591 215675
0.2587251663208008 0.014902114868164062 1126291 212571
0.2494182586669922 0.015828609466552734 1130905 209357
0.25697922706604004 0.015109539031982422 1121317 216207
0.2509903907775879 0.015807390213012695 1131835 209028
0.24004268646240234 0.01528310775756836 1139443 204493
0.24191713333129883 0.015516996383666992 1143772 201792
0.24914312362670898 0.01478123664855957 1141935 203064
0.24268770217895508 0.014950990676879883 1143595 201763
0.26033902168273926 0.0164334774017334 1140067 204068
0.25098466873168945 0.0164792537689209 1142948 202202
0.24556922912597656 0.01546621322631836 1148305 198581
0.24796342849731445 0.014834880828857422 1150059 197578
0.25058507919311523 0.014985799789428711 1144127 201604
0.2424638271331787 0.014459609985351562 1144716 200956
0.2420635223388672 0.014808416366577148 1141974 202983
0.24530434608459473 0.014685392379760742 1153689 195253
0.24602246284484863 0.015104055404663086 1147552 199134
0.2404322624206543 0.015176057815551758 1143794 202044
0.24130487442016602 0.01499032974243164 1133463 208134
0.23994803428649902 0.01472163200378418 1132626 208160
0.24226951599121094 0.015268325805664062 1146919 199626
0.23685646057128906 0.01441645622253418 1159089 191538
0.2563509941101074 0.015363216400146484 1155690 193812
0.25006699562072754 0.014717817306518555 1154264 194868
0.23973655700683594 0.015172958374023438 1154172 194883
0.23904800415039062 0.014707565307617188 1144238 201278
0.2487783432006836 0.015630245208740234 1096300 231967
0.2546863555908203 0.01696181297302246 1136594 206285
0.24820327758789062 0.015741825103759766 1141052 203631
0.2546346187591553 0.015156984329223633 1120603 216902
0.24548673629760742 0.015309810638427734 1120170 217130
0.2557649612426758 0.015892982482910156 1123732 214840
0.2468416690826416 0.015455961227416992 1120239 217145
0.25726819038391113 0.01731395721435547 1124470 214281
0.25765061378479004 0.015644311904907227 1135690 206681
0.24904298782348633 0.01417398452758789 1127239 212417
0.25525474548339844 0.015697717666625977 1125263 213569
0.2563018798828125 0.016846179962158203 1141298 203626
0.2434558868408203 0.016333341598510742 1136592 206756
0.25278663635253906 0.015273332595825195 1152624 196243
0.24386215209960938 0.015136480331420898 1133545 208238
0.24356412887573242 0.01594686508178711 1145443 200908
0.25446105003356934 0.01540827751159668 1148298 199046
0.24274706840515137 0.015342950820922852 1150330 197545
0.2523374557495117 0.016005992889404297 1147737 199247
0.2418680191040039 0.01532602310180664 1148858 198722
0.25163936614990234 0.015053749084472656 1132098 208981
0.24625372886657715 0.015566825866699219 1152670 195922
0.2462911605834961 0.01488351821899414 1154385 194733
0.24988627433776855 0.0159761905670166 1153582 195422
0.24672722816467285 0.015443563461303711 1148316 198861
0.24596214294433594 0.01494598388671875 1146619 200136
0.24364089965820312 0.014868974685668945 1147658 199133
0.25841355323791504 0.015311002731323242 1137409 206008
0.23977041244506836 0.015344858169555664 1147085 199501
0.24149775505065918 0.014695167541503906 1146407 199819
0.245819091796875 0.01665663719177246 1100917 229431
0.25310683250427246 0.0148468017578125 1149657 197981
0.25969910621643066 0.01656651496887207 1150517 197121
0.24402117729187012 0.015654563903808594 1135350 207192
0.2433459758758545 0.015476226806640625 1143089 202047
0.24332356452941895 0.01543116569519043 1143474 201794
0.24950790405273438 0.014983892440795898 1146859 199782
0.2564961910247803 0.015314102172851562 1150362 197210
0.24514460563659668 0.01485443115234375 1148572 198426
0.25643134117126465 0.015184879302978516 1147314 199270
0.23716330528259277 0.015076160430908203 1148184 198730
0.2392137050628662 0.013971328735351562 1151232 196727
0.24141287803649902 0.015590906143188477 1151966 196211
0.24556708335876465 0.01472783088684082 1149302 198108
0.2523834705352783 0.016083717346191406 1148609 200574
0.24917268753051758 0.01571512222290039 1113425 223183
0.25786471366882324 0.01593494415283203 1102070 231219
0.2657151222229004 0.014860868453979492 1107004 227881
0.25497961044311523 0.015564441680908203 1104583 229602
0.2574119567871094 0.01658010482788086 1107344 227757
0.2502918243408203 0.014364004135131836 1108059 226953
0.25253725051879883 0.015259742736816406 1111143 224931
0.24991679191589355 0.015171289443969727 1116605 221281
0.24810528755187988 0.014824867248535156 1114783 222415
0.26267194747924805 0.015028238296508789 1108461 227067
0.25268125534057617 0.014901876449584961 1112508 223860
0.2560408115386963 0.015923738479614258 1112540 223805
0.25781989097595215 0.015371561050415039 1108522 227018
0.254746675491333 0.015491008758544922 1109740 225885
0.2599320411682129 0.01578664779663086 1106706 228017
0.25103163719177246 0.015583515167236328 1107333 227722
0.25696539878845215 0.015062332153320312 1084112 242156
0.2557864189147949 0.01496744155883789 1109179 226374
0.2651183605194092 0.014957666397094727 1110862 225191
0.24819421768188477 0.015160560607910156 1110804 225273
0.258167028427124 0.015034198760986328 1110490 225202
0.2623624801635742 0.015504121780395508 1109731 225773
0.2522926330566406 0.015450000762939453 1110203 225460
0.2613813877105713 0.015131711959838867 1111114 224657
0.25058817863464355 0.015614509582519531 1109129 226248
0.2522869110107422 0.015869855880737305 1109821 225936
0.24690866470336914 0.0157315731048584 1109077 226380
0.2592158317565918 0.015126705169677734 1107644 227347
0.25364255905151367 0.015152215957641602 1109269 226320
0.24912810325622559 0.015478372573852539 1106518 228124
0.24767255783081055 0.015437841415405273 1108169 227030
0.2467968463897705 0.014965534210205078 1109005 226576
0.2505779266357422 0.015076398849487305 1109692 225840
0.25842857360839844 0.015084266662597656 1112450 223868
0.2501060962677002 0.015630483627319336 1111333 224672
0.25665998458862305 0.015331029891967773 1110759 225129
0.25337910652160645 0.014833688735961914 1109670 226030
0.2577979564666748 0.01497340202331543 1109522 226116
0.25798940658569336 0.018080711364746094 1110209 225373
0.2511589527130127 0.01545405387878418 1108924 226472
0.26080775260925293 0.01616668701171875 1110279 225457
0.26166820526123047 0.015641450881958008 1112381 223928
0.2547438144683838 0.015135049819946289 1111501 224384
0.246748685836792 0.01512765884399414 1113338 223125
0.2576289176940918 0.014994621276855469 1110594 224940
0.25515174865722656 0.015095949172973633 1111149 224646
0.2520627975463867 0.015726089477539062 1084336 241850
0.25296950340270996 0.01653885841369629 1110780 224941
0.24657416343688965 0.014784097671508789 1110912 224705
0.2596778869628906 0.015985488891601562 1111684 224143
0.2561330795288086 0.015563249588012695 1113121 223328
0.2601511478424072 0.015599966049194336 1113578 222943
0.25006842613220215 0.015721797943115234 1113239 222979
0.2469167709350586 0.014289140701293945 1114021 222715
0.26143598556518555 0.016366243362426758 1112807 223575
0.2551462650299072 0.016147375106811523 1113168 223214
0.2620055675506592 0.016585111618041992 1110900 224668
0.2552649974822998 0.0157010555267334 1108210 226653
0.25165534019470215 0.015697240829467773 1108139 226648
0.2532315254211426 0.014951944351196289 1108202 226614
0.2472827434539795 0.015490293502807617 1110179 225080
0.2550232410430908 0.015006542205810547 1113496 223201
0.25526976585388184 0.01535940170288086 1113082 223359
0.24951958656311035 0.015396356582641602 1116212 221352
0.25255894660949707 0.014833450317382812 1113996 222748
0.250673770904541 0.015090703964233398 1116132 221223
0.2544589042663574 0.014967918395996094 1115129 221781
0.2538487911224365 0.01581406593322754 1116784 220707
0.24984264373779297 0.015806198120117188 1116814 220792
0.2466585636138916 0.014851570129394531 1112710 223503
0.2465376853942871 0.014552831649780273 1114335 222376
0.2549591064453125 0.01635003089904785 1115487 221671
0.2544584274291992 0.015095949172973633 1135778 209040
0.24090933799743652 0.015024900436401367 1134008 210280
0.2582247257232666 0.014734745025634766 1116562 221156
0.2401123046875 0.015001773834228516 1153164 196990
0.24078989028930664 0.014858245849609375 1141036 205779
0.2423415184020996 0.015329360961914062 1152346 197621
0.25609517097473145 0.015727758407592773 1143706 203832
0.257415771484375 0.016045331954956055 1134332 210039
0.24668288230895996 0.015896320343017578 1138557 207381
0.24482107162475586 0.015075445175170898 1139173 206774
0.24963808059692383 0.015489816665649414 1136548 208690
0.24185419082641602 0.01446533203125 1134310 210200
0.2532632350921631 0.016126155853271484 1130250 212830
0.24691128730773926 0.015017032623291016 1115528 221708
0.2601304054260254 0.01561284065246582 1115911 221496
0.2627747058868408 0.015577554702758789 1103232 230374
0.2595531940460205 0.015918493270874023 1111378 224715
0.260164737701416 0.01632523536682129 1113174 223354
0.25383806228637695 0.015228033065795898 1108781 226620
0.25953173637390137 0.015700817108154297 1107508 227484
0.2526688575744629 0.015074968338012695 1111341 224764
0.25348663330078125 0.015203714370727539 1109817 225699
0.25379014015197754 0.015554666519165039 1110395 225269
0.25636935234069824 0.015424728393554688 1111410 224358
0.25309276580810547 0.015213489532470703 1113734 223033
0.251401424407959 0.014615297317504883 1114812 222188
0.258800745010376 0.01537775993347168 1073915 248399
0.24666786193847656 0.015506505966186523 1112718 223651
0.2588467597961426 0.01642775535583496 1115254 221921
0.24876666069030762 0.01513814926147461 1109263 226466
0.256497859954834 0.015638113021850586 1115878 221507
0.26418638229370117 0.015453100204467773 1115854 221447
0.2614328861236572 0.015897512435913086 1114521 222350
0.2492527961730957 0.015956878662109375 1117619 220209
0.24825668334960938 0.015315771102905273 1115321 221832
0.24936842918395996 0.01543879508972168 1113585 222964
0.25472092628479004 0.015962600708007812 1113267 223260
0.25766658782958984 0.014389276504516602 1111067 224602
0.2521545886993408 0.01622462272644043 1113072 223389
0.2488100528717041 0.015092849731445312 1113036 223299
0.2468891143798828 0.014720439910888672 1116116 221277
0.25464749336242676 0.01680612564086914 1116978 220782
0.2557797431945801 0.015357017517089844 1118697 219584
0.25368595123291016 0.015336036682128906 1115418 221772
0.24701857566833496 0.016292810440063477 1114584 222469
0.2569553852081299 0.015803813934326172 1115837 221569
0.25539708137512207 0.015575647354125977 1113328 223058
0.2532985210418701 0.015788793563842773 1111485 224325
0.258087158203125 0.015128374099731445 1114904 222045
0.24755167961120605 0.015595436096191406 1114226 222648
0.2516818046569824 0.01620006561279297 1115709 221546
0.25696563720703125 0.014993906021118164 1116138 221322
0.2447986602783203 0.014572381973266602 1114532 222421
0.25572657585144043 0.015231609344482422 1112321 223853
0.25538182258605957 0.015075206756591797 1119512 218904
0.26119208335876465 0.01579880714416504 1118031 219822
0.25997161865234375 0.015744924545288086 1076140 246885
0.2480146884918213 0.015510320663452148 1115961 221250
0.25463271141052246 0.01817917823791504 1122288 217400
0.25841331481933594 0.01583409309387207 1108909 226553
0.2517385482788086 0.014667749404907227 1123391 216770
0.24831104278564453 0.015561342239379883 1120822 218326
0.24449658393859863 0.014795780181884766 1113979 222599
0.260483980178833 0.015854597091674805 1122339 217447
0.24672603607177734 0.0151214599609375 1120192 218556
0.24886369705200195 0.015324115753173828 1120183 218553
0.2505323886871338 0.014735221862792969 1118040 219797
0.27198243141174316 0.015949249267578125 1114955 222128
0.24601364135742188 0.015476703643798828 1119793 218947
0.2523515224456787 0.01530599594116211 1114946 221937
0.2522413730621338 0.015055418014526367 1118875 219429
0.25753140449523926 0.015758514404296875 1119576 219016
0.25891542434692383 0.015272855758666992 1120876 218314
0.2528355121612549 0.015223979949951172 1123518 216761
0.2577660083770752 0.01495981216430664 1119777 218816
0.2521331310272217 0.014457941055297852 1120207 218560
0.25391530990600586 0.016043424606323242 1118839 219394
0.25606274604797363 0.015697240829467773 1115642 221597
0.2494640350341797 0.015279054641723633 1120294 218700
0.25720882415771484 0.015563011169433594 1116579 220996
0.2513124942779541 0.01623821258544922 1118911 219505
0.2462465763092041 0.014062643051147461 1120202 218729
0.25177526473999023 0.015369415283203125 1115544 221630
0.24857783317565918 0.015634775161743164 1111591 224060
0.26001524925231934 0.015542984008789062 1124188 216315
0.25266480445861816 0.015738248825073242 1123769 216825
0.26964712142944336 0.015115737915039062 1074317 247667
0.2462139129638672 0.018442392349243164 1112807 223172
0.24514079093933105 0.014948129653930664 1120226 218884
0.25873494148254395 0.015596866607666016 1105638 228503
0.24880766868591309 0.01587080955505371 1118448 220140
0.24765276908874512 0.014113426208496094 1121387 218328
0.2639434337615967 0.01567840576171875 1088482 239776
0.26035571098327637 0.015736818313598633 1066997 253469
0.25986433029174805 0.015690088272094727 1110026 225602
0.25169801712036133 0.014959573745727539 1117504 220637
0.25879645347595215 0.01545262336730957 1124707 216615
0.24291467666625977 0.015426158905029297 1121511 218785
0.2593660354614258 0.015366792678833008 1122338 218304
0.2513723373413086 0.015512704849243164 1123097 217734
0.24578332901000977 0.01627373695373535 1118956 220280
0.2580423355102539 0.01637434959411621 1112824 223736
0.26149964332580566 0.01576399803161621 1072946 249495
0.2555665969848633 0.015836477279663086 1070915 251004
0.2650022506713867 0.014966487884521484 1114232 223106
0.2566819190979004 0.015007495880126953 1118088 220694
0.25919151306152344 0.015559196472167969 1111645 224951
0.2562739849090576 0.015848398208618164 1113175 224060
0.2523167133331299 0.015077590942382812 1114037 223497
0.2648336887359619 0.015816688537597656 1112759 224496
0.24535894393920898 0.015412092208862305 1115932 222343
0.25331687927246094 0.014392614364624023 1116552 221898
0.24993133544921875 0.015481233596801758 1115044 222667
0.25714945793151855 0.015436172485351562 1110059 226073
0.24930882453918457 0.014827489852905273 1115955 222071
0.24798989295959473 0.014947175979614258 1115009 222753
0.25545549392700195 0.015845298767089844 1089474 239662
0.26233744621276855 0.015472650527954102 1112996 224020
0.2671022415161133 0.01717209815979004 1112284 224579
0.24972915649414062 0.015392780303955078 1112191 224498
0.24509406089782715 0.01515054702758789 1115159 222591
0.2533261775970459 0.015518665313720703 1113739 223559
0.24834346771240234 0.014646053314208984 1112121 224502
0.26036930084228516 0.01483297348022461 1109821 226117
0.25128841400146484 0.015084505081176758 1114937 222751
0.2527272701263428 0.015883684158325195 1114555 223001
0.25223731994628906 0.015404462814331055 1110345 225604
0.2582111358642578 0.016608238220214844 1107801 222627
0.24532318115234375 0.017276525497436523 1105896 224051
0.25823187828063965 0.01565384864807129 1106067 222608
0.2545125484466553 0.01567697525024414 1105614 223443
0.2543361186981201 0.015262603759765625 1108304 221043
0.25981879234313965 0.016273975372314453 1108877 220826
0.2486400604248047 0.016103029251098633 1104959 224458
0.2493882179260254 0.015239953994750977 1098599 228529
0.2638816833496094 0.015765666961669922 1105172 224873
0.25200843811035156 0.01536703109741211 1100094 227906
0.25855159759521484 0.014829397201538086 1064458 250318
0.24838924407958984 0.014995098114013672 1100764 227619
0.24858593940734863 0.01474452018737793 1101118 227282
0.25668764114379883 0.015164613723754883 1104111 224434
0.25156235694885254 0.015283584594726562 1096951 228912
0.2541959285736084 0.015890121459960938 1100260 226744
0.24590134620666504 0.015389442443847656 1101276 225841
0.25566673278808594 0.016262054443359375 1098496 227702
0.24531102180480957 0.015145301818847656 1098462 227809
0.2600264549255371 0.015854597091674805 1100385 226336
0.2551438808441162 0.015402078628540039 1099662 227032
0.24935436248779297 0.015013456344604492 1099563 226919
0.24910759925842285 0.01514124870300293 1101137 226057
0.2473430633544922 0.015173673629760742 1097492 228434
0.24782586097717285 0.014504194259643555 1098961 227326
0.25591492652893066 0.015209674835205078 1100671 226318
0.24849963188171387 0.015846967697143555 1098209 227383
0.2672245502471924 0.015125513076782227 1099790 226445
0.2519676685333252 0.015517234802246094 1101368 226451
0.25373244285583496 0.014183998107910156 1100626 225874
0.2612447738647461 0.015401124954223633 1101770 226315
0.24762964248657227 0.016052722930908203 1101912 225307
0.2520742416381836 0.014540433883666992 1102282 225704
0.250028133392334 0.014914274215698242 1102632 225587
0.2547645568847656 0.015609025955200195 1103327 225234
0.25480198860168457 0.015322208404541016 1102147 226058
0.25473928451538086 0.015875577926635742 1103807 224856
0.25965261459350586 0.016067028045654297 1096758 229657
0.2557034492492676 0.015121698379516602 1101834 227223
0.2587110996246338 0.016105175018310547 1101252 227512
0.26111698150634766 0.015486717224121094 1064113 251515
0.2529575824737549 0.015318155288696289 1099703 228692
0.2559065818786621 0.014516353607177734 1101719 227238
0.24955177307128906 0.015297889709472656 1104375 225390
0.2495594024658203 0.014678955078125 1100334 228678
0.2519102096557617 0.015380144119262695 1101754 227584
0.2504396438598633 0.014433145523071289 1103407 225936
0.2519710063934326 0.01493072509765625 1101302 227497
0.257920503616333 0.015401363372802734 1100825 227601
0.26383090019226074 0.01561117172241211 1103447 225620
0.24853086471557617 0.015517473220825195 1100921 228044
0.25644445419311523 0.01526021957397461 1100878 228009
0.25311279296875 0.015193939208984375 1100825 227719
0.2621729373931885 0.01502370834350586 1100788 228386
0.2541344165802002 0.015207529067993164 1100195 228771
0.2553565502166748 0.015422582626342773 1100136 228269
0.2605888843536377 0.0146484375 1099259 229117
0.25159358978271484 0.01573920249938965 1098277 229748
0.2582666873931885 0.015641450881958008 1099900 228378
0.25057101249694824 0.015417814254760742 1099799 228867
0.24764299392700195 0.01511693000793457 1100600 228235
0.25675010681152344 0.015807390213012695 1101815 227455
0.2463972568511963 0.01507878303527832 1100100 228168
0.24645161628723145 0.014800310134887695 1099790 228385
0.25362730026245117 0.016363859176635742 1101447 227163
0.24794435501098633 0.014698505401611328 1099647 228445
0.2528548240661621 0.015057563781738281 1100696 227800
0.25940895080566406 0.014788627624511719 1093463 232490
0.2586824893951416 0.01435542106628418 1098442 229334
0.26222729682922363 0.0158689022064209 1097094 230251
0.2541959285736084 0.015894174575805664 1060134 254385
0.2590906620025635 0.017826080322265625 1094399 232057
0.2599353790283203 0.014442682266235352 1098147 229572
0.27018284797668457 0.0158388614654541 1099774 228305
0.25710320472717285 0.015497684478759766 1096653 230621
0.25168299674987793 0.015738964080810547 1099510 228610
0.24899554252624512 0.015923500061035156 1102451 226441
0.2524137496948242 0.01552271842956543 1103336 225642
0.2591381072998047 0.016029834747314453 1103602 225539
0.2502450942993164 0.015556573867797852 1102156 226675
0.2536811828613281 0.015571355819702148 1099787 228528
0.24984073638916016 0.015462398529052734 1099212 228837
0.2606689929962158 0.015722274780273438 1097556 229838
0.25603151321411133 0.016381502151489258 1099391 228479
0.25189828872680664 0.015381097793579102 1100585 228058
0.25894856452941895 0.015408754348754883 1100336 228235
0.2503633499145508 0.015179157257080078 1090110 234647
0.2504260540008545 0.015198707580566406 1089061 235177
0.25644564628601074 0.015169143676757812 1092471 232916
0.2546544075012207 0.015187263488769531 1098956 228618
0.26340579986572266 0.015503406524658203 1097973 228900
0.25157690048217773 0.015895843505859375 1101049 226642
0.25586557388305664 0.01598834991455078 1105688 223755
0.24924755096435547 0.014949321746826172 1107076 223035
0.2474520206451416 0.015601873397827148 1105870 223473
0.2517213821411133 0.01570749282836914 1107756 222616
0.25440144538879395 0.015225648880004883 1097245 229683
0.2593686580657959 0.015022516250610352 1088424 235546
0.26201415061950684 0.01569056510925293 1095406 230932
0.2529435157775879 0.015102863311767578 1092177 233202
0.264631986618042 0.015340089797973633 1054287 257148
0.2539525032043457 0.01614999771118164 1094638 231494
0.2609586715698242 0.015563488006591797 1095249 230584
0.255812406539917 0.014926433563232422 1094408 231395
0.25084352493286133 0.01573634147644043 1088987 234658
0.24919390678405762 0.014394044876098633 1092738 232147
0.24961066246032715 0.01530003547668457 1104093 224342
0.252838134765625 0.015363216400146484 1099667 227589
0.2489933967590332 0.015764713287353516 1099498 227545
0.2566096782684326 0.015597820281982422 1096685 229480
0.2514798641204834 0.015915632247924805 1091444 233595
0.2535433769226074 0.01552128791809082 1088924 235368
0.25418758392333984 0.015259742736816406 1089243 234958
0.2554323673248291 0.015184640884399414 1088844 235369
0.2603936195373535 0.014896154403686523 1088948 235638
0.2548635005950928 0.0159757137298584 1090939 234531
0.2491621971130371 0.01510310173034668 1094774 231971
0.2561371326446533 0.014215469360351562 1098602 228630
0.254136323928833 0.0157163143157959 1100031 227722
0.26006388664245605 0.01595759391784668 1096022 230493
0.260875940322876 0.015254497528076172 1095959 230498
0.2512989044189453 0.014708757400512695 1095826 230688
0.2537350654602051 0.01507878303527832 1095517 230759
0.2591574192047119 0.014918804168701172 1095256 230943
0.2614147663116455 0.015488147735595703 1092497 233194
0.26187777519226074 0.01530599594116211 1093022 232655
0.25364041328430176 0.014901161193847656 1089449 235061
0.25298142433166504 0.01582956314086914 1079184 241684
0.2512691020965576 0.015596628189086914 1094129 231967
0.26295018196105957 0.014908552169799805 1089615 235215
0.2614786624908447 0.015834808349609375 1053725 257925
0.2677328586578369 0.016104936599731445 1090375 234731
0.2506072521209717 0.015615463256835938 1095789 230821
0.24691438674926758 0.015331745147705078 1096491 230459
0.24825739860534668 0.014407634735107422 1092866 233193
0.24624943733215332 0.014619588851928711 1098375 228917
0.258251428604126 0.015729904174804688 1094500 231647
0.26175498962402344 0.015567302703857422 1093093 232789
0.25556111335754395 0.01597738265991211 1096893 228553
0.2489614486694336 0.016057252883911133 1092964 231626
0.2524144649505615 0.015347719192504883 1052810 257552
0.265657901763916 0.01517033576965332 1093030 231841
0.24597406387329102 0.015216350555419922 1097202 228502
0.2533419132232666 0.014776468276977539 1094963 230012
0.2583162784576416 0.016386747360229492 1091819 232434
0.25697803497314453 0.01581859588623047 1096920 228790
0.24809741973876953 0.015408039093017578 1104075 224105
0.2482619285583496 0.01524496078491211 1101470 225577
0.2553236484527588 0.015300750732421875 1104585 223730
0.25244975090026855 0.015602350234985352 1100303 226469
0.26090407371520996 0.015423059463500977 1100265 226238
0.25843191146850586 0.016089677810668945 1098817 227262
0.2596135139465332 0.015047550201416016 1099759 226866
0.26897478103637695 0.01599597930908203 1102324 225203
0.25419044494628906 0.015548944473266602 1102718 224558
0.263530969619751 0.014851093292236328 1096352 228700
0.25522780418395996 0.01526498794555664 1085621 236258
0.2526414394378662 0.01557302474975586 1086775 235264
0.2555520534515381 0.01498103141784668 1095154 229810
0.2594776153564453 0.014513731002807617 1095110 229980
0.25178003311157227 0.015566110610961914 1099151 227326
0.25277066230773926 0.014872074127197266 1096965 228679
0.2561044692993164 0.01625990867614746 1092272 232004
0.2586243152618408 0.014592170715332031 1092192 231922
0.2553114891052246 0.014857292175292969 1092518 231819
0.2592051029205322 0.015347957611083984 1092750 231646
0.2544233798980713 0.015595436096191406 1090041 233337
0.2567636966705322 0.0150909423828125 1088524 234394
0.2505311965942383 0.015347003936767578 1092402 232069
0.2516775131225586 0.015574216842651367 1088597 234511
0.2569260597229004 0.014776945114135742 1095483 229865
0.24768280982971191 0.014629125595092773 1093978 230767
0.2625422477722168 0.015781641006469727 1095565 229797
0.24891400337219238 0.014831781387329102 1095521 229484
0.25711560249328613 0.01524972915649414 1094358 230335
0.24768781661987305 0.015148162841796875 1093849 230837
0.2536618709564209 0.014953374862670898 1080543 239583
0.24797964096069336 0.015338659286499023 1093686 231150
0.25008511543273926 0.01566791534423828 1089272 233959
0.2609724998474121 0.015558242797851562 1051230 258647
0.2491319179534912 0.01440739631652832 1092472 231803
0.2477412223815918 0.01566624641418457 1093924 230840
0.2472703456878662 0.014406442642211914 1093456 230956
0.2542543411254883 0.015057086944580078 1087792 234922
0.2664632797241211 0.015618324279785156 1092029 232121
0.24760961532592773 0.01621723175048828 1103346 224123
0.2602880001068115 0.015522003173828125 1103834 223728
0.2476801872253418 0.016133546829223633 1104330 223471
0.25046515464782715 0.015351295471191406 1102519 224553
0.2525177001953125 0.015422582626342773 1097048 228642
0.2486109733581543 0.014777421951293945 1098737 227071
0.25866103172302246 0.016740798950195312 1091379 232638
0.24786877632141113 0.015178442001342773 1094052 231077
0.24907875061035156 0.014585256576538086 1096981 228808
0.2566859722137451 0.014730453491210938 1093965 231003
0.261446475982666 0.016106843948364258 1094639 230470
0.26094794273376465 0.015863656997680664 1098365 227411
0.2569279670715332 0.015521526336669922 1102178 224965
0.26892542839050293 0.01593327522277832 1095612 229825
0.26116204261779785 0.01621556282043457 1098981 227068
0.24663329124450684 0.015415191650390625 1096036 229468
0.2690136432647705 0.015461444854736328 1096295 229545
0.24633431434631348 0.015254497528076172 1093486 231153
0.2557346820831299 0.015234708786010742 1096506 229151
0.24165081977844238 0.01538991928100586 1135688 207122
0.24770736694335938 0.015008926391601562 1146847 200678
0.24042415618896484 0.015550374984741211 1148448 199446
0.2510087490081787 0.014666318893432617 1149625 198783
0.2487471103668213 0.014622688293457031 1148566 199293
0.23855257034301758 0.014437437057495117 1149177 199165
0.24304795265197754 0.015359640121459961 1149924 198704
0.24769258499145508 0.014964103698730469 1146088 201060
0.24198269844055176 0.014753341674804688 1151168 197731
0.24181246757507324 0.014880657196044922 1149174 198965
0.24631977081298828 0.015397310256958008 1144175 202177
0.24659299850463867 0.016187191009521484 1150083 198681
0.2510945796966553 0.014904499053955078 1148979 199263
0.25199460983276367 0.015438556671142578 1149153 199165
0.24444055557250977 0.014990568161010742 1149947 198552
0.24871015548706055 0.015550613403320312 1149966 198423
0.24134588241577148 0.015099287033081055 1152036 197107
0.24963951110839844 0.015826940536499023 1145570 201223
0.25830841064453125 0.015872478485107422 1127532 213512
0.24234700202941895 0.01600170135498047 1150583 198264
0.24537086486816406 0.014582157135009766 1150653 198231
0.23921728134155273 0.015573501586914062 1150002 198256
0.2408134937286377 0.015352487564086914 1152598 196940
0.24242496490478516 0.014518022537231445 1150479 198188
0.2441089153289795 0.014954805374145508 1156263 194040
0.25760841369628906 0.014862537384033203 1151130 197387
0.24161696434020996 0.014531373977661133 1155776 194551
0.24682402610778809 0.015035152435302734 1152154 196726
0.2573659420013428 0.016133785247802734 1113681 222060
0.2558705806732178 0.01595282554626465 1151358 197223
0.24448513984680176 0.016746997833251953 1149397 198238
0.2485036849975586 0.016387939453125 1153853 195708
0.24503421783447266 0.014388084411621094 1154316 195196
0.24577546119689941 0.014113903045654297 1157341 193193
0.23786377906799316 0.014698266983032227 1157035 193379
0.24332785606384277 0.014565706253051758 1158079 192738
0.25425004959106445 0.015108108520507812 1157079 193503
0.24811553955078125 0.014826297760009766 1155880 194105
0.24237275123596191 0.01598215103149414 1147552 199579
0.24769997596740723 0.01506495475769043 1157130 193456
0.2434234619140625 0.015668630599975586 1152307 196708
0.25293731689453125 0.014945268630981445 1155613 194440
0.23902535438537598 0.01569986343383789 1155633 194523
0.23938822746276855 0.014845132827758789 1156337 193907
0.254040002822876 0.01592874526977539 1154621 195173
0.24057817459106445 0.015537500381469727 1157915 192878
0.2457587718963623 0.014867305755615234 1156175 194275
0.24439764022827148 0.013944864273071289 1157852 193036
0.25653791427612305 0.015136241912841797 1135767 207436
0.24860191345214844 0.015154123306274414 1156630 193940
0.2382051944732666 0.014643669128417969 1156172 194245
0.2530481815338135 0.016124486923217773 1155798 194513
0.24067020416259766 0.01433563232421875 1156464 194033
0.24480152130126953 0.014312505722045898 1155658 194565
0.23877191543579102 0.015019416809082031 1156490 193946
0.2431180477142334 0.015501737594604492 1147531 199879
0.24865317344665527 0.014453887939453125 1156748 193883
0.24600791931152344 0.015434026718139648 1158420 192707
0.25808072090148926 0.01651930809020996 1115600 220991
0.24898052215576172 0.014739274978637695 1153943 195860
0.25207996368408203 0.016376972198486328 1144052 201732
0.2519245147705078 0.015078306198120117 1145084 201177
0.2452859878540039 0.01471567153930664 1156097 194149
0.24534893035888672 0.014921903610229492 1157022 193542
0.2464432716369629 0.015184640884399414 1145254 201347
0.24822306632995605 0.015609979629516602 1160000 191858
0.24431800842285156 0.015547752380371094 1156799 193879
0.2509450912475586 0.015210151672363281 1156327 194153
0.2422478199005127 0.014647245407104492 1157269 193704
0.25568127632141113 0.015909433364868164 1152241 196956
0.2567622661590576 0.014991521835327148 1146855 200741
0.2431633472442627 0.015564918518066406 1154417 195604
0.24611186981201172 0.015294790267944336 1156138 194550
0.2393174171447754 0.014854669570922852 1154116 195885
0.2434990406036377 0.015935897827148438 1155450 195116
0.25207018852233887 0.014989614486694336 1152968 196578
0.24204254150390625 0.014681816101074219 1156486 194449
0.2520735263824463 0.015273809432983398 1156022 194809
0.25699496269226074 0.015541315078735352 1133848 208702
0.2430281639099121 0.014067888259887695 1151699 197510
0.24442195892333984 0.014992713928222656 1154120 195817
0.24213767051696777 0.013970375061035156 1153454 196263
0.24628329277038574 0.015144824981689453 1152019 197545
0.2412574291229248 0.01481318473815918 1152516 197255
0.2560615539550781 0.014688491821289062 1149250 199387
0.24605917930603027 0.014421224594116211 1139761 205623
0.24421286582946777 0.01478266716003418 1152504 197345
0.24063539505004883 0.014678239822387695 1150655 198402
0.2506434917449951 0.014836311340332031 1096645 233271
0.24973559379577637 0.014652013778686523 1142636 203939
0.2602415084838867 0.01536250114440918 1130290 211178
0.2593386173248291 0.014680862426757812 1130210 211312
0.25444984436035156 0.015463113784790039 1139446 205724
0.24855732917785645 0.015676021575927734 1142092 204009
0.25147247314453125 0.017910480499267578 1136220 207784
0.2547605037689209 0.016080141067504883 1145926 201287
0.25005006790161133 0.014275550842285156 1142913 203716
0.24443912506103516 0.014305353164672852 1141715 204362
0.2463517189025879 0.015170097351074219 1138462 206527
0.2516026496887207 0.015277624130249023 1139072 206013
0.2571218013763428 0.015399456024169922 1120042 218472
0.2507462501525879 0.01587986946105957 1137537 207110
0.24777460098266602 0.015692472457885742 1137817 206967
0.2572009563446045 0.015261411666870117 1138165 206708
0.26177191734313965 0.015503406524658203 1137865 207046
0.24399805068969727 0.015151262283325195 1138381 206603
0.2523837089538574 0.015339136123657227 1139842 205796
0.24735474586486816 0.015647172927856445 1138429 206647
0.24947619438171387 0.014897823333740234 1120872 217563
0.25782060623168945 0.016064167022705078 1139746 205674
0.2451305389404297 0.015210866928100586 1145792 201470
0.2507157325744629 0.01468515396118164 1144775 202224
0.24205756187438965 0.015518903732299805 1144381 202533
0.24957942962646484 0.015775203704833984 1147142 200731
0.25550103187561035 0.015579700469970703 1142861 203421
0.253662109375 0.015553951263427734 1129707 211654
0.25331902503967285 0.014935970306396484 1140251 205337
0.2508723735809326 0.015218257904052734 1139488 205795
0.255145788192749 0.01471090316772461 1090876 236861
0.25060224533081055 0.015082597732543945 1140151 205352
0.2553226947784424 0.015722990036010742 1124354 215019
0.25571608543395996 0.0157625675201416 1132468 209884
0.24718570709228516 0.015318632125854492 1140218 205305
0.24523043632507324 0.014682769775390625 1139859 205368
0.247452974319458 0.01570582389831543 1136975 207142
0.2508053779602051 0.015834569931030273 1147325 200320
0.24576592445373535 0.015391111373901367 1146256 200944
0.24161386489868164 0.01454472541809082 1149563 198993
0.24673986434936523 0.014891624450683594 1149454 198969
0.24367952346801758 0.01515054702758789 1147904 199749
0.24345707893371582 0.015607357025146484 1131136 210538
0.25495076179504395 0.015711307525634766 1149740 198589
0.2441873550415039 0.014893531799316406 1149644 198645
0.2431647777557373 0.015276908874511719 1149408 198873
0.24986553192138672 0.01576995849609375 1150063 198528
0.23964262008666992 0.014857769012451172 1150021 198452
0.24212026596069336 0.014683723449707031 1147922 199941
0.24433040618896484 0.014993667602539062 1149079 199061
0.2513692378997803 0.015216827392578125 1129311 211537
0.251267671585083 0.015623331069946289 1147007 200273
0.24131274223327637 0.014712810516357422 1149744 198559
0.24204754829406738 0.014078617095947266 1147807 199866
0.24569439888000488 0.017192363739013672 1148144 199513
0.24164199829101562 0.014159679412841797 1148144 199639
0.24819588661193848 0.019273042678833008 1145927 201141
0.24181246757507324 0.015090227127075195 1138832 206017
0.24413490295410156 0.014866828918457031 1147654 200162
0.2448282241821289 0.015860319137573242 1146703 200575
0.2486250400543213 0.01522207260131836 1098865 231839
0.23967242240905762 0.015444278717041016 1142480 203579
0.252593994140625 0.01538395881652832 1125135 214418
0.24933147430419922 0.015319585800170898 1133643 208907
0.24626851081848145 0.015810728073120117 1145662 201245
0.24818205833435059 0.015709638595581055 1146217 200857
0.24819684028625488 0.01493215560913086 1142163 203637
0.2489945888519287 0.01455378532409668 1149245 199035
0.23991632461547852 0.015060901641845703 1149001 198943
0.24346303939819336 0.014366865158081055 1148922 199145
0.2516162395477295 0.015834569931030273 1148876 199361
0.24898552894592285 0.015329360961914062 1146438 200840
0.25380587577819824 0.016054868698120117 1126579 213336
0.24255132675170898 0.01520538330078125 1147973 199762
0.24893951416015625 0.01465916633605957 1146857 200558
0.24731945991516113 0.014783620834350586 1146892 200636
0.24451613426208496 0.01488804817199707 1146840 200681
0.24946188926696777 0.015687227249145508 1148666 199391
0.2428278923034668 0.01568007469177246 1146463 200890
0.24453473091125488 0.01487112045288086 1146136 201124
0.2559652328491211 0.01639723777770996 1122573 216230
0.24157404899597168 0.014589786529541016 1146813 200784
0.24757623672485352 0.015483617782592773 1148256 199715
0.24768471717834473 0.014971256256103516 1147480 200133
0.2545137405395508 0.01626896858215332 1146645 200748
0.254641056060791 0.015731334686279297 1147724 200028
0.24426054954528809 0.015332698822021484 1145580 201376
0.24718475341796875 0.015448570251464844 1135904 207891
0.2529311180114746 0.014404535293579102 1145747 201378
0.251218318939209 0.015250205993652344 1145327 201559
0.24970245361328125 0.01515650749206543 1104717 228043
0.2516365051269531 0.015234708786010742 1144210 202220
0.24904108047485352 0.01609182357788086 1119775 218408
0.24506378173828125 0.014550924301147461 1143893 202493
0.24340224266052246 0.014913320541381836 1145602 201240
0.24073410034179688 0.015210866928100586 1147481 200136
0.24978995323181152 0.015527725219726562 1139409 205669
0.24743986129760742 0.015786409378051758 1148913 199228
0.24163460731506348 0.014667034149169922 1149219 198951
0.24476337432861328 0.01589679718017578 1149374 198859
0.2517580986022949 0.015888452529907227 1150613 198229
0.24954557418823242 0.015160799026489258 1147297 200295
0.25113821029663086 0.015089035034179688 1128657 212003
0.2456521987915039 0.015002727508544922 1148560 199413
0.2489469051361084 0.01686882972717285 1148729 199169
0.2544867992401123 0.01590132713317871 1149909 198468
0.24729299545288086 0.01495814323425293 1149901 198383
0.23991894721984863 0.015018939971923828 1150488 198184
0.2547917366027832 0.014720916748046875 1146093 200964
0.2538912296295166 0.015227317810058594 1145958 201114
0.2493753433227539 0.015554189682006836 1131197 210332
0.2450242042541504 0.014906883239746094 1142911 203120
0.2499675750732422 0.015290260314941406 1157845 193256
0.24512767791748047 0.015384435653686523 1156918 194031
0.24796628952026367 0.014386653900146484 1159496 192387
0.24300861358642578 0.014668941497802734 1160632 191558
0.2416229248046875 0.015679597854614258 1161195 191136
0.23810148239135742 0.015340566635131836 1158375 193002
0.25231313705444336 0.015782594680786133 1162202 190403
0.2388770580291748 0.014983654022216797 1156254 194416
0.2463550567626953 0.015249252319335938 1155681 194852
0.24623966217041016 0.015571355819702148 1159267 192191
0.25892138481140137 0.01600956916809082 1152563 196985
0.24451398849487305 0.014894485473632812 1156355 194202
0.25105857849121094 0.01579737663269043 1158174 193114
0.23984980583190918 0.015064239501953125 1158531 192936
0.24242472648620605 0.015108823776245117 1162693 189961
0.24527740478515625 0.015259981155395508 1161849 190669
0.251478910446167 0.015399456024169922 1160490 191591
0.25297021865844727 0.015051841735839844 1161997 190807
0.23668980598449707 0.013863801956176758 1161300 190893
0.24241089820861816 0.014393091201782227 1156026 194730
0.2401435375213623 0.015172719955444336 1154891 195315
0.2395951747894287 0.015186548233032227 1153331 196333
0.2567012310028076 0.014693737030029297 1153618 196011
0.25245213508605957 0.014731168746948242 1151804 197346
0.240647554397583 0.014946460723876953 1155264 195374
0.24212265014648438 0.014934778213500977 1155025 195187
0.2540318965911865 0.01633477210998535 1151805 197359
0.2532949447631836 0.017751216888427734 1159199 192500
0.2400987148284912 0.015523672103881836 1159847 191933
0.24725866317749023 0.01563882827758789 1156002 194648
0.25287747383117676 0.01616525650024414 1157140 193918
0.2479534149169922 0.015314579010009766 1158031 193104
0.24510669708251953 0.014936208724975586 1154929 195456
0.24096250534057617 0.015118598937988281 1154920 195402
0.2520284652709961 0.015132427215576172 1152056 197190
0.24695849418640137 0.0162508487701416 1153247 196513
0.2505028247833252 0.016193151473999023 1151527 197536
0.25087904930114746 0.016350269317626953 1154745 195467
0.25054097175598145 0.016185283660888672 1158769 192615
0.24063897132873535 0.014542341232299805 1152583 196919
0.2533869743347168 0.01605081558227539 1153547 196246
0.2462780475616455 0.01421976089477539 1154039 195952
0.2521240711212158 0.01590251922607422 1155120 195164
0.24508404731750488 0.015256166458129883 1153405 196390
0.24375581741333008 0.014892578125 1154816 195323
0.24907612800598145 0.013981819152832031 1154410 195603
0.25238561630249023 0.01849818229675293 1151439 197533
0.247633695602417 0.014942646026611328 1156081 194396
0.24192285537719727 0.014908790588378906 1160914 191176
0.23934054374694824 0.014960050582885742 1157844 193111
0.2433328628540039 0.016387939453125 1159509 192424
0.2455432415008545 0.015567302703857422 1159407 192384
0.243394136428833 0.015366077423095703 1156870 194023
0.25233936309814453 0.014750242233276367 1158381 193144
0.23892736434936523 0.014718294143676758 1155650 194994
0.2506735324859619 0.016007423400878906 1154686 195666
0.24202632904052734 0.015286445617675781 1155406 195222
0.2436082363128662 0.015661954879760742 1155217 195348
0.23937487602233887 0.014710187911987305 1157135 193913
0.2420506477355957 0.014872550964355469 1158229 193193
0.25902748107910156 0.015462636947631836 1157100 193925
0.24781489372253418 0.014670133590698242 1157678 193546
0.24807453155517578 0.013881206512451172 1156960 193734
0.24173331260681152 0.015227317810058594 1159821 192092
0.2367842197418213 0.014600276947021484 1160265 191741
0.24216413497924805 0.015496253967285156 1159892 191961
0.24086284637451172 0.013935565948486328 1160655 191367
0.24880719184875488 0.01545405387878418 1161139 191099
0.24605202674865723 0.015301942825317383 1160076 192079
0.24031853675842285 0.014483451843261719 1160048 191945
0.24514079093933105 0.01602792739868164 1157844 193423
0.24512481689453125 0.015002965927124023 1157340 193816
0.24415969848632812 0.014887809753417969 1150359 198665
0.24056100845336914 0.015107393264770508 1165489 188587
0.24604249000549316 0.01561594009399414 1162782 190428
0.24036574363708496 0.015302658081054688 1162331 190721
0.24335956573486328 0.014313697814941406 1161467 191315
0.2446739673614502 0.015465736389160156 1165950 188254
0.2427520751953125 0.015151262283325195 1164236 189650
0.24114561080932617 0.015083551406860352 1165955 188223
0.23735713958740234 0.014645814895629883 1164593 189333
0.25322723388671875 0.015458106994628906 1164844 188925
0.2473287582397461 0.014355897903442383 1141719 204668
0.2650747299194336 0.016245126724243164 1134826 208587
0.25151801109313965 0.01616644859313965 1160441 192434
0.24420905113220215 0.01511240005493164 1172309 183362
0.2539515495300293 0.017035245895385742 1153167 197494
0.23448657989501953 0.015647172927856445 1164866 189118
0.2522768974304199 0.015414714813232422 1149051 200181
0.24334073066711426 0.015435457229614258 1150542 199031
0.24355220794677734 0.015662670135498047 1154323 196397
0.2432868480682373 0.014750242233276367 1160744 191996
0.24707627296447754 0.015383005142211914 1160798 192267
0.2500276565551758 0.01756882667541504 1156892 194608
0.2416989803314209 0.014850378036499023 1165405 188758
0.24202823638916016 0.015576839447021484 1163228 190224
0.25699424743652344 0.01564645767211914 1137783 206636
0.23733305931091309 0.015488386154174805 1168625 185732
0.241227388381958 0.01487278938293457 1162297 190675
0.23988890647888184 0.01550149917602539 1158783 193123
0.24775290489196777 0.016573667526245117 1170150 184597
0.2478623390197754 0.015290975570678711 1171540 183479
0.26076650619506836 0.015019416809082031 1146645 201187
0.23740839958190918 0.01537466049194336 1171467 183673
0.248077392578125 0.014985799789428711 1173040 182550
0.24670028686523438 0.015656471252441406 1173790 181986
0.23860692977905273 0.015504121780395508 1171734 183313
0.23868632316589355 0.01528787612915039 1175524 180689
0.2369077205657959 0.014998912811279297 1175075 181020
0.23961830139160156 0.014585733413696289 1175350 180960
0.2361767292022705 0.015220165252685547 1171577 183900
0.24328207969665527 0.015592098236083984 1174463 181567
0.2341465950012207 0.015025615692138672 1179428 178040
0.2339022159576416 0.014775753021240234 1175238 180838
0.2359321117401123 0.014997243881225586 1173490 182172
0.23569369316101074 0.014325618743896484 1173139 182506
0.24985933303833008 0.014792919158935547 1170928 184454
0.23864388465881348 0.01490330696105957 1172131 183354
0.24892497062683105 0.014726877212524414 1172825 182807
0.24166202545166016 0.015770673751831055 1170466 184511
0.24146246910095215 0.015439748764038086 1171899 183466
0.24362397193908691 0.014989376068115234 1173462 182312
0.23656463623046875 0.01584315299987793 1173431 182337
0.24184751510620117 0.015013456344604492 1169148 185670
0.23682641983032227 0.015171527862548828 1173524 182292
0.24493670463562012 0.013972282409667969 1174719 181143
0.24720406532287598 0.016862154006958008 1149723 198651
0.23865818977355957 0.014529943466186523 1172011 184009
0.24701523780822754 0.015305280685424805 1164872 188776
0.2404003143310547 0.01476907730102539 1163734 189556
0.24456095695495605 0.014796018600463867 1173119 183098
0.2362508773803711 0.015270471572875977 1173318 182696
0.24795246124267578 0.015536308288574219 1153416 196533
0.24503731727600098 0.014945507049560547 1174005 181802
0.2377009391784668 0.015476465225219727 1172134 183216
0.23472285270690918 0.015003681182861328 1175585 180641
0.24198222160339355 0.014554738998413086 1172996 182817
0.24957823753356934 0.015312671661376953 1172683 183117
0.23424816131591797 0.014864444732666016 1173712 182267
0.25528979301452637 0.01599407196044922 1173365 182552
0.23943185806274414 0.015334367752075195 1175886 180382
0.2384030818939209 0.015028953552246094 1176544 179784
0.23427772521972656 0.014896869659423828 1173410 182340
0.24567914009094238 0.015423774719238281 1176326 179946
0.2467331886291504 0.014990806579589844 1175376 180809
0.2432870864868164 0.014611244201660156 1177165 179129
0.2424483299255371 0.014658927917480469 1173447 182210
0.24064278602600098 0.014981269836425781 1173069 182637
0.2411508560180664 0.014871835708618164 1172714 182855
0.2505054473876953 0.015781164169311523 1172180 183405
0.2394406795501709 0.014862775802612305 1175700 180708
0.239943265914917 0.013824939727783203 1175519 180826
0.23972630500793457 0.014941930770874023 1175222 181055
0.24386000633239746 0.01575779914855957 1168844 186111
0.23764634132385254 0.013923883438110352 1175215 181052
0.24677419662475586 0.01405787467956543 1175831 180728
0.2526264190673828 0.017357587814331055 1147173 200328
0.2368636131286621 0.014782190322875977 1172080 183921
0.24385929107666016 0.015378475189208984 1170018 185328
0.23809504508972168 0.014852523803710938 1167018 187201
0.23752212524414062 0.01516866683959961 1175148 181090
0.23641443252563477 0.015479087829589844 1176743 180106
0.24021506309509277 0.015082359313964844 1163917 189471
0.24049687385559082 0.015622377395629883 1179435 178055
0.24127507209777832 0.015294075012207031 1175158 181007
0.24072480201721191 0.014867544174194336 1176030 180209
0.2395496368408203 0.01545572280883789 1173650 182101
0.23953819274902344 0.014758825302124023 1169278 185526
0.24200749397277832 0.015024423599243164 1169123 185817
0.2448594570159912 0.014921426773071289 1168587 186373
0.23804283142089844 0.014688491821289062 1167506 186962
0.23891758918762207 0.01554727554321289 1169341 185689
0.2530667781829834 0.016222715377807617 1167683 186885
0.2420821189880371 0.014684200286865234 1169722 185239
0.2398982048034668 0.015531063079833984 1167153 187105
0.23680949211120605 0.015299797058105469 1166365 187747
0.2425246238708496 0.014713525772094727 1165581 188154
0.23825788497924805 0.014854192733764648 1164516 188992
0.24319815635681152 0.01519632339477539 1171459 183553
0.25001072883605957 0.015094518661499023 1170042 184491
0.23754262924194336 0.01497340202331543 1172009 183417
0.2525510787963867 0.0156252384185791 1168120 186484
0.2497403621673584 0.015299320220947266 1166026 187819
0.23787951469421387 0.014808177947998047 1168046 186467
0.2442624568939209 0.01576542854309082 1168777 186058
0.2451019287109375 0.015217304229736328 1167590 186800
0.2544105052947998 0.015848636627197266 1167938 186513
0.23677539825439453 0.014804363250732422 1163730 189520
0.24684429168701172 0.01562666893005371 1167214 186881
0.24370527267456055 0.01456451416015625 1164822 188540
0.2446610927581787 0.015036821365356445 1169128 185661
0.24649810791015625 0.015196561813354492 1166901 187165
0.2520003318786621 0.015232324600219727 1168533 186079
0.24959325790405273 0.0156097412109375 1164259 189038
0.24512314796447754 0.015950679779052734 1168063 186519
0.23608970642089844 0.015076160430908203 1168508 186145
