0.5163402557373047 0.12686657905578613 30103 0
0.5070617198944092 0.13153624534606934 30271 0
0.5088949203491211 0.13844728469848633 31742 0
0.5234806537628174 0.18131589889526367 30743 0
0.5027272701263428 0.1934981346130371 31935 0
0.5266628265380859 0.19472742080688477 33498 0
0.4977402687072754 0.15156102180480957 32950 0
0.4962584972381592 0.19422173500061035 32395 0
0.5164399147033691 0.14340424537658691 32100 0
0.5052790641784668 0.14244866371154785 32430 0
0.5089743137359619 0.15232443809509277 30659 0
0.5137574672698975 0.13762116432189941 29855 0
0.5288097858428955 0.1823885440826416 32350 0
0.49987244606018066 0.19678878784179688 31115 0
0.47452569007873535 0.1318364143371582 24283 0
0.5112307071685791 0.14728856086730957 31181 0
0.4986724853515625 0.21770310401916504 29880 0
0.5113739967346191 0.12587261199951172 28481 0
0.4925675392150879 0.18112778663635254 27177 0
0.5235147476196289 0.20397210121154785 29521 0
0.5176632404327393 0.15521454811096191 29484 0
0.5119478702545166 0.14970684051513672 28180 0
0.5198040008544922 0.16537141799926758 30503 0
0.49674272537231445 0.19815921783447266 31948 0
0.5273149013519287 0.13849902153015137 31442 0
0.5232717990875244 0.19210386276245117 31023 0
0.5261621475219727 0.14652562141418457 27417 0
0.5197181701660156 0.15504145622253418 30820 0
0.512901782989502 0.1684706211090088 31321 0
0.5087699890136719 0.18043899536132812 28218 0
0.5177421569824219 0.12554383277893066 30982 0
0.48259711265563965 0.15288782119750977 32067 0
0.5165164470672607 0.15945219993591309 29920 0
0.5171961784362793 0.15058159828186035 30528 0
0.507148265838623 0.12352490425109863 28399 0
0.48842430114746094 0.13128995895385742 32755 0
0.513052225112915 0.1506645679473877 35102 0
0.511620283126831 0.15097284317016602 33278 0
0.4762732982635498 0.13863515853881836 34398 0
0.49062156677246094 0.13141083717346191 31637 0
0.5043649673461914 0.1438443660736084 29154 0
0.5109524726867676 0.13683462142944336 30214 0
0.5018787384033203 0.18358135223388672 32740 0
0.5021588802337646 0.13736295700073242 32231 0
0.5069851875305176 0.1503441333770752 26586 0
0.5163967609405518 0.13167023658752441 31601 0
0.5242393016815186 0.20048904418945312 33056 0
0.4990384578704834 0.17442536354064941 31522 0
0.520258903503418 0.20632553100585938 32496 0
0.4964423179626465 0.14852404594421387 32318 0
0.5121262073516846 0.1902163028717041 32175 0
0.48667263984680176 0.14293217658996582 32462 0
0.4980144500732422 0.21477770805358887 32370 0
0.5206005573272705 0.14854717254638672 32587 0
0.5236809253692627 0.15085530281066895 32989 0
0.4981849193572998 0.19762349128723145 32873 0
0.49346017837524414 0.19771242141723633 33010 0
0.47849392890930176 0.1364731788635254 33865 0
0.5148885250091553 0.1526503562927246 33360 0
0.47681117057800293 0.13151240348815918 32920 0
0.5031349658966064 0.1554548740386963 31619 0
0.511016845703125 0.15649747848510742 32219 0
0.5054340362548828 0.13599801063537598 31429 0
0.5221593379974365 0.13460135459899902 31020 0
0.4925673007965088 0.17416882514953613 30320 0
0.5189003944396973 0.14830446243286133 31046 0
0.5384988784790039 0.15038585662841797 32152 0
0.49329137802124023 0.13255071640014648 32044 0
0.5275900363922119 0.1651899814605713 31758 0
0.5216882228851318 0.13049554824829102 31498 0
0.5080127716064453 0.16051602363586426 30644 0
0.49729013442993164 0.14918732643127441 29709 0
0.508537769317627 0.12215018272399902 31458 0
0.5013389587402344 0.1518247127532959 30685 0
0.5269081592559814 0.13864946365356445 23971 0
0.5050206184387207 0.20509552955627441 31025 0
0.4713125228881836 0.18938612937927246 30386 0
0.4863901138305664 0.14803504943847656 29153 0
0.49178099632263184 0.1855025291442871 30113 0
0.5231442451477051 0.2039036750793457 29968 0
0.5137290954589844 0.18309664726257324 31442 0
0.5337550640106201 0.16552996635437012 31823 0
0.48870301246643066 0.13535165786743164 30570 0
0.5072841644287109 0.13094186782836914 30377 0
0.5108444690704346 0.12526965141296387 32046 0
0.5003030300140381 0.1302943229675293 31938 0
0.5089070796966553 0.1275336742401123 29482 0
0.5085599422454834 0.14551138877868652 32270 0
0.5058519840240479 0.11872649192810059 31270 0
0.5045082569122314 0.14541125297546387 32724 0
0.5040137767791748 0.12839889526367188 31866 0
0.5011672973632812 0.14300131797790527 31658 0
0.496246337890625 0.17018985748291016 31269 0
0.5032804012298584 0.21259546279907227 29952 0
0.5231215953826904 0.13967156410217285 31202 0
0.49248313903808594 0.19358062744140625 31559 0
0.4891352653503418 0.1361541748046875 24415 0
0.5323219299316406 0.12896513938903809 32006 0
0.5110063552856445 0.16164350509643555 32218 0
0.5068097114562988 0.1838982105255127 29828 0
0.4998786449432373 0.17410540580749512 30825 0
0.5292985439300537 0.1807708740234375 30767 0
0.4963200092315674 0.16765522956848145 31340 0
0.49989819526672363 0.13203930854797363 33016 0
0.5321729183197021 0.1356525421142578 32691 0
0.4957873821258545 0.17444920539855957 32182 0
0.5045697689056396 0.1564631462097168 32961 0
0.5033507347106934 0.14391660690307617 33776 0
0.5029525756835938 0.18351340293884277 33814 0
0.4934680461883545 0.14125418663024902 32895 0
0.5066895484924316 0.15965986251831055 32496 0
0.4808166027069092 0.13628792762756348 32419 0
0.4939303398132324 0.12429952621459961 33037 0
0.5068025588989258 0.13003945350646973 33185 0
0.5013513565063477 0.20017623901367188 31888 0
0.49623703956604004 0.15330719947814941 33041 0
0.5054264068603516 0.17509126663208008 28110 0
0.501246452331543 0.2201557159423828 33053 0
0.5153398513793945 0.1789689064025879 32930 0
0.518362283706665 0.1952195167541504 32907 0
0.49335622787475586 0.15863275527954102 31655 0
0.5074098110198975 0.13594269752502441 32300 0
0.4974198341369629 0.20938825607299805 31964 0
0.5145242214202881 0.1613152027130127 30197 0
0.5275213718414307 0.1863100528717041 31989 0
0.5173556804656982 0.18878412246704102 32311 0
0.48560667037963867 0.1586754322052002 24823 0
0.5089848041534424 0.12656426429748535 29987 0
0.5043482780456543 0.1646280288696289 26180 0
0.5035042762756348 0.14256572723388672 27401 0
0.5007882118225098 0.14313101768493652 28981 0
0.495455265045166 0.15526819229125977 28530 0
0.5104022026062012 0.1728367805480957 28170 0
0.47201085090637207 0.1654500961303711 29974 0
0.5193519592285156 0.16091704368591309 30878 0
0.5146083831787109 0.14541983604431152 31652 0
0.5088508129119873 0.1690220832824707 31371 0
0.5161123275756836 0.14319372177124023 31585 0
0.504202127456665 0.17638206481933594 31207 0
0.47710418701171875 0.1378917694091797 31277 0
0.49925661087036133 0.15439558029174805 32185 0
0.5042541027069092 0.18355441093444824 32761 0
0.4841902256011963 0.13620686531066895 31308 0
0.5154755115509033 0.18640518188476562 31648 0
0.4226863384246826 0.1203768253326416 31233 0
0.4276735782623291 0.12294387817382812 33743 0
0.42878103256225586 0.13106322288513184 32908 0
0.47525954246520996 0.15017938613891602 31641 0
0.4951028823852539 0.14015579223632812 30356 0
0.5021893978118896 0.13478446006774902 29629 0
0.5193116664886475 0.14942359924316406 32633 0
0.5015571117401123 0.19683480262756348 35403 0
0.5044980049133301 0.1359388828277588 34854 0
0.48973584175109863 0.12571310997009277 33836 0
0.5153086185455322 0.14392995834350586 34064 0
0.49741554260253906 0.1291794776916504 32555 0
0.4843142032623291 0.18160510063171387 24967 0
0.4931654930114746 0.15309810638427734 30462 0
0.4879004955291748 0.16211152076721191 31720 0
0.49640989303588867 0.16713905334472656 27957 0
0.5065531730651855 0.15063261985778809 27814 0
0.5232722759246826 0.16304993629455566 27822 0
0.501168966293335 0.14902353286743164 28582 0
0.5050365924835205 0.17293310165405273 28708 0
0.4774465560913086 0.16229534149169922 30510 0
0.5071907043457031 0.13608956336975098 29592 0
0.5033519268035889 0.19560956954956055 29455 0
0.5163683891296387 0.14605307579040527 31751 0
0.5614261627197266 0.13449549674987793 30905 0
0.5147078037261963 0.12582874298095703 33705 0
0.5204887390136719 0.1884474754333496 30009 0
0.5104236602783203 0.1431407928466797 32481 0
0.5028185844421387 0.13948917388916016 32400 0
0.5115790367126465 0.17226862907409668 33078 0
0.4929018020629883 0.1400773525238037 32486 0
0.49620485305786133 0.17174553871154785 33065 0
0.5052618980407715 0.18854165077209473 29698 0
0.5033566951751709 0.14526939392089844 33401 0
0.5361692905426025 0.13984942436218262 33906 0
0.5079805850982666 0.1903371810913086 33744 0
0.532742977142334 0.1683497428894043 32754 0
0.5300827026367188 0.17055749893188477 32215 0
0.5060813426971436 0.13650012016296387 32426 0
0.5057451725006104 0.22046613693237305 31056 0
0.49908924102783203 0.13366985321044922 31951 0
0.47797441482543945 0.1454770565032959 32208 0
0.4928567409515381 0.20823144912719727 25416 0
0.509263277053833 0.1442866325378418 33298 0
0.5138373374938965 0.20723247528076172 33202 0
0.5289959907531738 0.18205785751342773 30464 0
0.5099718570709229 0.1443624496459961 31241 0
0.5003962516784668 0.18816709518432617 31817 0
0.49248552322387695 0.13301396369934082 32343 0
0.5243630409240723 0.1289832592010498 32870 0
0.5098171234130859 0.13633990287780762 32273 0
0.480682373046875 0.20240306854248047 31879 0
0.5140719413757324 0.20142745971679688 32123 0
0.516470193862915 0.14855504035949707 32347 0
0.5163121223449707 0.13153982162475586 32979 0
0.4700300693511963 0.12636685371398926 32341 0
0.5005064010620117 0.14557480812072754 30982 0
0.4584341049194336 0.14445257186889648 27161 0
0.4932868480682373 0.17630958557128906 25323 0
0.5226237773895264 0.20356106758117676 26567 0
0.5364394187927246 0.16955161094665527 25443 0
0.4982419013977051 0.16300415992736816 27176 0
0.5203566551208496 0.17003536224365234 26638 0
0.5083146095275879 0.14650678634643555 27052 0
0.5021610260009766 0.1824634075164795 27716 0
0.4944615364074707 0.14966368675231934 27586 0
0.4979546070098877 0.14630699157714844 27043 0
0.4878377914428711 0.12742877006530762 27756 0
0.4956364631652832 0.20093798637390137 27480 0
0.5212748050689697 0.1340179443359375 26897 0
0.4898815155029297 0.17531657218933105 26804 0
0.5061502456665039 0.1751391887664795 26126 0
0.5085937976837158 0.14595818519592285 26068 0
0.5186965465545654 0.15105152130126953 23776 0
0.5304186344146729 0.1371288299560547 26478 0
0.4968903064727783 0.1279740333557129 27344 0
0.48894548416137695 0.1553974151611328 27591 0
0.5150020122528076 0.20003414154052734 27337 0
0.5369231700897217 0.17136049270629883 27746 0
0.47551655769348145 0.1451859474182129 27241 0
0.5048611164093018 0.1254270076751709 27090 0
0.5075690746307373 0.15483617782592773 26712 0
0.4941556453704834 0.22853422164916992 26903 0
0.5081691741943359 0.14216089248657227 26960 0
0.5050950050354004 0.13695502281188965 26736 0
0.5358946323394775 0.17531156539916992 26860 0
0.5004513263702393 0.12134218215942383 27719 0
0.5056064128875732 0.14676952362060547 26587 0
0.49596309661865234 0.2321004867553711 25982 0
0.4986870288848877 0.1626415252685547 26521 0
0.49878716468811035 0.1612703800201416 27334 0
0.4854922294616699 0.20589184761047363 27063 0
0.5118374824523926 0.14989113807678223 26911 0
0.4895150661468506 0.21420955657958984 26774 0
0.49541687965393066 0.17567706108093262 26673 0
0.5117325782775879 0.1967465877532959 26668 0
0.4786217212677002 0.14622187614440918 25975 0
0.48528170585632324 0.21769142150878906 26235 0
0.4935026168823242 0.16058945655822754 27495 0
0.48441290855407715 0.14160752296447754 26375 0
0.4954102039337158 0.1987011432647705 26651 0
0.5110771656036377 0.15252280235290527 26739 0
0.47922563552856445 0.14439153671264648 26562 0
0.4957160949707031 0.154982328414917 23744 0
0.5135934352874756 0.14743638038635254 26360 0
0.5112481117248535 0.15736103057861328 26445 0
0.4931795597076416 0.19823622703552246 26372 0
0.48903822898864746 0.16107416152954102 26709 0
0.49077343940734863 0.134049654006958 26464 0
0.5236473083496094 0.14403247833251953 26818 0
0.5266034603118896 0.13587021827697754 27012 0
0.5140237808227539 0.1285555362701416 26845 0
0.48772263526916504 0.18555808067321777 27053 0
0.4950721263885498 0.1876530647277832 26225 0
0.4716224670410156 0.11995577812194824 25442 0
0.5109214782714844 0.15331029891967773 25965 0
0.5118107795715332 0.15944528579711914 26130 0
0.4711012840270996 0.1732316017150879 26111 0
0.5116486549377441 0.14340949058532715 26507 0
0.49428296089172363 0.14207673072814941 26969 0
0.5042381286621094 0.15657615661621094 26882 0
0.49693989753723145 0.13573932647705078 27066 0
0.500422477722168 0.19451236724853516 27035 0
0.5015914440155029 0.15216636657714844 27135 0
0.5306806564331055 0.1303412914276123 26824 0
0.49488258361816406 0.16733956336975098 27073 0
0.49897098541259766 0.1372241973876953 26674 0
0.48024725914001465 0.14123821258544922 26513 0
0.5113174915313721 0.17650556564331055 27240 0
0.4960150718688965 0.14613747596740723 29393 0
0.5263247489929199 0.12749958038330078 29386 0
0.4925041198730469 0.16687607765197754 27239 0
0.5070135593414307 0.14160370826721191 32620 0
0.5001556873321533 0.13587260246276855 30124 0
0.5103952884674072 0.14313173294067383 32201 0
0.5005085468292236 0.21644115447998047 31139 0
0.45557332038879395 0.1419661045074463 29804 0
0.4974253177642822 0.18615198135375977 30277 0
0.5091567039489746 0.1412200927734375 30678 0
0.499100923538208 0.21405243873596191 30283 0
0.5052413940429688 0.15899419784545898 29722 0
0.49988651275634766 0.14694809913635254 29043 0
0.5204949378967285 0.1467592716217041 27618 0
0.49817872047424316 0.2095649242401123 27610 0
0.48674750328063965 0.19535279273986816 25975 0
0.49784183502197266 0.1652989387512207 27007 0
0.5066628456115723 0.1889035701751709 27605 0
0.4961111545562744 0.12819337844848633 26337 0
0.5064339637756348 0.14258384704589844 26885 0
0.5121216773986816 0.13449454307556152 27368 0
0.5068292617797852 0.14391279220581055 27215 0
0.5009579658508301 0.16434550285339355 27349 0
0.5140707492828369 0.15395283699035645 27503 0
0.5038931369781494 0.159775972366333 27996 0
0.5035145282745361 0.17466425895690918 28042 0
0.504331111907959 0.1386864185333252 23023 0
0.505558967590332 0.19360971450805664 28568 0
0.5023307800292969 0.16321396827697754 28384 0
0.5184552669525146 0.13977718353271484 27662 0
0.495713472366333 0.12685775756835938 28228 0
0.4863402843475342 0.19144320487976074 28052 0
0.5066893100738525 0.18239736557006836 27961 0
0.5046465396881104 0.13399982452392578 28095 0
0.5106163024902344 0.2076096534729004 27275 0
0.48973608016967773 0.1539452075958252 27316 0
0.48712825775146484 0.14326953887939453 26797 0
0.512017011642456 0.16058731079101562 26558 0
0.49329662322998047 0.18373775482177734 26659 0
0.494309663772583 0.13740944862365723 27295 0
0.5139496326446533 0.16147708892822266 27848 0
0.4884200096130371 0.12565016746520996 27181 0
0.5196125507354736 0.14636516571044922 27336 0
0.48617100715637207 0.17941641807556152 27511 0
0.4981513023376465 0.21790289878845215 26901 0
0.5144796371459961 0.1504209041595459 27200 0
0.49167871475219727 0.20046281814575195 27214 0
0.5109066963195801 0.1571800708770752 26852 0
0.5160338878631592 0.1422572135925293 26902 0
0.4800894260406494 0.21305227279663086 26807 0
0.5136053562164307 0.18460345268249512 27023 0
0.5108656883239746 0.13263750076293945 26874 0
0.5084390640258789 0.1597611904144287 26524 0
0.4974989891052246 0.14166998863220215 26669 0
0.49234485626220703 0.17249274253845215 27407 0
0.4855656623840332 0.17582106590270996 27016 0
0.5140035152435303 0.20797061920166016 22111 0
0.4989128112792969 0.18028640747070312 26642 0
0.5077145099639893 0.15169739723205566 27738 0
0.5043840408325195 0.13138031959533691 26489 0
0.5247325897216797 0.13846254348754883 27939 0
0.5131728649139404 0.14547133445739746 29465 0
0.50303053855896 0.14734315872192383 27234 0
0.5031180381774902 0.13803482055664062 27858 0
0.5195598602294922 0.14141058921813965 28031 0
0.4933297634124756 0.13878440856933594 27379 0
0.5005404949188232 0.14482688903808594 27069 0
0.49299168586730957 0.1416614055633545 27395 0
0.4941990375518799 0.14056897163391113 27767 0
0.5087509155273438 0.1520371437072754 26830 0
0.5052931308746338 0.16826367378234863 26880 0
0.5086109638214111 0.14257431030273438 26949 0
0.501610279083252 0.16486120223999023 27403 0
0.4890930652618408 0.19943642616271973 28036 0
0.5002858638763428 0.15384721755981445 27530 0
0.4807422161102295 0.13478970527648926 27527 0
0.5125517845153809 0.15565752983093262 27365 0
0.524867057800293 0.17089533805847168 26196 0
0.5208413600921631 0.15399932861328125 26931 0
0.5136728286743164 0.1515512466430664 26571 0
0.5002462863922119 0.18384385108947754 27234 0
0.46054577827453613 0.18154048919677734 27114 0
0.46761083602905273 0.1959993839263916 26725 0
0.48878049850463867 0.22188806533813477 25877 0
0.5199425220489502 0.15241241455078125 27546 0
0.4849972724914551 0.1494591236114502 27490 0
0.501082181930542 0.13796758651733398 21751 0
0.5007860660552979 0.15338635444641113 26476 0
0.4904353618621826 0.20280766487121582 27012 0
0.48990941047668457 0.1741626262664795 25542 0
0.5069236755371094 0.1464550495147705 27332 0
0.4780755043029785 0.1269690990447998 27721 0
0.456240177154541 0.1399214267730713 23940 0
0.504000186920166 0.14237284660339355 21522 0
0.5018646717071533 0.16068434715270996 26535 0
0.5189440250396729 0.1520068645477295 27527 0
0.5335283279418945 0.12356162071228027 28613 0
0.5179927349090576 0.13640332221984863 28165 0
0.5015733242034912 0.1990981101989746 27939 0
0.5203521251678467 0.12845969200134277 28119 0
0.49796485900878906 0.18868708610534668 27879 0
0.5044434070587158 0.17473864555358887 27325 0
0.5061800479888916 0.17650842666625977 22342 0
0.5122935771942139 0.1369163990020752 22092 0
0.49711060523986816 0.1403512954711914 27445 0
0.5067059993743896 0.14444446563720703 27831 0
0.4975402355194092 0.14770126342773438 26980 0
0.5014503002166748 0.1636953353881836 27353 0
0.4844326972961426 0.14203500747680664 27364 0
0.4955627918243408 0.14363336563110352 26806 0
0.5054917335510254 0.147705078125 28207 0
0.48536014556884766 0.19098234176635742 28242 0
0.5139641761779785 0.13867878913879395 27816 0
0.4976656436920166 0.1761341094970703 26685 0
0.5017938613891602 0.134979248046875 27743 0
0.49398016929626465 0.1931169033050537 27987 0
0.49753594398498535 0.1685168743133545 24602 0
0.5397982597351074 0.14989423751831055 27821 0
0.489501953125 0.16924786567687988 27792 0
0.49202823638916016 0.1844189167022705 27345 0
0.50071120262146 0.2169179916381836 27746 0
0.534308671951294 0.14384055137634277 27344 0
0.4923131465911865 0.13061285018920898 27399 0
0.5214643478393555 0.14426779747009277 26748 0
0.48576998710632324 0.17387175559997559 27944 0
0.4877164363861084 0.15293598175048828 27118 0
0.5244429111480713 0.18481993675231934 26866 0
0.49086713790893555 0.20350265502929688 27821 0
0.5090501308441162 0.14724230766296387 26939 0
0.49510884284973145 0.15548491477966309 27647 0
0.5136961936950684 0.14217686653137207 27863 0
0.5271267890930176 0.19530534744262695 28063 0
0.4965548515319824 0.17586612701416016 28440 0
0.5009808540344238 0.16652798652648926 27033 0
0.4987215995788574 0.16357851028442383 26481 0
0.5221235752105713 0.1468029022216797 27190 0
0.4995722770690918 0.18459177017211914 26576 0
0.5096640586853027 0.164595365524292 22479 0
0.496295690536499 0.14037275314331055 26308 0
0.5118288993835449 0.1484057903289795 26466 0
0.49867749214172363 0.15105390548706055 26693 0
0.4756450653076172 0.16975641250610352 26307 0
0.4913198947906494 0.16564536094665527 26767 0
0.5138809680938721 0.20552277565002441 26558 0
0.5225040912628174 0.1970362663269043 26245 0
0.5012726783752441 0.13921618461608887 26407 0
0.4847581386566162 0.144683837890625 26532 0
0.5052552223205566 0.16483449935913086 27058 0
0.5317747592926025 0.18295621871948242 27133 0
0.5185513496398926 0.1313931941986084 26725 0
0.5242633819580078 0.1268923282623291 27037 0
0.45717549324035645 0.14049315452575684 26490 0
0.49381351470947266 0.13486838340759277 26406 0
0.48227357864379883 0.20360183715820312 26454 0
0.4893457889556885 0.13332295417785645 26340 0
0.4972250461578369 0.12180018424987793 26109 0
0.5137834548950195 0.12419962882995605 26480 0
0.5083522796630859 0.15102124214172363 26320 0
0.49933290481567383 0.191542387008667 27537 0
0.490109920501709 0.13482046127319336 27434 0
0.49237632751464844 0.13425278663635254 26595 0
0.4718611240386963 0.17560172080993652 26911 0
0.5161879062652588 0.19063949584960938 26449 0
0.48749804496765137 0.20595598220825195 26275 0
0.5038964748382568 0.16395831108093262 25512 0
0.5180890560150146 0.12660932540893555 26487 0
0.478954553604126 0.13492321968078613 26677 0
0.5208978652954102 0.14429759979248047 21625 0
0.5007412433624268 0.17024803161621094 26480 0
0.4863395690917969 0.14656925201416016 26707 0
0.5100524425506592 0.13552474975585938 26588 0
0.5056266784667969 0.15161800384521484 26785 0
0.497119665145874 0.20387887954711914 27097 0
0.4807140827178955 0.19927310943603516 26933 0
0.49700164794921875 0.17210960388183594 26149 0
0.4940786361694336 0.19657111167907715 25794 0
0.47289466857910156 0.13434338569641113 26982 0
0.4809718132019043 0.19814491271972656 26137 0
0.5082266330718994 0.14529681205749512 26199 0
0.4816474914550781 0.1993873119354248 26031 0
0.47045278549194336 0.14620709419250488 26626 0
0.50966477394104 0.15519022941589355 25254 0
0.4878122806549072 0.143629789352417 26106 0
0.5011739730834961 0.13254809379577637 25864 0
0.5302114486694336 0.15111470222473145 26690 0
0.5191080570220947 0.13228774070739746 25760 0
0.4907646179199219 0.1630239486694336 26466 0
0.4879169464111328 0.16472411155700684 26072 0
0.49129199981689453 0.21159100532531738 27019 0
0.4890010356903076 0.22372984886169434 26439 0
0.4968905448913574 0.1916511058807373 25722 0
0.5174953937530518 0.15926790237426758 26191 0
0.49886059761047363 0.1398937702178955 25867 0
0.5065107345581055 0.14169812202453613 26035 0
0.5116057395935059 0.18831110000610352 25593 0
0.5173850059509277 0.14546465873718262 26288 0
0.5065577030181885 0.15705347061157227 25729 0
0.48265886306762695 0.1362295150756836 21105 0
0.49760913848876953 0.1394939422607422 25232 0
0.504971981048584 0.1821446418762207 25817 0
0.5065605640411377 0.13992714881896973 25191 0
0.4961369037628174 0.16808652877807617 25553 0
0.4923224449157715 0.12520289421081543 26317 0
0.5000553131103516 0.146714448928833 26626 0
0.4891068935394287 0.21453857421875 26374 0
0.5000386238098145 0.2072908878326416 26024 0
0.5091283321380615 0.20677518844604492 26017 0
0.4880027770996094 0.182509183883667 25401 0
0.5221343040466309 0.1838366985321045 25673 0
0.48616719245910645 0.139862060546875 25832 0
0.501056432723999 0.1369316577911377 25566 0
0.48558616638183594 0.15942645072937012 25781 0
0.49526023864746094 0.13788819313049316 26017 0
0.48737335205078125 0.13126230239868164 25198 0
0.4808688163757324 0.140120267868042 24531 0
0.5124409198760986 0.1487414836883545 24580 0
0.48969364166259766 0.2048664093017578 25473 0
0.5062386989593506 0.14034008979797363 25239 0
0.5157773494720459 0.13426947593688965 25858 0
0.5003376007080078 0.14661741256713867 25555 0
0.48392796516418457 0.20628833770751953 25999 0
0.494128942489624 0.13947606086730957 26248 0
0.4961411952972412 0.139174222946167 27060 0
0.509829044342041 0.13237333297729492 25376 0
0.4895341396331787 0.18454647064208984 23690 0
0.48962879180908203 0.20734882354736328 24689 0
0.48764586448669434 0.1472017765045166 24142 0
0.4890284538269043 0.1433420181274414 20225 0
0.49027347564697266 0.1432359218597412 24553 0
0.49477601051330566 0.15890121459960938 24787 0
0.49921154975891113 0.13502049446105957 24348 0
0.5049014091491699 0.15905094146728516 23717 0
0.5070319175720215 0.1342618465423584 23798 0
0.5104899406433105 0.15141916275024414 25127 0
0.4823944568634033 0.15490508079528809 25281 0
0.5088059902191162 0.13146376609802246 24878 0
0.45844101905822754 0.1679999828338623 25028 0
0.47660279273986816 0.14165043830871582 24022 0
0.4927506446838379 0.14130306243896484 23871 0
0.49286699295043945 0.14287757873535156 23720 0
0.48725438117980957 0.1945662498474121 23408 0
0.48674678802490234 0.1854395866394043 23810 0
0.5028631687164307 0.17345929145812988 23401 0
0.5164368152618408 0.1661357879638672 24089 0
0.4644591808319092 0.14367961883544922 25047 0
0.4885976314544678 0.17744064331054688 25140 0
0.4876277446746826 0.20305204391479492 24930 0
0.49132204055786133 0.21538496017456055 24746 0
0.5095024108886719 0.14987945556640625 24965 0
0.48603391647338867 0.14494538307189941 24419 0
0.4906787872314453 0.20966315269470215 24528 0
0.4992985725402832 0.21160340309143066 24062 0
0.5037751197814941 0.1387333869934082 24214 0
0.49253320693969727 0.14928221702575684 24219 0
0.47716689109802246 0.1427173614501953 23174 0
0.48514747619628906 0.13986945152282715 25310 0
0.501533031463623 0.13718056678771973 24381 0
0.47702527046203613 0.17505145072937012 20499 0
0.49076247215270996 0.15057611465454102 23874 0
0.4949607849121094 0.14302539825439453 25509 0
0.49948906898498535 0.15297675132751465 24285 0
0.4944875240325928 0.16719508171081543 24080 0
0.5285189151763916 0.153886079788208 24825 0
0.4954030513763428 0.13662457466125488 24424 0
0.49569058418273926 0.1319577693939209 23454 0
0.5137171745300293 0.14382219314575195 25517 0
0.4943859577178955 0.12794971466064453 25175 0
0.4829366207122803 0.1731724739074707 20377 0
0.523475170135498 0.15172076225280762 24726 0
0.5057344436645508 0.16588735580444336 25337 0
0.49180173873901367 0.18114256858825684 25715 0
0.48964548110961914 0.1450510025024414 24971 0
0.5021073818206787 0.17023277282714844 25668 0
0.4977264404296875 0.1951444149017334 26273 0
0.5005455017089844 0.19380617141723633 26806 0
0.4936048984527588 0.1361830234527588 26578 0
0.4870941638946533 0.17235469818115234 25592 0
0.5056898593902588 0.14058494567871094 25562 0
0.49971818923950195 0.1386885643005371 25530 0
0.5100367069244385 0.17693853378295898 26269 0
0.5083780288696289 0.14092254638671875 26262 0
0.4925527572631836 0.15784978866577148 26201 0
0.47750067710876465 0.1374497413635254 25844 0
0.4990577697753906 0.20831871032714844 23673 0
0.5104193687438965 0.17323613166809082 24484 0
0.5050311088562012 0.13410043716430664 25567 0
0.4940462112426758 0.18970727920532227 25660 0
0.5207724571228027 0.18622708320617676 25789 0
0.48445820808410645 0.16631340980529785 26587 0
0.4877028465270996 0.1510932445526123 25245 0
0.49399518966674805 0.13725614547729492 25563 0
0.4790031909942627 0.1578834056854248 25495 0
0.4694187641143799 0.14090323448181152 24993 0
0.4849362373352051 0.16316556930541992 24586 0
0.47803544998168945 0.1480712890625 24245 0
0.48711633682250977 0.1867983341217041 25657 0
0.49632835388183594 0.13255095481872559 25173 0
0.49883174896240234 0.14346075057983398 26304 0
0.5135166645050049 0.1809687614440918 25439 0
0.5020720958709717 0.16492938995361328 25794 0
0.51255202293396 0.1920166015625 25475 0
0.4905283451080322 0.20464754104614258 24863 0
0.4923434257507324 0.1765918731689453 25241 0
0.48786497116088867 0.147841215133667 23576 0
0.5068607330322266 0.14065194129943848 25417 0
0.47426891326904297 0.1385517120361328 25558 0
0.46848177909851074 0.15684747695922852 20119 0
0.4549901485443115 0.14351892471313477 25026 0
0.522780179977417 0.16572070121765137 24726 0
0.48569774627685547 0.16136670112609863 24912 0
0.43551182746887207 0.1417558193206787 24297 0
0.4882485866546631 0.18204522132873535 24228 0
0.5051867961883545 0.15505361557006836 26464 0
0.4604315757751465 0.14180612564086914 26054 0
0.48819947242736816 0.20632028579711914 26872 0
0.50978684425354 0.12151575088500977 26367 0
0.4995236396789551 0.1787128448486328 25517 0
0.48427581787109375 0.13765954971313477 26036 0
0.5123863220214844 0.21077919006347656 25084 0
0.4908332824707031 0.18587756156921387 25664 0
0.48366498947143555 0.14759349822998047 25527 0
0.5215020179748535 0.13754630088806152 25454 0
0.50327467918396 0.14954447746276855 25591 0
0.5088293552398682 0.13556885719299316 26941 0
0.49794983863830566 0.12825322151184082 26696 0
0.4842712879180908 0.18078970909118652 25601 0
0.48883867263793945 0.17691445350646973 26762 0
0.5238509178161621 0.1682729721069336 25188 0
0.5120832920074463 0.15505552291870117 25573 0
0.5032293796539307 0.20331192016601562 24925 0
0.510897159576416 0.11992669105529785 25667 0
0.5062141418457031 0.20445013046264648 29107 0
0.4896209239959717 0.18809223175048828 30714 0
0.5018923282623291 0.16917681694030762 31301 0
0.49894261360168457 0.15002083778381348 30930 0
0.47672462463378906 0.14652657508850098 30809 0
0.5135598182678223 0.17815661430358887 30894 0
0.5301017761230469 0.15302228927612305 31583 0
0.5125226974487305 0.15536856651306152 31424 0
0.5223503112792969 0.14560842514038086 32491 0
0.4988594055175781 0.19772601127624512 32084 0
0.5313479900360107 0.17468881607055664 30749 0
0.500891923904419 0.17341041564941406 32520 0
0.518902063369751 0.18152427673339844 30668 0
0.5055046081542969 0.18823599815368652 31206 0
0.5232148170471191 0.13916873931884766 32130 0
0.4660673141479492 0.1340959072113037 31011 0
0.5025629997253418 0.13736748695373535 31628 0
0.5141351222991943 0.16900944709777832 30723 0
0.513740062713623 0.13332223892211914 27184 0
0.5140113830566406 0.1304028034210205 31057 0
0.5102765560150146 0.14760112762451172 31014 0
0.4624061584472656 0.20147490501403809 31376 0
0.43757152557373047 0.14102506637573242 31792 0
0.5138113498687744 0.1498861312866211 31820 0
0.5111293792724609 0.1382749080657959 31781 0
0.49792981147766113 0.17844104766845703 31339 0
0.49501514434814453 0.1644587516784668 32199 0
0.4905714988708496 0.13501214981079102 31422 0
0.5042462348937988 0.18538594245910645 25795 0
0.5206770896911621 0.1868147850036621 31023 0
0.5067527294158936 0.16404294967651367 30771 0
0.5002586841583252 0.1807706356048584 31939 0
0.5210995674133301 0.17924141883850098 32024 0
0.5131790637969971 0.16317486763000488 32305 0
0.5039043426513672 0.14314985275268555 33319 0
0.5030577182769775 0.1945667266845703 32900 0
0.4958360195159912 0.15430402755737305 32812 0
0.5042979717254639 0.2024369239807129 32731 0
0.5041563510894775 0.19990253448486328 30474 0
0.5430564880371094 0.16893315315246582 32416 0
0.5090217590332031 0.15345215797424316 32069 0
0.5031816959381104 0.14861154556274414 31672 0
0.5207197666168213 0.2448892593383789 32647 0
0.5360250473022461 0.20382213592529297 32077 0
0.5058693885803223 0.14039087295532227 31396 0
0.5185854434967041 0.14061522483825684 31827 0
0.48727893829345703 0.19747400283813477 31573 0
0.5254766941070557 0.15092229843139648 33102 0
0.47302699089050293 0.17989468574523926 28312 0
0.5088815689086914 0.16448020935058594 31643 0
0.49736762046813965 0.18535518646240234 33458 0
0.5056304931640625 0.1571342945098877 33186 0
0.5272517204284668 0.16067814826965332 32345 0
0.5112147331237793 0.17153215408325195 31664 0
0.524791955947876 0.14663100242614746 31817 0
0.5202181339263916 0.1469736099243164 30205 0
0.5080752372741699 0.15305185317993164 31797 0
0.5080814361572266 0.18069219589233398 33426 0
0.4947681427001953 0.20009589195251465 25925 0
0.5357909202575684 0.14917635917663574 31854 0
0.5048587322235107 0.13672804832458496 31072 0
0.4940185546875 0.21227288246154785 30882 0
0.4995267391204834 0.18613529205322266 33288 0
0.4922065734863281 0.16762518882751465 32466 0
0.5121262073516846 0.12787079811096191 31304 0
0.5140185356140137 0.13947081565856934 33473 0
0.46419429779052734 0.1492016315460205 32879 0
0.5145313739776611 0.15894675254821777 32516 0
0.505882740020752 0.14304518699645996 32936 0
0.48102831840515137 0.14629602432250977 31749 0
0.5008234977722168 0.20294785499572754 31237 0
0.48282742500305176 0.14970827102661133 31618 0
0.48967790603637695 0.14380836486816406 32719 0
0.5110735893249512 0.13863062858581543 32815 0
0.503781795501709 0.15107321739196777 32269 0
0.5131161212921143 0.18228626251220703 31420 0
0.5039570331573486 0.13779973983764648 33466 0
0.5027627944946289 0.13487648963928223 32085 0
0.5295376777648926 0.16247105598449707 29295 0
0.5024917125701904 0.14419054985046387 32470 0
0.5056881904602051 0.14536070823669434 32483 0
0.5010173320770264 0.18262791633605957 32751 0
0.5023105144500732 0.21294474601745605 31574 0
0.5318434238433838 0.12885570526123047 31915 0
0.5047283172607422 0.12405133247375488 31303 0
0.5188872814178467 0.15895605087280273 30612 0
0.5046694278717041 0.1452958583831787 31924 0
0.5008618831634521 0.16233038902282715 31333 0
0.482846736907959 0.2061786651611328 23481 0
0.49793052673339844 0.20465350151062012 29416 0
0.4955403804779053 0.15557265281677246 29036 0
0.5180239677429199 0.1389327049255371 27760 0
0.5057530403137207 0.20620179176330566 29317 0
0.5095980167388916 0.13720154762268066 29450 0
0.5072329044342041 0.14331698417663574 29573 0
0.4983408451080322 0.14313030242919922 29527 0
0.5134365558624268 0.22360444068908691 30905 0
0.5086081027984619 0.16351938247680664 30313 0
0.4960596561431885 0.19430828094482422 28374 0
0.5198886394500732 0.15575075149536133 29935 0
0.517348051071167 0.1677842140197754 25954 0
0.5055568218231201 0.17611908912658691 28593 0
0.5055294036865234 0.12786626815795898 29707 0
0.5231742858886719 0.14166474342346191 29667 0
0.4989955425262451 0.13200736045837402 28671 0
0.505028247833252 0.16170191764831543 28824 0
0.49936938285827637 0.1843268871307373 28552 0
0.49181199073791504 0.1421818733215332 28368 0
0.49538469314575195 0.16316938400268555 26969 0
0.4915187358856201 0.14013147354125977 28627 0
0.5202796459197998 0.1494760513305664 29663 0
0.5033695697784424 0.15542173385620117 29998 0
0.5080618858337402 0.14524054527282715 29459 0
0.521054744720459 0.1409311294555664 29601 0
0.5224041938781738 0.18446874618530273 29951 0
0.5113530158996582 0.16698479652404785 28014 0
0.5072512626647949 0.2056102752685547 28793 0
0.5023477077484131 0.16311287879943848 29310 0
0.4993886947631836 0.19565939903259277 22341 0
0.4980485439300537 0.13190484046936035 29726 0
0.5508081912994385 0.14030218124389648 27415 0
0.4953770637512207 0.13619232177734375 27295 0
0.5182540416717529 0.1993238925933838 30232 0
0.4948902130126953 0.12440681457519531 28607 0
0.5018184185028076 0.1253504753112793 28184 0
0.49579334259033203 0.18247103691101074 29461 0
0.5112872123718262 0.1378650665283203 29350 0
0.5193593502044678 0.1612076759338379 29930 0
0.49992990493774414 0.20239591598510742 29761 0
0.5240175724029541 0.17006301879882812 29644 0
0.5041646957397461 0.13576316833496094 27306 0
0.4999351501464844 0.168440580368042 29957 0
0.49794721603393555 0.14424467086791992 29752 0
0.49637842178344727 0.20485854148864746 30027 0
0.4926331043243408 0.15334486961364746 30075 0
0.4881744384765625 0.14845752716064453 29723 0
0.49051785469055176 0.15761160850524902 30061 0
0.49808216094970703 0.20535826683044434 29631 0
0.49625110626220703 0.1672062873840332 26946 0
0.523491621017456 0.14963102340698242 29186 0
0.5118463039398193 0.1312093734741211 30177 0
0.5259952545166016 0.1363227367401123 29302 0
0.5019166469573975 0.1576707363128662 29651 0
0.5004327297210693 0.13797307014465332 30121 0
0.513958215713501 0.13239073753356934 28850 0
0.5015299320220947 0.14714550971984863 27757 0
0.5123786926269531 0.15405797958374023 29410 0
0.5160923004150391 0.1394808292388916 29027 0
0.5105054378509521 0.20000147819519043 22661 0
0.50052809715271 0.14822173118591309 28434 0
0.505805492401123 0.13634347915649414 26132 0
0.49341511726379395 0.1440269947052002 27365 0
0.49907469749450684 0.12298011779785156 28523 0
0.505699634552002 0.12923955917358398 29507 0
0.500906229019165 0.13769197463989258 28318 0
0.4824364185333252 0.14883112907409668 29782 0
0.49011850357055664 0.13933753967285156 29439 0
0.5201926231384277 0.13510417938232422 29067 0
0.49426722526550293 0.17617464065551758 28996 0
0.5032408237457275 0.1443769931793213 28540 0
0.5367140769958496 0.18964409828186035 26287 0
0.5190603733062744 0.1250917911529541 29639 0
0.5301761627197266 0.16039729118347168 29178 0
0.5046408176422119 0.20497775077819824 29125 0
0.5102143287658691 0.17016983032226562 28991 0
0.5218620300292969 0.12657690048217773 29324 0
0.5133936405181885 0.1318356990814209 29215 0
0.5220577716827393 0.18946242332458496 29007 0
0.5045075416564941 0.14656591415405273 25495 0
0.5082778930664062 0.13065671920776367 29454 0
0.5116164684295654 0.1858530044555664 29605 0
0.5293290615081787 0.17784905433654785 29912 0
0.5311048030853271 0.15638947486877441 29323 0
0.5111675262451172 0.1477510929107666 29611 0
0.5451281070709229 0.1659243106842041 29060 0
0.51352858543396 0.14693570137023926 27613 0
0.5099008083343506 0.14740824699401855 29349 0
0.502927303314209 0.17529010772705078 29249 0
0.4841644763946533 0.1776435375213623 23687 0
0.5242464542388916 0.19410133361816406 28722 0
0.5266988277435303 0.1537611484527588 25800 0
0.5193040370941162 0.14652490615844727 28884 0
0.5065007209777832 0.13455486297607422 28984 0
0.5080094337463379 0.1909329891204834 29221 0
0.526461124420166 0.14564824104309082 29690 0
0.5147168636322021 0.2004401683807373 30562 0
0.5281059741973877 0.14339613914489746 29787 0
0.4913291931152344 0.14443278312683105 30148 0
0.5369541645050049 0.16595125198364258 30035 0
0.5281281471252441 0.14623785018920898 29185 0
0.5171406269073486 0.1398634910583496 27138 0
0.5159482955932617 0.16501259803771973 29081 0
0.49428558349609375 0.14192962646484375 29610 0
0.4879641532897949 0.14618968963623047 30165 0
0.48551154136657715 0.19852375984191895 29787 0
0.5278921127319336 0.1326453685760498 30046 0
0.4937174320220947 0.17622685432434082 29322 0
0.5162954330444336 0.1407172679901123 28767 0
0.5056450366973877 0.14557790756225586 27146 0
0.5078332424163818 0.18064427375793457 28779 0
0.4789619445800781 0.1526954174041748 31885 0
0.49872708320617676 0.21029329299926758 31765 0
0.4786982536315918 0.13248443603515625 32701 0
0.4844849109649658 0.21245646476745605 32813 0
0.5278191566467285 0.13664031028747559 32839 0
0.48735857009887695 0.1455228328704834 32712 0
0.4993140697479248 0.14516854286193848 32937 0
0.5056147575378418 0.14239859580993652 31434 0
0.5207557678222656 0.12976336479187012 31496 0
0.5264601707458496 0.12057900428771973 32479 0
0.5102901458740234 0.13250994682312012 30780 0
0.4857289791107178 0.15584254264831543 31366 0
0.5014255046844482 0.1760401725769043 31997 0
0.4980318546295166 0.16867947578430176 31793 0
0.4984564781188965 0.13003921508789062 32794 0
0.5063371658325195 0.1777949333190918 32578 0
0.5101382732391357 0.1383061408996582 31970 0
0.4996631145477295 0.14870953559875488 32421 0
0.4943978786468506 0.14443516731262207 32378 0
0.49956536293029785 0.1809406280517578 31428 0
0.4697556495666504 0.12189030647277832 31237 0
0.5065743923187256 0.1281297206878662 30865 0
0.49344348907470703 0.15435171127319336 31287 0
0.4757394790649414 0.1514129638671875 31233 0
0.5001180171966553 0.2247631549835205 31511 0
0.5005476474761963 0.14262700080871582 31358 0
0.49984025955200195 0.146376371383667 31079 0
0.5065999031066895 0.15235495567321777 32091 0
0.5095443725585938 0.16277861595153809 31958 0
0.47358179092407227 0.14443135261535645 32616 0
0.49343299865722656 0.13962078094482422 31876 0
0.5348289012908936 0.14869141578674316 32138 0
0.5181450843811035 0.18286609649658203 31236 0
0.5213782787322998 0.17885661125183105 31316 0
0.494525671005249 0.1626906394958496 30580 0
0.4960341453552246 0.1800518035888672 30952 0
0.49479126930236816 0.19353985786437988 30750 0
0.47295212745666504 0.1428694725036621 31859 0
0.5316588878631592 0.12854886054992676 31796 0
0.5056126117706299 0.1346900463104248 30972 0
0.5098357200622559 0.13928937911987305 30683 0
0.5131380558013916 0.16994214057922363 30992 0
0.5000054836273193 0.17761993408203125 31385 0
0.5020747184753418 0.16229701042175293 30550 0
0.4983060359954834 0.18710780143737793 30855 0
0.5137155055999756 0.14329767227172852 30387 0
0.4769575595855713 0.14283323287963867 30230 0
0.5021014213562012 0.16109895706176758 30752 0
0.5091044902801514 0.2000412940979004 31496 0
0.5075910091400146 0.14442944526672363 31074 0
0.5277302265167236 0.14110183715820312 32008 0
0.49620723724365234 0.1799941062927246 31766 0
0.5090391635894775 0.132612943649292 31569 0
0.49597597122192383 0.21164679527282715 32076 0
0.49827122688293457 0.14344263076782227 31157 0
0.49907922744750977 0.12123632431030273 31103 0
0.5060365200042725 0.1429586410522461 30799 0
0.5094094276428223 0.14736437797546387 30783 0
0.5113575458526611 0.15412688255310059 31386 0
0.503502607345581 0.12896490097045898 32181 0
0.5139977931976318 0.19677114486694336 31128 0
0.523597240447998 0.1326143741607666 31952 0
0.5712106227874756 0.2209627628326416 31868 0
0.5013222694396973 0.14565682411193848 32378 0
0.5023810863494873 0.13512277603149414 31899 0
0.5045740604400635 0.1914827823638916 31781 0
0.5121064186096191 0.13617944717407227 32066 0
0.5055608749389648 0.1403970718383789 32397 0
0.5321331024169922 0.19796991348266602 31790 0
0.4998176097869873 0.19651150703430176 31713 0
0.4959228038787842 0.2034451961517334 31727 0
0.4944174289703369 0.19585299491882324 31995 0
0.4954531192779541 0.1629014015197754 30407 0
0.4940011501312256 0.14765095710754395 33065 0
0.49346470832824707 0.15537452697753906 33106 0
0.5137341022491455 0.14140820503234863 32826 0
0.5146496295928955 0.1424555778503418 32660 0
0.5296752452850342 0.18430185317993164 34014 0
0.5000901222229004 0.19841265678405762 33081 0
0.5040812492370605 0.19438886642456055 33762 0
0.5083208084106445 0.1336355209350586 33718 0
0.49781036376953125 0.18999457359313965 33745 0
0.497570276260376 0.22257137298583984 29846 0
0.48955392837524414 0.20772147178649902 29088 0
0.5151677131652832 0.13411927223205566 32958 0
0.5034270286560059 0.1894223690032959 35082 0
0.5024936199188232 0.19277429580688477 31557 0
0.5129714012145996 0.1319568157196045 33413 0
0.5077173709869385 0.17965459823608398 30430 0
0.48844146728515625 0.17228341102600098 30536 0
0.49547553062438965 0.14038586616516113 30956 0
0.5285019874572754 0.1996924877166748 32055 0
0.50333571434021 0.12073254585266113 32200 0
0.5261590480804443 0.17078065872192383 31417 0
0.5146074295043945 0.18203115463256836 33196 0
0.5246672630310059 0.1359858512878418 33291 0
0.506138801574707 0.1423358917236328 28738 0
0.5344915390014648 0.16073918342590332 33375 0
0.5167865753173828 0.1433725357055664 32157 0
0.4751129150390625 0.2107999324798584 31656 0
0.5291728973388672 0.20577168464660645 33533 0
0.5008947849273682 0.19225192070007324 33560 0
0.512199878692627 0.1373281478881836 29886 0
0.5012028217315674 0.13482046127319336 34181 0
0.5034615993499756 0.1312263011932373 34156 0
0.5037260055541992 0.1455061435699463 34410 0
0.5245585441589355 0.182145357131958 33706 0
0.4880940914154053 0.17486238479614258 34746 0
0.5059516429901123 0.14648818969726562 34838 0
0.5132045745849609 0.141648530960083 35135 0
0.5263731479644775 0.14115238189697266 33883 0
0.4994640350341797 0.14048314094543457 34862 0
0.49932193756103516 0.2089216709136963 35903 0
0.49745702743530273 0.18500685691833496 35045 0
0.5097107887268066 0.18986201286315918 34865 0
0.5083632469177246 0.12620806694030762 34295 0
0.5291538238525391 0.18307065963745117 33704 0
0.51385498046875 0.20761895179748535 34249 0
0.5089716911315918 0.21877264976501465 33910 0
0.5337615013122559 0.1340022087097168 33338 0
0.5385799407958984 0.13447022438049316 34013 0
0.5301787853240967 0.17961502075195312 33999 0
0.48598384857177734 0.14252734184265137 34220 0
0.5035381317138672 0.15332794189453125 33167 0
0.49659228324890137 0.1533985137939453 34540 0
0.516258716583252 0.15463900566101074 35147 0
0.5296528339385986 0.14303851127624512 30259 0
0.4999668598175049 0.1331629753112793 34730 0
0.49518704414367676 0.20114398002624512 32538 0
0.49733877182006836 0.13512563705444336 33190 0
0.49335217475891113 0.14028406143188477 34413 0
0.5071995258331299 0.14459705352783203 34274 0
0.5181198120117188 0.16917204856872559 32208 0
0.5068681240081787 0.19964981079101562 34802 0
0.5150277614593506 0.14853310585021973 34658 0
0.5084648132324219 0.15213727951049805 35149 0
0.4930546283721924 0.1398916244506836 34496 0
0.520566463470459 0.15631389617919922 34054 0
0.5265207290649414 0.14237499237060547 34979 0
0.5329968929290771 0.1768789291381836 34413 0
0.5114119052886963 0.12984108924865723 35587 0
0.5033767223358154 0.1974959373474121 35635 0
0.5200130939483643 0.1320185661315918 35589 0
0.5185656547546387 0.17829084396362305 36140 0
0.46469783782958984 0.19899606704711914 35788 0
0.5062949657440186 0.21660876274108887 36186 0
0.5288395881652832 0.146742582321167 34950 0
0.5332188606262207 0.1385655403137207 34971 0
0.49875569343566895 0.15166664123535156 34465 0
0.5076110363006592 0.13966631889343262 34269 0
0.526700496673584 0.1521131992340088 35255 0
0.49690842628479004 0.21358180046081543 35428 0
0.512014627456665 0.15642571449279785 35205 0
0.540839672088623 0.16559815406799316 33823 0
0.5233466625213623 0.1408088207244873 35411 0
0.5087766647338867 0.14150357246398926 36248 0
0.4917759895324707 0.19225859642028809 30959 0
0.5094454288482666 0.19895195960998535 35971 0
0.5197105407714844 0.20311474800109863 35950 0
0.5024404525756836 0.23215675354003906 34226 0
0.5239157676696777 0.2018747329711914 36343 0
0.5059325695037842 0.13251161575317383 36351 0
0.5188755989074707 0.19457197189331055 33996 0
0.5275077819824219 0.1591644287109375 37274 0
0.49999165534973145 0.20355701446533203 36423 0
0.5082917213439941 0.1797497272491455 36776 0
0.5303783416748047 0.14554476737976074 35745 0
0.5085077285766602 0.14146685600280762 34217 0
0.5201427936553955 0.1325228214263916 34597 0
0.5420522689819336 0.12935638427734375 33503 0
0.49906492233276367 0.13788914680480957 33667 0
0.5113723278045654 0.17502522468566895 33739 0
0.5091676712036133 0.20962929725646973 33692 0
0.4992096424102783 0.19740915298461914 33613 0
0.5001139640808105 0.16328811645507812 33381 0
0.5041396617889404 0.20900821685791016 32655 0
0.5226001739501953 0.16247081756591797 33155 0
0.5224874019622803 0.16404438018798828 32937 0
0.5060703754425049 0.1762399673461914 33915 0
0.5285906791687012 0.20741820335388184 34023 0
0.5502800941467285 0.1452498435974121 34162 0
0.5102992057800293 0.14628863334655762 32967 0
0.521723747253418 0.17755484580993652 32917 0
0.49135613441467285 0.1968085765838623 34221 0
0.48795056343078613 0.13670778274536133 33152 0
0.49832797050476074 0.16472601890563965 32903 0
0.5160915851593018 0.15634465217590332 32888 0
0.5062835216522217 0.13605690002441406 31650 0
0.5366418361663818 0.14127087593078613 32000 0
0.5064506530761719 0.14958953857421875 32344 0
0.5125076770782471 0.14081382751464844 33453 0
0.5019502639770508 0.18157005310058594 33358 0
0.5160338878631592 0.14829730987548828 33402 0
0.5222885608673096 0.15233111381530762 33100 0
0.4983952045440674 0.18417596817016602 34043 0
0.4989356994628906 0.14890027046203613 33422 0
