0.40529918670654297 0.14281296730041504 40641 0
0.41289615631103516 0.14488983154296875 40003 0
0.42679762840270996 0.14027714729309082 41253 0
0.40960144996643066 0.14114069938659668 40051 0
0.4239943027496338 0.1433849334716797 42154 0
0.40451884269714355 0.14501190185546875 43064 0
0.4220256805419922 0.14525675773620605 43927 0
0.4078853130340576 0.1400148868560791 43838 0
0.42441821098327637 0.14021754264831543 42870 0
0.4355936050415039 0.15004324913024902 42512 0
0.44296789169311523 0.13785147666931152 40919 0
0.43064045906066895 0.14336776733398438 39755 0
0.4148831367492676 0.13828825950622559 41690 0
0.4283924102783203 0.14223051071166992 40750 0
0.41979026794433594 0.14221405982971191 32875 0
0.4286837577819824 0.14335131645202637 40726 0
0.436004638671875 0.1464548110961914 39171 0
0.44355177879333496 0.1474757194519043 38049 0
0.38179898262023926 0.1461780071258545 36098 0
0.41362810134887695 0.14424872398376465 39442 0
0.4271659851074219 0.14339780807495117 39538 0
0.4207158088684082 0.14193487167358398 37098 0
0.4442594051361084 0.14349794387817383 40117 0
0.42150068283081055 0.14338445663452148 41908 0
0.4450547695159912 0.14140629768371582 42223 0
0.4129934310913086 0.13839292526245117 41149 0
0.4292445182800293 0.14500641822814941 36474 0
0.4561424255371094 0.14876842498779297 40243 0
0.4544346332550049 0.14794468879699707 41224 0
0.4268462657928467 0.14587116241455078 38492 0
0.4372856616973877 0.14527511596679688 41306 0
0.4458804130554199 0.1393446922302246 41320 0
0.4108459949493408 0.1415259838104248 40504 0
0.4322049617767334 0.14662766456604004 40878 0
0.43239641189575195 0.14201998710632324 36968 0
0.4349477291107178 0.14604854583740234 41523 0
0.39919543266296387 0.15286016464233398 44277 0
0.4334249496459961 0.14454913139343262 43211 0
0.37822628021240234 0.14432835578918457 44684 0
0.4351074695587158 0.14844059944152832 42297 0
0.40422940254211426 0.14226365089416504 38523 0
0.44469141960144043 0.14316534996032715 40020 0
0.4339144229888916 0.14523911476135254 43490 0
0.41132569313049316 0.14616131782531738 42911 0
0.4253973960876465 0.1450362205505371 35593 0
0.435394287109375 0.1499934196472168 42281 0
0.41318273544311523 0.14935088157653809 43978 0
0.42181825637817383 0.14304447174072266 41944 0
0.44153904914855957 0.14253973960876465 43119 0
0.45514965057373047 0.14394354820251465 42868 0
0.40903782844543457 0.14284086227416992 42008 0
0.4290897846221924 0.14663457870483398 43035 0
0.44504737854003906 0.14037132263183594 42769 0
0.4375462532043457 0.14248061180114746 43087 0
0.4450075626373291 0.14165234565734863 43172 0
0.4264249801635742 0.15207815170288086 43059 0
0.4152553081512451 0.14962315559387207 43286 0
0.4151034355163574 0.14020705223083496 43735 0
0.41983556747436523 0.14562225341796875 43791 0
0.4367489814758301 0.1462244987487793 43490 0
0.4207451343536377 0.14661622047424316 41794 0
0.4086735248565674 0.1395406723022461 41797 0
0.42711496353149414 0.1408998966217041 42208 0
0.44120311737060547 0.14082098007202148 41547 0
0.4391798973083496 0.14609169960021973 40123 0
0.41106510162353516 0.1419813632965088 42503 0
0.4176208972930908 0.14455628395080566 42443 0
0.4224729537963867 0.1452951431274414 42671 0
0.43405866622924805 0.13988876342773438 41996 0
0.4316716194152832 0.14250922203063965 41727 0
0.4160618782043457 0.14343476295471191 41017 0
0.40886735916137695 0.14076542854309082 39439 0
0.4196808338165283 0.1423814296722412 41933 0
0.4228193759918213 0.1489269733428955 40682 0
0.4387321472167969 0.1488018035888672 32216 0
0.3964955806732178 0.14509344100952148 40939 0
0.4138679504394531 0.1434619426727295 40362 0
0.4351658821105957 0.14569354057312012 38917 0
0.41725778579711914 0.14089226722717285 40041 0
0.41855955123901367 0.14616632461547852 39923 0
0.4388260841369629 0.14272236824035645 40832 0
0.4146077632904053 0.1386852264404297 41366 0
0.4283900260925293 0.1521613597869873 40974 0
0.42075037956237793 0.15047192573547363 40165 0
0.39960765838623047 0.14117193222045898 41661 0
0.41384029388427734 0.14329862594604492 41824 0
0.45795321464538574 0.13999700546264648 38781 0
0.43166160583496094 0.14038491249084473 41617 0
0.45468664169311523 0.13956093788146973 42019 0
0.4402649402618408 0.14275169372558594 41817 0
0.4349825382232666 0.14347195625305176 42311 0
0.43384861946105957 0.14268898963928223 41644 0
0.40974950790405273 0.14151763916015625 41479 0
0.4293687343597412 0.14601612091064453 40130 0
0.4385519027709961 0.14293551445007324 42408 0
0.4338099956512451 0.13956451416015625 41893 0
0.4372732639312744 0.1395270824432373 32980 0
0.4324607849121094 0.14296579360961914 41496 0
0.43614768981933594 0.1401047706604004 41887 0
0.44182610511779785 0.14255523681640625 39418 0
0.4462625980377197 0.1463642120361328 40211 0
0.4010655879974365 0.1512923240661621 41029 0
0.4234507083892822 0.14746761322021484 41377 0
0.4239785671234131 0.14312338829040527 43299 0
0.387967586517334 0.14455652236938477 42839 0
0.4180123805999756 0.14566898345947266 42723 0
0.4245607852935791 0.1422429084777832 43521 0
0.4106156826019287 0.14001774787902832 43720 0
0.4156372547149658 0.13937735557556152 43867 0
0.43782854080200195 0.14195990562438965 43133 0
0.4046957492828369 0.14219069480895996 42977 0
0.41068530082702637 0.14353060722351074 43064 0
0.41903138160705566 0.14191102981567383 43071 0
0.4463198184967041 0.1456432342529297 43330 0
0.4361400604248047 0.1430809497833252 41591 0
0.4271278381347656 0.13894057273864746 43861 0
0.4241676330566406 0.1396656036376953 37545 0
0.4440793991088867 0.14176368713378906 43670 0
0.45087647438049316 0.1419692039489746 43172 0
0.4167819023132324 0.14760112762451172 42942 0
0.39722609519958496 0.13814687728881836 42547 0
0.377535343170166 0.14292573928833008 42528 0
0.42595410346984863 0.13885068893432617 42324 0
0.41475772857666016 0.14377784729003906 40797 0
0.4326763153076172 0.14171934127807617 41667 0
0.4326021671295166 0.1470181941986084 41893 0
0.48616719245910645 0.14084839820861816 33982 0
0.4473104476928711 0.1435716152191162 39989 0
0.41901493072509766 0.1476447582244873 35042 0
0.41066861152648926 0.14795923233032227 36441 0
0.39768385887145996 0.1431901454925537 38236 0
0.4120335578918457 0.14094066619873047 38484 0
0.421614408493042 0.14146661758422852 36867 0
0.4194908142089844 0.14282965660095215 39598 0
0.4053952693939209 0.13834595680236816 40765 0
0.40779852867126465 0.14144110679626465 41850 0
0.4245188236236572 0.15208888053894043 41077 0
0.435849666595459 0.14435410499572754 42174 0
0.42654871940612793 0.14195513725280762 40946 0
0.42531394958496094 0.14209914207458496 41614 0
0.4091920852661133 0.14115452766418457 42339 0
0.42159199714660645 0.1420879364013672 42693 0
0.4145791530609131 0.14725136756896973 42721 0
0.424161434173584 0.13799571990966797 41849 0
0.4449901580810547 0.14006423950195312 41576 0
0.44580769538879395 0.14323806762695312 43905 0
0.42252302169799805 0.14602398872375488 42845 0
0.4272792339324951 0.1437969207763672 41817 0
0.42699265480041504 0.14380669593811035 40238 0
0.42319464683532715 0.14383363723754883 39728 0
0.42140650749206543 0.13756012916564941 43684 0
0.39769649505615234 0.14618635177612305 46782 0
0.4175903797149658 0.1424269676208496 45229 0
0.4455149173736572 0.1435682773590088 45190 0
0.4324944019317627 0.14453983306884766 45007 0
0.4318811893463135 0.14444351196289062 42574 0
0.41886234283447266 0.14503908157348633 33270 0
0.40738725662231445 0.14684438705444336 40343 0
0.43731689453125 0.14541220664978027 40647 0
0.41315174102783203 0.13990211486816406 37256 0
0.39821386337280273 0.1446216106414795 37150 0
0.4101114273071289 0.1407313346862793 37872 0
0.42964839935302734 0.1386699676513672 37721 0
0.423081636428833 0.1498708724975586 38241 0
0.42438459396362305 0.1452348232269287 40651 0
0.41468214988708496 0.1428544521331787 39919 0
0.41300439834594727 0.1416492462158203 38858 0
0.3948485851287842 0.14024853706359863 41870 0
0.41231751441955566 0.1437070369720459 40547 0
0.4213902950286865 0.14164352416992188 44249 0
0.43436121940612793 0.14045286178588867 40835 0
0.4335463047027588 0.14752483367919922 43033 0
0.44930291175842285 0.14920520782470703 43191 0
0.4249699115753174 0.14207100868225098 43445 0
0.4363584518432617 0.14067983627319336 43795 0
0.42322421073913574 0.14270257949829102 43993 0
0.4174818992614746 0.139937162399292 39539 0
0.41988182067871094 0.13995361328125 44974 0
0.42448997497558594 0.14265775680541992 44118 0
0.4702732563018799 0.13924741744995117 45032 0
0.43264079093933105 0.13898491859436035 42917 0
0.4139254093170166 0.1457812786102295 42327 0
0.4375946521759033 0.14467716217041016 43400 0
0.43863821029663086 0.14132976531982422 40660 0
0.44356870651245117 0.14228343963623047 42663 0
0.43011903762817383 0.14048361778259277 42461 0
0.4431178569793701 0.1435244083404541 34184 0
0.4147937297821045 0.14093446731567383 44976 0
0.4400634765625 0.1445174217224121 43687 0
0.4559340476989746 0.14242887496948242 40279 0
0.44629883766174316 0.14386677742004395 42042 0
0.43018126487731934 0.14967870712280273 41595 0
0.4219803810119629 0.1482563018798828 42272 0
0.438687801361084 0.14017343521118164 43333 0
0.4194467067718506 0.14593911170959473 42892 0
0.4447152614593506 0.14708542823791504 42894 0
0.42069530487060547 0.14117956161499023 42368 0
0.40850329399108887 0.1434929370880127 43611 0
0.4137284755706787 0.14533758163452148 43655 0
0.416705846786499 0.14727520942687988 42698 0
0.40957021713256836 0.15149426460266113 41304 0
0.4224884510040283 0.13914728164672852 35668 0
0.4023745059967041 0.14348316192626953 33921 0
0.40065526962280273 0.1452040672302246 35079 0
0.4364347457885742 0.147705078125 34515 0
0.4177589416503906 0.1454629898071289 35148 0
0.4078702926635742 0.14345622062683105 35759 0
0.4264857769012451 0.13915085792541504 35833 0
0.41894984245300293 0.14108586311340332 36320 0
0.4176290035247803 0.14737820625305176 36298 0
0.40882015228271484 0.1401844024658203 35821 0
0.39713501930236816 0.14555025100708008 36296 0
0.4245486259460449 0.14197754859924316 36604 0
0.40942811965942383 0.13957786560058594 35534 0
0.4301137924194336 0.14404654502868652 35998 0
0.40628671646118164 0.14040756225585938 35007 0
0.424807071685791 0.15133190155029297 35432 0
0.409775972366333 0.14331507682800293 32365 0
0.42249464988708496 0.1434321403503418 36080 0
0.39244842529296875 0.14190220832824707 36247 0
0.4087245464324951 0.14203524589538574 36382 0
0.41565728187561035 0.14474868774414062 36136 0
0.4146747589111328 0.14703154563903809 36408 0
0.4346165657043457 0.14179491996765137 36889 0
0.4232165813446045 0.14830350875854492 36722 0
0.4001753330230713 0.15004444122314453 36601 0
0.4109170436859131 0.1435701847076416 35878 0
0.4027278423309326 0.1439347267150879 35659 0
0.4470384120941162 0.14160656929016113 35659 0
0.4201333522796631 0.1423931121826172 35559 0
0.4575936794281006 0.14467239379882812 35136 0
0.4258129596710205 0.14235234260559082 35410 0
0.4259164333343506 0.14831256866455078 34945 0
0.43494749069213867 0.14992117881774902 35890 0
0.43999195098876953 0.15275263786315918 35975 0
0.43373847007751465 0.14271330833435059 36122 0
0.437183141708374 0.1432933807373047 36136 0
0.4106733798980713 0.14259982109069824 35674 0
0.4126453399658203 0.1420118808746338 36036 0
0.3987281322479248 0.1418137550354004 36442 0
0.44961071014404297 0.14567995071411133 34904 0
0.43283653259277344 0.14473891258239746 35686 0
0.42501163482666016 0.14777517318725586 35942 0
0.4243464469909668 0.15029096603393555 35033 0
0.445575475692749 0.14049720764160156 35989 0
0.4450850486755371 0.14308619499206543 34840 0
0.43021082878112793 0.14673948287963867 35220 0
0.4364142417907715 0.1453266143798828 31247 0
0.4014577865600586 0.14389657974243164 35482 0
0.4525184631347656 0.14526057243347168 35405 0
0.42924928665161133 0.1456434726715088 35783 0
0.423769474029541 0.14073991775512695 36027 0
0.4338076114654541 0.1497631072998047 35738 0
0.42644238471984863 0.14029288291931152 35940 0
0.42952632904052734 0.143449068069458 35937 0
0.407940149307251 0.14021587371826172 36407 0
0.4058387279510498 0.14426040649414062 35996 0
0.41796302795410156 0.14267182350158691 35475 0
0.42480039596557617 0.14425373077392578 34567 0
0.4046182632446289 0.14141535758972168 34827 0
0.42327404022216797 0.14757227897644043 34269 0
0.4056665897369385 0.15165042877197266 34930 0
0.4119713306427002 0.14707374572753906 34371 0
0.3989691734313965 0.14459466934204102 34828 0
0.4121065139770508 0.14269137382507324 35904 0
0.44066786766052246 0.1386713981628418 35574 0
0.4517550468444824 0.14214611053466797 35357 0
0.3978426456451416 0.1454477310180664 36161 0
0.426851749420166 0.14793634414672852 36721 0
0.39649319648742676 0.14614319801330566 35648 0
0.43202996253967285 0.14136028289794922 34828 0
0.4354884624481201 0.14095568656921387 35541 0
0.42079782485961914 0.14505410194396973 35480 0
0.42773866653442383 0.14441919326782227 39392 0
0.4035301208496094 0.1466221809387207 39495 0
0.4358363151550293 0.14571690559387207 35988 0
0.4315352439880371 0.13936471939086914 42661 0
0.43566441535949707 0.14647340774536133 40075 0
0.40488505363464355 0.14793109893798828 42451 0
0.43209409713745117 0.1490306854248047 40615 0
0.4174308776855469 0.1473541259765625 39514 0
0.4069242477416992 0.1457376480102539 39875 0
0.40677309036254883 0.13910317420959473 39548 0
0.4413115978240967 0.14505362510681152 39461 0
0.43906188011169434 0.14064407348632812 40073 0
0.44504761695861816 0.14214563369750977 39001 0
0.4711456298828125 0.14573001861572266 36550 0
0.4157578945159912 0.1494157314300537 36342 0
0.4369690418243408 0.14560556411743164 35084 0
0.42985010147094727 0.14729928970336914 36068 0
0.42045164108276367 0.1431267261505127 35950 0
0.4149203300476074 0.1435258388519287 35626 0
0.42963743209838867 0.14709877967834473 35134 0
0.39406299591064453 0.14057207107543945 36166 0
0.41416049003601074 0.14699745178222656 35927 0
0.4193089008331299 0.14415311813354492 35420 0
0.4148681163787842 0.1482706069946289 36059 0
0.4279477596282959 0.14680862426757812 36989 0
0.4122011661529541 0.14388489723205566 36793 0
0.42641639709472656 0.1438295841217041 31129 0
0.42681384086608887 0.1466050148010254 37309 0
0.4463987350463867 0.14829206466674805 37569 0
0.41150426864624023 0.1461653709411621 35758 0
0.4093642234802246 0.13963675498962402 36835 0
0.4196615219116211 0.144989013671875 37188 0
0.41964268684387207 0.14588379859924316 37118 0
0.39632701873779297 0.14506220817565918 36985 0
0.395660400390625 0.14252638816833496 36682 0
0.41895627975463867 0.14368534088134766 36655 0
0.40520668029785156 0.14792513847351074 35863 0
0.46001267433166504 0.1419830322265625 35809 0
0.4419684410095215 0.1436443328857422 35852 0
0.41336560249328613 0.14245367050170898 36091 0
0.4138946533203125 0.15256786346435547 36563 0
0.40874528884887695 0.13784432411193848 36912 0
0.41794824600219727 0.1377887725830078 37372 0
0.4280238151550293 0.1436786651611328 37205 0
0.4346599578857422 0.14065837860107422 36151 0
0.4155106544494629 0.13848090171813965 36316 0
0.4577322006225586 0.14385557174682617 36134 0
0.4138166904449463 0.14284038543701172 36091 0
0.4375894069671631 0.1470954418182373 35381 0
0.4050121307373047 0.14566326141357422 35927 0
0.42168331146240234 0.15089964866638184 35693 0
0.42699146270751953 0.14539766311645508 36283 0
0.4353208541870117 0.14292550086975098 35728 0
0.4304847717285156 0.14511632919311523 35163 0
0.4156959056854248 0.1456301212310791 35604 0
0.4134082794189453 0.13968324661254883 36554 0
0.42519521713256836 0.14211201667785645 30485 0
0.4255514144897461 0.14653396606445312 35571 0
0.4007687568664551 0.14633536338806152 36926 0
0.4060065746307373 0.1426839828491211 35004 0
0.42149877548217773 0.1426851749420166 37166 0
0.4429030418395996 0.1457808017730713 37324 0
0.40723109245300293 0.14204788208007812 36242 0
0.41013336181640625 0.1426529884338379 36668 0
0.40479421615600586 0.14478039741516113 36939 0
0.41303086280822754 0.1469402313232422 37458 0
0.43012022972106934 0.14458918571472168 36286 0
0.409332275390625 0.14424729347229004 35207 0
0.43250250816345215 0.14302611351013184 36604 0
0.4195830821990967 0.14239859580993652 35839 0
0.41834473609924316 0.1450514793395996 36189 0
0.41719913482666016 0.13798975944519043 36035 0
0.41460251808166504 0.14703655242919922 36369 0
0.4268631935119629 0.13924026489257812 36927 0
0.439586877822876 0.1441669464111328 36118 0
0.4266624450683594 0.14545440673828125 36273 0
0.4441390037536621 0.14755964279174805 36206 0
0.4226701259613037 0.1469259262084961 35186 0
0.38167428970336914 0.1410045623779297 35738 0
0.4206991195678711 0.1424410343170166 35603 0
0.3974945545196533 0.14144396781921387 35988 0
0.45007896423339844 0.13872385025024414 36389 0
0.41605448722839355 0.1405797004699707 34602 0
0.42665576934814453 0.14458632469177246 35250 0
0.43206214904785156 0.14913272857666016 36566 0
0.4257168769836426 0.141890287399292 36583 0
0.4115934371948242 0.143202543258667 29960 0
0.4055445194244385 0.14090228080749512 35212 0
0.45270204544067383 0.14107131958007812 35688 0
0.4089808464050293 0.14209747314453125 33735 0
0.43666577339172363 0.1484215259552002 36493 0
0.44142961502075195 0.14384865760803223 36645 0
0.42413997650146484 0.14288759231567383 32127 0
0.4104166030883789 0.1488361358642578 28344 0
0.41316866874694824 0.14368510246276855 34713 0
0.4224693775177002 0.13935089111328125 36348 0
0.445920467376709 0.13776040077209473 38387 0
0.44581127166748047 0.1386246681213379 37418 0
0.44466567039489746 0.1383507251739502 37664 0
0.4281792640686035 0.14316391944885254 37635 0
0.430894136428833 0.14136672019958496 37476 0
0.4301629066467285 0.143524169921875 36762 0
0.41448497772216797 0.14300847053527832 30217 0
0.4406297206878662 0.1497204303741455 30015 0
0.4302537441253662 0.1382291316986084 37186 0
0.4070100784301758 0.14632773399353027 36487 0
0.40514206886291504 0.14506149291992188 35515 0
0.416048526763916 0.142960786819458 36375 0
0.41135334968566895 0.1466667652130127 36234 0
0.41622138023376465 0.13969826698303223 36546 0
0.42723631858825684 0.14305877685546875 36862 0
0.4301314353942871 0.1445930004119873 37021 0
0.41736674308776855 0.14970874786376953 36547 0
0.40630173683166504 0.1427145004272461 36483 0
0.42018556594848633 0.14260601997375488 37335 0
0.4180173873901367 0.1443331241607666 37518 0
0.3981335163116455 0.14159345626831055 33369 0
0.412219762802124 0.13697195053100586 36674 0
0.4096095561981201 0.14223670959472656 36474 0
0.4279940128326416 0.14937710762023926 36437 0
0.4386403560638428 0.14658689498901367 36972 0
0.4522421360015869 0.1445920467376709 36825 0
0.43396592140197754 0.13910531997680664 36478 0
0.4204139709472656 0.14148664474487305 36389 0
0.3862040042877197 0.14382481575012207 36530 0
0.44913315773010254 0.14135074615478516 36675 0
0.44232988357543945 0.14220809936523438 35932 0
0.44073057174682617 0.14078354835510254 36975 0
0.42220091819763184 0.13840818405151367 36183 0
0.43129706382751465 0.14649462699890137 36973 0
0.4114539623260498 0.137923002243042 36799 0
0.42339539527893066 0.14324569702148438 37380 0
0.4235715866088867 0.14002132415771484 37959 0
0.42794346809387207 0.14055967330932617 36567 0
0.4054136276245117 0.1409609317779541 35580 0
0.43291211128234863 0.14276361465454102 36392 0
0.4117848873138428 0.14556288719177246 35811 0
0.398162841796875 0.14679789543151855 30219 0
0.4237527847290039 0.14760160446166992 35023 0
0.4371926784515381 0.14084839820861816 35375 0
0.4714236259460449 0.1417088508605957 36008 0
0.3954191207885742 0.13808512687683105 34522 0
0.43912196159362793 0.14422106742858887 35940 0
0.4103398323059082 0.14309906959533691 35816 0
0.4076955318450928 0.14540767669677734 35431 0
0.4254279136657715 0.14181804656982422 35122 0
0.4485924243927002 0.13905096054077148 35082 0
0.4246957302093506 0.1444253921508789 34794 0
0.4058949947357178 0.14233112335205078 35169 0
0.4241917133331299 0.1434481143951416 35381 0
0.429943323135376 0.14429187774658203 34481 0
0.3830220699310303 0.14648699760437012 34738 0
0.43056416511535645 0.14141058921813965 35669 0
0.4351651668548584 0.14340591430664062 35360 0
0.41246557235717773 0.14449477195739746 36466 0
0.4043402671813965 0.14510273933410645 35709 0
0.4075603485107422 0.14505267143249512 35172 0
0.41116881370544434 0.14042282104492188 35076 0
0.4349198341369629 0.14692258834838867 35491 0
0.45226383209228516 0.14415407180786133 36001 0
0.4095187187194824 0.13878822326660156 35202 0
0.4369845390319824 0.1469573974609375 35621 0
0.39540648460388184 0.14011478424072266 35052 0
0.4361870288848877 0.13983964920043945 35301 0
0.437483549118042 0.14032959938049316 34328 0
0.4271864891052246 0.13895416259765625 35277 0
0.41400933265686035 0.14302897453308105 35091 0
0.40491485595703125 0.13874292373657227 29833 0
0.4288294315338135 0.14516115188598633 34582 0
0.40927553176879883 0.14182782173156738 34375 0
0.4193687438964844 0.1433086395263672 35648 0
0.4454658031463623 0.1426982879638672 34634 0
0.4409971237182617 0.1484684944152832 34531 0
0.40958619117736816 0.14035463333129883 34916 0
0.42403745651245117 0.14310026168823242 34563 0
0.41259336471557617 0.1387169361114502 34372 0
0.39563989639282227 0.13933658599853516 35056 0
0.39917707443237305 0.1441035270690918 34197 0
0.42530107498168945 0.14205312728881836 34253 0
0.392592191696167 0.13948369026184082 34611 0
0.3915252685546875 0.1544349193572998 34200 0
0.4265730381011963 0.14063644409179688 34162 0
0.4256317615509033 0.1425018310546875 34586 0
0.40206384658813477 0.14000630378723145 33898 0
0.40976572036743164 0.13918542861938477 34048 0
0.41364598274230957 0.13953638076782227 35273 0
0.3430657386779785 0.14122223854064941 35221 0
0.4131007194519043 0.14246797561645508 34126 0
0.40135669708251953 0.14525842666625977 34604 0
0.41211652755737305 0.14360833168029785 34416 0
0.4028968811035156 0.14313697814941406 34093 0
0.41719865798950195 0.14453125 34367 0
0.43338990211486816 0.14808297157287598 34172 0
0.44332027435302734 0.1454463005065918 34114 0
0.42264866828918457 0.14454340934753418 33803 0
0.42160940170288086 0.14015936851501465 34974 0
0.4157426357269287 0.1491990089416504 34208 0
0.4195747375488281 0.14885163307189941 28742 0
0.4031505584716797 0.1456160545349121 33548 0
0.42040562629699707 0.13991451263427734 34254 0
0.4176778793334961 0.14084839820861816 34493 0
0.40724849700927734 0.14462995529174805 33655 0
0.440488338470459 0.14174795150756836 34458 0
0.43532228469848633 0.13940930366516113 34365 0
0.37851572036743164 0.14915776252746582 35346 0
0.43880772590637207 0.14602899551391602 34286 0
0.41327786445617676 0.1429595947265625 34854 0
0.4317183494567871 0.13843774795532227 34116 0
0.4168846607208252 0.14400482177734375 33976 0
0.4253380298614502 0.14501023292541504 33553 0
0.4144308567047119 0.13664960861206055 34116 0
0.3953409194946289 0.14195036888122559 34045 0
0.4211916923522949 0.14115428924560547 33717 0
0.4068918228149414 0.14957523345947266 32891 0
0.43708300590515137 0.14768457412719727 32069 0
0.42185378074645996 0.14614439010620117 32435 0
0.4164607524871826 0.147996187210083 33341 0
0.4191739559173584 0.1400594711303711 33076 0
0.40602636337280273 0.14168119430541992 33674 0
0.44635963439941406 0.1456458568572998 34994 0
0.4251580238342285 0.14035534858703613 34650 0
0.4378798007965088 0.14446711540222168 34373 0
0.40825772285461426 0.14009857177734375 34465 0
0.4245603084564209 0.13925647735595703 32671 0
0.39679408073425293 0.14495515823364258 31885 0
0.4377024173736572 0.1462688446044922 32114 0
0.4071338176727295 0.14270925521850586 32520 0
0.43156957626342773 0.14310383796691895 27268 0
0.4048445224761963 0.14629888534545898 31912 0
0.4329521656036377 0.1405017375946045 32493 0
0.42305922508239746 0.1461341381072998 32809 0
0.4208083152770996 0.14618754386901855 32290 0
0.4237198829650879 0.14353203773498535 32236 0
0.4267008304595947 0.14213299751281738 33625 0
0.410585880279541 0.14171361923217773 32865 0
0.43708109855651855 0.14229440689086914 33031 0
0.4211571216583252 0.143233060836792 32638 0
0.4311249256134033 0.1454007625579834 31750 0
0.4309854507446289 0.1396481990814209 31507 0
0.4297168254852295 0.14655685424804688 31232 0
0.4183197021484375 0.14574289321899414 31465 0
0.4101865291595459 0.14443731307983398 31543 0
0.4082376956939697 0.14012527465820312 31759 0
0.4389362335205078 0.1423652172088623 32671 0
0.4001777172088623 0.14424848556518555 32434 0
0.45485925674438477 0.14069843292236328 32739 0
0.4252786636352539 0.1403980255126953 31795 0
0.4197843074798584 0.13990139961242676 32653 0
0.4372878074645996 0.1448526382446289 32190 0
0.4130258560180664 0.1473548412322998 32768 0
0.41884875297546387 0.14137864112854004 32524 0
0.43520522117614746 0.14065337181091309 32019 0
0.41699838638305664 0.14264488220214844 32888 0
0.4474809169769287 0.14450955390930176 31565 0
0.4179971218109131 0.14368867874145508 30316 0
0.4167349338531494 0.14818692207336426 32162 0
0.42859625816345215 0.1478586196899414 31449 0
0.41570210456848145 0.14903497695922852 26728 0
0.4175398349761963 0.14528369903564453 31412 0
0.4123344421386719 0.14296293258666992 31979 0
0.409334659576416 0.14048266410827637 32546 0
0.41365885734558105 0.14175796508789062 31637 0
0.40779829025268555 0.14494991302490234 33015 0
0.4214448928833008 0.14312219619750977 32337 0
0.40990114212036133 0.1382579803466797 31991 0
0.4173398017883301 0.14909934997558594 33088 0
0.4115438461303711 0.14928889274597168 32312 0
0.4174497127532959 0.14027094841003418 27423 0
0.43420910835266113 0.1408836841583252 32426 0
0.4355885982513428 0.14198660850524902 33719 0
0.4078865051269531 0.13753199577331543 33183 0
0.39548611640930176 0.1427600383758545 32303 0
0.40065431594848633 0.1434345245361328 32923 0
0.4268941879272461 0.14116644859313965 33303 0
0.4178898334503174 0.14675617218017578 33376 0
0.41553831100463867 0.14473724365234375 35612 0
0.4112856388092041 0.1422412395477295 33406 0
0.41586995124816895 0.1389007568359375 33512 0
0.4141361713409424 0.138397216796875 33153 0
0.410552978515625 0.14294862747192383 34934 0
0.4118804931640625 0.14342403411865234 33656 0
0.4286201000213623 0.14228200912475586 34538 0
0.4101555347442627 0.14718890190124512 33348 0
0.40102648735046387 0.14166641235351562 31809 0
0.42972469329833984 0.1375102996826172 32242 0
0.4293653964996338 0.14257049560546875 33156 0
0.4104640483856201 0.14586114883422852 33901 0
0.42200732231140137 0.14427757263183594 34096 0
0.4319918155670166 0.14347171783447266 34331 0
0.42753100395202637 0.1441967487335205 33352 0
0.4160904884338379 0.14238786697387695 33320 0
0.4123671054840088 0.1455519199371338 32812 0
0.4187049865722656 0.14417457580566406 32861 0
0.4039304256439209 0.13727688789367676 32418 0
0.4006969928741455 0.14051413536071777 32972 0
0.41318631172180176 0.1384902000427246 33599 0
0.41591811180114746 0.14315247535705566 32796 0
0.41238903999328613 0.13987970352172852 34079 0
0.4207441806793213 0.14386868476867676 33361 0
0.39515137672424316 0.1495673656463623 33661 0
0.4007713794708252 0.14476847648620605 33636 0
0.43210673332214355 0.14373111724853516 34049 0
0.4165973663330078 0.1452634334564209 33581 0
0.4285447597503662 0.14424848556518555 31167 0
0.3962252140045166 0.144087553024292 33214 0
0.3786299228668213 0.14413094520568848 32291 0
0.4212677478790283 0.15047025680541992 27259 0
0.427462100982666 0.14338207244873047 33572 0
0.4080026149749756 0.1407313346862793 33515 0
0.4111905097961426 0.1432018280029297 33053 0
0.40972065925598145 0.1464097499847412 32083 0
0.401104211807251 0.14164495468139648 32283 0
0.4068930149078369 0.13830947875976562 34573 0
0.41002964973449707 0.14404630661010742 34515 0
0.40276360511779785 0.14336919784545898 34569 0
0.41022467613220215 0.1383962631225586 34787 0
0.3848299980163574 0.14236211776733398 33268 0
0.4043307304382324 0.1411452293395996 33474 0
0.4226555824279785 0.14001250267028809 32576 0
0.42241549491882324 0.14373397827148438 33286 0
0.44527459144592285 0.14941191673278809 33931 0
0.3846747875213623 0.13892006874084473 32946 0
0.4588022232055664 0.13964128494262695 33873 0
0.40977907180786133 0.15266680717468262 33919 0
0.4011988639831543 0.1460280418395996 34975 0
0.43555665016174316 0.14440584182739258 33627 0
0.4292631149291992 0.14577722549438477 34482 0
0.42740917205810547 0.13665151596069336 33914 0
0.412153959274292 0.1402420997619629 34437 0
0.41098928451538086 0.14603471755981445 33561 0
0.4237053394317627 0.1397101879119873 34092 0
0.4277338981628418 0.1472153663635254 38435 0
0.41852474212646484 0.14629197120666504 40221 0
0.40913867950439453 0.13820815086364746 41036 0
0.41785359382629395 0.13987016677856445 41338 0
0.4460785388946533 0.14574456214904785 41092 0
0.42426490783691406 0.14559578895568848 41952 0
0.4214339256286621 0.14021849632263184 41605 0
0.4279937744140625 0.13866615295410156 40879 0
0.4395418167114258 0.14092588424682617 41761 0
0.4315328598022461 0.14226841926574707 41429 0
0.41487908363342285 0.14550113677978516 41317 0
0.4168550968170166 0.1396026611328125 41476 0
0.43753671646118164 0.1449730396270752 41321 0
0.4502553939819336 0.14766621589660645 41846 0
0.37964296340942383 0.14382219314575195 41009 0
0.4029581546783447 0.13890480995178223 41700 0
0.44479823112487793 0.1441631317138672 42239 0
0.38822245597839355 0.14217090606689453 41049 0
0.4180564880371094 0.1453719139099121 36931 0
0.41501498222351074 0.1439802646636963 41683 0
0.44480466842651367 0.14137935638427734 41562 0
0.44267868995666504 0.14375042915344238 41646 0
0.432417631149292 0.1440443992614746 41746 0
0.4347114562988281 0.1440753936767578 41954 0
0.418597936630249 0.1433582305908203 42993 0
0.4108004570007324 0.14368033409118652 41091 0
0.4356715679168701 0.14317989349365234 42225 0
0.4201474189758301 0.14638662338256836 41323 0
0.4326202869415283 0.14119458198547363 34639 0
0.3982570171356201 0.1403961181640625 40883 0
0.41036081314086914 0.1453859806060791 40798 0
0.4189767837524414 0.14432859420776367 42486 0
0.41904664039611816 0.14055204391479492 41826 0
0.4279942512512207 0.14219951629638672 43547 0
0.41648435592651367 0.1392073631286621 42885 0
0.4247317314147949 0.14717626571655273 43121 0
0.4084770679473877 0.1541130542755127 44057 0
0.39905667304992676 0.14654898643493652 42893 0
0.42465806007385254 0.14181900024414062 40869 0
0.41725993156433105 0.14049839973449707 42663 0
0.4293515682220459 0.14060449600219727 42635 0
0.44448280334472656 0.1405656337738037 42460 0
0.4288814067840576 0.14067316055297852 42906 0
0.41469430923461914 0.14534258842468262 42359 0
0.4135711193084717 0.1485767364501953 42690 0
0.4065847396850586 0.14235186576843262 43213 0
0.438718318939209 0.14278268814086914 42545 0
0.4174637794494629 0.1487739086151123 43393 0
0.4217708110809326 0.14152097702026367 38502 0
0.3891305923461914 0.1419215202331543 43197 0
0.4196145534515381 0.14589190483093262 43424 0
0.44144463539123535 0.14458584785461426 42704 0
0.4355459213256836 0.14041948318481445 43458 0
0.40410661697387695 0.14670324325561523 42278 0
0.43742871284484863 0.14394235610961914 43409 0
0.4329705238342285 0.14208412170410156 41612 0
0.4223153591156006 0.1432199478149414 43160 0
0.4111056327819824 0.14260363578796387 44075 0
0.42589712142944336 0.1442251205444336 35033 0
0.4497706890106201 0.1448805332183838 42248 0
0.41402387619018555 0.14444971084594727 40445 0
0.41851067543029785 0.14511585235595703 40405 0
0.41924428939819336 0.14403748512268066 42633 0
0.43266940116882324 0.15036225318908691 42821 0
0.44544410705566406 0.13793730735778809 40823 0
0.4483761787414551 0.14282965660095215 43485 0
0.427562952041626 0.14772510528564453 43283 0
0.4301154613494873 0.14090561866760254 43443 0
0.4340689182281494 0.1390235424041748 43377 0
0.4329109191894531 0.14251112937927246 41766 0
0.43504953384399414 0.14471650123596191 41317 0
0.4405508041381836 0.14649128913879395 42739 0
0.4181785583496094 0.146744966506958 43245 0
0.4176208972930908 0.14121341705322266 42935 0
0.4307534694671631 0.14348626136779785 42684 0
0.4272181987762451 0.14070916175842285 42426 0
0.4169025421142578 0.14305686950683594 43285 0
0.4067356586456299 0.14020419120788574 43594 0
0.4461214542388916 0.14757776260375977 39422 0
0.4041430950164795 0.1413865089416504 42424 0
0.40821313858032227 0.14803314208984375 42435 0
0.42373061180114746 0.14177346229553223 42548 0
0.4289555549621582 0.14224553108215332 41978 0
0.4025144577026367 0.14362621307373047 42478 0
0.39771342277526855 0.1448056697845459 41644 0
0.42308807373046875 0.14676547050476074 39609 0
0.43133068084716797 0.14089059829711914 42530 0
0.41186952590942383 0.14045214653015137 42302 0
0.37297987937927246 0.14623355865478516 32006 0
0.4422328472137451 0.1513676643371582 40360 0
0.4358704090118408 0.13983893394470215 37541 0
0.4324228763580322 0.13881707191467285 37551 0
0.43718576431274414 0.13823962211608887 39183 0
0.43170666694641113 0.1465601921081543 39669 0
0.4284842014312744 0.1436443328857422 39086 0
0.4250016212463379 0.13783931732177734 41171 0
0.4151725769042969 0.14512014389038086 39672 0
0.402846097946167 0.14844346046447754 39865 0
0.42633056640625 0.14117026329040527 39141 0
0.4196431636810303 0.14669084548950195 38687 0
0.45691657066345215 0.14175653457641602 35827 0
0.422304630279541 0.14603924751281738 39110 0
0.4237504005432129 0.14121246337890625 38518 0
0.41496777534484863 0.13830089569091797 38258 0
0.41872453689575195 0.14380097389221191 38459 0
0.42546963691711426 0.14214515686035156 38084 0
0.41863179206848145 0.14715266227722168 38737 0
0.43561601638793945 0.14601683616638184 38215 0
0.4005239009857178 0.1478269100189209 35265 0
0.38112401962280273 0.14130806922912598 38652 0
0.40528225898742676 0.14012503623962402 40055 0
0.42365288734436035 0.1414175033569336 40095 0
0.452484130859375 0.14260101318359375 39103 0
0.413510799407959 0.1418929100036621 39753 0
0.45547962188720703 0.14151597023010254 39078 0
0.4127039909362793 0.1420879364013672 36847 0
0.4085502624511719 0.14119362831115723 38608 0
0.48465538024902344 0.14158153533935547 38040 0
0.40735888481140137 0.13662433624267578 31082 0
0.4285578727722168 0.14252305030822754 38968 0
0.3979065418243408 0.14761829376220703 36454 0
0.43981409072875977 0.14875555038452148 36912 0
0.4179656505584717 0.14156746864318848 38518 0
0.39879679679870605 0.14145398139953613 39216 0
0.4406447410583496 0.1464066505432129 37615 0
0.39933323860168457 0.14498353004455566 39359 0
0.4497053623199463 0.13870787620544434 39513 0
0.40430307388305664 0.1451106071472168 40182 0
0.4162459373474121 0.14522147178649902 39613 0
0.4421253204345703 0.14035511016845703 40030 0
0.4059903621673584 0.13762116432189941 36372 0
0.4274306297302246 0.14037346839904785 40132 0
0.43077564239501953 0.14838075637817383 39752 0
0.4042327404022217 0.1471083164215088 39854 0
0.42368006706237793 0.13620686531066895 39744 0
0.42496538162231445 0.14181113243103027 40045 0
0.40799665451049805 0.14078164100646973 39420 0
0.4345552921295166 0.14473485946655273 39427 0
0.40207815170288086 0.14240002632141113 35916 0
0.4318046569824219 0.14337635040283203 39153 0
0.41847872734069824 0.14377808570861816 40073 0
0.3945746421813965 0.14988183975219727 39325 0
0.4166293144226074 0.14268231391906738 39463 0
0.444061279296875 0.14139533042907715 40037 0
0.4282267093658447 0.1432361602783203 39173 0
0.44275450706481934 0.14158916473388672 36905 0
0.427839994430542 0.1437234878540039 38390 0
0.4118361473083496 0.14093971252441406 38915 0
0.37372493743896484 0.14284849166870117 31395 0
0.43863511085510254 0.14168381690979004 37637 0
0.43197035789489746 0.13990068435668945 34466 0
0.4150969982147217 0.14502596855163574 36262 0
0.43796825408935547 0.14644217491149902 38573 0
0.432053804397583 0.14265847206115723 38384 0
0.3908810615539551 0.14118194580078125 37961 0
0.4215378761291504 0.1424722671508789 39578 0
0.43136096000671387 0.14484453201293945 40063 0
0.4294931888580322 0.14230060577392578 39253 0
0.39983034133911133 0.1451261043548584 39591 0
0.4125022888183594 0.1369621753692627 38758 0
0.4105401039123535 0.14870691299438477 35149 0
0.39910387992858887 0.14555048942565918 38802 0
0.42290258407592773 0.14104723930358887 38433 0
0.42724108695983887 0.13663172721862793 38862 0
0.4363405704498291 0.1429882049560547 38208 0
0.41957569122314453 0.14223027229309082 39790 0
0.41481733322143555 0.145005464553833 38866 0
0.41008543968200684 0.14455413818359375 39049 0
0.41615843772888184 0.13963055610656738 34498 0
0.43825340270996094 0.14119219779968262 38792 0
0.4441099166870117 0.14206433296203613 39259 0
0.42754054069519043 0.1381077766418457 39290 0
0.43378615379333496 0.14229106903076172 38634 0
0.4322202205657959 0.14522624015808105 39638 0
0.41757798194885254 0.14232635498046875 39089 0
0.4291725158691406 0.14780449867248535 37327 0
0.43500256538391113 0.14729976654052734 39783 0
0.4114809036254883 0.14504432678222656 38950 0
0.38625025749206543 0.14343619346618652 32006 0
0.41220879554748535 0.14637374877929688 38188 0
0.41189002990722656 0.14031553268432617 33802 0
0.4418179988861084 0.14056921005249023 37898 0
0.4269566535949707 0.13881301879882812 38594 0
0.42206573486328125 0.13885116577148438 38730 0
0.43596720695495605 0.14851903915405273 37529 0
0.42939138412475586 0.14340829849243164 39467 0
0.4463233947753906 0.14252305030822754 39443 0
0.41721487045288086 0.14690375328063965 39262 0
0.42916154861450195 0.13996458053588867 40057 0
0.4283444881439209 0.14023661613464355 38711 0
0.42878198623657227 0.14226341247558594 35466 0
0.4262511730194092 0.13871121406555176 39057 0
0.44159555435180664 0.14739298820495605 39082 0
0.4184606075286865 0.14630365371704102 39194 0
0.4217655658721924 0.14210224151611328 39495 0
0.41109490394592285 0.14672541618347168 39587 0
0.4396536350250244 0.14603805541992188 38577 0
0.42707133293151855 0.1399531364440918 38663 0
0.420276403427124 0.13901281356811523 36061 0
0.4254274368286133 0.14032840728759766 38320 0
0.4279367923736572 0.1476893424987793 41973 0
0.4165067672729492 0.14048027992248535 41601 0
0.4321005344390869 0.15178155899047852 42247 0
0.43761229515075684 0.1422264575958252 42749 0
0.44186830520629883 0.14239120483398438 42564 0
0.4629251956939697 0.144547700881958 41756 0
0.42840027809143066 0.14452719688415527 42719 0
0.41801023483276367 0.14170336723327637 41185 0
0.41105151176452637 0.14738059043884277 41799 0
0.42879271507263184 0.14396023750305176 41936 0
0.4388866424560547 0.1402418613433838 40256 0
0.42393040657043457 0.13869237899780273 40419 0
0.41120219230651855 0.14787626266479492 41416 0
0.40505433082580566 0.14078879356384277 41134 0
0.44174838066101074 0.14221978187561035 42947 0
0.40738987922668457 0.1447904109954834 41997 0
0.44087982177734375 0.1405951976776123 41475 0
0.4295074939727783 0.14057278633117676 42223 0
0.43126630783081055 0.14153242111206055 42762 0
0.43782711029052734 0.1410226821899414 41315 0
0.4332602024078369 0.14342045783996582 41016 0
0.40805649757385254 0.14455580711364746 40294 0
0.4350776672363281 0.1409440040588379 40809 0
0.4046151638031006 0.14427709579467773 40604 0
0.42519116401672363 0.14318346977233887 41325 0
0.43414783477783203 0.14280366897583008 41563 0
0.4063105583190918 0.14049434661865234 40904 0
0.43880510330200195 0.14279603958129883 42229 0
0.4388580322265625 0.13973021507263184 41106 0
0.43188047409057617 0.14429092407226562 41935 0
0.40577101707458496 0.14568138122558594 40924 0
0.4059624671936035 0.14652657508850098 42499 0
0.4138936996459961 0.14087271690368652 41681 0
0.4143531322479248 0.14136099815368652 41771 0
0.4394807815551758 0.1424427032470703 40533 0
0.42377400398254395 0.14409279823303223 40627 0
0.467470645904541 0.14532184600830078 40566 0
0.4202127456665039 0.1445155143737793 41225 0
0.42789340019226074 0.14654779434204102 41423 0
0.4408547878265381 0.14764070510864258 40279 0
0.4165306091308594 0.1412651538848877 41267 0
0.418381929397583 0.1445605754852295 40581 0
0.4232039451599121 0.14783382415771484 40178 0
0.43152356147766113 0.13933730125427246 40287 0
0.4228067398071289 0.1389479637145996 39897 0
0.44306516647338867 0.14296197891235352 40370 0
0.4417884349822998 0.1436166763305664 40535 0
0.42575979232788086 0.14208555221557617 40406 0
0.43277955055236816 0.14746546745300293 41425 0
0.39859914779663086 0.14307618141174316 41115 0
0.4173767566680908 0.14349126815795898 41388 0
0.4357128143310547 0.14097070693969727 41324 0
0.4428825378417969 0.144317626953125 41181 0
0.46625399589538574 0.14141058921813965 41361 0
0.41296935081481934 0.14284873008728027 40699 0
0.4246208667755127 0.14273333549499512 40267 0
0.4182319641113281 0.14949822425842285 40360 0
0.41245102882385254 0.15011358261108398 40295 0
0.4427530765533447 0.14950299263000488 41307 0
0.4477701187133789 0.14223217964172363 41565 0
0.4315454959869385 0.15564990043640137 40864 0
0.40138936042785645 0.14100217819213867 42059 0
0.43695759773254395 0.1461031436920166 41839 0
0.43674778938293457 0.1444084644317627 42683 0
0.41977453231811523 0.1448369026184082 42044 0
0.4123413562774658 0.14153146743774414 42027 0
0.4503474235534668 0.14512038230895996 41888 0
0.40986156463623047 0.1472489833831787 42821 0
0.4055747985839844 0.14029169082641602 41459 0
0.4192497730255127 0.14500975608825684 41269 0
0.42856717109680176 0.14562106132507324 41434 0
0.43654417991638184 0.14046502113342285 41222 0
0.40003442764282227 0.14382123947143555 38957 0
0.41619038581848145 0.13850879669189453 43137 0
0.4297916889190674 0.1403200626373291 42442 0
0.44476318359375 0.15264320373535156 42350 0
0.43285632133483887 0.14560246467590332 43094 0
0.4514753818511963 0.14156603813171387 44197 0
0.4133920669555664 0.14004254341125488 42936 0
0.4239528179168701 0.1441023349761963 44742 0
0.37801098823547363 0.1430988311767578 43545 0
0.4354279041290283 0.1413264274597168 43876 0
0.4008181095123291 0.1470470428466797 38637 0
0.4400765895843506 0.13755559921264648 37412 0
0.44926023483276367 0.14626812934875488 42921 0
0.4166591167449951 0.14087414741516113 45049 0
0.4143078327178955 0.14435982704162598 41151 0
0.41510748863220215 0.14402508735656738 43013 0
0.4266374111175537 0.14124226570129395 39271 0
0.40265846252441406 0.14429712295532227 40048 0
0.43032097816467285 0.14174270629882812 40558 0
0.40457820892333984 0.14108753204345703 41598 0
0.43632030487060547 0.1428523063659668 42001 0
0.4369986057281494 0.14246654510498047 41398 0
0.41828370094299316 0.14334893226623535 42335 0
0.4167137145996094 0.13958954811096191 42114 0
0.4424264430999756 0.1434495449066162 37933 0
0.4388086795806885 0.14195823669433594 43249 0
0.414553165435791 0.14438533782958984 41876 0
0.40802884101867676 0.14353227615356445 41341 0
0.4018123149871826 0.13900327682495117 43527 0
0.41574645042419434 0.1486201286315918 44128 0
0.4078848361968994 0.1403186321258545 39005 0
0.4182593822479248 0.14824795722961426 44214 0
0.42824292182922363 0.13885092735290527 44953 0
0.3996565341949463 0.14292478561401367 44519 0
0.4152560234069824 0.14134454727172852 44193 0
0.41861724853515625 0.13977408409118652 45606 0
0.4277780055999756 0.13844037055969238 44846 0
0.41878223419189453 0.1414928436279297 45217 0
0.41852593421936035 0.14474034309387207 44263 0
0.42423152923583984 0.1403815746307373 44902 0
0.41213440895080566 0.1362018585205078 46133 0
0.42459678649902344 0.1386408805847168 45017 0
0.44593000411987305 0.14054656028747559 44748 0
0.4084932804107666 0.14043807983398438 44569 0
0.4345710277557373 0.14001154899597168 44045 0
0.418642520904541 0.14122414588928223 44437 0
0.4135429859161377 0.14839458465576172 44729 0
0.4183690547943115 0.1468641757965088 43403 0
0.4448986053466797 0.1422102451324463 43544 0
0.42798280715942383 0.14352846145629883 44518 0
0.4464600086212158 0.13753509521484375 44400 0
0.41036152839660645 0.14290857315063477 43304 0
0.4418489933013916 0.14217662811279297 44950 0
0.4696638584136963 0.14289283752441406 45323 0
0.37951111793518066 0.1396958827972412 40469 0
0.45350122451782227 0.1411290168762207 44878 0
0.41385698318481445 0.1446056365966797 43287 0
0.39812755584716797 0.1475224494934082 43176 0
0.3920867443084717 0.14298105239868164 45123 0
0.43033933639526367 0.14123296737670898 44815 0
0.42299890518188477 0.14320087432861328 41370 0
0.424546480178833 0.1459667682647705 44916 0
0.41416311264038086 0.13864660263061523 44831 0
0.44719386100769043 0.14561986923217773 45420 0
0.4201700687408447 0.1512768268585205 45235 0
0.43521738052368164 0.1408681869506836 44887 0
0.4200162887573242 0.14600825309753418 44654 0
0.41879844665527344 0.14284014701843262 45283 0
0.44388818740844727 0.14318132400512695 46292 0
0.4170510768890381 0.14174628257751465 46525 0
0.4166281223297119 0.14141368865966797 45553 0
0.40606212615966797 0.1430952548980713 46931 0
0.4539985656738281 0.13969826698303223 45501 0
0.45560646057128906 0.14225554466247559 47176 0
0.4434936046600342 0.14653897285461426 46464 0
0.43097829818725586 0.14809155464172363 45243 0
0.42348170280456543 0.14374852180480957 45375 0
0.4256727695465088 0.13958501815795898 43727 0
0.3896145820617676 0.14083242416381836 46150 0
0.44007444381713867 0.14084982872009277 45617 0
0.41837239265441895 0.14426445960998535 45900 0
0.42060089111328125 0.14127492904663086 44016 0
0.44447875022888184 0.1428384780883789 46294 0
0.415813684463501 0.15128183364868164 46576 0
0.39401936531066895 0.14070487022399902 41542 0
0.4274301528930664 0.14241981506347656 46331 0
0.4276118278503418 0.13943004608154297 45353 0
0.4349212646484375 0.14720630645751953 44792 0
0.4258241653442383 0.14265799522399902 47422 0
0.4567909240722656 0.14075517654418945 46794 0
0.44281744956970215 0.14436912536621094 43924 0
0.42763423919677734 0.14575624465942383 47553 0
0.4215719699859619 0.147843599319458 46851 0
0.42562365531921387 0.14901447296142578 47079 0
0.4257826805114746 0.14461660385131836 45560 0
0.4286925792694092 0.14296793937683105 44505 0
0.44785380363464355 0.1438746452331543 44213 0
0.4445009231567383 0.1425764560699463 43783 0
0.4105386734008789 0.1436600685119629 43601 0
0.41414856910705566 0.14766240119934082 44246 0
0.42966651916503906 0.1437382698059082 43527 0
0.41310882568359375 0.14535045623779297 44446 0
0.4292116165161133 0.1450059413909912 43405 0
0.42659544944763184 0.14535808563232422 44021 0
0.41977357864379883 0.14283061027526855 42594 0
0.422260046005249 0.14444756507873535 42426 0
0.4442558288574219 0.14385485649108887 43520 0
0.4435849189758301 0.14328241348266602 43133 0
0.4182870388031006 0.14312195777893066 43701 0
0.4188413619995117 0.14552998542785645 43000 0
0.41992855072021484 0.14947104454040527 43124 0
0.420978307723999 0.14493942260742188 42857 0
0.4260587692260742 0.14552545547485352 43538 0
0.4454188346862793 0.14557719230651855 42676 0
0.42890310287475586 0.13773131370544434 42690 0
0.4321620464324951 0.14538788795471191 41622 0
0.4516937732696533 0.1431267261505127 42441 0
0.4523494243621826 0.14502787590026855 42080 0
0.4681217670440674 0.13990521430969238 43625 0
0.43683362007141113 0.14403629302978516 42488 0
0.42818522453308105 0.14087867736816406 42900 0
0.418428897857666 0.14441370964050293 41949 0
0.43779659271240234 0.16388988494873047 43024 0
0.4272654056549072 0.1473703384399414 43888 0
