0.4963345527648926 0.15591740608215332 49184 0
0.5024335384368896 0.14842557907104492 48742 0
0.5196261405944824 0.15059804916381836 50607 0
0.510221004486084 0.15684175491333008 49954 0
0.5070071220397949 0.14666032791137695 51588 0
0.5319561958312988 0.19108891487121582 53634 0
0.5278158187866211 0.15076732635498047 53279 0
0.5292131900787354 0.14626741409301758 52185 0
0.5440366268157959 0.14621210098266602 51832 0
0.5467054843902588 0.17731642723083496 52477 0
0.5246047973632812 0.18865036964416504 50082 0
0.5066137313842773 0.13357949256896973 48378 0
0.5130646228790283 0.1428241729736328 51951 0
0.5239691734313965 0.15457630157470703 50087 0
0.5201551914215088 0.14978551864624023 40704 0
0.5121610164642334 0.15465235710144043 50214 0
0.5102617740631104 0.1492466926574707 48666 0
0.5057339668273926 0.18626070022583008 46884 0
0.5096240043640137 0.13853073120117188 44919 0
0.5091044902801514 0.17392230033874512 48048 0
0.5280842781066895 0.15636277198791504 48421 0
0.5437572002410889 0.1545090675354004 46684 0
0.5147097110748291 0.1370716094970703 49293 0
0.53517746925354 0.17430543899536133 50976 0
0.5396461486816406 0.14368438720703125 50911 0
0.5109915733337402 0.1813976764678955 50685 0
0.5322089195251465 0.14047861099243164 45862 0
0.5129172801971436 0.18799877166748047 49834 0
0.5421237945556641 0.14377212524414062 50494 0
0.5232999324798584 0.12503671646118164 46847 0
0.5285651683807373 0.15516185760498047 50056 0
0.5150203704833984 0.13897418975830078 50849 0
0.5243151187896729 0.13759112358093262 49140 0
0.5086269378662109 0.18554353713989258 49127 0
0.5023908615112305 0.19428348541259766 46532 0
0.527498722076416 0.14280152320861816 52181 0
0.540940523147583 0.1506791114807129 55563 0
0.521186113357544 0.16118884086608887 53175 0
0.52510666847229 0.18138933181762695 54591 0
0.5099353790283203 0.19573426246643066 50799 0
0.5240261554718018 0.14814472198486328 47114 0
0.4785776138305664 0.16486144065856934 48652 0
0.5098476409912109 0.16277432441711426 52592 0
0.5258305072784424 0.14317774772644043 51560 0
0.5259134769439697 0.13339638710021973 44351 0
0.5230712890625 0.17911958694458008 51093 0
0.5236213207244873 0.18209481239318848 52977 0
0.5264527797698975 0.12925148010253906 50789 0
0.5114991664886475 0.14998912811279297 52368 0
0.5506811141967773 0.14318203926086426 52161 0
0.5169806480407715 0.18970680236816406 51664 0
0.5353400707244873 0.1481921672821045 52504 0
0.5292913913726807 0.11933517456054688 52053 0
0.5226397514343262 0.18402957916259766 52491 0
0.5337755680084229 0.17020225524902344 52815 0
0.5036008358001709 0.2062208652496338 52602 0
0.5292038917541504 0.16443324089050293 52831 0
0.5121016502380371 0.18709492683410645 53478 0
0.5034563541412354 0.15792250633239746 53234 0
0.525153398513794 0.12535834312438965 53405 0
0.5242781639099121 0.18540430068969727 51102 0
0.550734281539917 0.15300345420837402 51657 0
0.5138096809387207 0.20636796951293945 51159 0
0.525146484375 0.1391468048095703 50639 0
0.5001897811889648 0.21419596672058105 49082 0
0.47325754165649414 0.16975045204162598 50826 0
0.5024480819702148 0.1839766502380371 51838 0
0.5363824367523193 0.1285412311553955 52053 0
0.5353944301605225 0.13234901428222656 51299 0
0.522876501083374 0.15252089500427246 51077 0
0.5197529792785645 0.12587237358093262 50102 0
0.5172810554504395 0.18523812294006348 48631 0
0.47046685218811035 0.13930988311767578 51071 0
0.5656337738037109 0.2311255931854248 49761 0
0.5221447944641113 0.15102291107177734 40589 0
0.5182535648345947 0.1614377498626709 50354 0
0.526559591293335 0.14258813858032227 49516 0
0.49544477462768555 0.1373758316040039 47787 0
0.520334005355835 0.14118313789367676 49002 0
0.5298376083374023 0.14090204238891602 48467 0
0.510490894317627 0.17783045768737793 50946 0
0.5055127143859863 0.13809514045715332 51129 0
0.5189616680145264 0.13234615325927734 49693 0
0.5185370445251465 0.15250205993652344 49625 0
0.519106388092041 0.1284956932067871 51435 0
0.5262320041656494 0.12765002250671387 51153 0
0.5255334377288818 0.19966745376586914 47941 0
0.5120620727539062 0.2029879093170166 51338 0
0.5406472682952881 0.2072603702545166 50660 0
0.532848596572876 0.14521384239196777 52112 0
0.5211012363433838 0.16008424758911133 50954 0
0.5190682411193848 0.1457195281982422 50931 0
0.5137746334075928 0.16923785209655762 50501 0
0.5093080997467041 0.17882776260375977 48768 0
0.5192246437072754 0.1486046314239502 50888 0
0.5091688632965088 0.14862370491027832 51134 0
0.5042598247528076 0.14436912536621094 40935 0
0.5118601322174072 0.15024089813232422 51346 0
0.525099515914917 0.129500150680542 51591 0
0.5068812370300293 0.20691466331481934 47828 0
0.5432746410369873 0.1767275333404541 50115 0
0.5335807800292969 0.14517450332641602 50053 0
0.5226705074310303 0.15247201919555664 50713 0
0.5316133499145508 0.15530014038085938 53061 0
0.5072548389434814 0.1518392562866211 52623 0
0.5279467105865479 0.18544483184814453 52333 0
0.5222699642181396 0.17411375045776367 52495 0
0.5415439605712891 0.1716766357421875 54314 0
0.5253732204437256 0.18438124656677246 53660 0
0.51755690574646 0.1715068817138672 52846 0
0.5158393383026123 0.19310808181762695 52348 0
0.5322229862213135 0.21265387535095215 52629 0
0.5226790904998779 0.16206955909729004 52931 0
0.5116841793060303 0.13902497291564941 53276 0
0.5154998302459717 0.12268209457397461 51268 0
0.551539421081543 0.21952247619628906 52738 0
0.5164713859558105 0.14295101165771484 46445 0
0.5195388793945312 0.13787341117858887 53058 0
0.5271437168121338 0.1743755340576172 52701 0
0.501011848449707 0.15302038192749023 52822 0
0.5291256904602051 0.20603418350219727 51065 0
0.5261719226837158 0.14466619491577148 52112 0
0.5337374210357666 0.14493155479431152 51621 0
0.4931020736694336 0.14597797393798828 49376 0
0.4832456111907959 0.15004944801330566 51767 0
0.5327222347259521 0.15035152435302734 51935 0
0.5103170871734619 0.1788313388824463 41311 0
0.5221774578094482 0.1525566577911377 49516 0
0.5079505443572998 0.19884943962097168 43602 0
0.5266623497009277 0.14203643798828125 45778 0
0.5165905952453613 0.13465332984924316 47583 0
0.5157175064086914 0.14159154891967773 47453 0
0.512218713760376 0.13469433784484863 45905 0
0.528956413269043 0.12807798385620117 48992 0
0.522287130355835 0.14659333229064941 49516 0
0.5295028686523438 0.17911553382873535 51284 0
0.5247163772583008 0.1637258529663086 50566 0
0.5121417045593262 0.1628262996673584 51424 0
0.546558141708374 0.14588165283203125 50110 0
0.5445175170898438 0.18140482902526855 51017 0
0.5295767784118652 0.14536166191101074 52081 0
0.5223815441131592 0.21455669403076172 52819 0
0.5366554260253906 0.14542818069458008 51149 0
0.5270226001739502 0.14683151245117188 51798 0
0.4752771854400635 0.1407158374786377 50544 0
0.5117437839508057 0.17901825904846191 53752 0
0.5096607208251953 0.17198753356933594 52523 0
0.5266842842102051 0.14749956130981445 51278 0
0.5152115821838379 0.14638400077819824 49199 0
0.5124692916870117 0.1789112091064453 48291 0
0.5353145599365234 0.13968110084533691 52634 0
0.5375738143920898 0.14808940887451172 56380 0
0.5238580703735352 0.17388367652893066 55471 0
0.5167994499206543 0.1681804656982422 54517 0
0.514803409576416 0.20233511924743652 54611 0
0.5158767700195312 0.15072321891784668 52348 0
0.5236303806304932 0.12154006958007812 42086 0
0.5391457080841064 0.14133358001708984 49320 0
0.5159249305725098 0.13150691986083984 50840 0
0.523705005645752 0.1678781509399414 45915 0
0.5103347301483154 0.1813521385192871 45787 0
0.5246219635009766 0.13714051246643066 46640 0
0.5158827304840088 0.17935609817504883 45970 0
0.5106477737426758 0.11797237396240234 46837 0
0.5323898792266846 0.14757156372070312 50190 0
0.5196020603179932 0.16749095916748047 47751 0
0.5260915756225586 0.14236092567443848 47820 0
0.4982619285583496 0.20571208000183105 51325 0
0.507636547088623 0.23998498916625977 49490 0
0.5307321548461914 0.12747764587402344 53971 0
0.5389919281005859 0.1336374282836914 49000 0
0.5256881713867188 0.12148642539978027 52465 0
0.5157897472381592 0.12840509414672852 52428 0
0.527611255645752 0.13068056106567383 53122 0
0.5126268863677979 0.200364351272583 52491 0
0.5084376335144043 0.20786786079406738 53069 0
0.5419952869415283 0.15395474433898926 48471 0
0.524622917175293 0.14747071266174316 53383 0
0.5518603324890137 0.13523554801940918 54503 0
0.5179896354675293 0.1762547492980957 54318 0
0.534935474395752 0.1615748405456543 52302 0
0.5308947563171387 0.13365554809570312 51909 0
0.5226011276245117 0.1363680362701416 52221 0
0.5149402618408203 0.2011713981628418 49978 0
0.5189733505249023 0.18518614768981934 52031 0
0.5137865543365479 0.21846580505371094 52335 0
0.49830126762390137 0.13158130645751953 42467 0
0.5196454524993896 0.20756959915161133 53566 0
0.5446021556854248 0.1746349334716797 53465 0
0.535869836807251 0.15405964851379395 49519 0
0.5110187530517578 0.17959070205688477 50792 0
0.520667552947998 0.18907928466796875 51473 0
0.5202348232269287 0.13457393646240234 52395 0
0.51778244972229 0.13442373275756836 52753 0
0.543858528137207 0.1609818935394287 52060 0
0.5213966369628906 0.16280245780944824 51726 0
0.5170848369598389 0.2010478973388672 51944 0
0.510657787322998 0.15232110023498535 52057 0
0.5265429019927979 0.15601611137390137 52991 0
0.5168383121490479 0.16372156143188477 51749 0
0.5443785190582275 0.1409924030303955 49651 0
0.5144693851470947 0.14479470252990723 43286 0
0.465273380279541 0.1844029426574707 41099 0
0.5215804576873779 0.1260972023010254 42154 0
0.49893736839294434 0.2246091365814209 41738 0
0.513308048248291 0.20909452438354492 43345 0
0.5121541023254395 0.17603087425231934 42750 0
0.5008087158203125 0.14461922645568848 43068 0
0.5217852592468262 0.1790463924407959 44369 0
0.5102362632751465 0.13864922523498535 44008 0
0.5187311172485352 0.14270281791687012 43495 0
0.523223876953125 0.18979549407958984 44726 0
0.5038115978240967 0.1863718032836914 43742 0
0.5271892547607422 0.14209342002868652 42996 0
0.49523472785949707 0.1333780288696289 43151 0
0.5289628505706787 0.1360776424407959 42095 0
0.5068855285644531 0.15674638748168945 42133 0
0.5198483467102051 0.17184877395629883 39432 0
0.5308341979980469 0.13656258583068848 42869 0
0.51882004737854 0.17072772979736328 43477 0
0.49960780143737793 0.22349047660827637 44099 0
0.5079355239868164 0.17347168922424316 43543 0
0.509207010269165 0.224653959274292 43544 0
0.5112655162811279 0.21547579765319824 43618 0
0.5053343772888184 0.18523716926574707 43931 0
0.5206403732299805 0.19566631317138672 43361 0
0.5013124942779541 0.1912832260131836 42921 0
0.519895076751709 0.19178223609924316 43510 0
0.5269629955291748 0.13894963264465332 42603 0
0.507218599319458 0.14482641220092773 43313 0
0.5488948822021484 0.14576935768127441 44211 0
0.532463550567627 0.18398642539978027 42397 0
0.5242063999176025 0.14822173118591309 41898 0
0.5135748386383057 0.1263291835784912 42888 0
0.5123000144958496 0.1595158576965332 43760 0
0.5049889087677002 0.20011377334594727 43736 0
0.5270864963531494 0.17439484596252441 43163 0
0.5349969863891602 0.13034319877624512 42932 0
0.5271737575531006 0.1469118595123291 43058 0
0.5062625408172607 0.20348572731018066 42479 0
0.5278167724609375 0.14560437202453613 42352 0
0.5189454555511475 0.14060378074645996 43015 0
0.523155689239502 0.1403026580810547 43737 0
0.5122106075286865 0.15307235717773438 42628 0
0.5112295150756836 0.18401241302490234 43215 0
0.5074098110198975 0.1974656581878662 42922 0
0.511120080947876 0.16542816162109375 42207 0
0.5320515632629395 0.13728761672973633 38961 0
0.5097851753234863 0.1772761344909668 41597 0
0.49382662773132324 0.16294622421264648 42142 0
0.4983198642730713 0.14045095443725586 42687 0
0.5274412631988525 0.17680001258850098 43160 0
0.5250358581542969 0.1397547721862793 42618 0
0.501594066619873 0.13335585594177246 43520 0
0.5160677433013916 0.20289373397827148 43152 0
0.5328047275543213 0.13040399551391602 42755 0
0.5194942951202393 0.14911270141601562 43331 0
0.506263017654419 0.19734930992126465 42166 0
0.5241837501525879 0.1784355640411377 41641 0
0.4944033622741699 0.20560550689697266 41899 0
0.5226099491119385 0.13940095901489258 41803 0
0.5354697704315186 0.12067031860351562 41599 0
0.5250730514526367 0.21120452880859375 42474 0
0.5045745372772217 0.21422839164733887 42588 0
0.4985358715057373 0.19544291496276855 43056 0
0.5120553970336914 0.19210076332092285 43241 0
0.5172924995422363 0.15427899360656738 43597 0
0.5159878730773926 0.17232990264892578 43104 0
0.4874305725097656 0.16047453880310059 43190 0
0.50897216796875 0.16865158081054688 43895 0
0.518308162689209 0.16330218315124512 42844 0
0.5359933376312256 0.13437724113464355 42851 0
0.5224881172180176 0.13475656509399414 43783 0
0.5322830677032471 0.1469419002532959 46706 0
0.5171511173248291 0.1733872890472412 47179 0
0.48345041275024414 0.14177227020263672 43772 0
0.5130813121795654 0.20285272598266602 51133 0
0.5071399211883545 0.13686037063598633 48052 0
0.5197498798370361 0.13233399391174316 50671 0
0.5210025310516357 0.14619898796081543 49359 0
0.509392499923706 0.2044975757598877 47065 0
0.5080924034118652 0.14350461959838867 48224 0
0.5138461589813232 0.1561121940612793 48813 0
0.5051758289337158 0.1826152801513672 47947 0
0.5048999786376953 0.1712794303894043 47143 0
0.49868106842041016 0.1560378074645996 46961 0
0.5153298377990723 0.14444971084594727 44135 0
0.4983820915222168 0.19069457054138184 44111 0
0.4922151565551758 0.16108179092407227 41897 0
0.528087854385376 0.16242480278015137 43444 0
0.5126729011535645 0.13770413398742676 43731 0
0.5091233253479004 0.1788167953491211 42716 0
0.536046028137207 0.14509344100952148 42987 0
0.5355696678161621 0.17065930366516113 44257 0
0.5107512474060059 0.18755578994750977 43439 0
0.49994540214538574 0.1332721710205078 43473 0
0.5007524490356445 0.16137170791625977 43847 0
0.5247435569763184 0.1524982452392578 44262 0
0.5125970840454102 0.17682266235351562 44578 0
0.52109694480896 0.1778852939605713 37990 0
0.5004732608795166 0.15397119522094727 45579 0
0.5058517456054688 0.19080829620361328 44406 0
0.5297532081604004 0.14541864395141602 43167 0
0.512627363204956 0.13181734085083008 45200 0
0.5122060775756836 0.15643525123596191 44666 0
0.5001986026763916 0.154296875 44815 0
0.5179212093353271 0.14859437942504883 44854 0
0.4954338073730469 0.14982986450195312 43945 0
0.5162980556488037 0.14435482025146484 43502 0
0.5173578262329102 0.14696788787841797 43184 0
0.49559688568115234 0.1742112636566162 42420 0
0.5082788467407227 0.18534255027770996 43064 0
0.4776153564453125 0.19464921951293945 43496 0
0.5178608894348145 0.13482236862182617 44277 0
0.5301289558410645 0.1438765525817871 44380 0
0.5094654560089111 0.2006087303161621 44478 0
0.5131402015686035 0.17515158653259277 44138 0
0.5272493362426758 0.1488661766052246 43785 0
0.506385087966919 0.17517638206481934 43955 0
0.5312325954437256 0.1531376838684082 43737 0
0.5049703121185303 0.15256500244140625 43592 0
0.509882926940918 0.2244398593902588 43305 0
0.5070304870605469 0.20671391487121582 43378 0
0.5255491733551025 0.13074040412902832 43748 0
0.5235092639923096 0.15616679191589355 43267 0
0.5375456809997559 0.18056607246398926 42810 0
0.5201444625854492 0.1528012752532959 42790 0
0.5249550342559814 0.14286470413208008 44192 0
0.5142431259155273 0.1406090259552002 43873 0
0.5254719257354736 0.1282198429107666 36313 0
0.496248722076416 0.1462569236755371 42963 0
0.5067055225372314 0.1936047077178955 44632 0
0.5313458442687988 0.14091110229492188 42366 0
0.5140907764434814 0.20778679847717285 45176 0
0.5101737976074219 0.15326952934265137 46316 0
0.508448600769043 0.21117806434631348 43826 0
0.5088005065917969 0.199920654296875 44672 0
0.5112545490264893 0.1948859691619873 44245 0
0.5285859107971191 0.151536226272583 44033 0
0.5115203857421875 0.20723271369934082 43872 0
0.5136752128601074 0.1455230712890625 43676 0
0.5167157649993896 0.13715386390686035 44224 0
0.5385010242462158 0.15837645530700684 43684 0
0.503563642501831 0.1763629913330078 43748 0
0.5405893325805664 0.15247750282287598 43173 0
0.4866161346435547 0.15015530586242676 44183 0
0.5103893280029297 0.2298417091369629 44881 0
0.5199968814849854 0.15927982330322266 43993 0
0.5027647018432617 0.14488625526428223 43833 0
0.5454142093658447 0.1404109001159668 43975 0
0.4715456962585449 0.14281892776489258 42675 0
0.555692195892334 0.18035531044006348 43553 0
0.5279872417449951 0.1419992446899414 42875 0
0.5084691047668457 0.2217111587524414 43614 0
0.5125298500061035 0.17744898796081543 43354 0
0.5057556629180908 0.16960525512695312 43019 0
0.5253429412841797 0.16401934623718262 41976 0
0.5031478404998779 0.18088507652282715 44161 0
0.5296103954315186 0.13712596893310547 43892 0
0.494337797164917 0.14678049087524414 35985 0
0.48743200302124023 0.16611790657043457 42077 0
0.5187339782714844 0.1701650619506836 42781 0
0.5069746971130371 0.1805133819580078 40779 0
0.5133669376373291 0.17427945137023926 43437 0
0.5146768093109131 0.13662123680114746 44015 0
0.5266132354736328 0.19055485725402832 38815 0
0.499636173248291 0.13789939880371094 35304 0
0.5386507511138916 0.16706061363220215 42910 0
0.48735976219177246 0.1584620475769043 43597 0
0.5230262279510498 0.14029288291931152 45778 0
0.5251708030700684 0.16316652297973633 44978 0
0.5110840797424316 0.1908559799194336 44580 0
0.5459132194519043 0.15150070190429688 45087 0
0.5149595737457275 0.1560654640197754 44686 0
0.5308997631072998 0.16318011283874512 43614 0
0.5023396015167236 0.18804383277893066 36787 0
0.5073761940002441 0.133392333984375 36167 0
0.5272486209869385 0.14125919342041016 44009 0
0.5307836532592773 0.13291716575622559 44361 0
0.5069162845611572 0.18326401710510254 43290 0
0.5309464931488037 0.16904878616333008 44021 0
0.5193378925323486 0.17649555206298828 43734 0
0.49247217178344727 0.17059111595153809 43528 0
0.5184602737426758 0.15355730056762695 44739 0
0.49721217155456543 0.145737886428833 45021 0
0.5067234039306641 0.13294267654418945 44815 0
0.47690606117248535 0.1868457794189453 43326 0
0.5373499393463135 0.18140816688537598 44920 0
0.4987983703613281 0.19748663902282715 44277 0
0.5074996948242188 0.14258456230163574 39739 0
0.581749677658081 0.15102243423461914 43831 0
0.5132431983947754 0.21800661087036133 44056 0
0.5232658386230469 0.15597128868103027 43907 0
0.5156345367431641 0.1405487060546875 44244 0
0.5131447315216064 0.14920377731323242 43785 0
0.5277299880981445 0.12971258163452148 43401 0
0.512908935546875 0.2106945514678955 43015 0
0.5310578346252441 0.1774280071258545 44065 0
0.5050909519195557 0.16531801223754883 43945 0
0.5301036834716797 0.1385664939880371 43324 0
0.5154163837432861 0.14174222946166992 43535 0
0.5121607780456543 0.13935065269470215 42374 0
0.5213727951049805 0.1437845230102539 43360 0
0.5013973712921143 0.19939637184143066 43510 0
0.5126676559448242 0.20369267463684082 44509 0
0.5189943313598633 0.13430476188659668 44754 0
0.5136301517486572 0.12618327140808105 42702 0
0.5050027370452881 0.19026684761047363 41760 0
0.5098991394042969 0.22197961807250977 42590 0
0.524200439453125 0.13883733749389648 41631 0
0.49816060066223145 0.16120147705078125 36075 0
0.5018002986907959 0.18684935569763184 41652 0
0.5085368156433105 0.19907665252685547 41391 0
0.49823474884033203 0.15582871437072754 42065 0
0.5030331611633301 0.19334745407104492 41097 0
0.5186975002288818 0.1974341869354248 42200 0
0.5323681831359863 0.14175844192504883 41844 0
0.5381982326507568 0.12640762329101562 41245 0
0.5225820541381836 0.1349480152130127 41318 0
0.514564037322998 0.1373131275177002 41857 0
0.5154769420623779 0.1567244529724121 42154 0
0.5034732818603516 0.14429378509521484 42310 0
0.5041830539703369 0.1393604278564453 41307 0
0.5116786956787109 0.18543767929077148 41701 0
0.5429725646972656 0.17204666137695312 41193 0
0.49995899200439453 0.13877177238464355 41318 0
0.5154049396514893 0.15296649932861328 41276 0
0.5323748588562012 0.16989398002624512 41063 0
0.5240488052368164 0.1661837100982666 41173 0
0.5308396816253662 0.19698882102966309 41247 0
0.5454719066619873 0.14591598510742188 41411 0
0.4806556701660156 0.1636061668395996 42591 0
0.5655457973480225 0.17772984504699707 42687 0
0.4968912601470947 0.17071127891540527 41540 0
0.522432804107666 0.15144968032836914 41792 0
0.45900654792785645 0.1334984302520752 41454 0
0.5078470706939697 0.20219111442565918 41515 0
0.5015401840209961 0.19141244888305664 39976 0
0.5033359527587891 0.1413404941558838 40672 0
0.5155043601989746 0.1710834503173828 41600 0
0.5058572292327881 0.18863582611083984 35181 0
0.5149247646331787 0.12984967231750488 40864 0
0.4942476749420166 0.1439497470855713 41668 0
0.5400722026824951 0.1783134937286377 41220 0
0.500866174697876 0.19453907012939453 41926 0
0.5133640766143799 0.1412794589996338 41536 0
0.506328821182251 0.1719985008239746 41893 0
0.5130724906921387 0.15641260147094727 40561 0
0.5142593383789062 0.13831806182861328 40654 0
0.5063014030456543 0.17438983917236328 41916 0
0.5411343574523926 0.1397082805633545 40717 0
0.5127501487731934 0.20064449310302734 40544 0
0.5239441394805908 0.15683698654174805 41202 0
0.49698781967163086 0.17869329452514648 41273 0
0.516808032989502 0.141815185546875 39809 0
0.5450468063354492 0.14122867584228516 40651 0
0.528099775314331 0.1316373348236084 40143 0
0.5055828094482422 0.1430356502532959 41003 0
0.5071837902069092 0.17373204231262207 40404 0
0.5248048305511475 0.1586141586303711 41047 0
0.5144040584564209 0.15683770179748535 40726 0
0.5191266536712646 0.14991235733032227 41928 0
0.5157325267791748 0.1476879119873047 40799 0
0.5355417728424072 0.14090681076049805 40351 0
0.5056426525115967 0.13962411880493164 40643 0
0.536978006362915 0.13335418701171875 40321 0
0.5246090888977051 0.13473963737487793 40930 0
0.5137462615966797 0.13352131843566895 39810 0
0.5123639106750488 0.14098548889160156 40802 0
0.49884915351867676 0.14856863021850586 39940 0
0.5047898292541504 0.17633533477783203 33805 0
0.5092086791992188 0.14629650115966797 39015 0
0.512568473815918 0.19887399673461914 39897 0
0.5208015441894531 0.12519192695617676 39797 0
0.5086643695831299 0.20960497856140137 39602 0
0.5103952884674072 0.17380738258361816 40419 0
0.5326254367828369 0.14147591590881348 41473 0
0.5127496719360352 0.20847272872924805 40805 0
0.5270085334777832 0.14140009880065918 40236 0
0.5081725120544434 0.1336822509765625 40190 0
0.5244510173797607 0.1256406307220459 39371 0
0.5025162696838379 0.14040756225585938 40117 0
0.5210840702056885 0.14707016944885254 39991 0
0.5251486301422119 0.13725924491882324 39595 0
0.517566442489624 0.15728330612182617 40534 0
0.5047807693481445 0.12997794151306152 40454 0
0.496565580368042 0.2030034065246582 39084 0
0.49600744247436523 0.19459867477416992 38860 0
0.5110106468200684 0.15771222114562988 38229 0
0.4905850887298584 0.15674734115600586 39237 0
0.5178928375244141 0.14639997482299805 39054 0
0.5322322845458984 0.18192028999328613 40205 0
0.5252606868743896 0.14133095741271973 39416 0
0.5365350246429443 0.1455221176147461 40543 0
0.5059866905212402 0.17356228828430176 40768 0
0.4997062683105469 0.18588495254516602 40927 0
0.5217115879058838 0.14295077323913574 39163 0
0.5063023567199707 0.14821839332580566 37096 0
0.5212976932525635 0.1426548957824707 38516 0
0.49416351318359375 0.206787109375 37351 0
0.5273497104644775 0.13807320594787598 31878 0
0.49572014808654785 0.19557666778564453 37794 0
0.5349271297454834 0.17223143577575684 38395 0
0.5224804878234863 0.14072775840759277 37755 0
0.5223844051361084 0.1630094051361084 36588 0
0.49234867095947266 0.1506946086883545 36904 0
0.5149209499359131 0.12440800666809082 38772 0
0.501497745513916 0.14817404747009277 38871 0
0.5077364444732666 0.14206981658935547 38405 0
0.49383044242858887 0.1764991283416748 38307 0
0.5103476047515869 0.14441370964050293 36900 0
0.4934074878692627 0.14165568351745605 36894 0
0.5098602771759033 0.1458730697631836 36813 0
0.5110001564025879 0.20444011688232422 36670 0
0.5046586990356445 0.15759062767028809 36524 0
0.5169353485107422 0.20101428031921387 36671 0
0.5210256576538086 0.18023896217346191 37084 0
0.5021195411682129 0.1858377456665039 37851 0
0.49602174758911133 0.1996476650238037 38974 0
0.5077381134033203 0.2178795337677002 38236 0
0.5186324119567871 0.14312458038330078 37794 0
0.5270984172821045 0.15212512016296387 38320 0
0.5224106311798096 0.13652420043945312 37402 0
0.5034444332122803 0.1936187744140625 37620 0
0.5106401443481445 0.146806001663208 37054 0
0.5071771144866943 0.14072179794311523 37146 0
0.5108206272125244 0.17473459243774414 37120 0
0.5133359432220459 0.13510584831237793 35668 0
0.5018227100372314 0.1437394618988037 38287 0
0.510460376739502 0.16646885871887207 37364 0
0.5130386352539062 0.14212250709533691 32302 0
0.505974531173706 0.16899847984313965 36833 0
0.5256495475769043 0.14335012435913086 39271 0
0.5099983215332031 0.1487109661102295 37886 0
0.5096313953399658 0.2084970474243164 36805 0
0.5313365459442139 0.12241244316101074 38694 0
0.516843318939209 0.13985705375671387 37634 0
0.5051147937774658 0.1317124366760254 36677 0
0.5012280941009521 0.17861366271972656 39478 0
0.5183548927307129 0.1435718536376953 39094 0
0.5260815620422363 0.14374256134033203 32220 0
0.5250566005706787 0.13333678245544434 38099 0
0.48117852210998535 0.1645982265472412 39260 0
0.5066666603088379 0.20169520378112793 38988 0
0.5174546241760254 0.1408367156982422 38025 0
0.5104641914367676 0.14396953582763672 39265 0
0.5072553157806396 0.18065714836120605 40434 0
0.5324351787567139 0.1262345314025879 40996 0
0.5253758430480957 0.16045689582824707 40966 0
0.53420090675354 0.14430642127990723 39528 0
0.5330743789672852 0.15375828742980957 39355 0
0.5259847640991211 0.16482114791870117 39617 0
0.5219626426696777 0.15302681922912598 39924 0
0.5144760608673096 0.12448573112487793 40533 0
0.5219860076904297 0.16967344284057617 39944 0
0.5120251178741455 0.15187454223632812 39535 0
0.5105211734771729 0.17567229270935059 36912 0
0.5304224491119385 0.18953394889831543 38555 0
0.49710750579833984 0.213714599609375 40164 0
0.5159032344818115 0.14177751541137695 40142 0
0.5029454231262207 0.15957260131835938 40662 0
0.5209164619445801 0.1495800018310547 41054 0
0.5357530117034912 0.18048095703125 39557 0
0.5290632247924805 0.1435995101928711 40007 0
0.5089006423950195 0.15690827369689941 40253 0
0.48853135108947754 0.12562060356140137 39310 0
0.5036239624023438 0.1317150592803955 38697 0
0.4987928867340088 0.13530564308166504 38487 0
0.5554840564727783 0.1901865005493164 39704 0
0.5062682628631592 0.18373703956604004 39193 0
0.5023219585418701 0.12660884857177734 40605 0
0.5162310600280762 0.13630962371826172 39319 0
0.5050623416900635 0.18680620193481445 40273 0
0.5462141036987305 0.13628005981445312 39512 0
0.49741697311401367 0.14263105392456055 39052 0
0.5028591156005859 0.13510775566101074 39631 0
0.5208814144134521 0.15397882461547852 36609 0
0.5002636909484863 0.20261073112487793 39395 0
0.511491060256958 0.1596202850341797 39290 0
0.5162220001220703 0.15720081329345703 32497 0
0.5301532745361328 0.13512611389160156 38934 0
0.4959406852722168 0.15007519721984863 38704 0
0.5032284259796143 0.17545008659362793 38989 0
0.5084865093231201 0.20248174667358398 37889 0
0.5166914463043213 0.13445329666137695 38133 0
0.5075500011444092 0.1778111457824707 40620 0
0.5168967247009277 0.19791889190673828 40160 0
0.5026016235351562 0.16239023208618164 41062 0
0.4870920181274414 0.13933753967285156 40917 0
0.517383337020874 0.13285279273986816 39483 0
0.5305602550506592 0.14374065399169922 40494 0
0.5315268039703369 0.1828157901763916 38980 0
0.5413007736206055 0.13348841667175293 39981 0
0.5432093143463135 0.1735086441040039 39662 0
0.5154948234558105 0.1918962001800537 39344 0
0.5034580230712891 0.1897590160369873 39288 0
0.45540475845336914 0.13755130767822266 41542 0
0.48066043853759766 0.17058682441711426 41196 0
0.5249941349029541 0.13509654998779297 40101 0
0.5422980785369873 0.13836908340454102 41369 0
0.5381169319152832 0.16432905197143555 39380 0
0.5242984294891357 0.13069558143615723 39825 0
0.5036518573760986 0.13769912719726562 39254 0
0.5091371536254883 0.13547062873840332 39856 0
0.50950026512146 0.14007091522216797 46936 0
0.5072531700134277 0.12973928451538086 49584 0
0.507622241973877 0.15328526496887207 50342 0
0.5419085025787354 0.14168953895568848 50053 0
0.5506460666656494 0.18307828903198242 49915 0
0.535693883895874 0.14536452293395996 49547 0
0.5290074348449707 0.1586320400238037 50458 0
0.5256593227386475 0.19199466705322266 49958 0
0.5334196090698242 0.19565486907958984 51608 0
0.5231561660766602 0.14812278747558594 50999 0
0.5458927154541016 0.1440436840057373 49374 0
0.5403332710266113 0.13131308555603027 51511 0
0.5030167102813721 0.1393110752105713 49518 0
0.4917416572570801 0.14349675178527832 50313 0
0.5153508186340332 0.1883091926574707 50949 0
0.523815393447876 0.12384247779846191 49870 0
0.5229315757751465 0.14495849609375 50880 0
0.519336462020874 0.14571475982666016 49594 0
0.5417876243591309 0.18329882621765137 44711 0
0.5299127101898193 0.18400931358337402 50074 0
0.5245449542999268 0.14871573448181152 49958 0
0.5301320552825928 0.1692218780517578 51191 0
0.5302221775054932 0.13540387153625488 50846 0
0.5322263240814209 0.1351475715637207 51252 0
0.5243480205535889 0.13730621337890625 51920 0
0.514594554901123 0.12618041038513184 50821 0
0.5337324142456055 0.19201111793518066 51206 0
0.5479950904846191 0.12469172477722168 51204 0
0.5193939208984375 0.18866252899169922 43178 0
0.5115766525268555 0.19240236282348633 49929 0
0.5137863159179688 0.14721131324768066 49531 0
0.5200400352478027 0.13299965858459473 51863 0
0.5365967750549316 0.14384770393371582 51640 0
0.5030567646026611 0.17674922943115234 52182 0
0.5266702175140381 0.18769550323486328 53099 0
0.5184810161590576 0.14650678634643555 52637 0
0.5146901607513428 0.19931244850158691 52321 0
0.48259925842285156 0.13902068138122559 52480 0
0.5426619052886963 0.14635992050170898 50039 0
0.5165319442749023 0.14354634284973145 52039 0
0.5265011787414551 0.1611318588256836 51639 0
0.5072333812713623 0.17993998527526855 51465 0
0.5252773761749268 0.2137749195098877 52594 0
0.5406498908996582 0.13582992553710938 51600 0
0.5160691738128662 0.12882280349731445 51476 0
0.5161588191986084 0.18831515312194824 51850 0
0.5244309902191162 0.1408860683441162 51545 0
0.4998815059661865 0.1532127857208252 53066 0
0.520848274230957 0.18595170974731445 46867 0
0.5076265335083008 0.17570900917053223 52445 0
0.5074906349182129 0.18293356895446777 53705 0
0.5313379764556885 0.15577125549316406 53381 0
0.5225329399108887 0.17148661613464355 52760 0
0.5275869369506836 0.15675997734069824 51487 0
0.5254528522491455 0.15009093284606934 51984 0
0.5293488502502441 0.13193988800048828 49370 0
0.5293316841125488 0.19211268424987793 51684 0
0.5311281681060791 0.1343371868133545 53503 0
0.5017662048339844 0.12539935111999512 43331 0
0.5177803039550781 0.15488600730895996 52031 0
0.5397679805755615 0.14329099655151367 50641 0
0.5219526290893555 0.20107650756835938 50504 0
0.5284173488616943 0.13972234725952148 53618 0
0.5269880294799805 0.18159699440002441 52557 0
0.5619235038757324 0.18253302574157715 50739 0
0.5318846702575684 0.14981985092163086 54101 0
0.5291883945465088 0.1926131248474121 52938 0
0.5132858753204346 0.12386226654052734 52677 0
0.5198369026184082 0.12605834007263184 52758 0
0.5284979343414307 0.1448967456817627 51560 0
0.5210280418395996 0.13202929496765137 50656 0
0.511523962020874 0.13463091850280762 51450 0
0.5324900150299072 0.18585205078125 52807 0
0.531043291091919 0.1495347023010254 52898 0
0.5288219451904297 0.13518762588500977 52657 0
0.5222537517547607 0.13663244247436523 51544 0
0.5208368301391602 0.2012159824371338 54170 0
0.5285964012145996 0.16449594497680664 52320 0
0.527707576751709 0.18677854537963867 47977 0
0.5217254161834717 0.13795828819274902 52465 0
0.5318284034729004 0.13132858276367188 52350 0
0.519801139831543 0.1334855556488037 52099 0
0.5076782703399658 0.13911962509155273 51384 0
0.5182199478149414 0.1480722427368164 51691 0
0.5639019012451172 0.12531399726867676 51245 0
0.5129754543304443 0.15286636352539062 49465 0
0.5176420211791992 0.19518613815307617 52181 0
0.5194270610809326 0.16891908645629883 51536 0
0.49845075607299805 0.14037537574768066 39884 0
0.5048332214355469 0.14982867240905762 48259 0
0.5371999740600586 0.15492892265319824 47659 0
0.5188992023468018 0.15789270401000977 45695 0
0.5196096897125244 0.13436007499694824 48240 0
0.5369222164154053 0.18525290489196777 48134 0
0.537656307220459 0.1565096378326416 48602 0
0.5143423080444336 0.15828776359558105 48654 0
0.5191493034362793 0.17977166175842285 50007 0
0.5164721012115479 0.1521298885345459 49071 0
0.5164682865142822 0.14725208282470703 46261 0
0.5040957927703857 0.19867348670959473 48144 0
0.5253446102142334 0.14945745468139648 43362 0
0.5288093090057373 0.1874222755432129 46967 0
0.5531504154205322 0.1635115146636963 47847 0
0.5024416446685791 0.1504514217376709 47917 0
0.5101056098937988 0.15191364288330078 47042 0
0.5040404796600342 0.19496417045593262 46963 0
0.540717363357544 0.18479132652282715 46621 0
0.5325825214385986 0.13351154327392578 46667 0
0.5085160732269287 0.1270277500152588 43962 0
0.5132505893707275 0.21370744705200195 46936 0
0.5455644130706787 0.15122509002685547 47691 0
0.5150671005249023 0.14399313926696777 48210 0
0.532473087310791 0.15824651718139648 47557 0
0.5114226341247559 0.1497502326965332 48506 0
0.5210814476013184 0.12940597534179688 48491 0
0.5228793621063232 0.16403794288635254 45424 0
0.5210230350494385 0.16773176193237305 47062 0
0.5124483108520508 0.20615267753601074 47336 0
0.5298552513122559 0.18954873085021973 37546 0
0.5362679958343506 0.14010882377624512 47684 0
0.5153024196624756 0.21477818489074707 44656 0
0.5345923900604248 0.1887509822845459 44750 0
0.5209581851959229 0.17553997039794922 48352 0
0.49826931953430176 0.22028470039367676 46784 0
0.5250074863433838 0.13434624671936035 45660 0
0.5298569202423096 0.12314009666442871 47925 0
0.5391621589660645 0.12655377388000488 48220 0
0.5308578014373779 0.14339399337768555 48730 0
0.5037581920623779 0.1316838264465332 48701 0
0.5085306167602539 0.12590527534484863 48012 0
0.49740123748779297 0.12566566467285156 44619 0
0.5433614253997803 0.15018963813781738 48310 0
0.5252335071563721 0.1858048439025879 48377 0
0.5429508686065674 0.1666102409362793 48677 0
0.5154764652252197 0.14684128761291504 48286 0
0.508859395980835 0.15338993072509766 48516 0
0.5154414176940918 0.1417243480682373 48115 0
0.5107078552246094 0.14177274703979492 48403 0
0.5027189254760742 0.16879677772521973 44425 0
0.5064527988433838 0.14668536186218262 47589 0
0.5097734928131104 0.14148783683776855 48654 0
0.5237264633178711 0.12771272659301758 47815 0
0.5151469707489014 0.15655303001403809 47568 0
0.5136184692382812 0.19051265716552734 48245 0
0.5315837860107422 0.14660358428955078 47034 0
0.4971964359283447 0.14385366439819336 45541 0
0.5097966194152832 0.1282978057861328 47686 0
0.4952392578125 0.1495966911315918 47245 0
0.5141310691833496 0.1338787078857422 38134 0
0.5101325511932373 0.19445419311523438 46099 0
0.5157907009124756 0.1784837245941162 42889 0
0.5256407260894775 0.19238829612731934 44845 0
0.5172350406646729 0.17591476440429688 46665 0
0.518244743347168 0.18816447257995605 47664 0
0.5107848644256592 0.19911718368530273 46278 0
0.5406603813171387 0.18127989768981934 48406 0
0.5211567878723145 0.14655232429504395 47828 0
0.5199882984161377 0.19135522842407227 47628 0
0.4929020404815674 0.15689659118652344 47302 0
0.48476266860961914 0.155531644821167 47351 0
0.4987020492553711 0.1366133689880371 43434 0
0.5180926322937012 0.14947080612182617 47842 0
0.5271501541137695 0.16761231422424316 47238 0
0.5180988311767578 0.1242828369140625 47209 0
0.5482022762298584 0.16729140281677246 47074 0
0.5336239337921143 0.15492534637451172 47447 0
0.5152838230133057 0.20135092735290527 47175 0
0.5183582305908203 0.21992707252502441 46931 0
0.5101509094238281 0.20737981796264648 42248 0
0.5029747486114502 0.1704106330871582 47307 0
0.49667882919311523 0.1546924114227295 47850 0
0.5068240165710449 0.1575477123260498 47696 0
0.5163779258728027 0.17327022552490234 47595 0
0.5239450931549072 0.17906594276428223 47869 0
0.4895591735839844 0.13323688507080078 47310 0
0.510023832321167 0.1494457721710205 44612 0
0.5119640827178955 0.14467620849609375 46819 0
0.5083730220794678 0.1305077075958252 47387 0
0.5070157051086426 0.1830906867980957 39459 0
0.5224764347076416 0.14047884941101074 46872 0
0.518265962600708 0.17210006713867188 42637 0
0.5264768600463867 0.14858388900756836 46844 0
0.5317330360412598 0.15943336486816406 46985 0
0.5170290470123291 0.16110682487487793 47560 0
0.5090377330780029 0.18147754669189453 47250 0
0.513317346572876 0.12901568412780762 48660 0
0.5052399635314941 0.17923498153686523 47697 0
0.5033831596374512 0.1847374439239502 48420 0
0.537268877029419 0.15094256401062012 48693 0
0.5200338363647461 0.16039299964904785 47460 0
0.4907658100128174 0.14936423301696777 44352 0
0.5074472427368164 0.1441035270690918 47404 0
0.5260052680969238 0.1965024471282959 47901 0
0.5166833400726318 0.1303238868713379 49313 0
0.511544942855835 0.15705633163452148 48321 0
0.5368666648864746 0.19045233726501465 48494 0
0.5209333896636963 0.13242435455322266 47599 0
0.534217357635498 0.13381099700927734 47135 0
0.5170271396636963 0.17739391326904297 44331 0
0.5305154323577881 0.12340879440307617 47035 0
0.540625810623169 0.13117098808288574 50801 0
0.5158464908599854 0.19176721572875977 50858 0
0.5232324600219727 0.1653902530670166 51762 0
0.5153052806854248 0.1481776237487793 52333 0
0.532757043838501 0.1525735855102539 52296 0
0.5072677135467529 0.15160727500915527 52214 0
0.5212194919586182 0.1427288055419922 52086 0
0.5152950286865234 0.14642620086669922 50428 0
0.5066654682159424 0.17919564247131348 50260 0
0.5180611610412598 0.20659995079040527 51937 0
0.5303895473480225 0.17090272903442383 49694 0
0.4924304485321045 0.1996009349822998 50562 0
0.4951667785644531 0.12441277503967285 51372 0
0.536435604095459 0.12777948379516602 51081 0
0.5354483127593994 0.20793795585632324 52140 0
0.5266566276550293 0.13575363159179688 52426 0
0.4847257137298584 0.15105223655700684 51460 0
0.5230758190155029 0.15292048454284668 52029 0
0.5312106609344482 0.1968398094177246 51550 0
0.5273342132568359 0.1409003734588623 50542 0
0.5336349010467529 0.13295960426330566 49933 0
0.5204582214355469 0.1445472240447998 49882 0
0.5196850299835205 0.17782163619995117 49893 0
0.5001475811004639 0.1823582649230957 50385 0
0.5043485164642334 0.17987418174743652 50354 0
0.48796534538269043 0.16597414016723633 50270 0
0.5103225708007812 0.12772440910339355 49820 0
0.5307459831237793 0.13240742683410645 51755 0
0.5488085746765137 0.17028474807739258 51762 0
0.5215167999267578 0.19240164756774902 51621 0
0.520305871963501 0.18278908729553223 50744 0
0.5139846801757812 0.20898652076721191 51735 0
0.5486724376678467 0.1270155906677246 50384 0
0.520514726638794 0.17997407913208008 50836 0
0.5166816711425781 0.13631582260131836 49353 0
0.5174572467803955 0.15230870246887207 49977 0
0.5282912254333496 0.1280200481414795 49739 0
0.5113956928253174 0.19430208206176758 51319 0
0.5100953578948975 0.19008111953735352 51263 0
0.5265467166900635 0.1470332145690918 49747 0
0.5137283802032471 0.13134002685546875 49322 0
0.5155878067016602 0.1431896686553955 50182 0
0.5186161994934082 0.14641499519348145 50108 0
0.4931633472442627 0.1327342987060547 49597 0
0.5379130840301514 0.17818212509155273 49789 0
0.5231809616088867 0.1844024658203125 49601 0
0.522662878036499 0.19497251510620117 48872 0
0.5149581432342529 0.16525983810424805 49613 0
0.5439848899841309 0.15595006942749023 50601 0
0.5303628444671631 0.15195393562316895 49768 0
0.508455753326416 0.13509702682495117 50588 0
0.4999690055847168 0.1543424129486084 50641 0
0.5483231544494629 0.13261818885803223 50516 0
0.5218489170074463 0.1597132682800293 50582 0
0.5193817615509033 0.13404154777526855 49721 0
0.507390022277832 0.15487289428710938 49278 0
0.5071151256561279 0.1903526782989502 49688 0
0.5184047222137451 0.13781023025512695 49338 0
0.5413572788238525 0.1574866771697998 50359 0
0.536759614944458 0.17834806442260742 50681 0
0.5124697685241699 0.1839900016784668 49990 0
0.522432804107666 0.14958739280700684 50612 0
0.5065767765045166 0.16170811653137207 50258 0
0.5224854946136475 0.14119791984558105 51788 0
0.5371367931365967 0.19446206092834473 51160 0
0.5125141143798828 0.16745638847351074 50537 0
0.5098552703857422 0.22984600067138672 51003 0
0.5261731147766113 0.13797736167907715 51371 0
0.5185339450836182 0.17725539207458496 50930 0
0.5308957099914551 0.13400936126708984 50960 0
0.5197267532348633 0.13467621803283691 50244 0
0.5198166370391846 0.20238637924194336 51004 0
0.5241286754608154 0.14783716201782227 48609 0
0.531426191329956 0.15059280395507812 52489 0
0.5072550773620605 0.18737483024597168 52839 0
0.5355937480926514 0.15669846534729004 51972 0
0.5125362873077393 0.22942781448364258 51708 0
0.5258603096008301 0.1804189682006836 53430 0
0.5265181064605713 0.1249079704284668 53145 0
0.532707691192627 0.16548848152160645 53561 0
0.550222635269165 0.14464402198791504 53230 0
0.5419762134552002 0.14342188835144043 53244 0
0.539055585861206 0.1643061637878418 47533 0
0.5028796195983887 0.22017526626586914 46145 0
0.5084488391876221 0.1393280029296875 51813 0
0.5103476047515869 0.18805408477783203 54863 0
0.5207996368408203 0.18120312690734863 49880 0
0.5129945278167725 0.15741539001464844 51849 0
0.49593520164489746 0.15795421600341797 48384 0
0.5054688453674316 0.13845443725585938 48597 0
0.5131657123565674 0.15482211112976074 48616 0
0.5078215599060059 0.15587806701660156 50602 0
0.5207674503326416 0.1470775604248047 50270 0
0.5341939926147461 0.18455171585083008 49704 0
0.5259745121002197 0.14261984825134277 52210 0
0.4973278045654297 0.13764739036560059 52148 0
0.5567991733551025 0.14345288276672363 46139 0
0.5020506381988525 0.20629262924194336 52457 0
0.5568220615386963 0.12660932540893555 51013 0
0.5318841934204102 0.144287109375 50820 0
0.533191442489624 0.14815998077392578 52913 0
0.5361661911010742 0.14426732063293457 53267 0
0.5199446678161621 0.13495135307312012 47456 0
0.5208921432495117 0.14438199996948242 53762 0
0.5146341323852539 0.1677570343017578 53913 0
0.5045638084411621 0.2120504379272461 54428 0
0.5127427577972412 0.17079687118530273 53340 0
0.513831615447998 0.21609139442443848 54846 0
0.5350534915924072 0.14762282371520996 54790 0
0.5164058208465576 0.15775227546691895 54944 0
0.5296754837036133 0.13898253440856934 53341 0
0.5261693000793457 0.1560497283935547 54709 0
0.5172369480133057 0.13882994651794434 56169 0
0.5101273059844971 0.18058109283447266 55134 0
0.5126087665557861 0.16938042640686035 54765 0
0.5310890674591064 0.1599280834197998 53849 0
0.5105161666870117 0.15254878997802734 52871 0
0.51625657081604 0.15329504013061523 53886 0
0.5147354602813721 0.18297696113586426 53497 0
0.5206649303436279 0.1684720516204834 53182 0
0.5189774036407471 0.15324640274047852 53519 0
0.528449296951294 0.13412880897521973 53541 0
0.520756721496582 0.21658039093017578 53732 0
0.5111582279205322 0.21303319931030273 52850 0
0.5162074565887451 0.14456939697265625 54730 0
0.5050389766693115 0.14254426956176758 55709 0
0.5271899700164795 0.1622142791748047 48607 0
0.5083868503570557 0.15532541275024414 54751 0
0.5199756622314453 0.17636346817016602 52077 0
0.5381193161010742 0.14037346839904785 52748 0
0.5252833366394043 0.12560248374938965 54255 0
0.5285251140594482 0.15576887130737305 54487 0
0.5097649097442627 0.18784189224243164 50131 0
0.5130760669708252 0.17711472511291504 55171 0
0.5154078006744385 0.21065115928649902 54201 0
0.5030350685119629 0.1580674648284912 54756 0
0.5160322189331055 0.19081330299377441 54064 0
0.5179202556610107 0.1519014835357666 53867 0
0.5497636795043945 0.1943504810333252 54355 0
0.5130660533905029 0.149489164352417 54587 0
0.5233500003814697 0.17836213111877441 55951 0
0.5424332618713379 0.1387035846710205 56095 0
0.5276916027069092 0.1904587745666504 56311 0
0.5341603755950928 0.13877606391906738 56569 0
0.5164837837219238 0.19093537330627441 55618 0
0.5316028594970703 0.1356520652770996 56902 0
0.5139684677124023 0.16235113143920898 55048 0
0.520932674407959 0.13424110412597656 55189 0
0.5273361206054688 0.13181161880493164 54460 0
0.5277986526489258 0.12793421745300293 54036 0
0.534815788269043 0.18047380447387695 55731 0
0.47892069816589355 0.16439461708068848 55908 0
0.5127828121185303 0.15852665901184082 55050 0
0.48197221755981445 0.14964056015014648 53759 0
0.5315756797790527 0.12795352935791016 55710 0
0.5293583869934082 0.18736052513122559 57390 0
0.5403869152069092 0.1898365020751953 50077 0
0.5184612274169922 0.20863866806030273 56471 0
0.5153539180755615 0.2082207202911377 56001 0
0.5373952388763428 0.16076898574829102 54305 0
0.535658597946167 0.1961658000946045 57184 0
0.5240902900695801 0.16149473190307617 56974 0
0.5079660415649414 0.1438295841217041 54229 0
0.5184962749481201 0.14218544960021973 58587 0
0.5240437984466553 0.1640913486480713 57060 0
0.5337722301483154 0.15589690208435059 57718 0
0.50657057762146 0.1888563632965088 56440 0
0.559267520904541 0.14344191551208496 54342 0
0.531123161315918 0.18468165397644043 54688 0
0.48903536796569824 0.1394977569580078 52957 0
0.5108649730682373 0.13750839233398438 53524 0
0.5312330722808838 0.14987564086914062 53657 0
0.537973165512085 0.14702820777893066 53234 0
0.5464274883270264 0.12057137489318848 53455 0
0.5246250629425049 0.1727912425994873 52952 0
0.5036025047302246 0.14357280731201172 52254 0
0.5111491680145264 0.21154427528381348 52508 0
0.5350749492645264 0.19036078453063965 52144 0
0.5213193893432617 0.1833794116973877 53432 0
0.533717155456543 0.15561127662658691 53484 0
0.5261285305023193 0.14750266075134277 53591 0
0.5149106979370117 0.17796969413757324 52441 0
0.5404317378997803 0.1835947036743164 52433 0
0.5150079727172852 0.14763975143432617 54012 0
0.5061066150665283 0.1237800121307373 52802 0
0.5064754486083984 0.1646440029144287 52317 0
0.5230417251586914 0.1476144790649414 52496 0
0.5333304405212402 0.11927366256713867 50626 0
0.497692346572876 0.1369950771331787 51164 0
0.5062158107757568 0.21170306205749512 51914 0
0.5196413993835449 0.15758919715881348 52844 0
0.5115311145782471 0.19777488708496094 53028 0
0.5097143650054932 0.21950411796569824 53066 0
0.5147955417633057 0.14240550994873047 52281 0
0.5184309482574463 0.1629621982574463 53538 0
0.5196750164031982 0.19583940505981445 53211 0
