0.48867034912109375 0.12641620635986328 167129 0
0.5013406276702881 0.18921303749084473 166913 0
0.4794800281524658 0.14670634269714355 169371 0
0.4837503433227539 0.13237953186035156 167705 0
0.5032455921173096 0.14667129516601562 169671 0
0.49143123626708984 0.13415288925170898 170480 0
0.4869518280029297 0.13686323165893555 172011 0
0.4796469211578369 0.13259100914001465 170122 0
0.48301100730895996 0.1457362174987793 169699 0
0.5065550804138184 0.14200115203857422 169948 0
0.4891176223754883 0.1739363670349121 167483 0
0.4802215099334717 0.15630531311035156 164742 0
0.4850633144378662 0.13619184494018555 169773 0
0.4564492702484131 0.1293199062347412 165793 0
0.47588419914245605 0.13690710067749023 151343 0
0.4671359062194824 0.21493148803710938 164867 0
0.48879003524780273 0.14588713645935059 161988 0
0.48291826248168945 0.17330598831176758 160937 0
0.47620630264282227 0.15990304946899414 156297 0
0.4975392818450928 0.14601445198059082 162215 0
0.48741912841796875 0.13067317008972168 161755 0
0.4977457523345947 0.17086243629455566 160421 0
0.4694249629974365 0.13251113891601562 163974 0
0.4680190086364746 0.17841410636901855 167447 0
0.4846761226654053 0.15999245643615723 167845 0
0.48254919052124023 0.1645364761352539 167063 0
0.48749494552612305 0.14246845245361328 158914 0
0.500410795211792 0.1413421630859375 165863 0
0.4726102352142334 0.18129324913024902 166460 0
0.4587068557739258 0.11960339546203613 162029 0
0.4769113063812256 0.19884467124938965 166100 0
0.48586463928222656 0.1389932632446289 167263 0
0.4828627109527588 0.18010163307189941 163497 0
0.49047160148620605 0.15612316131591797 165352 0
0.47154998779296875 0.1376481056213379 158664 0
0.4844210147857666 0.14039182662963867 166682 0
0.48996734619140625 0.13334321975708008 172686 0
0.474790096282959 0.12855863571166992 169499 0
0.48014163970947266 0.13882827758789062 171809 0
0.5229330062866211 0.13354063034057617 167524 0
0.4842548370361328 0.17557644844055176 160717 0
0.49265193939208984 0.17473626136779785 164512 0
0.5087251663208008 0.14647555351257324 167976 0
0.4825422763824463 0.21524524688720703 167991 0
0.4794750213623047 0.14454984664916992 155471 0
0.4740941524505615 0.15294933319091797 167010 0
0.4762904644012451 0.22574758529663086 169764 0
0.46695709228515625 0.17183566093444824 168283 0
0.4736659526824951 0.13752198219299316 170113 0
0.49745869636535645 0.15826654434204102 168027 0
0.4998304843902588 0.14522910118103027 169139 0
0.4737076759338379 0.17280054092407227 170641 0
0.4697079658508301 0.14690685272216797 170038 0
0.4828929901123047 0.15043878555297852 171688 0
0.4747645854949951 0.18671679496765137 171146 0
0.44293928146362305 0.12394118309020996 171581 0
0.5063772201538086 0.18839597702026367 174070 0
0.5021204948425293 0.16946697235107422 173479 0
0.478513240814209 0.1981673240661621 173358 0
0.4982476234436035 0.13756585121154785 174100 0
0.4741365909576416 0.13902902603149414 172165 0
0.5199606418609619 0.1529541015625 172380 0
0.4973182678222656 0.1671159267425537 171851 0
0.49120092391967773 0.17367959022521973 170314 0
0.4850151538848877 0.21146774291992188 168299 0
0.515350341796875 0.12409162521362305 171681 0
0.480271577835083 0.13393640518188477 171205 0
0.5049841403961182 0.1585710048675537 172120 0
0.48668551445007324 0.14220166206359863 170409 0
0.5013034343719482 0.12433862686157227 170080 0
0.4905974864959717 0.1676158905029297 167841 0
0.46242380142211914 0.14255738258361816 166676 0
0.4915926456451416 0.14768004417419434 169593 0
0.4971463680267334 0.14525675773620605 167891 0
0.47758913040161133 0.1914050579071045 152751 0
0.4767575263977051 0.19810175895690918 169982 0
0.4798552989959717 0.12956500053405762 168640 0
0.49041056632995605 0.1426393985748291 165167 0
0.48328280448913574 0.2033710479736328 166998 0
0.49565577507019043 0.15365266799926758 166381 0
0.49782824516296387 0.1359090805053711 169122 0
0.47980594635009766 0.14515161514282227 170337 0
0.4876279830932617 0.14952349662780762 167751 0
0.4283108711242676 0.18152165412902832 167663 0
0.4850461483001709 0.14517712593078613 170074 0
0.5028784275054932 0.16457486152648926 168938 0
0.47687196731567383 0.13745951652526855 164329 0
0.4764277935028076 0.12953472137451172 170227 0
0.46849942207336426 0.1454017162322998 169432 0
0.4938392639160156 0.1309201717376709 170598 0
0.4679081439971924 0.13458991050720215 168990 0
0.49095773696899414 0.13216924667358398 168425 0
0.46233248710632324 0.17080307006835938 169604 0
0.4908020496368408 0.13092947006225586 164660 0
0.49114036560058594 0.16941165924072266 168905 0
0.48332810401916504 0.1456739902496338 169299 0
0.48142290115356445 0.14872097969055176 152637 0
0.47457146644592285 0.14586448669433594 169571 0
0.4763953685760498 0.1413741111755371 169635 0
0.48284387588500977 0.14385390281677246 164564 0
0.4821815490722656 0.16298198699951172 165262 0
0.49712204933166504 0.1933908462524414 168530 0
0.4801630973815918 0.1539597511291504 168400 0
0.48154401779174805 0.13414382934570312 171824 0
0.4676978588104248 0.1509861946105957 171346 0
0.4761044979095459 0.2022995948791504 170444 0
0.4868643283843994 0.12720990180969238 169918 0
0.4944486618041992 0.13841533660888672 172716 0
0.4812602996826172 0.13461995124816895 170516 0
0.4823424816131592 0.14088153839111328 170772 0
0.48711347579956055 0.13718771934509277 170797 0
0.4803757667541504 0.19572162628173828 169671 0
0.47409653663635254 0.15090274810791016 169244 0
0.4878726005554199 0.14692091941833496 170399 0
0.4857347011566162 0.136094331741333 165877 0
0.4725801944732666 0.16886186599731445 168874 0
0.4685673713684082 0.13573837280273438 159066 0
0.4696226119995117 0.1359879970550537 169122 0
0.4991152286529541 0.13731789588928223 168345 0
0.44647216796875 0.14299726486206055 169647 0
0.4758782386779785 0.1914534568786621 165941 0
0.4708993434906006 0.20033836364746094 167970 0
0.48734259605407715 0.13306975364685059 166944 0
0.48777341842651367 0.16330170631408691 163646 0
0.48478174209594727 0.12440133094787598 166985 0
0.49796223640441895 0.142791748046875 168040 0
0.4791526794433594 0.16701054573059082 151965 0
0.49889612197875977 0.18507909774780273 164217 0
0.49678874015808105 0.1369493007659912 155550 0
0.49970197677612305 0.1866452693939209 156625 0
0.4778726100921631 0.14923882484436035 159806 0
0.4770529270172119 0.15471124649047852 161266 0
0.4872713088989258 0.15159153938293457 157422 0
0.48024630546569824 0.13337254524230957 161210 0
0.46646928787231445 0.14187383651733398 164338 0
0.4931831359863281 0.14729809761047363 167273 0
0.5043792724609375 0.17114543914794922 165941 0
0.4814631938934326 0.13933944702148438 166559 0
0.4843299388885498 0.13758301734924316 163877 0
0.5033969879150391 0.16992926597595215 165742 0
0.4759819507598877 0.15893769264221191 167842 0
0.5011653900146484 0.17535614967346191 167974 0
0.4959549903869629 0.1735396385192871 165265 0
0.4775967597961426 0.15540504455566406 166290 0
0.47844481468200684 0.18161416053771973 165261 0
0.4979705810546875 0.12895441055297852 170452 0
0.48066163063049316 0.13912725448608398 168610 0
0.48047590255737305 0.14834117889404297 166005 0
0.47606444358825684 0.1355752944946289 162611 0
0.4469888210296631 0.14680099487304688 162789 0
0.47908782958984375 0.1324758529663086 167251 0
0.5242798328399658 0.13324189186096191 173124 0
0.5000109672546387 0.15004873275756836 172135 0
0.49795055389404297 0.13302969932556152 169001 0
0.49362897872924805 0.1912670135498047 170892 0
0.48650622367858887 0.1658022403717041 167826 0
0.4522674083709717 0.13654613494873047 150457 0
0.4752230644226074 0.14498066902160645 163984 0
0.48749470710754395 0.17898106575012207 166380 0
0.4733610153198242 0.1549694538116455 157436 0
0.4611551761627197 0.13444852828979492 158152 0
0.47374796867370605 0.16495943069458008 160686 0
0.46494603157043457 0.12671923637390137 159486 0
0.4827854633331299 0.13790154457092285 161823 0
0.5010857582092285 0.1683635711669922 167799 0
0.47016477584838867 0.14218592643737793 164226 0
0.46693968772888184 0.14356398582458496 162998 0
0.47970128059387207 0.14449310302734375 170052 0
0.5102341175079346 0.14609718322753906 166783 0
0.5046205520629883 0.14786648750305176 173038 0
0.47939324378967285 0.19780421257019043 167993 0
0.4648909568786621 0.14890027046203613 170413 0
0.4829223155975342 0.13680028915405273 170994 0
0.4739832878112793 0.12582612037658691 172904 0
0.4830949306488037 0.13136029243469238 172293 0
0.4936506748199463 0.1557462215423584 173827 0
0.49062252044677734 0.14342880249023438 167355 0
0.44739651679992676 0.1364302635192871 174198 0
0.48389720916748047 0.14045023918151855 175935 0
0.48685789108276367 0.1378014087677002 176223 0
0.4709494113922119 0.14209961891174316 173246 0
0.47835874557495117 0.1951305866241455 171730 0
0.46639108657836914 0.1938629150390625 174294 0
0.4779961109161377 0.17117929458618164 168265 0
0.49071478843688965 0.15694141387939453 173621 0
0.5001299381256104 0.17823004722595215 172177 0
0.4772768020629883 0.1397559642791748 157609 0
0.47534656524658203 0.1620955467224121 174283 0
0.4614725112915039 0.16560578346252441 174898 0
0.4919416904449463 0.13903379440307617 169777 0
0.48371100425720215 0.14655542373657227 171691 0
0.49868297576904297 0.16271424293518066 173688 0
0.4775218963623047 0.12758898735046387 173775 0
0.47231268882751465 0.19019842147827148 175103 0
0.4952571392059326 0.19658398628234863 174465 0
0.45946240425109863 0.13902688026428223 174087 0
0.5073156356811523 0.1963050365447998 174104 0
0.5044763088226318 0.1686992645263672 175167 0
0.5101807117462158 0.1881270408630371 173769 0
0.47710275650024414 0.1218099594116211 172492 0
0.4817826747894287 0.14289426803588867 168377 0
0.4772458076477051 0.17992019653320312 157152 0
0.4893515110015869 0.1629781723022461 154252 0
0.45878052711486816 0.14150738716125488 156730 0
0.4655029773712158 0.1850583553314209 155149 0
0.4610757827758789 0.1544034481048584 156701 0
0.46631765365600586 0.14355921745300293 156376 0
0.46049928665161133 0.15513992309570312 157457 0
0.4708566665649414 0.17762541770935059 160525 0
0.47121739387512207 0.18923163414001465 158982 0
0.47257113456726074 0.16884374618530273 156551 0
0.474437952041626 0.13831186294555664 157882 0
0.4903285503387451 0.12630081176757812 158126 0
0.45711612701416016 0.20969390869140625 155744 0
0.48985934257507324 0.13779640197753906 155432 0
0.4872019290924072 0.1427323818206787 155231 0
0.4826626777648926 0.13619780540466309 154468 0
0.46857309341430664 0.1458265781402588 148283 0
0.4699878692626953 0.1813039779663086 154936 0
0.4795095920562744 0.14460468292236328 156839 0
0.4751427173614502 0.1561269760131836 156716 0
0.4839789867401123 0.145155668258667 157086 0
0.5054092407226562 0.1344304084777832 157550 0
0.4877133369445801 0.1275632381439209 158541 0
0.4905204772949219 0.12526512145996094 157656 0
0.48264312744140625 0.14417815208435059 156561 0
0.48732662200927734 0.15352272987365723 156047 0
0.4707815647125244 0.1416945457458496 157112 0
0.458848237991333 0.1237034797668457 156668 0
0.479611873626709 0.17873120307922363 156384 0
0.473468542098999 0.18124961853027344 156035 0
0.475189208984375 0.15422916412353516 155334 0
0.468219518661499 0.18546676635742188 155776 0
0.47791552543640137 0.16264700889587402 156693 0
0.4929928779602051 0.1345980167388916 157464 0
0.48037147521972656 0.16334152221679688 156905 0
0.48719310760498047 0.14200758934020996 157456 0
0.47598695755004883 0.13338994979858398 157171 0
0.47294020652770996 0.12697887420654297 156592 0
0.4882512092590332 0.1454319953918457 156620 0
0.501065731048584 0.13201427459716797 155455 0
0.49433374404907227 0.17299842834472656 156063 0
0.4409370422363281 0.16513895988464355 156652 0
0.4717738628387451 0.16141176223754883 156679 0
0.46894359588623047 0.1304166316986084 156628 0
0.47556352615356445 0.16357803344726562 155794 0
0.46925997734069824 0.13601469993591309 156119 0
0.4593350887298584 0.14377379417419434 146870 0
0.47466158866882324 0.15777325630187988 156553 0
0.46317267417907715 0.1498401165008545 157551 0
0.4796180725097656 0.1446237564086914 157759 0
0.4747428894042969 0.20789861679077148 157575 0
0.4716503620147705 0.13822078704833984 157579 0
0.4836406707763672 0.14327335357666016 158013 0
0.4647228717803955 0.16077804565429688 158378 0
0.4767463207244873 0.14094948768615723 157870 0
0.464813232421875 0.18095993995666504 158362 0
0.5015304088592529 0.18865418434143066 157507 0
0.47478723526000977 0.13270044326782227 157283 0
0.46643662452697754 0.16558074951171875 156439 0
0.4789104461669922 0.15202975273132324 156690 0
0.48416924476623535 0.15710973739624023 157539 0
0.48558974266052246 0.1847667694091797 158673 0
0.4778454303741455 0.1879265308380127 157258 0
0.488006591796875 0.12845754623413086 158844 0
0.47772765159606934 0.15978217124938965 159586 0
0.4741544723510742 0.181992769241333 159529 0
0.47842884063720703 0.14497637748718262 158865 0
0.4529862403869629 0.13416218757629395 159606 0
0.46631526947021484 0.15114474296569824 160968 0
0.49699854850769043 0.13109302520751953 157754 0
0.5037662982940674 0.1431746482849121 158433 0
0.47284913063049316 0.20472073554992676 159069 0
0.48763036727905273 0.12469649314880371 164389 0
0.4825437068939209 0.13370418548583984 163765 0
0.45197415351867676 0.13331222534179688 159113 0
0.4906039237976074 0.15641140937805176 171361 0
0.4830455780029297 0.13713359832763672 165637 0
0.4925694465637207 0.14589524269104004 170290 0
0.4983203411102295 0.14165782928466797 166848 0
0.5004847049713135 0.18576264381408691 163968 0
0.4983057975769043 0.21277189254760742 164775 0
0.5027751922607422 0.14296793937683105 164661 0
0.48435020446777344 0.12932395935058594 163841 0
0.4809730052947998 0.15661907196044922 162814 0
0.46273279190063477 0.1589052677154541 161970 0
0.48584794998168945 0.1922457218170166 157241 0
0.4776291847229004 0.1724395751953125 157284 0
0.4739351272583008 0.13324570655822754 153040 0
0.46691036224365234 0.20212006568908691 155205 0
0.4860100746154785 0.13620567321777344 156188 0
0.48995065689086914 0.14649629592895508 154834 0
0.494950532913208 0.12733888626098633 154656 0
0.4949684143066406 0.13287043571472168 154525 0
0.486314058303833 0.14814257621765137 154398 0
0.4968430995941162 0.1300811767578125 154723 0
0.4601442813873291 0.17795038223266602 155984 0
0.457763671875 0.14692449569702148 155513 0
0.4681565761566162 0.13996410369873047 157594 0
0.4984884262084961 0.1504976749420166 145199 0
0.4853191375732422 0.15160179138183594 157694 0
0.4819042682647705 0.15024209022521973 158260 0
0.4750368595123291 0.1431715488433838 155953 0
0.4947526454925537 0.16544556617736816 157947 0
0.47252559661865234 0.1925952434539795 158320 0
0.47127556800842285 0.1350235939025879 157147 0
0.48107147216796875 0.13532662391662598 158931 0
0.4812157154083252 0.13016343116760254 157394 0
0.4792592525482178 0.13092517852783203 158058 0
0.5006380081176758 0.1307671070098877 156573 0
0.4915485382080078 0.1283245086669922 154926 0
0.4785640239715576 0.19005441665649414 155465 0
0.45711302757263184 0.14557123184204102 155494 0
0.4761340618133545 0.1302170753479004 158213 0
0.48154592514038086 0.16042685508728027 157584 0
0.4666709899902344 0.15050339698791504 158717 0
0.46317195892333984 0.1672968864440918 156634 0
0.47687649726867676 0.14253568649291992 155438 0
0.4858560562133789 0.15031981468200684 156292 0
0.47346067428588867 0.13663458824157715 156233 0
0.4895365238189697 0.18183255195617676 155469 0
0.49828314781188965 0.1400279998779297 156889 0
0.49787092208862305 0.1368091106414795 156347 0
0.47321009635925293 0.1377103328704834 156796 0
0.4776129722595215 0.1366870403289795 156846 0
0.4803352355957031 0.1374959945678711 155585 0
0.47110962867736816 0.13816308975219727 153833 0
0.4969775676727295 0.1577301025390625 157445 0
0.4753282070159912 0.15041804313659668 158791 0
0.46463441848754883 0.13872194290161133 145592 0
0.4990227222442627 0.13945555686950684 157182 0
0.49178123474121094 0.13607430458068848 159546 0
0.48379015922546387 0.17629575729370117 154862 0
0.4684302806854248 0.14174675941467285 160448 0
0.47795867919921875 0.14425277709960938 159336 0
0.4700138568878174 0.1736750602722168 158544 0
0.4693746566772461 0.12089729309082031 160216 0
0.48844242095947266 0.1564350128173828 161204 0
0.4941232204437256 0.14557290077209473 159815 0
0.5064961910247803 0.13671302795410156 160030 0
0.47753286361694336 0.21468567848205566 157916 0
0.4747183322906494 0.1483447551727295 159365 0
0.48017096519470215 0.15079903602600098 159203 0
0.47759246826171875 0.16920685768127441 159466 0
0.4693882465362549 0.1791391372680664 160115 0
0.48436498641967773 0.14740920066833496 161584 0
0.4702796936035156 0.16161870956420898 162008 0
0.47507739067077637 0.20473933219909668 160982 0
0.49999070167541504 0.13649249076843262 161334 0
0.4919743537902832 0.14291071891784668 160757 0
0.47405505180358887 0.19699978828430176 159888 0
0.4843881130218506 0.1312274932861328 159451 0
0.4749166965484619 0.2154674530029297 157928 0
0.46497082710266113 0.13918590545654297 160083 0
0.4914522171020508 0.14669346809387207 159043 0
0.4990549087524414 0.15848970413208008 158431 0
0.4794936180114746 0.1978302001953125 157198 0
0.47327375411987305 0.14061594009399414 159937 0
0.47345995903015137 0.15796923637390137 159219 0
0.46970295906066895 0.1304330825805664 143860 0
0.47046685218811035 0.1407604217529297 155991 0
0.47737932205200195 0.1706075668334961 157309 0
0.464099645614624 0.13757038116455078 153635 0
0.4961681365966797 0.1395273208618164 159033 0
0.4998319149017334 0.14377880096435547 160319 0
0.46880197525024414 0.12699294090270996 149763 0
0.480485200881958 0.13805794715881348 142522 0
0.45838475227355957 0.12440919876098633 157722 0
0.4782280921936035 0.14189505577087402 159515 0
0.4681553840637207 0.16554760932922363 161644 0
0.482799768447876 0.14361929893493652 158906 0
0.4743320941925049 0.13675141334533691 159293 0
0.4731712341308594 0.18896079063415527 161035 0
0.48856592178344727 0.1490638256072998 159674 0
0.4727663993835449 0.15471363067626953 159819 0
0.4575173854827881 0.1394336223602295 146167 0
0.46051955223083496 0.16001129150390625 144205 0
0.479081392288208 0.13210272789001465 159151 0
0.48058247566223145 0.14911699295043945 158816 0
0.47086048126220703 0.16763830184936523 156532 0
0.4867126941680908 0.13896822929382324 156976 0
0.5029289722442627 0.16272735595703125 156660 0
0.4759385585784912 0.18575716018676758 158758 0
0.509101390838623 0.1455075740814209 158976 0
0.48001766204833984 0.16693925857543945 157771 0
0.47959113121032715 0.14066505432128906 157442 0
0.46418094635009766 0.13572168350219727 154689 0
0.45949482917785645 0.1440448760986328 157116 0
0.4870460033416748 0.15240693092346191 158009 0
0.4610297679901123 0.14603090286254883 149592 0
0.49973440170288086 0.13020038604736328 156103 0
0.480618953704834 0.12792038917541504 157887 0
0.4802265167236328 0.1306757926940918 155728 0
0.48941898345947266 0.14200210571289062 158117 0
0.4828829765319824 0.20198440551757812 156798 0
0.4921267032623291 0.1644289493560791 157293 0
0.47395992279052734 0.1877882480621338 154810 0
0.48227834701538086 0.14616703987121582 155983 0
0.4632747173309326 0.19187450408935547 154049 0
0.4838120937347412 0.14339709281921387 153386 0
0.4621739387512207 0.14957714080810547 148472 0
0.5078518390655518 0.13898277282714844 148861 0
0.4816279411315918 0.18280768394470215 149041 0
0.4738626480102539 0.1267693042755127 148418 0
0.48207831382751465 0.14440107345581055 150419 0
0.46716785430908203 0.1834266185760498 150071 0
0.48789429664611816 0.16013121604919434 148391 0
0.46880626678466797 0.15383696556091309 147616 0
0.47507309913635254 0.12889528274536133 149125 0
0.47606563568115234 0.18117070198059082 147094 0
0.4579472541809082 0.14116907119750977 136378 0
0.4753386974334717 0.16423892974853516 147064 0
0.4697253704071045 0.13750195503234863 145921 0
0.4996817111968994 0.15326642990112305 149798 0
0.4758157730102539 0.1403203010559082 145903 0
0.45314884185791016 0.1380016803741455 146761 0
0.4758110046386719 0.16943740844726562 147721 0
0.43917012214660645 0.23201513290405273 146305 0
0.47005200386047363 0.14419007301330566 146786 0
0.46735262870788574 0.11901044845581055 148390 0
0.4748237133026123 0.15510177612304688 147960 0
0.4917480945587158 0.14256691932678223 147895 0
0.4811105728149414 0.17998504638671875 148627 0
0.45193052291870117 0.19345736503601074 146434 0
0.4789750576019287 0.14303231239318848 147080 0
0.46384215354919434 0.1479170322418213 147653 0
0.468137264251709 0.20540404319763184 146406 0
0.4609858989715576 0.14365506172180176 146944 0
0.4763617515563965 0.1406691074371338 146475 0
0.4854567050933838 0.14181160926818848 144734 0
0.45853543281555176 0.1459059715270996 145537 0
0.4734344482421875 0.18364453315734863 146583 0
0.4607532024383545 0.14909887313842773 146182 0
0.45748472213745117 0.18564081192016602 146317 0
0.469667911529541 0.15045452117919922 148040 0
0.4532439708709717 0.14525127410888672 147658 0
0.47659921646118164 0.14365148544311523 148031 0
0.47545576095581055 0.14133858680725098 145099 0
0.4818897247314453 0.14084458351135254 145632 0
0.4965035915374756 0.1355593204498291 145724 0
0.4544856548309326 0.17070317268371582 134417 0
0.4967646598815918 0.12084794044494629 145742 0
0.4718458652496338 0.1371619701385498 146442 0
0.48827648162841797 0.14454102516174316 148700 0
0.480457067489624 0.1978316307067871 145897 0
0.45696330070495605 0.2059633731842041 146757 0
0.4554924964904785 0.15031909942626953 148191 0
0.49213480949401855 0.1360163688659668 147646 0
0.4725985527038574 0.1880805492401123 147339 0
0.47420310974121094 0.1714494228363037 150126 0
0.4678993225097656 0.17969894409179688 148044 0
0.48310041427612305 0.15559101104736328 148085 0
0.4617776870727539 0.17513751983642578 149124 0
0.4658069610595703 0.18308472633361816 147797 0
0.46738648414611816 0.1744375228881836 146929 0
0.475893497467041 0.1725015640258789 148214 0
0.4818885326385498 0.12995529174804688 146804 0
0.4837315082550049 0.12651491165161133 146082 0
0.4908897876739502 0.12930727005004883 147919 0
0.4407618045806885 0.12206172943115234 147787 0
0.4960474967956543 0.14589190483093262 148362 0
0.46415162086486816 0.1398317813873291 150778 0
0.47457122802734375 0.15976428985595703 148370 0
0.47256946563720703 0.16130614280700684 149502 0
0.4779813289642334 0.15153861045837402 149772 0
0.42646145820617676 0.1394634246826172 149443 0
0.4969351291656494 0.11908316612243652 148892 0
0.4719583988189697 0.13664746284484863 147496 0
0.4443809986114502 0.13798952102661133 149281 0
0.49929070472717285 0.1688234806060791 149225 0
0.45434999465942383 0.17247390747070312 136067 0
0.4882485866546631 0.13270878791809082 147739 0
0.4554572105407715 0.13634514808654785 148556 0
0.46149349212646484 0.15766119956970215 149371 0
0.49479126930236816 0.13527774810791016 148720 0
0.4622664451599121 0.1348862648010254 150623 0
0.4754936695098877 0.16069746017456055 151635 0
0.4682810306549072 0.212158203125 150235 0
0.4770700931549072 0.12678050994873047 150528 0
0.4384949207305908 0.13199687004089355 150689 0
0.48820042610168457 0.12243461608886719 149653 0
0.4794459342956543 0.13965702056884766 150296 0
0.4957084655761719 0.1349794864654541 149029 0
0.47677135467529297 0.14054203033447266 147157 0
0.4710879325866699 0.15887808799743652 148560 0
0.49237942695617676 0.12201523780822754 148032 0
0.5068972110748291 0.1443192958831787 144661 0
0.4806942939758301 0.17798376083374023 144346 0
0.4640662670135498 0.15188860893249512 145652 0
0.49078917503356934 0.12177419662475586 146447 0
0.47733259201049805 0.170867919921875 145979 0
0.47983551025390625 0.13721585273742676 147890 0
0.4815244674682617 0.14626073837280273 148241 0
0.49060559272766113 0.12953400611877441 148274 0
0.47521090507507324 0.14181017875671387 148384 0
0.47180604934692383 0.1993122100830078 148244 0
0.4738767147064209 0.17144298553466797 144761 0
0.4770357608795166 0.1374223232269287 141174 0
0.4826395511627197 0.15307235717773438 142461 0
0.48317813873291016 0.14824724197387695 141832 0
0.4635140895843506 0.13915014266967773 130153 0
0.47410082817077637 0.14861845970153809 142719 0
0.47286224365234375 0.13960862159729004 142645 0
0.47557783126831055 0.14138197898864746 141479 0
0.4638533592224121 0.18316078186035156 139358 0
0.4935872554779053 0.12031292915344238 139957 0
0.4616200923919678 0.15325045585632324 144378 0
0.465592622756958 0.13786029815673828 141764 0
0.4595823287963867 0.13382554054260254 141856 0
0.4702925682067871 0.13659071922302246 140771 0
0.506788969039917 0.1810441017150879 139477 0
0.48605871200561523 0.13861608505249023 138475 0
0.45678234100341797 0.1442420482635498 138999 0
0.4582242965698242 0.13042616844177246 137354 0
0.4773530960083008 0.1360015869140625 136653 0
0.4657273292541504 0.14165163040161133 139140 0
0.4621608257293701 0.13336658477783203 138729 0
0.4596743583679199 0.13522863388061523 140734 0
0.4763774871826172 0.12556219100952148 142026 0
0.4353673458099365 0.14601469039916992 139300 0
0.4779171943664551 0.12853264808654785 138518 0
0.46297359466552734 0.19816088676452637 139833 0
0.48752546310424805 0.14208555221557617 139677 0
0.47038960456848145 0.14976954460144043 138786 0
0.4657297134399414 0.13526701927185059 138281 0
0.46762990951538086 0.16399002075195312 137990 0
0.4752790927886963 0.14312076568603516 137463 0
0.47578883171081543 0.12128663063049316 134309 0
0.4196655750274658 0.13538336753845215 138351 0
0.4844167232513428 0.1393744945526123 136214 0
0.46097660064697266 0.1482558250427246 124332 0
0.45319628715515137 0.19271206855773926 136088 0
0.4717590808868408 0.19298815727233887 138298 0
0.4580984115600586 0.13575291633605957 139086 0
0.47871899604797363 0.14058709144592285 137697 0
0.4826009273529053 0.13299059867858887 139294 0
0.4630105495452881 0.17612433433532715 137927 0
0.49257898330688477 0.1388263702392578 138375 0
0.47058725357055664 0.14315247535705566 139953 0
0.4806406497955322 0.18924283981323242 138817 0
0.467515230178833 0.13773608207702637 125259 0
0.4728226661682129 0.13814544677734375 138492 0
0.4801349639892578 0.13882231712341309 139415 0
0.484774112701416 0.140181303024292 139613 0
0.4461658000946045 0.13421225547790527 138740 0
0.49286627769470215 0.1458873748779297 140636 0
0.47405147552490234 0.14379405975341797 141484 0
0.4381585121154785 0.132828950881958 140824 0
0.4702749252319336 0.1510605812072754 144286 0
0.46695804595947266 0.13672590255737305 142426 0
0.4854257106781006 0.18622040748596191 143192 0
0.47916460037231445 0.1318190097808838 141325 0
0.4794173240661621 0.1394486427307129 142546 0
0.4885537624359131 0.1512303352355957 142752 0
0.49167871475219727 0.12091898918151855 143488 0
0.4877622127532959 0.14063692092895508 141394 0
0.4665360450744629 0.14054250717163086 137596 0
0.47596240043640137 0.14280009269714355 137793 0
0.44574809074401855 0.16305756568908691 143909 0
0.48209643363952637 0.14174890518188477 143613 0
0.4545021057128906 0.14275455474853516 145852 0
0.4938023090362549 0.14283156394958496 145125 0
0.4746532440185547 0.16620182991027832 142685 0
0.4932224750518799 0.18419313430786133 141587 0
0.5011510848999023 0.1965634822845459 143058 0
0.46390652656555176 0.1418755054473877 143592 0
0.47145795822143555 0.1834874153137207 142392 0
0.46582865715026855 0.14429807662963867 141914 0
0.4578361511230469 0.1405019760131836 142032 0
0.45281100273132324 0.18168973922729492 140457 0
0.4691898822784424 0.2133345603942871 143275 0
0.4700131416320801 0.16747140884399414 141537 0
0.4576430320739746 0.13173484802246094 141464 0
0.4790074825286865 0.15493464469909668 142931 0
0.43712878227233887 0.1455974578857422 141358 0
0.5031905174255371 0.13920998573303223 140311 0
0.4669203758239746 0.14319944381713867 136777 0
0.44750308990478516 0.12384581565856934 139277 0
0.45824265480041504 0.17229914665222168 137903 0
0.4662189483642578 0.13143420219421387 126916 0
0.46079301834106445 0.15325307846069336 139238 0
0.46756505966186523 0.14227771759033203 138859 0
0.4721345901489258 0.13064265251159668 140045 0
0.4702792167663574 0.13531804084777832 137575 0
0.48995280265808105 0.14683079719543457 138181 0
0.4694526195526123 0.20076942443847656 143252 0
0.4678323268890381 0.15231537818908691 142153 0
0.4804263114929199 0.1350877285003662 142376 0
0.4666264057159424 0.19716191291809082 142779 0
0.4540245532989502 0.15613937377929688 140430 0
0.4519472122192383 0.1595170497894287 141599 0
0.48360633850097656 0.14193964004516602 140775 0
0.4901571273803711 0.17366671562194824 139621 0
0.48320484161376953 0.18822264671325684 139858 0
0.47936296463012695 0.15889668464660645 140413 0
0.4841635227203369 0.1416792869567871 139603 0
0.48473501205444336 0.15947222709655762 141357 0
0.4939112663269043 0.13120055198669434 144090 0
0.4769442081451416 0.14941072463989258 141540 0
0.47138309478759766 0.2227320671081543 143633 0
0.4711308479309082 0.1444721221923828 143405 0
0.4549887180328369 0.15515637397766113 143342 0
0.4708373546600342 0.18389296531677246 142582 0
0.4637923240661621 0.14469313621520996 144625 0
0.4931156635284424 0.14443564414978027 158511 0
0.4805879592895508 0.13500571250915527 161296 0
0.48045897483825684 0.13922786712646484 162152 0
0.47484374046325684 0.14908218383789062 162841 0
0.46392321586608887 0.1785416603088379 163089 0
0.496063232421875 0.14667940139770508 162991 0
0.4883415699005127 0.14363551139831543 163760 0
0.41689062118530273 0.14677214622497559 161361 0
0.4814443588256836 0.1330397129058838 164234 0
0.47092700004577637 0.17037200927734375 162947 0
0.4734971523284912 0.14120173454284668 160467 0
0.5494155883789062 0.20214462280273438 163827 0
0.47688770294189453 0.1920335292816162 162871 0
0.4819364547729492 0.2033982276916504 162222 0
0.4963245391845703 0.14516830444335938 162549 0
0.47606468200683594 0.12837791442871094 162961 0
0.4932880401611328 0.15244269371032715 164000 0
0.47882938385009766 0.1371309757232666 162982 0
0.4731409549713135 0.19258356094360352 157891 0
0.46691107749938965 0.14756512641906738 163576 0
0.4694695472717285 0.14511871337890625 163325 0
0.4733858108520508 0.15929841995239258 163415 0
0.4978971481323242 0.15469980239868164 164482 0
0.47000908851623535 0.13959598541259766 163949 0
0.4955766201019287 0.14058160781860352 166642 0
0.4886441230773926 0.14071011543273926 163609 0
0.4928264617919922 0.14292383193969727 165519 0
0.5082035064697266 0.14449477195739746 165802 0
0.4600107669830322 0.14208221435546875 154171 0
0.4921844005584717 0.1304187774658203 164935 0
0.4888134002685547 0.1470355987548828 164119 0
0.4882493019104004 0.1417372226715088 165681 0
0.5119583606719971 0.1306159496307373 166094 0
0.4840726852416992 0.21928071975708008 168801 0
0.5021729469299316 0.18178868293762207 167918 0
0.47881460189819336 0.1438126564025879 168707 0
0.4825167655944824 0.189683198928833 168127 0
0.4838883876800537 0.2011427879333496 168580 0
0.4991617202758789 0.14341330528259277 163365 0
0.48478031158447266 0.13465428352355957 167778 0
0.4811365604400635 0.21361947059631348 166447 0
0.4993138313293457 0.1364123821258545 168271 0
0.474196195602417 0.13280296325683594 168932 0
0.46930360794067383 0.14247369766235352 168537 0
0.47176480293273926 0.16043567657470703 168136 0
0.47362542152404785 0.13921761512756348 170400 0
0.5018167495727539 0.21438360214233398 169088 0
0.4840879440307617 0.21409344673156738 169159 0
0.49947524070739746 0.1505107879638672 164160 0
0.4816415309906006 0.1293184757232666 169515 0
0.46256232261657715 0.1362287998199463 169288 0
0.48663973808288574 0.1332237720489502 170665 0
0.4875335693359375 0.14343786239624023 169772 0
0.5113296508789062 0.13082647323608398 169924 0
0.49395298957824707 0.13360309600830078 170790 0
0.516441822052002 0.12620210647583008 167329 0
0.49787020683288574 0.1514892578125 172238 0
0.4769132137298584 0.1990375518798828 174376 0
0.48894524574279785 0.13076567649841309 157970 0
0.48091816902160645 0.14269495010375977 171558 0
0.4943196773529053 0.16349577903747559 171011 0
0.4935879707336426 0.13811898231506348 170605 0
0.480135440826416 0.12777948379516602 174700 0
0.48658299446105957 0.17423057556152344 176877 0
0.4979124069213867 0.12499713897705078 171452 0
0.4904625415802002 0.1278238296508789 176704 0
0.5148038864135742 0.2581055164337158 176759 0
0.4670274257659912 0.13806843757629395 175816 0
0.4837369918823242 0.20436549186706543 176862 0
0.4745945930480957 0.1665642261505127 174429 0
0.4834463596343994 0.14318633079528809 171526 0
0.4785945415496826 0.2008664608001709 174467 0
0.47671937942504883 0.1431276798248291 175674 0
0.4782567024230957 0.15810298919677734 172773 0
0.4873781204223633 0.19293975830078125 174519 0
0.4909505844116211 0.1643826961517334 172884 0
0.49101901054382324 0.136091947555542 175285 0
0.49080848693847656 0.18625950813293457 174450 0
0.47371530532836914 0.15247488021850586 167245 0
0.4994494915008545 0.13701176643371582 171408 0
0.48528051376342773 0.13199901580810547 172280 0
0.5033543109893799 0.1333162784576416 172740 0
0.4713778495788574 0.1761164665222168 169321 0
0.47736358642578125 0.13987183570861816 170955 0
0.48260951042175293 0.14212322235107422 171642 0
0.48919105529785156 0.18060708045959473 167241 0
0.4967520236968994 0.1260848045349121 171726 0
0.5167191028594971 0.14135050773620605 172532 0
0.5096457004547119 0.14220333099365234 153215 0
0.49115610122680664 0.14467954635620117 167574 0
0.4806637763977051 0.20522379875183105 164303 0
0.49545788764953613 0.1425027847290039 163889 0
0.4194648265838623 0.132004976272583 167186 0
0.4081416130065918 0.1294705867767334 168390 0
0.4125821590423584 0.1253986358642578 165695 0
0.4825773239135742 0.15834474563598633 168033 0
0.4812808036804199 0.17628741264343262 167803 0
0.47322535514831543 0.14584970474243164 165148 0
0.47983264923095703 0.1396191120147705 163980 0
0.49236226081848145 0.1517176628112793 164882 0
0.4835319519042969 0.14635825157165527 158097 0
0.4813873767852783 0.14265942573547363 164040 0
0.5002336502075195 0.1478271484375 164928 0
0.4749565124511719 0.15641570091247559 162864 0
0.4786050319671631 0.13550353050231934 162952 0
0.48375821113586426 0.14491510391235352 162722 0
0.49623751640319824 0.17367863655090332 163496 0
0.4689934253692627 0.17899441719055176 162029 0
0.47985148429870605 0.15334367752075195 157692 0
0.5166580677032471 0.1457195281982422 162142 0
0.486696720123291 0.1445608139038086 165833 0
0.4853940010070801 0.1304776668548584 165843 0
0.4844484329223633 0.1734764575958252 164608 0
0.5072112083435059 0.12406086921691895 166447 0
0.49901771545410156 0.1445760726928711 166026 0
0.49605393409729004 0.15976881980895996 160081 0
0.48720240592956543 0.12815356254577637 162423 0
0.49726390838623047 0.14736199378967285 162182 0
0.49054408073425293 0.14203619956970215 148899 0
0.4724137783050537 0.1324763298034668 161961 0
0.4880378246307373 0.1373457908630371 158912 0
0.498776912689209 0.1605069637298584 159548 0
0.49787068367004395 0.13164639472961426 162587 0
0.4773740768432617 0.17343997955322266 162747 0
0.48140883445739746 0.13681268692016602 160939 0
0.4847846031188965 0.14722871780395508 164471 0
0.4552171230316162 0.14133667945861816 165451 0
0.5012607574462891 0.13849139213562012 164439 0
0.4451568126678467 0.1385641098022461 164502 0
0.4996633529663086 0.15529108047485352 165063 0
0.48189496994018555 0.1855628490447998 159963 0
0.490307092666626 0.15270400047302246 164787 0
0.4879744052886963 0.1437993049621582 165227 0
0.4826793670654297 0.15018630027770996 163571 0
0.49076223373413086 0.1972956657409668 163989 0
0.4811866283416748 0.15465235710144043 164326 0
0.4757688045501709 0.13037586212158203 163617 0
0.43488383293151855 0.15580058097839355 163581 0
0.4652063846588135 0.18018412590026855 158008 0
0.4769625663757324 0.17664647102355957 162949 0
0.4838593006134033 0.1420118808746338 162819 0
0.48136329650878906 0.13828372955322266 163581 0
0.4889979362487793 0.129042387008667 163715 0
0.49708127975463867 0.1595776081085205 162941 0
0.5036754608154297 0.13609933853149414 161907 0
0.47707271575927734 0.14744043350219727 159743 0
0.4789140224456787 0.16974401473999023 163012 0
0.49161410331726074 0.17841386795043945 162392 0
0.4767792224884033 0.139984130859375 145573 0
0.49163818359375 0.12952399253845215 160367 0
0.49443817138671875 0.1385807991027832 155894 0
0.47948503494262695 0.12075614929199219 157459 0
0.49053239822387695 0.18139934539794922 161028 0
0.5087106227874756 0.1473102569580078 161103 0
0.48487377166748047 0.19019770622253418 160365 0
0.48706746101379395 0.16823291778564453 162900 0
0.48172569274902344 0.17240142822265625 162598 0
0.4952056407928467 0.14382696151733398 162438 0
0.47259068489074707 0.15124201774597168 162376 0
0.478334903717041 0.13771772384643555 161816 0
0.49275970458984375 0.14370131492614746 155565 0
0.47475433349609375 0.1738429069519043 162734 0
0.46128153800964355 0.15013575553894043 162559 0
0.4911932945251465 0.15930461883544922 162027 0
0.4921994209289551 0.18990635871887207 161549 0
0.4849698543548584 0.1788032054901123 162561 0
0.5046029090881348 0.13524746894836426 162435 0
0.48803162574768066 0.19291043281555176 162337 0
0.4765918254852295 0.14208030700683594 154362 0
0.4863245487213135 0.21219754219055176 161937 0
0.4699075222015381 0.1454298496246338 162624 0
0.49496030807495117 0.16246390342712402 162454 0
0.4758033752441406 0.15218424797058105 162815 0
0.4890713691711426 0.14833784103393555 161371 0
0.47507786750793457 0.15269184112548828 160878 0
0.47333860397338867 0.12699007987976074 157157 0
0.4622824192047119 0.20317935943603516 161432 0
0.4682044982910156 0.1868271827697754 160863 0
0.479616641998291 0.12412691116333008 149823 0
0.49453020095825195 0.14290547370910645 160383 0
0.5111427307128906 0.14608073234558105 153096 0
0.4979550838470459 0.13027429580688477 159845 0
0.5069217681884766 0.14128565788269043 161362 0
0.47518348693847656 0.18365120887756348 161928 0
0.49681544303894043 0.13892674446105957 159429 0
0.4900174140930176 0.19219636917114258 162226 0
0.4882469177246094 0.1367626190185547 162415 0
0.47832369804382324 0.1707141399383545 161842 0
0.4815680980682373 0.19703292846679688 162874 0
0.48237180709838867 0.2510230541229248 161842 0
0.49539709091186523 0.14166927337646484 156858 0
0.48378467559814453 0.21323537826538086 162364 0
0.4668450355529785 0.13049054145812988 163197 0
0.4829998016357422 0.15521597862243652 162685 0
0.48256683349609375 0.13597321510314941 163733 0
0.4799654483795166 0.1315903663635254 162179 0
0.4946415424346924 0.12563467025756836 161566 0
0.46999073028564453 0.13229584693908691 162498 0
0.49629640579223633 0.13709020614624023 157130 0
0.47365403175354004 0.13754820823669434 160709 0
0.501568078994751 0.20831847190856934 169987 0
0.4697072505950928 0.21369338035583496 170009 0
0.4826216697692871 0.12836551666259766 169493 0
0.49828243255615234 0.1565077304840088 171171 0
0.47642016410827637 0.15216445922851562 172122 0
0.4766674041748047 0.1720263957977295 170779 0
0.5010764598846436 0.1629645824432373 171926 0
0.4772956371307373 0.1353015899658203 171302 0
0.489729642868042 0.13809514045715332 168897 0
0.46727657318115234 0.13598918914794922 171012 0
0.48598766326904297 0.1358945369720459 163760 0
0.4634377956390381 0.13633179664611816 166466 0
0.47475457191467285 0.1526343822479248 166738 0
0.4852890968322754 0.1867351531982422 167919 0
0.5017871856689453 0.1430826187133789 169980 0
0.48444342613220215 0.19834160804748535 168731 0
0.4710094928741455 0.15764379501342773 168813 0
0.4801011085510254 0.14387273788452148 169558 0
0.4895150661468506 0.14481687545776367 169889 0
0.505964994430542 0.17180371284484863 167801 0
0.48098111152648926 0.19609808921813965 167131 0
0.46728014945983887 0.16647100448608398 166253 0
0.469043493270874 0.16888046264648438 166946 0
0.46396422386169434 0.13953042030334473 167249 0
0.4678959846496582 0.13516974449157715 168831 0
0.48766398429870605 0.12794828414916992 168754 0
0.45742106437683105 0.14102888107299805 167555 0
0.5051169395446777 0.14992141723632812 171616 0
0.47969722747802734 0.17565155029296875 170722 0
0.5062074661254883 0.19075512886047363 169466 0
0.5104694366455078 0.1438143253326416 169501 0
0.4779343605041504 0.13062262535095215 171157 0
0.5006697177886963 0.18310046195983887 169140 0
0.46492862701416016 0.13735604286193848 169397 0
0.49477386474609375 0.14826488494873047 168092 0
0.49205756187438965 0.13124680519104004 169360 0
0.4846036434173584 0.1387484073638916 167381 0
0.4859747886657715 0.16665291786193848 169919 0
0.4933292865753174 0.1351017951965332 170604 0
0.47316813468933105 0.13468289375305176 167092 0
0.48071956634521484 0.14946365356445312 167101 0
0.48217344284057617 0.1943345069885254 167116 0
0.4767336845397949 0.17640900611877441 167739 0
0.47173094749450684 0.14631414413452148 166622 0
0.4760117530822754 0.15531325340270996 168803 0
0.47180914878845215 0.14548850059509277 167191 0
0.5003068447113037 0.14075064659118652 166635 0
0.4837911128997803 0.13321495056152344 167354 0
0.47290563583374023 0.1435859203338623 168148 0
0.4851219654083252 0.13648056983947754 168037 0
0.48763203620910645 0.1449565887451172 167315 0
0.5012423992156982 0.16673684120178223 167064 0
0.5017201900482178 0.11962175369262695 164337 0
0.5044264793395996 0.12436962127685547 165472 0
0.4806210994720459 0.13351964950561523 163081 0
0.4894063472747803 0.14526033401489258 163947 0
0.4736170768737793 0.18883419036865234 164605 0
0.4729585647583008 0.19521570205688477 163959 0
0.47663116455078125 0.19687128067016602 164681 0
0.46624088287353516 0.15365362167358398 165520 0
0.4757728576660156 0.2141733169555664 164593 0
0.49318790435791016 0.1505742073059082 165842 0
0.47727274894714355 0.1497793197631836 165108 0
0.47394609451293945 0.1337134838104248 165932 0
0.484205961227417 0.1335742473602295 166397 0
0.47901320457458496 0.18197989463806152 165793 0
0.4920775890350342 0.14071989059448242 166587 0
0.5002467632293701 0.1469419002532959 166236 0
0.4745357036590576 0.1244971752166748 165507 0
0.49506330490112305 0.143463134765625 166756 0
0.499847412109375 0.18118619918823242 165341 0
0.5071284770965576 0.13833284378051758 165913 0
0.46838808059692383 0.1582646369934082 161393 0
0.4821298122406006 0.1434338092803955 168669 0
0.4991772174835205 0.12651300430297852 169968 0
0.4852328300476074 0.2124466896057129 167987 0
0.4790675640106201 0.13878822326660156 168679 0
0.4779396057128906 0.17026376724243164 172366 0
0.47302818298339844 0.14481353759765625 171081 0
0.4809722900390625 0.16399621963500977 172340 0
0.5043461322784424 0.17443346977233887 172538 0
0.5091471672058105 0.13913559913635254 172529 0
0.5062553882598877 0.2079606056213379 162396 0
0.47962427139282227 0.16744422912597656 160499 0
0.5140619277954102 0.13091778755187988 168019 0
0.4732024669647217 0.1611020565032959 174332 0
0.48536109924316406 0.13997268676757812 164320 0
0.479522705078125 0.20811033248901367 169896 0
0.5085046291351318 0.13352274894714355 163542 0
0.47423386573791504 0.20630574226379395 163860 0
0.4842872619628906 0.1479501724243164 163260 0
0.49486207962036133 0.15449953079223633 165729 0
0.49179530143737793 0.1420736312866211 167029 0
0.47331738471984863 0.1560196876525879 166109 0
0.46837711334228516 0.13917994499206543 167867 0
0.4826498031616211 0.1334550380706787 168471 0
0.4661285877227783 0.19926047325134277 161627 0
0.49204444885253906 0.14283204078674316 170427 0
0.46733713150024414 0.12621307373046875 167919 0
0.49036717414855957 0.15477538108825684 167742 0
0.44405031204223633 0.12557339668273926 171076 0
0.4672393798828125 0.12960338592529297 173145 0
0.4989171028137207 0.15809965133666992 162416 0
0.479813814163208 0.1791553497314453 173290 0
0.48966479301452637 0.1445002555847168 175186 0
0.49872326850891113 0.15355491638183594 174593 0
0.48030781745910645 0.16890239715576172 173433 0
0.49300146102905273 0.12494158744812012 174814 0
0.4981510639190674 0.1262962818145752 175321 0
0.5010707378387451 0.13906216621398926 175805 0
0.4727962017059326 0.13269400596618652 173427 0
0.47736120223999023 0.15080809593200684 174808 0
0.4927198886871338 0.15056347846984863 177582 0
0.48649120330810547 0.1535329818725586 175520 0
0.45700502395629883 0.13102149963378906 173693 0
0.4808323383331299 0.14499950408935547 173135 0
0.3939633369445801 0.14138054847717285 172304 0
0.46689724922180176 0.1645042896270752 172607 0
0.502549409866333 0.12794017791748047 172803 0
0.5089607238769531 0.13220000267028809 172869 0
0.4934530258178711 0.13413691520690918 171016 0
0.4734935760498047 0.20986032485961914 173045 0
0.46970438957214355 0.13022303581237793 172806 0
0.46942949295043945 0.1963350772857666 170644 0
0.47103142738342285 0.16648507118225098 173890 0
0.4717676639556885 0.16209912300109863 174005 0
0.49997496604919434 0.18457293510437012 164295 0
0.49280810356140137 0.1602926254272461 174120 0
0.4906179904937744 0.14734840393066406 170120 0
0.48308706283569336 0.15323638916015625 169497 0
0.47659993171691895 0.12759685516357422 173739 0
0.4718484878540039 0.2011270523071289 175228 0
0.49040913581848145 0.20473504066467285 164616 0
0.45191073417663574 0.14088749885559082 174420 0
0.45568203926086426 0.13997316360473633 172908 0
0.47948479652404785 0.13328170776367188 173187 0
0.48372697830200195 0.14076685905456543 171460 0
0.4572789669036865 0.17530035972595215 171286 0
0.4696965217590332 0.17314720153808594 171482 0
0.47990989685058594 0.14125585556030273 172445 0
0.48557519912719727 0.14682555198669434 173317 0
0.5006942749023438 0.18467926979064941 174143 0
0.5050079822540283 0.12532258033752441 172263 0
0.48438596725463867 0.21060705184936523 174372 0
0.49054980278015137 0.17235565185546875 173012 0
0.48198533058166504 0.20828032493591309 173504 0
0.4999277591705322 0.21094870567321777 171934 0
0.48933935165405273 0.153334379196167 171521 0
0.44140100479125977 0.14003539085388184 171199 0
0.47974658012390137 0.13409829139709473 170890 0
0.4815688133239746 0.13880252838134766 172788 0
0.48396849632263184 0.13191843032836914 172871 0
0.44609975814819336 0.1376502513885498 173888 0
0.470750093460083 0.14696645736694336 169376 0
0.5062761306762695 0.13883042335510254 173103 0
0.46718406677246094 0.17875432968139648 175299 0
0.4845712184906006 0.14588069915771484 166368 0
0.482241153717041 0.15219855308532715 177578 0
0.47838807106018066 0.145827054977417 176201 0
0.4821591377258301 0.1477203369140625 175580 0
0.506140947341919 0.17908215522766113 179206 0
0.4956943988800049 0.17032098770141602 179821 0
0.5025448799133301 0.1913776397705078 175420 0
0.492844820022583 0.14617609977722168 182329 0
0.46887969970703125 0.13719987869262695 181402 0
0.4831709861755371 0.1478583812713623 182426 0
0.48009467124938965 0.14902734756469727 179258 0
0.5097317695617676 0.15481901168823242 176195 0
0.5097417831420898 0.17663264274597168 175994 0
0.49274516105651855 0.15852880477905273 174894 0
0.5031769275665283 0.1531355381011963 174317 0
0.4589827060699463 0.13688993453979492 175653 0
0.47669339179992676 0.20528554916381836 174098 0
0.47628235816955566 0.20760321617126465 174470 0
0.4990408420562744 0.1501150131225586 174242 0
0.45772242546081543 0.14490485191345215 171185 0
0.48645472526550293 0.1379528045654297 171535 0
0.4607212543487549 0.15247654914855957 170488 0
0.48342394828796387 0.22481513023376465 172581 0
0.47708988189697266 0.14499378204345703 173359 0
0.4889719486236572 0.14784717559814453 170705 0
0.48409175872802734 0.18212008476257324 170749 0
0.4846837520599365 0.14369964599609375 168289 0
0.48536086082458496 0.2050321102142334 169442 0
0.4897453784942627 0.13578248023986816 169380 0
0.4994943141937256 0.17261958122253418 169473 0
0.4764370918273926 0.13515090942382812 169587 0
0.4769167900085449 0.1727604866027832 166573 0
0.4624936580657959 0.1723167896270752 168692 0
0.48973774909973145 0.16913318634033203 168743 0
0.4758024215698242 0.16810107231140137 169290 0
0.4718303680419922 0.18679451942443848 168731 0
0.4822111129760742 0.14926815032958984 168779 0
0.4535801410675049 0.13614773750305176 168275 0
0.44890713691711426 0.17474699020385742 168101 0
0.46787285804748535 0.17017436027526855 168921 0
