0.47167301177978516 0.16190624237060547 76310 0
0.42786288261413574 0.14295196533203125 76105 0
0.44646477699279785 0.1433100700378418 78467 0
0.4661448001861572 0.13828396797180176 76815 0
0.4767577648162842 0.13850736618041992 78426 0
0.44545769691467285 0.1385030746459961 78975 0
0.44522929191589355 0.13601899147033691 79570 0
0.4635920524597168 0.16930651664733887 79013 0
0.46746087074279785 0.13391947746276855 78122 0
0.44179487228393555 0.19738554954528809 78763 0
0.46530652046203613 0.13088750839233398 76175 0
0.44454097747802734 0.1765439510345459 74254 0
0.46880102157592773 0.13149595260620117 78245 0
0.4434504508972168 0.19578027725219727 75606 0
0.42476797103881836 0.12732195854187012 64787 0
0.4484245777130127 0.15937042236328125 74106 0
0.4460756778717041 0.19692134857177734 72578 0
0.4499790668487549 0.13717007637023926 71209 0
0.46759700775146484 0.1451117992401123 68210 0
0.44422221183776855 0.13942193984985352 72328 0
0.45793867111206055 0.139784574508667 72463 0
0.4534904956817627 0.14200806617736816 70570 0
0.45234227180480957 0.13863515853881836 73305 0
0.44731593132019043 0.1442098617553711 76427 0
0.4682891368865967 0.1310875415802002 77149 0
0.47077035903930664 0.1699845790863037 75193 0
0.4122893810272217 0.13599896430969238 69882 0
0.4279344081878662 0.1399228572845459 74606 0
0.44249844551086426 0.1313462257385254 75459 0
0.45459794998168945 0.14705681800842285 72152 0
0.4654669761657715 0.13965344429016113 75134 0
0.4745464324951172 0.17437291145324707 76146 0
0.4494807720184326 0.1372663974761963 73143 0
0.45315122604370117 0.1969468593597412 74032 0
0.4588758945465088 0.18755555152893066 69706 0
0.45724987983703613 0.13565421104431152 75723 0
0.45175719261169434 0.14458298683166504 79840 0
0.451831579208374 0.18160104751586914 77944 0
0.4440135955810547 0.1623549461364746 79665 0
0.44186925888061523 0.1556696891784668 76342 0
0.45969319343566895 0.12697315216064453 71358 0
0.44411468505859375 0.1326451301574707 73833 0
0.4499697685241699 0.14128732681274414 77090 0
0.47293877601623535 0.13501238822937012 76939 0
0.46502113342285156 0.14272618293762207 67449 0
0.45098876953125 0.1403961181640625 76332 0
0.46012401580810547 0.1537477970123291 78277 0
0.44711923599243164 0.12442731857299805 76804 0
0.4463486671447754 0.13594269752502441 77790 0
0.43169450759887695 0.1424732208251953 77102 0
0.44338202476501465 0.13826823234558105 76777 0
0.44863247871398926 0.14109039306640625 78058 0
0.44342565536499023 0.14361143112182617 78495 0
0.43248605728149414 0.13531112670898438 78684 0
0.45291876792907715 0.20871400833129883 78358 0
0.43438053131103516 0.17203426361083984 79104 0
0.44176697731018066 0.13266658782958984 79933 0
0.4367506504058838 0.17808151245117188 80559 0
0.45391106605529785 0.14188241958618164 80515 0
0.43326663970947266 0.1382765769958496 81250 0
0.46450114250183105 0.14731574058532715 78952 0
0.4546539783477783 0.16942048072814941 79307 0
0.45208287239074707 0.1286604404449463 79332 0
0.45641469955444336 0.13413453102111816 77615 0
0.4489717483520508 0.144395112991333 76092 0
0.44764041900634766 0.17946648597717285 78304 0
0.4749009609222412 0.13069391250610352 79277 0
0.41141700744628906 0.13145232200622559 79052 0
0.44324731826782227 0.1513359546661377 78540 0
0.46777796745300293 0.1271512508392334 78378 0
0.4509725570678711 0.12785959243774414 76624 0
0.4334864616394043 0.18313145637512207 75298 0
0.48113417625427246 0.1296999454498291 77818 0
0.45269131660461426 0.19928789138793945 76579 0
0.48534107208251953 0.17820477485656738 65142 0
0.460984468460083 0.14074921607971191 77676 0
0.4413316249847412 0.14025235176086426 76649 0
0.47409772872924805 0.13601994514465332 74293 0
0.45326876640319824 0.16106534004211426 75747 0
0.41773366928100586 0.12744522094726562 75271 0
0.4906466007232666 0.13634943962097168 77093 0
0.4553103446960449 0.14390158653259277 77698 0
0.4505457878112793 0.14215922355651855 76829 0
0.44912075996398926 0.19916844367980957 76741 0
0.45957446098327637 0.13456416130065918 78423 0
0.47231101989746094 0.1603837013244629 77863 0
0.42511796951293945 0.1362311840057373 73934 0
0.47757458686828613 0.20923686027526855 78438 0
0.45841240882873535 0.15142154693603516 78341 0
0.4510631561279297 0.15290570259094238 79023 0
0.46143245697021484 0.13766694068908691 77296 0
0.44331812858581543 0.12755751609802246 76890 0
0.4414811134338379 0.12830328941345215 77583 0
0.45047760009765625 0.13239240646362305 74428 0
0.4426577091217041 0.14248108863830566 77251 0
0.45022130012512207 0.14162063598632812 76972 0
0.40569114685058594 0.12916803359985352 65598 0
0.4355955123901367 0.17131948471069336 77918 0
0.42838358879089355 0.14014768600463867 77352 0
0.43964171409606934 0.21216511726379395 73971 0
0.4546663761138916 0.12799358367919922 75532 0
0.44594478607177734 0.18629860877990723 76636 0
0.46183252334594727 0.1407468318939209 76989 0
0.4511857032775879 0.13172030448913574 79888 0
0.45430517196655273 0.14279866218566895 79401 0
0.4462697505950928 0.1910076141357422 79127 0
0.4554252624511719 0.14853882789611816 78688 0
0.4752662181854248 0.12303829193115234 80464 0
0.45546936988830566 0.12584495544433594 79519 0
0.4767434597015381 0.12292718887329102 79321 0
0.46295833587646484 0.13398265838623047 78484 0
0.4502227306365967 0.13417887687683105 78531 0
0.44562554359436035 0.16809797286987305 77814 0
0.4603266716003418 0.1417539119720459 78648 0
0.4476180076599121 0.20505166053771973 76031 0
0.4461510181427002 0.12344169616699219 77416 0
0.47433900833129883 0.17525601387023926 70123 0
0.4526197910308838 0.14484715461730957 77779 0
0.451796293258667 0.1614079475402832 77093 0
0.4505431652069092 0.13284540176391602 78028 0
0.45398902893066406 0.13873076438903809 75736 0
0.4465138912200928 0.12481069564819336 77014 0
0.448030948638916 0.1925506591796875 75882 0
0.4487602710723877 0.1279582977294922 73106 0
0.4598686695098877 0.14175915718078613 76361 0
0.43933701515197754 0.1368100643157959 76364 0
0.46396899223327637 0.14323973655700684 65500 0
0.4559462070465088 0.1746830940246582 73762 0
0.4732937812805176 0.12537145614624023 66857 0
0.4364736080169678 0.19687747955322266 68089 0
0.4363553524017334 0.13723301887512207 70145 0
0.4575819969177246 0.1568584442138672 71252 0
0.4570119380950928 0.1338965892791748 68407 0
0.4768040180206299 0.12883210182189941 71584 0
0.44986629486083984 0.14433026313781738 73416 0
0.46318888664245605 0.15828919410705566 75713 0
0.4639921188354492 0.19772791862487793 74039 0
0.4703366756439209 0.15407586097717285 74479 0
0.4626805782318115 0.13871216773986816 73234 0
0.47432541847229004 0.18062067031860352 74284 0
0.45078539848327637 0.17960500717163086 75637 0
0.4442627429962158 0.20729994773864746 76191 0
0.4451904296875 0.1843714714050293 74454 0
0.4628174304962158 0.1433730125427246 74698 0
0.45554018020629883 0.14231514930725098 74259 0
0.4436216354370117 0.1393599510192871 77767 0
0.4452328681945801 0.132704496383667 75806 0
0.4508860111236572 0.13227081298828125 74474 0
0.4693410396575928 0.14890670776367188 71986 0
0.462566614151001 0.15918374061584473 71924 0
0.4377250671386719 0.15233469009399414 75942 0
0.4482996463775635 0.13434171676635742 79843 0
0.4570155143737793 0.1554093360900879 78928 0
0.4537625312805176 0.13391685485839844 77099 0
0.4497334957122803 0.19872570037841797 78063 0
0.45319056510925293 0.17744970321655273 74973 0
0.4440879821777344 0.19763684272766113 63122 0
0.47122979164123535 0.18457913398742676 72631 0
0.4583170413970947 0.16121816635131836 73764 0
0.4156153202056885 0.13344216346740723 68629 0
0.4477670192718506 0.14852094650268555 68572 0
0.43870115280151367 0.16656017303466797 70334 0
0.45139002799987793 0.19280433654785156 70135 0
0.45187830924987793 0.13053345680236816 72069 0
0.4557368755340576 0.1457829475402832 75094 0
0.450028657913208 0.2003939151763916 72883 0
0.44420599937438965 0.13847780227661133 72547 0
0.4401700496673584 0.13524913787841797 76844 0
0.456850528717041 0.14331531524658203 75531 0
0.4538388252258301 0.1426403522491455 79302 0
0.4475717544555664 0.1480412483215332 75057 0
0.4392125606536865 0.13586807250976562 77585 0
0.4434933662414551 0.14469671249389648 78170 0
0.45310211181640625 0.12241792678833008 79513 0
0.45291972160339355 0.13029193878173828 78984 0
0.4404027462005615 0.17126727104187012 79878 0
0.46048688888549805 0.13755512237548828 75183 0
0.4315207004547119 0.13039493560791016 81293 0
0.4886953830718994 0.17512059211730957 82055 0
0.4601106643676758 0.15258193016052246 81330 0
0.4512193202972412 0.22762537002563477 80114 0
0.48258209228515625 0.14096927642822266 78977 0
0.45392584800720215 0.1374342441558838 79656 0
0.4531972408294678 0.17719054222106934 76469 0
0.4458897113800049 0.1320810317993164 79758 0
0.4468400478363037 0.11961960792541504 79412 0
0.44749951362609863 0.1313469409942627 68289 0
0.46238207817077637 0.14259648323059082 80324 0
0.4623227119445801 0.13569235801696777 80642 0
0.43346548080444336 0.1371614933013916 77470 0
0.46532773971557617 0.1975104808807373 78998 0
0.4504067897796631 0.19399476051330566 79751 0
0.4720752239227295 0.1952519416809082 79965 0
0.4844658374786377 0.14667654037475586 81741 0
0.45737457275390625 0.1295931339263916 80235 0
0.4464707374572754 0.1412515640258789 80756 0
0.4686429500579834 0.14970040321350098 80928 0
0.44653892517089844 0.12016773223876953 81521 0
0.4769411087036133 0.1290121078491211 80713 0
0.4732472896575928 0.12687253952026367 79674 0
0.45573925971984863 0.12883543968200684 79387 0
0.4545009136199951 0.13671231269836426 71292 0
0.4704282283782959 0.14519906044006348 69193 0
0.4796571731567383 0.13908791542053223 70997 0
0.4576833248138428 0.1354660987854004 69931 0
0.45080041885375977 0.13248014450073242 70389 0
0.4784998893737793 0.18012094497680664 71396 0
0.46243882179260254 0.14656853675842285 71570 0
0.4180314540863037 0.14951562881469727 73353 0
0.4521298408508301 0.13989973068237305 72159 0
0.42160820960998535 0.14310455322265625 70646 0
0.4313499927520752 0.16762161254882812 71467 0
0.4496133327484131 0.15422320365905762 71961 0
0.4475991725921631 0.13623571395874023 70725 0
0.4591097831726074 0.14557361602783203 70230 0
0.45217442512512207 0.19524812698364258 69658 0
0.4529857635498047 0.1431407928466797 69194 0
0.45371532440185547 0.16128230094909668 65159 0
0.4552879333496094 0.13029193878173828 70111 0
0.4478785991668701 0.15430068969726562 70442 0
0.472308874130249 0.13706684112548828 70511 0
0.45716023445129395 0.12401652336120605 71477 0
0.47956275939941406 0.16402173042297363 71333 0
0.4630284309387207 0.15829992294311523 71491 0
0.4488358497619629 0.14587759971618652 71798 0
0.45313119888305664 0.13098597526550293 70812 0
0.4624338150024414 0.19455456733703613 71068 0
0.4004034996032715 0.1304478645324707 71142 0
0.4564945697784424 0.12451648712158203 70852 0
0.44758081436157227 0.15804600715637207 71178 0
0.45928120613098145 0.1291515827178955 70441 0
0.4514436721801758 0.13938403129577637 70064 0
0.46515750885009766 0.18123769760131836 69792 0
0.4188549518585205 0.19443416595458984 70497 0
0.4449582099914551 0.18229174613952637 71216 0
0.4402894973754883 0.16005277633666992 71111 0
0.4447338581085205 0.17415237426757812 71390 0
0.4645371437072754 0.1551802158355713 70904 0
0.4416537284851074 0.2115178108215332 70167 0
0.4565730094909668 0.19752049446105957 70489 0
0.4586505889892578 0.1442427635192871 70014 0
0.45820116996765137 0.13297438621520996 70589 0
0.43781280517578125 0.1243903636932373 70899 0
0.4493067264556885 0.18550777435302734 70873 0
0.45070362091064453 0.18733716011047363 71483 0
0.46446681022644043 0.1445760726928711 70068 0
0.45491600036621094 0.13384151458740234 70717 0
0.4393312931060791 0.13895249366760254 64266 0
0.47153139114379883 0.148514986038208 70535 0
0.476330041885376 0.19343924522399902 71015 0
0.47442102432250977 0.14152240753173828 71895 0
0.4371910095214844 0.1730332374572754 71481 0
0.4756336212158203 0.1452939510345459 71015 0
0.42994165420532227 0.13793301582336426 71668 0
0.4286985397338867 0.13365387916564941 72546 0
0.4629535675048828 0.14570069313049316 71780 0
0.4371507167816162 0.19164133071899414 71761 0
0.46777915954589844 0.13574457168579102 71304 0
0.45319318771362305 0.2009718418121338 69948 0
0.4091787338256836 0.15401625633239746 70924 0
0.45653319358825684 0.15987420082092285 70876 0
0.4456455707550049 0.20523619651794434 71105 0
0.4212837219238281 0.14935564994812012 72135 0
0.42752790451049805 0.1362900733947754 71747 0
0.4508199691772461 0.20711112022399902 72493 0
0.45784735679626465 0.20590448379516602 71593 0
0.44539809226989746 0.13003826141357422 72823 0
0.4702913761138916 0.12643051147460938 72472 0
0.45714831352233887 0.14686131477355957 72858 0
0.432344913482666 0.13927268981933594 73768 0
0.437727689743042 0.14601612091064453 70873 0
0.4486052989959717 0.1874701976776123 71780 0
0.4689669609069824 0.13886284828186035 72305 0
0.4521927833557129 0.1260666847229004 77665 0
0.4773576259613037 0.1916980743408203 76557 0
0.45357561111450195 0.13732123374938965 73294 0
0.43912363052368164 0.13706564903259277 81609 0
0.443251371383667 0.1482992172241211 78012 0
0.4444453716278076 0.14000487327575684 81428 0
0.4435005187988281 0.13810992240905762 79168 0
0.44286322593688965 0.12689471244812012 76188 0
0.4402623176574707 0.19844770431518555 77253 0
0.4543008804321289 0.12346720695495605 77141 0
0.45381736755371094 0.13578104972839355 76885 0
0.4785141944885254 0.12775111198425293 75755 0
0.47323060035705566 0.1499626636505127 75227 0
0.4551241397857666 0.13849425315856934 72072 0
0.43405747413635254 0.1407639980316162 71811 0
0.4391605854034424 0.14988183975219727 69141 0
0.44394373893737793 0.14061689376831055 70319 0
0.4514591693878174 0.13039231300354004 71328 0
0.45365118980407715 0.13434863090515137 69843 0
0.45738887786865234 0.14259624481201172 69877 0
0.45622682571411133 0.13744497299194336 69805 0
0.4440431594848633 0.13669705390930176 70257 0
0.4594399929046631 0.16112899780273438 69809 0
0.451984167098999 0.12619709968566895 70614 0
0.4392273426055908 0.17561960220336914 70612 0
0.4442629814147949 0.14095830917358398 71380 0
0.4416522979736328 0.13961577415466309 62706 0
0.4485809803009033 0.14359354972839355 71443 0
0.4607396125793457 0.1517801284790039 71923 0
0.45227718353271484 0.1412515640258789 70759 0
0.45268845558166504 0.18976473808288574 71628 0
0.4285266399383545 0.13450074195861816 72682 0
0.435260534286499 0.17304611206054688 71940 0
0.4459218978881836 0.2093210220336914 72997 0
0.45496654510498047 0.17902541160583496 72338 0
0.44746994972229004 0.1349339485168457 72025 0
0.4264993667602539 0.12510156631469727 71317 0
0.45916008949279785 0.12753701210021973 70135 0
0.44797444343566895 0.19533705711364746 70295 0
0.4253826141357422 0.13587594032287598 70475 0
0.4427673816680908 0.16397404670715332 72094 0
0.46616291999816895 0.1313314437866211 71994 0
0.446195125579834 0.17952704429626465 72473 0
0.4446070194244385 0.12518787384033203 71423 0
0.443953275680542 0.1569349765777588 70482 0
0.45500636100769043 0.1303391456604004 70760 0
0.44112443923950195 0.12218785285949707 70686 0
0.42873644828796387 0.1465005874633789 70511 0
0.4535713195800781 0.1446974277496338 70785 0
0.44800305366516113 0.13370800018310547 71215 0
0.4645521640777588 0.16041803359985352 71112 0
0.45839381217956543 0.14496970176696777 70990 0
0.46954894065856934 0.14270496368408203 70788 0
0.4466266632080078 0.13353681564331055 69668 0
0.43563151359558105 0.20749926567077637 71020 0
0.4583604335784912 0.1643962860107422 72204 0
0.4214463233947754 0.145155668258667 62767 0
0.4136831760406494 0.12512826919555664 71533 0
0.459561824798584 0.14230823516845703 73175 0
0.46506834030151367 0.12958788871765137 69824 0
0.4505026340484619 0.13550734519958496 73564 0
0.4698948860168457 0.15282773971557617 72273 0
0.45966219902038574 0.18201494216918945 72192 0
0.4743657112121582 0.19356298446655273 73524 0
0.42012834548950195 0.1340959072113037 73981 0
0.4349637031555176 0.14143085479736328 73186 0
0.45607757568359375 0.14413857460021973 73732 0
0.4407644271850586 0.1602323055267334 72373 0
0.4562647342681885 0.13694262504577637 73406 0
0.45650744438171387 0.13141083717346191 72731 0
0.467334508895874 0.12987899780273438 73203 0
0.4457838535308838 0.20653605461120605 73716 0
0.49555087089538574 0.20003986358642578 74537 0
0.4522426128387451 0.13700604438781738 73990 0
0.45377421379089355 0.14649343490600586 73991 0
0.4553797245025635 0.14780497550964355 73627 0
0.44775986671447754 0.13164281845092773 73714 0
0.4589087963104248 0.13993358612060547 72761 0
0.4437675476074219 0.1334083080291748 73361 0
0.45477962493896484 0.1683812141418457 72445 0
0.43676066398620605 0.15439844131469727 72591 0
0.43631982803344727 0.17564725875854492 73409 0
0.4474663734436035 0.14298391342163086 72249 0
0.4591236114501953 0.1639995574951172 71881 0
0.46952223777770996 0.13320422172546387 73340 0
0.4396097660064697 0.14425444602966309 72963 0
0.4734170436859131 0.188460111618042 62279 0
0.43442249298095703 0.16770100593566895 70648 0
0.4282686710357666 0.13813543319702148 72193 0
0.438335657119751 0.14224886894226074 68926 0
0.4408836364746094 0.17276263236999512 73245 0
0.45937228202819824 0.1570885181427002 73769 0
0.4633946418762207 0.1330873966217041 65806 0
0.4729318618774414 0.1755814552307129 61870 0
0.44786858558654785 0.14291739463806152 71732 0
0.44550156593322754 0.15254974365234375 73119 0
0.44266200065612793 0.1786181926727295 74712 0
0.4368247985839844 0.1489722728729248 73473 0
0.4797992706298828 0.1313002109527588 73325 0
0.4502084255218506 0.21392083168029785 73633 0
0.42498111724853516 0.1380453109741211 73100 0
0.4233577251434326 0.14184832572937012 72602 0
0.4477837085723877 0.13737773895263672 63338 0
0.46465110778808594 0.14322757720947266 62121 0
0.4448871612548828 0.13211750984191895 71858 0
0.46280884742736816 0.14322900772094727 72425 0
0.44792652130126953 0.1425318717956543 69780 0
0.4108273983001709 0.1373755931854248 71342 0
0.44309401512145996 0.18700957298278809 71321 0
0.4540066719055176 0.14191126823425293 71469 0
0.433016300201416 0.16425871849060059 72126 0
0.4298126697540283 0.14497065544128418 71612 0
0.4462881088256836 0.1291203498840332 71940 0
0.4568138122558594 0.14704442024230957 69505 0
0.47310924530029297 0.1423187255859375 71284 0
0.45035433769226074 0.13589763641357422 71990 0
0.42246484756469727 0.12324929237365723 65848 0
0.445422887802124 0.13547468185424805 70739 0
0.45383119583129883 0.14279937744140625 70857 0
0.4724433422088623 0.16553568840026855 70874 0
0.4362483024597168 0.13930583000183105 71706 0
0.4703044891357422 0.12617993354797363 71772 0
0.44042348861694336 0.16521477699279785 70716 0
0.45116758346557617 0.16868019104003906 70497 0
0.4362800121307373 0.14545583724975586 71006 0
0.4605562686920166 0.13903307914733887 69639 0
0.43986010551452637 0.1996779441833496 69651 0
0.45756077766418457 0.12815308570861816 66961 0
0.4675791263580322 0.13339543342590332 65990 0
0.43779778480529785 0.1700303554534912 66339 0
0.46117615699768066 0.13949322700500488 66049 0
0.41860437393188477 0.12527680397033691 66791 0
0.4640476703643799 0.14869260787963867 66736 0
0.38845252990722656 0.13872385025024414 65658 0
0.4343075752258301 0.12305974960327148 64586 0
0.42955899238586426 0.16781258583068848 66123 0
0.43694186210632324 0.1236276626586914 65092 0
0.4537501335144043 0.1546792984008789 57786 0
0.46489500999450684 0.1506645679473877 64900 0
0.435915470123291 0.13287115097045898 64636 0
0.4648857116699219 0.2305469512939453 66132 0
0.4555544853210449 0.13455986976623535 64943 0
0.4412038326263428 0.13929510116577148 65861 0
0.45252323150634766 0.12590622901916504 65859 0
0.44568371772766113 0.21610713005065918 65119 0
0.4396960735321045 0.13720154762268066 65461 0
0.45900845527648926 0.14620566368103027 65764 0
0.42905211448669434 0.14318132400512695 66089 0
0.4411160945892334 0.16801738739013672 65807 0
0.4607231616973877 0.13239312171936035 65166 0
0.4575352668762207 0.1864166259765625 64977 0
0.42655372619628906 0.13387060165405273 65452 0
0.4435572624206543 0.14589810371398926 65571 0
0.44387340545654297 0.1982436180114746 65006 0
0.4487764835357666 0.1969623565673828 65310 0
0.46295928955078125 0.13106918334960938 64713 0
0.4621551036834717 0.1327369213104248 64461 0
0.43656396865844727 0.12156820297241211 64602 0
0.4627721309661865 0.13979506492614746 64715 0
0.43317437171936035 0.179823637008667 64543 0
0.4671175479888916 0.16763687133789062 65016 0
0.408172607421875 0.14583706855773926 65298 0
0.439162015914917 0.1454935073852539 65436 0
0.44716906547546387 0.11978292465209961 65799 0
0.4457283020019531 0.13565444946289062 63730 0
0.453261137008667 0.14453601837158203 64330 0
0.45119261741638184 0.1328599452972412 64636 0
0.4656105041503906 0.1735384464263916 56974 0
0.4438602924346924 0.14130139350891113 64647 0
0.44792890548706055 0.15982460975646973 65075 0
0.4665684700012207 0.13661551475524902 66344 0
0.46096253395080566 0.1212012767791748 64923 0
0.4149911403656006 0.13776683807373047 65149 0
0.43513059616088867 0.18899941444396973 66098 0
0.4587211608886719 0.1320481300354004 65636 0
0.4656555652618408 0.13777685165405273 66653 0
0.450162410736084 0.14683938026428223 67400 0
0.42311930656433105 0.12985873222351074 66234 0
0.46092796325683594 0.1430528163909912 66459 0
0.4451477527618408 0.15889191627502441 66327 0
0.42580604553222656 0.13304591178894043 66330 0
0.45773887634277344 0.13222932815551758 65775 0
0.43828392028808594 0.13767218589782715 66010 0
0.44129347801208496 0.14383983612060547 65588 0
0.43790769577026367 0.1489570140838623 64643 0
0.4632089138031006 0.14386892318725586 66257 0
0.44553446769714355 0.23009371757507324 66403 0
0.41257214546203613 0.13585877418518066 66538 0
0.44411444664001465 0.12809491157531738 67403 0
0.43564748764038086 0.1426076889038086 66599 0
0.4464907646179199 0.18616628646850586 66964 0
0.4412729740142822 0.16630792617797852 67351 0
0.44593262672424316 0.2148268222808838 66677 0
0.4449739456176758 0.19806981086730957 66895 0
0.4651637077331543 0.13313841819763184 65855 0
0.4209606647491455 0.14716720581054688 67630 0
0.4422459602355957 0.19505524635314941 67296 0
0.4446451663970947 0.1479780673980713 58698 0
0.45404505729675293 0.18735337257385254 66588 0
0.4456140995025635 0.19402551651000977 66970 0
0.45281553268432617 0.15543580055236816 67441 0
0.4290609359741211 0.13556408882141113 67254 0
0.45902276039123535 0.15152597427368164 68198 0
0.44452881813049316 0.1660761833190918 68686 0
0.46459317207336426 0.13031411170959473 68180 0
0.4470677375793457 0.12536334991455078 67891 0
0.44649791717529297 0.15416884422302246 67752 0
0.4257078170776367 0.13174748420715332 67666 0
0.4524693489074707 0.13784480094909668 67781 0
0.45992517471313477 0.1735844612121582 66827 0
0.4398469924926758 0.12960577011108398 66094 0
0.445908784866333 0.1485602855682373 67053 0
0.4436025619506836 0.13100552558898926 66955 0
0.4412860870361328 0.15198087692260742 64505 0
0.4478940963745117 0.13942909240722656 63932 0
0.45603299140930176 0.15067338943481445 65311 0
0.3951442241668701 0.14289283752441406 65570 0
0.44089603424072266 0.14503979682922363 65797 0
0.442471981048584 0.1321408748626709 66259 0
0.46389126777648926 0.14963388442993164 67058 0
0.4421501159667969 0.14380359649658203 67392 0
0.4001426696777344 0.1613304615020752 67336 0
0.4506998062133789 0.1477203369140625 67475 0
0.43485140800476074 0.20325803756713867 64734 0
0.447554349899292 0.13493919372558594 62692 0
0.4674072265625 0.14028072357177734 64320 0
0.42828965187072754 0.1353743076324463 63219 0
0.45226192474365234 0.12295365333557129 55096 0
0.4576904773712158 0.1600341796875 63672 0
0.43215346336364746 0.1347963809967041 63776 0
0.46558618545532227 0.1376967430114746 63225 0
0.44249725341796875 0.13965582847595215 62262 0
0.4267573356628418 0.14121365547180176 62661 0
0.4662809371948242 0.18415284156799316 64949 0
0.42820143699645996 0.14115619659423828 63647 0
0.4487156867980957 0.1340348720550537 64129 0
0.45153284072875977 0.18690776824951172 63164 0
0.4787921905517578 0.13872361183166504 62086 0
0.4570908546447754 0.18170905113220215 61628 0
0.435685396194458 0.16187191009521484 61344 0
0.43793368339538574 0.1552138328552246 61198 0
0.4332902431488037 0.14556646347045898 60692 0
0.4410061836242676 0.13950538635253906 61847 0
0.44207000732421875 0.20789861679077148 61955 0
0.4510619640350342 0.13407039642333984 63234 0
0.4509551525115967 0.13267803192138672 63403 0
0.4545414447784424 0.1266343593597412 62572 0
0.45487427711486816 0.13974261283874512 61974 0
0.4456467628479004 0.1974799633026123 62795 0
0.44197821617126465 0.13713502883911133 62536 0
0.44354796409606934 0.2158496379852295 62104 0
0.43144989013671875 0.15134263038635254 61470 0
0.4476959705352783 0.1368238925933838 61494 0
0.4065108299255371 0.14854812622070312 61188 0
0.44577622413635254 0.14111685752868652 58868 0
0.4811720848083496 0.19399499893188477 62474 0
0.44245028495788574 0.15772366523742676 60776 0
0.4077169895172119 0.15801024436950684 53432 0
0.45154643058776855 0.1323251724243164 60980 0
0.4341700077056885 0.18689775466918945 62408 0
0.44748473167419434 0.18082094192504883 62343 0
0.46111392974853516 0.13925409317016602 61562 0
0.46024155616760254 0.18494677543640137 62816 0
0.45229506492614746 0.1501598358154297 61880 0
0.45053744316101074 0.14160990715026855 61833 0
0.4422800540924072 0.13840961456298828 62106 0
0.46781039237976074 0.1391584873199463 61457 0
0.45186471939086914 0.1326308250427246 53108 0
0.45166516304016113 0.12410831451416016 61478 0
0.4333314895629883 0.15783238410949707 62240 0
0.4379117488861084 0.16555142402648926 61893 0
0.4622619152069092 0.14587092399597168 61655 0
0.43799495697021484 0.14594602584838867 62393 0
0.45432066917419434 0.14280128479003906 63930 0
0.4589874744415283 0.1526188850402832 63719 0
0.46469926834106445 0.12987136840820312 65336 0
0.4501171112060547 0.1458759307861328 64292 0
0.4490628242492676 0.19662189483642578 64367 0
0.43990039825439453 0.14639592170715332 63668 0
0.45249366760253906 0.13167738914489746 64089 0
0.4455695152282715 0.16898417472839355 63963 0
0.4530007839202881 0.13483738899230957 65065 0
0.43399763107299805 0.14006328582763672 63389 0
0.4448580741882324 0.13826346397399902 60791 0
0.42444324493408203 0.13852787017822266 61091 0
0.453857421875 0.13904786109924316 64606 0
0.44812726974487305 0.13863515853881836 64232 0
0.4466896057128906 0.14694786071777344 65605 0
0.44438982009887695 0.16834139823913574 64584 0
0.451401948928833 0.15208005905151367 63617 0
0.42370057106018066 0.13648724555969238 62912 0
0.443634033203125 0.12846660614013672 63413 0
0.4499239921569824 0.14371728897094727 64359 0
0.43032240867614746 0.14239096641540527 62899 0
0.45873522758483887 0.1282961368560791 62677 0
0.4710814952850342 0.13795924186706543 62953 0
0.4478614330291748 0.179060697555542 62013 0
0.4402048587799072 0.14106535911560059 63492 0
0.4584829807281494 0.15600800514221191 63149 0
0.4417603015899658 0.12973737716674805 62361 0
0.44528841972351074 0.1932687759399414 63714 0
0.47606945037841797 0.14546990394592285 63218 0
0.4419372081756592 0.13504242897033691 62503 0
0.43836021423339844 0.1485743522644043 59635 0
0.4494602680206299 0.13628768920898438 61421 0
0.42542409896850586 0.13080072402954102 60852 0
0.4278233051300049 0.14548110961914062 53591 0
0.45177173614501953 0.1542797088623047 61426 0
0.4307835102081299 0.1900947093963623 61329 0
0.44178080558776855 0.1269373893737793 61463 0
0.4324524402618408 0.14760828018188477 60842 0
0.4411637783050537 0.15802216529846191 60938 0
0.44614410400390625 0.12980437278747559 63578 0
0.44643378257751465 0.14203882217407227 64019 0
0.47284793853759766 0.13643956184387207 64111 0
0.47195863723754883 0.14644408226013184 63436 0
0.45821428298950195 0.1398317813873291 62230 0
0.42848968505859375 0.12978172302246094 63172 0
0.4639582633972168 0.15041112899780273 61827 0
0.4476199150085449 0.13454055786132812 61837 0
0.4159574508666992 0.142716646194458 61969 0
0.4445362091064453 0.15432262420654297 61770 0
0.4380345344543457 0.12911319732666016 61698 0
0.4361448287963867 0.14619183540344238 63210 0
0.43386125564575195 0.13428020477294922 64323 0
0.4480860233306885 0.1514570713043213 63185 0
0.433626651763916 0.13497495651245117 64344 0
0.4477424621582031 0.14315128326416016 63840 0
0.4455583095550537 0.14465045928955078 64228 0
0.46733593940734863 0.12755799293518066 64072 0
0.46088695526123047 0.14493227005004883 64739 0
0.46248960494995117 0.13855361938476562 70657 0
0.46384716033935547 0.1449298858642578 72864 0
0.42352819442749023 0.18169498443603516 73255 0
0.4624037742614746 0.13531732559204102 74056 0
0.44803452491760254 0.21280264854431152 74255 0
0.4544856548309326 0.14291954040527344 73765 0
0.4692568778991699 0.13356351852416992 74296 0
0.46258020401000977 0.14522576332092285 73129 0
0.4204270839691162 0.1609480381011963 74839 0
0.4412806034088135 0.1900501251220703 73527 0
0.44785594940185547 0.20205426216125488 72390 0
0.45148563385009766 0.13991999626159668 74332 0
0.4480929374694824 0.14339256286621094 73828 0
0.43979477882385254 0.1428842544555664 73081 0
0.43906688690185547 0.198150634765625 73276 0
0.4560370445251465 0.20981121063232422 73735 0
0.4567997455596924 0.13620400428771973 74698 0
0.47568774223327637 0.20156502723693848 73636 0
0.47836923599243164 0.18559646606445312 69631 0
0.43424177169799805 0.13810157775878906 74180 0
0.45502734184265137 0.14529871940612793 74304 0
0.4575502872467041 0.13812875747680664 73847 0
0.46256470680236816 0.1419379711151123 75029 0
0.4498443603515625 0.1344738006591797 74561 0
0.4638671875 0.15106558799743652 76099 0
0.4576880931854248 0.16225385665893555 74890 0
0.4646334648132324 0.1419062614440918 75261 0
0.4560689926147461 0.16141247749328613 74949 0
0.4526665210723877 0.14414620399475098 66454 0
0.4559290409088135 0.13672232627868652 74559 0
0.4665031433105469 0.1532132625579834 74052 0
0.47036123275756836 0.16891765594482422 74824 0
0.47859954833984375 0.19292831420898438 75397 0
0.44647884368896484 0.13621234893798828 76231 0
0.45804786682128906 0.14693832397460938 76794 0
0.4801445007324219 0.13719654083251953 77172 0
0.47156739234924316 0.1262655258178711 76814 0
0.4631984233856201 0.13231611251831055 77349 0
0.43192172050476074 0.14426708221435547 73201 0
0.4778909683227539 0.12465214729309082 76174 0
0.4505164623260498 0.14583539962768555 75114 0
0.44985389709472656 0.16587519645690918 76093 0
0.4531276226043701 0.2017972469329834 76189 0
0.46196603775024414 0.14244890213012695 76705 0
0.4126472473144531 0.19710922241210938 76092 0
0.4499056339263916 0.1667783260345459 77124 0
0.43901562690734863 0.1374988555908203 76165 0
0.4467337131500244 0.1361837387084961 75924 0
0.4159719944000244 0.1327955722808838 71949 0
0.4594912528991699 0.16439127922058105 76458 0
0.4578073024749756 0.14190673828125 76444 0
0.4613981246948242 0.13084745407104492 76643 0
0.46915435791015625 0.1430339813232422 76753 0
0.45275449752807617 0.16880130767822266 76883 0
0.467679500579834 0.15110230445861816 76990 0
0.45366692543029785 0.12732291221618652 75062 0
0.4688992500305176 0.1481337547302246 77959 0
0.4643135070800781 0.14066576957702637 79529 0
0.4603304862976074 0.17740964889526367 67883 0
0.4583275318145752 0.17771387100219727 77402 0
0.4474916458129883 0.14528870582580566 76270 0
0.4749782085418701 0.15591835975646973 75903 0
0.4755880832672119 0.18286919593811035 79471 0
0.4561800956726074 0.15030288696289062 80090 0
0.4678685665130615 0.1380448341369629 77194 0
0.4560890197753906 0.12916016578674316 80728 0
0.4580559730529785 0.14132189750671387 80373 0
0.4513695240020752 0.19426703453063965 80215 0
0.45479321479797363 0.14255905151367188 80482 0
0.4690206050872803 0.13606739044189453 78663 0
0.45668506622314453 0.14449834823608398 76664 0
0.4596376419067383 0.13564109802246094 78904 0
0.46547579765319824 0.1485905647277832 79782 0
0.45897626876831055 0.13226032257080078 78268 0
0.4630262851715088 0.18330979347229004 79038 0
0.44034457206726074 0.13097476959228516 77904 0
0.4441542625427246 0.1549994945526123 79498 0
0.46558284759521484 0.12672066688537598 79361 0
0.45420336723327637 0.15200448036193848 73468 0
0.46393394470214844 0.13605618476867676 77026 0
0.4479670524597168 0.1363236904144287 77933 0
0.47635602951049805 0.13843870162963867 77849 0
0.46158528327941895 0.12257790565490723 76375 0
0.45834898948669434 0.1553940773010254 76866 0
0.4621925354003906 0.12500858306884766 76930 0
0.43332648277282715 0.23033642768859863 74345 0
0.44878363609313965 0.18233513832092285 77383 0
0.47872376441955566 0.15532541275024414 77760 0
0.44774413108825684 0.13957643508911133 64331 0
0.45244741439819336 0.15731525421142578 73827 0
0.45906662940979004 0.12414002418518066 71723 0
0.4451613426208496 0.1342463493347168 71271 0
0.4612717628479004 0.1338191032409668 73688 0
0.4651224613189697 0.13553833961486816 74269 0
0.4608941078186035 0.13427734375 73410 0
0.457460880279541 0.13356256484985352 74955 0
0.4676947593688965 0.16912460327148438 74084 0
0.47066688537597656 0.13040423393249512 73183 0
0.4489278793334961 0.17230010032653809 72217 0
0.45716118812561035 0.14492297172546387 72773 0
0.4474773406982422 0.1350867748260498 68374 0
0.42096662521362305 0.12336277961730957 72436 0
0.46312642097473145 0.12676620483398438 72675 0
0.4777383804321289 0.12641048431396484 72380 0
0.45403456687927246 0.18199777603149414 71999 0
0.46007609367370605 0.18574929237365723 71892 0
0.43269824981689453 0.13614892959594727 72533 0
0.44613122940063477 0.1310579776763916 71846 0
0.4703826904296875 0.1953582763671875 68967 0
0.45062732696533203 0.17549562454223633 71943 0
0.4471452236175537 0.1330420970916748 74215 0
0.4506106376647949 0.14384865760803223 73854 0
0.4538412094116211 0.14298462867736816 73854 0
0.4603729248046875 0.13419580459594727 75013 0
0.45779895782470703 0.12881898880004883 74041 0
0.4439842700958252 0.18945527076721191 70581 0
0.4056360721588135 0.13236546516418457 72191 0
0.44193434715270996 0.13239598274230957 72451 0
0.4564175605773926 0.16088485717773438 62881 0
0.47899484634399414 0.13882040977478027 72473 0
0.44066524505615234 0.1851823329925537 69588 0
0.44083333015441895 0.20113158226013184 70686 0
0.43842315673828125 0.14890360832214355 73024 0
0.4407949447631836 0.13962054252624512 72385 0
0.45516061782836914 0.14440345764160156 71364 0
0.45524024963378906 0.16214537620544434 74420 0
0.4603567123413086 0.1357574462890625 74252 0
0.45564699172973633 0.19630885124206543 74561 0
0.4573085308074951 0.14124846458435059 74425 0
0.4463772773742676 0.18765616416931152 74714 0
0.44062018394470215 0.20931553840637207 70893 0
0.4499366283416748 0.13680529594421387 74835 0
0.44857358932495117 0.20407629013061523 74777 0
0.45624566078186035 0.14530634880065918 73842 0
0.44762444496154785 0.15083551406860352 74128 0
0.4541435241699219 0.12658047676086426 74067 0
0.44551753997802734 0.13147377967834473 73862 0
0.47209811210632324 0.15119028091430664 73784 0
0.4443671703338623 0.12659072875976562 69407 0
0.4587099552154541 0.14634442329406738 73747 0
0.4594871997833252 0.14060640335083008 73710 0
0.4798591136932373 0.15163087844848633 73887 0
0.4562056064605713 0.13818573951721191 73859 0
0.4657909870147705 0.16247868537902832 74023 0
0.46142053604125977 0.1351613998413086 73237 0
0.45679616928100586 0.14154934883117676 71144 0
0.4528486728668213 0.18648362159729004 73592 0
0.4525599479675293 0.19976043701171875 73464 0
0.4606902599334717 0.15085363388061523 61646 0
0.4174821376800537 0.13972783088684082 72172 0
0.4487905502319336 0.19605541229248047 68564 0
0.4473268985748291 0.18391132354736328 70140 0
0.4679701328277588 0.12851810455322266 72707 0
0.4456632137298584 0.12816715240478516 72670 0
0.454068660736084 0.14364361763000488 72281 0
0.4539377689361572 0.1877894401550293 74175 0
0.4224987030029297 0.13304948806762695 73949 0
0.4426102638244629 0.13196849822998047 73513 0
0.43780040740966797 0.19050335884094238 73574 0
0.45274877548217773 0.13855791091918945 72956 0
0.4586617946624756 0.1299760341644287 68670 0
0.4519834518432617 0.14510798454284668 73689 0
0.4639291763305664 0.12163901329040527 73627 0
0.43555450439453125 0.1424086093902588 73256 0
0.4413888454437256 0.18230342864990234 73104 0
0.44629645347595215 0.13645625114440918 73173 0
0.45566821098327637 0.16066980361938477 73628 0
0.35545992851257324 0.1351487636566162 73404 0
0.4722578525543213 0.14973783493041992 67725 0
0.4331696033477783 0.15271973609924316 72937 0
0.44273829460144043 0.1453406810760498 73529 0
0.45542240142822266 0.13845300674438477 73262 0
0.47582006454467773 0.13639330863952637 73243 0
0.4568181037902832 0.20745038986206055 72894 0
0.45755577087402344 0.14564776420593262 72742 0
0.46262240409851074 0.14257049560546875 69916 0
0.4630601406097412 0.1393876075744629 73038 0
0.46943044662475586 0.1471545696258545 72366 0
0.4490201473236084 0.1517794132232666 63964 0
0.46816468238830566 0.1373281478881836 71860 0
0.45176100730895996 0.1242372989654541 66248 0
0.46109652519226074 0.13189172744750977 72215 0
0.430056095123291 0.18468856811523438 72871 0
0.4559047222137451 0.13938689231872559 73181 0
0.45771145820617676 0.13027644157409668 70983 0
0.4434516429901123 0.13310694694519043 73426 0
0.4493370056152344 0.12128543853759766 73543 0
0.45430994033813477 0.13609099388122559 73574 0
0.4331841468811035 0.1436152458190918 73619 0
0.4560976028442383 0.14306211471557617 73017 0
0.464550256729126 0.14538311958312988 69281 0
0.46570277214050293 0.16063308715820312 73150 0
0.47704386711120605 0.13344240188598633 73496 0
0.44073057174682617 0.13404393196105957 73559 0
0.4574716091156006 0.17879915237426758 73894 0
0.4553050994873047 0.1422743797302246 73473 0
0.46019625663757324 0.14061880111694336 73143 0
0.47011852264404297 0.14325690269470215 73047 0
0.46981143951416016 0.14807629585266113 69345 0
0.44749927520751953 0.15205740928649902 71580 0
0.39914560317993164 0.13581252098083496 76908 0
0.4291839599609375 0.13759732246398926 77568 0
0.4652278423309326 0.15790247917175293 77524 0
0.4434390068054199 0.1346111297607422 77946 0
0.4229445457458496 0.12211728096008301 79432 0
0.4583127498626709 0.14330244064331055 78443 0
0.4517967700958252 0.12576580047607422 78966 0
0.4458332061767578 0.156982421875 78685 0
0.46647214889526367 0.13176727294921875 76961 0
0.43892979621887207 0.18705081939697266 78515 0
0.44356703758239746 0.13644933700561523 72786 0
0.4386749267578125 0.1350693702697754 74767 0
0.46741724014282227 0.19438743591308594 75662 0
0.4382498264312744 0.12987375259399414 76205 0
0.44597697257995605 0.14201688766479492 77206 0
0.4508216381072998 0.18036317825317383 76702 0
0.46103906631469727 0.13042783737182617 76674 0
0.45896005630493164 0.14383697509765625 77771 0
0.44724464416503906 0.14415574073791504 77254 0
0.47585487365722656 0.16944527626037598 75423 0
0.4558391571044922 0.1624281406402588 75279 0
0.4757554531097412 0.15786314010620117 75189 0
0.4513564109802246 0.17441034317016602 75736 0
0.474215030670166 0.16947102546691895 75399 0
0.43602943420410156 0.19807052612304688 75819 0
0.4689300060272217 0.16811585426330566 75525 0
0.45603322982788086 0.13188934326171875 75694 0
0.4523296356201172 0.1776106357574463 77887 0
0.44181060791015625 0.13200068473815918 77906 0
0.4491608142852783 0.13930773735046387 76696 0
0.4344902038574219 0.14398431777954102 77317 0
0.4812486171722412 0.16428661346435547 77796 0
0.4762296676635742 0.13887882232666016 77031 0
0.4454796314239502 0.14641070365905762 76677 0
0.4477109909057617 0.13876962661743164 75616 0
0.45244932174682617 0.1352851390838623 76585 0
0.47034525871276855 0.17000579833984375 75648 0
0.4469296932220459 0.12720179557800293 76982 0
0.4371654987335205 0.13437604904174805 77925 0
0.4559333324432373 0.15639495849609375 75407 0
0.4379134178161621 0.17336130142211914 75371 0
0.44492340087890625 0.13963627815246582 75920 0
0.4564063549041748 0.14168763160705566 76050 0
0.4342765808105469 0.20060348510742188 74690 0
0.44942688941955566 0.14148473739624023 76362 0
0.445284366607666 0.13537812232971191 75259 0
0.44708752632141113 0.1390681266784668 74786 0
0.4556772708892822 0.1427021026611328 75863 0
0.4384779930114746 0.17986583709716797 76468 0
0.454089879989624 0.14410758018493652 75454 0
0.44016051292419434 0.19541406631469727 75405 0
0.4581003189086914 0.13945221900939941 75242 0
0.47077322006225586 0.14413881301879883 74118 0
0.4478118419647217 0.1363229751586914 75112 0
0.45570945739746094 0.13928580284118652 73386 0
0.48128557205200195 0.16516566276550293 73867 0
0.451587438583374 0.14578604698181152 74403 0
0.45214200019836426 0.20426011085510254 73321 0
0.47653627395629883 0.15498971939086914 74299 0
0.46655774116516113 0.15329289436340332 74842 0
0.45146799087524414 0.1499042510986328 74146 0
0.4597964286804199 0.13861823081970215 74476 0
0.4542698860168457 0.17182040214538574 74645 0
0.4437251091003418 0.1401960849761963 75437 0
0.44614338874816895 0.1249842643737793 74943 0
0.4405531883239746 0.13466906547546387 74754 0
0.4542098045349121 0.1593787670135498 76123 0
0.44162726402282715 0.14871644973754883 75891 0
0.43811917304992676 0.18306732177734375 75245 0
0.47208309173583984 0.18912196159362793 76085 0
0.4445478916168213 0.13068199157714844 75947 0
0.46692681312561035 0.15149164199829102 75317 0
0.4438176155090332 0.18444514274597168 71856 0
0.4451744556427002 0.13756418228149414 77928 0
0.4330575466156006 0.17876696586608887 77576 0
0.4385647773742676 0.1578514575958252 77612 0
0.4452645778656006 0.2042379379272461 77668 0
0.4493417739868164 0.14571094512939453 79847 0
0.4687347412109375 0.13789653778076172 78941 0
0.4482142925262451 0.1320943832397461 79362 0
0.45853376388549805 0.14583063125610352 79370 0
0.4626772403717041 0.1318650245666504 79702 0
0.43870043754577637 0.1861281394958496 73343 0
0.4547452926635742 0.193648099899292 71887 0
0.4431605339050293 0.13302040100097656 78420 0
0.4354281425476074 0.1313340663909912 81611 0
0.4647531509399414 0.11796951293945312 76063 0
0.4554917812347412 0.12689900398254395 78911 0
0.44939160346984863 0.17781448364257812 74573 0
0.4484531879425049 0.14991974830627441 74213 0
0.4591350555419922 0.13517403602600098 74102 0
0.45772218704223633 0.13074803352355957 75805 0
0.45838475227355957 0.14231204986572266 76874 0
0.45130109786987305 0.14101552963256836 76177 0
0.4560210704803467 0.1317896842956543 77891 0
0.4676516056060791 0.17693614959716797 77419 0
0.46061110496520996 0.12549805641174316 73343 0
0.47509002685546875 0.12440776824951172 79390 0
0.4400324821472168 0.14252638816833496 77600 0
0.4534568786621094 0.13657331466674805 77422 0
0.4696464538574219 0.1663074493408203 79593 0
0.4653034210205078 0.20704150199890137 80976 0
0.45035552978515625 0.19837617874145508 73558 0
0.4426002502441406 0.1907641887664795 80904 0
0.45349645614624023 0.14771389961242676 81993 0
0.4573965072631836 0.13538789749145508 82172 0
0.45368409156799316 0.133742094039917 81417 0
0.47295498847961426 0.13837242126464844 82060 0
0.4547266960144043 0.13532686233520508 81667 0
0.4668090343475342 0.13730764389038086 82554 0
0.4295163154602051 0.12698030471801758 81016 0
0.4568779468536377 0.14376401901245117 81673 0
0.4514951705932617 0.13684701919555664 84358 0
0.4440290927886963 0.14043569564819336 81676 0
0.4364473819732666 0.12444257736206055 81458 0
0.4333803653717041 0.13694453239440918 80750 0
0.44762420654296875 0.15381073951721191 79728 0
0.4434046745300293 0.1747722625732422 79297 0
0.45717811584472656 0.13815045356750488 80107 0
0.4351027011871338 0.13953876495361328 79861 0
0.4516146183013916 0.16855192184448242 79810 0
0.4791269302368164 0.14910507202148438 80567 0
0.46332669258117676 0.13617372512817383 80142 0
0.45604658126831055 0.13310837745666504 78556 0
0.4248387813568115 0.17380690574645996 80723 0
0.43918943405151367 0.20910954475402832 80426 0
0.47956204414367676 0.12925410270690918 73833 0
0.4819042682647705 0.17182469367980957 80442 0
0.45658278465270996 0.1686842441558838 78106 0
0.4680013656616211 0.19910931587219238 77259 0
0.4498302936553955 0.14229536056518555 81244 0
0.42862486839294434 0.13060879707336426 81252 0
0.4660046100616455 0.15241074562072754 74089 0
0.4570038318634033 0.13475370407104492 81528 0
0.4538459777832031 0.15340876579284668 80461 0
0.47429394721984863 0.16464614868164062 80420 0
0.4634833335876465 0.1505289077758789 79893 0
0.45301222801208496 0.12343311309814453 79048 0
0.44418931007385254 0.15122389793395996 79949 0
0.4523012638092041 0.14139699935913086 79654 0
0.4426150321960449 0.18645262718200684 81115 0
0.4486277103424072 0.17118215560913086 81333 0
0.44586920738220215 0.14702534675598145 80364 0
0.46563029289245605 0.14826393127441406 81430 0
0.41462182998657227 0.12990808486938477 80425 0
0.4507582187652588 0.13805031776428223 81481 0
0.4016599655151367 0.17085862159729004 79780 0
0.47563672065734863 0.1813056468963623 79831 0
0.47921180725097656 0.14289283752441406 79444 0
0.4531362056732178 0.14666748046875 79148 0
0.4519338607788086 0.1506950855255127 80584 0
0.4390685558319092 0.1418287754058838 80792 0
0.4457852840423584 0.1348428726196289 80927 0
0.45771145820617676 0.14056849479675293 78076 0
0.454204797744751 0.1518247127532959 81404 0
0.4368150234222412 0.14240264892578125 82723 0
0.449537992477417 0.13578271865844727 75043 0
0.4430673122406006 0.1512432098388672 83002 0
0.4600987434387207 0.13463902473449707 83166 0
0.45603036880493164 0.1612529754638672 81118 0
0.47375917434692383 0.1382455825805664 84017 0
0.3862879276275635 0.14707684516906738 84585 0
0.4260740280151367 0.12689828872680664 81064 0
0.43807387351989746 0.13449454307556152 86981 0
0.4745595455169678 0.1328730583190918 85758 0
0.4514956474304199 0.14600133895874023 86941 0
0.4700162410736084 0.19461345672607422 85266 0
0.47148585319519043 0.15078973770141602 82582 0
0.4522843360900879 0.1681525707244873 82248 0
0.4511282444000244 0.13962340354919434 81502 0
0.4583702087402344 0.13205885887145996 81183 0
0.4777965545654297 0.14695429801940918 81533 0
0.43503713607788086 0.13691473007202148 81010 0
0.4407176971435547 0.17917871475219727 80712 0
0.4229605197906494 0.1401073932647705 80788 0
0.42555952072143555 0.13484954833984375 79279 0
0.43916797637939453 0.13459134101867676 79083 0
0.4552147388458252 0.14261150360107422 78065 0
0.4712705612182617 0.1357405185699463 80023 0
0.4589529037475586 0.13680601119995117 80463 0
0.4748711585998535 0.14064288139343262 79595 0
0.46039319038391113 0.140974760055542 78248 0
0.46096324920654297 0.14136695861816406 77572 0
0.4805138111114502 0.17049646377563477 78110 0
0.4609341621398926 0.15632891654968262 77836 0
0.42404651641845703 0.1383225917816162 77583 0
0.42296624183654785 0.13508391380310059 78074 0
0.4519195556640625 0.1457502841949463 76285 0
0.45437002182006836 0.18034577369689941 77363 0
0.45067286491394043 0.20768380165100098 77108 0
0.46022915840148926 0.13950657844543457 77720 0
0.44617629051208496 0.141707181930542 76652 0
0.44246578216552734 0.15737009048461914 77268 0
0.44937682151794434 0.17115426063537598 76403 0
0.4504680633544922 0.1337745189666748 77578 0
0.44933271408081055 0.19744229316711426 77791 0
