0.28141188621520996 0.010018587112426758 595102 0
0.2780284881591797 0.010348081588745117 596890 0
0.281482458114624 0.011462211608886719 596590 0
0.27237558364868164 0.011335134506225586 596901 0
0.27556824684143066 0.011164665222167969 596990 0
0.2807483673095703 0.01175069808959961 597034 0
0.2778747081756592 0.011148691177368164 597280 0
0.2815840244293213 0.010743379592895508 596564 0
0.2734110355377197 0.011579036712646484 596425 0
0.2754392623901367 0.010100841522216797 596729 0
0.271010160446167 0.012363910675048828 596708 0
0.2817871570587158 0.010128259658813477 596727 0
0.26811814308166504 0.011115550994873047 596940 0
0.27783203125 0.011629343032836914 596645 0
0.2739293575286865 0.01067662239074707 596839 0
0.28153276443481445 0.010095834732055664 597792 0
0.27898097038269043 0.011774778366088867 597066 0
0.28076601028442383 0.012262821197509766 597116 0
0.288926362991333 0.012082338333129883 597756 0
0.27742791175842285 0.01223134994506836 597437 0
0.2755422592163086 0.011703252792358398 597600 0
0.28320932388305664 0.01012873649597168 597473 0
0.27839159965515137 0.010263681411743164 597373 0
0.2835977077484131 0.01260685920715332 597306 0
0.2849137783050537 0.011286735534667969 597202 0
0.27831053733825684 0.011566400527954102 597505 0
0.28429698944091797 0.011661767959594727 597756 0
0.27715492248535156 0.011813163757324219 597879 0
0.2692546844482422 0.011516809463500977 597821 0
0.28403711318969727 0.011043071746826172 597927 0
0.2735707759857178 0.012516260147094727 598116 0
0.2899963855743408 0.012372255325317383 598111 0
0.2778644561767578 0.011348962783813477 598111 0
0.27295613288879395 0.011457681655883789 597695 0
0.2775139808654785 0.011053085327148438 597963 0
0.27671194076538086 0.010242938995361328 598093 0
0.28320884704589844 0.010509014129638672 597974 0
0.2744712829589844 0.011403560638427734 597375 0
0.2783803939819336 0.011198997497558594 597510 0
0.27794528007507324 0.01027369499206543 597022 0
0.2690896987915039 0.011326789855957031 597622 0
0.2714507579803467 0.011826276779174805 597771 0
0.26888442039489746 0.010150432586669922 597509 0
0.27701282501220703 0.010673999786376953 597614 0
0.2811002731323242 0.010200262069702148 598424 0
0.27369189262390137 0.011680364608764648 598569 0
0.276684045791626 0.010911703109741211 598696 0
0.28690266609191895 0.012563467025756836 598935 0
0.2797114849090576 0.010998249053955078 598427 0
0.2759242057800293 0.012409448623657227 598652 0
0.2824523448944092 0.012291669845581055 598074 0
0.2703876495361328 0.012611150741577148 597760 0
0.26848268508911133 0.009999513626098633 597301 0
0.26694726943969727 0.011447906494140625 598054 0
0.2738513946533203 0.011811256408691406 598077 0
0.28549647331237793 0.011240005493164062 598493 0
0.28090643882751465 0.01025843620300293 598975 0
0.27559375762939453 0.011226177215576172 598563 0
0.2741668224334717 0.010194540023803711 597720 0
0.28452587127685547 0.010336637496948242 598454 0
0.2797708511352539 0.01059865951538086 598024 0
0.27829670906066895 0.011139631271362305 597321 0
0.27202367782592773 0.011060237884521484 597376 0
0.28029704093933105 0.01065206527709961 596892 0
0.2717092037200928 0.01115274429321289 596639 0
0.28543686866760254 0.010647058486938477 596942 0
0.2811613082885742 0.010962724685668945 596352 0
0.27001523971557617 0.011157989501953125 595963 0
0.2779524326324463 0.01018071174621582 596189 0
0.27489757537841797 0.010479927062988281 595393 0
0.2691619396209717 0.010928630828857422 595859 0
0.277895450592041 0.010085582733154297 596067 0
0.2870042324066162 0.010139703750610352 595842 0
0.28212547302246094 0.011341333389282227 595439 0
0.2794983386993408 0.011300325393676758 595793 0
0.2783355712890625 0.011040449142456055 595545 0
0.27927398681640625 0.010320663452148438 595624 0
0.2893517017364502 0.011474847793579102 595864 0
0.26762962341308594 0.01101064682006836 595679 0
0.27870917320251465 0.010629415512084961 595412 0
0.2728579044342041 0.010972023010253906 596045 0
0.2759673595428467 0.011217832565307617 598001 0
0.2926797866821289 0.011527776718139648 597240 0
0.2791709899902344 0.0117645263671875 597307 0
0.2789173126220703 0.011534929275512695 598087 0
0.28555870056152344 0.010055065155029297 597958 0
0.2683887481689453 0.01002645492553711 597977 0
0.27170705795288086 0.011514425277709961 597495 0
0.2678947448730469 0.010141611099243164 597752 0
0.2744431495666504 0.011831521987915039 598010 0
0.2725985050201416 0.010159969329833984 597808 0
0.2753570079803467 0.01113271713256836 598000 0
0.28455257415771484 0.012809276580810547 598347 0
0.2726118564605713 0.011376380920410156 598298 0
0.2754983901977539 0.013310670852661133 598132 0
0.2861518859863281 0.011059999465942383 599074 0
0.2745375633239746 0.011366844177246094 598906 0
0.2717781066894531 0.011015892028808594 599061 0
0.27971649169921875 0.011069059371948242 599313 0
0.2721705436706543 0.011953115463256836 599188 0
0.2738018035888672 0.010114431381225586 599079 0
0.2699739933013916 0.010089635848999023 598988 0
0.2823059558868408 0.011143207550048828 598784 0
0.2736051082611084 0.0101318359375 598301 0
0.2797267436981201 0.011252641677856445 598695 0
0.26906728744506836 0.01004791259765625 598366 0
0.2687697410583496 0.011791706085205078 598821 0
0.27848267555236816 0.012043237686157227 599376 0
0.27787303924560547 0.010374784469604492 598680 0
0.27414727210998535 0.011253833770751953 598818 0
0.2774658203125 0.01128840446472168 598550 0
0.2868075370788574 0.011987447738647461 598362 0
0.28235602378845215 0.011822938919067383 598542 0
0.28103089332580566 0.011303186416625977 598646 0
0.27454328536987305 0.0117950439453125 598560 0
0.2793881893157959 0.010125160217285156 598795 0
0.2707788944244385 0.011454105377197266 599239 0
0.27422666549682617 0.011435985565185547 599087 0
0.2816603183746338 0.011736392974853516 599386 0
0.282459020614624 0.011216402053833008 599274 0
0.2875549793243408 0.011490821838378906 598348 0
0.27446842193603516 0.011367559432983398 598630 0
0.273165225982666 0.011198282241821289 599195 0
0.2763690948486328 0.011170387268066406 599094 0
0.28174805641174316 0.010685920715332031 598897 0
0.2816586494445801 0.010477066040039062 599382 0
0.27464747428894043 0.011836528778076172 598736 0
0.2781486511230469 0.011179447174072266 599260 0
0.2801225185394287 0.011942386627197266 599867 0
0.27105212211608887 0.010105133056640625 599625 0
0.27608418464660645 0.011403322219848633 600003 0
0.28548383712768555 0.012585878372192383 600145 0
0.2725405693054199 0.01095271110534668 600188 0
0.27721548080444336 0.010677814483642578 600242 0
0.27814507484436035 0.010703563690185547 600903 0
0.2746272087097168 0.01153421401977539 600164 0
0.27181029319763184 0.011813879013061523 600370 0
0.2779397964477539 0.011784553527832031 601198 0
0.27692413330078125 0.010193824768066406 600825 0
0.27492356300354004 0.01163625717163086 600851 0
0.2799379825592041 0.011180400848388672 601660 0
0.28764939308166504 0.010171175003051758 601275 0
0.2763783931732178 0.010943889617919922 601368 0
0.27387261390686035 0.011640548706054688 601838 0
0.2791712284088135 0.011609315872192383 601127 0
0.2739598751068115 0.01165771484375 601474 0
0.27615952491760254 0.012201070785522461 601543 0
0.27380990982055664 0.010573625564575195 601849 0
0.2729058265686035 0.01210641860961914 601592 0
0.2796013355255127 0.011144638061523438 602175 0
0.2824552059173584 0.010199546813964844 601608 0
0.288257360458374 0.012126922607421875 601533 0
0.2750217914581299 0.01149439811706543 602431 0
0.2751283645629883 0.012454509735107422 601706 0
0.27683115005493164 0.01022791862487793 602318 0
0.2746849060058594 0.010663270950317383 602527 0
0.27274394035339355 0.011873006820678711 601821 0
0.2791106700897217 0.012804985046386719 602133 0
0.2749021053314209 0.010236740112304688 602570 0
0.27954888343811035 0.012389421463012695 601987 0
0.28494906425476074 0.011311769485473633 602214 0
0.2893824577331543 0.012164592742919922 602856 0
0.27077364921569824 0.011260032653808594 601321 0
0.2679121494293213 0.011031389236450195 601620 0
0.27680468559265137 0.012040138244628906 604399 0
0.27532434463500977 0.010781526565551758 603188 0
0.2771580219268799 0.011781454086303711 603016 0
0.27759671211242676 0.011946916580200195 604057 0
0.27868056297302246 0.010620832443237305 603242 0
0.2712366580963135 0.011449813842773438 603758 0
0.277599573135376 0.01122426986694336 605115 0
0.275315523147583 0.011895179748535156 603698 0
0.2725849151611328 0.011421680450439453 604080 0
0.28630805015563965 0.010866641998291016 604197 0
0.28102588653564453 0.010852813720703125 603489 0
0.27911996841430664 0.011563301086425781 603419 0
0.27747106552124023 0.012525558471679688 603360 0
0.27402353286743164 0.011078357696533203 602790 0
0.27796196937561035 0.010441064834594727 602755 0
0.2810220718383789 0.011251211166381836 602850 0
0.285186767578125 0.010191679000854492 601665 0
0.274796724319458 0.012838363647460938 600785 0
0.2887859344482422 0.011020898818969727 602083 0
0.29273056983947754 0.011834859848022461 600812 0
0.2733187675476074 0.01154327392578125 600903 0
0.2794828414916992 0.01220083236694336 601752 0
0.2794649600982666 0.010182619094848633 600973 0
0.27016305923461914 0.010172128677368164 601157 0
0.2837967872619629 0.01063990592956543 601412 0
0.27082347869873047 0.010173320770263672 601193 0
0.2749793529510498 0.012648820877075195 600602 0
0.280977725982666 0.011458396911621094 601592 0
0.27324748039245605 0.011195898056030273 600842 0
0.2880270481109619 0.011797666549682617 600443 0
0.2761094570159912 0.010120391845703125 600856 0
0.2763650417327881 0.01119685173034668 599918 0
0.2774341106414795 0.011973142623901367 599833 0
0.2708699703216553 0.010580062866210938 600207 0
0.286362886428833 0.011654138565063477 598081 0
0.27501845359802246 0.011498212814331055 598700 0
0.27501797676086426 0.01276707649230957 595180 0
0.2808570861816406 0.011596441268920898 594969 0
0.28209447860717773 0.011381387710571289 595030 0
0.28070616722106934 0.01193380355834961 595181 0
0.27103471755981445 0.011246681213378906 595619 0
0.27057528495788574 0.011291980743408203 595304 0
0.28807568550109863 0.012317180633544922 595986 0
0.28307628631591797 0.010919570922851562 595782 0
0.285067081451416 0.011884450912475586 596410 0
0.2853279113769531 0.01024007797241211 596372 0
0.2839524745941162 0.01016092300415039 596093 0
0.2923715114593506 0.011856794357299805 596354 0
0.2735433578491211 0.010285139083862305 595814 0
0.2708852291107178 0.011537551879882812 595602 0
0.27782201766967773 0.012003898620605469 595581 0
0.2730717658996582 0.01120758056640625 595325 0
0.2800147533416748 0.010148048400878906 595532 0
0.280545711517334 0.01122593879699707 596204 0
0.278336763381958 0.011649847030639648 596672 0
0.28319716453552246 0.012597799301147461 596595 0
0.2795727252960205 0.01182246208190918 596703 0
0.28914904594421387 0.011715888977050781 596214 0
0.2788536548614502 0.010145425796508789 596612 0
0.2771899700164795 0.011693477630615234 596652 0
0.27977585792541504 0.012231111526489258 596226 0
0.27099609375 0.010245323181152344 596164 0
0.28406214714050293 0.010235309600830078 596356 0
0.2802863121032715 0.011718988418579102 596207 0
0.2722651958465576 0.011270284652709961 596240 0
0.27048420906066895 0.010034561157226562 596133 0
0.2697467803955078 0.010269641876220703 595924 0
0.281299352645874 0.010791301727294922 595678 0
0.27915096282958984 0.010657310485839844 596099 0
0.2791619300842285 0.010097026824951172 596165 0
0.27770066261291504 0.010155916213989258 596729 0
0.28774571418762207 0.010439634323120117 596487 0
0.27929162979125977 0.011865854263305664 596419 0
0.27023959159851074 0.010790824890136719 596303 0
0.2797098159790039 0.010303735733032227 596482 0
0.27356982231140137 0.011758089065551758 596003 0
0.2760922908782959 0.011367559432983398 595759 0
0.2736833095550537 0.01088261604309082 595980 0
0.2702970504760742 0.010156393051147461 595881 0
0.2823207378387451 0.011707067489624023 595660 0
0.2742910385131836 0.012785673141479492 595505 0
0.27460622787475586 0.011307954788208008 594589 0
0.27462196350097656 0.011141061782836914 594800 0
0.2726597785949707 0.011253833770751953 595084 0
0.2828350067138672 0.010134458541870117 595578 0
0.2893242835998535 0.011653423309326172 595016 0
0.27854394912719727 0.011592388153076172 595384 0
0.2784910202026367 0.010667085647583008 594995 0
0.28595638275146484 0.010427236557006836 594959 0
0.2878077030181885 0.01239466667175293 595422 0
0.28560304641723633 0.011520862579345703 594680 0
0.28040409088134766 0.011709451675415039 595386 0
0.27712368965148926 0.010241508483886719 595484 0
0.2752823829650879 0.010219573974609375 595143 0
0.27362656593322754 0.01186990737915039 594470 0
0.2846806049346924 0.01236581802368164 594884 0
0.27602291107177734 0.011450529098510742 594449 0
0.27481913566589355 0.012888431549072266 594274 0
0.27396583557128906 0.010045051574707031 595198 0
0.27706050872802734 0.01162862777709961 594653 0
0.28051209449768066 0.010249614715576172 595179 0
0.27580833435058594 0.010182380676269531 595149 0
0.2786898612976074 0.010975360870361328 594842 0
0.2911546230316162 0.011611223220825195 595238 0
0.2745823860168457 0.011760473251342773 595217 0
0.2813222408294678 0.011874914169311523 594652 0
0.27919530868530273 0.011374473571777344 594583 0
0.28523945808410645 0.01113128662109375 594844 0
0.27234482765197754 0.012824296951293945 594265 0
0.2782409191131592 0.011108875274658203 594984 0
0.2888913154602051 0.010162591934204102 594711 0
0.2838771343231201 0.011305570602416992 594730 0
0.2794802188873291 0.010482072830200195 595460 0
0.28592824935913086 0.012084722518920898 595076 0
0.275921106338501 0.011528730392456055 595321 0
0.28226733207702637 0.010092020034790039 595968 0
0.2798490524291992 0.011852264404296875 595399 0
0.2862739562988281 0.011292219161987305 595366 0
0.28093624114990234 0.01030588150024414 596148 0
0.2777383327484131 0.011345386505126953 595175 0
0.27018284797668457 0.011034727096557617 595672 0
0.27626895904541016 0.01097726821899414 596436 0
0.273909330368042 0.01109623908996582 595701 0
0.2847452163696289 0.011312246322631836 595414 0
0.28133726119995117 0.011955976486206055 595539 0
0.28551459312438965 0.011575460433959961 595041 0
0.27713513374328613 0.011406660079956055 594873 0
0.2768218517303467 0.01218557357788086 595476 0
0.2842676639556885 0.01169586181640625 594567 0
0.28321385383605957 0.010124444961547852 594666 0
0.27557826042175293 0.010143756866455078 594907 0
0.28170299530029297 0.01162576675415039 595436 0
0.2806234359741211 0.010701417922973633 595609 0
0.2900967597961426 0.012148857116699219 596159 0
0.2746760845184326 0.01148843765258789 595886 0
0.2701382637023926 0.010482311248779297 595690 0
0.2815849781036377 0.010392189025878906 596159 0
0.2810251712799072 0.010351181030273438 595915 0
0.2833242416381836 0.010508060455322266 595673 0
0.2786891460418701 0.010336637496948242 595882 0
0.27884531021118164 0.012415170669555664 596128 0
0.2811250686645508 0.011364936828613281 595810 0
0.27390146255493164 0.010808467864990234 596171 0
0.2790842056274414 0.012377023696899414 595478 0
0.27343273162841797 0.011022806167602539 594950 0
0.26985812187194824 0.011429548263549805 595538 0
0.27816247940063477 0.011455774307250977 595013 0
0.2728266716003418 0.011338233947753906 594935 0
0.27904796600341797 0.011739253997802734 595828 0
0.28402233123779297 0.010042905807495117 595493 0
0.271960973739624 0.010035514831542969 595829 0
0.2888822555541992 0.01212763786315918 596505 0
0.2874462604522705 0.011060714721679688 595877 0
0.27982258796691895 0.010380983352661133 595577 0
0.2781336307525635 0.012540102005004883 596069 0
0.27730417251586914 0.010436058044433594 595120 0
0.28879666328430176 0.0130767822265625 594881 0
0.28129148483276367 0.010276317596435547 595325 0
0.28230810165405273 0.010094165802001953 595168 0
0.2756211757659912 0.01770472526550293 595274 0
0.2734029293060303 0.011845111846923828 595154 0
0.29302263259887695 0.010077714920043945 594338 0
0.27695226669311523 0.01140284538269043 594381 0
0.2763967514038086 0.012418746948242188 594599 0
0.2846198081970215 0.012241601943969727 594485 0
0.272122859954834 0.01020956039428711 594531 0
0.2867746353149414 0.012185335159301758 594692 0
0.277022123336792 0.011299371719360352 594255 0
0.28649353981018066 0.01130533218383789 594740 0
0.284168004989624 0.011801481246948242 595700 0
0.27991223335266113 0.011264324188232422 594693 0
0.28243088722229004 0.0133819580078125 594995 0
0.2785069942474365 0.011443376541137695 595165 0
0.2707221508026123 0.010096549987792969 594917 0
0.2861659526824951 0.010611534118652344 595098 0
0.27118873596191406 0.010006904602050781 595466 0
0.28789258003234863 0.010058879852294922 595032 0
0.27252697944641113 0.012438774108886719 595113 0
0.2849733829498291 0.010123491287231445 594636 0
0.28166699409484863 0.010515928268432617 594747 0
0.27615833282470703 0.010154008865356445 594776 0
0.2864189147949219 0.010332345962524414 595266 0
0.2725534439086914 0.010081052780151367 594916 0
0.27858662605285645 0.010148048400878906 594844 0
0.2830526828765869 0.011909961700439453 594857 0
0.280001163482666 0.01137399673461914 594608 0
0.2779273986816406 0.011126279830932617 594324 0
0.2758955955505371 0.010114431381225586 594770 0
0.28618741035461426 0.012254476547241211 594196 0
0.2778294086456299 0.010942220687866211 594426 0
0.27697229385375977 0.010555267333984375 594283 0
0.2723226547241211 0.010333538055419922 593874 0
0.28366661071777344 0.012519359588623047 594062 0
0.28015708923339844 0.011764287948608398 593518 0
0.28687000274658203 0.010190725326538086 593212 0
0.27910733222961426 0.01022648811340332 592878 0
0.27900004386901855 0.011882781982421875 593395 0
0.2857949733734131 0.012900352478027344 593129 0
0.2779662609100342 0.010472774505615234 593017 0
0.28268885612487793 0.011577606201171875 596089 0
0.2823653221130371 0.012217998504638672 596236 0
0.28356051445007324 0.011710405349731445 596773 0
0.28216004371643066 0.011382579803466797 597065 0
0.2853422164916992 0.01007843017578125 596595 0
0.2772517204284668 0.011539220809936523 596346 0
0.27650904655456543 0.012794733047485352 596586 0
0.275287389755249 0.011543035507202148 595694 0
0.28530311584472656 0.010096073150634766 595408 0
0.2799642086029053 0.01275777816772461 596166 0
0.2794911861419678 0.010605335235595703 595800 0
0.27312231063842773 0.01064920425415039 596397 0
0.28305935859680176 0.01143336296081543 597907 0
0.2764859199523926 0.010344266891479492 597691 0
0.2798442840576172 0.011844396591186523 598132 0
0.28766560554504395 0.011174678802490234 598837 0
0.28203344345092773 0.011340618133544922 598071 0
0.28136110305786133 0.011886358261108398 598247 0
0.2886343002319336 0.012319087982177734 598428 0
0.2920196056365967 0.013352155685424805 597932 0
0.28792834281921387 0.01119375228881836 598062 0
0.2993760108947754 0.010244607925415039 598640 0
0.28061652183532715 0.01017308235168457 598519 0
0.2855210304260254 0.011476993560791016 598244 0
0.2883627414703369 0.010528087615966797 599378 0
0.27936291694641113 0.010187864303588867 598161 0
0.2861599922180176 0.010248661041259766 597914 0
0.2718391418457031 0.010587692260742188 598445 0
0.28737688064575195 0.010298967361450195 597234 0
0.2928309440612793 0.01162409782409668 597338 0
0.286271333694458 0.010369062423706055 597304 0
0.283097505569458 0.010424613952636719 596010 0
0.2848174571990967 0.011509895324707031 596556 0
0.28292179107666016 0.011762380599975586 596671 0
0.28583574295043945 0.012894153594970703 596076 0
0.2804388999938965 0.0109100341796875 596129 0
0.2810659408569336 0.012186765670776367 596317 0
0.28339338302612305 0.01177835464477539 597099 0
0.2773871421813965 0.012190818786621094 598017 0
0.2780778408050537 0.011441230773925781 596442 0
0.28505539894104004 0.01160287857055664 596578 0
0.2868363857269287 0.01084589958190918 597372 0
0.2734951972961426 0.01159977912902832 596056 0
0.27330803871154785 0.011275291442871094 595988 0
0.28308653831481934 0.011705875396728516 597514 0
0.2806074619293213 0.011996746063232422 596630 0
0.27621006965637207 0.011197805404663086 595819 0
0.2769343852996826 0.011838197708129883 596561 0
0.27565908432006836 0.01111745834350586 595209 0
0.28653669357299805 0.011538505554199219 595283 0
0.28412675857543945 0.011703968048095703 595680 0
0.29372572898864746 0.01148676872253418 593349 0
0.2744174003601074 0.010215520858764648 593099 0
0.2787036895751953 0.01226949691772461 594227 0
0.2818725109100342 0.011025667190551758 592598 0
0.2798798084259033 0.010155200958251953 592811 0
0.27738213539123535 0.011767864227294922 593628 0
0.2763946056365967 0.010072469711303711 592837 0
0.2840445041656494 0.011510372161865234 593109 0
0.2892451286315918 0.010289907455444336 594750 0
0.27967023849487305 0.010155439376831055 592252 0
0.28494811058044434 0.01170206069946289 592821 0
0.28125762939453125 0.013033866882324219 593677 0
0.2927699089050293 0.010368585586547852 591586 0
0.28609156608581543 0.011391878128051758 591349 0
0.2803826332092285 0.010379314422607422 593163 0
0.2785611152648926 0.010368585586547852 591842 0
0.28414082527160645 0.012252092361450195 592269 0
0.28573155403137207 0.011621475219726562 593457 0
0.2897205352783203 0.01223444938659668 593045 0
0.2861766815185547 0.011964797973632812 593783 0
0.27408790588378906 0.011422157287597656 594423 0
0.29082584381103516 0.011817216873168945 593355 0
0.2740058898925781 0.011573314666748047 594119 0
0.2867310047149658 0.011389970779418945 594996 0
0.2748878002166748 0.012218713760375977 593494 0
0.2755885124206543 0.010953426361083984 593827 0
0.28528523445129395 0.010169029235839844 595403 0
0.28441715240478516 0.010020732879638672 594272 0
0.28965187072753906 0.010266542434692383 594139 0
0.28337883949279785 0.011354446411132812 595504 0
0.2851083278656006 0.01014566421508789 594179 0
0.2931995391845703 0.012096881866455078 594273 0
0.2777726650238037 0.012166500091552734 594939 0
0.29073429107666016 0.011847734451293945 593873 0
0.27719926834106445 0.010238409042358398 594336 0
0.27620863914489746 0.010689735412597656 595709 0
0.2856616973876953 0.011928796768188477 595016 0
0.2825043201446533 0.011427640914916992 594960 0
0.28199291229248047 0.010383129119873047 595845 0
0.28380322456359863 0.011081218719482422 594327 0
0.2835848331451416 0.011209487915039062 594652 0
0.2925112247467041 0.01019287109375 595076 0
0.28472185134887695 0.010130167007446289 593959 0
0.2778913974761963 0.01011204719543457 593928 0
0.28443312644958496 0.011616706848144531 594949 0
0.28542280197143555 0.011402368545532227 593660 0
0.28643345832824707 0.0120697021484375 594465 0
0.2735176086425781 0.011578798294067383 595433 0
0.27355241775512695 0.010505437850952148 594065 0
0.28200387954711914 0.009973526000976562 594047 0
0.2790646553039551 0.010256528854370117 595023 0
0.28552722930908203 0.010703563690185547 593892 0
0.28151941299438477 0.010306358337402344 594059 0
0.28229856491088867 0.010555267333984375 594746 0
0.29254651069641113 0.010158538818359375 594053 0
0.2823481559753418 0.010241508483886719 594282 0
0.2829873561859131 0.011723756790161133 594643 0
0.28966784477233887 0.01184535026550293 593532 0
0.27991700172424316 0.010017871856689453 593534 0
0.2833847999572754 0.011156797409057617 595008 0
0.28873515129089355 0.01125645637512207 593664 0
0.2839016914367676 0.010184526443481445 593774 0
0.29303598403930664 0.01216435432434082 594347 0
0.27864742279052734 0.011246681213378906 593363 0
0.27695393562316895 0.011970758438110352 593587 0
0.27596211433410645 0.010963678359985352 593852 0
0.2816891670227051 0.01011514663696289 593249 0
0.29010701179504395 0.011816740036010742 593339 0
0.277463436126709 0.011651039123535156 593279 0
0.28868985176086426 0.011531829833984375 592399 0
0.2799112796783447 0.011439323425292969 592684 0
0.2730569839477539 0.011469841003417969 592487 0
0.2898237705230713 0.011522054672241211 591325 0
0.2740316390991211 0.01146388053894043 591288 0
0.28159475326538086 0.01063227653503418 592065 0
0.28362536430358887 0.010606527328491211 590970 0
0.2788267135620117 0.012136220932006836 590306 0
0.29952239990234375 0.01094818115234375 590905 0
0.28159570693969727 0.012800931930541992 590070 0
0.2821958065032959 0.011139631271362305 590142 0
0.2839503288269043 0.011337757110595703 590295 0
0.2831249237060547 0.011329412460327148 589086 0
0.2947559356689453 0.012067079544067383 588768 0
0.29688477516174316 0.011792659759521484 589530 0
0.2856142520904541 0.009938478469848633 588539 0
0.2869129180908203 0.012272357940673828 588619 0
0.27610111236572266 0.011402368545532227 588940 0
0.2861611843109131 0.011550664901733398 588530 0
0.28114962577819824 0.010191917419433594 588201 0
0.2834749221801758 0.011919736862182617 588205 0
0.28885388374328613 0.01112818717956543 586964 0
0.281705379486084 0.010014533996582031 586543 0
0.2858595848083496 0.011320352554321289 587771 0
0.29270434379577637 0.012381553649902344 586908 0
0.2839198112487793 0.010035514831542969 587169 0
0.2818892002105713 0.010551691055297852 587986 0
0.2883293628692627 0.01147913932800293 587195 0
0.283308744430542 0.010467529296875 587616 0
0.28789472579956055 0.01012873649597168 587734 0
0.2916746139526367 0.01107478141784668 586776 0
0.28441953659057617 0.011682987213134766 586529 0
0.2860255241394043 0.011652469635009766 588241 0
0.2842559814453125 0.01133108139038086 586932 0
0.2795734405517578 0.0115814208984375 586898 0
0.28552889823913574 0.013152360916137695 587475 0
0.2916414737701416 0.011335372924804688 586490 0
0.2748258113861084 0.011452674865722656 586084 0
0.27872419357299805 0.009922027587890625 587179 0
0.2855987548828125 0.010951519012451172 586137 0
0.29532480239868164 0.014974832534790039 586147 0
0.2850155830383301 0.010925531387329102 586584 0
0.28853416442871094 0.011795282363891602 585644 0
0.2803194522857666 0.011424541473388672 586142 0
0.2847168445587158 0.011538505554199219 586962 0
0.291287899017334 0.011164188385009766 584649 0
0.2845766544342041 0.011240243911743164 584868 0
0.2844388484954834 0.01184391975402832 585302 0
0.2754030227661133 0.010263681411743164 584652 0
0.2872159481048584 0.010993480682373047 584377 0
0.2764098644256592 0.011198759078979492 585206 0
0.2877509593963623 0.011590957641601562 584229 0
0.28932762145996094 0.011636018753051758 583928 0
0.27343153953552246 0.010028839111328125 584539 0
0.2832295894622803 0.011323928833007812 584146 0
0.2871391773223877 0.011687278747558594 585589 0
0.28078317642211914 0.011900901794433594 586020 0
0.29135584831237793 0.010116815567016602 584774 0
0.27861738204956055 0.010673999786376953 584743 0
0.2809641361236572 0.011536598205566406 585400 0
0.27343273162841797 0.011597394943237305 584748 0
0.28935718536376953 0.011267662048339844 584713 0
0.29462552070617676 0.011844873428344727 585573 0
0.2929055690765381 0.012141227722167969 584889 0
0.2744152545928955 0.010049819946289062 584833 0
0.2904362678527832 0.015131711959838867 586412 0
0.2905542850494385 0.013091087341308594 585853 0
0.28635430335998535 0.011466741561889648 586407 0
0.2815523147583008 0.010694265365600586 585499 0
0.28035712242126465 0.011734962463378906 586049 0
0.27959489822387695 0.010834693908691406 587133 0
0.2917213439941406 0.011716604232788086 585702 0
0.2946913242340088 0.010823249816894531 585444 0
0.27956461906433105 0.011414289474487305 586103 0
0.2845311164855957 0.012087583541870117 585404 0
0.2883179187774658 0.012059450149536133 589746 0
0.2807884216308594 0.011239767074584961 589023 0
0.2913839817047119 0.012044429779052734 589023 0
0.28026843070983887 0.011741161346435547 589564 0
0.2824678421020508 0.01163339614868164 589048 0
0.28989219665527344 0.01247406005859375 588779 0
0.27474355697631836 0.01149439811706543 589470 0
0.29001784324645996 0.012556314468383789 588513 0
0.2967338562011719 0.011399507522583008 588618 0
0.27351903915405273 0.011185407638549805 589502 0
0.27852654457092285 0.011056184768676758 588171 0
0.2801549434661865 0.010990381240844727 588082 0
0.2872178554534912 0.011324405670166016 588771 0
0.28449559211730957 0.01201772689819336 587387 0
0.27807068824768066 0.011435270309448242 587677 0
0.2830674648284912 0.01040506362915039 587992 0
0.28018856048583984 0.011069059371948242 587038 0
0.28049421310424805 0.01195526123046875 587116 0
0.2858874797821045 0.010322093963623047 587433 0
0.2768416404724121 0.011419057846069336 586828 0
0.28536415100097656 0.012192487716674805 586853 0
0.2817811965942383 0.010965108871459961 587648 0
0.28282928466796875 0.011184453964233398 586597 0
0.28131723403930664 0.010759353637695312 586883 0
0.2779529094696045 0.01055145263671875 588427 0
0.2821364402770996 0.010037422180175781 587533 0
0.2819404602050781 0.0100555419921875 587874 0
0.2740461826324463 0.010001897811889648 589063 0
0.28574371337890625 0.010764360427856445 587958 0
0.28014254570007324 0.012478351593017578 587984 0
0.2873411178588867 0.010874748229980469 589136 0
0.2814185619354248 0.011187076568603516 588505 0
0.28090620040893555 0.009925603866577148 588626 0
0.2885279655456543 0.011910200119018555 589740 0
0.2829768657684326 0.01075887680053711 588758 0
0.2922227382659912 0.01152348518371582 589376 0
0.27767443656921387 0.011359691619873047 590517 0
0.2822377681732178 0.011239767074584961 589609 0
0.2864267826080322 0.011389970779418945 589286 0
0.2872145175933838 0.011423349380493164 590852 0
0.2809135913848877 0.010106325149536133 589562 0
0.2919120788574219 0.011495351791381836 589834 0
0.2752876281738281 0.011710405349731445 590345 0
0.274395227432251 0.010892868041992188 589929 0
0.2808349132537842 0.01189732551574707 590045 0
0.28725099563598633 0.0112152099609375 591299 0
0.281813383102417 0.011342525482177734 607937 0
0.27663588523864746 0.010910749435424805 607634 0
0.27935218811035156 0.010942459106445312 608168 0
0.28377580642700195 0.01101541519165039 608163 0
0.2780444622039795 0.01165628433227539 608106 0
0.2965214252471924 0.012427091598510742 608138 0
0.27971434593200684 0.012185096740722656 608596 0
0.28289008140563965 0.011465787887573242 608102 0
0.28434109687805176 0.010164499282836914 607858 0
0.2808680534362793 0.010152339935302734 608670 0
0.2891967296600342 0.011054277420043945 608366 0
0.28062915802001953 0.011228561401367188 608353 0
0.286146879196167 0.012275457382202148 608861 0
0.28833794593811035 0.011262893676757812 608558 0
0.28029775619506836 0.01019287109375 608555 0
0.2855532169342041 0.011243820190429688 608928 0
0.28566598892211914 0.011197090148925781 608794 0
0.28275156021118164 0.010314702987670898 607935 0
0.28652167320251465 0.012204885482788086 609117 0
0.27811431884765625 0.010970592498779297 608817 0
0.28104686737060547 0.011120796203613281 608844 0
0.2757999897003174 0.01008152961730957 609699 0
0.28725743293762207 0.010187625885009766 609070 0
0.29067540168762207 0.010884284973144531 608437 0
0.274446964263916 0.010172367095947266 610006 0
0.2883446216583252 0.011868476867675781 609282 0
0.2862548828125 0.011689186096191406 609790 0
0.27635836601257324 0.010532617568969727 611321 0
0.29424023628234863 0.0114288330078125 610710 0
0.27667880058288574 0.01195073127746582 610773 0
0.27672553062438965 0.011022806167602539 612147 0
0.28704190254211426 0.010360240936279297 611164 0
0.2795534133911133 0.010185003280639648 610875 0
0.2867915630340576 0.011296510696411133 611531 0
0.2873353958129883 0.011647939682006836 611334 0
0.2782890796661377 0.010220766067504883 611814 0
0.2864871025085449 0.010227203369140625 611972 0
0.28180813789367676 0.012371301651000977 611403 0
0.29236626625061035 0.010202407836914062 610850 0
0.27633166313171387 0.010675430297851562 611213 0
0.2803680896759033 0.010251998901367188 610589 0
0.2870655059814453 0.010440587997436523 611052 0
0.2803986072540283 0.010292530059814453 611542 0
0.28177404403686523 0.01170969009399414 610777 0
0.2811086177825928 0.010966062545776367 611329 0
0.28061914443969727 0.011411666870117188 612320 0
0.28290438652038574 0.010969400405883789 611916 0
0.283963680267334 0.011455059051513672 611834 0
0.28058552742004395 0.010519742965698242 612708 0
0.27381086349487305 0.011128664016723633 611909 0
0.27409863471984863 0.010574579238891602 612348 0
0.28631162643432617 0.010146617889404297 612692 0
0.2828090190887451 0.011688470840454102 612010 0
0.28319430351257324 0.010090112686157227 611653 0
0.2921466827392578 0.011967897415161133 612491 0
0.29317736625671387 0.011301279067993164 612032 0
0.28798389434814453 0.011687278747558594 612464 0
0.2850313186645508 0.010052919387817383 612988 0
0.27803707122802734 0.010431766510009766 612300 0
0.28658413887023926 0.011059045791625977 612612 0
0.28858470916748047 0.011564970016479492 613461 0
0.2894289493560791 0.01258707046508789 612562 0
0.29135990142822266 0.011657953262329102 612787 0
0.2869081497192383 0.010360240936279297 613459 0
0.28516602516174316 0.010564565658569336 612573 0
0.28235816955566406 0.011643171310424805 612592 0
0.2830798625946045 0.011958122253417969 613528 0
0.2752664089202881 0.015237569808959961 612331 0
0.28672194480895996 0.010479927062988281 612066 0
0.2895355224609375 0.011245250701904297 612630 0
0.2933962345123291 0.012592792510986328 612373 0
0.2924356460571289 0.011794328689575195 612235 0
0.2825281620025635 0.010336637496948242 612919 0
0.28725242614746094 0.012769937515258789 611773 0
0.2881615161895752 0.011993885040283203 611752 0
0.2796804904937744 0.011770486831665039 611616 0
0.28104710578918457 0.010187387466430664 610841 0
0.28294920921325684 0.010181665420532227 611077 0
0.2868666648864746 0.01015472412109375 611423 0
0.29263901710510254 0.011955738067626953 609958 0
0.27724337577819824 0.011515617370605469 609652 0
0.283336877822876 0.011089801788330078 610130 0
0.2965397834777832 0.01131749153137207 608735 0
0.2810828685760498 0.010223388671875 608911 0
0.2971987724304199 0.010775089263916016 609588 0
0.2839772701263428 0.011632919311523438 608915 0
0.2861764430999756 0.011243581771850586 609216 0
0.28641438484191895 0.011919736862182617 609471 0
0.276780366897583 0.011949300765991211 608710 0
0.2862253189086914 0.011497735977172852 608912 0
0.2811143398284912 0.010161161422729492 608720 0
0.2833411693572998 0.011812686920166016 608194 0
0.2806510925292969 0.011661767959594727 608550 0
0.2855362892150879 0.012008190155029297 608626 0
0.2850055694580078 0.011403322219848633 607785 0
0.28713393211364746 0.010139226913452148 607704 0
0.28523993492126465 0.010137081146240234 608026 0
0.291027307510376 0.010875701904296875 606904 0
0.2810037136077881 0.014286994934082031 606696 0
0.2780170440673828 0.011963129043579102 606732 0
0.2815568447113037 0.012109041213989258 605997 0
0.27515363693237305 0.011698484420776367 605714 0
0.2766697406768799 0.01114654541015625 606155 0
0.28751277923583984 0.012074708938598633 605381 0
0.276470422744751 0.01113271713256836 605406 0
0.2943449020385742 0.011426210403442383 605897 0
0.2807753086090088 0.010689973831176758 605697 0
0.283846378326416 0.011642694473266602 605665 0
0.28636598587036133 0.011460065841674805 605731 0
0.28269028663635254 0.0107574462890625 605436 0
0.2876439094543457 0.01183938980102539 605270 0
0.2889275550842285 0.011876583099365234 605719 0
0.2956421375274658 0.01200556755065918 605270 0
0.2930436134338379 0.012385368347167969 604771 0
0.29638099670410156 0.011055231094360352 605843 0
0.2845487594604492 0.01015472412109375 604993 0
0.2915205955505371 0.010323762893676758 604731 0
0.2801339626312256 0.011300325393676758 605269 0
0.2831087112426758 0.011606454849243164 604623 0
0.28156447410583496 0.01017308235168457 604530 0
0.29567408561706543 0.011555671691894531 604675 0
0.28040242195129395 0.01124429702758789 603913 0
0.2847895622253418 0.010239124298095703 604519 0
0.28577160835266113 0.011378765106201172 604841 0
0.28580236434936523 0.010132789611816406 604121 0
0.2959730625152588 0.010442495346069336 604109 0
0.28615713119506836 0.010164499282836914 604652 0
0.2857658863067627 0.010184526443481445 604094 0
0.29425954818725586 0.010129213333129883 603846 0
0.2764732837677002 0.011296272277832031 604133 0
0.27982425689697266 0.010094881057739258 604030 0
0.2844102382659912 0.011159420013427734 603582 0
0.2902710437774658 0.011473894119262695 603889 0
0.27709531784057617 0.01092529296875 603305 0
0.29297637939453125 0.010472297668457031 603647 0
0.28528833389282227 0.01009988784790039 603998 0
0.2870802879333496 0.011745929718017578 603348 0
0.293154239654541 0.010981082916259766 603522 0
0.27568888664245605 0.011711597442626953 603907 0
0.2846865653991699 0.011267423629760742 603394 0
0.2800002098083496 0.010385990142822266 603259 0
0.2815675735473633 0.01167917251586914 603572 0
0.2846672534942627 0.010201454162597656 603307 0
0.29526352882385254 0.011000871658325195 602912 0
0.29102182388305664 0.011675596237182617 603826 0
0.28504419326782227 0.010353326797485352 602997 0
0.28609681129455566 0.01207280158996582 603412 0
0.2761657238006592 0.011578798294067383 603518 0
0.2748143672943115 0.011179447174072266 603097 0
0.2897205352783203 0.010016679763793945 603179 0
0.2844822406768799 0.011096954345703125 603266 0
0.27652454376220703 0.01010894775390625 602923 0
0.29238176345825195 0.011329889297485352 603102 0
0.2866041660308838 0.010596036911010742 603305 0
0.27829694747924805 0.011341571807861328 603120 0
0.2844371795654297 0.011741161346435547 603179 0
0.27598023414611816 0.011197805404663086 603485 0
0.28589701652526855 0.01212000846862793 603090 0
0.282595157623291 0.010175466537475586 602713 0
0.30141425132751465 0.011674642562866211 602990 0
0.2748587131500244 0.010077238082885742 602577 0
0.2800006866455078 0.010113239288330078 602902 0
0.29047322273254395 0.012406349182128906 603847 0
0.28995370864868164 0.011566638946533203 602963 0
0.28199315071105957 0.010167598724365234 602965 0
0.27749180793762207 0.010104179382324219 603199 0
0.28180813789367676 0.012042760848999023 603358 0
0.2864573001861572 0.011739969253540039 603238 0
0.27626919746398926 0.01149606704711914 603169 0
0.2918367385864258 0.012491464614868164 602712 0
0.28658413887023926 0.010810375213623047 602643 0
0.2807133197784424 0.011798620223999023 603131 0
0.2861318588256836 0.011085987091064453 603137 0
0.28821802139282227 0.01258540153503418 602955 0
0.2830228805541992 0.010138511657714844 603514 0
0.28298115730285645 0.011307001113891602 603285 0
0.28200459480285645 0.011971473693847656 603525 0
0.28338050842285156 0.011380195617675781 603368 0
0.2826852798461914 0.010506153106689453 603678 0
0.28723621368408203 0.011343955993652344 603306 0
0.2932426929473877 0.011531591415405273 603432 0
0.2938876152038574 0.011780023574829102 603282 0
0.2826080322265625 0.011455535888671875 603112 0
0.28192830085754395 0.015029668807983398 603063 0
0.2776501178741455 0.011039495468139648 603619 0
0.28515124320983887 0.012563943862915039 603321 0
0.28056859970092773 0.011790275573730469 603562 0
0.29407286643981934 0.0113983154296875 603504 0
0.28550124168395996 0.011363506317138672 603163 0
0.28072571754455566 0.010076045989990234 603875 0
0.28229761123657227 0.011507511138916016 603974 0
0.282543420791626 0.010265350341796875 604033 0
0.28861355781555176 0.011382102966308594 604509 0
0.2933008670806885 0.012276649475097656 603987 0
0.2866041660308838 0.011417865753173828 604238 0
0.2864189147949219 0.010299444198608398 604458 0
0.2830171585083008 0.010033607482910156 604261 0
0.28329896926879883 0.010159015655517578 604380 0
0.28519272804260254 0.012231111526489258 604658 0
0.2761809825897217 0.010831594467163086 604422 0
0.2862401008605957 0.010787725448608398 612648 0
0.28722095489501953 0.012897253036499023 613066 0
0.2794945240020752 0.010375022888183594 612534 0
0.2798473834991455 0.011166572570800781 612829 0
0.27687883377075195 0.012128114700317383 612955 0
0.2762777805328369 0.010337591171264648 612486 0
0.28615736961364746 0.010264873504638672 612814 0
0.2756175994873047 0.011279582977294922 612457 0
0.2943575382232666 0.011769771575927734 612081 0
0.291231632232666 0.012590408325195312 612290 0
0.28735971450805664 0.011303901672363281 611550 0
0.2796671390533447 0.011104822158813477 611439 0
0.2751340866088867 0.012783527374267578 611961 0
0.28110694885253906 0.010349273681640625 612358 0
0.27956128120422363 0.011869192123413086 612089 0
0.28124141693115234 0.010817766189575195 612159 0
0.28707265853881836 0.011219024658203125 612605 0
0.2965414524078369 0.01152658462524414 612759 0
0.2763071060180664 0.011792182922363281 612753 0
0.2948191165924072 0.012937307357788086 613015 0
0.28887104988098145 0.011337995529174805 612813 0
0.2994847297668457 0.010551929473876953 612367 0
0.2923409938812256 0.01232767105102539 613013 0
0.28011631965637207 0.011554956436157227 612289 0
0.2878289222717285 0.012255668640136719 612402 0
0.2783775329589844 0.010107994079589844 612400 0
0.28702783584594727 0.011698484420776367 612247 0
0.28178834915161133 0.011674165725708008 612758 0
0.28836846351623535 0.011239051818847656 612971 0
0.2776169776916504 0.01164698600769043 612602 0
0.2847788333892822 0.01239919662475586 612454 0
0.28291893005371094 0.01019144058227539 612523 0
0.28182172775268555 0.011742353439331055 612423 0
0.2776784896850586 0.01125478744506836 612146 0
0.29179906845092773 0.012604475021362305 612335 0
0.29294252395629883 0.012176513671875 611738 0
0.27776384353637695 0.01190328598022461 611296 0
0.28482770919799805 0.011557817459106445 611447 0
0.2809576988220215 0.011642932891845703 611040 0
0.2962491512298584 0.012435674667358398 610612 0
0.2789926528930664 0.011243820190429688 610919 0
0.27951908111572266 0.012159585952758789 610436 0
0.28415632247924805 0.011713266372680664 610183 0
0.28260254859924316 0.011411666870117188 610147 0
0.2943763732910156 0.012337207794189453 610338 0
0.2743096351623535 0.011536598205566406 610047 0
0.28526782989501953 0.010123968124389648 610130 0
0.2849888801574707 0.011478424072265625 609838 0
0.27350473403930664 0.011327981948852539 609671 0
0.2835109233856201 0.012303352355957031 610054 0
0.2841067314147949 0.012351751327514648 609277 0
0.27712559700012207 0.011560916900634766 609655 0
0.28696513175964355 0.012389898300170898 608992 0
0.2785933017730713 0.011400461196899414 609250 0
0.282900333404541 0.011764287948608398 608613 0
0.2763686180114746 0.012159347534179688 608595 0
0.28944849967956543 0.011309146881103516 609046 0
0.2925834655761719 0.011795997619628906 608758 0
0.28372955322265625 0.011296987533569336 609146 0
0.29138922691345215 0.012979745864868164 608888 0
0.286266565322876 0.010360956192016602 609020 0
0.27355241775512695 0.011329174041748047 609498 0
0.289107084274292 0.01017904281616211 609736 0
0.28044843673706055 0.010092496871948242 610068 0
0.29242730140686035 0.012868642807006836 609256 0
0.28365492820739746 0.01016688346862793 609658 0
0.27840399742126465 0.011361837387084961 609037 0
0.27947545051574707 0.012840747833251953 609654 0
0.27848029136657715 0.01145029067993164 609431 0
0.2757070064544678 0.011278152465820312 609101 0
0.28376126289367676 0.011719465255737305 609274 0
0.28777241706848145 0.013203620910644531 609432 0
0.28632259368896484 0.012553691864013672 608931 0
0.2769773006439209 0.011156558990478516 609929 0
0.2817237377166748 0.010192155838012695 610160 0
0.28961730003356934 0.011886835098266602 610615 0
0.2799956798553467 0.011839628219604492 610995 0
0.2810242176055908 0.011686325073242188 611679 0
0.27935791015625 0.015137195587158203 611443 0
0.2799386978149414 0.01092076301574707 611891 0
0.29308080673217773 0.011338233947753906 611345 0
0.2861661911010742 0.011222124099731445 611948 0
0.29231905937194824 0.01145315170288086 607767 0
0.2901015281677246 0.012307405471801758 608483 0
0.28956079483032227 0.011736154556274414 606883 0
0.2856161594390869 0.012549400329589844 607006 0
0.27959465980529785 0.011464834213256836 606235 0
0.2858891487121582 0.011449813842773438 606609 0
0.2860269546508789 0.011537313461303711 605887 0
0.2832605838775635 0.012540817260742188 605549 0
0.2757833003997803 0.01134181022644043 605434 0
0.2796187400817871 0.011334419250488281 605441 0
0.28190088272094727 0.010270833969116211 605773 0
0.28147268295288086 0.010593414306640625 606168 0
0.28066349029541016 0.011665582656860352 606130 0
0.2832520008087158 0.011943578720092773 606646 0
0.27715039253234863 0.01163172721862793 607319 0
0.2737851142883301 0.010928869247436523 607135 0
0.29280781745910645 0.011658430099487305 606886 0
0.2819857597351074 0.011433839797973633 606854 0
0.28376030921936035 0.011397123336791992 606691 0
0.28638648986816406 0.013183355331420898 607222 0
0.2867405414581299 0.010289192199707031 607130 0
0.28592419624328613 0.011439085006713867 607476 0
0.2787165641784668 0.010473012924194336 607981 0
0.2840447425842285 0.010564804077148438 608431 0
0.2828552722930908 0.011664628982543945 607561 0
0.285646915435791 0.01189732551574707 608382 0
0.27928686141967773 0.011287212371826172 608475 0
0.2863578796386719 0.011301755905151367 608684 0
0.2805368900299072 0.010547161102294922 608523 0
0.28484368324279785 0.010312795639038086 609177 0
0.28517913818359375 0.013894796371459961 608303 0
0.28096508979797363 0.011819601058959961 608687 0
0.2880394458770752 0.011968374252319336 608865 0
0.2814445495605469 0.010726213455200195 608848 0
0.28751683235168457 0.012648820877075195 608977 0
0.2752499580383301 0.01158285140991211 608673 0
0.2736063003540039 0.011348724365234375 608059 0
0.28162145614624023 0.010759353637695312 608257 0
0.28450894355773926 0.010236978530883789 608140 0
0.27975893020629883 0.010368824005126953 609170 0
0.28583478927612305 0.01290583610534668 609332 0
0.27188849449157715 0.012103080749511719 610272 0
0.28907203674316406 0.01151418685913086 609814 0
0.27817606925964355 0.01172327995300293 610827 0
0.28309178352355957 0.011829853057861328 611191 0
0.2738003730773926 0.010046243667602539 611334 0
0.27237486839294434 0.010230302810668945 610563 0
0.28256821632385254 0.01023411750793457 611067 0
0.29046201705932617 0.011179208755493164 610209 0
0.2725841999053955 0.011705636978149414 610524 0
0.2807304859161377 0.01037144660949707 609773 0
0.272247314453125 0.010548591613769531 609948 0
0.2808213233947754 0.011597633361816406 609284 0
0.2803030014038086 0.010180234909057617 609650 0
0.28200531005859375 0.011369466781616211 609381 0
0.2869138717651367 0.011366605758666992 610715 0
0.28281116485595703 0.010258674621582031 609983 0
0.27640604972839355 0.011164665222167969 610553 0
0.286212682723999 0.01111912727355957 610175 0
0.2726626396179199 0.011431694030761719 610886 0
0.2891273498535156 0.012633323669433594 611022 0
0.27152132987976074 0.010295867919921875 611394 0
0.28881001472473145 0.012264490127563477 610758 0
0.2783510684967041 0.0100860595703125 611115 0
0.28008055686950684 0.012671947479248047 610535 0
0.30176615715026855 0.012753725051879883 611010 0
0.27286291122436523 0.010417461395263672 610307 0
0.2855052947998047 0.011821508407592773 610430 0
0.27359604835510254 0.011496305465698242 610215 0
0.2727947235107422 0.011522531509399414 610072 0
0.286052942276001 0.011755943298339844 610190 0
0.2755544185638428 0.010079383850097656 610690 0
0.2744166851043701 0.011347055435180664 610866 0
0.2828223705291748 0.011444807052612305 611456 0
0.27714109420776367 0.01117253303527832 614313 0
0.2967514991760254 0.01206827163696289 614198 0
0.27388548851013184 0.011373043060302734 614338 0
0.2809770107269287 0.011096715927124023 614899 0
0.28296828269958496 0.011745214462280273 614264 0
0.2799980640411377 0.01239776611328125 614351 0
0.2834439277648926 0.01033926010131836 614256 0
0.27782607078552246 0.010975360870361328 613577 0
0.27434206008911133 0.012014150619506836 613145 0
0.285541296005249 0.015594720840454102 613269 0
0.2838609218597412 0.011573553085327148 612086 0
0.2918217182159424 0.012154579162597656 611385 0
0.2843327522277832 0.011556148529052734 611162 0
0.2740519046783447 0.011276483535766602 610671 0
0.2835233211517334 0.011806249618530273 610673 0
0.2922837734222412 0.012199878692626953 610884 0
0.29006218910217285 0.010715246200561523 610402 0
0.2925703525543213 0.011420488357543945 610403 0
0.29592442512512207 0.012287139892578125 610436 0
0.2781212329864502 0.011568546295166016 609656 0
0.284726619720459 0.011774778366088867 609363 0
0.2781949043273926 0.011019706726074219 609270 0
0.2835814952850342 0.011373043060302734 609048 0
0.277937650680542 0.010714530944824219 608608 0
0.28643035888671875 0.011307477951049805 609466 0
0.27524733543395996 0.01174163818359375 609566 0
0.27594518661499023 0.010755538940429688 609197 0
0.2785494327545166 0.010309934616088867 609820 0
0.27841973304748535 0.012483596801757812 609873 0
0.2785830497741699 0.011185884475708008 609433 0
0.2907733917236328 0.011684894561767578 609220 0
0.28942108154296875 0.01184535026550293 609437 0
0.297832727432251 0.010756969451904297 609204 0
0.2792060375213623 0.011260271072387695 609747 0
0.2835242748260498 0.010643959045410156 610067 0
0.2805187702178955 0.011491060256958008 610378 0
0.28588223457336426 0.010895729064941406 610606 0
0.2850182056427002 0.013151407241821289 611121 0
0.2772200107574463 0.011448860168457031 609242 0
0.29250240325927734 0.012606143951416016 609483 0
