0.13079380989074707 0.023093223571777344 123792 0
0.1338210105895996 0.023316383361816406 124852 0
0.13467192649841309 0.02591252326965332 127124 0
0.13212347030639648 0.02512502670288086 122562 0
0.1326615810394287 0.02393198013305664 127818 0
0.1293647289276123 0.02372264862060547 130972 0
0.1336534023284912 0.023774147033691406 130732 0
0.12833309173583984 0.02424907684326172 130476 0
0.13372111320495605 0.023864269256591797 129814 0
0.13137435913085938 0.02515554428100586 130312 0
0.13598203659057617 0.02495098114013672 125434 0
0.12503886222839355 0.023340702056884766 121028 0
0.13334321975708008 0.024885177612304688 129962 0
0.13034963607788086 0.0228574275970459 125682 0
0.12805628776550293 0.02199840545654297 107836 0
0.12820196151733398 0.0232391357421875 125018 0
0.14076733589172363 0.023843765258789062 120900 0
0.12540531158447266 0.024391889572143555 117920 0
0.12972736358642578 0.02233123779296875 114420 0
0.1287546157836914 0.024640321731567383 122284 0
0.1279435157775879 0.025063753128051758 120972 0
0.13416028022766113 0.024303674697875977 117642 0
0.13028931617736816 0.023575782775878906 123122 0
0.13631510734558105 0.02353215217590332 127622 0
0.130079984664917 0.023746728897094727 130002 0
0.13104820251464844 0.02312302589416504 127222 0
0.13543343544006348 0.023703336715698242 117478 0
0.12816238403320312 0.025436878204345703 123564 0
0.12955951690673828 0.02324509620666504 124036 0
0.12871885299682617 0.02244257926940918 120456 0
0.13564848899841309 0.0230560302734375 124202 0
0.13162469863891602 0.023785829544067383 127934 0
0.13162922859191895 0.02471613883972168 122238 0
0.131699800491333 0.025511503219604492 126270 0
0.13363933563232422 0.023209571838378906 117450 0
0.13456034660339355 0.024965763092041016 127132 0
0.1340806484222412 0.027935266494750977 134466 0
0.13603997230529785 0.026237010955810547 131922 0
0.13210415840148926 0.023937463760375977 134086 0
0.12906885147094727 0.02319622039794922 127640 0
0.12985944747924805 0.02310776710510254 119482 0
0.13459205627441406 0.023859500885009766 122812 0
0.12967133522033691 0.024361610412597656 129668 0
0.12996292114257812 0.024860620498657227 129426 0
0.12663912773132324 0.023906469345092773 115230 0
0.1315302848815918 0.025040626525878906 128344 0
0.12944579124450684 0.024712562561035156 130344 0
0.13681983947753906 0.024987459182739258 128344 0
0.13054656982421875 0.023138999938964844 130010 0
0.12899541854858398 0.02380204200744629 129384 0
0.13578557968139648 0.024743318557739258 128960 0
0.13053464889526367 0.025233745574951172 131844 0
0.13854765892028809 0.024698495864868164 128864 0
0.1371607780456543 0.02506232261657715 129678 0
0.14319515228271484 0.027298688888549805 129868 0
0.13268470764160156 0.02476358413696289 130680 0
0.13553452491760254 0.02425980567932129 133028 0
0.13148784637451172 0.023711681365966797 130916 0
0.13184404373168945 0.025222063064575195 133242 0
0.13043761253356934 0.025486230850219727 133442 0
0.13015198707580566 0.030602216720581055 129366 0
0.1326279640197754 0.02532172203063965 129436 0
0.13231301307678223 0.02307605743408203 128870 0
0.13237714767456055 0.02417469024658203 128156 0
0.13082075119018555 0.024050235748291016 123094 0
0.13481879234313965 0.025218486785888672 128966 0
0.12754225730895996 0.02580118179321289 129208 0
0.13047480583190918 0.023534059524536133 129330 0
0.1278235912322998 0.02375483512878418 128662 0
0.12972545623779297 0.02349090576171875 127410 0
0.1305403709411621 0.024097681045532227 126214 0
0.12858319282531738 0.023358821868896484 122192 0
0.12790393829345703 0.0247957706451416 127504 0
0.14585447311401367 0.024292707443237305 125226 0
0.12224483489990234 0.0227813720703125 105832 0
0.1369917392730713 0.025724172592163086 126942 0
0.129150390625 0.023346424102783203 125568 0
0.13127398490905762 0.02623748779296875 120998 0
0.13194656372070312 0.025233745574951172 122108 0
0.12736129760742188 0.026738405227661133 122262 0
0.1320641040802002 0.024327754974365234 127196 0
0.13410186767578125 0.024838924407958984 127396 0
0.13168883323669434 0.023580312728881836 124820 0
0.12755918502807617 0.02468132972717285 125138 0
0.12682628631591797 0.024720430374145508 126930 0
0.12861371040344238 0.02404189109802246 126932 0
0.1322336196899414 0.023029088973999023 119596 0
0.12969732284545898 0.02378678321838379 127624 0
0.12726879119873047 0.025171756744384766 127526 0
0.1292722225189209 0.024440526962280273 128026 0
0.12958717346191406 0.023507356643676758 126224 0
0.12893891334533691 0.023351430892944336 126602 0
0.13261938095092773 0.0236666202545166 126484 0
0.12885499000549316 0.02296137809753418 121392 0
0.13559222221374512 0.024603605270385742 127062 0
0.12778449058532715 0.023612499237060547 126588 0
0.1247856616973877 0.02936077117919922 108330 0
0.1325206756591797 0.02451348304748535 127322 0
0.12833428382873535 0.024294614791870117 127642 0
0.12718415260314941 0.022889137268066406 120394 0
0.1286153793334961 0.024792909622192383 124790 0
0.13190913200378418 0.023682355880737305 126068 0
0.13173437118530273 0.02337503433227539 127132 0
0.12891864776611328 0.024129867553710938 132248 0
0.1316978931427002 0.023566246032714844 131508 0
0.1332402229309082 0.02387404441833496 130188 0
0.1316063404083252 0.024671316146850586 131006 0
0.12894511222839355 0.023316621780395508 132196 0
0.12863993644714355 0.02697443962097168 131810 0
0.1319739818572998 0.0265963077545166 131730 0
0.13495421409606934 0.023837804794311523 131490 0
0.1351630687713623 0.02557063102722168 131504 0
0.13732647895812988 0.025129318237304688 130538 0
0.13358283042907715 0.02503800392150879 131988 0
0.12975120544433594 0.02435898780822754 128882 0
0.13606476783752441 0.027917861938476562 131042 0
0.13296079635620117 0.024051189422607422 118192 0
0.12967252731323242 0.023552656173706055 130676 0
0.13193988800048828 0.023566007614135742 130394 0
0.12934207916259766 0.0262911319732666 130980 0
0.12766718864440918 0.026230335235595703 127100 0
0.13159823417663574 0.02467966079711914 127966 0
0.13109135627746582 0.023461341857910156 126596 0
0.12732672691345215 0.025415897369384766 124894 0
0.13313817977905273 0.024046659469604492 129424 0
0.13079428672790527 0.024127960205078125 129996 0
0.13187050819396973 0.022124052047729492 109360 0
0.13501477241516113 0.024058818817138672 126056 0
0.13294267654418945 0.023901700973510742 113002 0
0.12639164924621582 0.02283191680908203 115818 0
0.1297590732574463 0.022965669631958008 119122 0
0.12898015975952148 0.023281574249267578 122226 0
0.13446474075317383 0.02595663070678711 116340 0
0.12942862510681152 0.024267196655273438 123444 0
0.13474726676940918 0.025876283645629883 125934 0
0.12872648239135742 0.023257970809936523 128024 0
0.12821173667907715 0.025309324264526367 127874 0
0.13022232055664062 0.024080991744995117 127666 0
0.12956500053405762 0.023395538330078125 126528 0
0.12811946868896484 0.024530887603759766 128402 0
0.12796306610107422 0.024370908737182617 131802 0
0.13033723831176758 0.023537874221801758 132278 0
0.1337265968322754 0.024682044982910156 128820 0
0.13142180442810059 0.026705026626586914 130310 0
0.13193893432617188 0.024165868759155273 126714 0
0.1306908130645752 0.024501800537109375 133680 0
0.1363842487335205 0.025440454483032227 131750 0
0.1397249698638916 0.02581048011779785 127952 0
0.13071656227111816 0.023073673248291016 124466 0
0.13407087326049805 0.025675296783447266 124816 0
0.13728761672973633 0.02694416046142578 131820 0
0.13115310668945312 0.024366378784179688 136346 0
0.13876843452453613 0.026691198348999023 135136 0
0.12941384315490723 0.025410175323486328 133852 0
0.1310105323791504 0.025538206100463867 134586 0
0.13348388671875 0.024150371551513672 129954 0
0.12493491172790527 0.022539854049682617 108456 0
0.13148236274719238 0.023715734481811523 124778 0
0.13308119773864746 0.02364349365234375 130250 0
0.12750959396362305 0.02269148826599121 118128 0
0.12991738319396973 0.02349114418029785 117748 0
0.12669110298156738 0.02313971519470215 120796 0
0.12914252281188965 0.022390365600585938 118370 0
0.1361219882965088 0.027147293090820312 122158 0
0.1325361728668213 0.02335381507873535 127054 0
0.128770112991333 0.023515939712524414 122860 0
0.12927603721618652 0.02484273910522461 121116 0
0.13404393196105957 0.025094985961914062 129184 0
0.12821459770202637 0.025425195693969727 127022 0
0.13213515281677246 0.02465033531188965 134980 0
0.13261890411376953 0.025136709213256836 124514 0
0.1296854019165039 0.024241209030151367 131112 0
0.1368696689605713 0.0247647762298584 131202 0
0.13298392295837402 0.024733304977416992 133886 0
0.1344585418701172 0.026144981384277344 132962 0
0.13120818138122559 0.0253753662109375 133270 0
0.13012933731079102 0.024799346923828125 126004 0
0.13226842880249023 0.024622440338134766 134282 0
0.1292405128479004 0.026131153106689453 135064 0
0.13341450691223145 0.024516820907592773 135008 0
0.13242816925048828 0.025489330291748047 133180 0
0.13188648223876953 0.02375197410583496 130156 0
0.12975120544433594 0.025160789489746094 133782 0
0.13128423690795898 0.023532867431640625 126316 0
0.13152122497558594 0.024028778076171875 132520 0
0.13882851600646973 0.026363849639892578 132316 0
0.12455940246582031 0.024714946746826172 111850 0
0.13257098197937012 0.02490067481994629 132994 0
0.13093280792236328 0.02395153045654297 133800 0
0.12668776512145996 0.02474188804626465 124248 0
0.12835073471069336 0.023810863494873047 128866 0
0.12941312789916992 0.025183916091918945 131402 0
0.13178277015686035 0.023649930953979492 130400 0
0.13709092140197754 0.027133703231811523 131976 0
0.13357925415039062 0.023884057998657227 132178 0
0.13110828399658203 0.024057626724243164 131656 0
0.1312730312347412 0.024071455001831055 132356 0
0.13283991813659668 0.024786710739135742 133116 0
0.13750386238098145 0.02543473243713379 132196 0
0.12965178489685059 0.02591252326965332 131412 0
0.13036751747131348 0.02292466163635254 123030 0
0.12464261054992676 0.0242612361907959 112302 0
0.12886548042297363 0.022574901580810547 108392 0
0.12333011627197266 0.023780345916748047 110434 0
0.1251523494720459 0.02746868133544922 110238 0
0.13159942626953125 0.025331735610961914 111308 0
0.12950873374938965 0.02311110496520996 111382 0
0.12687349319458008 0.024278640747070312 112736 0
0.12769317626953125 0.024912357330322266 114006 0
0.12596845626831055 0.023251771926879883 113554 0
0.12495923042297363 0.024683237075805664 111144 0
0.12407970428466797 0.023748397827148438 112916 0
0.12709903717041016 0.023096561431884766 112374 0
0.13097119331359863 0.023068904876708984 111110 0
0.12386059761047363 0.02413344383239746 111638 0
0.12996959686279297 0.02167367935180664 107822 0
0.1261441707611084 0.02228069305419922 110634 0
0.12464690208435059 0.021969318389892578 102950 0
0.12434744834899902 0.0236968994140625 111986 0
0.1258678436279297 0.02709031105041504 112436 0
0.12830853462219238 0.022962093353271484 113154 0
0.1283717155456543 0.0251009464263916 112580 0
0.12656450271606445 0.025261878967285156 112314 0
0.12457013130187988 0.024614334106445312 113120 0
0.12671852111816406 0.0231931209564209 113566 0
0.12601733207702637 0.024365663528442383 112302 0
0.13170385360717773 0.023042917251586914 112176 0
0.12675213813781738 0.023165464401245117 111888 0
0.1246802806854248 0.023081541061401367 111744 0
0.12642216682434082 0.02354907989501953 112110 0
0.13259077072143555 0.022954225540161133 111168 0
0.127915620803833 0.022191524505615234 111384 0
0.12972140312194824 0.022929668426513672 112386 0
0.1277909278869629 0.023059844970703125 112576 0
0.1363692283630371 0.026450157165527344 113942 0
0.1261446475982666 0.02444005012512207 112554 0
0.12535595893859863 0.024016141891479492 112266 0
0.12576580047607422 0.022934675216674805 111824 0
0.12494182586669922 0.024044275283813477 111894 0
0.12667346000671387 0.023993253707885742 111564 0
0.12421059608459473 0.02276468276977539 110746 0
0.12678956985473633 0.022620439529418945 111410 0
0.12796950340270996 0.023075103759765625 111848 0
0.12435293197631836 0.023320913314819336 110652 0
0.12639331817626953 0.02313709259033203 112098 0
0.1283731460571289 0.02273392677307129 110940 0
0.12205100059509277 0.023047685623168945 110596 0
0.12612295150756836 0.022356510162353516 101258 0
0.12485241889953613 0.023240327835083008 110726 0
0.1265277862548828 0.02862381935119629 110740 0
0.12564969062805176 0.02269911766052246 111580 0
0.12588238716125488 0.023700952529907227 111182 0
0.12458300590515137 0.023956298828125 110990 0
0.1331639289855957 0.023341894149780273 111514 0
0.1320202350616455 0.0229337215423584 112766 0
0.12722349166870117 0.02390289306640625 112448 0
0.13190293312072754 0.02281665802001953 111104 0
0.12488341331481934 0.0225374698638916 111034 0
0.12487149238586426 0.024714946746826172 110410 0
0.12225151062011719 0.023665428161621094 109204 0
0.1274724006652832 0.023558616638183594 110010 0
0.1273965835571289 0.022199153900146484 109994 0
0.13418149948120117 0.0218656063079834 110754 0
0.12613606452941895 0.02271866798400879 110574 0
0.13132047653198242 0.02344799041748047 112638 0
0.12494921684265137 0.02288651466369629 110996 0
0.12663030624389648 0.022205591201782227 111960 0
0.13285183906555176 0.02346348762512207 112410 0
0.13410067558288574 0.023357152938842773 112730 0
0.12865781784057617 0.023856639862060547 112246 0
0.13059139251708984 0.022710561752319336 111150 0
0.12377691268920898 0.022886991500854492 111456 0
0.12335038185119629 0.022212505340576172 111520 0
0.12550711631774902 0.022966384887695312 117590 0
0.12691497802734375 0.023747682571411133 116940 0
0.12379932403564453 0.02398538589477539 112680 0
0.13701605796813965 0.02434229850769043 126832 0
0.13057637214660645 0.022814273834228516 119900 0
0.1307830810546875 0.023181438446044922 126922 0
0.13020849227905273 0.02426624298095703 122332 0
0.12824273109436035 0.022696256637573242 117272 0
0.12708449363708496 0.024931907653808594 119296 0
0.12840747833251953 0.02322840690612793 120100 0
0.13430285453796387 0.025098562240600586 119780 0
0.1276710033416748 0.022869586944580078 118428 0
0.1286635398864746 0.02437138557434082 117558 0
0.12507867813110352 0.02371954917907715 112534 0
0.12497472763061523 0.022782087326049805 112772 0
0.12390995025634766 0.024180173873901367 107294 0
0.12548160552978516 0.024702787399291992 111908 0
0.12378263473510742 0.02373194694519043 111780 0
0.12444877624511719 0.02361607551574707 110882 0
0.12963438034057617 0.021921634674072266 110816 0
0.12402677536010742 0.024522066116333008 111174 0
0.12829065322875977 0.02525043487548828 110820 0
0.13185596466064453 0.02368450164794922 111266 0
0.12771177291870117 0.02372002601623535 112748 0
0.13310837745666504 0.023181915283203125 113344 0
0.133836030960083 0.023286819458007812 112872 0
0.11968827247619629 0.021859169006347656 99616 0
0.12391328811645508 0.02350640296936035 113064 0
0.12535595893859863 0.023527860641479492 114584 0
0.12584757804870605 0.024988174438476562 110908 0
0.1256413459777832 0.024303913116455078 113788 0
0.12780451774597168 0.02410602569580078 114324 0
0.13003802299499512 0.023478031158447266 113102 0
0.1260991096496582 0.025075197219848633 113934 0
0.1351480484008789 0.023952007293701172 113170 0
0.12439870834350586 0.0237579345703125 111902 0
0.13001465797424316 0.02384185791015625 112328 0
0.1268625259399414 0.023340702056884766 111354 0
0.13127875328063965 0.02285027503967285 111842 0
0.12688255310058594 0.02237987518310547 112014 0
0.12407326698303223 0.0236968994140625 113026 0
0.1254570484161377 0.02292633056640625 113166 0
0.1320650577545166 0.024036169052124023 114404 0
0.13140463829040527 0.023242712020874023 113282 0
0.12784981727600098 0.022927045822143555 112108 0
0.1348409652709961 0.02624654769897461 113390 0
0.1256091594696045 0.022875308990478516 112548 0
0.13265562057495117 0.023943185806274414 111864 0
0.12978005409240723 0.02389383316040039 112218 0
0.12768793106079102 0.024340152740478516 112100 0
0.12549042701721191 0.021538496017456055 111918 0
0.13126254081726074 0.02607440948486328 112424 0
0.1270592212677002 0.022881031036376953 111660 0
0.12456774711608887 0.02911210060119629 110666 0
0.13564825057983398 0.023639440536499023 113116 0
0.13068675994873047 0.022990942001342773 112214 0
0.12869882583618164 0.022064924240112305 98116 0
0.13096141815185547 0.023688793182373047 111754 0
0.13023781776428223 0.022652149200439453 113284 0
0.12845110893249512 0.021918535232543945 109560 0
0.12488222122192383 0.02398228645324707 114578 0
0.12625741958618164 0.02249002456665039 112968 0
0.1267707347869873 0.023243427276611328 111438 0
0.1260082721710205 0.0228726863861084 114562 0
0.12429118156433105 0.024155378341674805 113978 0
0.13089847564697266 0.022136211395263672 113602 0
0.12943029403686523 0.02248215675354004 112528 0
0.12859606742858887 0.023656129837036133 111066 0
0.12864351272583008 0.02236485481262207 112624 0
0.1279900074005127 0.023654699325561523 111450 0
0.13228702545166016 0.021431446075439453 111600 0
0.1289992332458496 0.0227813720703125 112208 0
0.12612509727478027 0.024312496185302734 113986 0
0.12647247314453125 0.022738218307495117 113150 0
0.12711167335510254 0.02248072624206543 113374 0
0.1266798973083496 0.022856473922729492 112606 0
0.1259899139404297 0.024778366088867188 112398 0
0.13227534294128418 0.02266669273376465 110924 0
0.1288890838623047 0.022847652435302734 112436 0
0.12493062019348145 0.02232646942138672 111542 0
0.12502431869506836 0.023717641830444336 111664 0
0.1352837085723877 0.023300886154174805 112356 0
0.12553668022155762 0.02402353286743164 111132 0
0.13404417037963867 0.02294158935546875 110088 0
0.12689566612243652 0.02412867546081543 113560 0
0.1255331039428711 0.023583650588989258 111766 0
0.12656497955322266 0.02148270606994629 95614 0
0.12636494636535645 0.022059917449951172 109598 0
0.12785053253173828 0.023187637329101562 110812 0
0.13062477111816406 0.022062063217163086 107232 0
0.12448787689208984 0.02374124526977539 112696 0
0.12755870819091797 0.023612022399902344 113476 0
0.14113593101501465 0.023630619049072266 101246 0
0.12206149101257324 0.02329564094543457 94970 0
0.13056254386901855 0.021993398666381836 111484 0
0.12387347221374512 0.022467613220214844 112924 0
0.12688469886779785 0.023596525192260742 114770 0
0.12633204460144043 0.0257265567779541 113414 0
0.13043689727783203 0.0234372615814209 114110 0
0.12471747398376465 0.02348494529724121 115024 0
0.12516379356384277 0.024195194244384766 115736 0
0.12633609771728516 0.024481534957885742 112256 0
0.12460827827453613 0.021724700927734375 98096 0
0.12595653533935547 0.022695541381835938 97682 0
0.12616991996765137 0.023287057876586914 113074 0
0.12724518775939941 0.02289271354675293 114952 0
0.12944459915161133 0.02519512176513672 111908 0
0.13121962547302246 0.0229947566986084 113190 0
0.12427902221679688 0.024271249771118164 113322 0
0.12899374961853027 0.0229644775390625 113042 0
0.1279599666595459 0.02300715446472168 114486 0
0.13608336448669434 0.023044347763061523 114850 0
0.1318354606628418 0.02319478988647461 114458 0
0.13124728202819824 0.022548198699951172 112508 0
0.12514257431030273 0.02362823486328125 115066 0
0.13116025924682617 0.02368021011352539 113784 0
0.13037753105163574 0.022625446319580078 103814 0
0.1320040225982666 0.022509098052978516 113946 0
0.13045167922973633 0.023983478546142578 112708 0
0.13213658332824707 0.022465229034423828 112130 0
0.13220429420471191 0.022766590118408203 113958 0
0.12452888488769531 0.023554563522338867 113784 0
0.1262519359588623 0.02259683609008789 111688 0
0.1340792179107666 0.022497177124023438 111238 0
0.12610125541687012 0.022606372833251953 111716 0
0.13173556327819824 0.023778676986694336 112376 0
0.1329345703125 0.02229475975036621 111414 0
0.12410306930541992 0.02351093292236328 111130 0
0.13180828094482422 0.02234506607055664 110912 0
0.12463641166687012 0.02258467674255371 109030 0
0.13176488876342773 0.02298569679260254 110338 0
0.13292336463928223 0.022617578506469727 112262 0
0.13541460037231445 0.023648500442504883 112694 0
0.12892436981201172 0.023562192916870117 110334 0
0.12621831893920898 0.0229032039642334 108334 0
0.12469959259033203 0.02334761619567871 109364 0
0.12186574935913086 0.024092912673950195 107880 0
0.11904144287109375 0.02133321762084961 92534 0
0.12358260154724121 0.022905349731445312 104706 0
0.1276836395263672 0.02247905731201172 107040 0
0.13312101364135742 0.02359485626220703 109446 0
0.12865757942199707 0.022393226623535156 105422 0
0.13070344924926758 0.02284550666809082 105310 0
0.13064146041870117 0.02327871322631836 107936 0
0.1244971752166748 0.023874282836914062 104728 0
0.12803936004638672 0.023227453231811523 104118 0
0.12499094009399414 0.022251129150390625 107952 0
0.13315320014953613 0.02215099334716797 104650 0
0.12345242500305176 0.022624969482421875 106772 0
0.12850332260131836 0.024739980697631836 105162 0
0.12266087532043457 0.02312469482421875 105180 0
0.1231696605682373 0.02400374412536621 103860 0
0.12430834770202637 0.02345871925354004 107912 0
0.1263134479522705 0.02223062515258789 106248 0
0.12336874008178711 0.02253580093383789 106206 0
0.12432289123535156 0.023250579833984375 107312 0
0.12270998954772949 0.02412271499633789 104316 0
0.12328672409057617 0.022396326065063477 103792 0
0.12672066688537598 0.02202463150024414 107290 0
0.1264643669128418 0.023688316345214844 104336 0
0.12888503074645996 0.024108171463012695 106204 0
0.12632107734680176 0.022135019302368164 107826 0
0.1291370391845703 0.024384260177612305 103876 0
0.12488889694213867 0.023175716400146484 106966 0
0.12270021438598633 0.023507356643676758 101242 0
0.12288355827331543 0.022457361221313477 103066 0
0.1212453842163086 0.02337813377380371 102898 0
0.11771106719970703 0.020760536193847656 89748 0
0.12988710403442383 0.0241396427154541 102506 0
0.12348222732543945 0.023678302764892578 105752 0
0.1267414093017578 0.022678136825561523 105028 0
0.12097954750061035 0.02156543731689453 102808 0
0.12262749671936035 0.02368330955505371 103694 0
0.12965130805969238 0.02248406410217285 104756 0
0.12247991561889648 0.0223085880279541 103290 0
0.1312720775604248 0.022405624389648438 103616 0
0.12520051002502441 0.02338266372680664 108056 0
0.12166094779968262 0.022926807403564453 103496 0
0.1256101131439209 0.023024559020996094 106032 0
0.12429165840148926 0.02217578887939453 104162 0
0.12270784378051758 0.02405381202697754 102938 0
0.12320494651794434 0.024161577224731445 104598 0
0.12408065795898438 0.024263620376586914 102944 0
0.12338805198669434 0.023418664932250977 102450 0
0.12473535537719727 0.02421426773071289 102570 0
0.12306499481201172 0.023946046829223633 103410 0
0.12293362617492676 0.0218966007232666 102574 0
0.12086820602416992 0.02361583709716797 102864 0
0.13469862937927246 0.02275872230529785 103970 0
0.12505698204040527 0.02218151092529297 105206 0
0.12384915351867676 0.0265347957611084 103100 0
0.12741613388061523 0.025434255599975586 103694 0
0.1292591094970703 0.023433446884155273 102462 0
0.12404704093933105 0.022677898406982422 103278 0
0.12279176712036133 0.023225784301757812 100726 0
0.12861132621765137 0.023401498794555664 101770 0
0.12146997451782227 0.024188518524169922 101458 0
0.12132096290588379 0.023173093795776367 87322 0
0.1294243335723877 0.02244734764099121 100542 0
0.12572979927062988 0.02440786361694336 102418 0
0.12231135368347168 0.02305889129638672 102672 0
0.13167619705200195 0.024723052978515625 99664 0
0.13004565238952637 0.024697065353393555 101926 0
0.13081097602844238 0.02283787727355957 103526 0
0.11992549896240234 0.023135900497436523 102842 0
0.12285184860229492 0.02922844886779785 102938 0
0.12965655326843262 0.023154258728027344 103058 0
0.12303638458251953 0.02246832847595215 101252 0
0.1219792366027832 0.022529125213623047 104568 0
0.12834739685058594 0.023905038833618164 101278 0
0.12162542343139648 0.021687984466552734 101164 0
0.12115955352783203 0.022792816162109375 101378 0
0.12382292747497559 0.021906614303588867 101604 0
0.12317466735839844 0.021755218505859375 97790 0
0.12023282051086426 0.021601438522338867 96336 0
0.12070846557617188 0.02210378646850586 99496 0
0.12555980682373047 0.022037982940673828 100042 0
0.1273491382598877 0.022884845733642578 99724 0
0.13120818138122559 0.02214956283569336 101294 0
0.12770557403564453 0.023007631301879883 101698 0
0.12486743927001953 0.02281332015991211 102436 0
0.1207430362701416 0.02306222915649414 102494 0
0.12160348892211914 0.021855592727661133 101758 0
0.1282947063446045 0.022533416748046875 97672 0
0.11919283866882324 0.02115178108215332 94504 0
0.12414240837097168 0.022109270095825195 96234 0
0.1212303638458252 0.02206707000732422 94908 0
0.11667132377624512 0.020952463150024414 82742 0
0.12173771858215332 0.02285599708557129 95506 0
0.12752461433410645 0.022652626037597656 95566 0
0.12047696113586426 0.023664236068725586 95482 0
0.1284470558166504 0.022246122360229492 93056 0
0.12226390838623047 0.020885944366455078 94618 0
0.1227731704711914 0.028285503387451172 100092 0
0.12369012832641602 0.023421287536621094 96428 0
0.12306857109069824 0.023697614669799805 96548 0
0.129744291305542 0.022675752639770508 97566 0
0.12231683731079102 0.024222612380981445 93432 0
0.1187891960144043 0.02269434928894043 93040 0
0.12065863609313965 0.021990537643432617 93506 0
0.12205672264099121 0.021370410919189453 92792 0
0.12236642837524414 0.023396730422973633 91868 0
0.11943364143371582 0.023397207260131836 93044 0
0.11930561065673828 0.022368669509887695 94262 0
0.12892723083496094 0.0219573974609375 95986 0
0.1232614517211914 0.021645069122314453 98120 0
0.11932778358459473 0.029436349868774414 94350 0
0.11975455284118652 0.022595643997192383 94292 0
0.13051247596740723 0.021921873092651367 95232 0
0.12252306938171387 0.02138519287109375 94076 0
0.1189420223236084 0.021503210067749023 94596 0
0.11960649490356445 0.021004199981689453 94370 0
0.11890530586242676 0.020900487899780273 93490 0
0.12079143524169922 0.02184152603149414 92280 0
0.12076663970947266 0.021798372268676758 88766 0
0.12082457542419434 0.020627260208129883 92020 0
0.12515830993652344 0.023280620574951172 90694 0
0.11866092681884766 0.021762371063232422 79188 0
0.1244654655456543 0.022426366806030273 92024 0
0.1193246841430664 0.021572351455688477 93806 0
0.12630200386047363 0.0213778018951416 94232 0
0.12122941017150879 0.02263808250427246 91858 0
0.12175273895263672 0.02273249626159668 94816 0
0.12683629989624023 0.022313356399536133 93300 0
0.12182164192199707 0.0230562686920166 92796 0
0.1262514591217041 0.022654294967651367 98684 0
0.1220395565032959 0.022950172424316406 97550 0
0.11999678611755371 0.021374225616455078 81704 0
0.12471747398376465 0.023789167404174805 95582 0
0.12549757957458496 0.023347854614257812 98814 0
0.12738442420959473 0.022916793823242188 97216 0
0.1208503246307373 0.023909568786621094 96346 0
0.12160921096801758 0.027865886688232422 98084 0
0.12225961685180664 0.02160930633544922 98800 0
0.12310457229614258 0.023478984832763672 99392 0
0.12349152565002441 0.02439141273498535 100640 0
0.12185478210449219 0.022461891174316406 97874 0
0.12408065795898438 0.023736238479614258 99650 0
0.12176299095153809 0.023587703704833984 97442 0
0.12166166305541992 0.02167201042175293 99208 0
0.12461543083190918 0.022960901260375977 100246 0
0.12650537490844727 0.0238339900970459 100382 0
0.12649178504943848 0.02286696434020996 98762 0
0.12734007835388184 0.023921489715576172 93644 0
0.11869382858276367 0.021993637084960938 93880 0
0.12752103805541992 0.024096965789794922 100808 0
0.12093138694763184 0.02283191680908203 100180 0
0.12348341941833496 0.02225184440612793 101596 0
0.12218713760375977 0.023232460021972656 101270 0
0.1202242374420166 0.021816253662109375 97960 0
0.12390327453613281 0.023953914642333984 99370 0
0.12551236152648926 0.022289037704467773 100084 0
0.12376022338867188 0.022649765014648438 100042 0
0.12036919593811035 0.021471738815307617 97192 0
0.12285065650939941 0.023952722549438477 98796 0
0.12910151481628418 0.021685123443603516 99318 0
0.12087178230285645 0.02164292335510254 97746 0
0.12201476097106934 0.021728992462158203 100226 0
0.127363920211792 0.021660327911376953 99202 0
0.12191367149353027 0.022279024124145508 99770 0
0.1227571964263916 0.028443336486816406 100096 0
0.12091970443725586 0.023857593536376953 98676 0
0.11954259872436523 0.02185368537902832 98728 0
0.1194002628326416 0.021389007568359375 93146 0
0.12220978736877441 0.023396015167236328 97814 0
0.12541508674621582 0.022129058837890625 96670 0
0.11610198020935059 0.020210981369018555 83042 0
0.12079191207885742 0.02339959144592285 97694 0
0.12097907066345215 0.02265024185180664 97906 0
0.12807250022888184 0.022411584854125977 98588 0
0.12431478500366211 0.021546125411987305 96246 0
0.12407064437866211 0.021794557571411133 96824 0
0.12445187568664551 0.0227200984954834 101794 0
0.12715792655944824 0.022755861282348633 101020 0
0.1202397346496582 0.021596670150756836 101306 0
0.12132501602172852 0.022934675216674805 101692 0
0.12379145622253418 0.02287006378173828 100094 0
0.12059640884399414 0.02259039878845215 100390 0
0.12209582328796387 0.021595001220703125 98648 0
0.12161421775817871 0.022658348083496094 99204 0
0.12725114822387695 0.021651744842529297 99552 0
0.12123227119445801 0.023061275482177734 99250 0
0.12668228149414062 0.023956775665283203 98880 0
0.12257003784179688 0.022861957550048828 100668 0
0.12985992431640625 0.023008346557617188 102482 0
0.12465071678161621 0.024350643157958984 100222 0
0.12478327751159668 0.022824764251708984 101364 0
0.12134265899658203 0.022476911544799805 101206 0
0.12066864967346191 0.021495580673217773 100544 0
0.12004280090332031 0.022003889083862305 99558 0
0.12056779861450195 0.022067546844482422 101314 0
0.13334083557128906 0.024116992950439453 119110 0
0.12521624565124512 0.025104045867919922 121886 0
0.13472962379455566 0.02532362937927246 124406 0
0.13055944442749023 0.024022579193115234 125970 0
0.13440799713134766 0.02345728874206543 124678 0
0.12812042236328125 0.025479555130004883 126234 0
0.13001608848571777 0.0256803035736084 127850 0
0.13349199295043945 0.025228261947631836 121938 0
0.13388943672180176 0.02367854118347168 127310 0
0.1268162727355957 0.025927305221557617 126608 0
0.1311180591583252 0.024100780487060547 123966 0
0.13428306579589844 0.02453923225402832 125936 0
0.13173794746398926 0.023813724517822266 127164 0
0.1271665096282959 0.023821115493774414 126708 0
0.13136053085327148 0.025824785232543945 127060 0
0.12767839431762695 0.02362966537475586 127610 0
0.12883281707763672 0.023948192596435547 128180 0
0.13177704811096191 0.026058673858642578 124490 0
0.12683868408203125 0.024928569793701172 117012 0
0.1308910846710205 0.02349543571472168 127146 0
0.13024592399597168 0.02371525764465332 126512 0
0.13234519958496094 0.025361299514770508 127844 0
0.12946629524230957 0.023426532745361328 127086 0
0.1303577423095703 0.023703336715698242 127058 0
0.13033533096313477 0.02415776252746582 129654 0
0.12888455390930176 0.02369976043701172 128142 0
0.13039350509643555 0.023237228393554688 129240 0
0.12912273406982422 0.023941993713378906 128816 0
0.12314081192016602 0.022455692291259766 110944 0
0.1329646110534668 0.024611949920654297 128086 0
0.13263440132141113 0.02583169937133789 129016 0
0.13733482360839844 0.025062084197998047 129248 0
0.13906097412109375 0.02598714828491211 129950 0
0.13219547271728516 0.025225162506103516 130666 0
0.13303256034851074 0.024552583694458008 130032 0
0.1274094581604004 0.02553415298461914 130952 0
0.13135194778442383 0.02391958236694336 130888 0
0.13459038734436035 0.025719881057739258 130182 0
0.13110017776489258 0.022983551025390625 127250 0
0.13451480865478516 0.024821043014526367 131004 0
0.13013601303100586 0.023981809616088867 129620 0
0.13095569610595703 0.02514815330505371 130236 0
0.13101625442504883 0.023812532424926758 130646 0
0.13226604461669922 0.025426387786865234 131156 0
0.13173365592956543 0.024312257766723633 130872 0
0.13135480880737305 0.024664878845214844 132342 0
0.1281282901763916 0.02437114715576172 131150 0
0.12943410873413086 0.025896072387695312 131790 0
0.13686609268188477 0.02380824089050293 124648 0
0.13150382041931152 0.024966716766357422 131488 0
0.13510727882385254 0.025464773178100586 131754 0
0.138047456741333 0.02532052993774414 132014 0
0.12935614585876465 0.024505615234375 132246 0
0.13213396072387695 0.024494647979736328 131932 0
0.12915706634521484 0.024954557418823242 132850 0
0.13003253936767578 0.023481369018554688 128848 0
0.12865161895751953 0.02552485466003418 132846 0
0.1320803165435791 0.025107383728027344 134274 0
0.13397502899169922 0.024309396743774414 113772 0
0.13335323333740234 0.024155616760253906 132336 0
0.13614583015441895 0.025409936904907227 129090 0
0.12939739227294922 0.024021387100219727 128996 0
0.13727498054504395 0.025712966918945312 133236 0
0.13232636451721191 0.02469158172607422 134734 0
0.1295480728149414 0.024536848068237305 130652 0
0.13321137428283691 0.02496623992919922 136140 0
0.13671660423278809 0.026107072830200195 134654 0
0.1342456340789795 0.023885488510131836 134472 0
0.1331043243408203 0.025023698806762695 134914 0
0.13501548767089844 0.025844335556030273 133364 0
0.13341593742370605 0.023749589920043945 131430 0
0.13212990760803223 0.027671337127685547 133356 0
0.1343543529510498 0.02567577362060547 135584 0
0.13251757621765137 0.026779651641845703 133862 0
0.13695931434631348 0.024554729461669922 134130 0
0.13807034492492676 0.026694536209106445 133108 0
0.13254976272583008 0.0242311954498291 134706 0
0.13331055641174316 0.02446722984313965 134148 0
0.1311659812927246 0.025336742401123047 124324 0
0.13139581680297852 0.02589249610900879 131818 0
0.13378453254699707 0.025377511978149414 132386 0
0.13190150260925293 0.025765180587768555 133342 0
0.13049054145812988 0.024105548858642578 131820 0
0.13563084602355957 0.025384187698364258 131526 0
0.13403916358947754 0.02576446533203125 131586 0
0.1350691318511963 0.024888277053833008 125284 0
0.13586044311523438 0.024371623992919922 132212 0
0.1303713321685791 0.024085044860839844 132260 0
0.13238835334777832 0.022393226623535156 109250 0
0.1349172592163086 0.02538013458251953 127726 0
0.12945246696472168 0.023827314376831055 121284 0
0.12834525108337402 0.023734331130981445 121170 0
0.12888813018798828 0.023685932159423828 125948 0
0.13518095016479492 0.025281906127929688 127956 0
0.1280834674835205 0.02276134490966797 122202 0
0.13608384132385254 0.024531841278076172 128964 0
0.1309657096862793 0.023403167724609375 128060 0
0.13325715065002441 0.02351212501525879 127104 0
0.13416075706481934 0.025285959243774414 122748 0
0.1341404914855957 0.023351192474365234 123246 0
0.13492155075073242 0.023952245712280273 114450 0
0.13522815704345703 0.025033235549926758 124286 0
0.12838053703308105 0.0237729549407959 123916 0
0.12688970565795898 0.02495741844177246 120682 0
0.12940621376037598 0.023422956466674805 120702 0
0.13257241249084473 0.024537086486816406 123444 0
0.13039159774780273 0.02485370635986328 121404 0
0.13141918182373047 0.023211240768432617 121294 0
0.12631487846374512 0.024564743041992188 113820 0
0.12852072715759277 0.026023387908935547 122368 0
0.12939143180847168 0.023387432098388672 125540 0
0.129472017288208 0.0245208740234375 125438 0
0.13352704048156738 0.02372145652770996 123834 0
0.12748265266418457 0.02329730987548828 123542 0
0.12859773635864258 0.023990154266357422 124778 0
0.12713623046875 0.023161649703979492 117144 0
0.12854647636413574 0.022783756256103516 120490 0
0.12774395942687988 0.023164033889770508 119108 0
0.12216472625732422 0.021953821182250977 104168 0
0.12649059295654297 0.02429652214050293 121738 0
0.13200712203979492 0.02277398109436035 113424 0
0.1349809169769287 0.024570941925048828 116862 0
0.13367819786071777 0.02472710609436035 122118 0
0.12988948822021484 0.024798870086669922 121340 0
0.13706374168395996 0.024810791015625 118534 0
0.13512682914733887 0.024123430252075195 122872 0
0.13035368919372559 0.024562835693359375 123836 0
0.12871003150939941 0.02517843246459961 124298 0
0.13237881660461426 0.025018692016601562 124176 0
0.1294536590576172 0.0230863094329834 122668 0
0.12664365768432617 0.022815942764282227 116614 0
0.13454723358154297 0.0252072811126709 123894 0
0.13522768020629883 0.025011062622070312 124748 0
0.13019299507141113 0.02405524253845215 122842 0
0.13174962997436523 0.025435686111450195 125130 0
0.1359243392944336 0.025142431259155273 124854 0
0.1268467903137207 0.02428722381591797 123362 0
0.1337299346923828 0.024102449417114258 121220 0
0.12584948539733887 0.02312946319580078 114938 0
0.1326007843017578 0.02333831787109375 122372 0
0.12912964820861816 0.02387833595275879 124244 0
0.1321578025817871 0.024547576904296875 122670 0
0.13327574729919434 0.025959014892578125 122606 0
0.12867116928100586 0.02811884880065918 120852 0
0.13468384742736816 0.023917675018310547 121716 0
0.12837624549865723 0.02343153953552246 115212 0
0.1285874843597412 0.02573084831237793 121412 0
0.12535357475280762 0.0251157283782959 120914 0
0.12314605712890625 0.023970603942871094 102472 0
0.1278672218322754 0.023930072784423828 119970 0
0.13251852989196777 0.02328324317932129 111304 0
0.12306976318359375 0.023860692977905273 113286 0
0.1271681785583496 0.023441314697265625 120702 0
0.13110661506652832 0.024208545684814453 122352 0
0.12523460388183594 0.023258447647094727 117984 0
0.13217616081237793 0.024680137634277344 121464 0
0.1313800811767578 0.024219751358032227 119196 0
0.1264798641204834 0.023251056671142578 122092 0
0.13091588020324707 0.02275228500366211 119034 0
0.12763261795043945 0.02361321449279785 122572 0
0.1260833740234375 0.029381752014160156 111548 0
0.13145685195922852 0.02388453483581543 121412 0
0.13463044166564941 0.02406597137451172 119018 0
0.1343088150024414 0.024266719818115234 118504 0
0.13272404670715332 0.026062488555908203 118084 0
0.131119966506958 0.02367711067199707 122504 0
0.132737398147583 0.025727510452270508 122316 0
0.12734627723693848 0.023621320724487305 118244 0
0.12528371810913086 0.02508091926574707 110116 0
0.13274836540222168 0.02382183074951172 120456 0
0.1309661865234375 0.02492380142211914 122982 0
0.12765192985534668 0.023807525634765625 121886 0
0.12913298606872559 0.023251771926879883 122680 0
0.13036131858825684 0.023006677627563477 121548 0
0.12677717208862305 0.023201942443847656 119958 0
0.1329505443572998 0.023070812225341797 115646 0
0.12683463096618652 0.024579286575317383 121334 0
0.12903189659118652 0.030218839645385742 121642 0
0.12364482879638672 0.022403955459594727 105068 0
0.12522530555725098 0.02678704261779785 119062 0
0.13052868843078613 0.022324085235595703 109236 0
0.12630534172058105 0.022828340530395508 116922 0
0.1282031536102295 0.02295398712158203 119720 0
0.12762951850891113 0.024207353591918945 119180 0
0.12633514404296875 0.02360677719116211 116212 0
0.1323833465576172 0.026385068893432617 119148 0
0.12962603569030762 0.024748563766479492 119556 0
0.1320047378540039 0.02555108070373535 122146 0
0.1315619945526123 0.02393341064453125 123928 0
0.12758278846740723 0.023834705352783203 122024 0
0.13068699836730957 0.02342700958251953 112894 0
0.12750840187072754 0.02430272102355957 122764 0
0.13126206398010254 0.0235288143157959 121954 0
0.1279764175415039 0.024074077606201172 122408 0
0.1314408779144287 0.024140119552612305 123360 0
0.13446450233459473 0.025075674057006836 123274 0
0.12830042839050293 0.02401113510131836 118594 0
0.1291801929473877 0.023062705993652344 122570 0
0.12596583366394043 0.024889469146728516 114570 0
0.13365721702575684 0.023136615753173828 119518 0
0.12991023063659668 0.02489781379699707 131394 0
0.1315462589263916 0.02458977699279785 131416 0
0.13817906379699707 0.02669239044189453 131246 0
0.12975215911865234 0.026379108428955078 132550 0
0.1367781162261963 0.025931596755981445 133042 0
0.129472017288208 0.023777246475219727 131614 0
0.13619780540466309 0.027738332748413086 132824 0
0.13321757316589355 0.02501702308654785 128658 0
0.12941503524780273 0.023380041122436523 127962 0
0.13657021522521973 0.026409149169921875 131374 0
0.12833356857299805 0.023366212844848633 124292 0
0.13609862327575684 0.026700735092163086 129122 0
0.13404512405395508 0.025417089462280273 128644 0
0.13090181350708008 0.024602651596069336 131444 0
0.1342146396636963 0.027224302291870117 132310 0
0.13319921493530273 0.024585723876953125 132766 0
0.13073277473449707 0.024761199951171875 132252 0
0.13674402236938477 0.027693510055541992 132296 0
0.1302659511566162 0.024431705474853516 132516 0
0.12995481491088867 0.02470684051513672 128384 0
0.1285572052001953 0.0242917537689209 126164 0
0.12827253341674805 0.026249170303344727 126318 0
0.13119173049926758 0.02365398406982422 127566 0
0.12859416007995605 0.023272991180419922 126752 0
0.13306760787963867 0.023747682571411133 128372 0
0.12720036506652832 0.024955272674560547 126350 0
0.1370987892150879 0.025730371475219727 125264 0
0.1296224594116211 0.025316715240478516 131898 0
0.14073777198791504 0.02638411521911621 131542 0
0.13147473335266113 0.024808168411254883 128742 0
0.13700270652770996 0.023531198501586914 130770 0
0.13628602027893066 0.02494955062866211 131940 0
0.1311633586883545 0.023973941802978516 128394 0
0.12992167472839355 0.025831937789916992 128210 0
0.13008761405944824 0.025890350341796875 126446 0
0.12889981269836426 0.023801803588867188 127404 0
0.12955188751220703 0.022586822509765625 124252 0
0.1362595558166504 0.02483987808227539 128742 0
0.13529038429260254 0.02522563934326172 129080 0
0.13550186157226562 0.024836063385009766 124532 0
0.1309506893157959 0.024747133255004883 125682 0
0.13106703758239746 0.02466559410095215 126604 0
0.13706493377685547 0.02530646324157715 127970 0
0.13050603866577148 0.023651599884033203 124166 0
0.1303420066833496 0.023540973663330078 125100 0
0.1295938491821289 0.023618221282958984 125388 0
0.1296532154083252 0.023318052291870117 123678 0
0.13599348068237305 0.02653956413269043 125738 0
0.13062524795532227 0.024821758270263672 128510 0
0.13194870948791504 0.024295806884765625 127290 0
0.1310560703277588 0.02344799041748047 127952 0
0.14003872871398926 0.026319503784179688 129236 0
0.1288771629333496 0.023635149002075195 126546 0
0.1288447380065918 0.02718830108642578 127340 0
0.1282496452331543 0.023456335067749023 123274 0
0.1329963207244873 0.02357935905456543 123074 0
0.1317882537841797 0.024323463439941406 123094 0
0.1292097568511963 0.024536609649658203 123218 0
0.1272141933441162 0.025511980056762695 125272 0
0.12993216514587402 0.02532219886779785 127262 0
0.127669095993042 0.023622751235961914 126434 0
0.1284794807434082 0.02390909194946289 127938 0
0.13504528999328613 0.02437424659729004 127340 0
0.1306476593017578 0.023836612701416016 128384 0
0.1293628215789795 0.023669958114624023 128806 0
0.12903046607971191 0.025759220123291016 128596 0
0.13144254684448242 0.022864818572998047 127012 0
0.12752389907836914 0.02545905113220215 129422 0
0.1392965316772461 0.023981571197509766 126830 0
0.13174796104431152 0.025321483612060547 128382 0
0.13632822036743164 0.02569103240966797 127918 0
0.12944841384887695 0.023431062698364258 125296 0
0.12753748893737793 0.02556633949279785 122882 0
0.12876534461975098 0.024985551834106445 132672 0
0.1293621063232422 0.025994539260864258 129778 0
0.13044118881225586 0.02308821678161621 128788 0
0.13592004776000977 0.026140928268432617 129562 0
0.13794636726379395 0.024457693099975586 133984 0
0.13290977478027344 0.02419281005859375 133098 0
0.13144350051879883 0.024208545684814453 133996 0
0.13390135765075684 0.024173974990844727 133556 0
0.13188552856445312 0.024622440338134766 133816 0
0.12947654724121094 0.023475170135498047 119748 0
0.12682890892028809 0.024616479873657227 117824 0
0.12964510917663574 0.024956226348876953 127688 0
0.13785910606384277 0.02696371078491211 134016 0
0.12761783599853516 0.02479267120361328 122052 0
0.13230443000793457 0.023772478103637695 130950 0
0.12716150283813477 0.023743391036987305 121690 0
0.13617587089538574 0.025464773178100586 121104 0
0.13201117515563965 0.025565624237060547 120772 0
0.13125157356262207 0.025269031524658203 126404 0
0.130265474319458 0.023151159286499023 124548 0
0.1279299259185791 0.025754690170288086 123914 0
0.13089609146118164 0.02464580535888672 129768 0
0.12902331352233887 0.02413797378540039 128962 0
0.12748169898986816 0.023181915283203125 117700 0
0.13090276718139648 0.0265963077545166 132074 0
0.1368710994720459 0.02498912811279297 127566 0
0.12794995307922363 0.023433208465576172 124468 0
0.12999629974365234 0.025107622146606445 132776 0
0.132004976272583 0.02574634552001953 133392 0
0.12594318389892578 0.024062633514404297 119168 0
0.1351783275604248 0.0240938663482666 133428 0
0.13190412521362305 0.025794267654418945 133626 0
0.12996697425842285 0.02589702606201172 134700 0
0.13265562057495117 0.024843215942382812 133538 0
0.1311020851135254 0.024271726608276367 135280 0
0.13498616218566895 0.025433778762817383 134910 0
0.13101840019226074 0.025603771209716797 135132 0
0.13263821601867676 0.028877973556518555 133666 0
0.13546991348266602 0.026988983154296875 135300 0
0.13192033767700195 0.024152040481567383 138002 0
0.1314380168914795 0.024692535400390625 135984 0
0.1376175880432129 0.024948596954345703 134578 0
0.13564729690551758 0.025998592376708984 134602 0
0.13056254386901855 0.025284767150878906 133646 0
0.13479948043823242 0.027518033981323242 134348 0
0.1408672332763672 0.025521278381347656 133948 0
0.13195562362670898 0.02461409568786621 133622 0
0.13798904418945312 0.025294780731201172 133434 0
0.13228559494018555 0.024825334548950195 134272 0
0.1325984001159668 0.02440953254699707 135226 0
0.1320052146911621 0.025366544723510742 133366 0
0.1347217559814453 0.02614736557006836 135054 0
0.13093113899230957 0.02433466911315918 136064 0
0.1307528018951416 0.024077415466308594 122250 0
0.1402111053466797 0.027484893798828125 134760 0
0.1298062801361084 0.024553775787353516 132270 0
0.13520550727844238 0.025060176849365234 132078 0
0.13234829902648926 0.02414560317993164 134840 0
0.13167905807495117 0.024843215942382812 135630 0
0.12889957427978516 0.02607583999633789 123914 0
0.12979722023010254 0.024919986724853516 135716 0
0.13262534141540527 0.025435686111450195 134202 0
0.13422894477844238 0.024700641632080078 135954 0
0.13518428802490234 0.023878097534179688 133876 0
0.1310431957244873 0.02484607696533203 134114 0
0.13344788551330566 0.02516627311706543 135284 0
0.13544964790344238 0.02635788917541504 135408 0
0.13007760047912598 0.024396657943725586 136866 0
0.13817572593688965 0.02560734748840332 138314 0
0.13391971588134766 0.02580428123474121 136458 0
0.13338279724121094 0.025202274322509766 138208 0
0.13272523880004883 0.024945974349975586 137336 0
0.1302933692932129 0.024498462677001953 138298 0
0.13738226890563965 0.025619029998779297 135960 0
0.13221120834350586 0.024802446365356445 135688 0
0.13367414474487305 0.024121999740600586 135316 0
0.133314847946167 0.026230335235595703 135388 0
0.13402271270751953 0.02672266960144043 136854 0
0.13428544998168945 0.025757789611816406 136336 0
0.13370466232299805 0.025005578994750977 136620 0
0.1320335865020752 0.025038480758666992 134508 0
0.13638615608215332 0.024919748306274414 137078 0
0.13287830352783203 0.02539515495300293 137516 0
0.13234329223632812 0.025896549224853516 128252 0
0.13883137702941895 0.026257991790771484 138078 0
0.13373041152954102 0.0252835750579834 137568 0
0.13284897804260254 0.0249326229095459 137092 0
0.1316373348236084 0.026552200317382812 139152 0
0.13363099098205566 0.025125741958618164 139204 0
0.13120198249816895 0.026157617568969727 134554 0
0.13761377334594727 0.02518630027770996 140038 0
0.135636568069458 0.027337074279785156 138190 0
0.13208341598510742 0.025679349899291992 139302 0
0.1370711326599121 0.024364233016967773 138138 0
0.13382816314697266 0.025296449661254883 135040 0
0.1310570240020752 0.026519775390625 134588 0
0.1342477798461914 0.02484893798828125 134182 0
0.13152647018432617 0.02457451820373535 133498 0
0.13619160652160645 0.025002002716064453 134316 0
0.13556432723999023 0.024628162384033203 133240 0
0.13214969635009766 0.03020644187927246 134050 0
0.13341760635375977 0.025147199630737305 133336 0
0.13569235801696777 0.024638652801513672 133098 0
0.13090777397155762 0.024766206741333008 132010 0
0.13271117210388184 0.023687362670898438 129396 0
0.13213849067687988 0.0253751277923584 133866 0
0.13134336471557617 0.024973392486572266 133854 0
0.13364505767822266 0.024323225021362305 133282 0
0.13820767402648926 0.026139497756958008 132672 0
0.13387036323547363 0.02506399154663086 131794 0
0.1319875717163086 0.024373292922973633 132360 0
0.12892866134643555 0.024674177169799805 132808 0
0.12906193733215332 0.02405571937561035 132260 0
0.13597631454467773 0.02553725242614746 132478 0
0.1300668716430664 0.024424076080322266 128778 0
0.13884782791137695 0.02508544921875 131720 0
0.13063693046569824 0.025359153747558594 129412 0
0.1348133087158203 0.02578282356262207 132972 0
0.13336610794067383 0.024945497512817383 132346 0
0.1352994441986084 0.02419757843017578 132610 0
0.1367199420928955 0.02515864372253418 131832 0
0.13080930709838867 0.030232667922973633 131832 0
0.13535165786743164 0.025945663452148438 131966 0
