0.07204794883728027 0.010116338729858398 507136 0
0.07335686683654785 0.010440349578857422 508049 0
0.07049298286437988 0.009681463241577148 509918 0
0.07194089889526367 0.009039878845214844 508006 0
0.06899333000183105 0.008477210998535156 509034 0
0.07088518142700195 0.00816202163696289 510399 0
0.07254910469055176 0.008472442626953125 509850 0
0.07355594635009766 0.008387565612792969 508228 0
0.07310318946838379 0.010184764862060547 508450 0
0.07537198066711426 0.010026693344116211 508803 0
0.06886434555053711 0.009481191635131836 507706 0
0.07461404800415039 0.009128093719482422 502561 0
0.06942939758300781 0.009076356887817383 508935 0
0.07469844818115234 0.008795499801635742 503494 0
0.07514691352844238 0.008126974105834961 488815 0
0.06943988800048828 0.00926065444946289 505883 0
0.07369518280029297 0.009765148162841797 501396 0
0.07280731201171875 0.010222196578979492 499385 0
0.07884955406188965 0.008087396621704102 491902 0
0.07104206085205078 0.008508443832397461 502126 0
0.07396769523620605 0.009743452072143555 503250 0
0.07843804359436035 0.008227348327636719 497167 0
0.07308053970336914 0.009196281433105469 500748 0
0.07735300064086914 0.008165121078491211 508244 0
0.07118582725524902 0.009226799011230469 508113 0
0.0689084529876709 0.009445667266845703 506993 0
0.08367252349853516 0.008341789245605469 496311 0
0.07546448707580566 0.008850336074829102 503639 0
0.07048726081848145 0.008177757263183594 505137 0
0.0684347152709961 0.00865793228149414 502499 0
0.0708150863647461 0.009170770645141602 503006 0
0.0703284740447998 0.011792659759521484 505383 0
0.07379460334777832 0.008158445358276367 503916 0
0.06968212127685547 0.009102106094360352 504356 0
0.07057952880859375 0.008603334426879883 498577 0
0.07357048988342285 0.009078502655029297 503884 0
0.06985664367675781 0.008111953735351562 513512 0
0.06944751739501953 0.009714603424072266 509756 0
0.0668935775756836 0.009752035140991211 512921 0
0.07034611701965332 0.009935140609741211 507658 0
0.07276535034179688 0.009799480438232422 500329 0
0.0719306468963623 0.008802413940429688 503250 0
0.06961297988891602 0.008426427841186523 509349 0
0.06829977035522461 0.009660005569458008 509741 0
0.07628440856933594 0.008569002151489258 495588 0
0.06781482696533203 0.009042978286743164 507838 0
0.06906843185424805 0.01072835922241211 510690 0
0.06813955307006836 0.009867668151855469 508384 0
0.07400012016296387 0.008400917053222656 508727 0
0.06990766525268555 0.009621858596801758 508960 0
0.07642316818237305 0.010064840316772461 505217 0
0.07143163681030273 0.009224891662597656 508334 0
0.07547760009765625 0.008179187774658203 508399 0
0.07031679153442383 0.009736061096191406 508545 0
0.07567763328552246 0.008914709091186523 508968 0
0.06958198547363281 0.009073257446289062 509109 0
0.07056403160095215 0.009355783462524414 509295 0
0.07635784149169922 0.008632898330688477 508912 0
0.07005095481872559 0.008414983749389648 508559 0
0.07117724418640137 0.008478641510009766 508720 0
0.07304191589355469 0.010009050369262695 508814 0
0.0717926025390625 0.009618282318115234 507773 0
0.07299947738647461 0.010123968124389648 508262 0
0.0721273422241211 0.010053634643554688 507521 0
0.07873892784118652 0.008627176284790039 504871 0
0.06877589225769043 0.009326696395874023 507589 0
0.07395362854003906 0.009348154067993164 507912 0
0.07111716270446777 0.009188413619995117 507498 0
0.0717923641204834 0.008948802947998047 507195 0
0.08171463012695312 0.00823068618774414 506609 0
0.07351112365722656 0.009832143783569336 507410 0
0.07297897338867188 0.009841203689575195 504129 0
0.07183098793029785 0.009824991226196289 508442 0
0.07463741302490234 0.008832454681396484 505855 0
0.07794737815856934 0.008209228515625 489427 0
0.07153058052062988 0.009918689727783203 508824 0
0.07445526123046875 0.008153676986694336 508149 0
0.06954813003540039 0.008308649063110352 503601 0
0.07100820541381836 0.009638547897338867 502598 0
0.07794713973999023 0.009035110473632812 502255 0
0.06840634346008301 0.008974790573120117 508943 0
0.0686180591583252 0.009670019149780273 511055 0
0.07312154769897461 0.009397029876708984 507117 0
0.07526493072509766 0.00961756706237793 507207 0
0.07102584838867188 0.009686708450317383 506059 0
0.06888651847839355 0.009785652160644531 508127 0
0.0708000659942627 0.00936746597290039 501837 0
0.07053446769714355 0.009958267211914062 507742 0
0.07337689399719238 0.010300874710083008 506490 0
0.07072615623474121 0.010349512100219727 509011 0
0.07590699195861816 0.008203506469726562 507349 0
0.06971907615661621 0.009731531143188477 508032 0
0.06923794746398926 0.009542465209960938 508791 0
0.07504582405090332 0.00813436508178711 502872 0
0.07013797760009766 0.008393049240112305 508920 0
0.0700533390045166 0.010068893432617188 507605 0
0.07233929634094238 0.00870656967163086 489376 0
0.07689762115478516 0.00817728042602539 506485 0
0.07392215728759766 0.00883340835571289 508007 0
0.07175016403198242 0.009326934814453125 502661 0
0.07317233085632324 0.009120464324951172 503452 0
0.07107877731323242 0.00928354263305664 505773 0
0.07313179969787598 0.00813913345336914 504569 0
0.06824517250061035 0.008749246597290039 509893 0
0.06716418266296387 0.009594917297363281 510754 0
0.07358026504516602 0.010988235473632812 509685 0
0.07238912582397461 0.009737014770507812 509955 0
0.06731200218200684 0.00952768325805664 512648 0
0.07527875900268555 0.009329795837402344 509223 0
0.06872725486755371 0.00919651985168457 510654 0
0.06889891624450684 0.00932931900024414 511152 0
0.07053685188293457 0.008378744125366211 507897 0
0.07343721389770508 0.008226871490478516 509294 0
0.07152247428894043 0.009090423583984375 511253 0
0.07287931442260742 0.009120464324951172 508270 0
0.0743093490600586 0.009407758712768555 509541 0
0.07428741455078125 0.008710384368896484 498737 0
0.07758831977844238 0.008860111236572266 509161 0
0.07451820373535156 0.009237051010131836 510027 0
0.07340168952941895 0.009441852569580078 509479 0
0.07219624519348145 0.009896039962768555 507354 0
0.07442641258239746 0.008713722229003906 510067 0
0.07240962982177734 0.010040521621704102 507940 0
0.07034873962402344 0.009768486022949219 505505 0
0.06836247444152832 0.009924888610839844 508796 0
0.07163333892822266 0.010060310363769531 508324 0
0.07442688941955566 0.008508443832397461 491274 0
0.07973718643188477 0.010653018951416016 505246 0
0.07499265670776367 0.008356571197509766 494831 0
0.07779550552368164 0.008188962936401367 497782 0
0.07116937637329102 0.008263826370239258 500090 0
0.07358002662658691 0.009521961212158203 500630 0
0.0759124755859375 0.010735273361206055 497273 0
0.07378625869750977 0.009958982467651367 501148 0
0.06844639778137207 0.008181571960449219 505869 0
0.07081747055053711 0.01041412353515625 507568 0
0.06884169578552246 0.010071039199829102 505986 0
0.07622981071472168 0.009206295013427734 506653 0
0.07622504234313965 0.008919000625610352 504976 0
0.07057929039001465 0.009853839874267578 505561 0
0.07042622566223145 0.008570671081542969 508036 0
0.06899380683898926 0.00818324089050293 509210 0
0.07456040382385254 0.011088371276855469 506433 0
0.07015824317932129 0.009575366973876953 507918 0
0.07220602035522461 0.00988912582397461 505213 0
0.0732583999633789 0.008207321166992188 511627 0
0.07241654396057129 0.009783744812011719 509312 0
0.06966519355773926 0.009805440902709961 507740 0
0.0691218376159668 0.008603572845458984 502634 0
0.07290148735046387 0.00820302963256836 504043 0
0.0708308219909668 0.009255409240722656 506615 0
0.06672191619873047 0.009607553482055664 514873 0
0.0668039321899414 0.008234739303588867 513540 0
0.06685400009155273 0.009869813919067383 512051 0
0.06709575653076172 0.010016202926635742 512574 0
0.07641744613647461 0.008131742477416992 507046 0
0.07636570930480957 0.01042318344116211 488097 0
0.0755608081817627 0.008445978164672852 504238 0
0.06866693496704102 0.00905156135559082 507637 0
0.0717616081237793 0.008599519729614258 499514 0
0.07392454147338867 0.008963346481323242 499432 0
0.07145452499389648 0.009145736694335938 497603 0
0.07420492172241211 0.008376836776733398 499495 0
0.07231998443603516 0.009235858917236328 500622 0
0.07094764709472656 0.009364128112792969 504593 0
0.0792543888092041 0.008503437042236328 502640 0
0.07272648811340332 0.008151531219482422 502497 0
0.06854462623596191 0.009760856628417969 509065 0
0.07269692420959473 0.009783267974853516 504630 0
0.07331395149230957 0.009954690933227539 510182 0
0.07702422142028809 0.008395671844482422 506681 0
0.06799912452697754 0.009388446807861328 510557 0
0.06755304336547852 0.010469436645507812 510903 0
0.07146358489990234 0.008295059204101562 512285 0
0.06835031509399414 0.008682489395141602 510350 0
0.06745290756225586 0.009738445281982422 511971 0
0.07197403907775879 0.010266780853271484 503874 0
0.07167553901672363 0.010694265365600586 513032 0
0.06794333457946777 0.009549617767333984 512207 0
0.06933307647705078 0.010240316390991211 513002 0
0.06853532791137695 0.010097742080688477 510864 0
0.0693511962890625 0.009990692138671875 508009 0
0.07100439071655273 0.010741710662841797 510475 0
0.07304716110229492 0.009364843368530273 505826 0
0.0733795166015625 0.008351564407348633 509846 0
0.06817102432250977 0.008116722106933594 509640 0
0.07233071327209473 0.009441375732421875 492015 0
0.06928348541259766 0.009593725204467773 509314 0
0.06870341300964355 0.009912490844726562 510954 0
0.06917476654052734 0.009058952331542969 505633 0
0.07037878036499023 0.009418249130249023 506677 0
0.06771397590637207 0.009428977966308594 508874 0
0.07355523109436035 0.008222579956054688 509575 0
0.06934022903442383 0.009417533874511719 511453 0
0.07283830642700195 0.010042905807495117 510536 0
0.07023262977600098 0.00925135612487793 509935 0
0.07235908508300781 0.008203506469726562 510457 0
0.06783461570739746 0.008312702178955078 511519 0
0.0688469409942627 0.009741783142089844 511621 0
0.06918501853942871 0.008348464965820312 509931 0
0.07162070274353027 0.010240554809570312 510776 0
0.07237482070922852 0.009080648422241211 497175 0
0.07694053649902344 0.0081634521484375 491954 0
0.08031082153320312 0.0082550048828125 490520 0
0.07523846626281738 0.008901357650756836 492308 0
0.08304810523986816 0.008502721786499023 491949 0
0.0789792537689209 0.008162260055541992 491265 0
0.07820439338684082 0.00812840461730957 495123 0
0.0749349594116211 0.00811004638671875 498392 0
0.07695460319519043 0.009948253631591797 498156 0
0.08181643486022949 0.0084991455078125 492040 0
0.07338190078735352 0.008404254913330078 496684 0
0.07395434379577637 0.009197473526000977 497002 0
0.07888913154602051 0.008231639862060547 490153 0
0.07855439186096191 0.010136604309082031 494351 0
0.07942557334899902 0.009854555130004883 489773 0
0.07891845703125 0.009788274765014648 490052 0
0.08011937141418457 0.008185863494873047 485691 0
0.08040118217468262 0.00852513313293457 490999 0
0.07932329177856445 0.008487701416015625 492538 0
0.08000349998474121 0.008189678192138672 491301 0
0.0807790756225586 0.008218526840209961 493229 0
0.07784271240234375 0.00820302963256836 492459 0
0.08074712753295898 0.008194208145141602 492636 0
0.07558107376098633 0.008227348327636719 495166 0
0.07897043228149414 0.008317947387695312 491310 0
0.07978606224060059 0.008252620697021484 491483 0
0.08318758010864258 0.008171796798706055 490636 0
0.08223390579223633 0.008344173431396484 491171 0
0.07860851287841797 0.008367538452148438 491382 0
0.07842731475830078 0.00837087631225586 489783 0
0.07972002029418945 0.010031461715698242 490775 0
0.07991814613342285 0.009758949279785156 491076 0
0.07875466346740723 0.009551763534545898 492953 0
0.0763096809387207 0.00853872299194336 496207 0
0.0820913314819336 0.010785818099975586 493311 0
0.07702326774597168 0.00919342041015625 493676 0
0.07834339141845703 0.009279966354370117 491608 0
0.07989931106567383 0.008714437484741211 490568 0
0.08074760437011719 0.008120059967041016 493100 0
0.0787510871887207 0.009040355682373047 490101 0
0.08055377006530762 0.008570671081542969 492469 0
0.07416534423828125 0.00857090950012207 495918 0
0.07878375053405762 0.00846099853515625 495897 0
0.07294845581054688 0.009436845779418945 496722 0
0.07965612411499023 0.009004354476928711 495530 0
0.07709074020385742 0.008116006851196289 495444 0
0.07684087753295898 0.008169174194335938 485182 0
0.07724380493164062 0.009920358657836914 495583 0
0.07431912422180176 0.009327888488769531 495606 0
0.08399152755737305 0.008969545364379883 495946 0
0.0732574462890625 0.00999760627746582 495675 0
0.07719635963439941 0.00876617431640625 495808 0
0.07362890243530273 0.008260011672973633 496078 0
0.07773947715759277 0.009005308151245117 495407 0
0.08101391792297363 0.00840902328491211 495696 0
0.07764935493469238 0.010181665420532227 496080 0
0.07348108291625977 0.009290456771850586 495724 0
0.08025288581848145 0.008143424987792969 494562 0
0.07513689994812012 0.008546829223632812 493914 0
0.08056044578552246 0.0082550048828125 494674 0
0.0748739242553711 0.010354042053222656 495047 0
0.07384276390075684 0.009647130966186523 495263 0
0.07398033142089844 0.009341239929199219 495219 0
0.08017301559448242 0.008516311645507812 494107 0
0.07518672943115234 0.011490106582641602 495390 0
0.0750885009765625 0.00976109504699707 495556 0
0.07811331748962402 0.008134603500366211 493004 0
0.07636785507202148 0.008161544799804688 493252 0
0.07939815521240234 0.008177757263183594 495421 0
0.08101677894592285 0.00860905647277832 494259 0
0.0768439769744873 0.009212017059326172 494259 0
0.08191490173339844 0.00977945327758789 494351 0
0.07259678840637207 0.00933074951171875 502059 0
0.0741724967956543 0.010529518127441406 504015 0
0.08466029167175293 0.009754657745361328 496932 0
0.07174491882324219 0.010516643524169922 511596 0
0.07440066337585449 0.009438037872314453 507487 0
0.07154583930969238 0.008962869644165039 512017 0
0.07970666885375977 0.008413553237915039 505894 0
0.07946109771728516 0.009540796279907227 501496 0
0.07117915153503418 0.008937358856201172 505776 0
0.07172203063964844 0.00997161865234375 506065 0
0.07590365409851074 0.008175134658813477 503557 0
0.07182121276855469 0.008697271347045898 502642 0
0.07878804206848145 0.009154081344604492 503013 0
0.07761573791503906 0.010625839233398438 497376 0
0.07612800598144531 0.00852203369140625 497481 0
0.07721066474914551 0.008091211318969727 492258 0
0.07790875434875488 0.008198738098144531 491850 0
0.08369016647338867 0.00893712043762207 496355 0
0.07555389404296875 0.00975179672241211 493308 0
0.07678651809692383 0.00854945182800293 494034 0
0.0779266357421875 0.008141517639160156 493880 0
0.0817708969116211 0.008185148239135742 491865 0
0.08158040046691895 0.009835243225097656 492021 0
0.08120608329772949 0.010221242904663086 492077 0
0.0803213119506836 0.008379697799682617 493802 0
0.07524704933166504 0.008774280548095703 497123 0
0.07604551315307617 0.008394956588745117 481510 0
0.0791163444519043 0.00811457633972168 492702 0
0.07826042175292969 0.010733604431152344 497615 0
0.0754241943359375 0.008957386016845703 494155 0
0.07735657691955566 0.00982356071472168 497439 0
0.07404279708862305 0.009625673294067383 497482 0
0.07627320289611816 0.010416030883789062 496754 0
0.07604813575744629 0.00819540023803711 496911 0
0.07598686218261719 0.008265256881713867 497256 0
0.07764267921447754 0.009114265441894531 494306 0
0.0741109848022461 0.009950399398803711 496416 0
0.07952523231506348 0.008432865142822266 490802 0
0.08040904998779297 0.008334636688232422 493427 0
0.07962846755981445 0.008330106735229492 496078 0
0.07647132873535156 0.008135557174682617 496379 0
0.0816497802734375 0.008165121078491211 496727 0
0.07489585876464844 0.00980520248413086 497768 0
0.07568669319152832 0.008854150772094727 496977 0
0.07565903663635254 0.008566856384277344 493609 0
0.07944679260253906 0.008353233337402344 494860 0
0.0787205696105957 0.009154319763183594 496091 0
0.07857513427734375 0.009532928466796875 493559 0
0.07728147506713867 0.009588003158569336 493979 0
0.08130383491516113 0.009685754776000977 492312 0
0.07784342765808105 0.00877833366394043 494350 0
0.07946085929870605 0.009490966796875 492915 0
0.07768034934997559 0.008233070373535156 493678 0
0.0795905590057373 0.008209466934204102 494958 0
0.0794217586517334 0.008147001266479492 495722 0
0.07804107666015625 0.009403228759765625 497991 0
0.0830080509185791 0.008148908615112305 481802 0
0.0774385929107666 0.008187055587768555 493606 0
0.07822108268737793 0.008625030517578125 499185 0
0.07478976249694824 0.009711265563964844 493980 0
0.07837963104248047 0.008760929107666016 497513 0
0.0808265209197998 0.008541345596313477 495459 0
0.0732724666595459 0.009253740310668945 496862 0
0.07613873481750488 0.009289026260375977 495820 0
0.07530951499938965 0.008568763732910156 497011 0
0.07387566566467285 0.008772134780883789 498820 0
0.07372832298278809 0.010010242462158203 498397 0
0.07925748825073242 0.008347749710083008 495937 0
0.0759122371673584 0.00849151611328125 498574 0
0.07953429222106934 0.008504152297973633 496394 0
0.07869529724121094 0.008270502090454102 498245 0
0.07883071899414062 0.008790016174316406 497561 0
0.07514572143554688 0.010287284851074219 498643 0
0.07766270637512207 0.008154869079589844 498004 0
0.07668900489807129 0.009378194808959961 498261 0
0.07568597793579102 0.008295774459838867 498384 0
0.07770323753356934 0.008786201477050781 497555 0
0.08038640022277832 0.00836634635925293 496969 0
0.0762479305267334 0.008289098739624023 496723 0
0.07801580429077148 0.008235454559326172 497049 0
0.07746434211730957 0.008247613906860352 496540 0
0.08189916610717773 0.008371353149414062 496544 0
0.0756068229675293 0.008940458297729492 496907 0
0.07642269134521484 0.008865594863891602 494390 0
0.07431292533874512 0.008937597274780273 500086 0
0.07481551170349121 0.010154247283935547 499331 0
0.08200764656066895 0.008129596710205078 476733 0
0.08011460304260254 0.009550333023071289 492635 0
0.07749795913696289 0.008260488510131836 495486 0
0.0780036449432373 0.00813150405883789 491698 0
0.08014893531799316 0.008237123489379883 497353 0
0.0805056095123291 0.00832819938659668 499425 0
0.07915115356445312 0.008270263671875 486688 0
0.07877063751220703 0.00931406021118164 481108 0
0.07475876808166504 0.014377832412719727 496139 0
0.0766000747680664 0.008263587951660156 498226 0
0.07277703285217285 0.00956583023071289 501554 0
0.07694816589355469 0.008347272872924805 498578 0
0.07306599617004395 0.009730815887451172 500449 0
0.0733938217163086 0.009928703308105469 501492 0
0.07655692100524902 0.008235692977905273 496821 0
0.07217097282409668 0.009150266647338867 498714 0
0.08233308792114258 0.008186101913452148 482540 0
0.07640409469604492 0.0082855224609375 482905 0
0.07787752151489258 0.009516477584838867 500357 0
0.07299947738647461 0.009046554565429688 501254 0
0.07654285430908203 0.008283376693725586 499413 0
0.07530546188354492 0.009773731231689453 499284 0
0.07496905326843262 0.009350299835205078 497299 0
0.08105063438415527 0.009565591812133789 496507 0
0.0735924243927002 0.009562969207763672 499488 0
0.07662153244018555 0.008174896240234375 499552 0
0.08126425743103027 0.011012792587280273 498653 0
0.07735109329223633 0.009524106979370117 497849 0
0.07656478881835938 0.008462667465209961 499996 0
0.07494759559631348 0.009540319442749023 499498 0
0.07764339447021484 0.008150815963745117 490383 0
0.07882571220397949 0.008229732513427734 495313 0
0.0735931396484375 0.00896763801574707 497765 0
0.07389950752258301 0.009874343872070312 497702 0
0.07210254669189453 0.009448766708374023 499781 0
0.07446908950805664 0.010226011276245117 499299 0
0.07323789596557617 0.009766340255737305 498720 0
0.07667326927185059 0.008564233779907227 496296 0
0.07690858840942383 0.008289337158203125 498579 0
0.07623505592346191 0.008189678192138672 498546 0
0.07892274856567383 0.008231639862060547 497055 0
0.07566595077514648 0.008170843124389648 495991 0
0.07883667945861816 0.010385274887084961 492761 0
0.07512521743774414 0.008643865585327148 496502 0
0.0707404613494873 0.00917959213256836 495913 0
0.07105207443237305 0.008920669555664062 497848 0
0.07137608528137207 0.0093841552734375 497154 0
0.07160210609436035 0.008670806884765625 495743 0
0.07532572746276855 0.009437799453735352 491718 0
0.07377743721008301 0.009917259216308594 496097 0
0.07955288887023926 0.010202646255493164 490425 0
0.07470488548278809 0.00807332992553711 479308 0
0.07231354713439941 0.009641408920288086 493509 0
0.07467079162597656 0.009355783462524414 492554 0
0.07457828521728516 0.010230541229248047 495616 0
0.0738215446472168 0.009208202362060547 491878 0
0.06984305381774902 0.00955510139465332 492989 0
0.06993818283081055 0.009804487228393555 493868 0
0.0718989372253418 0.009947061538696289 489228 0
0.07096719741821289 0.008732080459594727 492990 0
0.0752105712890625 0.008769035339355469 493816 0
0.07310032844543457 0.010905981063842773 492975 0
0.06961393356323242 0.009970426559448242 493384 0
0.07152366638183594 0.009917736053466797 493544 0
0.07807469367980957 0.008203744888305664 488882 0
0.07065558433532715 0.009456396102905273 493051 0
0.07739472389221191 0.010727405548095703 493164 0
0.07504081726074219 0.011080503463745117 491424 0
0.07362031936645508 0.008116483688354492 491593 0
0.07042551040649414 0.009466171264648438 492391 0
0.07082724571228027 0.009035110473632812 491485 0
0.08166384696960449 0.010112762451171875 492246 0
0.07226014137268066 0.009473323822021484 492288 0
0.0718374252319336 0.010220766067504883 493038 0
0.06840872764587402 0.009705781936645508 493919 0
0.06971144676208496 0.009497404098510742 494980 0
0.0779561996459961 0.009068489074707031 494384 0
0.0689995288848877 0.008200883865356445 495049 0
0.07538890838623047 0.008401155471801758 487986 0
0.07275509834289551 0.008203506469726562 491303 0
0.07173466682434082 0.010161638259887695 493740 0
0.08641171455383301 0.009180307388305664 476290 0
0.0730431079864502 0.009763240814208984 493270 0
0.07397747039794922 0.008160114288330078 494538 0
0.07123327255249023 0.008161544799804688 496202 0
0.07456326484680176 0.008352994918823242 494276 0
0.07437467575073242 0.010210514068603516 494683 0
0.0708463191986084 0.008224725723266602 496034 0
0.06961464881896973 0.009968996047973633 495136 0
0.07071304321289062 0.010032176971435547 495335 0
0.06989860534667969 0.009834051132202148 496629 0
0.07271218299865723 0.008797883987426758 494998 0
0.07596921920776367 0.008202552795410156 494297 0
0.07185864448547363 0.009507417678833008 494481 0
0.0747368335723877 0.009656190872192383 494084 0
0.07441067695617676 0.008630037307739258 494121 0
0.07606339454650879 0.009739398956298828 493128 0
0.07818436622619629 0.008300542831420898 490352 0
0.07360339164733887 0.00970005989074707 489671 0
0.0717015266418457 0.009639978408813477 494488 0
0.07672953605651855 0.009248495101928711 492811 0
0.07257413864135742 0.008762836456298828 493197 0
0.07562065124511719 0.010072946548461914 493689 0
0.07220745086669922 0.009418964385986328 492914 0
0.07183218002319336 0.008802175521850586 491974 0
0.07505416870117188 0.009020805358886719 493435 0
0.07296180725097656 0.009351968765258789 493524 0
0.07344746589660645 0.008844375610351562 493913 0
0.07256579399108887 0.009522438049316406 490019 0
0.07097768783569336 0.00877070426940918 492398 0
0.0765531063079834 0.009519577026367188 491117 0
0.07960057258605957 0.009794235229492188 475227 0
0.07050728797912598 0.009061336517333984 491249 0
0.07047343254089355 0.009573221206665039 492807 0
0.07073974609375 0.008255243301391602 494124 0
0.07377409934997559 0.008898019790649414 492574 0
0.07559037208557129 0.008545637130737305 493835 0
0.07026076316833496 0.009809255599975586 493526 0
0.07270622253417969 0.009943485260009766 493462 0
0.0732126235961914 0.009993553161621094 493575 0
0.07403993606567383 0.008173227310180664 494859 0
0.0753328800201416 0.00824117660522461 494042 0
0.07664322853088379 0.008141040802001953 493864 0
0.07198381423950195 0.011050224304199219 493301 0
0.06939077377319336 0.009315729141235352 492701 0
0.06973838806152344 0.009112834930419922 493383 0
0.07289409637451172 0.008130788803100586 493566 0
0.07272839546203613 0.008934259414672852 488559 0
0.07183837890625 0.009690999984741211 488276 0
0.07787537574768066 0.00865793228149414 485880 0
0.07023453712463379 0.010294914245605469 492011 0
0.07185173034667969 0.010003328323364258 491921 0
0.07230663299560547 0.009204626083374023 490960 0
0.0728609561920166 0.00816035270690918 491654 0
0.07263684272766113 0.010447978973388672 495240 0
0.07127881050109863 0.008145809173583984 493540 0
0.07222223281860352 0.009023427963256836 492316 0
0.07233119010925293 0.009023427963256836 491452 0
0.07347726821899414 0.009821176528930664 487802 0
0.07407999038696289 0.008660554885864258 490436 0
0.07960343360900879 0.008152961730957031 486041 0
0.07566189765930176 0.00933837890625 474917 0
0.07725858688354492 0.008571147918701172 487168 0
0.0740056037902832 0.008664846420288086 489624 0
0.07051777839660645 0.009141683578491211 489912 0
0.0728447437286377 0.009655475616455078 487288 0
0.07092809677124023 0.009596586227416992 488782 0
0.07518553733825684 0.008328914642333984 492859 0
0.07155990600585938 0.00997471809387207 490019 0
0.0797586441040039 0.008396148681640625 490118 0
0.06879353523254395 0.009280681610107422 490816 0
0.08010983467102051 0.008156538009643555 486200 0
0.07764816284179688 0.009834527969360352 483774 0
0.07960343360900879 0.008639812469482422 484409 0
0.0782613754272461 0.00841832160949707 487276 0
0.07503938674926758 0.009473562240600586 483598 0
0.07587647438049316 0.00818943977355957 484471 0
0.07936835289001465 0.008248567581176758 485501 0
0.07106566429138184 0.008793830871582031 491708 0
0.07529759407043457 0.008577823638916016 491692 0
0.07021474838256836 0.009289741516113281 490282 0
0.07118654251098633 0.00990748405456543 489595 0
0.06912422180175781 0.010117292404174805 490610 0
0.07081389427185059 0.009475946426391602 489412 0
0.07071542739868164 0.009019613265991211 489486 0
0.07066130638122559 0.010215520858764648 488670 0
0.07099390029907227 0.009284019470214844 488300 0
0.07886505126953125 0.009078741073608398 482796 0
0.0768125057220459 0.010033607482910156 482448 0
0.07131290435791016 0.009805679321289062 488381 0
0.07173442840576172 0.008727550506591797 484424 0
0.07604479789733887 0.00913548469543457 469497 0
0.07049965858459473 0.010138273239135742 486202 0
0.07373380661010742 0.009978771209716797 486168 0
0.07370543479919434 0.010077476501464844 488188 0
0.07175731658935547 0.00870060920715332 487446 0
0.07046985626220703 0.008842229843139648 486623 0
0.0695803165435791 0.009771585464477539 488364 0
0.07092499732971191 0.009442329406738281 487557 0
0.07344245910644531 0.008494138717651367 485778 0
0.06999611854553223 0.008293390274047852 487721 0
0.08252286911010742 0.008224964141845703 468785 0
0.07211899757385254 0.009331703186035156 486828 0
0.07079672813415527 0.009462118148803711 486663 0
0.0738825798034668 0.008769750595092773 484758 0
0.0731961727142334 0.009236574172973633 485546 0
0.07292509078979492 0.008754253387451172 486880 0
0.07051515579223633 0.008818387985229492 491320 0
0.06941699981689453 0.008246183395385742 491199 0
0.06808805465698242 0.009533166885375977 493037 0
0.07243132591247559 0.010377883911132812 490358 0
0.07137131690979004 0.009701013565063477 488321 0
0.07839155197143555 0.008456230163574219 486694 0
0.07131767272949219 0.008852481842041016 486838 0
0.07080554962158203 0.009347915649414062 489010 0
0.07368302345275879 0.009042501449584961 491481 0
0.07516741752624512 0.009741544723510742 489049 0
0.08245396614074707 0.009359598159790039 481670 0
0.07081460952758789 0.008795022964477539 484638 0
0.07456660270690918 0.008871078491210938 486054 0
0.07567715644836426 0.009114265441894531 487975 0
0.07051253318786621 0.009563922882080078 490596 0
0.07383894920349121 0.009840726852416992 489568 0
0.074371337890625 0.010258674621582031 485331 0
0.07455730438232422 0.0098114013671875 484718 0
0.07859086990356445 0.008106470108032227 483461 0
0.07024812698364258 0.009247779846191406 487921 0
0.07872962951660156 0.008858203887939453 485529 0
0.0725092887878418 0.009731054306030273 486215 0
0.08067941665649414 0.008122920989990234 484171 0
0.07371830940246582 0.009747505187988281 484969 0
0.07224535942077637 0.009880781173706055 488780 0
0.07060694694519043 0.009922266006469727 488652 0
0.07388019561767578 0.008311033248901367 489390 0
0.06978774070739746 0.009614706039428711 490032 0
0.07237386703491211 0.009449481964111328 489397 0
0.07045197486877441 0.008140325546264648 488734 0
0.07210874557495117 0.008263826370239258 482867 0
0.07292056083679199 0.010455608367919922 488846 0
0.0717775821685791 0.008249759674072266 487310 0
0.07523512840270996 0.008722305297851562 471448 0
0.07320165634155273 0.009424924850463867 488226 0
0.07644844055175781 0.009121417999267578 488209 0
0.07526159286499023 0.010726451873779297 487995 0
0.07526850700378418 0.008349895477294922 483131 0
0.07697129249572754 0.008136749267578125 488708 0
0.07026386260986328 0.009296178817749023 490360 0
0.07284092903137207 0.008488893508911133 490964 0
0.07055830955505371 0.009305715560913086 491162 0
0.0711202621459961 0.009689569473266602 489810 0
0.07061362266540527 0.009677886962890625 487942 0
0.0770254135131836 0.008131742477416992 487726 0
0.07185006141662598 0.008840799331665039 489346 0
0.06981539726257324 0.009152650833129883 490192 0
0.07809257507324219 0.009979009628295898 488597 0
0.0724785327911377 0.009477853775024414 490203 0
0.07422280311584473 0.010483980178833008 490066 0
0.07586383819580078 0.008469581604003906 490516 0
0.07124805450439453 0.009104013442993164 492123 0
0.07142376899719238 0.009191036224365234 488818 0
0.07201337814331055 0.00858926773071289 489592 0
0.07035994529724121 0.008708953857421875 490032 0
0.07437491416931152 0.009479999542236328 487660 0
0.07235836982727051 0.009264230728149414 489813 0
0.07347774505615234 0.008787155151367188 491853 0
0.0782475471496582 0.00928807258605957 504831 0
0.07483577728271484 0.00947260856628418 510929 0
0.07531523704528809 0.008177757263183594 511184 0
0.07445597648620605 0.009439229965209961 513857 0
0.06983256340026855 0.009300470352172852 513105 0
0.06937623023986816 0.009495019912719727 513555 0
0.07040858268737793 0.009499788284301758 514433 0
0.07295799255371094 0.009243488311767578 510536 0
0.07636094093322754 0.008172273635864258 512995 0
0.07108879089355469 0.00962376594543457 512823 0
0.06969165802001953 0.009646415710449219 511666 0
0.06860947608947754 0.009477853775024414 514195 0
0.07312369346618652 0.009477853775024414 510496 0
0.076995849609375 0.009873628616333008 511772 0
0.07139444351196289 0.009560346603393555 513376 0
0.07697010040283203 0.009615898132324219 514347 0
0.06961393356323242 0.009691715240478516 514850 0
0.07571959495544434 0.009770631790161133 512265 0
0.07317948341369629 0.008660078048706055 504503 0
0.0738067626953125 0.008805990219116211 512653 0
0.07809185981750488 0.008260250091552734 511813 0
0.07397770881652832 0.008616447448730469 512940 0
0.0726158618927002 0.009614229202270508 514867 0
0.07613730430603027 0.008774518966674805 512346 0
0.07036924362182617 0.008661031723022461 517047 0
0.07764244079589844 0.008768081665039062 514341 0
0.07531332969665527 0.009628772735595703 516101 0
0.07014155387878418 0.009716510772705078 515687 0
0.07793068885803223 0.009812593460083008 496878 0
0.07266020774841309 0.009135007858276367 513740 0
0.08360815048217773 0.009073495864868164 511165 0
0.07420992851257324 0.00986933708190918 513366 0
0.07575440406799316 0.009204864501953125 514756 0
0.07097196578979492 0.009521722793579102 516951 0
0.07206225395202637 0.008756399154663086 516306 0
0.07116103172302246 0.009377002716064453 517547 0
0.06911754608154297 0.00833439826965332 517700 0
0.07665753364562988 0.008575439453125 514224 0
0.07027149200439453 0.008951187133789062 513632 0
0.0701138973236084 0.010735750198364258 517038 0
0.07267403602600098 0.008427143096923828 513990 0
0.07233166694641113 0.009815454483032227 514676 0
0.07321810722351074 0.008562803268432617 515683 0
0.06854462623596191 0.009859085083007812 517495 0
0.07126498222351074 0.009760379791259766 514489 0
0.06885910034179688 0.009191036224365234 517097 0
0.0705418586730957 0.008633136749267578 516562 0
0.07231426239013672 0.009270668029785156 517805 0
0.07424521446228027 0.009253740310668945 508471 0
0.06899213790893555 0.009427070617675781 516736 0
0.07271766662597656 0.010123729705810547 516873 0
0.06994104385375977 0.009541034698486328 517001 0
0.07091546058654785 0.00855112075805664 517919 0
0.06920051574707031 0.009754657745361328 518092 0
0.06792855262756348 0.009273529052734375 518644 0
0.07104945182800293 0.008287668228149414 514890 0
0.06828737258911133 0.010057926177978516 518961 0
0.07782506942749023 0.008244514465332031 517352 0
0.08210921287536621 0.008469104766845703 500594 0
0.07407546043395996 0.009966611862182617 516226 0
0.07240986824035645 0.00818324089050293 514528 0
0.07061433792114258 0.009348630905151367 513802 0
0.07000350952148438 0.008674144744873047 517899 0
0.07396936416625977 0.010970830917358398 519930 0
0.07389259338378906 0.009946823120117188 513989 0
0.06947660446166992 0.008565187454223633 520281 0
0.07017159461975098 0.009574651718139648 517910 0
0.06943535804748535 0.008804559707641602 518053 0
0.08319711685180664 0.008473634719848633 517221 0
0.0702059268951416 0.009590387344360352 517246 0
0.07150554656982422 0.00961923599243164 514712 0
0.07082819938659668 0.009451866149902344 518806 0
0.06965827941894531 0.008199691772460938 519152 0
0.0759580135345459 0.009618997573852539 518664 0
0.06948018074035645 0.010317087173461914 519725 0
0.07010102272033691 0.008933067321777344 517691 0
0.06990385055541992 0.009992361068725586 516781 0
0.07201099395751953 0.00832676887512207 517558 0
0.07099175453186035 0.008772611618041992 511308 0
0.07197380065917969 0.009078025817871094 514646 0
0.07109355926513672 0.008244514465332031 518032 0
0.06967568397521973 0.010268688201904297 519101 0
0.07000899314880371 0.009587764739990234 517227 0
0.06736397743225098 0.009681463241577148 517570 0
0.0716855525970459 0.009293556213378906 517161 0
0.06928539276123047 0.009215116500854492 512932 0
0.07810592651367188 0.009492635726928711 515299 0
0.07183074951171875 0.00956869125366211 515211 0
0.07550716400146484 0.010515451431274414 496195 0
0.07577013969421387 0.010603189468383789 511597 0
0.07207846641540527 0.00829172134399414 508363 0
0.06959319114685059 0.008517742156982422 509290 0
0.07271814346313477 0.009691953659057617 509489 0
0.07402706146240234 0.010353565216064453 513697 0
0.07318711280822754 0.009781837463378906 510534 0
0.07471179962158203 0.008289337158203125 512368 0
0.07140541076660156 0.009900808334350586 511616 0
0.0700225830078125 0.009123086929321289 512125 0
0.06852054595947266 0.009061813354492188 511953 0
0.0772256851196289 0.008263111114501953 509130 0
0.07340312004089355 0.008238077163696289 504284 0
0.07773447036743164 0.008202314376831055 510926 0
0.07275533676147461 0.009369850158691406 511541 0
0.0690298080444336 0.009002923965454102 511769 0
0.07404685020446777 0.008215904235839844 510149 0
0.06888937950134277 0.010306358337402344 511745 0
0.07255911827087402 0.008230924606323242 512380 0
0.07515764236450195 0.010469913482666016 508909 0
0.07625055313110352 0.008253812789916992 502472 0
0.07636046409606934 0.008791685104370117 510334 0
0.0731971263885498 0.009417533874511719 514377 0
0.08023643493652344 0.008284807205200195 512290 0
0.07311868667602539 0.009765148162841797 511415 0
0.0744175910949707 0.008250236511230469 512672 0
0.07236313819885254 0.008681774139404297 510770 0
0.0715489387512207 0.008152008056640625 508074 0
0.0845956802368164 0.010784626007080078 508793 0
0.07097101211547852 0.009276866912841797 509509 0
0.07703733444213867 0.00989079475402832 492385 0
0.07457423210144043 0.008713960647583008 510391 0
0.07237482070922852 0.009872674942016602 505565 0
0.0794835090637207 0.008275032043457031 507044 0
0.07351899147033691 0.009503364562988281 509007 0
0.08072876930236816 0.008223295211791992 507642 0
0.07835721969604492 0.008241653442382812 507715 0
0.07428884506225586 0.009883880615234375 511964 0
0.07478189468383789 0.009256839752197266 513649 0
0.07632279396057129 0.008326530456542969 513744 0
0.07086300849914551 0.009292364120483398 514172 0
0.07080245018005371 0.009466409683227539 513692 0
0.07368874549865723 0.009955883026123047 505359 0
0.07681512832641602 0.009934186935424805 513135 0
0.07216453552246094 0.010483741760253906 511353 0
0.07701873779296875 0.008898258209228516 510329 0
0.07210588455200195 0.009253740310668945 510602 0
0.07273411750793457 0.009096860885620117 510958 0
0.08060550689697266 0.008430719375610352 510576 0
0.07669425010681152 0.008777856826782227 510396 0
0.07448673248291016 0.009361982345581055 506037 0
0.07217001914978027 0.0103759765625 510854 0
0.07257223129272461 0.010585784912109375 513698 0
0.0781397819519043 0.009633302688598633 510696 0
0.0741720199584961 0.009604930877685547 513236 0
0.07418179512023926 0.009588479995727539 510474 0
0.07813715934753418 0.008524417877197266 510804 0
0.07283139228820801 0.00939631462097168 507924 0
0.08105063438415527 0.008546113967895508 512781 0
0.08049917221069336 0.008262395858764648 509104 0
0.07779073715209961 0.008469343185424805 490998 0
0.07709264755249023 0.00923466682434082 508027 0
0.07510948181152344 0.008608102798461914 504275 0
0.07817196846008301 0.008445262908935547 507371 0
0.07150816917419434 0.009203910827636719 510492 0
0.07069253921508789 0.008608818054199219 512296 0
0.07657718658447266 0.0082244873046875 508848 0
0.0755000114440918 0.00946807861328125 512188 0
0.07903718948364258 0.008283853530883789 512379 0
0.06918811798095703 0.010045289993286133 513564 0
0.07207226753234863 0.00960850715637207 513132 0
0.07506966590881348 0.008830547332763672 512481 0
0.07471728324890137 0.008245706558227539 504062 0
0.07866787910461426 0.008402109146118164 513260 0
0.06996440887451172 0.009334802627563477 512707 0
0.08015561103820801 0.008798360824584961 510146 0
0.0752263069152832 0.008228778839111328 509892 0
0.07879161834716797 0.008205413818359375 509982 0
0.07423686981201172 0.009275436401367188 512217 0
0.06992626190185547 0.009534597396850586 512285 0
0.07345438003540039 0.009440422058105469 502832 0
0.07435393333435059 0.008756160736083984 509334 0
0.07013821601867676 0.009905338287353516 513113 0
0.07861495018005371 0.008354425430297852 512884 0
0.07277655601501465 0.010158538818359375 512416 0
0.07404136657714844 0.008676767349243164 512890 0
0.07805609703063965 0.008202552795410156 510222 0
0.07286357879638672 0.00904083251953125 507982 0
0.07680249214172363 0.009343385696411133 512072 0
0.07280898094177246 0.009856224060058594 511855 0
0.07637953758239746 0.009955406188964844 495860 0
0.07213091850280762 0.010021686553955078 510657 0
0.07691001892089844 0.009300947189331055 499894 0
0.07644987106323242 0.010951042175292969 510321 0
0.0727701187133789 0.009436845779418945 512157 0
0.07604551315307617 0.009512662887573242 509520 0
0.07196044921875 0.009979009628295898 509158 0
0.07079648971557617 0.009784936904907227 512454 0
0.07136702537536621 0.009984016418457031 510562 0
0.07183313369750977 0.009730815887451172 513465 0
0.07579231262207031 0.009159326553344727 511473 0
0.07776260375976562 0.008188724517822266 511217 0
0.0815887451171875 0.009406805038452148 502231 0
0.07522177696228027 0.010314702987670898 512281 0
0.07280230522155762 0.009121179580688477 510339 0
0.0694434642791748 0.00956416130065918 514195 0
0.06972622871398926 0.008180618286132812 514675 0
0.069366455078125 0.010503053665161133 514323 0
0.07033514976501465 0.009780168533325195 510449 0
0.07019352912902832 0.009286880493164062 512594 0
0.07116961479187012 0.009063005447387695 506492 0
0.07053709030151367 0.009753942489624023 510548 0
0.06877851486206055 0.009613752365112305 517392 0
0.07317066192626953 0.010258674621582031 515066 0
0.06840181350708008 0.009560823440551758 516601 0
0.06708025932312012 0.008274555206298828 518900 0
0.06838607788085938 0.01043081283569336 517141 0
0.07152009010314941 0.0101776123046875 515726 0
0.07140779495239258 0.008543968200683594 519024 0
0.07697343826293945 0.008263826370239258 515694 0
0.06863665580749512 0.009830474853515625 515020 0
0.07816362380981445 0.010392189025878906 518047 0
0.07024097442626953 0.010850906372070312 514435 0
0.06789159774780273 0.008674860000610352 516679 0
0.07094907760620117 0.009504318237304688 514944 0
0.07033634185791016 0.009480714797973633 515248 0
0.07230639457702637 0.010397911071777344 519500 0
0.07256126403808594 0.010006189346313477 517035 0
0.06914901733398438 0.009837865829467773 518854 0
0.07405948638916016 0.01064753532409668 516453 0
0.06813549995422363 0.010030269622802734 518965 0
0.07665395736694336 0.008322477340698242 514599 0
0.07195305824279785 0.009380340576171875 513722 0
0.07596731185913086 0.008343696594238281 515479 0
0.0694730281829834 0.010317564010620117 514495 0
0.07288002967834473 0.010529518127441406 515205 0
0.07291984558105469 0.011047840118408203 516361 0
0.07110190391540527 0.008237838745117188 515874 0
0.07296991348266602 0.00990748405456543 512499 0
0.06984949111938477 0.008511066436767578 517913 0
0.06856393814086914 0.010336875915527344 518122 0
0.07416105270385742 0.008431673049926758 516879 0
0.06922221183776855 0.010450363159179688 516971 0
0.0695648193359375 0.010315656661987305 517861 0
0.07017993927001953 0.008271455764770508 516551 0
0.07261300086975098 0.008295297622680664 514068 0
0.07095766067504883 0.012331724166870117 515098 0
0.07315707206726074 0.008264780044555664 513361 0
0.07151961326599121 0.009229183197021484 512470 0
0.07453417778015137 0.008492469787597656 513672 0
0.06937766075134277 0.008353233337402344 516807 0
0.07166886329650879 0.009946584701538086 514449 0
0.06906843185424805 0.010025501251220703 514727 0
0.07292556762695312 0.010261058807373047 513890 0
0.07100534439086914 0.008282184600830078 515651 0
0.07230472564697266 0.009462833404541016 513415 0
0.07015562057495117 0.008460044860839844 515593 0
0.06836366653442383 0.009376049041748047 515245 0
0.07176685333251953 0.00829315185546875 513810 0
0.0700082778930664 0.009673833847045898 515144 0
0.07316017150878906 0.009861230850219727 516313 0
0.06981182098388672 0.008777856826782227 514681 0
0.0705711841583252 0.009159564971923828 516288 0
0.06948447227478027 0.009796619415283203 515454 0
0.07108545303344727 0.009786605834960938 512764 0
0.07313847541809082 0.009797096252441406 514117 0
0.07295966148376465 0.009342193603515625 512328 0
0.06911015510559082 0.009537935256958008 513075 0
0.07009744644165039 0.009823322296142578 514853 0
0.06912040710449219 0.009982109069824219 514728 0
0.07117938995361328 0.01029515266418457 514209 0
0.07034921646118164 0.009982585906982422 514224 0
0.074066162109375 0.008868217468261719 514189 0
0.06927013397216797 0.010164737701416016 515889 0
0.07293534278869629 0.008539438247680664 515762 0
0.07149362564086914 0.009571552276611328 514081 0
0.07175517082214355 0.008594512939453125 514593 0
0.07088613510131836 0.009527921676635742 513927 0
0.06853151321411133 0.009788751602172852 516880 0
0.07580947875976562 0.008740425109863281 517823 0
0.06783413887023926 0.009281635284423828 516825 0
0.06821823120117188 0.008347511291503906 517623 0
0.07256650924682617 0.01043248176574707 513886 0
0.06945443153381348 0.010802268981933594 516346 0
0.07569360733032227 0.009274005889892578 513240 0
0.06776118278503418 0.009952068328857422 519774 0
0.07123851776123047 0.008263826370239258 517478 0
0.06951427459716797 0.010437488555908203 518399 0
0.07056927680969238 0.010815143585205078 516079 0
0.07251501083374023 0.010849237442016602 520873 0
0.06935453414916992 0.009779930114746094 517329 0
0.06954026222229004 0.008573055267333984 520076 0
0.07078671455383301 0.010655641555786133 519401 0
0.06892871856689453 0.009953975677490234 520699 0
0.07346844673156738 0.013469457626342773 511247 0
0.07598233222961426 0.010532379150390625 506950 0
0.06724190711975098 0.009777545928955078 519629 0
0.06707262992858887 0.009655952453613281 525124 0
0.07662129402160645 0.00823521614074707 512413 0
0.06951570510864258 0.009692907333374023 520640 0
0.07230377197265625 0.010278463363647461 512802 0
0.07583355903625488 0.008542299270629883 510541 0
0.07443928718566895 0.009377241134643555 513000 0
0.0667111873626709 0.009033441543579102 517671 0
0.06982851028442383 0.009109735488891602 515753 0
0.06978607177734375 0.00958871841430664 515626 0
0.07112240791320801 0.008702516555786133 520091 0
0.06866097450256348 0.008742809295654297 518454 0
0.07346439361572266 0.009212493896484375 507521 0
0.06749200820922852 0.008563756942749023 521198 0
0.06763052940368652 0.01016092300415039 518578 0
0.06865859031677246 0.008475780487060547 516315 0
0.06597542762756348 0.009932518005371094 522673 0
0.06584763526916504 0.009912252426147461 523258 0
0.0741424560546875 0.008480310440063477 510602 0
0.06678390502929688 0.009657621383666992 522402 0
0.07214927673339844 0.009851217269897461 522269 0
0.06676816940307617 0.008222579956054688 523068 0
0.0708315372467041 0.010775327682495117 522485 0
0.06784510612487793 0.009974956512451172 523165 0
0.06726956367492676 0.008274316787719727 523524 0
0.06989049911499023 0.009200096130371094 521092 0
0.07193136215209961 0.00967097282409668 522428 0
0.06658053398132324 0.008309364318847656 523384 0
0.0683753490447998 0.009898185729980469 526693 0
0.070831298828125 0.008373737335205078 522850 0
0.0672447681427002 0.008237838745117188 522809 0
0.07466530799865723 0.010158061981201172 523321 0
0.069915771484375 0.008707284927368164 521998 0
0.06644296646118164 0.00954294204711914 522800 0
0.06923294067382812 0.008218526840209961 520470 0
0.06825733184814453 0.008209228515625 521466 0
0.07824134826660156 0.008434295654296875 519482 0
0.07227468490600586 0.010543584823608398 520759 0
0.07231974601745605 0.010229825973510742 521157 0
0.06638050079345703 0.009111166000366211 520852 0
0.06699347496032715 0.009504318237304688 522380 0
0.06766700744628906 0.009143590927124023 521999 0
0.0709524154663086 0.008866310119628906 512851 0
0.07189202308654785 0.008192062377929688 523023 0
0.07022714614868164 0.008939266204833984 517144 0
0.06840991973876953 0.008340597152709961 518772 0
0.07708477973937988 0.008248090744018555 520463 0
0.0703890323638916 0.010548830032348633 523366 0
0.07367801666259766 0.009407281875610352 514384 0
0.07060098648071289 0.009969472885131836 523784 0
0.06708073616027832 0.008768320083618164 523094 0
0.06962084770202637 0.00994729995727539 523503 0
0.06871342658996582 0.010567665100097656 523545 0
0.07008099555969238 0.008395910263061523 520621 0
0.07002878189086914 0.009284019470214844 521662 0
0.0687856674194336 0.010637998580932617 523403 0
0.0676734447479248 0.009972095489501953 523330 0
0.0716695785522461 0.01031494140625 525167 0
0.0659940242767334 0.009612083435058594 524106 0
0.06672358512878418 0.010416746139526367 525035 0
0.06948471069335938 0.008267641067504883 522377 0
0.06888747215270996 0.009070634841918945 525285 0
0.06852364540100098 0.00961613655090332 523732 0
0.06913185119628906 0.00969839096069336 520178 0
0.07190513610839844 0.009491205215454102 522883 0
0.06630492210388184 0.009439229965209961 522501 0
0.06616711616516113 0.008532285690307617 523025 0
0.06783437728881836 0.008742094039916992 524896 0
0.06792664527893066 0.010650873184204102 525247 0
0.07549571990966797 0.008401632308959961 521161 0
0.06404471397399902 0.009731292724609375 524817 0
0.06568169593811035 0.009434223175048828 526352 0
0.0684196949005127 0.009615659713745117 514509 0
0.06924176216125488 0.009889364242553711 524619 0
0.06723999977111816 0.009326934814453125 524453 0
0.06613016128540039 0.008696556091308594 523290 0
0.0659477710723877 0.010375499725341797 525237 0
0.0671379566192627 0.00940251350402832 527022 0
0.06833362579345703 0.008354902267456055 521037 0
0.06845855712890625 0.008397579193115234 528285 0
0.06582331657409668 0.008301973342895508 527120 0
0.06512284278869629 0.008727550506591797 527197 0
0.06641292572021484 0.008299827575683594 525477 0
0.07068085670471191 0.010288000106811523 521397 0
0.07104969024658203 0.010444164276123047 522236 0
0.07505083084106445 0.008327245712280273 519582 0
0.07141709327697754 0.009879112243652344 521457 0
0.06775116920471191 0.009661197662353516 523038 0
0.07262682914733887 0.008461713790893555 521314 0
0.06877899169921875 0.008753299713134766 523080 0
0.06699538230895996 0.009020090103149414 522002 0
0.0696098804473877 0.009419918060302734 519929 0
0.07321977615356445 0.008322477340698242 519449 0
0.07128691673278809 0.009459733963012695 517931 0
0.07491350173950195 0.010378360748291016 521071 0
0.06833910942077637 0.008289813995361328 523153 0
0.06852126121520996 0.009201765060424805 520938 0
0.08192229270935059 0.008939981460571289 520520 0
0.07459759712219238 0.010040998458862305 519331 0
0.07080411911010742 0.009897947311401367 520630 0
0.0678093433380127 0.009526968002319336 521344 0
0.07305479049682617 0.009441852569580078 518895 0
0.07425880432128906 0.008520364761352539 520706 0
0.07437348365783691 0.010348081588745117 517193 0
0.07337594032287598 0.009490489959716797 518366 0
0.07168316841125488 0.00916743278503418 518009 0
0.06796550750732422 0.008220195770263672 520758 0
0.07712936401367188 0.008331537246704102 519919 0
0.07073521614074707 0.010582208633422852 521072 0
0.07031083106994629 0.008862018585205078 519519 0
0.07325291633605957 0.008316755294799805 519619 0
0.07271766662597656 0.009505271911621094 518574 0
