0.24787664413452148 0.01543116569519043 807371 402405
0.2583191394805908 0.016223430633544922 807741 402098
0.261643648147583 0.017425060272216797 815559 398407
0.2572627067565918 0.01575469970703125 809646 401110
0.26023030281066895 0.01891613006591797 812324 400181
0.2554655075073242 0.015701770782470703 817106 397834
0.26491785049438477 0.016491413116455078 818434 396957
0.26238489151000977 0.01644277572631836 817645 397497
0.257157564163208 0.016153335571289062 816169 398128
0.2540254592895508 0.01599717140197754 816603 397888
0.247711181640625 0.014832019805908203 808078 402100
0.25396227836608887 0.01634693145751953 800969 405490
0.25385427474975586 0.014938592910766602 815426 398703
0.2483046054840088 0.014832258224487305 805632 403622
0.2552971839904785 0.01532745361328125 759884 426962
0.25071024894714355 0.014833688735961914 802812 404864
0.2645745277404785 0.01602029800415039 797498 407623
0.2574892044067383 0.01604771614074707 789862 411713
0.24990320205688477 0.015787839889526367 777437 418044
0.2531764507293701 0.01553201675415039 799137 406637
0.2620100975036621 0.015322685241699219 797831 407218
0.2571525573730469 0.015558242797851562 787404 412977
0.252410888671875 0.015895843505859375 800564 405820
0.253176212310791 0.015105962753295898 813287 399502
0.2523934841156006 0.015204668045043945 814114 398831
0.25127363204956055 0.01564502716064453 808599 401663
0.2510831356048584 0.01933145523071289 790348 411342
0.25252509117126465 0.015992403030395508 805534 402998
0.2529618740081787 0.015501976013183594 807767 401964
0.26625776290893555 0.01627516746520996 795807 408305
0.25510168075561523 0.015680551528930664 805916 402899
0.25183916091918945 0.015007257461547852 808825 401545
0.26157689094543457 0.016597270965576172 800502 405651
0.2635352611541748 0.014616966247558594 802572 404611
0.25061964988708496 0.015535593032836914 787204 412964
0.2595546245574951 0.015467405319213867 809093 401332
0.26261329650878906 0.016557693481445312 826506 392577
0.2495269775390625 0.014755725860595703 818478 396804
0.2598559856414795 0.0166013240814209 824931 393306
0.25923633575439453 0.016176462173461914 810231 400896
0.26154327392578125 0.016879558563232422 793758 409282
0.25260400772094727 0.015546321868896484 800066 405730
0.26261305809020996 0.015818119049072266 817236 397220
0.26981377601623535 0.015201807022094727 816252 397803
0.2518002986907959 0.01586318016052246 779253 416762
0.2612335681915283 0.016049861907958984 813009 399428
0.2563333511352539 0.015996932983398438 819454 396135
0.2523918151855469 0.015854597091674805 811611 399784
0.25986433029174805 0.016037940979003906 818790 396632
0.26167964935302734 0.01654839515686035 817135 397352
0.2654397487640381 0.015522241592407227 812365 399565
0.260387659072876 0.015184879302978516 818485 396685
0.25212550163269043 0.01541900634765625 816835 397672
0.2656075954437256 0.016284465789794922 817617 397212
0.25493836402893066 0.01682567596435547 818120 396912
0.2582895755767822 0.01627492904663086 818939 396553
0.2558474540710449 0.016471385955810547 819543 395929
0.2550008296966553 0.015674591064453125 818953 396552
0.25363993644714355 0.01597309112548828 818838 396490
0.2581956386566162 0.015462160110473633 819609 396093
0.26084446907043457 0.016054630279541016 813770 399143
0.2595357894897461 0.015814781188964844 814956 398422
0.25803065299987793 0.015921831130981445 813798 399000
0.25517702102661133 0.015964984893798828 811964 399968
0.25431108474731445 0.01595449447631836 804463 403608
0.2567009925842285 0.01566171646118164 813867 399011
0.2654917240142822 0.01719379425048828 817159 397478
0.2539956569671631 0.015958547592163086 817309 397242
0.25618577003479004 0.015446186065673828 816395 397759
0.2538635730743408 0.015784263610839844 814858 398421
0.2590930461883545 0.015807628631591797 810190 400717
0.24907469749450684 0.015034914016723633 802587 404400
0.2735905647277832 0.015776395797729492 814180 398748
0.25341320037841797 0.016137361526489258 809079 401353
0.25314927101135254 0.015372276306152344 763796 424571
0.25083208084106445 0.02011418342590332 812444 399749
0.2552008628845215 0.01747441291809082 810643 400654
0.26496291160583496 0.01570749282836914 800459 405441
0.2506883144378662 0.01620936393737793 804674 403621
0.2512848377227783 0.015531778335571289 804480 403652
0.2562720775604248 0.015611886978149414 813229 399512
0.2528269290924072 0.015280723571777344 814863 398558
0.25760674476623535 0.016528606414794922 808625 401726
0.2526130676269531 0.015633583068847656 808565 401905
0.2586216926574707 0.015098094940185547 810331 401306
0.25983452796936035 0.017095565795898438 810126 401279
0.25306177139282227 0.015462398529052734 792972 409846
0.2595953941345215 0.015562772750854492 811130 400818
0.2533841133117676 0.01654648780822754 811414 400739
0.26181983947753906 0.01653265953063965 813069 399810
0.2500267028808594 0.0146942138671875 809050 401690
0.2604072093963623 0.01577448844909668 807292 402621
0.26318883895874023 0.016490697860717773 808665 401760
0.2578103542327881 0.015705347061157227 798871 406750
0.2588796615600586 0.016327619552612305 809747 401525
0.2514040470123291 0.015574455261230469 805743 403232
0.24265313148498535 0.014871358871459961 759848 426827
0.25342559814453125 0.015158414840698242 809942 401140
0.2570312023162842 0.016513586044311523 809746 401273
0.2543327808380127 0.016307592391967773 795442 408691
0.2514195442199707 0.015153169631958008 800300 405888
0.2572033405303955 0.01510167121887207 803218 404192
0.24924182891845703 0.015534400939941406 806919 402653
0.2592921257019043 0.01583385467529297 819803 396284
0.25512218475341797 0.015343904495239258 816327 398121
0.2537100315093994 0.015277385711669922 817518 397636
0.2733633518218994 0.016322851181030273 816364 398122
0.26259684562683105 0.016436100006103516 821274 395545
0.2576916217803955 0.016079187393188477 819570 396725
0.26305675506591797 0.01658010482788086 816668 398088
0.25783395767211914 0.016329288482666016 817021 397895
0.2536888122558594 0.016041040420532227 815700 398602
0.24831771850585938 0.015464544296264648 816266 398330
0.2575507164001465 0.01657247543334961 816840 398086
0.2590453624725342 0.015412569046020508 809051 401962
0.25128865242004395 0.015226364135742188 815379 398890
0.2604398727416992 0.015468120574951172 789049 412380
0.253659725189209 0.015351057052612305 817106 397988
0.2563750743865967 0.015630245208740234 815815 398595
0.2667884826660156 0.01649308204650879 817623 397746
0.25855207443237305 0.016796350479125977 811802 400446
0.2588469982147217 0.016713619232177734 815250 398743
0.2473142147064209 0.015254497528076172 808569 401823
0.25463032722473145 0.01587510108947754 801456 405309
0.2562894821166992 0.015462160110473633 811053 400575
0.26148390769958496 0.01615142822265625 812344 399837
0.2510983943939209 0.01602935791015625 767873 422858
0.25618577003479004 0.01764512062072754 803610 404143
0.2528660297393799 0.014940977096557617 776731 418550
0.2501521110534668 0.014994382858276367 785535 414027
0.25331640243530273 0.016562938690185547 790501 411405
0.25092339515686035 0.015890121459960938 795980 408526
0.2534613609313965 0.015336751937866211 785698 414000
0.2648444175720215 0.015377283096313477 796318 408062
0.25782227516174316 0.016656160354614258 803945 403997
0.25176286697387695 0.016164541244506836 808410 401680
0.2554755210876465 0.016956329345703125 805537 403180
0.26419734954833984 0.01707744598388672 808454 401593
0.2654378414154053 0.014696836471557617 804377 403887
0.2599916458129883 0.01664590835571289 807070 402406
0.25531005859375 0.016155719757080078 813501 399005
0.2530860900878906 0.015599966049194336 814877 398521
0.2533078193664551 0.01535940170288086 808048 401779
0.26398444175720215 0.014584779739379883 810598 400514
0.24759960174560547 0.015211105346679688 805712 403047
0.25917935371398926 0.015228509902954102 820502 395592
0.2576308250427246 0.015852689743041992 813743 398830
0.2486109733581543 0.01692652702331543 808280 401605
0.24886465072631836 0.017542600631713867 799003 406540
0.2551841735839844 0.0158383846282959 799722 406000
0.2624549865722656 0.016035795211791992 813486 398979
0.25606775283813477 0.015529394149780273 828044 391705
0.2543449401855469 0.015980958938598633 824964 393172
0.2557504177093506 0.01601386070251465 822844 394293
0.2544522285461426 0.01578378677368164 822782 394363
0.26282596588134766 0.015337944030761719 812683 398968
0.26032471656799316 0.016594886779785156 763583 424203
0.2532932758331299 0.01590561866760254 804264 403695
0.25647830963134766 0.017425060272216797 808601 401223
0.2524700164794922 0.015194892883300781 788849 411970
0.2604193687438965 0.015456676483154297 788751 411984
0.26160311698913574 0.015555381774902344 793045 409782
0.25495314598083496 0.015429258346557617 788484 412126
0.25496530532836914 0.015610456466674805 792801 410027
0.26276302337646484 0.016493797302246094 806508 402318
0.26612329483032227 0.015014886856079102 796923 407814
0.25186610221862793 0.01596379280090332 794393 409081
0.2671215534210205 0.014827489852905273 810649 400399
0.2575666904449463 0.01561117172241211 804889 403676
0.26023268699645996 0.015525341033935547 822274 394534
0.262706995010376 0.015339851379394531 803604 404445
0.2504584789276123 0.01517176628112793 814220 398633
0.256603479385376 0.01594090461730957 816787 397437
0.2540919780731201 0.014898061752319336 819053 396052
0.2595343589782715 0.01555633544921875 816799 397347
0.2531106472015381 0.016359806060791016 817545 397123
0.25748705863952637 0.015590429306030273 801012 405465
0.2660551071166992 0.015483379364013672 822570 394611
0.25344181060791016 0.015776395797729492 823871 393866
0.25850677490234375 0.01609206199645996 822868 394276
0.25511789321899414 0.015663623809814453 816480 397527
0.25200915336608887 0.016916275024414062 813469 399031
0.25574564933776855 0.015367269515991211 815625 397805
0.25806093215942383 0.015855789184570312 802742 404570
0.25757789611816406 0.016089439392089844 813715 398895
0.2518165111541748 0.015620231628417969 813204 398939
0.2544867992401123 0.016030550003051758 768297 422215
0.25522351264953613 0.015550851821899414 817196 397236
0.25710558891296387 0.01563572883605957 817983 396771
0.260239839553833 0.015441179275512695 801654 405059
0.25876283645629883 0.01592087745666504 809582 400763
0.2527925968170166 0.015360355377197266 810410 400242
0.2546243667602539 0.015755176544189453 813764 398892
0.2525796890258789 0.015549659729003906 818563 396497
0.26581573486328125 0.016420364379882812 816214 397541
0.2671480178833008 0.015661954879760742 814650 398486
0.25380969047546387 0.01637744903564453 816406 397516
0.2666127681732178 0.016733407974243164 818830 396269
0.25048303604125977 0.015997648239135742 818898 396390
0.2610971927642822 0.01664590835571289 816243 397727
0.24864745140075684 0.015128374099731445 804710 406406
0.248460054397583 0.015788555145263672 769514 424516
0.2531239986419678 0.014989614486694336 756138 431255
0.254253625869751 0.015248298645019531 762049 428274
0.2585105895996094 0.01599407196044922 759245 429483
0.24375033378601074 0.015061140060424805 763545 427436
0.25121259689331055 0.015351533889770508 764101 427194
0.25644564628601074 0.01572418212890625 766800 425768
0.25185155868530273 0.015309572219848633 773086 422508
0.26116394996643066 0.01539754867553711 770596 423830
0.257465124130249 0.016603708267211914 763184 427588
0.2624630928039551 0.015073060989379883 768272 424961
0.25946831703186035 0.016563892364501953 767987 425241
0.2527022361755371 0.015392065048217773 763189 427557
0.24841570854187012 0.015642642974853516 765451 426508
0.24936723709106445 0.01448369026184082 762069 428159
0.2652568817138672 0.01592087745666504 762392 427903
0.24591803550720215 0.01432037353515625 740526 438354
0.26352930068969727 0.015897750854492188 764020 427110
0.25012993812561035 0.020915746688842773 765738 426166
0.28099846839904785 0.017442703247070312 766807 425687
0.27105283737182617 0.017485618591308594 766317 426000
0.2703719139099121 0.016350507736206055 765478 426365
0.2649118900299072 0.015572071075439453 766388 425790
0.2658975124359131 0.015516996383666992 766954 425482
0.24881649017333984 0.015653610229492188 764657 426816
0.2557075023651123 0.014851093292236328 765462 426331
0.25194621086120605 0.015228509902954102 765022 426421
0.2539544105529785 0.016067981719970703 763537 427247
0.2494640350341797 0.014924287796020508 766081 426042
0.24417376518249512 0.015192985534667969 762858 427623
0.24817728996276855 0.015630722045898438 764307 426858
0.25128936767578125 0.015918970108032227 765157 426424
0.24783658981323242 0.015841960906982422 765005 426396
0.25388407707214355 0.015053510665893555 769032 424451
0.24844789505004883 0.015273094177246094 767173 425278
0.24994111061096191 0.01567220687866211 766479 425731
0.25443243980407715 0.01588606834411621 764668 426761
0.2558004856109619 0.015895366668701172 764889 426632
0.25675082206726074 0.01602029800415039 764520 426748
0.2601597309112549 0.016199588775634766 762857 427776
0.24724555015563965 0.01518392562866211 764499 426721
0.25862860679626465 0.015858173370361328 767185 425489
0.24714422225952148 0.014923334121704102 766929 425776
0.2577555179595947 0.016058921813964844 769046 424620
0.24758172035217285 0.015480756759643555 765461 426490
0.2563972473144531 0.015742778778076172 765901 426228
0.24472904205322266 0.015326738357543945 739670 438923
0.24876880645751953 0.01554250717163086 765464 426363
0.2506835460662842 0.016755104064941406 765714 426227
0.25100207328796387 0.01585221290588379 766948 425499
0.25645899772644043 0.016530513763427734 767788 425351
0.25127220153808594 0.015332221984863281 767622 425250
0.2533302307128906 0.016894102096557617 769200 424454
0.25098633766174316 0.016255617141723633 769131 424461
0.2492072582244873 0.015403270721435547 768010 425077
0.24898624420166016 0.014974832534790039 769208 424410
0.24691510200500488 0.014639616012573242 767161 425455
0.2519567012786865 0.015383005142211914 763863 427124
0.25750303268432617 0.015042304992675781 763747 427069
0.24818801879882812 0.015795230865478516 763398 427423
0.24735689163208008 0.019069433212280273 765210 426345
0.24796533584594727 0.015979290008544922 768902 424566
0.262331485748291 0.01641249656677246 767634 425377
0.2553517818450928 0.015543699264526367 770846 423605
0.2537531852722168 0.015278100967407227 768493 424743
0.24948501586914062 0.01602458953857422 771344 423449
0.2486250400543213 0.015098094940185547 770884 423576
0.26530981063842773 0.015200138092041016 772262 422689
0.2569236755371094 0.01617717742919922 772001 422874
0.25301027297973633 0.016785144805908203 767593 425229
0.25809574127197266 0.015316247940063477 769429 424321
0.2509725093841553 0.015497684478759766 769489 424294
0.2630448341369629 0.01547861099243164 789204 414085
0.24667882919311523 0.015497446060180664 786462 415436
0.2556955814361572 0.015809059143066406 770200 424199
0.25344324111938477 0.016305923461914062 810408 403409
0.25197505950927734 0.015298128128051758 795102 411402
0.2576136589050293 0.015939950942993164 809331 404035
0.26231980323791504 0.01645374298095703 798629 409560
0.2681751251220703 0.015621662139892578 787120 415111
0.2564067840576172 0.01658010482788086 792064 412663
0.2577543258666992 0.01587653160095215 793334 412066
0.24987292289733887 0.015610218048095703 790252 413493
0.26468563079833984 0.01590418815612793 786674 415135
0.26009297370910645 0.01651477813720703 783026 417160
0.2508351802825928 0.015439033508300781 769046 424711
0.2500569820404053 0.015244483947753906 769384 424669
0.25026702880859375 0.015484094619750977 756143 431334
0.24662089347839355 0.01612401008605957 764414 427078
0.26371264457702637 0.015472173690795898 766263 426172
0.25542545318603516 0.015088796615600586 762444 428222
0.2537224292755127 0.014632940292358398 760212 429323
0.24625301361083984 0.015421152114868164 764267 427277
0.24599599838256836 0.014433145523071289 763040 427862
0.2540750503540039 0.018415212631225586 764059 427397
0.25556254386901855 0.01524496078491211 765174 426770
0.2546510696411133 0.01704239845275879 767772 425493
0.2584073543548584 0.015523910522460938 768220 425286
0.24319696426391602 0.015148639678955078 728053 444647
0.25592923164367676 0.014786481857299805 766907 425839
0.2548410892486572 0.016652822494506836 769111 424741
0.24944233894348145 0.014932394027709961 760870 428911
0.25368738174438477 0.015301227569580078 769559 424585
0.25212717056274414 0.016083478927612305 768737 424931
0.25096821784973145 0.0160064697265625 767443 425604
0.25250697135925293 0.015405416488647461 771552 423320
0.25382280349731445 0.016889095306396484 768550 425045
0.2595062255859375 0.015842914581298828 767048 425668
0.2540585994720459 0.015243768692016602 766650 425905
0.25402259826660156 0.016197681427001953 764303 427176
0.2497248649597168 0.015552759170532227 765981 426295
0.26177549362182617 0.01522207260131836 766737 425947
0.2516820430755615 0.015467166900634766 768946 424705
0.26218581199645996 0.016016006469726562 769608 424334
0.2498767375946045 0.015828371047973633 772050 423112
0.24840736389160156 0.015603065490722656 767758 425434
0.24935650825500488 0.01597309112548828 766528 426070
0.2607731819152832 0.0163419246673584 768894 424808
0.25696229934692383 0.015106201171875 765453 426602
0.25995516777038574 0.01679682731628418 763977 427347
0.2519857883453369 0.015947818756103516 767468 425602
0.2536945343017578 0.015459537506103516 766754 425962
0.24460864067077637 0.01566624641418457 767998 425408
0.25528645515441895 0.016147613525390625 768135 425270
0.2570035457611084 0.015321016311645508 765967 426636
0.25206971168518066 0.015674352645874023 763904 427698
0.24876976013183594 0.01512908935546875 771014 423648
0.24550247192382812 0.014423608779907227 769571 424485
0.24906229972839355 0.01515960693359375 729369 444006
0.24704265594482422 0.015343189239501953 768056 425331
0.2582075595855713 0.015587091445922852 773610 422105
0.2555050849914551 0.015515327453613281 760008 429418
0.2543799877166748 0.01663351058959961 774511 421635
0.2650721073150635 0.016111135482788086 772088 423032
0.25544047355651855 0.015720844268798828 766334 426143
0.2501242160797119 0.01614069938659668 774562 421492
0.24916625022888184 0.014995336532592773 773232 422212
0.2550673484802246 0.01531362533569336 773080 422400
0.2477579116821289 0.014934301376342773 772325 422922
0.25260281562805176 0.015526533126831055 768273 425137
0.262037992477417 0.0162503719329834 773057 422443
0.25008511543273926 0.015247821807861328 768248 424959
0.26084423065185547 0.01642775535583496 771543 423318
0.25274229049682617 0.014986276626586914 771805 422999
0.2540934085845947 0.015944719314575195 773149 422343
0.24561691284179688 0.015154361724853516 774702 421557
0.25791454315185547 0.015118122100830078 772240 422764
0.2552347183227539 0.015606164932250977 772705 422488
0.25264692306518555 0.015751123428344727 770842 423585
0.2536287307739258 0.014528512954711914 768049 425092
0.25098633766174316 0.01606917381286621 772171 422865
0.24538373947143555 0.015773773193359375 768336 425095
0.25121450424194336 0.01573944091796875 770912 423549
0.2466602325439453 0.014676570892333984 772490 422648
0.2581512928009033 0.015952110290527344 768165 425127
0.25473761558532715 0.01602339744567871 764607 427030
0.2460489273071289 0.014998674392700195 776166 420631
0.2514212131500244 0.0152740478515625 774846 421337
0.24540090560913086 0.016148805618286133 728191 444461
0.2648811340332031 0.01531839370727539 765681 426350
0.25130271911621094 0.015715837478637695 771851 422962
0.2524237632751465 0.015467405319213867 757908 430325
0.2642190456390381 0.015584230422973633 775529 420943
0.2508814334869385 0.015215158462524414 778068 419503
0.2458810806274414 0.015195608139038086 745965 436140
0.24552583694458008 0.015254974365234375 726850 445044
0.2579953670501709 0.016814708709716797 766900 425921
0.25635600090026855 0.01637721061706543 774377 421714
0.253598690032959 0.015629291534423828 781913 417722
0.25495195388793945 0.01506185531616211 777706 420100
0.2524399757385254 0.016187429428100586 777272 420281
0.254180908203125 0.0153350830078125 779814 418889
0.2520315647125244 0.015522003173828125 775929 421102
0.25817179679870605 0.01481485366821289 771322 423635
0.2522563934326172 0.016834020614624023 733821 441755
0.25553441047668457 0.01582789421081543 732285 442639
0.26338720321655273 0.0162961483001709 774078 422305
0.24921393394470215 0.016004323959350586 778386 419883
0.24980759620666504 0.015119314193725586 771000 423923
0.25051426887512207 0.01577615737915039 773175 422857
0.24945831298828125 0.01570892333984375 774054 422309
0.24799776077270508 0.016663312911987305 772563 423198
0.2480168342590332 0.015486478805541992 776060 421455
0.25710535049438477 0.015251874923706055 777139 420815
0.254105806350708 0.0151824951171875 775370 421679
0.2640116214752197 0.015755891799926758 769637 424670
0.24773859977722168 0.015295982360839844 776544 421041
0.2519223690032959 0.015747547149658203 774881 422198
0.2510395050048828 0.015216350555419922 748651 435205
0.2515828609466553 0.015702009201049805 771991 423682
0.2534031867980957 0.01644301414489746 770063 424643
0.24835205078125 0.015510082244873047 769629 424669
0.2536625862121582 0.01657700538635254 773101 422912
0.25624942779541016 0.015457868576049805 770463 424447
0.24890947341918945 0.015822649002075195 768977 425221
0.26166725158691406 0.01611781120300293 766328 426541
0.24596095085144043 0.015178680419921875 770024 424547
0.25104284286499023 0.01581120491027832 770035 424534
0.24994587898254395 0.015939950942993164 766177 426619
0.2531733512878418 0.016242027282714844 777652 417425
0.2542762756347656 0.015058040618896484 776547 417724
0.2581055164337158 0.015946388244628906 776296 417331
0.25336408615112305 0.01528787612915039 776383 417468
0.2602193355560303 0.017178058624267578 781985 414369
0.24889564514160156 0.014890909194946289 780920 415048
0.254108190536499 0.01581573486328125 775450 418211
0.25365567207336426 0.015705585479736328 771019 420150
0.25815248489379883 0.015416622161865234 775608 418382
0.2597780227661133 0.015933752059936523 770759 420679
0.24931883811950684 0.015850305557250977 738538 436063
0.2506077289581299 0.01554417610168457 770333 420884
0.2500271797180176 0.015702247619628906 771442 420365
0.2557051181793213 0.015231609344482422 776492 417339
0.2501668930053711 0.0166475772857666 767186 422087
0.2637155055999756 0.014969825744628906 769546 420889
0.24906539916992188 0.016553878784179688 772572 419026
0.2502608299255371 0.01626420021057129 769062 421200
0.26232147216796875 0.01660323143005371 768944 421160
0.25327277183532715 0.0155029296875 772967 418838
0.2514839172363281 0.01668262481689453 770797 420067
0.25364255905151367 0.016350269317626953 772351 419207
0.2574787139892578 0.015120506286621094 775663 417479
0.24505949020385742 0.015244483947753906 769805 420528
0.2530226707458496 0.015869140625 772303 419229
0.2568190097808838 0.01658797264099121 774752 417890
0.24953937530517578 0.01591658592224121 771539 419339
0.2607088088989258 0.015594482421875 772086 419141
0.2543356418609619 0.015368938446044922 774779 418005
0.25510382652282715 0.014331817626953125 773783 418334
0.2601776123046875 0.01571345329284668 774767 418283
0.24627017974853516 0.014837026596069336 776749 416804
0.25996875762939453 0.015165567398071289 775870 417430
0.256516695022583 0.015458106994628906 777131 416688
0.2527744770050049 0.015434741973876953 778327 416201
0.25363779067993164 0.01598644256591797 775908 417662
0.25107789039611816 0.01672196388244629 777506 416880
0.2599008083343506 0.016462087631225586 772281 419209
0.251070499420166 0.015636205673217773 775532 418039
0.24912714958190918 0.014941215515136719 774869 418318
0.24714064598083496 0.015526294708251953 741631 434507
0.256195068359375 0.0168001651763916 773053 419284
0.25528764724731445 0.016269207000732422 774980 418322
0.24982070922851562 0.015555381774902344 779208 415955
0.252108097076416 0.014806747436523438 773004 419523
0.2517266273498535 0.015376567840576172 775311 418224
0.2606534957885742 0.01610708236694336 778248 416566
0.2515604496002197 0.015362262725830078 774996 418396
0.24878358840942383 0.016015291213989258 775535 418027
0.25345277786254883 0.01565074920654297 780399 415365
0.262683629989624 0.01582789421081543 774947 418606
0.26200151443481445 0.016662120819091797 774384 418882
0.2543058395385742 0.016083717346191406 775358 418161
0.2568986415863037 0.01578235626220703 773333 419361
0.25350403785705566 0.015209674835205078 772932 419567
0.2489018440246582 0.015401840209960938 774357 418695
0.26122570037841797 0.016270875930786133 771427 420356
0.2520773410797119 0.016376256942749023 771718 420142
0.2553584575653076 0.017224550247192383 774424 418597
0.2568345069885254 0.015273094177246094 772364 419899
0.2547299861907959 0.016227006912231445 773376 419476
0.2551138401031494 0.015531301498413086 775860 417953
0.2524564266204834 0.01510167121887207 772837 419343
0.26084446907043457 0.01625847816467285 772599 419500
0.2539181709289551 0.015434980392456055 775622 417844
0.2524998188018799 0.01589488983154297 773019 419362
0.2536046504974365 0.015871524810791016 773725 418893
0.2496931552886963 0.016050338745117188 767987 421685
0.2551445960998535 0.015686750411987305 771115 420320
0.25874876976013184 0.016201496124267578 770809 420392
0.25368595123291016 0.016541481018066406 735790 437605
0.25539135932922363 0.015267610549926758 767448 422065
0.24914121627807617 0.01466822624206543 771042 420268
0.250591516494751 0.01517486572265625 774391 418367
0.2541229724884033 0.015390634536743164 770417 420622
0.24708867073059082 0.01517486572265625 773965 418741
0.2551145553588867 0.01547384262084961 777699 416655
0.24864983558654785 0.015385150909423828 777313 416930
0.2563812732696533 0.016570329666137695 777475 416916
0.2555832862854004 0.015469551086425781 776495 417248
0.2551913261413574 0.01585102081298828 773381 419050
0.2534468173980713 0.015619277954101562 772342 419526
0.24541330337524414 0.014899492263793945 772093 419684
0.25715088844299316 0.016294479370117188 772152 419680
0.25075840950012207 0.015188217163085938 773309 419279
0.24990630149841309 0.016007423400878906 774383 418570
0.25028109550476074 0.014731407165527344 763139 424026
0.25476980209350586 0.015616655349731445 762894 424110
0.25805115699768066 0.016749858856201172 767423 421809
0.255995512008667 0.016644001007080078 773182 419077
0.2598392963409424 0.015948772430419922 772219 419363
0.24661684036254883 0.014744997024536133 776244 417121
0.2521834373474121 0.01584911346435547 779533 415483
0.25101423263549805 0.0160677433013916 780942 414801
0.2551727294921875 0.01612544059753418 781507 414209
0.25011110305786133 0.015495777130126953 781117 414336
0.24993276596069336 0.015621662139892578 771466 419608
0.2500181198120117 0.015341758728027344 763686 423462
0.25444555282592773 0.01671457290649414 768034 421328
0.24806690216064453 0.015954017639160156 765510 422794
0.251314640045166 0.014858484268188477 732186 438780
0.2486715316772461 0.015537500381469727 769122 420826
0.25724291801452637 0.015279293060302734 770464 420072
0.2629249095916748 0.016438722610473633 769626 420350
0.2521677017211914 0.015938282012939453 764230 423060
0.2528223991394043 0.01623368263244629 767705 421308
0.258500337600708 0.015936851501464844 779553 415019
0.24547338485717773 0.015309572219848633 774388 417944
0.253680944442749 0.0165252685546875 775358 417599
0.2512972354888916 0.01565718650817871 772252 419189
0.2507190704345703 0.015783071517944336 766477 422081
0.253429651260376 0.015199899673461914 764438 423080
0.2505061626434326 0.015741825103759766 764822 422856
0.258465051651001 0.01604151725769043 762821 424049
0.24681448936462402 0.015055179595947266 762913 424198
0.2513895034790039 0.01482248306274414 765714 422572
0.26163673400878906 0.016484498977661133 768455 421436
0.25119972229003906 0.01560664176940918 773153 418716
0.2574043273925781 0.016410112380981445 774933 417837
0.24517345428466797 0.01515817642211914 769624 420771
0.24615168571472168 0.014493465423583984 769532 420642
0.25086522102355957 0.016022443771362305 770134 420254
0.25827622413635254 0.01649951934814453 767955 421428
0.24904680252075195 0.016044139862060547 768087 421456
0.25026655197143555 0.015012741088867188 766289 422232
0.24940752983093262 0.015955448150634766 764994 423036
0.2507960796356201 0.015528678894042969 762309 424308
0.2504706382751465 0.015332698822021484 753775 428469
0.2462611198425293 0.0171964168548584 765456 422956
0.2569916248321533 0.015202045440673828 760970 425144
0.2508985996246338 0.015104532241821289 728319 441118
0.24692869186401367 0.01544809341430664 761450 424911
0.2462141513824463 0.015629291534423828 767225 422042
0.2607123851776123 0.015842437744140625 769018 421097
0.260547399520874 0.015482664108276367 763861 423691
0.2515852451324463 0.016442060470581055 769898 420662
0.2515830993652344 0.015768051147460938 766442 422267
0.25176024436950684 0.015561819076538086 764430 423451
0.25060057640075684 0.015982627868652344 768217 421215
0.24659132957458496 0.015102863311767578 764702 422907
0.24333429336547852 0.015321731567382812 725720 442115
0.25287318229675293 0.015906333923339844 763779 423372
0.2546565532684326 0.015503168106079102 769562 420302
0.25423622131347656 0.016500234603881836 767243 421604
0.25022196769714355 0.01584601402282715 763478 423563
0.24955272674560547 0.015928983688354492 769144 420357
0.2581491470336914 0.015498876571655273 774604 417408
0.24891400337219238 0.015236616134643555 773050 418521
0.25449514389038086 0.016919612884521484 776250 416860
0.24670720100402832 0.015633583068847656 772720 418922
0.25301671028137207 0.015256643295288086 773199 418430
0.2542903423309326 0.01548004150390625 771181 419626
0.2516665458679199 0.01587820053100586 771655 419286
0.2606058120727539 0.014933347702026367 775662 417207
0.24887347221374512 0.015662670135498047 776218 416656
0.24638748168945312 0.015150785446166992 769892 420190
0.2556800842285156 0.015439987182617188 759731 425159
0.25180935859680176 0.0158541202545166 759311 425402
0.25435471534729004 0.015445470809936523 765786 422394
0.24984264373779297 0.015403032302856445 764437 423230
0.25333213806152344 0.017135143280029297 768175 421355
0.2534799575805664 0.015357732772827148 766181 422341
0.25910043716430664 0.01600027084350586 760844 425179
0.24827933311462402 0.016004085540771484 759347 425835
0.25852322578430176 0.015591144561767578 761076 424808
0.2538447380065918 0.015398263931274414 761661 424563
0.2580242156982422 0.016141653060913086 759935 425438
0.24838566780090332 0.014970541000366211 759498 425510
0.2542092800140381 0.015714168548583984 761756 424649
0.24885058403015137 0.01586008071899414 759315 425799
0.25014829635620117 0.017397403717041016 766799 421976
0.2587428092956543 0.015837669372558594 763205 423917
0.2611660957336426 0.015737056732177734 766314 422069
0.24613094329833984 0.014432668685913086 768076 421138
0.257580041885376 0.015637636184692383 766788 421852
0.25884580612182617 0.01519322395324707 766748 421804
0.2550806999206543 0.016357898712158203 754208 427931
0.2601127624511719 0.01659870147705078 764935 422783
0.24857831001281738 0.01536870002746582 761588 424512
0.2458362579345703 0.0147247314453125 725773 441914
0.24967336654663086 0.015289306640625 763816 423344
0.25072669982910156 0.01586151123046875 765162 422645
0.25153183937072754 0.015137434005737305 766572 421879
0.2479093074798584 0.015360593795776367 760082 425103
0.26021647453308105 0.01616048812866211 765262 422529
0.2486414909362793 0.01495051383972168 778262 415682
0.2529599666595459 0.01603531837463379 777047 416465
0.2511765956878662 0.01698899269104004 778057 415860
0.25066065788269043 0.01629471778869629 776933 416524
0.26325297355651855 0.015746593475341797 769347 420518
0.2519068717956543 0.014396429061889648 772211 418939
0.24491429328918457 0.015280961990356445 765328 422498
0.25243258476257324 0.01542043685913086 766189 422247
0.2558319568634033 0.01564645767211914 769206 420834
0.25858211517333984 0.015874147415161133 767353 421492
0.24877524375915527 0.015427350997924805 766146 422343
0.25893473625183105 0.015119314193725586 770817 419936
0.2499864101409912 0.016157150268554688 775467 417334
0.2506542205810547 0.015765666961669922 766681 422016
0.25116467475891113 0.017226219177246094 771823 419477
0.24984288215637207 0.015933990478515625 769207 420750
0.2639195919036865 0.016173601150512695 767525 421763
0.25783586502075195 0.015295028686523438 765835 422511
0.2520864009857178 0.016499757766723633 770691 419925
0.2536287307739258 0.016306638717651367 794236 410879
0.25621914863586426 0.015026330947875977 802965 405893
0.2718198299407959 0.016323566436767578 805033 404927
0.2668473720550537 0.01641845703125 807338 403627
0.25522518157958984 0.01608896255493164 806188 404241
0.25326991081237793 0.015569686889648438 806711 404069
0.26268434524536133 0.015668630599975586 808027 403116
0.2543652057647705 0.016113758087158203 802596 406349
0.2536888122558594 0.016113758087158203 808257 403137
0.260831356048584 0.015605449676513672 807044 403852
0.2607431411743164 0.015268087387084961 800598 407414
0.2583653926849365 0.01629805564880371 806781 403947
0.2696533203125 0.015685081481933594 807031 404151
0.255176305770874 0.01597762107849121 805619 404860
0.26120495796203613 0.01536250114440918 807385 403868
0.26517367362976074 0.015585899353027344 808105 403405
0.2658083438873291 0.015299081802368164 809322 402733
0.25403404235839844 0.016646146774291992 801629 407010
0.2535731792449951 0.015841960906982422 781876 417570
0.25580620765686035 0.015463113784790039 806761 404247
0.25425052642822266 0.015589714050292969 806503 404492
0.26360416412353516 0.016370296478271484 806813 403998
0.26445937156677246 0.015979528427124023 808858 403220
0.25602221488952637 0.0156402587890625 806602 404401
0.2636713981628418 0.016104698181152344 815367 399665
0.26006174087524414 0.015488147735595703 807858 403633
0.26077985763549805 0.0156707763671875 813118 400975
0.2554056644439697 0.01597881317138672 810780 401985
0.2595376968383789 0.014774322509765625 767617 424458
0.2598083019256592 0.015511274337768555 808424 403399
0.25211596488952637 0.016971349716186523 808677 403194
0.256915807723999 0.015975475311279297 812005 401176
0.2626163959503174 0.016629695892333984 813052 400596
0.25418925285339355 0.015895366668701172 816786 398521
0.2652444839477539 0.01588916778564453 816243 398984
0.25812673568725586 0.015388011932373047 818430 397670
0.25522494316101074 0.01615118980407715 817981 397920
0.2545158863067627 0.015726566314697266 815885 399031
0.25599026679992676 0.01499795913696289 806872 404084
0.26223158836364746 0.015886306762695312 816939 398573
0.2665846347808838 0.017626285552978516 811492 401416
0.265582799911499 0.014750242233276367 815930 399109
0.25475239753723145 0.016579151153564453 816863 398410
0.2637627124786377 0.015825748443603516 817492 398062
0.2624781131744385 0.015758752822875977 816202 399091
0.2548036575317383 0.01575160026550293 820424 396382
0.2725694179534912 0.015967607498168945 817730 398094
0.2647106647491455 0.015030145645141602 820675 396506
0.25374746322631836 0.015509366989135742 798160 408461
0.2641165256500244 0.017061948776245117 819611 396966
0.25433802604675293 0.015795230865478516 819212 397196
0.259784460067749 0.016089200973510742 819876 396883
0.2599942684173584 0.015622615814208984 820203 396721
0.26654553413391113 0.016154766082763672 819623 397103
0.26267504692077637 0.016353368759155273 821702 395881
0.2685260772705078 0.016620159149169922 811282 401484
0.26166653633117676 0.01662755012512207 822449 395464
0.2610337734222412 0.01648426055908203 825520 393993
0.2570035457611084 0.01634955406188965 778015 418752
0.25841808319091797 0.015851974487304688 818433 397645
0.2571074962615967 0.01558542251586914 810495 402070
0.2631871700286865 0.01717996597290039 809675 402376
0.2652103900909424 0.016385316848754883 820830 396609
0.25975489616394043 0.015733003616333008 823902 395024
0.2609100341796875 0.015935897827148438 810485 401909
0.2593073844909668 0.016317367553710938 826257 393933
0.26716065406799316 0.01673126220703125 824001 394834
0.2542307376861572 0.015819787979125977 822797 395648
0.25528907775878906 0.016010522842407227 824403 395047
0.2625586986541748 0.016252517700195312 819325 397117
0.2577376365661621 0.01563739776611328 812259 401088
0.2619767189025879 0.016475677490234375 820899 396391
0.2679483890533447 0.016507625579833984 824375 394670
0.2658233642578125 0.015970945358276367 822127 396005
0.2599060535430908 0.016327619552612305 823899 395074
0.2642209529876709 0.01630234718322754 820520 396388
0.2639906406402588 0.0172121524810791 824757 394728
0.2597782611846924 0.01628589630126953 824525 394745
0.2556476593017578 0.016044139862060547 802338 406526
0.25632309913635254 0.01558065414428711 819524 397172
0.25516176223754883 0.016178131103515625 822776 395714
0.2611532211303711 0.015708446502685547 822760 395516
0.2649683952331543 0.01620340347290039 818537 397906
0.26208996772766113 0.015474557876586914 819507 397326
0.25725483894348145 0.016666173934936523 816910 398606
0.25919413566589355 0.015568017959594727 805265 404593
0.2650766372680664 0.015344619750976562 819935 397232
0.2538027763366699 0.015647411346435547 819214 397270
0.2585415840148926 0.015407562255859375 763897 425221
0.2620217800140381 0.015263557434082031 808832 402432
0.2597489356994629 0.01592731475830078 797381 408637
0.26941514015197754 0.016214609146118164 796380 409117
0.2559535503387451 0.01583409309387207 805218 404279
0.2642796039581299 0.016989469528198242 808704 402202
0.2671840190887451 0.016577720642089844 801834 406160
0.25241971015930176 0.015764951705932617 812213 400673
0.2689511775970459 0.015253067016601562 808951 402171
0.2508707046508789 0.015365839004516602 806848 403414
0.2596454620361328 0.015327215194702148 802490 405475
0.2577955722808838 0.016351938247680664 803969 404689
0.2519209384918213 0.01604485511779785 784182 415441
0.2557709217071533 0.020056486129760742 800754 406601
0.24969959259033203 0.01523447036743164 801373 406276
0.2602245807647705 0.01665329933166504 800736 406466
0.2537658214569092 0.015852689743041992 800825 406793
0.25359058380126953 0.01575779914855957 801666 406017
0.25710010528564453 0.01583409309387207 801824 405966
0.25632715225219727 0.016263484954833984 801014 406498
0.2570059299468994 0.015890836715698242 784781 415100
0.25490450859069824 0.01576972007751465 800966 406443
0.2555413246154785 0.01580357551574707 809055 402448
0.2545602321624756 0.015048980712890625 807414 403286
0.25670385360717773 0.015543222427368164 805889 403897
0.25928354263305664 0.015532493591308594 809991 402078
0.2579221725463867 0.01627945899963379 804671 404375
0.2529489994049072 0.015560626983642578 791073 411820
0.2535245418548584 0.015824317932128906 801229 406483
0.2562601566314697 0.016158103942871094 799973 407062
0.24694228172302246 0.017665624618530273 751627 431346
0.24678611755371094 0.014905452728271484 799219 407376
0.2529106140136719 0.016318798065185547 785794 414791
0.2511727809906006 0.014888525009155273 791462 411591
0.25221991539001465 0.015570878982543945 799033 407633
0.2539327144622803 0.016050100326538086 799283 407478
0.25666260719299316 0.015730619430541992 795595 409525
0.2587096691131592 0.01606273651123047 806336 403964
0.2658677101135254 0.016214370727539062 806698 403736
0.2581477165222168 0.01675105094909668 809941 402313
0.251906156539917 0.01573967933654785 809546 402573
0.2573678493499756 0.015931129455566406 808693 402837
0.2586517333984375 0.016252756118774414 790138 412364
0.25627803802490234 0.015677213668823242 809824 402447
0.2536139488220215 0.015902280807495117 810710 401875
0.25507378578186035 0.015291452407836914 809141 402711
0.25277256965637207 0.015674829483032227 809488 402558
0.2731661796569824 0.015665292739868164 809762 402407
0.2488844394683838 0.01575469970703125 806731 403883
0.2595674991607666 0.016603708267211914 808007 403265
0.26605892181396484 0.017258405685424805 787966 413814
0.25698137283325195 0.016291141510009766 804530 404895
0.2657313346862793 0.015569925308227539 808702 403055
0.25369882583618164 0.016274690628051758 806087 404260
0.2631564140319824 0.016320466995239258 806251 404286
0.257274866104126 0.016584396362304688 805476 404676
0.2594606876373291 0.01649165153503418 803259 405569
0.2497849464416504 0.016091585159301758 795600 409690
0.2601594924926758 0.01540994644165039 805033 404829
0.26387453079223633 0.016086578369140625 804411 405015
0.2562718391418457 0.01445150375366211 755056 430411
0.2593879699707031 0.015926837921142578 799171 407805
0.25675225257873535 0.01590108871459961 782815 416594
0.2563815116882324 0.016094684600830078 790068 412655
0.26697707176208496 0.01568889617919922 802546 406080
0.2568485736846924 0.01691436767578125 803773 405274
0.25621724128723145 0.015633821487426758 798490 408033
0.2580375671386719 0.015571832656860352 807607 403641
0.2572200298309326 0.015800952911376953 807917 403423
0.26022958755493164 0.016501903533935547 806747 404141
0.2546122074127197 0.015993356704711914 805693 404663
0.26007866859436035 0.015834808349609375 803663 405467
0.249161958694458 0.015717744827270508 783978 416093
0.25582098960876465 0.015584945678710938 805819 404531
0.2556285858154297 0.015420198440551758 804729 404946
0.2524402141571045 0.01584172248840332 804170 405251
0.25919675827026367 0.016219615936279297 804213 405446
0.2531108856201172 0.016483545303344727 806640 404032
0.26402831077575684 0.017186403274536133 803192 405664
0.261336088180542 0.015431880950927734 803337 405698
0.2500743865966797 0.01623058319091797 779961 418097
0.2641432285308838 0.015563726425170898 804326 405214
0.2611727714538574 0.015877246856689453 806130 404404
0.25930213928222656 0.016103029251098633 805704 404490
0.2543172836303711 0.016037940979003906 804224 405349
0.25567078590393066 0.015645503997802734 805517 404713
0.260714054107666 0.016396522521972656 803082 405543
0.2519874572753906 0.015377283096313477 792257 411495
0.2564723491668701 0.016141653060913086 803162 405845
0.25275635719299316 0.015561819076538086 802474 406009
0.2524700164794922 0.015804052352905273 760763 427753
0.2570841312408447 0.016167402267456055 800862 406787
0.2530064582824707 0.017060041427612305 775814 420182
0.2594115734100342 0.015446662902832031 800369 407169
0.26201605796813965 0.016543149948120117 802869 405982
0.25922155380249023 0.01612687110900879 804695 405104
0.2689168453216553 0.016369104385375977 795184 409861
0.26404285430908203 0.016458988189697266 806141 404511
0.2661890983581543 0.0161130428314209 806667 404034
0.2525308132171631 0.015529394149780273 806246 404257
0.2543673515319824 0.016056060791015625 808615 403191
0.26194214820861816 0.015643835067749023 803827 405389
0.24988579750061035 0.015826940536499023 785689 415147
0.2722442150115967 0.01677727699279785 806947 403856
0.2547276020050049 0.016093730926513672 807405 403517
0.25420165061950684 0.015619277954101562 809155 402756
0.26198887825012207 0.015941619873046875 809715 402386
0.2601900100708008 0.015554189682006836 809849 402341
0.25925493240356445 0.01588273048400879 805174 404395
0.259873628616333 0.016156673431396484 805117 404455
0.2590491771697998 0.01682591438293457 790367 412388
0.25951409339904785 0.01957416534423828 801820 406149
0.25658583641052246 0.0159912109375 822053 396156
0.26239728927612305 0.017240285873413086 820151 397092
0.255617618560791 0.016071081161499023 822855 395764
0.2624962329864502 0.01708698272705078 824529 395049
0.2545609474182129 0.016283273696899414 826449 394057
0.26164674758911133 0.016090869903564453 821933 396436
0.26610255241394043 0.01680302619934082 827290 393757
0.2625448703765869 0.016070127487182617 819861 397476
0.2669064998626709 0.01601552963256836 817962 398423
0.2611265182495117 0.016038179397583008 821793 396383
0.24899983406066895 0.015462636947631836 814784 399996
0.27172064781188965 0.016379594802856445 819010 397631
0.2603428363800049 0.01601886749267578 821866 396171
0.263533353805542 0.01606583595275879 822122 395996
0.2635471820831299 0.015847206115722656 827920 393322
0.261289119720459 0.01627063751220703 827025 393772
0.26332783699035645 0.01584792137145996 826202 394119
0.2684803009033203 0.015636920928955078 826892 393835
0.2741577625274658 0.01772761344909668 826990 393610
0.25702762603759766 0.016033172607421875 820413 396875
0.2633359432220459 0.016379833221435547 819349 397635
0.26276183128356934 0.01713848114013672 817175 398829
0.25574469566345215 0.01608109474182129 818064 398192
0.2638113498687744 0.015970706939697266 815036 399998
0.26671695709228516 0.016781330108642578 818851 397901
0.25439000129699707 0.016163349151611328 818568 398063
0.26274609565734863 0.016885042190551758 815006 400052
0.25058627128601074 0.015511751174926758 822869 395648
0.2610304355621338 0.015816926956176758 824806 394754
0.25644588470458984 0.015449285507202148 820482 397057
0.25585055351257324 0.015330076217651367 820311 397186
0.2574899196624756 0.01561284065246582 822252 395955
0.25477099418640137 0.01640462875366211 817359 398771
0.2612569332122803 0.015901803970336914 817501 398710
0.25737810134887695 0.01695990562438965 814582 400062
0.256577730178833 0.015665054321289062 815266 399841
0.2607278823852539 0.016059160232543945 813164 400825
0.25586700439453125 0.015825510025024414 816971 398664
0.2640681266784668 0.016606807708740234 821846 396447
0.2626326084136963 0.016117572784423828 813753 400465
0.2547144889831543 0.015970230102539062 814807 399956
0.261629581451416 0.01646876335144043 815409 399578
0.2601008415222168 0.016081571578979492 816019 399340
0.2624208927154541 0.015825986862182617 813622 400640
0.2586476802825928 0.01602458953857422 815039 399851
0.25377845764160156 0.016484975814819336 814849 400105
0.2554497718811035 0.015936613082885742 811108 401956
0.2599761486053467 0.015143871307373047 816611 399164
0.2695934772491455 0.016472578048706055 822554 396353
0.2630743980407715 0.015706539154052734 817978 398530
0.25589752197265625 0.0162656307220459 817573 399258
0.2567882537841797 0.015936613082885742 818501 398604
0.25424671173095703 0.016185760498046875 813799 401007
0.2602245807647705 0.015762805938720703 816468 399667
0.2650179862976074 0.015442132949829102 812045 401894
0.2516770362854004 0.015594959259033203 811759 402061
0.25498104095458984 0.016463756561279297 811897 401832
0.26033520698547363 0.016469717025756836 812083 401683
0.2670423984527588 0.015178442001342773 815485 400173
0.2560265064239502 0.016796588897705078 815762 399865
0.2671699523925781 0.016701221466064453 813720 400893
0.2527740001678467 0.01615738868713379 814821 400405
0.25684189796447754 0.015857934951782227 813953 400634
0.25803303718566895 0.015540361404418945 818390 398634
0.254413366317749 0.015025854110717773 818060 398906
0.27011632919311523 0.016116619110107422 818281 398695
0.2580606937408447 0.016206979751586914 819276 398207
0.2569296360015869 0.016238689422607422 821580 397001
0.2643566131591797 0.01668858528137207 819432 398087
0.26018786430358887 0.015763521194458008 821117 397447
0.26384830474853516 0.015803813934326172 818055 398839
0.2608072757720947 0.01657414436340332 818223 398614
0.25635218620300293 0.01633930206298828 809750 402951
0.2665081024169922 0.020933866500854492 829308 393139
0.26201486587524414 0.01567530632019043 826701 394219
0.25879693031311035 0.015408515930175781 826535 394491
0.2614095211029053 0.01720905303955078 826911 394169
0.2619805335998535 0.015463113784790039 833602 390757
0.2645244598388672 0.015926837921142578 830885 392074
0.2647838592529297 0.01682591438293457 833745 390664
0.2632131576538086 0.01597881317138672 832748 391357
0.26858043670654297 0.015429019927978516 833004 391087
0.2498335838317871 0.016178131103515625 805209 405406
0.255704402923584 0.016499757766723633 800557 407633
0.25972414016723633 0.01643681526184082 826948 394451
0.25798702239990234 0.015842914581298828 843245 385929
0.2562229633331299 0.015116214752197266 815513 400626
0.25879740715026855 0.016216039657592773 829546 393236
0.2614727020263672 0.016730308532714844 808192 404051
0.25651979446411133 0.015647172927856445 810167 403083
0.26477479934692383 0.016804933547973633 813995 401248
0.25787806510925293 0.016011953353881836 823244 396831
0.25420594215393066 0.015712976455688477 821180 398019
0.25772666931152344 0.01589179039001465 816021 400472
0.25732874870300293 0.01619434356689453 825307 395716
0.26499271392822266 0.01628899574279785 822947 396969
0.26209568977355957 0.016208648681640625 792962 412473
0.2733333110809326 0.015706300735473633 830565 392936
0.2603738307952881 0.01645183563232422 821884 397493
0.2594919204711914 0.016594886779785156 815247 400942
0.2708454132080078 0.017117977142333984 832300 391999
0.25792598724365234 0.016644954681396484 835189 390574
0.2591383457183838 0.016015052795410156 801110 407927
0.26955580711364746 0.01618194580078125 834675 391030
0.2551238536834717 0.015984773635864258 834429 391038
0.26491498947143555 0.01778268814086914 835998 390180
0.2694215774536133 0.015587091445922852 832447 392093
0.26477980613708496 0.015999317169189453 838038 388956
0.2684164047241211 0.01605701446533203 836334 389875
0.25450968742370605 0.015580177307128906 838114 388947
0.25859808921813965 0.015735864639282227 832028 392059
0.26418185234069824 0.01578974723815918 837673 389162
0.2649576663970947 0.016362428665161133 845038 385191
0.26032018661499023 0.015958309173583984 839324 388158
0.257753849029541 0.016588687896728516 836168 389770
0.25550317764282227 0.01610851287841797 835406 390345
0.25703930854797363 0.016682147979736328 830962 392718
0.2634274959564209 0.015842676162719727 833735 391079
0.26581883430480957 0.016718626022338867 835220 390440
0.2538278102874756 0.015987873077392578 832276 391935
0.27167487144470215 0.015684127807617188 833678 391157
0.25937318801879883 0.01556706428527832 835319 390306
0.2781944274902344 0.01732778549194336 836004 389912
0.2571899890899658 0.01586771011352539 829721 393205
0.2679312229156494 0.01598191261291504 836800 389409
0.2627377510070801 0.015774011611938477 838919 388167
0.261554479598999 0.015027761459350586 806008 405161
0.2648775577545166 0.015834569931030273 834451 390529
0.2584824562072754 0.017139196395874023 824351 395847
0.2566995620727539 0.016219139099121094 823045 396329
0.2641589641571045 0.015897750854492188 835328 390212
0.26351141929626465 0.016034841537475586 836532 389504
0.27132749557495117 0.016547679901123047 809885 403038
0.2542726993560791 0.016008377075195312 838710 388278
0.25737953186035156 0.015617847442626953 835663 390109
0.26460981369018555 0.017401456832885742 841707 386773
0.2550365924835205 0.01617121696472168 837624 389149
0.25817084312438965 0.015832901000976562 837274 389059
0.2655947208404541 0.015827655792236328 837434 388997
0.26384997367858887 0.016402482986450195 837448 388791
0.25655269622802734 0.015908241271972656 841936 386502
0.2574276924133301 0.01584315299987793 842769 386004
0.2608931064605713 0.0170743465423584 837276 388944
0.27199792861938477 0.0167999267578125 842932 386054
0.2638521194458008 0.015853166580200195 839653 387729
0.2616288661956787 0.01711726188659668 843264 385691
0.258803129196167 0.0162503719329834 837164 389060
0.25911688804626465 0.01811695098876953 837080 389141
0.2590022087097168 0.015069246292114258 837144 389139
0.26372814178466797 0.015278339385986328 835923 389600
0.2597644329071045 0.016054630279541016 842983 385838
0.26279211044311523 0.01578545570373535 844190 385283
0.26348209381103516 0.016370296478271484 843438 385579
0.26793360710144043 0.015708208084106445 835761 389770
0.2745203971862793 0.016238927841186523 846833 383915
0.26157712936401367 0.0163881778717041 847756 383232
0.24954676628112793 0.016242265701293945 813309 400791
0.2572059631347656 0.016611337661743164 844874 384596
0.2559354305267334 0.016234159469604492 841748 386300
0.2628014087677002 0.017209768295288086 838950 387545
0.27022838592529297 0.016539812088012695 849811 381955
0.258328914642334 0.01693868637084961 852373 380659
0.2577371597290039 0.016803264617919922 833681 390265
0.2587394714355469 0.015954256057739258 855044 379152
0.2744576930999756 0.016608476638793945 849148 382193
0.267733097076416 0.016455888748168945 850722 381280
0.2581930160522461 0.015964031219482422 846322 383774
0.27214670181274414 0.017226457595825195 838475 387987
0.2625925540924072 0.01676654815673828 837881 388352
0.26724982261657715 0.016031980514526367 836242 389472
0.2653834819793701 0.016417264938354492 834669 390255
0.26612019538879395 0.01743936538696289 836320 389357
0.25931453704833984 0.0160830020904541 833668 390831
0.2604846954345703 0.016253232955932617 836307 389387
0.26339244842529297 0.01630234718322754 832806 391134
0.2587258815765381 0.016361713409423828 830288 392561
0.2587728500366211 0.016905546188354492 828301 393483
0.25791049003601074 0.016212940216064453 827147 394146
0.26540327072143555 0.016075849533081055 836442 389236
0.26006436347961426 0.01646590232849121 835909 389547
0.25595712661743164 0.015803813934326172 834541 390529
0.2601642608642578 0.01504826545715332 829715 393090
0.26337599754333496 0.01650714874267578 826040 395040
0.25667309761047363 0.015802860260009766 828834 393574
0.2681236267089844 0.01688098907470703 829932 392923
0.25790905952453613 0.01591801643371582 827782 394142
0.2625007629394531 0.015941619873046875 828587 393673
0.25487542152404785 0.016069412231445312 822619 396678
0.2540097236633301 0.015668630599975586 826731 394589
0.27440834045410156 0.016946792602539062 825238 395341
0.2565937042236328 0.017327308654785156 831499 392017
0.25974059104919434 0.015932083129882812 828288 393731
0.25195956230163574 0.016870975494384766 830703 392456
0.2565155029296875 0.015473127365112305 824925 395255
0.2570075988769531 0.017916440963745117 829632 393363
0.26248955726623535 0.016509056091308594 830409 393011
