0.03263664245605469 0.018246173858642578 175128 0
0.03194308280944824 0.017775535583496094 175876 0
0.03171086311340332 0.017327070236206055 175484 0
0.030904054641723633 0.017780303955078125 175807 0
0.033098697662353516 0.018211841583251953 178400 0
0.033643484115600586 0.01752185821533203 178540 0
0.032000064849853516 0.018547534942626953 178844 0
0.03220558166503906 0.017955303192138672 178125 0
0.03183603286743164 0.017342090606689453 177808 0
0.032898902893066406 0.01768803596496582 178228 0
0.03118300437927246 0.01768660545349121 177833 0
0.03076767921447754 0.016614198684692383 178312 0
0.03167605400085449 0.01793193817138672 178744 0
0.03092360496520996 0.017812490463256836 178595 0
0.03106856346130371 0.017515897750854492 178803 0
0.032193899154663086 0.018242359161376953 179531 0
0.03266763687133789 0.01791691780090332 178993 0
0.032670021057128906 0.022733211517333984 179003 0
0.0312504768371582 0.017766714096069336 179741 0
0.031090736389160156 0.01843881607055664 179122 0
0.031553030014038086 0.018084049224853516 179260 0
0.03168344497680664 0.017642974853515625 179487 0
0.03157782554626465 0.017827272415161133 179210 0
0.03137397766113281 0.0171968936920166 179131 0
0.0321507453918457 0.01790308952331543 179475 0
0.03311967849731445 0.018084287643432617 179483 0
0.031133651733398438 0.016370058059692383 179539 0
0.03031754493713379 0.017461776733398438 180227 0
0.03440451622009277 0.018230438232421875 180096 0
0.0320134162902832 0.017405271530151367 180735 0
0.032250404357910156 0.018067121505737305 180464 0
0.031192779541015625 0.01652050018310547 180463 0
0.03043198585510254 0.017829418182373047 180746 0
0.03417634963989258 0.017970561981201172 180422 0
0.03103780746459961 0.01715707778930664 180217 0
0.03216147422790527 0.017727136611938477 180567 0
0.031012773513793945 0.017284393310546875 179856 0
0.03165102005004883 0.01759934425354004 179545 0
0.03241991996765137 0.0185394287109375 179643 0
0.03208160400390625 0.021463871002197266 178779 0
0.03298521041870117 0.01853036880493164 178801 0
0.03310894966125488 0.017771244049072266 179527 0
0.03172659873962402 0.017614126205444336 179211 0
0.0327146053314209 0.018143177032470703 179672 0
0.03387165069580078 0.018298864364624023 180351 0
0.03208470344543457 0.017914533615112305 180062 0
0.03191018104553223 0.01734185218811035 180253 0
0.03259754180908203 0.01819300651550293 180640 0
0.03191423416137695 0.017088651657104492 179899 0
0.03200864791870117 0.01758861541748047 179941 0
0.03101515769958496 0.020182371139526367 180287 0
0.03099346160888672 0.01749873161315918 179408 0
0.03434252738952637 0.01809549331665039 178986 0
0.032521724700927734 0.01820993423461914 179654 0
0.03058028221130371 0.01714324951171875 179887 0
0.03263378143310547 0.017430543899536133 180557 0
0.03248262405395508 0.01718759536743164 181031 0
0.03272128105163574 0.018007278442382812 180456 0
0.03299856185913086 0.017459630966186523 180354 0
0.03299832344055176 0.01711893081665039 180510 0
0.03249931335449219 0.01727461814880371 179879 0
0.03049468994140625 0.022341251373291016 179304 0
0.031071186065673828 0.017467498779296875 179270 0
0.0331418514251709 0.017594337463378906 178366 0
0.031054973602294922 0.016793489456176758 178390 0
0.03285098075866699 0.01769089698791504 178562 0
0.03178858757019043 0.016738176345825195 177781 0
0.03163027763366699 0.018218278884887695 177330 0
0.03170466423034668 0.01724696159362793 177016 0
0.03247642517089844 0.018007993698120117 176189 0
0.03105330467224121 0.017589569091796875 176226 0
0.03259158134460449 0.016867637634277344 176822 0
0.034191131591796875 0.018184185028076172 176374 0
0.03179645538330078 0.01804327964782715 176333 0
0.030834197998046875 0.01947927474975586 176743 0
0.030649185180664062 0.016948461532592773 176482 0
0.0326690673828125 0.016798734664916992 176384 0
0.03289937973022461 0.017213106155395508 176640 0
0.03274893760681152 0.017402172088623047 176353 0
0.03032541275024414 0.016901016235351562 176240 0
0.03337216377258301 0.01760721206665039 176623 0
0.032273292541503906 0.017967939376831055 177329 0
0.0317537784576416 0.017032861709594727 176314 0
0.03329205513000488 0.018207311630249023 176265 0
0.03210592269897461 0.01710200309753418 178210 0
0.03144073486328125 0.017671823501586914 178120 0
0.03264141082763672 0.01701521873474121 178454 0
0.03228306770324707 0.01731729507446289 178080 0
0.031792640686035156 0.01781940460205078 178083 0
0.03299856185913086 0.01860642433166504 178533 0
0.031076669692993164 0.016839027404785156 178135 0
0.030596494674682617 0.01682567596435547 178538 0
0.031279802322387695 0.0174410343170166 179061 0
0.03312397003173828 0.018129825592041016 178831 0
0.03182482719421387 0.017974376678466797 178745 0
0.03243565559387207 0.0176239013671875 179704 0
0.033969879150390625 0.01792120933532715 179820 0
0.03337836265563965 0.017994403839111328 180220 0
0.031391143798828125 0.017207622528076172 180761 0
0.03213691711425781 0.017743587493896484 180626 0
0.03227066993713379 0.01795673370361328 180344 0
0.032506465911865234 0.0174562931060791 180725 0
0.03206825256347656 0.017223596572875977 179890 0
0.03185844421386719 0.017094135284423828 179727 0
0.03077387809753418 0.01660466194152832 179921 0
0.033598899841308594 0.02375483512878418 179237 0
0.031469106674194336 0.0163116455078125 179521 0
0.03145956993103027 0.017909765243530273 180283 0
0.03136253356933594 0.017293214797973633 179626 0
0.03034520149230957 0.017737627029418945 179549 0
0.030523061752319336 0.016779184341430664 179820 0
0.032737016677856445 0.01816248893737793 179704 0
0.03496098518371582 0.0203249454498291 179513 0
0.03287672996520996 0.018013477325439453 180189 0
0.03209400177001953 0.017513275146484375 180115 0
0.03193807601928711 0.017836332321166992 180519 0
0.03486204147338867 0.017180919647216797 181101 0
0.030462980270385742 0.017125606536865234 180101 0
0.033539772033691406 0.017606258392333984 179913 0
0.033592939376831055 0.017662525177001953 180416 0
0.03301358222961426 0.0173337459564209 179587 0
0.03210878372192383 0.016673803329467773 179755 0
0.03082132339477539 0.017634868621826172 180626 0
0.031625986099243164 0.017125606536865234 180005 0
0.03107905387878418 0.017110109329223633 180245 0
0.032683372497558594 0.017367124557495117 180953 0
0.033997535705566406 0.017324209213256836 180402 0
0.03226065635681152 0.01844620704650879 180858 0
0.0320127010345459 0.017760515213012695 181741 0
0.033701181411743164 0.01777815818786621 181093 0
0.032976388931274414 0.018180131912231445 181680 0
0.03157329559326172 0.017342090606689453 182405 0
0.032747507095336914 0.01805567741394043 182075 0
0.03310751914978027 0.018294334411621094 182118 0
0.03135967254638672 0.017470359802246094 183039 0
0.03350543975830078 0.018421173095703125 182183 0
0.03182792663574219 0.017184019088745117 182561 0
0.032846927642822266 0.018549680709838867 183549 0
0.03359222412109375 0.017104625701904297 182753 0
0.032002925872802734 0.01690673828125 183254 0
0.03160715103149414 0.01757049560546875 183978 0
0.03380274772644043 0.01824212074279785 183154 0
0.031523704528808594 0.017312288284301758 183070 0
0.03328275680541992 0.017379283905029297 183862 0
0.03220701217651367 0.017235279083251953 183242 0
0.03298783302307129 0.018117904663085938 183590 0
0.03330731391906738 0.017271995544433594 184032 0
0.030918598175048828 0.017618656158447266 183446 0
0.03429436683654785 0.018152952194213867 183616 0
0.03218507766723633 0.017437219619750977 184278 0
0.03119349479675293 0.017974138259887695 183552 0
0.03202414512634277 0.017622709274291992 183736 0
0.031862735748291016 0.01734161376953125 184443 0
0.03109121322631836 0.01684880256652832 184290 0
0.03377175331115723 0.017785072326660156 184525 0
0.032114505767822266 0.017664670944213867 185000 0
0.031100749969482422 0.01798248291015625 184326 0
0.0325770378112793 0.020540237426757812 184306 0
0.0342257022857666 0.018107891082763672 185154 0
0.031661033630371094 0.0173342227935791 184262 0
0.03186154365539551 0.01795196533203125 184418 0
0.0319516658782959 0.017290353775024414 185262 0
0.03242778778076172 0.018957853317260742 183681 0
0.03428959846496582 0.017995834350585938 183658 0
0.03139305114746094 0.017563819885253906 186694 0
0.0308990478515625 0.01753973960876465 184783 0
0.03268170356750488 0.017381668090820312 184837 0
0.031615257263183594 0.017064571380615234 185745 0
0.03317594528198242 0.02424335479736328 184527 0
0.031957149505615234 0.017530202865600586 185263 0
0.03203535079956055 0.018000364303588867 186129 0
0.03237509727478027 0.018722057342529297 185262 0
0.033081769943237305 0.0180051326751709 185035 0
0.03270244598388672 0.01776266098022461 186068 0
0.03352522850036621 0.018308639526367188 185041 0
0.032926082611083984 0.017466306686401367 184856 0
0.03166913986206055 0.018013954162597656 185008 0
0.03333234786987305 0.018267154693603516 184152 0
0.03184056282043457 0.017109155654907227 184008 0
0.035883426666259766 0.018198251724243164 184672 0
0.03138279914855957 0.01678156852722168 183163 0
0.033156633377075195 0.01826643943786621 183112 0
0.03483748435974121 0.01742267608642578 183667 0
0.030602216720581055 0.01706695556640625 182513 0
0.031377315521240234 0.01733231544494629 183105 0
0.03165245056152344 0.018181800842285156 183598 0
0.03211259841918945 0.017377853393554688 183064 0
0.03310990333557129 0.017821311950683594 183145 0
0.03299450874328613 0.017510414123535156 183590 0
0.03104257583618164 0.01754450798034668 183077 0
0.03583407402038574 0.017876386642456055 182357 0
0.031939029693603516 0.016690731048583984 182852 0
0.03323101997375488 0.0181882381439209 182081 0
0.031941890716552734 0.018373966217041016 181579 0
0.030832767486572266 0.01823115348815918 181926 0
0.03185248374938965 0.018612146377563477 181005 0
0.031418561935424805 0.01716899871826172 180814 0
0.03262495994567871 0.018259048461914062 180872 0
0.032822370529174805 0.016988754272460938 179464 0
0.03137850761413574 0.017408370971679688 179584 0
0.0322728157043457 0.017693758010864258 174316 0
0.03533792495727539 0.017140865325927734 173970 0
0.031736135482788086 0.017190933227539062 174203 0
0.029592275619506836 0.017293930053710938 174619 0
0.033521175384521484 0.01738429069519043 175259 0
0.03142714500427246 0.01694345474243164 175739 0
0.03196310997009277 0.0174560546875 175584 0
0.03218269348144531 0.017975807189941406 175703 0
0.03179812431335449 0.018457889556884766 176446 0
0.032134056091308594 0.018216848373413086 176138 0
0.031391143798828125 0.01684403419494629 175862 0
0.032773733139038086 0.018231630325317383 176067 0
0.03273367881774902 0.018046140670776367 175755 0
0.03260946273803711 0.018635034561157227 175437 0
0.03323101997375488 0.01727914810180664 175267 0
0.03289604187011719 0.017753124237060547 174643 0
0.03178691864013672 0.01658320426940918 175171 0
0.03277444839477539 0.017522573471069336 176412 0
0.03335762023925781 0.017056703567504883 176537 0
0.03310847282409668 0.01791524887084961 176588 0
0.031610727310180664 0.01746511459350586 176962 0
0.03377795219421387 0.01793813705444336 176635 0
0.03368544578552246 0.018085479736328125 176411 0
0.03241848945617676 0.017043590545654297 176901 0
0.031073331832885742 0.017544984817504883 176351 0
0.03185272216796875 0.017417430877685547 176317 0
0.030451059341430664 0.016449928283691406 176531 0
0.030861616134643555 0.017377138137817383 176198 0
0.03275561332702637 0.01801323890686035 176269 0
0.031255483627319336 0.01759624481201172 176271 0
0.030722379684448242 0.01773667335510254 175870 0
0.030822038650512695 0.01671147346496582 175473 0
0.03265023231506348 0.018158674240112305 175936 0
0.031090497970581055 0.017264127731323242 176026 0
0.03658938407897949 0.018745899200439453 176507 0
0.030901670455932617 0.018024921417236328 176740 0
0.03388547897338867 0.017876863479614258 176383 0
0.0314028263092041 0.017493724822998047 176348 0
0.031273841857910156 0.017524003982543945 176512 0
0.030997514724731445 0.016739368438720703 175755 0
0.03284740447998047 0.017560243606567383 175547 0
0.03156924247741699 0.017240285873413086 176084 0
0.030684471130371094 0.01676321029663086 175739 0
0.033409833908081055 0.01774430274963379 175158 0
0.03147101402282715 0.017429590225219727 175016 0
0.03726053237915039 0.018463611602783203 174334 0
0.03120112419128418 0.0166928768157959 174461 0
0.03189897537231445 0.017189741134643555 174984 0
0.030998945236206055 0.017293691635131836 174926 0
0.03288841247558594 0.016628742218017578 174684 0
0.03205108642578125 0.018111228942871094 175051 0
0.030805587768554688 0.017286062240600586 174458 0
0.03313159942626953 0.018075227737426758 174322 0
0.03154301643371582 0.017648935317993164 174974 0
0.031012773513793945 0.0170748233795166 174480 0
0.031400442123413086 0.0179901123046875 174434 0
0.0352931022644043 0.017228126525878906 174801 0
0.03096151351928711 0.017617464065551758 174180 0
0.03270220756530762 0.01721978187561035 173983 0
0.032408714294433594 0.01744866371154785 174148 0
0.03258013725280762 0.016903400421142578 173289 0
0.03314328193664551 0.01804208755493164 173310 0
0.032106876373291016 0.017131567001342773 173889 0
0.0330653190612793 0.017665863037109375 173754 0
0.032456159591674805 0.017497777938842773 173964 0
0.034026384353637695 0.018099308013916016 174474 0
0.03268623352050781 0.0179901123046875 174172 0
0.037326812744140625 0.017969131469726562 173998 0
0.0333409309387207 0.01739358901977539 174248 0
0.030914783477783203 0.017639875411987305 173474 0
0.031054258346557617 0.016863584518432617 173500 0
0.03113102912902832 0.017217397689819336 173622 0
0.03157448768615723 0.017127037048339844 173254 0
0.03239798545837402 0.018022537231445312 173976 0
0.03235125541687012 0.01832866668701172 173618 0
0.03196454048156738 0.01906728744506836 173726 0
0.03345513343811035 0.016646146774291992 174475 0
0.031015872955322266 0.017037630081176758 174059 0
0.030863046646118164 0.017711400985717773 174516 0
0.031812191009521484 0.018366575241088867 175350 0
0.03137969970703125 0.01773524284362793 175112 0
0.03171801567077637 0.01753687858581543 175330 0
0.03355979919433594 0.018138885498046875 176013 0
0.03148031234741211 0.017986059188842773 175875 0
0.03192424774169922 0.018097400665283203 175913 0
0.031957387924194336 0.01782703399658203 176382 0
0.03308510780334473 0.01728963851928711 175806 0
0.03406047821044922 0.017922401428222656 175754 0
0.035974740982055664 0.017688512802124023 175738 0
0.035291433334350586 0.017364025115966797 175152 0
0.031388044357299805 0.01716160774230957 174978 0
0.032533884048461914 0.01658940315246582 175380 0
0.03197741508483887 0.017376422882080078 174449 0
0.03060293197631836 0.016882658004760742 174337 0
0.030919313430786133 0.01720404624938965 174816 0
0.03334951400756836 0.01804661750793457 175259 0
0.03230738639831543 0.017235279083251953 175745 0
0.032601118087768555 0.01883673667907715 176401 0
0.03114795684814453 0.01650857925415039 176209 0
0.03255033493041992 0.01671290397644043 176285 0
0.035929203033447266 0.017844676971435547 176930 0
0.03345060348510742 0.017493247985839844 176502 0
0.030611753463745117 0.016709327697753906 176204 0
0.0334932804107666 0.018757104873657227 176491 0
0.0318913459777832 0.017850875854492188 176285 0
0.030822038650512695 0.017227888107299805 175956 0
0.03016972541809082 0.016529560089111328 176117 0
0.031533241271972656 0.01786208152770996 175498 0
0.032904624938964844 0.018004894256591797 175149 0
0.03229022026062012 0.01727008819580078 175194 0
0.0313565731048584 0.017318010330200195 174887 0
0.031823158264160156 0.017079830169677734 175029 0
0.032053232192993164 0.017026424407958984 175832 0
0.03126168251037598 0.018857955932617188 176070 0
0.03211092948913574 0.017000198364257812 176046 0
0.03403043746948242 0.018091917037963867 176577 0
0.03161287307739258 0.016765594482421875 176052 0
0.03266549110412598 0.017922401428222656 175946 0
0.0329287052154541 0.017917871475219727 176400 0
0.032454729080200195 0.018354177474975586 175634 0
0.03293251991271973 0.018474578857421875 175415 0
0.03195929527282715 0.017271995544433594 175751 0
0.0308074951171875 0.01758551597595215 175307 0
0.03360629081726074 0.017746925354003906 175096 0
0.03189730644226074 0.017262697219848633 175020 0
0.03294229507446289 0.017607927322387695 174192 0
0.030808210372924805 0.01619410514831543 173889 0
0.030446767807006836 0.01706671714782715 174169 0
0.030763626098632812 0.0176241397857666 174223 0
0.03107929229736328 0.017679452896118164 174244 0
0.033727169036865234 0.018253326416015625 174420 0
0.030880212783813477 0.017218828201293945 174213 0
0.03242039680480957 0.017904043197631836 174043 0
0.03156924247741699 0.017451763153076172 174635 0
0.029523611068725586 0.017508506774902344 174110 0
0.03201460838317871 0.01787424087524414 174642 0
0.03342390060424805 0.01746535301208496 174869 0
0.03187966346740723 0.01747274398803711 174428 0
0.03143668174743652 0.01728510856628418 174286 0
0.03351593017578125 0.016962528228759766 174778 0
0.03214383125305176 0.0171964168548584 174409 0
0.030938386917114258 0.016500234603881836 174252 0
0.0314023494720459 0.01700878143310547 174272 0
0.030939102172851562 0.016938209533691406 173817 0
0.032010793685913086 0.017419099807739258 174085 0
0.03339028358459473 0.017695188522338867 174747 0
0.03376007080078125 0.018090486526489258 174347 0
0.03229713439941406 0.017913818359375 174244 0
0.03246259689331055 0.018306732177734375 174423 0
0.03314924240112305 0.017534971237182617 174051 0
0.035268306732177734 0.016786575317382812 173740 0
0.0327303409576416 0.017788171768188477 173561 0
0.030800342559814453 0.01757526397705078 173151 0
0.03065037727355957 0.017991065979003906 173059 0
0.03115558624267578 0.016553878784179688 173256 0
0.03165912628173828 0.01732802391052246 172765 0
0.03148221969604492 0.016370773315429688 172275 0
0.031213998794555664 0.017405986785888672 172199 0
0.030971765518188477 0.01769733428955078 171454 0
0.030673980712890625 0.017434358596801758 171514 0
0.03170943260192871 0.017252683639526367 171689 0
0.032953500747680664 0.017872333526611328 171425 0
0.031041383743286133 0.017544984817504883 171496 0
0.03458142280578613 0.01749706268310547 173858 0
0.03462409973144531 0.01737499237060547 174186 0
0.03222990036010742 0.01767444610595703 174367 0
0.03300595283508301 0.017967700958251953 175145 0
0.03153347969055176 0.01728677749633789 174785 0
0.03178286552429199 0.0173184871673584 174798 0
0.030968427658081055 0.017043352127075195 174917 0
0.031191349029541016 0.017491579055786133 174266 0
0.030733346939086914 0.017429828643798828 174279 0
0.032788991928100586 0.017984628677368164 175267 0
0.03375434875488281 0.01764845848083496 175046 0
0.034606218338012695 0.017049312591552734 175468 0
0.03345823287963867 0.018532276153564453 176767 0
0.03129148483276367 0.016750574111938477 176522 0
0.03061509132385254 0.01783299446105957 176661 0
0.031352996826171875 0.017453432083129883 177377 0
0.03162431716918945 0.017637252807617188 176595 0
0.030730485916137695 0.0176541805267334 176640 0
0.031154155731201172 0.017378568649291992 176792 0
0.03248882293701172 0.017662763595581055 176752 0
0.03458857536315918 0.017429828643798828 177132 0
0.0309295654296875 0.018573760986328125 177867 0
0.03602957725524902 0.017661571502685547 177536 0
0.03221559524536133 0.017293453216552734 177383 0
0.03154897689819336 0.018403291702270508 178196 0
0.03196287155151367 0.01755547523498535 177185 0
0.0311434268951416 0.017502784729003906 176804 0
0.032358407974243164 0.017816543579101562 177267 0
0.03223133087158203 0.01745152473449707 176389 0
0.03113532066345215 0.017353534698486328 176096 0
0.03232908248901367 0.01766657829284668 176192 0
0.03264737129211426 0.01719832420349121 175487 0
0.030898332595825195 0.01761150360107422 175782 0
0.030970096588134766 0.0200347900390625 175785 0
0.03302788734436035 0.016988515853881836 175052 0
0.033448219299316406 0.01837635040283203 175007 0
0.03357219696044922 0.017992258071899414 175203 0
0.03410625457763672 0.01790642738342285 176886 0
0.032109975814819336 0.018234968185424805 178249 0
0.031002283096313477 0.0171658992767334 176366 0
0.032594919204711914 0.017249345779418945 176610 0
0.033020973205566406 0.01760244369506836 177635 0
0.031705379486083984 0.01756119728088379 176241 0
0.031887054443359375 0.016942739486694336 176119 0
0.04043316841125488 0.01819300651550293 177530 0
0.031908273696899414 0.017598390579223633 175953 0
0.03315424919128418 0.01723003387451172 175298 0
0.031249523162841797 0.017099857330322266 176081 0
0.032456159591674805 0.017366886138916016 174396 0
0.03344845771789551 0.01804184913635254 174477 0
0.03238821029663086 0.016812562942504883 175171 0
0.031672000885009766 0.0169677734375 172780 0
0.033449649810791016 0.01782536506652832 173357 0
0.03258514404296875 0.018583297729492188 174386 0
0.033666133880615234 0.01866006851196289 172756 0
0.03752613067626953 0.01814746856689453 172607 0
0.031911373138427734 0.018108606338500977 173775 0
0.0314946174621582 0.017497539520263672 172591 0
0.03181791305541992 0.016943693161010742 172635 0
0.0330357551574707 0.01771402359008789 173955 0
0.03252124786376953 0.01759195327758789 172083 0
0.031010866165161133 0.017681598663330078 172503 0
0.030513525009155273 0.017383575439453125 173616 0
0.03326416015625 0.01682734489440918 171828 0
0.031207799911499023 0.017378568649291992 171977 0
0.03224349021911621 0.017045259475708008 172969 0
0.033788442611694336 0.017731428146362305 171739 0
0.032552480697631836 0.018581628799438477 171665 0
0.03144669532775879 0.017582416534423828 172574 0
0.03172802925109863 0.017101287841796875 171992 0
0.033612966537475586 0.017624616622924805 172648 0
0.03279542922973633 0.016802310943603516 173279 0
0.031607627868652344 0.01711249351501465 172293 0
0.03140902519226074 0.017363786697387695 172440 0
0.034723520278930664 0.017011404037475586 173302 0
0.03293299674987793 0.018177032470703125 171531 0
0.031221866607666016 0.01754283905029297 171805 0
0.0480647087097168 0.019422292709350586 172947 0
0.032396793365478516 0.01665496826171875 171344 0
0.03127765655517578 0.018180370330810547 171707 0
0.03334856033325195 0.01798391342163086 172805 0
0.03181028366088867 0.017055988311767578 171349 0
0.03243541717529297 0.01907634735107422 171543 0
0.03227543830871582 0.016843557357788086 172471 0
0.03257012367248535 0.01765275001525879 171178 0
0.03433585166931152 0.016600370407104492 171405 0
0.03070068359375 0.016876935958862305 172883 0
0.03104424476623535 0.01761627197265625 171477 0
0.031355857849121094 0.01706695556640625 171796 0
0.03178977966308594 0.016973257064819336 172376 0
0.0319364070892334 0.017151832580566406 170946 0
0.031048059463500977 0.017595529556274414 171053 0
0.03558468818664551 0.017503738403320312 171790 0
0.03222155570983887 0.01699995994567871 170463 0
0.03311038017272949 0.01745152473449707 170577 0
0.031087160110473633 0.017870664596557617 171259 0
0.03206348419189453 0.024643659591674805 170229 0
0.0339207649230957 0.017382383346557617 170665 0
0.031264543533325195 0.016649723052978516 171783 0
0.03148841857910156 0.017148733139038086 170687 0
0.03478503227233887 0.01746821403503418 170834 0
0.03342843055725098 0.017550230026245117 171412 0
0.0316469669342041 0.0172426700592041 170469 0
0.0320742130279541 0.017148733139038086 170585 0
0.03188800811767578 0.017242431640625 171083 0
0.033065080642700195 0.018260955810546875 170372 0
0.03246331214904785 0.01813054084777832 170468 0
0.03913736343383789 0.017704486846923828 170782 0
0.03128552436828613 0.017424583435058594 169622 0
0.030320167541503906 0.016670703887939453 169328 0
0.03116893768310547 0.016994476318359375 170438 0
0.03426623344421387 0.017302513122558594 169089 0
0.03154921531677246 0.016999006271362305 169249 0
0.03171539306640625 0.017594575881958008 169859 0
0.03204202651977539 0.017467737197875977 168681 0
0.030956745147705078 0.017547607421875 168740 0
0.03188967704772949 0.01677703857421875 169370 0
0.03200840950012207 0.016957521438598633 168596 0
0.033185482025146484 0.01695394515991211 168700 0
0.03139305114746094 0.017711877822875977 168901 0
0.03149724006652832 0.017394065856933594 167711 0
0.03255891799926758 0.017141103744506836 167798 0
0.031187772750854492 0.01709604263305664 168272 0
0.03186321258544922 0.017928123474121094 167214 0
0.03230619430541992 0.01862645149230957 166862 0
0.03234696388244629 0.016365766525268555 168020 0
0.03126883506774902 0.017212629318237305 166157 0
0.03318071365356445 0.017771482467651367 165792 0
0.03319191932678223 0.017376422882080078 166430 0
0.03104400634765625 0.02311110496520996 165280 0
0.032035112380981445 0.017208576202392578 165473 0
0.03300762176513672 0.018378734588623047 166139 0
0.03235006332397461 0.018095731735229492 164282 0
0.03153800964355469 0.01651310920715332 164361 0
0.031148433685302734 0.01717066764831543 164909 0
0.03392314910888672 0.01725459098815918 163474 0
0.03057575225830078 0.016819477081298828 163273 0
0.031123638153076172 0.01688551902770996 164563 0
0.0306243896484375 0.016230106353759766 163302 0
0.031972408294677734 0.01738739013671875 163084 0
0.032853126525878906 0.017969846725463867 163804 0
0.031099319458007812 0.01732182502746582 162086 0
0.031675100326538086 0.017484664916992188 161877 0
0.031129121780395508 0.016965389251708984 163027 0
0.031380414962768555 0.016689300537109375 161972 0
0.03103494644165039 0.0167086124420166 162392 0
0.03191852569580078 0.01741933822631836 162958 0
0.032381296157836914 0.01821732521057129 162282 0
0.03167295455932617 0.016610383987426758 162157 0
0.03356432914733887 0.017380952835083008 162878 0
0.03341031074523926 0.018059253692626953 161936 0
0.03132462501525879 0.016914844512939453 161804 0
0.03316950798034668 0.01775074005126953 163302 0
0.03345346450805664 0.017584800720214844 161733 0
0.04303312301635742 0.0173032283782959 161896 0
0.0318140983581543 0.01676464080810547 162802 0
0.032347679138183594 0.018247127532958984 161427 0
0.031618595123291016 0.017745018005371094 161316 0
0.030341386795043945 0.01710343360900879 162330 0
0.03150343894958496 0.017588138580322266 161056 0
0.030982494354248047 0.01699233055114746 161124 0
0.031621694564819336 0.017313241958618164 162104 0
0.03311419486999512 0.017953157424926758 160904 0
0.030852317810058594 0.017101049423217773 161274 0
0.03277420997619629 0.017300128936767578 162000 0
0.03564882278442383 0.016541242599487305 159962 0
0.03317856788635254 0.017058372497558594 160120 0
0.03169083595275879 0.01687002182006836 160726 0
0.03325009346008301 0.017527103424072266 160183 0
0.03200578689575195 0.017534494400024414 160095 0
0.031243324279785156 0.01718592643737793 160603 0
0.031224966049194336 0.017522811889648438 159940 0
0.03368997573852539 0.018200159072875977 160087 0
0.03127121925354004 0.01689743995666504 160476 0
0.03217124938964844 0.017671823501586914 159720 0
0.0316317081451416 0.017220497131347656 162803 0
0.032804250717163086 0.023139238357543945 163349 0
0.031002521514892578 0.017306089401245117 162420 0
0.03344416618347168 0.017201662063598633 162329 0
0.0320734977722168 0.0172879695892334 162897 0
0.031029462814331055 0.018153667449951172 162207 0
0.0339353084564209 0.01818704605102539 161747 0
0.03142261505126953 0.017782926559448242 162687 0
0.032140254974365234 0.017182588577270508 161983 0
0.030802011489868164 0.017168283462524414 161887 0
0.03096914291381836 0.01659083366394043 163037 0
0.0316166877746582 0.017668724060058594 162710 0
0.030524730682373047 0.020261526107788086 163488 0
0.03158974647521973 0.01659226417541504 162765 0
0.03335881233215332 0.01789999008178711 163542 0
0.03195047378540039 0.017191171646118164 164361 0
0.031992435455322266 0.017026185989379883 163276 0
0.033538818359375 0.018117904663085938 162950 0
0.032654523849487305 0.01736760139465332 163740 0
0.030347347259521484 0.01708054542541504 163402 0
0.0332181453704834 0.017050504684448242 168362 0
0.03099846839904785 0.017321109771728516 167684 0
0.03172492980957031 0.018313884735107422 168269 0
0.030262470245361328 0.022983551025390625 168698 0
0.029844999313354492 0.018687963485717773 167739 0
0.0317380428314209 0.017009496688842773 167773 0
0.03165078163146973 0.017057180404663086 168614 0
0.03352808952331543 0.01844954490661621 167691 0
0.03137969970703125 0.01863408088684082 167279 0
0.032441139221191406 0.018263816833496094 168571 0
0.031328678131103516 0.017000198364257812 167252 0
0.03170967102050781 0.017213821411132812 166419 0
0.03123927116394043 0.017949581146240234 167181 0
0.02996087074279785 0.017292499542236328 165795 0
0.0322413444519043 0.023001909255981445 165443 0
0.03222179412841797 0.0181882381439209 166017 0
0.03134965896606445 0.01778888702392578 164932 0
0.030887365341186523 0.01757073402404785 164937 0
0.03165149688720703 0.017023324966430664 165040 0
0.031178951263427734 0.017335176467895508 164374 0
0.03333640098571777 0.016991853713989258 164700 0
0.03155875205993652 0.016365766525268555 165516 0
0.03307700157165527 0.018284320831298828 164568 0
0.0319368839263916 0.016777515411376953 164755 0
0.030905723571777344 0.017199039459228516 165781 0
0.03265237808227539 0.02182745933532715 164727 0
0.032274723052978516 0.017043113708496094 165117 0
0.031136512756347656 0.017834186553955078 166251 0
0.03389143943786621 0.017174482345581055 165317 0
0.031134843826293945 0.016623258590698242 165470 0
0.03233027458190918 0.016805648803710938 166598 0
0.03278851509094238 0.0176846981048584 165984 0
0.03210949897766113 0.017400503158569336 166312 0
0.03226470947265625 0.01782512664794922 167454 0
0.03150629997253418 0.01686549186706543 166460 0
0.031126022338867188 0.016260385513305664 166855 0
0.03269505500793457 0.019914865493774414 167912 0
0.03221440315246582 0.017888784408569336 166818 0
0.031235218048095703 0.017449140548706055 166768 0
0.03103041648864746 0.017299175262451172 168283 0
0.03246617317199707 0.018209218978881836 167494 0
0.034810543060302734 0.01677417755126953 167255 0
0.03237485885620117 0.018299341201782227 168775 0
0.032475948333740234 0.01742696762084961 167669 0
0.03213024139404297 0.017290830612182617 167800 0
0.03365683555603027 0.017552852630615234 168850 0
0.03166699409484863 0.017183780670166016 183305 0
0.0382080078125 0.0176084041595459 182865 0
0.03293347358703613 0.01695108413696289 182957 0
0.03369021415710449 0.01793503761291504 183408 0
0.03487873077392578 0.017585277557373047 182868 0
0.0314328670501709 0.017376184463500977 182893 0
0.030991077423095703 0.01680922508239746 183726 0
0.03325176239013672 0.0178070068359375 182781 0
0.030486583709716797 0.017609119415283203 182941 0
0.030913591384887695 0.0175018310546875 183968 0
0.03156471252441406 0.01694488525390625 183089 0
0.0324709415435791 0.016904354095458984 183274 0
0.033942222595214844 0.017720937728881836 184047 0
0.033632516860961914 0.018857240676879883 183546 0
0.0312802791595459 0.017611980438232422 183683 0
0.03163719177246094 0.017589092254638672 184466 0
0.032746315002441406 0.01746845245361328 183849 0
0.031716346740722656 0.017868518829345703 183601 0
0.03276634216308594 0.01872730255126953 184612 0
0.03138136863708496 0.01743173599243164 184174 0
0.031729698181152344 0.01723003387451172 184294 0
0.031188249588012695 0.01743793487548828 185260 0
0.03404688835144043 0.01702260971069336 184679 0
0.0310819149017334 0.018162012100219727 184311 0
0.03306293487548828 0.01727461814880371 185420 0
0.03213167190551758 0.01887035369873047 184909 0
0.03443622589111328 0.018385648727416992 185632 0
0.032665252685546875 0.016606807708740234 187198 0
0.035079240798950195 0.01745772361755371 186461 0
0.032994985580444336 0.017791032791137695 186944 0
0.03357434272766113 0.018415451049804688 187998 0
0.035717010498046875 0.018514633178710938 187424 0
0.03257036209106445 0.016904115676879883 187657 0
0.032155513763427734 0.017298221588134766 187966 0
0.03976702690124512 0.018258094787597656 187516 0
0.03146982192993164 0.017858266830444336 187798 0
0.03220653533935547 0.017528772354125977 188218 0
0.03242754936218262 0.016965389251708984 187327 0
0.033109426498413086 0.017606258392333984 187194 0
0.03196859359741211 0.01701807975769043 187744 0
0.031087875366210938 0.01764512062072754 187152 0
0.032888174057006836 0.018883466720581055 187188 0
0.03278923034667969 0.016942501068115234 188058 0
0.033240318298339844 0.019281625747680664 187362 0
0.03398489952087402 0.017701148986816406 187904 0
0.03553438186645508 0.017684221267700195 189203 0
0.03346538543701172 0.018698692321777344 188292 0
0.03407788276672363 0.01801443099975586 188519 0
0.03325605392456055 0.018139123916625977 189524 0
0.031766653060913086 0.017338037490844727 188469 0
0.032779693603515625 0.017403364181518555 188664 0
0.03228569030761719 0.017319917678833008 189511 0
0.0346677303314209 0.01847696304321289 189094 0
0.03181934356689453 0.018526554107666016 188956 0
0.03179192543029785 0.0180051326751709 189786 0
0.031865596771240234 0.01743912696838379 189199 0
0.0317683219909668 0.017830371856689453 189913 0
0.031166791915893555 0.017182350158691406 190737 0
0.03249025344848633 0.017664670944213867 189821 0
0.0327298641204834 0.017630338668823242 190280 0
0.032733917236328125 0.017392396926879883 191365 0
0.03206920623779297 0.017517805099487305 190540 0
0.03498053550720215 0.01755666732788086 190803 0
0.03255128860473633 0.017870664596557617 192018 0
0.03147578239440918 0.017461299896240234 191097 0
0.03139781951904297 0.01714301109313965 190879 0
0.033240318298339844 0.017377853393554688 192144 0
0.03247690200805664 0.017154932022094727 190901 0
0.0333251953125 0.017926931381225586 190504 0
0.03221559524536133 0.017399311065673828 191429 0
0.031213760375976562 0.017644166946411133 190388 0
0.03145956993103027 0.01807117462158203 190514 0
0.03325915336608887 0.01781010627746582 191022 0
0.03216671943664551 0.017795562744140625 189891 0
0.035913705825805664 0.01890420913696289 190043 0
0.03155350685119629 0.024105310440063477 190357 0
0.03213381767272949 0.018023252487182617 189128 0
0.03362607955932617 0.018505334854125977 188724 0
0.03310251235961914 0.01848459243774414 189521 0
0.033548593521118164 0.018649816513061523 188313 0
0.03350663185119629 0.01850104331970215 187626 0
0.03233838081359863 0.01732182502746582 188176 0
0.03373074531555176 0.017193317413330078 186530 0
0.0328366756439209 0.017704248428344727 186399 0
0.03370261192321777 0.01804184913635254 187423 0
0.03309273719787598 0.018202543258666992 186466 0
0.036637067794799805 0.018932342529296875 186870 0
0.032782793045043945 0.017082929611206055 187407 0
0.0317230224609375 0.0172121524810791 186392 0
0.03439664840698242 0.01798844337463379 186179 0
0.033770084381103516 0.0177304744720459 186464 0
0.0337824821472168 0.017717838287353516 185754 0
0.03327822685241699 0.018829345703125 185504 0
0.03160834312438965 0.017525911331176758 186192 0
0.032201528549194336 0.017572402954101562 184854 0
0.032332420349121094 0.017389535903930664 184689 0
0.03168368339538574 0.01741504669189453 185185 0
0.0339815616607666 0.017538785934448242 183687 0
0.03152155876159668 0.01723003387451172 183156 0
0.03265976905822754 0.01771998405456543 184024 0
0.03173112869262695 0.017955780029296875 182383 0
0.03180551528930664 0.017714500427246094 182034 0
0.03144264221191406 0.01697373390197754 182649 0
0.03073906898498535 0.017409563064575195 181501 0
0.030983686447143555 0.016777515411376953 181329 0
0.03054523468017578 0.016710281372070312 182002 0
0.031092166900634766 0.016781091690063477 181339 0
0.03416705131530762 0.017958879470825195 181372 0
0.03156614303588867 0.01771688461303711 181946 0
0.03208780288696289 0.018047332763671875 180988 0
0.031063556671142578 0.019534826278686523 181095 0
0.03266310691833496 0.0179440975189209 181624 0
0.033644914627075195 0.016834497451782227 180649 0
0.031536102294921875 0.018004655838012695 180237 0
0.03164482116699219 0.01747441291809082 181123 0
0.03170347213745117 0.01755523681640625 180019 0
0.031436920166015625 0.017847537994384766 179967 0
0.03586602210998535 0.01773524284362793 180402 0
0.03311896324157715 0.01833176612854004 179280 0
0.03217625617980957 0.01770925521850586 179329 0
0.03169536590576172 0.017856597900390625 180124 0
0.03181719779968262 0.01868748664855957 179041 0
0.03161883354187012 0.016901731491088867 179154 0
0.030753374099731445 0.0173490047454834 179682 0
0.031235694885253906 0.017455101013183594 178958 0
0.032126426696777344 0.0175628662109375 178694 0
0.03324103355407715 0.018441438674926758 179487 0
0.03066563606262207 0.01665782928466797 178577 0
0.033740997314453125 0.018155336380004883 178197 0
0.03162407875061035 0.017055034637451172 178984 0
0.032131195068359375 0.01808476448059082 178289 0
0.031575918197631836 0.018352270126342773 178001 0
0.033566951751708984 0.018188953399658203 178647 0
0.03237438201904297 0.01756763458251953 177770 0
0.033416748046875 0.017994165420532227 177860 0
0.030872821807861328 0.0175931453704834 178432 0
0.03257298469543457 0.018247127532958984 177963 0
0.031707763671875 0.016901254653930664 177673 0
0.03202056884765625 0.017900705337524414 178221 0
0.03220415115356445 0.017418384552001953 177227 0
0.0319209098815918 0.01720881462097168 177183 0
0.03138160705566406 0.017692089080810547 177889 0
0.03291010856628418 0.017891645431518555 177329 0
0.03128647804260254 0.01773238182067871 176858 0
0.0327608585357666 0.017998456954956055 177803 0
0.03147625923156738 0.017548322677612305 177111 0
0.03118753433227539 0.017772197723388672 176952 0
0.03345084190368652 0.017849206924438477 177541 0
0.03117060661315918 0.016982078552246094 177035 0
0.03170657157897949 0.017156600952148438 177054 0
0.0318293571472168 0.017371416091918945 177302 0
0.03319287300109863 0.018571853637695312 176846 0
0.031171798706054688 0.01772141456604004 176826 0
0.0314481258392334 0.01802849769592285 177275 0
0.031203269958496094 0.01726365089416504 176789 0
0.0322573184967041 0.018390417098999023 176924 0
0.03144264221191406 0.01722097396850586 177259 0
0.03285622596740723 0.017960786819458008 176669 0
0.03267812728881836 0.017931699752807617 176364 0
0.03126263618469238 0.017097949981689453 177284 0
0.030666589736938477 0.01664113998413086 176640 0
0.032727956771850586 0.01881241798400879 176752 0
0.03238368034362793 0.017078638076782227 177367 0
0.03212094306945801 0.017231464385986328 176770 0
0.03111433982849121 0.017400264739990234 176766 0
0.03331112861633301 0.017380952835083008 177156 0
0.03034043312072754 0.01871967315673828 176880 0
0.03481173515319824 0.016901254653930664 176831 0
0.03480982780456543 0.0174105167388916 177270 0
0.03327512741088867 0.017620325088500977 176756 0
0.03349947929382324 0.017909526824951172 176851 0
0.03947615623474121 0.019197463989257812 177362 0
0.032631635665893555 0.01728224754333496 177155 0
0.03096485137939453 0.01702594757080078 176656 0
0.032625436782836914 0.017606258392333984 177665 0
0.03374075889587402 0.018723249435424805 177120 0
0.03171229362487793 0.017643213272094727 177311 0
0.0313260555267334 0.017167329788208008 177725 0
0.03235149383544922 0.017693281173706055 177286 0
0.03229498863220215 0.017153501510620117 177382 0
0.030573368072509766 0.017069101333618164 177795 0
0.031341552734375 0.01804184913635254 177309 0
0.03309059143066406 0.01863718032836914 177144 0
0.03074026107788086 0.017470359802246094 177539 0
0.03307771682739258 0.017799854278564453 177402 0
0.03375697135925293 0.018201589584350586 177092 0
0.03199410438537598 0.018158674240112305 177822 0
0.03195643424987793 0.017315149307250977 177370 0
0.030257463455200195 0.017576932907104492 177590 0
0.03314805030822754 0.017410993576049805 178065 0
0.032971858978271484 0.01827216148376465 177649 0
0.03255867958068848 0.017565488815307617 177933 0
0.032004356384277344 0.017598628997802734 178233 0
0.03422403335571289 0.01787710189819336 178114 0
0.032616376876831055 0.01718735694885254 178218 0
0.03270721435546875 0.017560482025146484 178400 0
0.03281831741333008 0.018013715744018555 178241 0
0.031224727630615234 0.01708841323852539 178278 0
0.03056478500366211 0.017865419387817383 178487 0
0.03189206123352051 0.01748347282409668 178237 0
0.03144478797912598 0.01792454719543457 187539 0
0.03136324882507324 0.01744699478149414 187721 0
0.032941341400146484 0.017701148986816406 187277 0
0.032167911529541016 0.017438888549804688 187322 0
0.03165006637573242 0.017913103103637695 188144 0
0.032712459564208984 0.01801300048828125 187432 0
0.03277707099914551 0.018347978591918945 187498 0
0.03139901161193848 0.017632007598876953 187813 0
0.031175613403320312 0.01782965660095215 186865 0
0.03127717971801758 0.017731189727783203 186709 0
0.031717777252197266 0.01742863655090332 186440 0
0.03179192543029785 0.01817488670349121 186462 0
0.03188467025756836 0.017591238021850586 186395 0
0.03155040740966797 0.017421483993530273 186998 0
0.03238725662231445 0.017603635787963867 186586 0
0.0319216251373291 0.0234072208404541 186778 0
0.032366275787353516 0.017369508743286133 187375 0
0.03287220001220703 0.017991304397583008 187203 0
0.031342267990112305 0.017188072204589844 187464 0
0.031066417694091797 0.017047643661499023 187771 0
0.031760454177856445 0.017414093017578125 187376 0
0.0333857536315918 0.018103837966918945 187395 0
0.032926082611083984 0.017375469207763672 187426 0
0.03160238265991211 0.018029451370239258 187029 0
0.031128883361816406 0.017476558685302734 186923 0
0.031131505966186523 0.01772141456604004 187136 0
0.036554574966430664 0.01945805549621582 187037 0
0.0330352783203125 0.01735091209411621 187455 0
0.033601999282836914 0.018383502960205078 187804 0
0.032217979431152344 0.017401933670043945 187375 0
0.03235888481140137 0.01719522476196289 187426 0
0.03137660026550293 0.01845836639404297 187671 0
0.03186202049255371 0.01944589614868164 187140 0
0.03177309036254883 0.017131805419921875 186799 0
0.031755924224853516 0.017731189727783203 187401 0
0.03160715103149414 0.017647504806518555 186682 0
0.03289484977722168 0.018336057662963867 186291 0
0.036225080490112305 0.017297744750976562 186423 0
0.031455278396606445 0.016829252243041992 185519 0
0.032868146896362305 0.018168210983276367 185169 0
0.030452251434326172 0.016913414001464844 185330 0
0.031622886657714844 0.017085552215576172 184648 0
0.0327601432800293 0.016856670379638672 184479 0
0.032568931579589844 0.017999887466430664 184741 0
0.031089305877685547 0.01774907112121582 184399 0
0.03089165687561035 0.017871618270874023 184582 0
0.03207731246948242 0.01846909523010254 184708 0
0.03143954277038574 0.017096996307373047 184011 0
0.031187057495117188 0.02308487892150879 183701 0
0.031925201416015625 0.017204999923706055 184009 0
0.03142499923706055 0.01761031150817871 183864 0
0.03264951705932617 0.018683910369873047 183921 0
0.030545711517333984 0.01687169075012207 183480 0
0.0344233512878418 0.018018722534179688 183367 0
0.03264737129211426 0.017342567443847656 182747 0
0.03334164619445801 0.01810598373413086 183133 0
0.03153514862060547 0.017868757247924805 182845 0
0.03198742866516113 0.017926692962646484 183302 0
0.03273415565490723 0.0176541805267334 183633 0
0.040081024169921875 0.01802539825439453 183893 0
0.03267383575439453 0.01860976219177246 183640 0
0.03307819366455078 0.01782536506652832 184210 0
0.03324103355407715 0.017977237701416016 184040 0
0.03417325019836426 0.018666982650756836 184491 0
0.031488895416259766 0.017548084259033203 184196 0
0.03204917907714844 0.017164945602416992 184295 0
0.035108089447021484 0.01777029037475586 183873 0
0.03332805633544922 0.017823219299316406 184591 0
0.03160738945007324 0.017689228057861328 183855 0
0.032549381256103516 0.017437458038330078 183639 0
0.0321650505065918 0.017277956008911133 183099 0
0.03496718406677246 0.018488407135009766 183135 0
0.0310671329498291 0.0171053409576416 182972 0
0.03054070472717285 0.01677393913269043 184193 0
0.03285527229309082 0.01790785789489746 184615 0
0.03320908546447754 0.01827859878540039 185169 0
0.03224611282348633 0.017136812210083008 185502 0
0.03145098686218262 0.017200946807861328 186309 0
0.03195643424987793 0.017489194869995117 186112 0
0.03408336639404297 0.017769813537597656 186605 0
0.03253030776977539 0.01763296127319336 186001 0
0.040715932846069336 0.017972230911254883 186432 0
0.03193068504333496 0.017769575119018555 181450 0
0.03168463706970215 0.017946958541870117 181910 0
0.03141641616821289 0.01784515380859375 180020 0
0.03203225135803223 0.017978668212890625 180733 0
0.03521132469177246 0.018157482147216797 178622 0
0.031139612197875977 0.017965078353881836 179432 0
0.031161785125732422 0.016838788986206055 178401 0
0.031128406524658203 0.017926454544067383 178445 0
0.03226613998413086 0.0171658992767334 177840 0
0.03175973892211914 0.018052101135253906 177839 0
0.03164935111999512 0.017809152603149414 178254 0
0.03241848945617676 0.018250465393066406 178669 0
0.03338003158569336 0.01815009117126465 178647 0
0.03326749801635742 0.018159151077270508 179203 0
0.03177380561828613 0.01758098602294922 179855 0
0.03297162055969238 0.0167844295501709 179529 0
0.030783653259277344 0.016582965850830078 179539 0
0.03387451171875 0.017712831497192383 179726 0
0.03384232521057129 0.0192568302154541 179707 0
0.03278779983520508 0.018859386444091797 179773 0
0.03187823295593262 0.01785588264465332 180192 0
0.032433509826660156 0.017884492874145508 180584 0
0.032221078872680664 0.01810145378112793 181101 0
0.0318760871887207 0.017752408981323242 182123 0
0.032520294189453125 0.01763176918029785 181333 0
0.03201007843017578 0.017126798629760742 182054 0
0.03141665458679199 0.017497777938842773 181907 0
0.03226470947265625 0.018038034439086914 182461 0
0.03130507469177246 0.017484664916992188 182319 0
0.03202033042907715 0.018145322799682617 183077 0
0.031287431716918945 0.017022371292114258 182335 0
0.03307676315307617 0.018136978149414062 182889 0
0.0342559814453125 0.016524314880371094 182553 0
0.031890153884887695 0.01668071746826172 182828 0
0.03130817413330078 0.0178530216217041 182499 0
0.03118586540222168 0.016985177993774414 182681 0
0.03303861618041992 0.01727914810180664 181627 0
0.03125762939453125 0.017310380935668945 181563 0
0.03223705291748047 0.0181276798248291 181562 0
0.031978607177734375 0.017642736434936523 182630 0
0.03130912780761719 0.017398834228515625 182754 0
0.033400774002075195 0.01806473731994629 183539 0
0.03419089317321777 0.01777029037475586 183450 0
0.031916141510009766 0.017088890075683594 184589 0
0.03149056434631348 0.0181581974029541 184845 0
0.03214573860168457 0.017261981964111328 185276 0
0.032465219497680664 0.01795029640197754 184780 0
0.03159379959106445 0.01732158660888672 185442 0
0.032523393630981445 0.017403602600097656 184614 0
0.03146481513977051 0.017534732818603516 184690 0
0.032120466232299805 0.0172882080078125 184251 0
0.03131914138793945 0.0178377628326416 183845 0
0.031781911849975586 0.017554759979248047 183047 0
0.03162121772766113 0.017498493194580078 183707 0
0.03397631645202637 0.017989397048950195 183236 0
0.03307700157165527 0.018335342407226562 184437 0
0.033078670501708984 0.017659425735473633 184438 0
0.031585693359375 0.017036914825439453 185008 0
0.03196573257446289 0.01724696159362793 185023 0
0.03271341323852539 0.017317533493041992 186185 0
0.035384416580200195 0.017500877380371094 185970 0
0.03270363807678223 0.01808953285217285 186913 0
0.03251242637634277 0.01751565933227539 186439 0
0.03347277641296387 0.018433570861816406 186617 0
0.03199172019958496 0.018897056579589844 185843 0
0.03661656379699707 0.017895221710205078 186080 0
0.033698320388793945 0.018059968948364258 185083 0
0.03262591361999512 0.01763010025024414 185209 0
0.031042098999023438 0.017534255981445312 184904 0
0.031381845474243164 0.01729750633239746 184980 0
0.03278160095214844 0.0166475772857666 184799 0
0.0323336124420166 0.017303943634033203 185849 0
0.033257246017456055 0.018457889556884766 186303 0
0.03398275375366211 0.017944812774658203 186867 0
0.03363966941833496 0.018340587615966797 189831 0
0.034073591232299805 0.01679849624633789 189438 0
0.03484535217285156 0.01836252212524414 189920 0
0.03441739082336426 0.017133712768554688 190463 0
0.03296709060668945 0.0172879695892334 189764 0
0.032048702239990234 0.01807856559753418 189907 0
0.034400224685668945 0.01769709587097168 190265 0
0.035126447677612305 0.017838001251220703 189189 0
0.03413057327270508 0.017813920974731445 188812 0
0.03294539451599121 0.018404245376586914 188350 0
0.03359055519104004 0.018481016159057617 186794 0
0.033702850341796875 0.017277240753173828 185825 0
0.031789302825927734 0.01745772361755371 185613 0
0.03546023368835449 0.01739811897277832 184678 0
0.032431840896606445 0.017606258392333984 184553 0
0.03202652931213379 0.017687320709228516 184714 0
0.032560110092163086 0.018985509872436523 183962 0
0.03246665000915527 0.018642187118530273 183727 0
0.03197979927062988 0.018323659896850586 184040 0
0.0316317081451416 0.01778125762939453 183119 0
0.03208136558532715 0.017552852630615234 182469 0
0.03386116027832031 0.017465591430664062 182619 0
0.03157162666320801 0.01721811294555664 182032 0
0.03342318534851074 0.017847776412963867 181709 0
0.032536983489990234 0.020583152770996094 183095 0
0.031194448471069336 0.018122196197509766 183432 0
0.03125119209289551 0.01694035530090332 183137 0
0.03278636932373047 0.01781296730041504 183141 0
0.03305220603942871 0.01847696304321289 183286 0
0.032640933990478516 0.017174243927001953 182772 0
0.03190326690673828 0.017683982849121094 182772 0
0.03285670280456543 0.018404483795166016 183134 0
0.03294086456298828 0.01773238182067871 182818 0
0.03151965141296387 0.018720626831054688 183124 0
0.03313851356506348 0.017525911331176758 184154 0
0.03497910499572754 0.018715620040893555 184170 0
0.03134751319885254 0.017168521881103516 184481 0
0.030933141708374023 0.01705646514892578 185109 0
0.03270864486694336 0.018440961837768555 182613 0
0.03059840202331543 0.017247438430786133 182824 0
