0.0974583625793457 0.018868446350097656 26394 0
0.09720373153686523 0.016154766082763672 26126 0
0.09864926338195801 0.01666259765625 27984 0
0.10343384742736816 0.016627073287963867 26438 0
0.09674811363220215 0.016674518585205078 28208 0
0.09803295135498047 0.01645636558532715 29152 0
0.10059809684753418 0.017154693603515625 29324 0
0.10323739051818848 0.016249418258666992 29064 0
0.0969083309173584 0.016323089599609375 28712 0
0.0984489917755127 0.016521692276000977 29042 0
0.103485107421875 0.017178058624267578 27368 0
0.09841179847717285 0.016649723052978516 25830 0
0.09860920906066895 0.01657891273498535 28684 0
0.09866523742675781 0.0163421630859375 27220 0
0.0933218002319336 0.014929056167602539 18840 0
0.1017918586730957 0.01620173454284668 27540 0
0.09595727920532227 0.017209291458129883 24734 0
0.10033202171325684 0.015616178512573242 23370 0
0.10420060157775879 0.017303943634033203 21702 0
0.09560918807983398 0.016239404678344727 25452 0
0.09752178192138672 0.01649761199951172 25582 0
0.09551858901977539 0.01577925682067871 23352 0
0.09819197654724121 0.016204357147216797 25718 0
0.09952902793884277 0.016967058181762695 28082 0
0.10211825370788574 0.017836809158325195 28568 0
0.0967414379119873 0.016683578491210938 26972 0
0.09725522994995117 0.01741814613342285 23342 0
0.09830451011657715 0.022912979125976562 26766 0
0.10001015663146973 0.016297578811645508 27104 0
0.10234212875366211 0.01544499397277832 24334 0
0.09693217277526855 0.016739606857299805 27070 0
0.09903597831726074 0.016246318817138672 28016 0
0.09807515144348145 0.0164642333984375 26134 0
0.09794068336486816 0.01621270179748535 26514 0
0.09830665588378906 0.01530766487121582 23372 0
0.0969233512878418 0.01635432243347168 28000 0
0.10059142112731934 0.016907215118408203 31172 0
0.09764242172241211 0.016989469528198242 29652 0
0.10395193099975586 0.016351699829101562 30880 0
0.09828686714172363 0.01667642593383789 27326 0
0.09663152694702148 0.016535043716430664 24256 0
0.10050344467163086 0.016350746154785156 25520 0
0.10398483276367188 0.016969680786132812 29102 0
0.09826350212097168 0.01699209213256836 29438 0
0.09584593772888184 0.016133546829223633 22096 0
0.09910011291503906 0.016611099243164062 28554 0
0.09746003150939941 0.016669273376464844 29542 0
0.10323572158813477 0.017049074172973633 28874 0
0.10377192497253418 0.018393278121948242 29166 0
0.09951281547546387 0.017292499542236328 29280 0
0.10546040534973145 0.01610279083251953 28404 0
0.09975242614746094 0.016357421875 29614 0
0.09858489036560059 0.016301631927490234 28726 0
0.09870767593383789 0.0168149471282959 29294 0
0.10125732421875 0.01694941520690918 29608 0
0.10057663917541504 0.01617884635925293 29252 0
0.10500240325927734 0.017381906509399414 29694 0
0.10535669326782227 0.018442392349243164 29512 0
0.10027050971984863 0.016315221786499023 30016 0
0.0993192195892334 0.016925573348999023 30004 0
0.09789013862609863 0.017679929733276367 28322 0
0.09937143325805664 0.0163571834564209 28504 0
0.10494184494018555 0.016361474990844727 28290 0
0.09799528121948242 0.016579866409301758 28270 0
0.0984494686126709 0.020478010177612305 25864 0
0.10608339309692383 0.01765894889831543 28294 0
0.09817218780517578 0.016719341278076172 28690 0
0.1023399829864502 0.01711440086364746 28662 0
0.09839415550231934 0.016693115234375 28322 0
0.09724164009094238 0.015346050262451172 27910 0
0.09769201278686523 0.01577901840209961 26518 0
0.10441255569458008 0.017892837524414062 25702 0
0.09789729118347168 0.016005754470825195 28160 0
0.09895062446594238 0.01667475700378418 26594 0
0.09805893898010254 0.01625800132751465 19100 0
0.09876799583435059 0.0181121826171875 27784 0
0.1002042293548584 0.017845869064331055 26752 0
0.09638619422912598 0.015377521514892578 24784 0
0.10146808624267578 0.01645517349243164 25658 0
0.09853625297546387 0.015566587448120117 25696 0
0.0985422134399414 0.015793800354003906 27638 0
0.09831857681274414 0.016357898712158203 27660 0
0.09898209571838379 0.016872644424438477 25984 0
0.09950685501098633 0.017282724380493164 25970 0
0.09934234619140625 0.016382932662963867 28312 0
0.09852743148803711 0.02415180206298828 28170 0
0.10242748260498047 0.015602827072143555 24784 0
0.09816813468933105 0.016434907913208008 28460 0
0.10116219520568848 0.016551733016967773 27544 0
0.0979912281036377 0.016977548599243164 28598 0
0.10358023643493652 0.016367435455322266 28330 0
0.09535932540893555 0.01622796058654785 27920 0
0.10129165649414062 0.022120237350463867 27980 0
0.09865713119506836 0.016167879104614258 25688 0
0.09882164001464844 0.01642012596130371 28538 0
0.1045992374420166 0.016080617904663086 27570 0
0.09534168243408203 0.01507258415222168 18988 0
0.09940433502197266 0.01649022102355957 28592 0
0.09915614128112793 0.016667604446411133 28356 0
0.1014561653137207 0.020990371704101562 25502 0
0.09556245803833008 0.016518831253051758 26100 0
0.09841537475585938 0.016726255416870117 26310 0
0.09719967842102051 0.016539573669433594 27908 0
0.09876203536987305 0.016819238662719727 29850 0
0.0989832878112793 0.01647639274597168 29360 0
0.10276007652282715 0.016681194305419922 28902 0
0.10387682914733887 0.017136573791503906 29322 0
0.10032916069030762 0.01790475845336914 30540 0
0.10735082626342773 0.016824722290039062 29602 0
0.10440301895141602 0.01689743995666504 29540 0
0.10302996635437012 0.016692399978637695 29330 0
0.10413026809692383 0.016225099563598633 29452 0
0.09956908226013184 0.01765155792236328 29106 0
0.10758113861083984 0.017560958862304688 29664 0
0.09811162948608398 0.0164947509765625 28268 0
0.10055947303771973 0.016291141510009766 29354 0
0.10213375091552734 0.017268896102905273 23764 0
0.10400509834289551 0.016587018966674805 29174 0
0.10289883613586426 0.017541885375976562 29074 0
0.10200929641723633 0.01646113395690918 29702 0
0.10156941413879395 0.01645064353942871 28496 0
0.10129952430725098 0.016749858856201172 28920 0
0.09897971153259277 0.016437768936157227 28038 0
0.10033297538757324 0.01678943634033203 26070 0
0.10016989707946777 0.01646280288696289 28604 0
0.10428738594055176 0.01665639877319336 28778 0
0.09418225288391113 0.015882015228271484 19900 0
0.10062050819396973 0.01675868034362793 27356 0
0.0966646671295166 0.016439199447631836 21984 0
0.10086250305175781 0.015557050704956055 22896 0
0.09758234024047852 0.015706539154052734 24298 0
0.09480786323547363 0.016197919845581055 24574 0
0.09543704986572266 0.01623845100402832 22992 0
0.10080862045288086 0.01658320426940918 25100 0
0.10458207130432129 0.01614546775817871 26830 0
0.10065221786499023 0.01669764518737793 28208 0
0.10118651390075684 0.016428709030151367 27836 0
0.09603500366210938 0.016494035720825195 28166 0
0.09903860092163086 0.015223503112792969 27184 0
0.10290265083312988 0.0170285701751709 28070 0
0.09842538833618164 0.01596236228942871 28926 0
0.10200667381286621 0.017319440841674805 29446 0
0.09755778312683105 0.015967369079589844 28148 0
0.09803652763366699 0.02248382568359375 28372 0
0.09980583190917969 0.016849756240844727 27868 0
0.0990602970123291 0.01729607582092285 30420 0
0.09926319122314453 0.016543149948120117 28892 0
0.10012340545654297 0.016433000564575195 28422 0
0.0989072322845459 0.016625404357910156 26376 0
0.0987083911895752 0.017350196838378906 25952 0
0.10669136047363281 0.017281532287597656 29288 0
0.0999457836151123 0.016466617584228516 32120 0
0.09960675239562988 0.0169827938079834 31800 0
0.09998393058776855 0.016660451889038086 30304 0
0.09895777702331543 0.01821112632751465 31106 0
0.10283660888671875 0.015823841094970703 28942 0
0.09505796432495117 0.01561284065246582 19466 0
0.10352230072021484 0.01723027229309082 26690 0
0.09711050987243652 0.01715397834777832 28188 0
0.09398388862609863 0.016093969345092773 23358 0
0.0976412296295166 0.016582012176513672 23112 0
0.09365987777709961 0.016226530075073242 23976 0
0.09731125831604004 0.01598525047302246 23842 0
0.0963582992553711 0.015892505645751953 24518 0
0.10644006729125977 0.017262697219848633 27526 0
0.09824442863464355 0.016063213348388672 25254 0
0.09831809997558594 0.01584625244140625 24434 0
0.09891462326049805 0.016621112823486328 28346 0
0.09498453140258789 0.016420841217041016 27026 0
0.09904193878173828 0.016363143920898438 30700 0
0.09508466720581055 0.01667165756225586 26672 0
0.10548949241638184 0.017260074615478516 29348 0
0.10401034355163574 0.017718791961669922 29964 0
0.0999758243560791 0.01587200164794922 30212 0
0.10039901733398438 0.016932249069213867 29756 0
0.10262203216552734 0.017685413360595703 29936 0
0.09626603126525879 0.01586627960205078 26032 0
0.09996175765991211 0.016844987869262695 30610 0
0.10844898223876953 0.01894521713256836 31032 0
0.10353779792785645 0.017163753509521484 30806 0
0.09866094589233398 0.01691722869873047 29882 0
0.10106134414672852 0.015697240829467773 28902 0
0.09871673583984375 0.016698837280273438 29318 0
0.09673023223876953 0.01652359962463379 27556 0
0.10506510734558105 0.017052412033081055 29142 0
0.10186910629272461 0.016376018524169922 29084 0
0.09218025207519531 0.01670098304748535 20358 0
0.09789776802062988 0.016678571701049805 29848 0
0.10400986671447754 0.01672649383544922 29804 0
0.0961463451385498 0.01629042625427246 26516 0
0.09909510612487793 0.016180992126464844 28334 0
0.0985257625579834 0.017003536224365234 28634 0
0.10219979286193848 0.01699376106262207 28900 0
0.09876632690429688 0.016818523406982422 29588 0
0.09891915321350098 0.0176084041595459 29326 0
0.10069704055786133 0.016665220260620117 29036 0
0.09947705268859863 0.017316579818725586 29626 0
0.09689617156982422 0.01636791229248047 29776 0
0.09874486923217773 0.016843795776367188 29692 0
0.10280847549438477 0.018094539642333984 29478 0
0.10195612907409668 0.017488956451416016 27616 0
0.09311032295227051 0.016099214553833008 22406 0
0.10124731063842773 0.0158843994140625 20292 0
0.09599041938781738 0.015120506286621094 21342 0
0.09363746643066406 0.015227556228637695 21188 0
0.09628939628601074 0.016751766204833984 21406 0
0.1053459644317627 0.01643538475036621 21432 0
0.09385228157043457 0.015679359436035156 22194 0
0.09412860870361328 0.016092777252197266 23056 0
0.09788680076599121 0.01587677001953125 22730 0
0.0966176986694336 0.016317367553710938 21496 0
0.09826374053955078 0.01590752601623535 22454 0
0.0935511589050293 0.016048431396484375 22696 0
0.10471010208129883 0.016208410263061523 21582 0
0.0982046127319336 0.016343116760253906 21690 0
0.09503698348999023 0.01557612419128418 21400 0
0.09598875045776367 0.015406608581542969 21356 0
0.09577417373657227 0.01599860191345215 18912 0
0.09329390525817871 0.016606569290161133 21868 0
0.09589815139770508 0.017124652862548828 21880 0
0.09740805625915527 0.016593217849731445 22212 0
0.09968948364257812 0.016704797744750977 22278 0
0.09327125549316406 0.01600360870361328 22314 0
0.09561967849731445 0.016184329986572266 22544 0
0.09473443031311035 0.01619744300842285 22616 0
0.09540128707885742 0.01626896858215332 22324 0
0.09767866134643555 0.014832735061645508 21976 0
0.0968015193939209 0.016153573989868164 21844 0
0.09689855575561523 0.0166780948638916 21778 0
0.10034704208374023 0.015802383422851562 22254 0
0.09576082229614258 0.015922069549560547 21920 0
0.0964040756225586 0.016629934310913086 21872 0
0.09502649307250977 0.01596832275390625 21644 0
0.10021352767944336 0.01563096046447754 21870 0
0.10158705711364746 0.016560792922973633 22398 0
0.09465837478637695 0.015687942504882812 22204 0
0.09616708755493164 0.015265226364135742 22140 0
0.09317350387573242 0.017189979553222656 22070 0
0.10104966163635254 0.015694856643676758 22014 0
0.09458041191101074 0.016228914260864258 22100 0
0.09557533264160156 0.016750812530517578 21440 0
0.09671521186828613 0.01743912696838379 21708 0
0.09882187843322754 0.016411304473876953 22046 0
0.0921928882598877 0.015621423721313477 21804 0
0.10110688209533691 0.01533961296081543 22242 0
0.09680747985839844 0.0165555477142334 21770 0
0.0997769832611084 0.017009496688842773 21558 0
0.09239673614501953 0.014779090881347656 18066 0
0.09365534782409668 0.0169522762298584 21436 0
0.09432744979858398 0.015568017959594727 21534 0
0.09570097923278809 0.016388416290283203 22130 0
0.09490513801574707 0.016089916229248047 22014 0
0.0972452163696289 0.017525434494018555 21856 0
0.09428000450134277 0.015401840209960938 21924 0
0.09375452995300293 0.016182661056518555 22250 0
0.09652471542358398 0.016543865203857422 21784 0
0.0973660945892334 0.015538930892944336 21822 0
0.09737586975097656 0.015597343444824219 21714 0
0.09659743309020996 0.015296459197998047 20972 0
0.09421753883361816 0.015538692474365234 21066 0
0.10277414321899414 0.017216920852661133 20912 0
0.09452557563781738 0.015810489654541016 21304 0
0.09515118598937988 0.01599860191345215 21686 0
0.09403514862060547 0.015755414962768555 21764 0
0.09462356567382812 0.01643061637878418 22316 0
0.09560680389404297 0.01746821403503418 22070 0
0.09917068481445312 0.016903162002563477 22284 0
0.09517145156860352 0.017069339752197266 22174 0
0.09302520751953125 0.01616358757019043 22220 0
0.09769463539123535 0.01593470573425293 22432 0
0.0996544361114502 0.015641212463378906 21732 0
0.0966787338256836 0.01531839370727539 21640 0
0.09973669052124023 0.015986919403076172 21880 0
0.09651851654052734 0.015984773635864258 25506 0
0.10372686386108398 0.0168154239654541 24910 0
0.09334182739257812 0.015726566314697266 22628 0
0.10267376899719238 0.017807483673095703 29596 0
0.10170221328735352 0.01650524139404297 26536 0
0.10030341148376465 0.017563343048095703 29414 0
0.09807419776916504 0.016661405563354492 26922 0
0.09737372398376465 0.015993356704711914 25058 0
0.09852814674377441 0.015733003616333008 25994 0
0.0987558364868164 0.0165252685546875 26712 0
0.09922313690185547 0.01673269271850586 26156 0
0.09706783294677734 0.016686677932739258 25666 0
0.10333251953125 0.017261266708374023 25268 0
0.09661030769348145 0.016000986099243164 22904 0
0.10048246383666992 0.017471790313720703 22766 0
0.10050392150878906 0.016727685928344727 21032 0
0.09877824783325195 0.016202449798583984 22098 0
0.09439897537231445 0.015827178955078125 22600 0
0.09657096862792969 0.01601576805114746 22222 0
0.09581327438354492 0.016256332397460938 21722 0
0.09440112113952637 0.01636528968811035 22278 0
0.09457755088806152 0.01617431640625 22266 0
0.10539078712463379 0.016708850860595703 22536 0
0.09406733512878418 0.015249252319335938 22354 0
0.09596061706542969 0.016118764877319336 22840 0
0.09931802749633789 0.016819238662719727 22916 0
0.09879612922668457 0.01678633689880371 17948 0
0.09877967834472656 0.016597509384155273 23116 0
0.10065937042236328 0.017214298248291016 23764 0
0.09946823120117188 0.017308473587036133 22156 0
0.10128903388977051 0.01610875129699707 23712 0
0.09577322006225586 0.019811153411865234 23546 0
0.09626126289367676 0.015276670455932617 23470 0
0.09790492057800293 0.01645803451538086 23660 0
0.09627938270568848 0.016479015350341797 23014 0
0.09775233268737793 0.016846895217895508 22388 0
0.09493827819824219 0.01637101173400879 22562 0
0.09438109397888184 0.01588726043701172 22030 0
0.09689855575561523 0.02076864242553711 22378 0
0.10121679306030273 0.016904830932617188 22768 0
0.09644794464111328 0.0165560245513916 23264 0
0.09589385986328125 0.015249967575073242 22834 0
0.10065889358520508 0.01686882972717285 23660 0
0.0969858169555664 0.015844345092773438 22922 0
0.09570765495300293 0.017110586166381836 22516 0
0.09862232208251953 0.0162808895111084 22752 0
0.0961155891418457 0.016615867614746094 22348 0
0.09379363059997559 0.015135526657104492 22366 0
0.09721660614013672 0.016392946243286133 22728 0
0.09511661529541016 0.015888690948486328 22450 0
0.09767293930053711 0.016842365264892578 22244 0
0.09495115280151367 0.016527414321899414 22312 0
0.0999150276184082 0.016742229461669922 22038 0
0.10026073455810547 0.016562938690185547 21758 0
0.10221719741821289 0.017237424850463867 22622 0
0.09674835205078125 0.015954256057739258 22616 0
0.0935056209564209 0.015317678451538086 17210 0
0.09718441963195801 0.0163266658782959 22168 0
0.0947730541229248 0.016442298889160156 22840 0
0.09579324722290039 0.018764734268188477 21228 0
0.10091400146484375 0.016707658767700195 23160 0
0.09840655326843262 0.01767563819885254 22822 0
0.09492778778076172 0.0165252685546875 22076 0
0.09571242332458496 0.016789674758911133 23154 0
0.09447860717773438 0.016733169555664062 22862 0
0.09483742713928223 0.015453577041625977 22794 0
0.09772062301635742 0.015841007232666016 22656 0
0.09768056869506836 0.01669621467590332 21904 0
0.1018824577331543 0.0170137882232666 22578 0
0.09485340118408203 0.01596832275390625 22016 0
0.09782028198242188 0.016991376876831055 22576 0
0.10026335716247559 0.017003774642944336 22302 0
0.09778952598571777 0.0161895751953125 22936 0
0.09557771682739258 0.01613903045654297 23132 0
0.09403657913208008 0.015827178955078125 22610 0
0.09672093391418457 0.01591968536376953 22756 0
0.09933781623840332 0.015764236450195312 22370 0
0.0948786735534668 0.014949798583984375 21924 0
0.09680509567260742 0.01598381996154785 22730 0
0.0945730209350586 0.01584625244140625 22106 0
0.09610104560852051 0.01609516143798828 22328 0
0.0970609188079834 0.01637744903564453 22370 0
0.09906435012817383 0.017124176025390625 21844 0
0.09995460510253906 0.016842365264892578 21610 0
0.0944983959197998 0.016299962997436523 22952 0
0.10022163391113281 0.015035629272460938 22524 0
0.09221339225769043 0.0149993896484375 16462 0
0.09497857093811035 0.01621222496032715 21442 0
0.09775424003601074 0.016093969345092773 21980 0
0.09255337715148926 0.015343189239501953 19958 0
0.10017514228820801 0.016399860382080078 22898 0
0.09514307975769043 0.016659975051879883 23220 0
0.09644794464111328 0.015784263610839844 18616 0
0.09372925758361816 0.014585494995117188 15772 0
0.09880447387695312 0.016923189163208008 21846 0
0.09908580780029297 0.016762733459472656 22636 0
0.09688568115234375 0.015807390213012695 23678 0
0.09976387023925781 0.017939090728759766 23470 0
0.10036230087280273 0.016202211380004883 23972 0
0.10518860816955566 0.01636528968811035 23936 0
0.0965566635131836 0.016426563262939453 23696 0
0.09560990333557129 0.015961170196533203 23056 0
0.09216451644897461 0.01539301872253418 17208 0
0.09207296371459961 0.014880657196044922 16622 0
0.0952920913696289 0.015735149383544922 22898 0
0.09535646438598633 0.016235828399658203 23400 0
0.10086679458618164 0.01696014404296875 22414 0
0.0956122875213623 0.016155481338500977 22694 0
0.09566068649291992 0.01573801040649414 22474 0
0.09586882591247559 0.015563249588012695 22816 0
0.0977475643157959 0.017801523208618164 23314 0
0.09912252426147461 0.015858173370361328 23510 0
0.09495115280151367 0.01754903793334961 23432 0
0.09863924980163574 0.01664280891418457 22490 0
0.09659767150878906 0.01614999771118164 23540 0
0.10277485847473145 0.017318248748779297 23082 0
0.09767723083496094 0.01665210723876953 19802 0
0.09674763679504395 0.016454219818115234 22790 0
0.09605884552001953 0.016285419464111328 22748 0
0.09516191482543945 0.015932083129882812 23000 0
0.09920120239257812 0.015736103057861328 23532 0
0.09614300727844238 0.016316652297973633 23454 0
0.10146164894104004 0.016646862030029297 22786 0
0.09700894355773926 0.016437768936157227 22510 0
0.09355664253234863 0.016145944595336914 23182 0
0.0981287956237793 0.016450166702270508 22956 0
0.10018587112426758 0.01629185676574707 22402 0
0.10487818717956543 0.01675128936767578 23356 0
0.0968327522277832 0.016213655471801758 22590 0
0.09612584114074707 0.015309333801269531 23072 0
0.0963134765625 0.01611018180847168 22806 0
0.09371733665466309 0.015541315078735352 23270 0
0.09658074378967285 0.015503883361816406 23260 0
0.0964365005493164 0.015367746353149414 22528 0
0.09806108474731445 0.0160369873046875 21790 0
0.09921574592590332 0.017183780670166016 22822 0
0.09713435173034668 0.01582932472229004 21638 0
0.09339427947998047 0.015503168106079102 16548 0
0.09499526023864746 0.01624917984008789 21542 0
0.09367179870605469 0.015490531921386719 21412 0
0.0957636833190918 0.015350818634033203 21958 0
0.10228824615478516 0.017047643661499023 21440 0
0.09770560264587402 0.01629924774169922 22056 0
0.0960991382598877 0.016449928283691406 21988 0
0.09905123710632324 0.016917705535888672 21962 0
0.09617042541503906 0.01556849479675293 21818 0
0.09392356872558594 0.016122102737426758 21818 0
0.09503388404846191 0.016419649124145508 22012 0
0.09800910949707031 0.017400026321411133 21644 0
0.09481382369995117 0.01483917236328125 21664 0
0.09496641159057617 0.015886545181274414 21346 0
0.09362053871154785 0.015230417251586914 21620 0
0.09584760665893555 0.016606807708740234 21618 0
0.09335923194885254 0.01613163948059082 21542 0
0.09623837471008301 0.01684856414794922 21424 0
0.09609723091125488 0.020371675491333008 21588 0
0.09615778923034668 0.01567363739013672 21396 0
0.0966331958770752 0.016284942626953125 21586 0
0.09367966651916504 0.015312910079956055 21646 0
0.09393429756164551 0.015560388565063477 21808 0
0.10030102729797363 0.01703643798828125 21786 0
0.09445929527282715 0.014800310134887695 21664 0
0.09648466110229492 0.019836902618408203 21602 0
0.09427905082702637 0.015581369400024414 21730 0
0.09632134437561035 0.016772031784057617 20408 0
0.09498453140258789 0.01581430435180664 21452 0
0.0984804630279541 0.016836166381835938 20792 0
0.09073877334594727 0.015308856964111328 15888 0
0.09398818016052246 0.015183210372924805 20626 0
0.09880805015563965 0.015669584274291992 21590 0
0.0952301025390625 0.01605820655822754 21730 0
0.09602165222167969 0.016968250274658203 21390 0
0.10156393051147461 0.017093658447265625 21454 0
0.09294629096984863 0.01526021957397461 21268 0
0.09787178039550781 0.01519155502319336 21516 0
0.09628176689147949 0.01627182960510254 21548 0
0.09597945213317871 0.017318010330200195 21770 0
0.09543395042419434 0.01646876335144043 21012 0
0.09827756881713867 0.016034364700317383 21308 0
0.09757781028747559 0.016287803649902344 21462 0
0.09401488304138184 0.015537738800048828 21058 0
0.0964658260345459 0.016010522842407227 21386 0
0.09939408302307129 0.01570725440979004 21284 0
0.09732413291931152 0.01701188087463379 21316 0
0.09587740898132324 0.015830516815185547 20764 0
0.09343171119689941 0.01649022102355957 21270 0
0.09891629219055176 0.015980958938598633 21406 0
0.09774971008300781 0.015812158584594727 21202 0
0.10142898559570312 0.016064167022705078 21458 0
0.10140228271484375 0.01614069938659668 21606 0
0.1002194881439209 0.015559673309326172 20972 0
0.09452152252197266 0.016172170639038086 21352 0
0.09423065185546875 0.016270160675048828 21236 0
0.0959925651550293 0.016022920608520508 21486 0
0.09633827209472656 0.015517950057983398 20008 0
0.09755325317382812 0.01595592498779297 20942 0
0.09706878662109375 0.016190767288208008 20690 0
0.09348845481872559 0.01428985595703125 15694 0
0.09889769554138184 0.016344785690307617 20368 0
0.09719371795654297 0.015951156616210938 20708 0
0.0930638313293457 0.016250133514404297 20630 0
0.09396934509277344 0.016097545623779297 20646 0
0.1022942066192627 0.016554832458496094 21020 0
0.09431791305541992 0.015839576721191406 20976 0
0.09950733184814453 0.016202688217163086 21058 0
0.0995798110961914 0.01712822914123535 21470 0
0.09690070152282715 0.016849756240844727 20842 0
0.09479546546936035 0.015656232833862305 20832 0
0.09365200996398926 0.014931201934814453 20694 0
0.09767436981201172 0.015834808349609375 20560 0
0.10013723373413086 0.016364574432373047 20322 0
0.09807968139648438 0.015959501266479492 20466 0
0.09548735618591309 0.01690840721130371 20872 0
0.09305095672607422 0.015687942504882812 18988 0
0.09792423248291016 0.016164302825927734 19262 0
0.09365653991699219 0.015256404876708984 19810 0
0.09669876098632812 0.015618324279785156 20370 0
0.09502935409545898 0.01605081558227539 20052 0
0.09608244895935059 0.01622152328491211 20784 0
0.09657692909240723 0.01716899871826172 21224 0
0.09227252006530762 0.017784833908081055 21352 0
0.09183120727539062 0.015646934509277344 21064 0
0.09728264808654785 0.016495943069458008 21454 0
0.09984493255615234 0.015311479568481445 19916 0
0.09170842170715332 0.015702486038208008 18582 0
0.10020852088928223 0.015930652618408203 19384 0
0.09573125839233398 0.015608072280883789 19496 0
0.09167051315307617 0.01543426513671875 14730 0
0.09277987480163574 0.015079975128173828 19222 0
0.09418702125549316 0.015323877334594727 19710 0
0.09983086585998535 0.016318082809448242 19254 0
0.09804105758666992 0.016139984130859375 18620 0
0.0967566967010498 0.015835046768188477 19124 0
0.0958714485168457 0.015666961669921875 20652 0
0.09254837036132812 0.0158843994140625 19708 0
0.09255003929138184 0.014793634414672852 19822 0
0.09588289260864258 0.01583552360534668 19374 0
0.09654879570007324 0.015714168548583984 18664 0
0.09544825553894043 0.01580333709716797 18208 0
0.09371018409729004 0.015038013458251953 18552 0
0.09829449653625488 0.01604604721069336 18236 0
0.0954596996307373 0.016150951385498047 18474 0
0.09249019622802734 0.015296220779418945 18650 0
0.09444165229797363 0.015900850296020508 18988 0
0.0969994068145752 0.0157773494720459 20014 0
0.09468412399291992 0.016445398330688477 19838 0
0.09149956703186035 0.015311479568481445 19528 0
0.09443402290344238 0.014921426773071289 19484 0
0.09261870384216309 0.01578211784362793 19266 0
0.09331440925598145 0.016019821166992188 19212 0
0.0975184440612793 0.01631450653076172 19350 0
0.09279632568359375 0.020085811614990234 19008 0
0.09543967247009277 0.015700817108154297 19160 0
0.09317708015441895 0.014491081237792969 18330 0
0.09231019020080566 0.014894247055053711 17016 0
0.09549689292907715 0.016329050064086914 18826 0
0.09192228317260742 0.01509547233581543 18170 0
0.09242773056030273 0.014572858810424805 14316 0
0.0952446460723877 0.01622772216796875 18592 0
0.09559035301208496 0.014998912811279297 19180 0
0.0939934253692627 0.015986919403076172 19120 0
0.09590578079223633 0.015863656997680664 18970 0
0.09542608261108398 0.01554560661315918 19598 0
0.09132266044616699 0.01583242416381836 19012 0
0.0940699577331543 0.01709461212158203 18852 0
0.09793758392333984 0.016196727752685547 20352 0
0.09224772453308105 0.015566825866699219 19650 0
0.09604597091674805 0.01521921157836914 14588 0
0.09467267990112305 0.015589714050292969 19308 0
0.09279322624206543 0.015996217727661133 20052 0
0.10029911994934082 0.015346765518188477 19946 0
0.09903383255004883 0.015839815139770508 19076 0
0.09332036972045898 0.015177726745605469 20026 0
0.10044574737548828 0.016007184982299805 21002 0
0.09373188018798828 0.01696300506591797 20854 0
0.0967855453491211 0.015830278396606445 21296 0
0.09637117385864258 0.015180349349975586 20444 0
0.09884405136108398 0.015755891799926758 20624 0
0.09471559524536133 0.015516281127929688 20344 0
0.09647274017333984 0.01593780517578125 20540 0
0.09449243545532227 0.01630091667175293 20662 0
0.09908080101013184 0.016488313674926758 20924 0
0.09237980842590332 0.0155029296875 20150 0
0.09642410278320312 0.01591324806213379 18270 0
0.10016036033630371 0.01654815673828125 18952 0
0.09670901298522949 0.015652179718017578 19956 0
0.09346318244934082 0.014980554580688477 20064 0
0.09578585624694824 0.016275405883789062 20450 0
0.09718036651611328 0.01564621925354004 20322 0
0.09317207336425781 0.015797138214111328 19630 0
0.09848284721374512 0.015359163284301758 19510 0
0.09708189964294434 0.015570878982543945 19618 0
0.09506797790527344 0.016496658325195312 19902 0
0.09559130668640137 0.015818119049072266 19028 0
0.0942225456237793 0.01616048812866211 19358 0
0.0927276611328125 0.015524148941040039 19938 0
0.09523272514343262 0.01512289047241211 19456 0
0.09489989280700684 0.015630006790161133 20330 0
0.10028743743896484 0.017071247100830078 20198 0
0.0937643051147461 0.014602184295654297 20534 0
0.09653329849243164 0.016457796096801758 20238 0
0.09967422485351562 0.017107725143432617 20346 0
0.09332132339477539 0.016485214233398438 19538 0
0.09863615036010742 0.0160064697265625 18072 0
0.09270977973937988 0.015303373336791992 19716 0
0.09493899345397949 0.015609025955200195 19094 0
0.09235024452209473 0.014670610427856445 14784 0
0.09499621391296387 0.015734434127807617 19604 0
0.09460735321044922 0.01562786102294922 19674 0
0.09525394439697266 0.015340566635131836 19692 0
0.09888768196105957 0.016142845153808594 18590 0
0.092315673828125 0.015473604202270508 19362 0
0.09373736381530762 0.015347957611083984 20836 0
0.09586024284362793 0.01560068130493164 20820 0
0.09943318367004395 0.016744136810302734 21050 0
0.10119032859802246 0.016630172729492188 21294 0
0.09328413009643555 0.015043258666992188 19956 0
0.09964704513549805 0.01737833023071289 20704 0
0.09737324714660645 0.01569366455078125 19610 0
0.09406661987304688 0.014873981475830078 19982 0
0.09511756896972656 0.015944480895996094 20240 0
0.09402728080749512 0.01563405990600586 19906 0
0.09473037719726562 0.01618647575378418 20072 0
0.0947265625 0.01619243621826172 20662 0
0.10362935066223145 0.01664257049560547 21514 0
0.09708309173583984 0.016033649444580078 20454 0
0.09460711479187012 0.016211509704589844 20860 0
0.09533286094665527 0.015856027603149414 20634 0
0.09417986869812012 0.015334367752075195 20566 0
0.09611082077026367 0.01663517951965332 20246 0
0.09527301788330078 0.015979528427124023 20434 0
0.10077571868896484 0.01598978042602539 24402 0
0.10286903381347656 0.01677870750427246 26256 0
0.10161709785461426 0.016940593719482422 26424 0
0.10027122497558594 0.016335725784301758 27368 0
0.0956106185913086 0.015910625457763672 26424 0
0.0950019359588623 0.016339540481567383 26810 0
0.10117626190185547 0.016381263732910156 27094 0
0.09940314292907715 0.016129493713378906 26184 0
0.0973505973815918 0.01633763313293457 27416 0
0.09861946105957031 0.016084909439086914 26904 0
0.10197305679321289 0.017281770706176758 25804 0
0.0973501205444336 0.01755809783935547 27156 0
0.09645771980285645 0.015436649322509766 26574 0
0.0973050594329834 0.016168594360351562 26602 0
0.09998846054077148 0.015529394149780273 26640 0
0.10122179985046387 0.01700758934020996 27018 0
0.09734892845153809 0.017096996307373047 27420 0
0.09663152694702148 0.016649723052978516 26366 0
0.09434390068054199 0.015852689743041992 22436 0
0.09555959701538086 0.0162961483001709 26954 0
0.0966956615447998 0.015767812728881836 26980 0
0.09998178482055664 0.017600059509277344 26964 0
0.09953427314758301 0.018383264541625977 27604 0
0.09874343872070312 0.017273902893066406 27112 0
0.10379242897033691 0.016251087188720703 28168 0
0.09738492965698242 0.016135692596435547 27450 0
0.09933900833129883 0.01572728157043457 27892 0
0.09834098815917969 0.016661405563354492 27302 0
0.09758472442626953 0.015727519989013672 20448 0
0.09722638130187988 0.01711249351501465 27120 0
0.09969449043273926 0.01676321029663086 26702 0
0.10080170631408691 0.016667842864990234 27194 0
0.0998392105102539 0.016640663146972656 27730 0
0.09632205963134766 0.01654839515686035 28238 0
0.0982503890991211 0.015983104705810547 28688 0
0.10357165336608887 0.015620231628417969 28746 0
0.1027834415435791 0.016883134841918945 28844 0
0.1000375747680664 0.01624584197998047 28942 0
0.09821701049804688 0.016497135162353516 26380 0
0.0988612174987793 0.01709151268005371 28732 0
0.09730648994445801 0.01654195785522461 27576 0
0.10136032104492188 0.017419815063476562 28228 0
0.10368633270263672 0.017056941986083984 28070 0
0.10051155090332031 0.017507553100585938 28550 0
0.09806632995605469 0.01641249656677246 28276 0
0.10055041313171387 0.017759323120117188 29174 0
0.09882736206054688 0.016226530075073242 28552 0
0.10156607627868652 0.016665220260620117 29182 0
0.09599709510803223 0.015694856643676758 24874 0
0.09868931770324707 0.016585826873779297 28672 0
0.09820318222045898 0.016465425491333008 28458 0
0.10402846336364746 0.020729541778564453 28786 0
0.10031390190124512 0.016155719757080078 28192 0
0.1039113998413086 0.01659560203552246 28904 0
0.09922266006469727 0.017327070236206055 28958 0
0.10164999961853027 0.017744779586791992 26434 0
0.09838080406188965 0.016781330108642578 28908 0
0.10161352157592773 0.016453266143798828 29600 0
0.0969228744506836 0.015434503555297852 20168 0
0.10344672203063965 0.016324758529663086 27838 0
0.10239505767822266 0.016498327255249023 26208 0
0.0982673168182373 0.016257286071777344 26518 0
0.09904956817626953 0.016515493392944336 28768 0
0.09894108772277832 0.016561031341552734 29614 0
0.0963897705078125 0.01738429069519043 26912 0
0.10807132720947266 0.016600608825683594 30154 0
0.09830760955810547 0.016786575317382812 29116 0
0.10261416435241699 0.01731729507446289 29520 0
0.10295748710632324 0.01735997200012207 29452 0
0.09814262390136719 0.016804933547973633 29078 0
0.09902286529541016 0.016611337661743164 27458 0
0.09899282455444336 0.017052412033081055 28914 0
0.10761141777038574 0.018137454986572266 29972 0
0.10091948509216309 0.016744613647460938 29078 0
0.0990910530090332 0.016206741333007812 29008 0
0.09916210174560547 0.017052888870239258 28536 0
0.10009622573852539 0.01714324951171875 29926 0
0.09885931015014648 0.016542673110961914 29644 0
0.09465265274047852 0.016494274139404297 24906 0
0.10599994659423828 0.017380237579345703 28550 0
0.10035347938537598 0.016649246215820312 28686 0
0.09911274909973145 0.01657724380493164 28788 0
0.09891939163208008 0.017216205596923828 28876 0
0.09996604919433594 0.016353607177734375 28592 0
0.10081958770751953 0.016817808151245117 27452 0
0.09818172454833984 0.017003536224365234 25732 0
0.10220170021057129 0.016959667205810547 28806 0
0.10045242309570312 0.01705002784729004 28192 0
0.0956423282623291 0.015360832214355469 18710 0
0.1026010513305664 0.017459869384765625 26098 0
0.09788322448730469 0.01615452766418457 24330 0
0.0956580638885498 0.016031503677368164 23888 0
0.09704828262329102 0.01616048812866211 25306 0
0.10134053230285645 0.015982389450073242 26074 0
0.09752321243286133 0.01708221435546875 25218 0
0.10197257995605469 0.016628742218017578 26792 0
0.10010337829589844 0.017637014389038086 26254 0
0.09479689598083496 0.015995264053344727 25822 0
0.09633517265319824 0.015987634658813477 24944 0
0.09567928314208984 0.016605854034423828 25144 0
0.09644937515258789 0.01583385467529297 21274 0
0.09865403175354004 0.016251325607299805 25148 0
0.09878969192504883 0.016529321670532227 24890 0
0.10039997100830078 0.016529560089111328 24826 0
0.0958395004272461 0.01598668098449707 24440 0
0.09624600410461426 0.01648402214050293 24672 0
0.09955644607543945 0.017023086547851562 24404 0
0.10390567779541016 0.016475915908813477 24488 0
0.10159707069396973 0.017112255096435547 21538 0
0.09593558311462402 0.016208648681640625 24712 0
0.10207700729370117 0.016705751419067383 25792 0
0.09797263145446777 0.016682863235473633 25752 0
0.09843182563781738 0.015868425369262695 25582 0
0.10011887550354004 0.016493797302246094 25962 0
0.10109210014343262 0.016054391860961914 25430 0
0.09987163543701172 0.016538143157958984 23042 0
0.09866094589233398 0.016440868377685547 24712 0
0.09914374351501465 0.016007661819458008 24644 0
0.09029817581176758 0.015289068222045898 17266 0
0.09561777114868164 0.016361474990844727 24382 0
0.0961909294128418 0.016061067581176758 22034 0
0.10800623893737793 0.016840219497680664 23406 0
0.09804344177246094 0.01650094985961914 24934 0
0.096832275390625 0.016556262969970703 24194 0
0.09290146827697754 0.016414165496826172 23652 0
0.0973665714263916 0.016760826110839844 25420 0
0.09620833396911621 0.0163419246673584 25478 0
0.10207653045654297 0.016278982162475586 25704 0
0.09932160377502441 0.01608562469482422 25734 0
0.09432315826416016 0.015813827514648438 25694 0
0.09427380561828613 0.01661062240600586 23030 0
0.10273623466491699 0.015505552291870117 25930 0
0.10017609596252441 0.016282320022583008 25838 0
0.09696030616760254 0.016499042510986328 25530 0
0.10043668746948242 0.017795801162719727 25688 0
0.09930753707885742 0.015387296676635742 25992 0
0.09693765640258789 0.015522003173828125 25452 0
0.09882330894470215 0.015892744064331055 25868 0
0.0946657657623291 0.016333341598510742 22620 0
0.09877157211303711 0.01584458351135254 25268 0
0.09820938110351562 0.01607513427734375 25676 0
0.0968320369720459 0.015858173370361328 25180 0
0.10339975357055664 0.015288352966308594 25330 0
0.10075950622558594 0.017667770385742188 25250 0
0.0990602970123291 0.016660690307617188 24750 0
0.09547591209411621 0.01538395881652832 22716 0
0.0975179672241211 0.017111539840698242 25044 0
0.0977625846862793 0.016254663467407227 24832 0
0.09361529350280762 0.01524972915649414 17380 0
0.10349297523498535 0.01623368263244629 24144 0
0.09473896026611328 0.01586604118347168 21242 0
0.0972900390625 0.017086505889892578 22170 0
0.09482002258300781 0.01665496826171875 24564 0
0.09652137756347656 0.01616382598876953 24838 0
0.09481477737426758 0.015480279922485352 23784 0
0.09567141532897949 0.015431642532348633 25234 0
0.09945559501647949 0.016568660736083984 25424 0
0.09561038017272949 0.016080856323242188 25166 0
0.10030364990234375 0.01669764518737793 25148 0
0.10108518600463867 0.016574621200561523 24848 0
0.1060035228729248 0.0171358585357666 21406 0
0.09755492210388184 0.01633286476135254 25104 0
0.0975198745727539 0.015808582305908203 25308 0
0.10073089599609375 0.017116069793701172 24860 0
0.09518814086914062 0.015566587448120117 25102 0
0.10141968727111816 0.016376495361328125 25120 0
0.09657144546508789 0.01637887954711914 24642 0
0.09673523902893066 0.015755414962768555 24326 0
0.09880685806274414 0.016759634017944336 20080 0
0.09567141532897949 0.015850543975830078 24642 0
0.10045170783996582 0.017381906509399414 24872 0
0.09724044799804688 0.016265153884887695 25292 0
0.0954444408416748 0.016575336456298828 24652 0
0.0979299545288086 0.016287565231323242 25224 0
0.1014108657836914 0.016198158264160156 24636 0
0.0946807861328125 0.015535831451416016 22108 0
0.09424924850463867 0.0161592960357666 24554 0
0.1029965877532959 0.016724109649658203 24496 0
0.0929410457611084 0.015213489532470703 18088 0
0.0998373031616211 0.017246723175048828 24312 0
0.09588956832885742 0.01707172393798828 19888 0
0.0963742733001709 0.016539812088012695 24300 0
0.09596681594848633 0.016634702682495117 24574 0
0.09862637519836426 0.01696610450744629 25630 0
0.09927010536193848 0.016505002975463867 23034 0
0.10003089904785156 0.015750646591186523 25644 0
0.09647727012634277 0.01614832878112793 25698 0
0.09804391860961914 0.017963647842407227 25418 0
0.09801030158996582 0.016048192977905273 25202 0
0.09767794609069824 0.015809297561645508 24828 0
0.09669733047485352 0.015887022018432617 21932 0
0.10182380676269531 0.021497011184692383 25358 0
0.09899425506591797 0.016275644302368164 25056 0
0.09615325927734375 0.015513181686401367 25396 0
0.09664535522460938 0.016179561614990234 25350 0
0.09727096557617188 0.01640152931213379 25234 0
0.0985720157623291 0.016300678253173828 24306 0
0.09673166275024414 0.015771150588989258 24548 0
0.09539079666137695 0.017908573150634766 21580 0
0.09537005424499512 0.016031265258789062 24230 0
0.10481619834899902 0.017895936965942383 28356 0
0.10089707374572754 0.01747608184814453 28262 0
0.09961128234863281 0.01628565788269043 28308 0
0.10363006591796875 0.01653599739074707 28838 0
0.09900259971618652 0.016217708587646484 29110 0
0.09824728965759277 0.019497156143188477 28184 0
0.09743618965148926 0.016877174377441406 29314 0
0.09831357002258301 0.016287803649902344 27684 0
0.10282540321350098 0.01745152473449707 27658 0
0.09921813011169434 0.017348527908325195 28882 0
0.10030698776245117 0.015321016311645508 26328 0
0.09768390655517578 0.017305374145507812 27422 0
0.10623025894165039 0.016280174255371094 27886 0
0.10016107559204102 0.016483783721923828 27960 0
0.10520648956298828 0.01652216911315918 28900 0
0.09690070152282715 0.016932010650634766 28808 0
0.09870076179504395 0.017061471939086914 27944 0
0.10278010368347168 0.016588449478149414 28800 0
0.10361289978027344 0.01704120635986328 28824 0
0.10461759567260742 0.017275094985961914 27814 0
0.09672951698303223 0.016577959060668945 27448 0
0.09859418869018555 0.0164337158203125 26944 0
0.1027224063873291 0.017563343048095703 27360 0
0.09799695014953613 0.016429424285888672 26894 0
0.0989840030670166 0.016546010971069336 27434 0
0.09888720512390137 0.0164794921875 27268 0
0.10041403770446777 0.016165971755981445 27216 0
0.09903931617736816 0.01680278778076172 28208 0
0.1026604175567627 0.01711106300354004 28250 0
0.1027061939239502 0.017937660217285156 27416 0
0.09784150123596191 0.0163571834564209 27520 0
0.10001230239868164 0.017486572265625 28174 0
0.09683489799499512 0.017313718795776367 27430 0
0.09887051582336426 0.01707768440246582 27312 0
0.09500837326049805 0.016298532485961914 26366 0
0.09635758399963379 0.0160064697265625 26728 0
0.10033965110778809 0.016460180282592773 27018 0
0.0986175537109375 0.016524076461791992 27438 0
0.09913158416748047 0.017009496688842773 27772 0
0.09885931015014648 0.016169071197509766 27196 0
0.09761691093444824 0.015993833541870117 26382 0
0.09652304649353027 0.016246318817138672 27046 0
0.1024169921875 0.0220184326171875 27522 0
0.10188722610473633 0.017895221710205078 26264 0
0.10304856300354004 0.01664257049560547 27262 0
0.1036527156829834 0.017255067825317383 27208 0
0.10058355331420898 0.016467809677124023 26526 0
0.09786057472229004 0.016506433486938477 27324 0
0.09975314140319824 0.016344308853149414 27752 0
0.10110688209533691 0.016684770584106445 27542 0
0.10180044174194336 0.016335725784301758 28592 0
0.1026148796081543 0.017081260681152344 28374 0
0.09910917282104492 0.016229629516601562 27624 0
0.0979313850402832 0.01699995994567871 27952 0
0.10003995895385742 0.01650834083557129 27840 0
0.0969698429107666 0.01682734489440918 26748 0
0.09876823425292969 0.018874406814575195 26818 0
0.10220527648925781 0.01608133316040039 26734 0
0.09798336029052734 0.01598358154296875 28344 0
0.09971380233764648 0.01699209213256836 28134 0
0.1024482250213623 0.016666412353515625 27862 0
0.10024118423461914 0.016100645065307617 28224 0
0.09689640998840332 0.018120527267456055 28076 0
0.0998532772064209 0.01880669593811035 28596 0
0.10282301902770996 0.01756143569946289 28916 0
0.09993958473205566 0.016660690307617188 28494 0
0.0996866226196289 0.016527891159057617 29022 0
0.0963888168334961 0.016459226608276367 28950 0
0.10084867477416992 0.017171382904052734 28016 0
0.09788894653320312 0.01631951332092285 28790 0
0.10306882858276367 0.016458988189697266 28504 0
0.09815287590026855 0.015752792358398438 27782 0
0.0980994701385498 0.017237424850463867 25752 0
0.10099077224731445 0.016574382781982422 30236 0
0.09845876693725586 0.016800403594970703 29800 0
0.10241532325744629 0.01729297637939453 29282 0
0.09882569313049316 0.01636958122253418 29350 0
0.10241913795471191 0.016974449157714844 30542 0
0.10181546211242676 0.016796350479125977 30186 0
0.1012730598449707 0.0172116756439209 30596 0
0.1024777889251709 0.0167081356048584 30188 0
0.10432004928588867 0.016715526580810547 30052 0
0.09780025482177734 0.01622772216796875 24824 0
0.09792518615722656 0.015597820281982422 23958 0
0.10015726089477539 0.01702284812927246 28650 0
0.10377287864685059 0.01855325698852539 31592 0
0.10163998603820801 0.017098665237426758 26682 0
0.0987849235534668 0.01670360565185547 29672 0
0.0965728759765625 0.016130447387695312 25570 0
0.09745025634765625 0.016368627548217773 25572 0
0.10262584686279297 0.016162872314453125 26526 0
0.10442471504211426 0.01628398895263672 28310 0
0.09992551803588867 0.016617536544799805 28632 0
0.09766817092895508 0.01641058921813965 27052 0
0.09895849227905273 0.016455650329589844 28712 0
0.10220956802368164 0.016887426376342773 28740 0
0.0962362289428711 0.01650857925415039 23742 0
0.10033845901489258 0.017163991928100586 29902 0
0.10235810279846191 0.01640796661376953 28404 0
0.10271954536437988 0.017430782318115234 28000 0
0.0979769229888916 0.017001628875732422 30286 0
0.09923624992370605 0.016779661178588867 30600 0
0.0951988697052002 0.015335559844970703 24366 0
0.10158324241638184 0.015954017639160156 30586 0
0.09723401069641113 0.016530513763427734 30650 0
0.10234332084655762 0.01668691635131836 32008 0
0.0988163948059082 0.01676344871520996 30836 0
0.10207915306091309 0.017758846282958984 31780 0
0.10550475120544434 0.015993833541870117 31896 0
0.10086393356323242 0.016420364379882812 32170 0
0.09836935997009277 0.01665782928466797 31308 0
0.1065526008605957 0.016756057739257812 32266 0
0.10073614120483398 0.016594648361206055 33610 0
0.10443353652954102 0.016674280166625977 32500 0
0.10246014595031738 0.017063140869140625 31674 0
0.1053934097290039 0.017618417739868164 31738 0
0.10096573829650879 0.01723456382751465 30524 0
0.10010242462158203 0.01674365997314453 31202 0
0.1006467342376709 0.016592741012573242 31678 0
0.10390806198120117 0.017714738845825195 30312 0
0.10010147094726562 0.01641106605529785 30868 0
0.10251712799072266 0.01708674430847168 30622 0
0.09882116317749023 0.01797652244567871 31568 0
0.09806227684020996 0.017017364501953125 30134 0
0.10100173950195312 0.01679825782775879 31592 0
0.10345029830932617 0.01730060577392578 32244 0
0.09739398956298828 0.016339540481567383 25530 0
0.10016679763793945 0.017145872116088867 31666 0
0.10159778594970703 0.016867637634277344 29134 0
0.10009646415710449 0.016656160354614258 29176 0
0.10014772415161133 0.017612934112548828 31790 0
0.09932541847229004 0.016877412796020508 32204 0
0.09701967239379883 0.016455888748168945 26496 0
0.10206341743469238 0.017835140228271484 31318 0
0.10099411010742188 0.017356157302856445 31834 0
0.10813426971435547 0.01710033416748047 32102 0
0.09920310974121094 0.017418622970581055 31688 0
0.10523462295532227 0.017620325088500977 31168 0
0.10047483444213867 0.01813030242919922 31646 0
0.10455036163330078 0.01782512664794922 31158 0
0.10100698471069336 0.017252206802368164 32812 0
0.10065293312072754 0.017291784286499023 33398 0
0.10611629486083984 0.017832040786743164 32528 0
0.10208487510681152 0.01651310920715332 33222 0
0.10082411766052246 0.01696038246154785 32736 0
0.1002814769744873 0.017734289169311523 33050 0
0.10007524490356445 0.016406774520874023 32322 0
0.09824967384338379 0.016710996627807617 31746 0
0.09938621520996094 0.016325712203979492 31786 0
0.10758280754089355 0.017190217971801758 31314 0
0.10393929481506348 0.016698122024536133 32986 0
0.10354852676391602 0.01675128936767578 32730 0
0.10416579246520996 0.01694035530090332 33018 0
0.09951996803283691 0.01725912094116211 30846 0
0.10131406784057617 0.018239498138427734 32896 0
0.10147881507873535 0.017491579055786133 32912 0
0.10329508781433105 0.01637721061706543 26784 0
0.09971332550048828 0.016251564025878906 32658 0
0.10498452186584473 0.017882347106933594 32382 0
0.0993490219116211 0.016875267028808594 31932 0
0.09933137893676758 0.016618013381958008 33430 0
0.10702157020568848 0.01723313331604004 33878 0
0.09849405288696289 0.016300439834594727 30674 0
0.10212421417236328 0.017351627349853516 34632 0
0.10084247589111328 0.01676344871520996 33670 0
0.10204744338989258 0.017294645309448242 34294 0
0.10521411895751953 0.01699542999267578 33230 0
0.09873414039611816 0.01613140106201172 31546 0
0.09821867942810059 0.01595592498779297 31130 0
0.10390472412109375 0.01702570915222168 30350 0
0.10228323936462402 0.01612234115600586 30028 0
0.0994729995727539 0.017227649688720703 30804 0
0.10415291786193848 0.016592741012573242 30026 0
0.10245990753173828 0.017528295516967773 30740 0
0.09813070297241211 0.01712822914123535 29960 0
0.09810972213745117 0.016433000564575195 29368 0
0.09857392311096191 0.01734161376953125 29738 0
0.09620213508605957 0.016320228576660156 28644 0
0.09913134574890137 0.017116069793701172 30384 0
0.10115480422973633 0.017306089401245117 30254 0
0.09761500358581543 0.016558170318603516 29998 0
0.09824180603027344 0.01656961441040039 29662 0
0.09900403022766113 0.015558481216430664 29130 0
0.09835290908813477 0.016573667526245117 29150 0
0.09806632995605469 0.016564607620239258 29626 0
0.10602283477783203 0.01745891571044922 29000 0
0.09956955909729004 0.016935110092163086 29330 0
0.09808135032653809 0.016448259353637695 28472 0
0.10190510749816895 0.015819311141967773 29248 0
0.09892129898071289 0.01618170738220215 28604 0
0.10063052177429199 0.01607346534729004 29680 0
0.10334134101867676 0.017819881439208984 28824 0
0.10357189178466797 0.01693558692932129 29514 0
0.10372591018676758 0.017374515533447266 28372 0
0.09898900985717773 0.016749143600463867 29652 0
0.10532665252685547 0.016307353973388672 29638 0
