0.009472846984863281 0.012581825256347656 85949 0
0.011074542999267578 0.01351165771484375 85928 0
0.010716438293457031 0.013508081436157227 87822 0
0.011200904846191406 0.012001514434814453 86364 0
0.011581659317016602 0.011687278747558594 88610 0
0.011354684829711914 0.01411581039428711 89818 0
0.010829448699951172 0.013055562973022461 90102 0
0.011467933654785156 0.011826038360595703 89855 0
0.010556221008300781 0.01322793960571289 89355 0
0.00957942008972168 0.012996912002563477 89498 0
0.010488271713256836 0.011563301086425781 87503 0
0.011789798736572266 0.014432668685913086 85942 0
0.012716293334960938 0.011982917785644531 89546 0
0.011570453643798828 0.01208949089050293 87298 0
0.010682106018066406 0.011569023132324219 76317 0
0.009538888931274414 0.01349329948425293 87007 0
0.011944055557250977 0.018111467361450195 85330 0
0.011499166488647461 0.012050151824951172 83398 0
0.011185169219970703 0.013514518737792969 80189 0
0.010313272476196289 0.011755228042602539 85538 0
0.011320352554321289 0.012952089309692383 85001 0
0.011212348937988281 0.011750221252441406 82576 0
0.01083827018737793 0.01304936408996582 85835 0
0.010361671447753906 0.01217508316040039 88602 0
0.011308670043945312 0.01391148567199707 89047 0
0.010630369186401367 0.01170492172241211 87732 0
0.012065887451171875 0.012799739837646484 82994 0
0.011466503143310547 0.014249563217163086 87357 0
0.009330034255981445 0.013099908828735352 87853 0
0.010551691055297852 0.011471748352050781 85290 0
0.010794639587402344 0.012178182601928711 87809 0
0.01135563850402832 0.013694286346435547 88459 0
0.009440422058105469 0.012999773025512695 86699 0
0.011091947555541992 0.01284170150756836 86903 0
0.009816169738769531 0.012478113174438477 82844 0
0.00966191291809082 0.013371944427490234 88556 0
0.010691165924072266 0.013473987579345703 92521 0
0.010549783706665039 0.014590740203857422 90452 0
0.010843038558959961 0.011756658554077148 92292 0
0.010665178298950195 0.01207280158996582 88323 0
0.010535717010498047 0.011914968490600586 83891 0
0.01086568832397461 0.013717412948608398 85756 0
0.010807275772094727 0.01170492172241211 89810 0
0.011827707290649414 0.01233530044555664 89825 0
0.011226177215576172 0.012388229370117188 80402 0
0.011687040328979492 0.011787891387939453 89040 0
0.009829282760620117 0.014073610305786133 90269 0
0.011732816696166992 0.012537956237792969 88857 0
0.009670019149780273 0.013612747192382812 90012 0
0.010862112045288086 0.014417171478271484 89711 0
0.011322021484375 0.012919425964355469 88862 0
0.01176905632019043 0.012346506118774414 90291 0
0.011152029037475586 0.011611223220825195 89682 0
0.011929750442504883 0.011917829513549805 89851 0
0.011126518249511719 0.01177978515625 90080 0
0.011568546295166016 0.01244354248046875 90524 0
0.01108241081237793 0.011799335479736328 90555 0
0.010678291320800781 0.013121843338012695 90736 0
0.009466409683227539 0.013652801513671875 90683 0
0.012088537216186523 0.012140035629272461 90898 0
0.012377738952636719 0.01252126693725586 89140 0
0.01052546501159668 0.012865543365478516 89439 0
0.011291980743408203 0.012194633483886719 88968 0
0.011615276336669922 0.011757850646972656 88215 0
0.01114654541015625 0.012378931045532227 86367 0
0.01157069206237793 0.012099504470825195 88406 0
0.010627031326293945 0.011737346649169922 89120 0
0.011028766632080078 0.011620521545410156 89097 0
0.012060880661010742 0.012079954147338867 88543 0
0.012327909469604492 0.013306856155395508 88134 0
0.011606216430664062 0.013866901397705078 87002 0
0.011386394500732422 0.012235641479492188 85396 0
0.01120305061340332 0.01277780532836914 88227 0
0.010972976684570312 0.01387643814086914 86786 0
0.01157236099243164 0.01220393180847168 75719 0
0.011462211608886719 0.013100624084472656 87755 0
0.011122703552246094 0.012435436248779297 87158 0
0.01119089126586914 0.012009143829345703 84754 0
0.010661125183105469 0.013036489486694336 85570 0
0.009343862533569336 0.012932300567626953 85470 0
0.011910438537597656 0.013435602188110352 87446 0
0.010040044784545898 0.018930435180664062 87623 0
0.01119685173034668 0.012140512466430664 86199 0
0.009531497955322266 0.012756824493408203 86226 0
0.012397289276123047 0.014438867568969727 87700 0
0.010996818542480469 0.012963533401489258 87607 0
0.01201319694519043 0.013377189636230469 83629 0
0.014945030212402344 0.013970613479614258 87906 0
0.011174678802490234 0.011723995208740234 87953 0
0.010725021362304688 0.013045072555541992 88318 0
0.010540008544921875 0.013104677200317383 87478 0
0.0107421875 0.012340307235717773 87551 0
0.011207342147827148 0.014220476150512695 87848 0
0.011280059814453125 0.011816024780273438 85335 0
0.011911630630493164 0.012253999710083008 88053 0
0.011253118515014648 0.013362646102905273 87337 0
0.01165461540222168 0.012241840362548828 76371 0
0.011740922927856445 0.01227259635925293 88376 0
0.011748075485229492 0.013399362564086914 88398 0
0.009809732437133789 0.012700080871582031 84823 0
0.011049985885620117 0.012346029281616211 86002 0
0.010768651962280273 0.012531042098999023 86703 0
0.010813713073730469 0.011980056762695312 87522 0
0.011633634567260742 0.013846635818481445 90437 0
0.010805130004882812 0.012966394424438477 89699 0
0.011752605438232422 0.012146711349487305 90051 0
0.010920524597167969 0.01211857795715332 89823 0
0.011230230331420898 0.011777162551879883 91176 0
0.011717557907104492 0.01440739631652832 90954 0
0.011906623840332031 0.012056589126586914 90251 0
0.011487245559692383 0.011909246444702148 90363 0
0.011558294296264648 0.012361526489257812 89987 0
0.010489940643310547 0.013737678527832031 90074 0
0.010912418365478516 0.013236761093139648 90664 0
0.010044097900390625 0.012943744659423828 88563 0
0.011498451232910156 0.01201486587524414 90132 0
0.010123014450073242 0.012311458587646484 83601 0
0.011259794235229492 0.0129852294921875 90331 0
0.011062860488891602 0.01181173324584961 89959 0
0.011765003204345703 0.014276981353759766 90188 0
0.011177539825439453 0.011870145797729492 88525 0
0.011394977569580078 0.012850284576416016 89306 0
0.009441375732421875 0.012806177139282227 88078 0
0.012505292892456055 0.01201772689819336 86490 0
0.01142430305480957 0.011639118194580078 88734 0
0.01108694076538086 0.012892007827758789 88876 0
0.011147260665893555 0.01160120964050293 77998 0
0.010750055313110352 0.013374567031860352 86957 0
0.009467363357543945 0.012598037719726562 80259 0
0.01125192642211914 0.013102054595947266 82409 0
0.0107879638671875 0.011627197265625 83573 0
0.010956525802612305 0.01158595085144043 84983 0
0.011049509048461914 0.012502670288085938 82341 0
0.009385824203491211 0.012615680694580078 85142 0
0.010871648788452148 0.011849164962768555 87438 0
0.01114034652709961 0.011622428894042969 88479 0
0.011817216873168945 0.014177322387695312 87888 0
0.011438608169555664 0.012795448303222656 88533 0
0.012160539627075195 0.012040138244628906 87432 0
0.011057376861572266 0.01488184928894043 88493 0
0.011476755142211914 0.012570381164550781 89951 0
0.011780738830566406 0.01268148422241211 90405 0
0.010610342025756836 0.01380157470703125 88615 0
0.01381993293762207 0.012760639190673828 89185 0
0.010196447372436523 0.012178421020507812 88442 0
0.010430335998535156 0.012670755386352539 91669 0
0.010813474655151367 0.01892542839050293 90089 0
0.010073184967041016 0.01310276985168457 88814 0
0.010669946670532227 0.01214146614074707 86328 0
0.011069059371948242 0.017673015594482422 86311 0
0.011921405792236328 0.013984441757202148 90153 0
0.011684656143188477 0.01227712631225586 94029 0
0.016433238983154297 0.013362884521484375 93138 0
0.010920286178588867 0.012348175048828125 92426 0
0.010532140731811523 0.01191854476928711 92681 0
0.012640714645385742 0.011759281158447266 90100 0
0.010802507400512695 0.011588096618652344 77537 0
0.011588096618652344 0.013190031051635742 87465 0
0.010722160339355469 0.012271404266357422 88856 0
0.011441707611083984 0.012942314147949219 83552 0
0.010643959045410156 0.01353597640991211 83459 0
0.009702682495117188 0.012792825698852539 84208 0
0.010642051696777344 0.01157069206237793 83675 0
0.009398698806762695 0.012736320495605469 84629 0
0.01184391975402832 0.01230311393737793 88000 0
0.011026620864868164 0.012547969818115234 85619 0
0.011759757995605469 0.012717723846435547 85235 0
0.009534358978271484 0.012755155563354492 89082 0
0.011285543441772461 0.014395952224731445 87769 0
0.011969804763793945 0.013030767440795898 92227 0
0.010068178176879883 0.013370513916015625 87554 0
0.011464118957519531 0.012521982192993164 90569 0
0.011087179183959961 0.013779163360595703 90915 0
0.010766744613647461 0.01160430908203125 91674 0
0.010780811309814453 0.012828588485717773 90919 0
0.010790109634399414 0.011602401733398438 91152 0
0.01140904426574707 0.013867616653442383 86788 0
0.012790679931640625 0.012436389923095703 92229 0
0.009574174880981445 0.013736248016357422 92555 0
0.010282754898071289 0.014699459075927734 92382 0
0.009619712829589844 0.01259160041809082 90878 0
0.010572433471679688 0.011512517929077148 90088 0
0.01137399673461914 0.011862993240356445 90357 0
0.010753870010375977 0.013074159622192383 87370 0
0.011173009872436523 0.013041973114013672 90057 0
0.010712862014770508 0.011784791946411133 89951 0
0.010750055313110352 0.01157379150390625 78462 0
0.010308265686035156 0.01391744613647461 90673 0
0.011695146560668945 0.01270294189453125 90959 0
0.010741233825683594 0.011774063110351562 86993 0
0.010849237442016602 0.01363682746887207 88708 0
0.010514259338378906 0.012783527374267578 88918 0
0.012706995010375977 0.012001514434814453 89598 0
0.010776758193969727 0.012886524200439453 90535 0
0.009655475616455078 0.01265406608581543 90005 0
0.011171102523803711 0.011678218841552734 89804 0
0.00971221923828125 0.014126777648925781 89911 0
0.009389877319335938 0.012302637100219727 90559 0
0.011060953140258789 0.012048959732055664 90398 0
0.010362863540649414 0.013134002685546875 89348 0
0.010659456253051758 0.011769294738769531 88561 0
0.011753320693969727 0.012268781661987305 80088 0
0.01159977912902832 0.011573314666748047 77405 0
0.00956583023071289 0.014623403549194336 78858 0
0.010574102401733398 0.011990785598754883 78623 0
0.010693073272705078 0.011548995971679688 79312 0
0.011427640914916992 0.011816024780273438 79435 0
0.010297060012817383 0.012911319732666016 80362 0
0.009497880935668945 0.0128631591796875 81893 0
0.009427785873413086 0.01279139518737793 81456 0
0.010371208190917969 0.011733531951904297 79472 0
0.009323358535766602 0.014392375946044922 80866 0
0.01064443588256836 0.013684749603271484 80874 0
0.01062774658203125 0.011775016784667969 79538 0
0.01018381118774414 0.011889457702636719 79838 0
0.011031150817871094 0.013239860534667969 78912 0
0.009437322616577148 0.013859748840332031 79023 0
0.010882854461669922 0.01344156265258789 74607 0
0.009818553924560547 0.01392364501953125 79826 0
0.011805534362792969 0.012696504592895508 80308 0
0.01104593276977539 0.012179374694824219 80403 0
0.010644197463989258 0.012947320938110352 80416 0
0.010488271713256836 0.011944055557250977 80302 0
0.010590076446533203 0.012389659881591797 80623 0
0.009939193725585938 0.012637615203857422 80920 0
0.01096653938293457 0.012717723846435547 80261 0
0.010741233825683594 0.011430501937866211 80192 0
0.00974583625793457 0.014539003372192383 79828 0
0.010882377624511719 0.012035846710205078 79576 0
0.010942459106445312 0.012402534484863281 79991 0
0.011574268341064453 0.012012958526611328 79045 0
0.011166572570800781 0.011586666107177734 79380 0
0.009752511978149414 0.013389110565185547 79396 0
0.010639429092407227 0.012229204177856445 79724 0
0.010671854019165039 0.01187276840209961 80479 0
0.011719465255737305 0.012568473815917969 80098 0
0.011088371276855469 0.01212000846862793 80053 0
0.011319875717163086 0.013831377029418945 79645 0
0.010666131973266602 0.013489484786987305 79843 0
0.011267900466918945 0.014585494995117188 79878 0
0.011578559875488281 0.011602640151977539 79157 0
0.010550260543823242 0.014527559280395508 79722 0
0.011289119720458984 0.0122528076171875 80127 0
0.010971784591674805 0.012796878814697266 79841 0
0.010252952575683594 0.012239456176757812 80093 0
0.011902809143066406 0.012006759643554688 79190 0
0.011065006256103516 0.012669086456298828 79301 0
0.010009288787841797 0.0131378173828125 73586 0
0.011254549026489258 0.011843204498291016 79217 0
0.01062917709350586 0.012681007385253906 79390 0
0.011911630630493164 0.012317657470703125 79916 0
0.011188745498657227 0.011457681655883789 79888 0
0.011136293411254883 0.011896610260009766 79832 0
0.011359691619873047 0.01395106315612793 79966 0
0.011488914489746094 0.012052059173583984 80087 0
0.01070547103881836 0.01365971565246582 79815 0
0.011026382446289062 0.01161646842956543 79850 0
0.011352062225341797 0.012018918991088867 79265 0
0.010591506958007812 0.012758970260620117 78435 0
0.010125875473022461 0.012967824935913086 78205 0
0.010907173156738281 0.011717081069946289 78253 0
0.010720252990722656 0.012919187545776367 78548 0
0.0106048583984375 0.01167917251586914 79382 0
0.011360645294189453 0.013452529907226562 79227 0
0.011741399765014648 0.011947154998779297 80128 0
0.010831117630004883 0.01208949089050293 79758 0
0.010987043380737305 0.012464046478271484 80272 0
0.011232614517211914 0.012921333312988281 80084 0
0.010596752166748047 0.011842727661132812 80349 0
0.010763406753540039 0.013494014739990234 80228 0
0.012267589569091797 0.014426708221435547 79104 0
0.01071476936340332 0.011526823043823242 79424 0
0.011746883392333984 0.01230621337890625 79573 0
0.010956764221191406 0.013402223587036133 85103 0
0.011279582977294922 0.012251853942871094 84325 0
0.010689496994018555 0.013548851013183594 80658 0
0.011162996292114258 0.012149810791015625 90116 0
0.010827302932739258 0.012800931930541992 86422 0
0.011079549789428711 0.01259756088256836 89668 0
0.011039257049560547 0.014248371124267578 87452 0
0.010765314102172852 0.012128353118896484 84987 0
0.011708974838256836 0.012114763259887695 86167 0
0.010830879211425781 0.011983156204223633 86650 0
0.01073002815246582 0.012560129165649414 86385 0
0.011424064636230469 0.013863325119018555 85657 0
0.01063084602355957 0.011719226837158203 84809 0
0.010579824447631836 0.012921571731567383 81589 0
0.009609222412109375 0.012785196304321289 81552 0
0.009294271469116211 0.012747049331665039 78473 0
0.010704755783081055 0.011511802673339844 80154 0
0.010839700698852539 0.013244390487670898 80856 0
0.009883403778076172 0.01243281364440918 79709 0
0.011308908462524414 0.012181520462036133 79479 0
0.010871171951293945 0.011681318283081055 80147 0
0.011968374252319336 0.01265859603881836 79673 0
0.01174616813659668 0.01243281364440918 80096 0
0.010988712310791016 0.014213085174560547 80573 0
0.01118326187133789 0.012015581130981445 81365 0
0.010615825653076172 0.01147770881652832 81614 0
0.011774063110351562 0.012366294860839844 73029 0
0.010526895523071289 0.011952400207519531 81394 0
0.010668277740478516 0.011579036712646484 81904 0
0.01069951057434082 0.011571645736694336 79992 0
0.011727094650268555 0.012270450592041016 81891 0
0.011644601821899414 0.012218952178955078 81784 0
0.011441707611083984 0.012394428253173828 81380 0
0.009749174118041992 0.01204371452331543 82020 0
0.011037588119506836 0.01147603988647461 81263 0
0.011818647384643555 0.011456727981567383 80750 0
0.010736942291259766 0.011506795883178711 80547 0
0.011725902557373047 0.011685371398925781 79723 0
0.010830879211425781 0.01168203353881836 80083 0
0.010476112365722656 0.012305259704589844 80455 0
0.01090383529663086 0.012701272964477539 81219 0
0.01119542121887207 0.01255941390991211 81399 0
0.010966062545776367 0.013144731521606445 81884 0
0.009491443634033203 0.01349949836730957 81149 0
0.010895013809204102 0.011684417724609375 80730 0
0.010277748107910156 0.01290440559387207 81192 0
0.011528968811035156 0.013280868530273438 80585 0
0.009615898132324219 0.014008522033691406 79997 0
0.01073312759399414 0.012155294418334961 80549 0
0.01040339469909668 0.012491464614868164 80037 0
0.011710643768310547 0.012082099914550781 80511 0
0.011398553848266602 0.011531829833984375 80446 0
0.011935949325561523 0.012290239334106445 79758 0
0.011855363845825195 0.011677265167236328 79049 0
0.011983871459960938 0.012256860733032227 80810 0
0.013751745223999023 0.013668298721313477 80700 0
0.012110710144042969 0.012694120407104492 71647 0
0.010181188583374023 0.012056827545166016 80044 0
0.010526657104492188 0.012917041778564453 81604 0
0.011712312698364258 0.011720657348632812 78460 0
0.011199235916137695 0.012768745422363281 81846 0
0.010708808898925781 0.011980295181274414 81140 0
0.009695291519165039 0.013351917266845703 79918 0
0.011662721633911133 0.011570215225219727 81655 0
0.011106014251708984 0.012237310409545898 81159 0
0.011269330978393555 0.011796236038208008 81166 0
0.011327028274536133 0.01166534423828125 80853 0
0.011137962341308594 0.013247251510620117 79872 0
0.009776115417480469 0.013972043991088867 80959 0
0.01070547103881836 0.011452913284301758 79612 0
0.010961055755615234 0.013547182083129883 80524 0
0.011668205261230469 0.015449762344360352 80798 0
0.01205134391784668 0.012302398681640625 81203 0
0.011730194091796875 0.0129852294921875 81686 0
0.01129913330078125 0.013326644897460938 81147 0
0.011040687561035156 0.013730287551879883 81067 0
0.01166081428527832 0.012655258178710938 80835 0
0.01202845573425293 0.01198577880859375 80102 0
0.010698318481445312 0.011539220809936523 80852 0
0.010175704956054688 0.011977910995483398 79975 0
0.011396646499633789 0.01143789291381836 80494 0
0.010927915573120117 0.011716604232788086 80806 0
0.011742830276489258 0.011934041976928711 79737 0
0.01136636734008789 0.011586189270019531 78730 0
0.012296676635742188 0.012283802032470703 81330 0
0.01094508171081543 0.013396739959716797 80865 0
0.011389017105102539 0.012101173400878906 70499 0
0.009939908981323242 0.012656211853027344 78627 0
0.009549379348754883 0.012674570083618164 80145 0
0.0103302001953125 0.012878179550170898 76868 0
0.011817216873168945 0.011496305465698242 80512 0
0.009607076644897461 0.01381993293762207 81516 0
0.011325836181640625 0.012751102447509766 74077 0
0.009979486465454102 0.012101411819458008 70053 0
0.012262821197509766 0.013564348220825195 79116 0
0.011100530624389648 0.01162409782409668 80884 0
0.01250457763671875 0.011862754821777344 82706 0
0.010590076446533203 0.011329412460327148 82111 0
0.011175155639648438 0.011610031127929688 82458 0
0.011892557144165039 0.01187896728515625 83094 0
0.010641098022460938 0.011560201644897461 82384 0
0.010376930236816406 0.013411760330200195 81164 0
0.010820388793945312 0.01377415657043457 72533 0
0.010560989379882812 0.011684656143188477 72207 0
0.011896133422851562 0.012260913848876953 81869 0
0.01130366325378418 0.013355255126953125 82509 0
0.010165929794311523 0.013041496276855469 80925 0
0.011263608932495117 0.011956214904785156 81450 0
0.011380434036254883 0.011746406555175781 81579 0
0.011710405349731445 0.011892557144165039 81853 0
0.010656118392944336 0.01254129409790039 82564 0
0.011023998260498047 0.013089179992675781 82994 0
0.01099395751953125 0.013258695602416992 82581 0
0.01139974594116211 0.013382911682128906 81076 0
0.009797096252441406 0.013880252838134766 82804 0
0.010984659194946289 0.011967658996582031 82388 0
0.01080012321472168 0.011455059051513672 76587 0
0.010395526885986328 0.013039588928222656 81802 0
0.010778188705444336 0.012005090713500977 81527 0
0.01173090934753418 0.012120723724365234 81476 0
0.011140108108520508 0.014000415802001953 82284 0
0.010431766510009766 0.012079954147338867 81964 0
0.009257793426513672 0.01290583610534668 81229 0
0.010589361190795898 0.012208223342895508 80643 0
0.011771202087402344 0.014424562454223633 81557 0
0.010605812072753906 0.01220560073852539 81366 0
0.010978937149047852 0.012823343276977539 80518 0
0.01054525375366211 0.012458562850952148 82170 0
0.010711908340454102 0.01157379150390625 81670 0
0.009966135025024414 0.012725353240966797 82029 0
0.009508609771728516 0.012775421142578125 81650 0
0.01107168197631836 0.013510942459106445 82368 0
0.011586427688598633 0.01340937614440918 82915 0
0.01108694076538086 0.012667179107666016 81622 0
0.009282588958740234 0.013369321823120117 80095 0
0.0107421875 0.013452529907226562 81254 0
0.01036381721496582 0.01340031623840332 79986 0
0.011803388595581055 0.012885093688964844 72268 0
0.010585546493530273 0.011633872985839844 79856 0
0.010372161865234375 0.011414766311645508 79899 0
0.011408567428588867 0.012052297592163086 80917 0
0.011192798614501953 0.012394905090332031 79139 0
0.011074304580688477 0.012520313262939453 79916 0
0.010820865631103516 0.011828184127807617 80201 0
0.010628700256347656 0.012808799743652344 79474 0
0.010528564453125 0.017798900604248047 79537 0
0.011118650436401367 0.011431694030761719 79936 0
0.011707544326782227 0.012322664260864258 79751 0
0.010091066360473633 0.01282501220703125 79542 0
0.011023998260498047 0.012085676193237305 79737 0
0.012004613876342773 0.012757539749145508 78632 0
0.010618925094604492 0.01315164566040039 79189 0
0.011337518692016602 0.01147007942199707 79548 0
0.010051727294921875 0.012784242630004883 78713 0
0.011040449142456055 0.012066364288330078 79127 0
0.010539531707763672 0.013583183288574219 79198 0
0.01097726821899414 0.011658668518066406 79225 0
0.010622262954711914 0.01144719123840332 79203 0
0.011873722076416016 0.011721372604370117 79177 0
0.011693954467773438 0.012082576751708984 79099 0
0.010676383972167969 0.011988639831542969 79209 0
0.010692834854125977 0.011732339859008789 79497 0
0.011016130447387695 0.011911392211914062 79110 0
0.00988626480102539 0.011962175369262695 79656 0
0.010376930236816406 0.011651039123535156 77741 0
0.010839462280273438 0.01382756233215332 78405 0
0.010472774505615234 0.013613462448120117 78383 0
0.009636163711547852 0.012117624282836914 70586 0
0.010558605194091797 0.012228012084960938 78013 0
0.01098012924194336 0.011558771133422852 78558 0
0.011690855026245117 0.01163625717163086 79319 0
0.011622905731201172 0.012251615524291992 78147 0
0.011128664016723633 0.012187719345092773 78534 0
0.010962486267089844 0.011554479598999023 79119 0
0.011278867721557617 0.011479616165161133 78578 0
0.011653900146484375 0.012074470520019531 78766 0
0.012090682983398438 0.013113021850585938 79384 0
0.009356498718261719 0.013713836669921875 78616 0
0.009519338607788086 0.012674808502197266 78636 0
0.00945591926574707 0.013501167297363281 78768 0
0.010550737380981445 0.01284027099609375 78198 0
0.009410381317138672 0.012993097305297852 77921 0
0.011300802230834961 0.011609554290771484 78181 0
0.010870218276977539 0.011513710021972656 77836 0
0.011387825012207031 0.011421918869018555 77560 0
0.011204004287719727 0.012871980667114258 78133 0
0.00986170768737793 0.01210474967956543 78093 0
0.009337902069091797 0.013998985290527344 78107 0
0.011373281478881836 0.011548280715942383 78656 0
0.012073278427124023 0.011899232864379883 78464 0
0.010701894760131836 0.011963844299316406 78036 0
0.01045846939086914 0.011478900909423828 78519 0
0.011367082595825195 0.011990547180175781 78083 0
0.010780811309814453 0.011502981185913086 78397 0
0.010147571563720703 0.012253761291503906 76711 0
0.010905742645263672 0.013295650482177734 77621 0
0.01000213623046875 0.014029741287231445 77432 0
0.011129617691040039 0.01235342025756836 69373 0
0.010666847229003906 0.01440882682800293 76570 0
0.011193275451660156 0.012129068374633789 77428 0
0.011150360107421875 0.012950420379638672 77703 0
0.011046886444091797 0.013253211975097656 77007 0
0.011752605438232422 0.012758016586303711 77679 0
0.011524200439453125 0.01166081428527832 78184 0
0.010573387145996094 0.01174616813659668 78119 0
0.010644912719726562 0.011774539947509766 78020 0
0.010823249816894531 0.012022733688354492 77836 0
0.010413885116577148 0.01301264762878418 77135 0
0.010660886764526367 0.011318683624267578 77063 0
0.011466026306152344 0.011517524719238281 76797 0
0.010468244552612305 0.011576652526855469 76788 0
0.011152267456054688 0.012533187866210938 77044 0
0.011439800262451172 0.012146234512329102 77232 0
0.010562896728515625 0.011385440826416016 74932 0
0.010482072830200195 0.012410402297973633 74710 0
0.010590553283691406 0.01441335678100586 75406 0
0.012335777282714844 0.01623082160949707 76237 0
0.009635448455810547 0.012854576110839844 76090 0
0.009447813034057617 0.012768030166625977 76952 0
0.010626554489135742 0.013116598129272461 77825 0
0.010914087295532227 0.011888504028320312 77953 0
0.010835647583007812 0.013141155242919922 77833 0
0.01073765754699707 0.012481451034545898 77896 0
0.011182308197021484 0.011751413345336914 75321 0
0.011415481567382812 0.011394500732421875 73531 0
0.010956287384033203 0.011446952819824219 74802 0
0.00997161865234375 0.012070894241333008 74000 0
0.010707616806030273 0.01176595687866211 66858 0
0.011139392852783203 0.011808156967163086 74577 0
0.011861324310302734 0.012327909469604492 74877 0
0.011276960372924805 0.011328935623168945 74576 0
0.009444713592529297 0.015340089797973633 73368 0
0.011091947555541992 0.011394262313842773 74181 0
0.01063990592956543 0.012820720672607422 76929 0
0.009746313095092773 0.012465238571166992 75488 0
0.009290933609008789 0.012817621231079102 75636 0
0.011379718780517578 0.012065410614013672 74926 0
0.010999917984008789 0.01148676872253418 73573 0
0.011056900024414062 0.011400222778320312 72897 0
0.010642528533935547 0.012124300003051758 73140 0
0.00942850112915039 0.012408971786499023 72968 0
0.01162576675415039 0.012477636337280273 72772 0
0.01061105728149414 0.011504411697387695 73356 0
0.011104345321655273 0.012337207794189453 73969 0
0.011686086654663086 0.012951135635375977 75228 0
0.011899232864379883 0.013598442077636719 75460 0
0.010875225067138672 0.011631011962890625 74519 0
0.010620832443237305 0.011772632598876953 74421 0
0.010909557342529297 0.01141357421875 74604 0
0.011692285537719727 0.012270689010620117 74249 0
0.011496782302856445 0.012013673782348633 74284 0
0.010800600051879883 0.01371455192565918 73621 0
0.009565114974975586 0.01430201530456543 73562 0
0.011409521102905273 0.012030363082885742 72986 0
0.011030197143554688 0.013427972793579102 70829 0
0.010612010955810547 0.01248931884765625 73454 0
0.010630369186401367 0.011377334594726562 72488 0
0.011266469955444336 0.011617183685302734 65816 0
0.01056671142578125 0.01203298568725586 72745 0
0.01034998893737793 0.011905908584594727 73982 0
0.011440277099609375 0.011509418487548828 74245 0
0.010812044143676758 0.011745214462280273 73214 0
0.010953903198242188 0.012651920318603516 74385 0
0.010438919067382812 0.011440038681030273 73608 0
0.010488748550415039 0.011485815048217773 73290 0
0.009732246398925781 0.014055967330932617 76176 0
0.011139154434204102 0.011710643768310547 75013 0
0.010694265365600586 0.011245012283325195 66962 0
0.009374141693115234 0.012621402740478516 74792 0
0.010928869247436523 0.012900829315185547 75801 0
0.009786367416381836 0.012875795364379883 75371 0
0.011089563369750977 0.011787891387939453 74607 0
0.011183500289916992 0.011304855346679688 75794 0
0.011206865310668945 0.013746976852416992 77318 0
0.011309385299682617 0.013636589050292969 77037 0
0.011368989944458008 0.011610984802246094 77540 0
0.010839462280273438 0.014201164245605469 76466 0
0.011259317398071289 0.011909961700439453 76530 0
0.010121345520019531 0.012084007263183594 76142 0
0.011530399322509766 0.013309478759765625 76624 0
0.010904312133789062 0.011771917343139648 77033 0
0.01241445541381836 0.015092849731445312 77423 0
0.010906219482421875 0.01146697998046875 76164 0
0.010288476943969727 0.012389659881591797 73615 0
0.013041496276855469 0.011924028396606445 74099 0
0.010513782501220703 0.013302087783813477 76790 0
0.011829137802124023 0.011572837829589844 76735 0
0.011450529098510742 0.01159048080444336 77682 0
0.010066747665405273 0.01202845573425293 77091 0
0.01073312759399414 0.012988805770874023 76047 0
0.010901689529418945 0.01254129409790039 76037 0
0.012158393859863281 0.01195073127746582 76399 0
0.010350942611694336 0.011525154113769531 76463 0
0.011232852935791016 0.01187276840209961 75835 0
0.010701656341552734 0.013344287872314453 75749 0
0.011290311813354492 0.011905670166015625 76299 0
0.011237621307373047 0.012206792831420898 75379 0
0.010266780853271484 0.011685371398925781 76987 0
0.011266231536865234 0.012655496597290039 76393 0
0.010691642761230469 0.012973308563232422 76720 0
0.011117696762084961 0.011374235153198242 76712 0
0.009699106216430664 0.012850522994995117 76268 0
0.010259389877319336 0.013273954391479492 76024 0
0.010522842407226562 0.012387990951538086 73203 0
0.011008024215698242 0.0119781494140625 75632 0
0.011980772018432617 0.011694669723510742 75027 0
0.011063575744628906 0.012360811233520508 67240 0
0.010170698165893555 0.01244497299194336 75401 0
0.011290550231933594 0.011964559555053711 75879 0
0.010712385177612305 0.011753082275390625 75724 0
0.010855913162231445 0.012566089630126953 74564 0
0.010791540145874023 0.011715888977050781 75348 0
0.011370420455932617 0.01154184341430664 78142 0
0.010588407516479492 0.011967897415161133 78216 0
0.009444713592529297 0.012434959411621094 78463 0
0.010004281997680664 0.013849735260009766 78107 0
0.011677265167236328 0.011757135391235352 76699 0
0.011242151260375977 0.013142585754394531 77361 0
0.010759353637695312 0.01193857192993164 75932 0
0.011621236801147461 0.012358665466308594 76458 0
0.010998725891113281 0.011590719223022461 77113 0
0.011147260665893555 0.014016866683959961 76560 0
0.01199030876159668 0.0124359130859375 76562 0
0.009955883026123047 0.012981176376342773 77704 0
0.01148533821105957 0.011753320693969727 78648 0
0.011651277542114258 0.012637615203857422 77079 0
0.01044774055480957 0.013787031173706055 77949 0
0.010762453079223633 0.012529850006103516 77355 0
0.010613441467285156 0.01201009750366211 77373 0
0.011749029159545898 0.01214909553527832 76886 0
0.012162446975708008 0.01224970817565918 77468 0
0.01158452033996582 0.013619184494018555 84170 0
0.010740518569946289 0.013235092163085938 86451 0
0.012057065963745117 0.012155771255493164 87019 0
0.010795116424560547 0.013493537902832031 87630 0
0.011396646499633789 0.011713266372680664 86970 0
0.010824203491210938 0.011727571487426758 87203 0
0.010695219039916992 0.013868093490600586 87743 0
0.01126551628112793 0.012172937393188477 86715 0
0.01102757453918457 0.012283802032470703 88118 0
0.009927034378051758 0.01872873306274414 87846 0
0.01076364517211914 0.012959718704223633 86326 0
0.01010584831237793 0.012739896774291992 87834 0
0.011168956756591797 0.013122797012329102 87743 0
0.010848045349121094 0.011806249618530273 87484 0
0.01114201545715332 0.012593507766723633 87630 0
0.011188507080078125 0.011864423751831055 88078 0
0.010204553604125977 0.013098955154418945 88591 0
0.011621475219726562 0.012487649917602539 86852 0
0.010538339614868164 0.011924982070922852 81813 0
0.010548114776611328 0.012892961502075195 87799 0
0.01255035400390625 0.012044429779052734 87794 0
0.010815143585205078 0.011703729629516602 87984 0
0.010641336441040039 0.01252436637878418 88540 0
0.010981321334838867 0.012140274047851562 88159 0
0.01087808609008789 0.014127254486083984 89785 0
0.01051640510559082 0.012502908706665039 88054 0
0.010895252227783203 0.012900829315185547 89541 0
0.011449098587036133 0.011983871459960938 88738 0
0.00956106185913086 0.012544631958007812 78570 0
0.01020050048828125 0.013139486312866211 88338 0
0.010797977447509766 0.012257099151611328 88362 0
0.010694026947021484 0.011850357055664062 89273 0
0.011254072189331055 0.012643098831176758 89525 0
0.010835886001586914 0.011919021606445312 90453 0
0.01084280014038086 0.01192021369934082 90285 0
0.011751413345336914 0.013011932373046875 90733 0
0.011656761169433594 0.012562036514282227 90566 0
0.009639978408813477 0.013010501861572266 90167 0
0.011293411254882812 0.011989355087280273 87849 0
0.009435892105102539 0.014297008514404297 90386 0
0.011786222457885742 0.012017488479614258 88794 0
0.010984659194946289 0.013903141021728516 90006 0
0.010792732238769531 0.012797355651855469 90375 0
0.010702371597290039 0.012777328491210938 90582 0
0.012677907943725586 0.013375997543334961 90043 0
0.010693550109863281 0.01262807846069336 91142 0
0.009765863418579102 0.013756990432739258 90326 0
0.011450767517089844 0.011606693267822266 90944 0
0.011713027954101562 0.012709379196166992 85047 0
0.010518550872802734 0.01217341423034668 90596 0
0.010649681091308594 0.012811422348022461 90587 0
0.011422872543334961 0.01225423812866211 90789 0
0.011825799942016602 0.011923074722290039 90924 0
0.011422395706176758 0.012517452239990234 90752 0
0.012221097946166992 0.013180971145629883 90973 0
0.00980234146118164 0.013255596160888672 88695 0
0.013319015502929688 0.017764568328857422 91571 0
0.011732339859008789 0.011850357055664062 92104 0
0.009981870651245117 0.013606548309326172 80412 0
0.017203092575073242 0.013613224029541016 90608 0
0.010848045349121094 0.011759757995605469 88124 0
0.010471105575561523 0.013096809387207031 88138 0
0.009167671203613281 0.012722015380859375 91307 0
0.011127233505249023 0.012638092041015625 92057 0
0.011817216873168945 0.012830257415771484 88810 0
0.01143336296081543 0.012026071548461914 92723 0
0.009727716445922852 0.01366734504699707 92150 0
0.010894060134887695 0.013553380966186523 91827 0
0.011803150177001953 0.012258768081665039 92205 0
0.011356115341186523 0.01395273208618164 91143 0
0.009790420532226562 0.013256549835205078 89121 0
0.011147260665893555 0.013426065444946289 91470 0
0.010700225830078125 0.012947559356689453 92291 0
0.010669708251953125 0.012273311614990234 91526 0
0.010906457901000977 0.01246953010559082 91940 0
0.010543107986450195 0.012726783752441406 90966 0
0.009678363800048828 0.012959718704223633 92006 0
0.011183023452758789 0.012891769409179688 91931 0
0.009933710098266602 0.012900352478027344 86278 0
0.010998010635375977 0.012775659561157227 90582 0
0.011621713638305664 0.013887166976928711 90908 0
0.010578155517578125 0.01277017593383789 91079 0
0.010720491409301758 0.012982845306396484 90179 0
0.010018587112426758 0.013091087341308594 90261 0
0.010690450668334961 0.012428522109985352 90018 0
0.009587764739990234 0.012517929077148438 86749 0
0.010583162307739258 0.012415409088134766 90722 0
0.009983301162719727 0.013494729995727539 90415 0
0.011219501495361328 0.012028217315673828 76512 0
0.01187586784362793 0.012364387512207031 87153 0
0.01232147216796875 0.012275218963623047 84102 0
0.010672807693481445 0.011903047561645508 84118 0
0.01108407974243164 0.011940717697143555 86009 0
0.010782003402709961 0.01275634765625 87170 0
0.011474370956420898 0.01340341567993164 85097 0
0.00985574722290039 0.012770891189575195 87712 0
0.011525154113769531 0.013028621673583984 86846 0
0.011392354965209961 0.011762619018554688 86337 0
0.011206388473510742 0.01300668716430664 85478 0
0.010589599609375 0.011989593505859375 85814 0
0.011141061782836914 0.011928796768188477 80686 0
0.010857105255126953 0.014558553695678711 84980 0
0.011055946350097656 0.013300657272338867 85002 0
0.011148452758789062 0.013410091400146484 84971 0
0.010763883590698242 0.011939525604248047 84726 0
0.010965108871459961 0.013488531112670898 85068 0
0.010817766189575195 0.012004375457763672 85033 0
0.011459827423095703 0.012263774871826172 84707 0
0.010921001434326172 0.01149749755859375 80515 0
0.010642290115356445 0.012001991271972656 84742 0
0.009488344192504883 0.012984514236450195 86676 0
0.010245323181152344 0.013229131698608398 86186 0
0.010927200317382812 0.011621713638305664 85944 0
0.010208845138549805 0.012879610061645508 86484 0
0.009328365325927734 0.014618396759033203 85482 0
0.010796070098876953 0.012375593185424805 82073 0
0.010346651077270508 0.01173090934753418 84385 0
0.010894775390625 0.011663436889648438 84075 0
0.01069188117980957 0.011530160903930664 73214 0
0.010693073272705078 0.013350725173950195 83963 0
0.009546518325805664 0.012769699096679688 80561 0
0.012657880783081055 0.014081239700317383 82177 0
0.011259794235229492 0.01216435432434082 83794 0
0.010385513305664062 0.012778043746948242 83730 0
0.010864019393920898 0.011583805084228516 82584 0
0.01046299934387207 0.011931180953979492 85079 0
0.01086568832397461 0.012570381164550781 85351 0
0.011415481567382812 0.011750459671020508 85804 0
0.010647296905517578 0.011562824249267578 85683 0
0.011794328689575195 0.013681411743164062 85594 0
0.010515451431274414 0.012153148651123047 81187 0
0.01179361343383789 0.012804031372070312 85692 0
0.01113271713256836 0.013102054595947266 85866 0
0.011002779006958008 0.012604236602783203 85524 0
0.010805130004882812 0.012105941772460938 85464 0
0.011247873306274414 0.011996269226074219 85642 0
0.01059579849243164 0.012116670608520508 84754 0
0.012147665023803711 0.011872053146362305 85126 0
0.010335445404052734 0.01177072525024414 80290 0
0.010563850402832031 0.011499166488647461 84228 0
0.010451316833496094 0.01326751708984375 85150 0
0.011350393295288086 0.013742923736572266 84650 0
0.009986400604248047 0.012716054916381836 84708 0
0.011114120483398438 0.012298822402954102 84383 0
0.011646032333374023 0.012498140335083008 84100 0
0.01108407974243164 0.014267206192016602 82031 0
0.010907649993896484 0.011925935745239258 84312 0
0.01103830337524414 0.013358592987060547 84274 0
0.010627508163452148 0.01151585578918457 72771 0
0.009647369384765625 0.013256549835205078 82958 0
0.010982513427734375 0.011595487594604492 78950 0
0.010154247283935547 0.01306915283203125 80800 0
0.011991262435913086 0.012146234512329102 83769 0
0.011236429214477539 0.011652231216430664 84200 0
0.01085805892944336 0.013374567031860352 82876 0
0.011240720748901367 0.012099504470825195 84707 0
0.011005401611328125 0.012123584747314453 84852 0
0.011612892150878906 0.013909339904785156 84594 0
0.010920047760009766 0.012875556945800781 84389 0
0.011466503143310547 0.01164865493774414 84211 0
0.010336160659790039 0.011754989624023438 79207 0
0.010938405990600586 0.013658761978149414 84630 0
0.011868476867675781 0.01224374771118164 84230 0
0.010876178741455078 0.014286518096923828 84094 0
0.01212000846862793 0.01203298568725586 83929 0
0.01090860366821289 0.014072418212890625 84574 0
0.009907007217407227 0.013255834579467773 83994 0
0.012239933013916016 0.013631582260131836 83929 0
0.009871959686279297 0.012902975082397461 78245 0
0.011883735656738281 0.012718677520751953 83989 0
0.010857105255126953 0.012399435043334961 84399 0
0.010589838027954102 0.012211084365844727 84445 0
0.01097726821899414 0.011594772338867188 84224 0
0.011682271957397461 0.011728048324584961 84487 0
0.010295867919921875 0.013140439987182617 83996 0
0.011649131774902344 0.0125885009765625 81519 0
0.009645223617553711 0.013625860214233398 84191 0
0.010296106338500977 0.011655092239379883 83862 0
0.011000871658325195 0.01183176040649414 74294 0
0.010765790939331055 0.011678934097290039 83546 0
0.011185169219970703 0.012128114700317383 77367 0
0.01015472412109375 0.012807607650756836 83324 0
0.011048555374145508 0.013166189193725586 84149 0
0.009702682495117188 0.013156652450561523 84388 0
0.010535717010498047 0.012959003448486328 82259 0
0.010712146759033203 0.011596441268920898 84647 0
0.011224031448364258 0.013144254684448242 84832 0
0.011703014373779297 0.01221919059753418 84869 0
0.009604215621948242 0.014078617095947266 85106 0
0.010436773300170898 0.014232158660888672 84343 0
0.010819196701049805 0.01154947280883789 79773 0
0.011962890625 0.011909246444702148 84600 0
0.011103630065917969 0.01396632194519043 84635 0
0.010820388793945312 0.011705398559570312 84954 0
0.010666608810424805 0.011636018753051758 85272 0
0.01294088363647461 0.015839099884033203 85145 0
0.011605262756347656 0.011842966079711914 84037 0
0.01149606704711914 0.012421846389770508 84098 0
0.015302419662475586 0.013504743576049805 80319 0
0.010175943374633789 0.01337575912475586 83174 0
0.012047767639160156 0.012358665466308594 89288 0
0.011407136917114258 0.012793302536010742 88854 0
0.010695934295654297 0.012135505676269531 89250 0
0.010926961898803711 0.01338648796081543 89830 0
0.010636091232299805 0.012892484664916992 90208 0
0.009324073791503906 0.01400303840637207 89336 0
0.009607315063476562 0.0129852294921875 90387 0
0.01069784164428711 0.012587785720825195 88853 0
0.011310338973999023 0.011998653411865234 88405 0
0.009439706802368164 0.01265859603881836 89454 0
0.00989389419555664 0.013608932495117188 87035 0
0.01048135757446289 0.011688232421875 88211 0
0.011473894119262695 0.013157367706298828 88623 0
0.010373830795288086 0.014189720153808594 88952 0
0.011166572570800781 0.012002229690551758 90157 0
0.011968374252319336 0.012934684753417969 89735 0
0.009485006332397461 0.013041257858276367 89458 0
0.01146697998046875 0.012292861938476562 90054 0
0.010573625564575195 0.011633157730102539 90052 0
0.010475397109985352 0.014876842498779297 88499 0
0.010658025741577148 0.014597177505493164 88021 0
0.010612010955810547 0.011540651321411133 87623 0
0.010596036911010742 0.01251840591430664 87659 0
0.010967254638671875 0.011872529983520508 87139 0
0.011758804321289062 0.012657642364501953 87948 0
0.01224374771118164 0.012783288955688477 87969 0
0.01075291633605957 0.012278079986572266 87108 0
0.012382745742797852 0.01221013069152832 89228 0
0.011244773864746094 0.012573480606079102 89440 0
0.011013031005859375 0.011776924133300781 88343 0
0.010533571243286133 0.012297391891479492 88536 0
0.010927677154541016 0.01334691047668457 89355 0
0.01095890998840332 0.011665582656860352 88206 0
0.011504411697387695 0.012993097305297852 87934 0
0.011523962020874023 0.01212930679321289 87334 0
0.009562253952026367 0.012506484985351562 87620 0
0.0107574462890625 0.01298975944519043 86968 0
0.01093745231628418 0.01231074333190918 88121 0
0.010410308837890625 0.013438224792480469 89038 0
0.010562419891357422 0.012047529220581055 87173 0
0.011085987091064453 0.013261556625366211 87349 0
0.009753227233886719 0.01273965835571289 87438 0
0.010859489440917969 0.011760234832763672 87767 0
0.011240243911743164 0.012679100036621094 87003 0
0.01137685775756836 0.011768579483032227 87317 0
0.010986566543579102 0.012827873229980469 87112 0
0.01143646240234375 0.011563777923583984 86371 0
0.011273384094238281 0.012638568878173828 87315 0
0.010788440704345703 0.013071775436401367 88572 0
0.010904312133789062 0.011795520782470703 87661 0
0.012424945831298828 0.011802434921264648 88763 0
0.011279106140136719 0.013494491577148438 88756 0
0.009732246398925781 0.012650012969970703 87898 0
0.010755538940429688 0.011775493621826172 88208 0
0.014205455780029297 0.013313531875610352 87187 0
0.010589122772216797 0.011732816696166992 87075 0
0.010560989379882812 0.012017965316772461 87118 0
0.010370969772338867 0.01324319839477539 87257 0
0.01147913932800293 0.011998414993286133 88009 0
0.010848522186279297 0.012335062026977539 88276 0
0.010893821716308594 0.012528181076049805 88075 0
0.009448766708374023 0.014548540115356445 88535 0
0.011117696762084961 0.011911153793334961 88583 0
0.011539220809936523 0.012329578399658203 89281 0
0.011181831359863281 0.013405561447143555 89237 0
0.013964176177978516 0.012010335922241211 89324 0
0.010279655456542969 0.012553215026855469 89329 0
0.01163792610168457 0.012877464294433594 89935 0
0.010577917098999023 0.013864755630493164 89084 0
0.010036230087280273 0.0134124755859375 89245 0
0.010567426681518555 0.013059616088867188 88548 0
0.010129213333129883 0.012719869613647461 88539 0
0.010815620422363281 0.011556386947631836 86446 0
0.010918140411376953 0.01284337043762207 90920 0
0.0109100341796875 0.011874675750732422 90495 0
0.011679649353027344 0.011739015579223633 90473 0
0.009810686111450195 0.012645721435546875 90755 0
0.011835813522338867 0.012811660766601562 92139 0
0.011367559432983398 0.013980388641357422 91587 0
0.010026216506958008 0.013052940368652344 92362 0
0.010951757431030273 0.011499881744384766 91823 0
0.010365009307861328 0.014664649963378906 91851 0
0.010775566101074219 0.011634349822998047 84697 0
0.011788129806518555 0.013181209564208984 83338 0
0.011482477188110352 0.012286186218261719 89446 0
0.01032876968383789 0.013315677642822266 93360 0
0.011040210723876953 0.012769460678100586 87042 0
0.012460947036743164 0.01354527473449707 90180 0
0.010571479797363281 0.011690378189086914 85417 0
0.010610818862915039 0.012998819351196289 85875 0
0.01102304458618164 0.011514663696289062 86305 0
0.010978937149047852 0.01296687126159668 88523 0
0.009539604187011719 0.01415705680847168 88611 0
0.010820627212524414 0.012743473052978516 87538 0
0.00989389419555664 0.012833118438720703 89911 0
0.010962963104248047 0.013047456741333008 89409 0
0.01042318344116211 0.01277613639831543 82791 0
0.010660886764526367 0.012077808380126953 91328 0
0.010856866836547852 0.011568784713745117 89455 0
0.010341882705688477 0.012383699417114258 88256 0
0.011677026748657227 0.011864662170410156 92027 0
0.010960817337036133 0.011890411376953125 92514 0
0.01048731803894043 0.012598276138305664 84642 0
0.009975433349609375 0.012577295303344727 92503 0
0.01089167594909668 0.01293802261352539 92826 0
0.011245250701904297 0.011993646621704102 93423 0
0.010846853256225586 0.013529062271118164 92610 0
0.011636495590209961 0.019887924194335938 94006 0
0.010447502136230469 0.011778116226196289 93736 0
0.010645866394042969 0.013380289077758789 94047 0
0.011868715286254883 0.014893531799316406 92942 0
0.012174129486083984 0.012131452560424805 94196 0
0.01037740707397461 0.013466358184814453 95957 0
0.012150764465332031 0.012775659561157227 94450 0
0.009716510772705078 0.014684915542602539 93606 0
0.010988235473632812 0.013133764266967773 93594 0
0.014383077621459961 0.013847827911376953 92571 0
0.009618520736694336 0.012840032577514648 93006 0
0.00951242446899414 0.01288151741027832 92980 0
0.010853052139282227 0.012954473495483398 92220 0
0.011093616485595703 0.01176309585571289 92547 0
0.01072072982788086 0.011936187744140625 93142 0
0.010882377624511719 0.012569665908813477 93556 0
0.009706497192382812 0.014038562774658203 92200 0
0.009574174880981445 0.013934612274169922 93889 0
0.01108241081237793 0.012020111083984375 94509 0
0.010157585144042969 0.012409448623657227 86878 0
0.010720014572143555 0.011857986450195312 93490 0
0.011815309524536133 0.011863470077514648 90816 0
0.010784626007080078 0.012250661849975586 90639 0
0.011446237564086914 0.01354837417602539 93352 0
0.010477066040039062 0.011757135391235352 93599 0
0.011868476867675781 0.012201786041259766 87526 0
0.011153459548950195 0.012163400650024414 93773 0
0.010639190673828125 0.012142181396484375 92969 0
0.012210845947265625 0.012343406677246094 94353 0
0.011829137802124023 0.012148857116699219 93283 0
0.010393381118774414 0.012495279312133789 93198 0
0.011820077896118164 0.012185096740722656 93470 0
0.012064933776855469 0.014256954193115234 93766 0
0.010873794555664062 0.01189112663269043 95003 0
0.011062145233154297 0.013365983963012695 95557 0
0.011112451553344727 0.012930154800415039 94348 0
0.01128697395324707 0.014206647872924805 95629 0
0.00980687141418457 0.012756109237670898 95123 0
0.009847640991210938 0.012825727462768555 95954 0
0.011890411376953125 0.014186859130859375 94617 0
0.00996255874633789 0.012899160385131836 94484 0
0.01059722900390625 0.012195110321044922 94303 0
0.00970458984375 0.012683868408203125 93793 0
0.011898040771484375 0.012224435806274414 95153 0
0.011165618896484375 0.012248039245605469 95079 0
0.011772871017456055 0.013573646545410156 95104 0
0.010682821273803711 0.011715173721313477 92813 0
0.011719226837158203 0.013854503631591797 95640 0
0.010990619659423828 0.01195216178894043 96119 0
0.011250734329223633 0.012960433959960938 88276 0
0.010503530502319336 0.012789249420166016 95936 0
0.011468172073364258 0.012508869171142578 94975 0
0.01129293441772461 0.013762712478637695 93985 0
0.011879205703735352 0.013984441757202148 96651 0
0.010728597640991211 0.012167930603027344 96885 0
0.010478973388671875 0.01410365104675293 92616 0
0.01697397232055664 0.01406407356262207 97612 0
0.0096588134765625 0.012929677963256836 96049 0
0.011014223098754883 0.012040853500366211 96480 0
0.012575387954711914 0.014026165008544922 95249 0
0.015560388565063477 0.014026641845703125 93196 0
0.010728120803833008 0.013370990753173828 92847 0
0.009994029998779297 0.013585329055786133 92411 0
0.011011600494384766 0.012956857681274414 91956 0
0.011114835739135742 0.013094663619995117 92491 0
0.011062145233154297 0.012283802032470703 91633 0
0.009900331497192383 0.013719320297241211 92215 0
0.010432243347167969 0.013031005859375 91475 0
0.010820388793945312 0.011720418930053711 90517 0
0.010592460632324219 0.011797904968261719 90125 0
0.010406494140625 0.012475013732910156 89646 0
0.010967254638671875 0.011611700057983398 91806 0
0.010592222213745117 0.013891220092773438 91599 0
0.0115814208984375 0.011661291122436523 91969 0
0.011842012405395508 0.014737129211425781 90736 0
0.010999917984008789 0.011719226837158203 89923 0
0.010447978973388672 0.013662099838256836 90627 0
0.011550426483154297 0.01223611831665039 90832 0
0.010480880737304688 0.01227569580078125 90044 0
0.011729001998901367 0.01427149772644043 90240 0
0.011180877685546875 0.013953685760498047 88950 0
0.011204957962036133 0.013562202453613281 90053 0
0.01129770278930664 0.014060020446777344 89409 0
0.010827779769897461 0.012895822525024414 90943 0
0.01027679443359375 0.013414144515991211 90228 0
0.010861873626708984 0.012230157852172852 90943 0
0.011754512786865234 0.012089967727661133 89814 0
0.010750293731689453 0.012192726135253906 90909 0
0.01116800308227539 0.013094186782836914 91017 0
