0.4510798454284668 0.18129968643188477 17540 0
0.4743185043334961 0.15444016456604004 17386 0
0.47685837745666504 0.12604403495788574 18397 0
0.4847562313079834 0.1765730381011963 17699 0
0.47358036041259766 0.13440394401550293 18513 0
0.49117469787597656 0.16984796524047852 19707 0
0.4954671859741211 0.16251707077026367 19404 0
0.44506287574768066 0.1429126262664795 19102 0
0.49595117568969727 0.12461686134338379 18729 0
0.5212719440460205 0.13561654090881348 19254 0
0.4950854778289795 0.16532349586486816 17890 0
0.49281740188598633 0.2035846710205078 17423 0
0.48630189895629883 0.14233899116516113 18870 0
0.47231531143188477 0.15536022186279297 18061 0
0.47084522247314453 0.1996746063232422 13818 0
0.5108108520507812 0.1803584098815918 17981 0
0.5007607936859131 0.17519927024841309 17033 0
0.4578738212585449 0.1968247890472412 16513 0
0.4849283695220947 0.1449441909790039 15741 0
0.513176679611206 0.14148783683776855 17109 0
0.49810051918029785 0.13118958473205566 17124 0
0.4821741580963135 0.14135384559631348 16091 0
0.5036213397979736 0.14261317253112793 17636 0
0.4965813159942627 0.1699068546295166 18582 0
0.49413442611694336 0.14937973022460938 18535 0
0.49465298652648926 0.1385805606842041 17986 0
0.4901423454284668 0.14408493041992188 16086 0
0.47732090950012207 0.15323162078857422 17681 0
0.47397661209106445 0.18451714515686035 18154 0
0.49941587448120117 0.13610529899597168 16604 0
0.4823184013366699 0.1962890625 17925 0
0.5098991394042969 0.18709778785705566 18292 0
0.48195576667785645 0.21651983261108398 17396 0
0.509544849395752 0.1334214210510254 17713 0
0.5079083442687988 0.13484740257263184 16444 0
0.47823023796081543 0.2078399658203125 19240 0
0.5016803741455078 0.1292567253112793 20736 0
0.4470198154449463 0.1891920566558838 19360 0
0.49672555923461914 0.13993144035339355 20092 0
0.4925992488861084 0.14588165283203125 18450 0
0.4908566474914551 0.1851811408996582 16713 0
0.49297189712524414 0.190443754196167 17216 0
0.4918806552886963 0.17817234992980957 19195 0
0.48747944831848145 0.15472769737243652 18924 0
0.46677303314208984 0.13918852806091309 15590 0
0.5146543979644775 0.13315486907958984 18409 0
0.50608229637146 0.1717543601989746 19067 0
0.5060520172119141 0.14208340644836426 18034 0
0.4899287223815918 0.15218639373779297 19155 0
0.48532652854919434 0.1251811981201172 18510 0
0.5129227638244629 0.1876988410949707 18582 0
0.47899627685546875 0.16078901290893555 18848 0
0.5019164085388184 0.17936468124389648 18859 0
0.5051205158233643 0.21399402618408203 18926 0
0.516709566116333 0.15412688255310059 19367 0
0.47676706314086914 0.15291547775268555 18921 0
0.4994986057281494 0.14099454879760742 19074 0
0.4880180358886719 0.18169260025024414 19685 0
0.48560142517089844 0.2089252471923828 19671 0
0.4985826015472412 0.1664133071899414 19531 0
0.4799952507019043 0.17083501815795898 18199 0
0.49007725715637207 0.2020566463470459 18572 0
0.4950747489929199 0.1836836338043213 18512 0
0.4902522563934326 0.1914377212524414 18219 0
0.4766845703125 0.19125032424926758 17278 0
0.5096087455749512 0.19085979461669922 18246 0
0.4851875305175781 0.20438098907470703 18603 0
0.48113155364990234 0.1918015480041504 18726 0
0.4901902675628662 0.14670681953430176 18194 0
0.49024033546447754 0.14632344245910645 18199 0
0.46532487869262695 0.1349024772644043 17573 0
0.4685964584350586 0.1363065242767334 17040 0
0.4994547367095947 0.18459844589233398 18080 0
0.4882802963256836 0.12880587577819824 17370 0
0.49596214294433594 0.14011311531066895 13633 0
0.4919140338897705 0.1261909008026123 18045 0
0.46571946144104004 0.152479887008667 17363 0
0.5058813095092773 0.1590731143951416 16628 0
0.4971597194671631 0.15489530563354492 17689 0
0.47228050231933594 0.1487255096435547 17010 0
0.4827139377593994 0.13740134239196777 17859 0
0.4888932704925537 0.1671290397644043 18579 0
0.47305798530578613 0.16678261756896973 17879 0
0.49769020080566406 0.16863179206848145 17712 0
0.4864771366119385 0.17447400093078613 19034 0
0.4918825626373291 0.20631742477416992 19027 0
0.5248634815216064 0.19405221939086914 17159 0
0.5082893371582031 0.13125181198120117 18719 0
0.4971280097961426 0.15354514122009277 18394 0
0.49796223640441895 0.1367788314819336 19314 0
0.4870750904083252 0.22803997993469238 18480 0
0.4869523048400879 0.13676118850708008 18565 0
0.492948055267334 0.12943673133850098 18655 0
0.4686253070831299 0.1680755615234375 17496 0
0.4939393997192383 0.1382920742034912 18476 0
0.4782736301422119 0.20918893814086914 18413 0
0.4951186180114746 0.148118257522583 14112 0
0.4745917320251465 0.14355039596557617 18702 0
0.479830265045166 0.13683342933654785 18421 0
0.48793983459472656 0.16705703735351562 17099 0
0.48476076126098633 0.206007719039917 18038 0
0.4651784896850586 0.1474156379699707 17841 0
0.4888777732849121 0.19575834274291992 18302 0
0.4883453845977783 0.140594482421875 19319 0
0.4783501625061035 0.17015409469604492 19150 0
0.49794626235961914 0.15748071670532227 18999 0
0.4932279586791992 0.1437215805053711 19483 0
0.5051264762878418 0.18818378448486328 19872 0
0.47899627685546875 0.1774308681488037 20124 0
0.4800684452056885 0.19749832153320312 19599 0
0.47236061096191406 0.14598608016967773 18952 0
0.4790637493133545 0.20069026947021484 19039 0
0.500967264175415 0.1804485321044922 19690 0
0.5023965835571289 0.14219331741333008 19711 0
0.5185835361480713 0.12806367874145508 18429 0
0.4892888069152832 0.18025612831115723 19252 0
0.49192094802856445 0.1421058177947998 16497 0
0.49680328369140625 0.12604093551635742 19751 0
0.503669023513794 0.19330668449401855 19174 0
0.484891414642334 0.15643310546875 19155 0
0.49715638160705566 0.13201355934143066 18377 0
0.47794055938720703 0.1706399917602539 18954 0
0.5205104351043701 0.16695284843444824 18574 0
0.5190632343292236 0.12472033500671387 17578 0
0.491497278213501 0.13901591300964355 18451 0
0.48392462730407715 0.18662333488464355 18716 0
0.47043371200561523 0.2034015655517578 14364 0
0.5021591186523438 0.19109559059143066 17824 0
0.4826967716217041 0.12661409378051758 14967 0
0.4695148468017578 0.13039398193359375 15838 0
0.4855945110321045 0.126572847366333 16832 0
0.49277615547180176 0.15145421028137207 16232 0
0.4592459201812744 0.17158770561218262 16022 0
0.4772646427154541 0.1286144256591797 17686 0
0.48903775215148926 0.14461946487426758 17842 0
0.4772491455078125 0.21766424179077148 18530 0
0.5157201290130615 0.16767406463623047 18415 0
0.45657896995544434 0.1811964511871338 18142 0
0.49015378952026367 0.1759960651397705 17746 0
0.4974234104156494 0.13190460205078125 18183 0
0.4846639633178711 0.14228391647338867 19036 0
0.48828673362731934 0.15633368492126465 18825 0
0.5174384117126465 0.15105438232421875 18404 0
0.49155497550964355 0.14879155158996582 18292 0
0.48105430603027344 0.13404560089111328 18422 0
0.4710366725921631 0.1462244987487793 19814 0
0.496229887008667 0.18404054641723633 19117 0
0.4759829044342041 0.1459043025970459 18678 0
0.48215699195861816 0.16721558570861816 17567 0
0.48793578147888184 0.14978551864624023 17504 0
0.502415657043457 0.1335606575012207 19213 0
0.45925307273864746 0.12573766708374023 21048 0
0.47739553451538086 0.1543724536895752 19828 0
0.4680953025817871 0.13658881187438965 19831 0
0.4888591766357422 0.12909889221191406 19810 0
0.47731614112854004 0.1971302032470703 19012 0
0.4896881580352783 0.20425987243652344 14554 0
0.48799681663513184 0.14136099815368652 17763 0
0.4917628765106201 0.13788795471191406 18300 0
0.47771334648132324 0.19764304161071777 16283 0
0.47443103790283203 0.16794848442077637 15992 0
0.4686429500579834 0.1274118423461914 15942 0
0.4824249744415283 0.2018435001373291 16499 0
0.4792449474334717 0.15145206451416016 16208 0
0.45662546157836914 0.1316988468170166 17678 0
0.49892473220825195 0.15201234817504883 16782 0
0.4842555522918701 0.16171860694885254 16852 0
0.47819089889526367 0.1316227912902832 18119 0
0.4928247928619385 0.1480393409729004 17554 0
0.5137150287628174 0.17484331130981445 19538 0
0.4913365840911865 0.13657379150390625 17136 0
0.49279069900512695 0.17499494552612305 18939 0
0.4979403018951416 0.18811702728271484 18760 0
0.5061800479888916 0.15539836883544922 19254 0
0.49945735931396484 0.14885377883911133 18916 0
0.5017824172973633 0.13321590423583984 19182 0
0.503331184387207 0.16234350204467773 17176 0
0.5043208599090576 0.1399848461151123 19071 0
0.4928009510040283 0.13852643966674805 20058 0
0.47596025466918945 0.1281909942626953 19463 0
0.5099866390228271 0.12236762046813965 19164 0
0.48715829849243164 0.1826181411743164 18551 0
0.47940921783447266 0.17035770416259766 18711 0
0.48201537132263184 0.1510920524597168 17862 0
0.48885464668273926 0.17907381057739258 18708 0
0.5043003559112549 0.14606428146362305 18758 0
0.4856717586517334 0.14693331718444824 14172 0
0.48780083656311035 0.14613795280456543 18776 0
0.5160560607910156 0.14806151390075684 19170 0
0.49848341941833496 0.15375876426696777 17741 0
0.49516725540161133 0.16508817672729492 18132 0
0.505927562713623 0.12505578994750977 18465 0
0.46671271324157715 0.20415687561035156 18792 0
0.46386265754699707 0.18379783630371094 19196 0
0.47705602645874023 0.13752961158752441 18814 0
0.46497011184692383 0.13006305694580078 18539 0
0.47792673110961914 0.16128015518188477 18858 0
0.4893488883972168 0.1213836669921875 18545 0
0.5219688415527344 0.18840909004211426 19057 0
0.48542284965515137 0.19718718528747559 18944 0
0.4947817325592041 0.13553118705749512 18821 0
0.49227261543273926 0.21394681930541992 15923 0
0.469618558883667 0.1413872241973877 14687 0
0.4984002113342285 0.1385045051574707 15468 0
0.49285221099853516 0.14413762092590332 14815 0
0.5041358470916748 0.13943052291870117 16130 0
0.4710550308227539 0.13486599922180176 15395 0
0.487088680267334 0.1627669334411621 15769 0
0.4825105667114258 0.18104791641235352 16422 0
0.47682881355285645 0.15373754501342773 16182 0
0.466080904006958 0.14809179306030273 15710 0
0.49105262756347656 0.1398317813873291 16527 0
0.49857211112976074 0.14602875709533691 15849 0
0.4918861389160156 0.1496286392211914 15588 0
0.5067172050476074 0.14804530143737793 15338 0
0.5013871192932129 0.15617632865905762 14892 0
0.4702150821685791 0.16609811782836914 15203 0
0.49761176109313965 0.13078570365905762 13631 0
0.47733163833618164 0.14084672927856445 15244 0
0.49779748916625977 0.2115330696105957 15806 0
0.47805142402648926 0.1327972412109375 15864 0
0.49159789085388184 0.14229965209960938 15816 0
0.478839635848999 0.1918327808380127 16115 0
0.4809880256652832 0.19320106506347656 15713 0
0.48273301124572754 0.14846587181091309 15669 0
0.47649335861206055 0.1351487636566162 15714 0
0.4981107711791992 0.15648603439331055 15485 0
0.49664735794067383 0.1320807933807373 15616 0
0.46184730529785156 0.13330960273742676 15399 0
0.4751718044281006 0.15333867073059082 15778 0
0.4839484691619873 0.14988923072814941 16389 0
0.48125576972961426 0.15233421325683594 15257 0
0.44057273864746094 0.14272165298461914 15188 0
0.44585514068603516 0.13353872299194336 15242 0
0.48705172538757324 0.16080594062805176 16148 0
0.4886138439178467 0.14190292358398438 15743 0
0.4758272171020508 0.1532588005065918 15488 0
0.45174407958984375 0.1647794246673584 15615 0
0.4729950428009033 0.1442430019378662 15642 0
0.4884676933288574 0.1434335708618164 15428 0
0.47733616828918457 0.19143199920654297 15213 0
0.5077879428863525 0.12677478790283203 15241 0
0.48590564727783203 0.1213371753692627 16294 0
0.48917508125305176 0.1345536708831787 15416 0
0.4915919303894043 0.13770675659179688 15676 0
0.485734224319458 0.1363813877105713 15582 0
0.4731709957122803 0.2111070156097412 15161 0
0.468825101852417 0.17732644081115723 13924 0
0.504422664642334 0.21715641021728516 15356 0
0.5091137886047363 0.13492274284362793 15370 0
0.4804263114929199 0.18889141082763672 15495 0
0.4548487663269043 0.16991615295410156 15432 0
0.49599552154541016 0.19669103622436523 15423 0
0.4866788387298584 0.14592456817626953 15610 0
0.46436190605163574 0.14775943756103516 15944 0
0.4720652103424072 0.13797855377197266 15641 0
0.4813573360443115 0.14753055572509766 15568 0
0.4944605827331543 0.15645861625671387 15098 0
0.4776129722595215 0.19685626029968262 14988 0
0.5038290023803711 0.19997787475585938 15111 0
0.4998955726623535 0.15298938751220703 15371 0
0.4929826259613037 0.14312744140625 15355 0
0.4976189136505127 0.16036009788513184 15701 0
0.46428442001342773 0.13429665565490723 15549 0
0.4830741882324219 0.13875770568847656 15555 0
0.47106480598449707 0.1936511993408203 15517 0
0.4726543426513672 0.18607044219970703 15776 0
0.5057384967803955 0.13430309295654297 15849 0
0.48030567169189453 0.14775586128234863 15822 0
0.4833700656890869 0.21074223518371582 16009 0
0.508354663848877 0.12149572372436523 15715 0
0.4686872959136963 0.12809181213378906 15784 0
0.5025413036346436 0.13783049583435059 16052 0
0.4863147735595703 0.1780567169189453 17601 0
0.5163145065307617 0.13916993141174316 17716 0
0.4825923442840576 0.1649761199951172 16028 0
0.47473645210266113 0.1411571502685547 19510 0
0.4676666259765625 0.14519214630126953 18079 0
0.4774792194366455 0.13480162620544434 19499 0
0.49738502502441406 0.13135457038879395 18596 0
0.49758481979370117 0.13615131378173828 17602 0
0.478271484375 0.1746501922607422 18079 0
0.489743709564209 0.20603513717651367 18604 0
0.49312853813171387 0.149000883102417 18205 0
0.48656606674194336 0.17465615272521973 17685 0
0.4856245517730713 0.12262988090515137 17494 0
0.4789292812347412 0.14161896705627441 16317 0
0.4730715751647949 0.1530623435974121 16436 0
0.4851243495941162 0.1375439167022705 15047 0
0.46283531188964844 0.18307852745056152 15811 0
0.46667933464050293 0.16391873359680176 16229 0
0.45641183853149414 0.1757645606994629 15225 0
0.48163795471191406 0.13538360595703125 15796 0
0.4759690761566162 0.13037633895874023 16371 0
0.4827725887298584 0.13384437561035156 15665 0
0.47403573989868164 0.14547395706176758 16091 0
0.4782845973968506 0.13563919067382812 15567 0
0.48703598976135254 0.14695954322814941 15934 0
0.463367223739624 0.20229649543762207 16291 0
0.4881563186645508 0.13231706619262695 13079 0
0.4901447296142578 0.18853116035461426 16585 0
0.4843292236328125 0.14130520820617676 16371 0
0.5073661804199219 0.17121529579162598 16000 0
0.4573822021484375 0.14216089248657227 16729 0
0.510657548904419 0.18436861038208008 16536 0
0.47370338439941406 0.1872105598449707 16242 0
0.4799644947052002 0.17260050773620605 16538 0
0.48682093620300293 0.1319739818572998 16055 0
0.4762406349182129 0.14043402671813965 15765 0
0.49950385093688965 0.17678236961364746 15519 0
0.47771120071411133 0.17535161972045898 15541 0
0.4858896732330322 0.12943220138549805 15608 0
0.46074628829956055 0.15589094161987305 15842 0
0.46122193336486816 0.17250442504882812 16435 0
0.4868743419647217 0.14304232597351074 15931 0
0.5017542839050293 0.13042521476745605 16029 0
0.4799494743347168 0.1409893035888672 16262 0
0.4860200881958008 0.19835352897644043 15856 0
0.4540853500366211 0.14738893508911133 15851 0
0.481874942779541 0.13600468635559082 15987 0
0.47745227813720703 0.20193958282470703 15760 0
0.5078625679016113 0.17705273628234863 15743 0
0.4502687454223633 0.13589239120483398 15590 0
0.49460506439208984 0.13686132431030273 16149 0
0.5074443817138672 0.19398045539855957 15837 0
0.48145318031311035 0.16686677932739258 15600 0
0.4795260429382324 0.14947271347045898 15449 0
0.48700618743896484 0.12652158737182617 16208 0
0.491070032119751 0.14452815055847168 15657 0
0.48531675338745117 0.21174144744873047 12595 0
0.46500062942504883 0.19487428665161133 15772 0
0.4692404270172119 0.146956205368042 16340 0
0.46935534477233887 0.16715121269226074 15319 0
0.4835672378540039 0.1374354362487793 16384 0
0.46295166015625 0.1415855884552002 17731 0
0.5022013187408447 0.14418721199035645 16102 0
0.4937405586242676 0.1276090145111084 16939 0
0.4968411922454834 0.13806819915771484 16279 0
0.48319101333618164 0.14151597023010254 16177 0
0.519683837890625 0.15889286994934082 16061 0
0.5081052780151367 0.1635439395904541 15895 0
0.5010116100311279 0.12605595588684082 16402 0
0.4987812042236328 0.1837472915649414 15963 0
0.48563075065612793 0.13343071937561035 16003 0
0.4841012954711914 0.13621234893798828 15789 0
0.48096776008605957 0.13937044143676758 16190 0
0.47833967208862305 0.18027186393737793 16738 0
0.49768900871276855 0.1552295684814453 16224 0
0.4891071319580078 0.15324735641479492 16216 0
0.4792211055755615 0.14133048057556152 15983 0
0.4744293689727783 0.16739749908447266 15398 0
0.48005223274230957 0.12235522270202637 15875 0
0.47736477851867676 0.21280503273010254 15713 0
0.473923921585083 0.20400214195251465 16343 0
0.47501492500305176 0.1601274013519287 16314 0
0.4168422222137451 0.125016450881958 15651 0
0.4662463665008545 0.12950515747070312 15186 0
0.5020270347595215 0.1973400115966797 16463 0
0.5040841102600098 0.14359831809997559 16014 0
0.47162580490112305 0.20053672790527344 12578 0
0.4655776023864746 0.13562536239624023 15414 0
0.5015132427215576 0.15921807289123535 15795 0
0.500880241394043 0.1493067741394043 14919 0
0.5327985286712646 0.1970961093902588 16171 0
0.4849565029144287 0.1855931282043457 16305 0
0.47225141525268555 0.2055675983428955 13761 0
0.47436022758483887 0.2288522720336914 12000 0
0.5037031173706055 0.16625618934631348 15867 0
0.49411964416503906 0.13439321517944336 15850 0
0.5108075141906738 0.13921093940734863 16915 0
0.4869105815887451 0.1526322364807129 16832 0
0.4871196746826172 0.16396617889404297 16217 0
0.4915440082550049 0.15329241752624512 16965 0
0.4639110565185547 0.140916109085083 16715 0
0.49423837661743164 0.1564772129058838 15922 0
0.4798569679260254 0.14341259002685547 12932 0
0.4768483638763428 0.1787867546081543 12672 0
0.5002827644348145 0.1788315773010254 16419 0
0.503892183303833 0.1888105869293213 16691 0
0.4838752746582031 0.19755887985229492 15743 0
0.48255062103271484 0.14026927947998047 16220 0
0.46407079696655273 0.18585824966430664 16148 0
0.48142075538635254 0.13980841636657715 15972 0
0.47562503814697266 0.19388270378112793 16704 0
0.4483025074005127 0.18217086791992188 16729 0
0.4624638557434082 0.15320086479187012 16556 0
0.47922277450561523 0.1886587142944336 15746 0
0.49857544898986816 0.14739370346069336 16608 0
0.47534799575805664 0.14566349983215332 16475 0
0.48223233222961426 0.13967084884643555 14326 0
0.4979233741760254 0.1704425811767578 16507 0
0.48276853561401367 0.1365818977355957 16609 0
0.4749624729156494 0.14477992057800293 16129 0
0.47501611709594727 0.17290115356445312 16385 0
0.5007667541503906 0.16913151741027832 16376 0
0.4767599105834961 0.1401667594909668 16410 0
0.4866030216217041 0.13673925399780273 15847 0
0.48609042167663574 0.18642830848693848 16472 0
0.515737771987915 0.12554311752319336 16151 0
0.5050241947174072 0.16036152839660645 15964 0
0.494722843170166 0.13883686065673828 16442 0
0.4852151870727539 0.12086105346679688 15722 0
0.4791140556335449 0.1579744815826416 16468 0
0.5017867088317871 0.14644908905029297 16329 0
0.4925084114074707 0.14999914169311523 16944 0
0.4844326972961426 0.14035964012145996 16927 0
0.47896695137023926 0.18706369400024414 15880 0
0.4975295066833496 0.14717721939086914 15442 0
0.48368215560913086 0.12851977348327637 16160 0
0.5040109157562256 0.17594242095947266 15780 0
0.4907560348510742 0.12772369384765625 12976 0
0.4918851852416992 0.18138766288757324 15476 0
0.47681760787963867 0.1664113998413086 15615 0
0.46460819244384766 0.14129114151000977 15563 0
0.4747135639190674 0.16176652908325195 15285 0
0.48273396492004395 0.14228510856628418 15574 0
0.4588735103607178 0.1368098258972168 15287 0
0.47618579864501953 0.12981867790222168 15818 0
0.4688291549682617 0.14806127548217773 15933 0
0.4743788242340088 0.15777802467346191 15750 0
0.4839169979095459 0.14401555061340332 16360 0
0.48987460136413574 0.19299721717834473 16236 0
0.48391079902648926 0.15185999870300293 15751 0
0.47950053215026855 0.13134360313415527 16545 0
0.4926450252532959 0.15612101554870605 15623 0
0.482161283493042 0.13094258308410645 15982 0
0.46076130867004395 0.13332557678222656 15864 0
0.47106337547302246 0.1754310131072998 15728 0
0.4884939193725586 0.14236974716186523 15361 0
0.48534512519836426 0.16865205764770508 15867 0
0.4867823123931885 0.15000677108764648 15931 0
0.483165979385376 0.15011024475097656 16662 0
0.5167117118835449 0.18594717979431152 16641 0
0.49652647972106934 0.1576392650604248 15856 0
0.4742128849029541 0.20621156692504883 16129 0
0.4719276428222656 0.1958296298980713 15964 0
0.48935437202453613 0.14771533012390137 15763 0
0.4638969898223877 0.19006133079528809 14917 0
0.5046737194061279 0.14900588989257812 15808 0
0.47801971435546875 0.13712644577026367 15988 0
0.48500561714172363 0.1817638874053955 12874 0
0.48041868209838867 0.13355326652526855 15559 0
0.494290828704834 0.15100717544555664 16164 0
0.49369382858276367 0.1272563934326172 15826 0
0.4578390121459961 0.14661073684692383 16491 0
0.4511847496032715 0.16359615325927734 16284 0
0.485060453414917 0.1314384937286377 16407 0
0.48184633255004883 0.1974341869354248 15855 0
0.49349117279052734 0.14162397384643555 15510 0
0.44293737411499023 0.14770221710205078 16200 0
0.48798537254333496 0.1396636962890625 15687 0
0.4786949157714844 0.13881897926330566 15790 0
0.4615345001220703 0.15220332145690918 15646 0
0.5023808479309082 0.14481902122497559 16054 0
0.4844367504119873 0.15829086303710938 15246 0
0.4631190299987793 0.14125442504882812 15755 0
0.48025965690612793 0.21095561981201172 15257 0
0.47145533561706543 0.1945183277130127 16377 0
0.5109167098999023 0.12883400917053223 15823 0
0.4725353717803955 0.13624072074890137 16189 0
0.5034365653991699 0.15149998664855957 15870 0
0.5067305564880371 0.17815232276916504 16413 0
0.48766231536865234 0.16623425483703613 16228 0
0.47710275650024414 0.18617820739746094 15438 0
0.48219943046569824 0.13698911666870117 15736 0
0.47988390922546387 0.13716459274291992 15739 0
0.47972893714904785 0.17538142204284668 15856 0
0.49966931343078613 0.15293359756469727 15129 0
0.4859282970428467 0.1366264820098877 16177 0
0.4919750690460205 0.1317579746246338 15303 0
0.4442436695098877 0.2052781581878662 12382 0
0.483640193939209 0.13814711570739746 15110 0
0.5071072578430176 0.1471233367919922 15634 0
0.4652717113494873 0.17487072944641113 15103 0
0.46599411964416504 0.15888428688049316 15799 0
0.4687502384185791 0.14520978927612305 15804 0
0.46570825576782227 0.14166593551635742 16470 0
0.4710965156555176 0.19736146926879883 15894 0
0.4904594421386719 0.13175177574157715 15641 0
0.4773874282836914 0.16094255447387695 15708 0
0.5068752765655518 0.1343250274658203 15384 0
0.4842252731323242 0.1797771453857422 15840 0
0.47252321243286133 0.13542413711547852 15930 0
0.4669947624206543 0.13434052467346191 15290 0
0.44168710708618164 0.14441609382629395 15792 0
0.5021231174468994 0.1450493335723877 15931 0
0.5015068054199219 0.13573145866394043 15211 0
0.5007503032684326 0.19094133377075195 15067 0
0.4809746742248535 0.20252633094787598 14643 0
0.5017538070678711 0.1434173583984375 15516 0
0.4739370346069336 0.15491604804992676 15336 0
0.47187042236328125 0.16365504264831543 15786 0
0.44251060485839844 0.16321516036987305 15679 0
0.4954698085784912 0.14602088928222656 16068 0
0.4821164608001709 0.17341065406799316 16158 0
0.5025639533996582 0.143035888671875 16754 0
0.4848966598510742 0.15553998947143555 15445 0
0.4718599319458008 0.20023703575134277 14259 0
0.49778056144714355 0.14009714126586914 15247 0
0.4897761344909668 0.13878464698791504 14591 0
0.4695312976837158 0.1381547451019287 11762 0
0.48064541816711426 0.14605259895324707 14951 0
0.5079903602600098 0.19542503356933594 15333 0
0.4724769592285156 0.1877298355102539 14657 0
0.47223615646362305 0.2079319953918457 14356 0
0.48519206047058105 0.12499284744262695 14717 0
0.45716071128845215 0.15967893600463867 15023 0
0.46029162406921387 0.13848638534545898 15489 0
0.468153715133667 0.14829111099243164 15009 0
0.4656643867492676 0.16740036010742188 15118 0
0.49020862579345703 0.14033961296081543 14687 0
0.48420047760009766 0.19051861763000488 14315 0
0.3856923580169678 0.15007352828979492 14466 0
0.4659910202026367 0.13775944709777832 14162 0
0.4772350788116455 0.17728090286254883 14433 0
0.47622156143188477 0.15123963356018066 14444 0
0.42156291007995605 0.1695084571838379 14819 0
0.466808557510376 0.16850948333740234 15549 0
0.47324275970458984 0.15278172492980957 15685 0
0.47637128829956055 0.16044259071350098 15540 0
0.4850609302520752 0.18873381614685059 15184 0
0.5006091594696045 0.2007286548614502 15407 0
0.47794532775878906 0.1177365779876709 14959 0
0.47310495376586914 0.16713571548461914 14723 0
0.4554100036621094 0.16346168518066406 14773 0
0.4686720371246338 0.19825267791748047 14939 0
0.5011842250823975 0.15492796897888184 15169 0
0.4785423278808594 0.14115405082702637 13890 0
0.4916257858276367 0.16106247901916504 15396 0
0.47752881050109863 0.19077348709106445 14960 0
0.4845240116119385 0.12952542304992676 12243 0
0.47779083251953125 0.20732593536376953 14618 0
0.49971795082092285 0.21103930473327637 15813 0
0.5424728393554688 0.15787005424499512 14921 0
0.4810009002685547 0.20761919021606445 14421 0
0.5058412551879883 0.18047714233398438 15271 0
0.46706104278564453 0.20796799659729004 14802 0
0.5344312191009521 0.16361355781555176 14404 0
0.4683420658111572 0.13689303398132324 15769 0
0.4681272506713867 0.1438279151916504 15062 0
0.4703207015991211 0.1845686435699463 11950 0
0.4679088592529297 0.16140127182006836 15096 0
0.4867382049560547 0.14969587326049805 15490 0
0.4760713577270508 0.20265841484069824 16002 0
0.46427392959594727 0.1758420467376709 15110 0
0.4836602210998535 0.1430211067199707 15754 0
0.47162866592407227 0.1719958782196045 15801 0
0.47393345832824707 0.15571236610412598 16515 0
0.47590160369873047 0.1709301471710205 16102 0
0.48163795471191406 0.14601516723632812 15601 0
0.4788997173309326 0.14602088928222656 15584 0
0.48625802993774414 0.16228866577148438 16073 0
0.4921236038208008 0.15093445777893066 16271 0
0.48560070991516113 0.12938714027404785 16109 0
0.5042059421539307 0.14368867874145508 16001 0
0.4974393844604492 0.17400002479553223 15706 0
0.47542762756347656 0.13552522659301758 14171 0
0.4764702320098877 0.15990662574768066 14941 0
0.4756498336791992 0.17195701599121094 15645 0
0.4612760543823242 0.17582178115844727 15674 0
0.46820735931396484 0.1358509063720703 15580 0
0.47780418395996094 0.13745903968811035 16258 0
0.4482996463775635 0.14510440826416016 15315 0
0.4685392379760742 0.13753557205200195 15451 0
0.4724922180175781 0.14479565620422363 15432 0
0.4870927333831787 0.17567014694213867 15156 0
0.47411584854125977 0.17621397972106934 15116 0
0.4663519859313965 0.14910435676574707 14534 0
0.46825551986694336 0.18740153312683105 15596 0
0.49532151222229004 0.13885927200317383 15498 0
0.4784975051879883 0.13044261932373047 15966 0
0.4731886386871338 0.21876049041748047 15118 0
0.4993577003479004 0.17127156257629395 15656 0
0.4904062747955322 0.14305925369262695 15220 0
0.48154354095458984 0.139984130859375 15122 0
0.48415565490722656 0.14954471588134766 15495 0
0.4776184558868408 0.13513946533203125 14224 0
0.5106127262115479 0.16679954528808594 15695 0
0.49953699111938477 0.14513754844665527 15482 0
0.4690370559692383 0.19603967666625977 11624 0
0.46155452728271484 0.1401653289794922 15214 0
0.48213982582092285 0.20157074928283691 15254 0
0.48577880859375 0.13052821159362793 15123 0
0.49157023429870605 0.191575288772583 14748 0
0.4780080318450928 0.15947866439819336 14671 0
0.4638667106628418 0.14134430885314941 16046 0
0.47792553901672363 0.20190811157226562 15907 0
0.49393248558044434 0.19363856315612793 16570 0
0.46498680114746094 0.2051842212677002 16048 0
0.48030781745910645 0.15050411224365234 15406 0
0.48710179328918457 0.14550423622131348 15820 0
0.4905083179473877 0.14925289154052734 15735 0
0.4923899173736572 0.16094660758972168 15750 0
0.49168896675109863 0.18834495544433594 15591 0
0.4540255069732666 0.13438010215759277 15421 0
0.5002210140228271 0.13761305809020996 15290 0
0.473416805267334 0.1422412395477295 16681 0
0.4712333679199219 0.1903061866760254 16039 0
0.4703056812286377 0.13870692253112793 15225 0
0.4867870807647705 0.19507694244384766 16332 0
0.48856353759765625 0.12861013412475586 15209 0
0.48991847038269043 0.15018391609191895 15432 0
0.4807612895965576 0.1338956356048584 14886 0
0.497053861618042 0.1417839527130127 15539 0
0.44961047172546387 0.13461995124816895 16584 0
0.48329949378967285 0.14445900917053223 17836 0
0.5184881687164307 0.1614537239074707 18359 0
0.5061831474304199 0.1559619903564453 18095 0
0.4564197063446045 0.16405820846557617 18117 0
0.4854471683502197 0.16722869873046875 18080 0
0.5006182193756104 0.12428402900695801 18225 0
0.47791576385498047 0.1689305305480957 18372 0
0.4978642463684082 0.16829776763916016 19093 0
0.49593424797058105 0.14158320426940918 18845 0
0.4947636127471924 0.2058391571044922 17639 0
0.5012564659118652 0.14197111129760742 19354 0
0.49817967414855957 0.18825435638427734 17860 0
0.49626755714416504 0.1578214168548584 18309 0
0.4950737953186035 0.14186930656433105 18751 0
0.4859583377838135 0.12497162818908691 17848 0
0.5322110652923584 0.1626896858215332 18455 0
0.47098231315612793 0.16490626335144043 18249 0
0.5280873775482178 0.1995995044708252 15865 0
0.49945712089538574 0.15179705619812012 17894 0
0.49568629264831543 0.1460115909576416 17979 0
0.5055406093597412 0.16237354278564453 18073 0
0.4907877445220947 0.14752650260925293 18848 0
0.48583507537841797 0.22192740440368652 18874 0
0.4874081611633301 0.1383960247039795 18552 0
0.4918546676635742 0.13316583633422852 18436 0
0.5028688907623291 0.20971059799194336 18842 0
0.5015125274658203 0.16449880599975586 18451 0
0.5000729560852051 0.18874335289001465 15014 0
0.48252248764038086 0.14264345169067383 18276 0
0.4867134094238281 0.21696233749389648 17924 0
0.47510528564453125 0.15651917457580566 18712 0
0.4886472225189209 0.14678311347961426 18682 0
0.5049440860748291 0.18065619468688965 18646 0
0.5012788772583008 0.12856769561767578 19342 0
0.49530839920043945 0.1224069595336914 19169 0
0.4887998104095459 0.12541913986206055 18964 0
0.4821028709411621 0.13135361671447754 19151 0
0.4905533790588379 0.19413423538208008 17530 0
0.4851105213165283 0.18501687049865723 18687 0
0.47898197174072266 0.1307694911956787 19032 0
0.48989200592041016 0.1647963523864746 18324 0
0.506873607635498 0.17413806915283203 18810 0
0.48187875747680664 0.19221854209899902 18023 0
0.5149152278900146 0.13531136512756348 18238 0
0.48340821266174316 0.14222121238708496 17963 0
0.5397799015045166 0.14306211471557617 18245 0
0.4942023754119873 0.1779036521911621 18797 0
0.4979898929595947 0.16550111770629883 16089 0
0.4895308017730713 0.14985895156860352 18525 0
0.49733424186706543 0.190476655960083 19478 0
0.5076003074645996 0.14983677864074707 19488 0
0.5167500972747803 0.17206835746765137 18696 0
0.5083589553833008 0.1326758861541748 18157 0
0.5154485702514648 0.1858067512512207 18082 0
0.48773956298828125 0.13196039199829102 16819 0
0.4789125919342041 0.1384432315826416 18377 0
0.48958373069763184 0.15093207359313965 19153 0
0.4619784355163574 0.13406777381896973 14415 0
0.4798243045806885 0.20505118370056152 18689 0
0.4998281002044678 0.14218664169311523 17701 0
0.4763023853302002 0.13885927200317383 17776 0
0.5054783821105957 0.16423296928405762 19577 0
0.4898951053619385 0.17525053024291992 18781 0
0.4917902946472168 0.189558744430542 17837 0
0.4809117317199707 0.15838193893432617 19541 0
0.5038328170776367 0.17503094673156738 19299 0
0.5015382766723633 0.1651291847229004 19053 0
0.49283671379089355 0.13569092750549316 18919 0
0.4899423122406006 0.1429152488708496 18443 0
0.4891376495361328 0.14505910873413086 17764 0
0.4817783832550049 0.18902373313903809 18388 0
0.46903443336486816 0.13823986053466797 19085 0
0.4721381664276123 0.1341860294342041 19065 0
0.4818611145019531 0.14744782447814941 18996 0
0.4885880947113037 0.14464426040649414 18274 0
0.4938662052154541 0.12929058074951172 20101 0
0.48462438583374023 0.12014079093933105 18709 0
0.4948709011077881 0.13332033157348633 16726 0
0.4725158214569092 0.1954631805419922 18702 0
0.4791388511657715 0.13669705390930176 18907 0
0.48604369163513184 0.15997028350830078 18905 0
0.4861564636230469 0.18602609634399414 18144 0
0.4896881580352783 0.15653586387634277 18673 0
0.47818660736083984 0.13165521621704102 18523 0
0.48796558380126953 0.13506245613098145 17953 0
0.4722428321838379 0.18099308013916016 18649 0
0.5015823841094971 0.1427309513092041 18360 0
0.46388697624206543 0.12273192405700684 12985 0
0.48105430603027344 0.15423798561096191 16912 0
0.4992365837097168 0.1507577896118164 16700 0
0.4758930206298828 0.198502779006958 15924 0
0.4702568054199219 0.140089750289917 17345 0
0.49203991889953613 0.1393742561340332 16832 0
0.4796428680419922 0.19373106956481934 17163 0
0.49340367317199707 0.12691926956176758 17029 0
0.47963833808898926 0.1429131031036377 17719 0
0.4801371097564697 0.2132112979888916 17685 0
0.49930882453918457 0.17551612854003906 16298 0
0.44520115852355957 0.13750147819519043 17399 0
0.4875152111053467 0.19072937965393066 14998 0
0.48128533363342285 0.131699800491333 16373 0
0.47052931785583496 0.13480591773986816 17356 0
0.5114431381225586 0.1373438835144043 17254 0
0.4920926094055176 0.17638254165649414 16938 0
0.4709937572479248 0.20477771759033203 16874 0
0.4941859245300293 0.14034247398376465 16707 0
0.48541688919067383 0.15667343139648438 16575 0
0.5230886936187744 0.13509607315063477 15787 0
0.49651670455932617 0.13809919357299805 16573 0
0.5065722465515137 0.18885374069213867 17187 0
0.47901248931884766 0.1537644863128662 17544 0
0.48250746726989746 0.19336438179016113 16960 0
0.4832425117492676 0.21234440803527832 17203 0
0.48816776275634766 0.15115642547607422 17651 0
0.48108983039855957 0.1835019588470459 16182 0
0.49722814559936523 0.14179015159606934 16426 0
0.5148530006408691 0.13545918464660645 16562 0
0.48066234588623047 0.12299394607543945 12617 0
0.4846220016479492 0.18591952323913574 17288 0
0.46401476860046387 0.18704628944396973 16345 0
0.47719454765319824 0.1678760051727295 15833 0
0.48174166679382324 0.14967608451843262 17656 0
0.5034871101379395 0.17263364791870117 16424 0
0.4919111728668213 0.18105673789978027 16407 0
0.49604272842407227 0.14856433868408203 17111 0
0.48880553245544434 0.16171741485595703 17088 0
0.49746203422546387 0.13583755493164062 17412 0
0.49575138092041016 0.13484740257263184 17514 0
0.49790287017822266 0.13971996307373047 17177 0
0.5008838176727295 0.14937329292297363 15633 0
0.47492074966430664 0.12181377410888672 17339 0
0.4973635673522949 0.15389394760131836 17623 0
0.5027022361755371 0.16467547416687012 17573 0
0.48137712478637695 0.13373661041259766 17553 0
0.4695870876312256 0.21518588066101074 17391 0
0.4842829704284668 0.19237160682678223 17335 0
0.5036411285400391 0.19017744064331055 17291 0
0.4854607582092285 0.13300275802612305 15484 0
0.509000301361084 0.20258617401123047 17018 0
0.4980907440185547 0.1269664764404297 17546 0
0.48171472549438477 0.1488478183746338 16929 0
0.4940652847290039 0.20052456855773926 17130 0
0.5099794864654541 0.13208723068237305 17450 0
0.48247623443603516 0.1277623176574707 16787 0
0.5075509548187256 0.1348400115966797 16092 0
0.4915895462036133 0.19867920875549316 17072 0
0.4824197292327881 0.13713335990905762 16698 0
0.4233367443084717 0.13520216941833496 12835 0
0.48238325119018555 0.1938633918762207 16447 0
0.4718902111053467 0.16630005836486816 14682 0
0.48749637603759766 0.21167874336242676 15810 0
0.48180341720581055 0.13674020767211914 16554 0
0.503610372543335 0.14297771453857422 17137 0
0.5025262832641602 0.14385008811950684 16495 0
0.4117467403411865 0.22069668769836426 17427 0
0.4738283157348633 0.1846017837524414 17212 0
0.49318647384643555 0.17383527755737305 16931 0
0.5004086494445801 0.17963004112243652 17040 0
0.48094701766967773 0.1476151943206787 16835 0
0.49829840660095215 0.14144396781921387 15203 0
0.5387716293334961 0.14063072204589844 17516 0
0.4953591823577881 0.1362442970275879 16804 0
0.4783473014831543 0.180159330368042 16801 0
0.49114298820495605 0.15281939506530762 16810 0
0.4796898365020752 0.1378321647644043 17139 0
0.48078465461730957 0.1626274585723877 16939 0
0.49372148513793945 0.1328752040863037 16821 0
0.48905301094055176 0.20261311531066895 14675 0
0.505605936050415 0.15587854385375977 17014 0
0.4863016605377197 0.2252511978149414 17325 0
0.4986402988433838 0.13530516624450684 17559 0
0.4766843318939209 0.1627178192138672 16787 0
0.4864158630371094 0.1954512596130371 17040 0
0.48809051513671875 0.13265013694763184 16802 0
0.4877467155456543 0.23000764846801758 15980 0
0.5056171417236328 0.18117523193359375 16795 0
0.4752368927001953 0.12200641632080078 16962 0
0.47177577018737793 0.19009637832641602 13264 0
0.49237751960754395 0.18247652053833008 17049 0
0.47913694381713867 0.18549227714538574 14796 0
0.4738330841064453 0.17334318161010742 16772 0
0.49408984184265137 0.12803149223327637 16922 0
0.4812636375427246 0.1202995777130127 16991 0
0.4854567050933838 0.1286177635192871 17505 0
0.4796261787414551 0.20835518836975098 17892 0
0.4929628372192383 0.13991832733154297 17126 0
0.5087814331054688 0.16577935218811035 17645 0
0.46088194847106934 0.14089679718017578 17264 0
0.4926798343658447 0.14502549171447754 17104 0
0.47585010528564453 0.1478114128112793 15744 0
0.4947168827056885 0.15299415588378906 17059 0
0.48627448081970215 0.20332908630371094 17089 0
0.48928284645080566 0.22045326232910156 17961 0
0.4692513942718506 0.15834832191467285 17354 0
0.5009799003601074 0.13945269584655762 17453 0
0.484163761138916 0.12861919403076172 16848 0
0.5025134086608887 0.138169527053833 16706 0
0.48201513290405273 0.22114205360412598 15469 0
0.47276926040649414 0.14185523986816406 16857 0
0.4849281311035156 0.13891005516052246 18565 0
0.4841618537902832 0.1361854076385498 18675 0
0.4835069179534912 0.15154266357421875 19180 0
0.4701385498046875 0.14759087562561035 19664 0
0.4777703285217285 0.15555453300476074 19551 0
0.5148732662200928 0.14224529266357422 19178 0
0.48935604095458984 0.16848254203796387 19558 0
0.49103426933288574 0.16579127311706543 18551 0
0.48983263969421387 0.14278125762939453 18584 0
0.49135613441467285 0.19334101676940918 18858 0
0.4723358154296875 0.1332683563232422 17982 0
0.4767005443572998 0.13794398307800293 18326 0
0.4902033805847168 0.1440105438232422 18944 0
0.4988255500793457 0.21209955215454102 18644 0
0.49182605743408203 0.1416168212890625 19117 0
0.49229001998901367 0.16243696212768555 19397 0
0.4740583896636963 0.13665056228637695 18583 0
0.5079169273376465 0.19188666343688965 19059 0
0.5177481174468994 0.1377553939819336 18971 0
0.4779796600341797 0.1392972469329834 18479 0
0.4878370761871338 0.14081525802612305 18651 0
0.49596381187438965 0.2041912078857422 18233 0
0.4968223571777344 0.15251851081848145 17867 0
0.4904482364654541 0.13090038299560547 18444 0
0.49297523498535156 0.14045333862304688 18195 0
0.48978447914123535 0.14377808570861816 18015 0
0.5057883262634277 0.15334463119506836 18239 0
0.4855642318725586 0.15981507301330566 18881 0
0.48477959632873535 0.1895129680633545 19034 0
0.49524974822998047 0.16123485565185547 19442 0
0.4951763153076172 0.1480247974395752 18772 0
0.4882071018218994 0.20190858840942383 18953 0
0.5041635036468506 0.1837303638458252 18541 0
0.4819493293762207 0.1358497142791748 18361 0
0.474700927734375 0.23075294494628906 17907 0
0.46147799491882324 0.17954111099243164 18145 0
0.494736909866333 0.13243842124938965 18001 0
0.490018367767334 0.1903095245361328 18878 0
0.4812197685241699 0.13722944259643555 18624 0
0.47498631477355957 0.1786649227142334 17842 0
0.47312116622924805 0.1465470790863037 18002 0
0.48838162422180176 0.13860654830932617 18275 0
0.48552584648132324 0.13811445236206055 18369 0
0.5171446800231934 0.13875603675842285 18531 0
0.5065891742706299 0.14276790618896484 18333 0
0.47759151458740234 0.17908143997192383 18090 0
0.5074687004089355 0.14570379257202148 17771 0
0.5137438774108887 0.15244746208190918 17986 0
0.47893738746643066 0.16623258590698242 18793 0
0.47782063484191895 0.12241768836975098 18431 0
0.5023057460784912 0.1906270980834961 18774 0
0.5006229877471924 0.14363908767700195 18847 0
0.5112743377685547 0.13935589790344238 18356 0
0.48080992698669434 0.16936254501342773 18752 0
0.4803659915924072 0.17171621322631836 18281 0
0.4892311096191406 0.1623537540435791 18671 0
0.500054121017456 0.16308236122131348 18356 0
0.49511218070983887 0.14478516578674316 18308 0
0.46866559982299805 0.14189362525939941 18617 0
0.48787617683410645 0.17005586624145508 19035 0
0.49872350692749023 0.12001609802246094 18380 0
0.49167633056640625 0.13786792755126953 18938 0
0.47461628913879395 0.14236164093017578 18895 0
0.48500990867614746 0.20261478424072266 19459 0
0.4496734142303467 0.13712477684020996 18777 0
0.47728586196899414 0.1289525032043457 18944 0
0.4804415702819824 0.12926816940307617 18864 0
0.4594151973724365 0.14212560653686523 18967 0
0.49895691871643066 0.151123046875 18333 0
0.4922826290130615 0.18528175354003906 18754 0
0.49446868896484375 0.15827488899230957 18761 0
0.483844518661499 0.17139434814453125 19076 0
0.4883134365081787 0.2128300666809082 18058 0
0.5000438690185547 0.18674731254577637 19710 0
0.509446382522583 0.14116525650024414 19746 0
0.5004267692565918 0.14438605308532715 19361 0
0.4912903308868408 0.17839837074279785 19503 0
0.4835507869720459 0.14993524551391602 20351 0
0.48751020431518555 0.20497441291809082 20123 0
0.4715902805328369 0.16282963752746582 20560 0
0.5045161247253418 0.12134265899658203 20254 0
0.5179300308227539 0.14392566680908203 19848 0
0.48399782180786133 0.16594219207763672 17980 0
0.46213245391845703 0.17542791366577148 16741 0
0.48430776596069336 0.20263409614562988 19788 0
0.494365930557251 0.15269207954406738 21360 0
0.49721312522888184 0.1344771385192871 18943 0
0.49191808700561523 0.20668792724609375 19562 0
0.4388103485107422 0.18332791328430176 18036 0
0.4791147708892822 0.19153571128845215 17786 0
0.5014851093292236 0.1374523639678955 18343 0
0.49509215354919434 0.15172624588012695 19226 0
0.4862785339355469 0.200361967086792 19213 0
0.508587121963501 0.1636817455291748 18579 0
0.48613739013671875 0.16168785095214844 19962 0
0.4826197624206543 0.22087478637695312 19717 0
0.4848151206970215 0.21840143203735352 16903 0
0.5045616626739502 0.1586296558380127 19795 0
0.48100900650024414 0.20595860481262207 19064 0
0.47534990310668945 0.1737957000732422 19037 0
0.5203380584716797 0.1510324478149414 20489 0
0.5093631744384766 0.13736748695373535 20008 0
0.501387357711792 0.12967181205749512 17642 0
0.48607635498046875 0.1269700527191162 20530 0
0.496722936630249 0.18384122848510742 20675 0
0.4878866672515869 0.1852264404296875 20671 0
0.4868497848510742 0.20035362243652344 20064 0
0.5141525268554688 0.13691234588623047 20884 0
0.4723482131958008 0.18876862525939941 20932 0
0.4934709072113037 0.15143942832946777 21218 0
0.492750883102417 0.1236717700958252 20079 0
0.49285006523132324 0.1981656551361084 20986 0
0.5130407810211182 0.14515161514282227 21772 0
0.49596333503723145 0.15822362899780273 21016 0
0.5075075626373291 0.17151880264282227 21050 0
0.4739518165588379 0.2026047706604004 20617 0
0.49927759170532227 0.15803909301757812 20224 0
0.4898207187652588 0.1421520709991455 20197 0
0.4870777130126953 0.1874558925628662 20353 0
0.509768009185791 0.146104097366333 19932 0
0.5024540424346924 0.15772151947021484 20284 0
0.460982084274292 0.15307164192199707 20454 0
0.4949064254760742 0.13551783561706543 20217 0
0.435605525970459 0.14769339561462402 19899 0
0.501105546951294 0.13054704666137695 20868 0
0.49331116676330566 0.1300046443939209 21300 0
0.5242092609405518 0.1627793312072754 17823 0
0.5085465908050537 0.20523405075073242 20402 0
0.4808838367462158 0.14599370956420898 19357 0
0.5112321376800537 0.12089347839355469 19438 0
0.4925806522369385 0.13893628120422363 20632 0
0.50634765625 0.13005709648132324 20269 0
0.4883534908294678 0.1394362449645996 19002 0
0.5032014846801758 0.17065739631652832 21091 0
0.48848438262939453 0.22098398208618164 20474 0
0.515514612197876 0.1444251537322998 21126 0
0.5130448341369629 0.14995622634887695 20264 0
0.49774861335754395 0.13448476791381836 20216 0
0.4909098148345947 0.16979122161865234 20768 0
0.5008680820465088 0.12663578987121582 20281 0
0.5002775192260742 0.12788748741149902 21229 0
0.47781968116760254 0.17236065864562988 21291 0
0.5062968730926514 0.15855646133422852 21297 0
0.5128600597381592 0.14450502395629883 21449 0
0.49592041969299316 0.1494147777557373 21220 0
0.5019371509552002 0.13823485374450684 21096 0
0.5182199478149414 0.14000964164733887 20468 0
0.47798895835876465 0.15119528770446777 20659 0
0.5048911571502686 0.12592315673828125 20206 0
0.49994373321533203 0.14851832389831543 19959 0
0.4883599281311035 0.15362334251403809 21286 0
0.5106661319732666 0.1382732391357422 21264 0
0.47902536392211914 0.14057302474975586 20966 0
0.5077555179595947 0.1387929916381836 20229 0
0.4980745315551758 0.14706063270568848 20996 0
0.49617576599121094 0.13602805137634277 21774 0
0.4914388656616211 0.1298673152923584 18056 0
0.49185776710510254 0.16962933540344238 21586 0
0.4868161678314209 0.18509840965270996 21210 0
0.4762094020843506 0.19152450561523438 20268 0
0.49794626235961914 0.14073467254638672 21572 0
0.4797053337097168 0.15098071098327637 21651 0
0.508406400680542 0.1364128589630127 20180 0
0.5069742202758789 0.1486673355102539 22137 0
0.49011754989624023 0.1967778205871582 21814 0
0.5118954181671143 0.1754169464111328 21923 0
0.4846160411834717 0.1385364532470703 21403 0
0.49400901794433594 0.16745543479919434 20128 0
0.4817016124725342 0.14221882820129395 20691 0
0.4879415035247803 0.15644049644470215 19911 0
0.5055141448974609 0.134934663772583 19982 0
0.5012233257293701 0.14447999000549316 19875 0
0.4844968318939209 0.1482226848602295 19995 0
0.48435044288635254 0.19932198524475098 20229 0
0.509422779083252 0.2149205207824707 19685 0
0.501917839050293 0.13275814056396484 19613 0
0.4831528663635254 0.13822007179260254 19712 0
0.4798085689544678 0.1803727149963379 19382 0
0.5153138637542725 0.1221303939819336 20199 0
0.4912710189819336 0.1583566665649414 20531 0
0.4727194309234619 0.1692495346069336 20362 0
0.4962306022644043 0.14552044868469238 19928 0
0.47319936752319336 0.18407821655273438 19698 0
0.5162415504455566 0.16570186614990234 20384 0
0.4741554260253906 0.19649314880371094 20018 0
0.41448402404785156 0.12882757186889648 19616 0
0.4270637035369873 0.1242668628692627 19637 0
0.4130704402923584 0.11862778663635254 19013 0
0.4608755111694336 0.15223431587219238 19048 0
0.47804689407348633 0.17094135284423828 18961 0
0.47439122200012207 0.1356799602508545 19797 0
0.47899532318115234 0.15041851997375488 19708 0
0.4691009521484375 0.12972378730773926 19938 0
0.47682976722717285 0.1422443389892578 19737 0
0.4883460998535156 0.19046998023986816 20504 0
0.48897814750671387 0.17210674285888672 20119 0
