229968
230359
230332
230728
231695
231880
232681
230925
230605
231513
230580
231119
232125
231587
232082
233394
232274
232594
233088
232107
232050
232576
231608
231272
231804
231409
231668
232801
232079
233389
232954
233106
233613
232992
232676
233247
232193
231178
231938
230942
230572
231325
230259
230605
231431
230685
231182
231728
230985
230813
231500
230417
230061
231276
231030
231260
232478
231585
231850
232569
231481
231248
231223
229986
230046
230942
230266
229714
230451
229367
229549
230252
229741
229626
230289
229375
229609
230176
229901
229511
230470
227241
226886
227331
233295
232914
233596
232681
232198
232494
231536
231420
232314
231094
231219
232738
232211
232583
233888
232731
232864
234250
232302
232555
233835
232122
232550
234287
233592
233655
234788
233169
233944
234814
233556
234326
235643
233677
233648
234532
232617
232570
233977
232040
232504
234395
232582
233007
234766
232733
233431
235035
233626
233958
235882
234399
234550
237051
235468
235924
237717
236167
236363
237777
235578
235777
237299
236135
236194
237370
235089
234898
236943
234452
234747
236378
234132
234604
236865
234534
234618
236168
230740
231137
233969
231133
231210
232858
231720
232575
235041
233926
233688
235818
234229
234434
235510
233700
233531
234581
232662
232460
234330
232453
232722
234620
232828
233201
234352
232830
232995
233697
232426
231911
232552
230740
230375
231572
229782
229858
228608
227886
227868
227923
228125
228774
228421
228575
229407
228840
228790
229443
228876
228774
228829
228362
229045
229858
230143
230184
230908
230361
230284
230771
230516
230321
230266
229949
230124
230457
229823
229981
229857
230138
230580
230900
230542
230502
230788
230296
230445
230814
230983
231023
230832
230558
230986
231828
231210
231219
231485
231385
231233
231499
230905
230833
230910
230377
229703
230016
229224
229373
229547
229617
230054
230262
230562
230594
230978
230169
230434
231029
230755
230678
230025
229985
230617
230490
230361
231544
230636
230302
231302
230428
230641
231377
230811
230691
230973
230043
229968
230596
229729
229179
230246
230146
230203
231464
230734
231208
232269
231297
231196
231571
231314
230790
230857
230092
230182
230242
230122
229892
230941
230588
230910
232007
231144
230961
231990
231400
231060
232353
231813
231755
232644
231428
231497
232230
231481
231624
232166
231839
231789
232873
231861
232176
232187
231419
231212
231622
231305
231019
230959
230995
230679
231940
231750
231911
232408
232202
232085
232827
232205
231833
232445
231842
231176
231546
230531
230768
231071
230793
230861
226075
226162
225585
225709
225438
224440
223468
222317
221491
221411
221790
221707
221985
222533
222627
223282
222793
222181
221720
221679
222045
222260
222918
222914
223141
223039
222838
223094
222771
222520
222212
222061
222752
222984
223340
223955
223871
206045
206980
205584
205449
205997
205006
205062
206227
204355
204094
204214
202214
202039
202869
200251
200961
201677
200020
200138
201476
200264
200711
201147
199241
199584
201509
199957
200242
201424
199725
200278
201266
200528
200966
201989
200492
201079
201466
199964
199917
201278
200005
200116
201287
199507
200049
201133
200210
200341
201911
200521
200683
202194
200863
200515
201677
200365
200294
201961
200381
201166
202445
201659
201553
202884
201278
201605
202952
202056
201814
202600
201084
201253
201897
200478
200725
201356
200035
200034
200833
199942
199800
200353
198651
198988
199579
198536
198094
198741
196492
196320
197171
195457
195059
195649
193579
193371
194587
193077
192474
193560
192206
191783
192340
190441
190245
191797
189722
190094
191476
189932
190275
191264
189774
189792
191121
189594
189735
190767
189541
189347
190620
188961
189167
190383
188812
189214
189899
187430
187650
188563
187583
187686
188398
187537
187742
188480
187626
188048
188472
187289
187602
187749
186859
186769
187726
187424
187211
189039
189007
189305
188498
188632
189058
188435
188467
189416
189216
195173
194842
195716
196279
195396
195386
195700
193918
193008
193823
192763
192254
193030
191772
191349
191619
190447
190112
190992
190021
190485
191367
190363
190395
191728
190648
191011
192361
191540
191801
192863
191970
191727
192742
191952
192823
194340
193243
193515
195293
193930
193469
194916
194104
194227
195250
256394
255135
255002
256841
255467
255639
257735
256409
256232
258224
256703
256772
258780
256788
257745
259692
258199
258203
260483
259456
259761
261447
259751
259022
261125
259981
260614
262592
261664
261866
264176
262456
262295
263677
261985
261763
263055
261132
260145
261178
259687
259769
261167
258957
259356
260911
259419
258716
260833
258767
258681
260536
258468
258165
259774
258399
258699
260357
258163
258367
260640
258855
258777
259709
257198
257077
258414
256630
254972
256140
254502
253594
254695
253108
253029
253168
251244
250765
252337
250609
248959
248814
247321
246474
248554
248136
247941
248328
247152
247239
250009
248991
249563
250795
248362
247947
249287
247094
245993
248166
246486
245955
247188
245790
245558
247061
245619
246194
247650
245884
246629
247912
246300
245494
247292
245571
245741
247400
245579
245790
247482
246138
246659
247903
246554
246846
248366
246831
246609
248193
247050
247241
248894
247759
248197
249569
248526
248682
250171
248968
249221
250355
249257
248649
250321
249383
249352
250710
249803
249693
250644
249571
249328
250567
249328
249440
250561
249570
249121
250576
249413
249439
250924
249762
249759
250857
249950
250026
251151
250227
250039
251229
250697
250014
251411
250286
250553
251564
250795
250692
251809
250855
250827
251905
251001
250703
251890
250683
250472
251774
250824
251155
251538
250898
251302
251580
251172
251242
251397
250907
265527
266549
265850
265820
266679
265266
265365
266575
265112
264726
265199
264285
264845
265635
264582
264944
266368
265531
265636
266576
264881
264760
265716
264594
265028
266307
264912
265135
265880
264355
265018
266085
264538
264849
265552
264678
264456
265086
263460
263161
264109
262454
262696
263220
262165
262742
263814
262570
262190
263223
258121
258001
257568
257322
256404
257163
256058
257248
257223
257922
258234
259640
258673
259638
259573
259153
257678
258314
256400
256503
255402
254848
254202
254923
254600
255491
255273
256296
256505
257228
256204
257016
240915
238024
237061
243101
240014
243834
241499
242311
243299
242952
244576
247140
248111
250014
251670
251506
251741
252678
252413
252762
252934
253489
254924
256965
256052
257296
256809
257571
257379
259148
257824
258806
258959
259002
258168
258765
257492
257021
257297
258362
258659
260455
259794
261344
261085
261330
260513
261991
260489
260759
260155
259502
258315
259111
258146
258846
259435
260265
260307
262664
261756
262909
262694
262199
261430
261504
260038
259423
258209
258056
256278
256689
256533
257036
259023
258954
259696
261144
260705
260520
261563
260183
260339
260753
258896
258387
258739
258034
258755
259749
258820
259402
260387
259444
259460
260850
259743
259711
264401
265100
263681
264043
264634
263401
263527
264249
263234
263661
265412
264774
265357
266480
258980
259024
