STARTING!
Min num runs: [50]
Min runs duration (seconds): [1]
Inter-run delay (seconds): [-1]
Num threads: [1]
Benchmark name: []
Output prefix: []
Min warmup runs: [1]
Min warmup runs duration (seconds): [0.5]
Graph: [model/part1_lite.tflite]
Input layers: []
Input shapes: []
Use nnapi : [0]
Use legacy nnapi : [0]
Use gpu : [0]
Allow fp16 : [0]
Enable op profiling: [1]
Loaded model model/part1_lite.tflite
resolved reporter
INFO: Initialized TensorFlow Lite runtime.
Initialized session in 0.222ms
Running benchmark for at least 1 iterations and at least 0.5 seconds
count=1 curr=867246

Running benchmark for at least 50 iterations and at least 1 seconds
count=50 first=817172 curr=827047 min=816238 max=827047 avg=818228 std=2013

Average inference timings in us: Warmup: 867246, Init: 222, no stats: 818228
============================== Run Order ==============================
                     [node type]                  [start]         [first]        [avg ms]            [%]          [cdf%]          [mem KB]      [times called]  [Name]
                             PAD                    0.000           0.767           0.733         0.090%          0.090%             0.000              1       [Pad]
                         CONV_2D                    0.733          60.558          60.623         7.409%          7.499%             0.000              1       [BiasAdd]
                             MUL                   61.357          18.835          18.937         2.314%          9.813%             0.000              1       [mul_1]
                         MAXIMUM                   80.294          70.162          70.182         8.577%         18.390%             0.000              1       [1-leaky]
                     MAX_POOL_2D                  150.476          13.885          13.944         1.704%         20.095%             0.000              1       [2-maxpool]
                             PAD                  164.420           1.898           1.926         0.235%         20.330%             0.000              1       [Pad_1]
                         CONV_2D                  166.346         186.991         187.103        22.867%         43.197%             0.000              1       [BiasAdd_1]
                             MUL                  353.449           9.020           9.081         1.110%         44.307%             0.000              1       [mul_3]
                         MAXIMUM                  362.531          34.134          34.210         4.181%         48.488%             0.000              1       [4-leaky]
                     MAX_POOL_2D                  396.741           5.156           5.184         0.634%         49.122%             0.000              1       [5-maxpool]
                             PAD                  401.925           0.945           0.938         0.115%         49.236%             0.000              1       [Pad_2]
                         CONV_2D                  402.863         168.026         168.523        20.596%         69.832%             0.000              1       [BiasAdd_2]
                             MUL                  571.387           4.210           4.240         0.518%         70.351%             0.000              1       [mul_5]
                         MAXIMUM                  575.627          16.844          16.862         2.061%         72.412%             0.000              1       [7-leaky]
                             PAD                  592.490           1.907           1.895         0.232%         72.643%             0.000              1       [Pad_3]
                         CONV_2D                  594.385          20.213          20.196         2.468%         75.111%             0.000              1       [BiasAdd_3]
                             MUL                  614.581           2.231           2.248         0.275%         75.386%             0.000              1       [mul_7]
                         MAXIMUM                  616.829           8.506           8.559         1.046%         76.432%             0.000              1       [9-leaky]
                             PAD                  625.388           0.958           0.915         0.112%         76.544%             0.000              1       [Pad_4]
                         CONV_2D                  626.303         168.284         168.197        20.556%         97.100%             0.000              1       [BiasAdd_4]
                             MUL                  794.501           4.179           4.203         0.514%         97.614%             0.000              1       [mul_9]
                         MAXIMUM                  798.703          16.809          16.865         2.061%         99.675%             0.000              1       [11-leaky]
                     MAX_POOL_2D                  815.569           2.205           2.213         0.270%         99.946%             0.000              1       [12-maxpool]
                             PAD                  817.782           0.445           0.444         0.054%        100.000%             0.000              1       [Pad_5]

============================== Top by Computation Time ==============================
                     [node type]                  [start]         [first]        [avg ms]            [%]          [cdf%]          [mem KB]      [times called]  [Name]
                         CONV_2D                  166.346         186.991         187.103        22.867%         22.867%             0.000              1       [BiasAdd_1]
                         CONV_2D                  402.863         168.026         168.523        20.596%         43.463%             0.000              1       [BiasAdd_2]
                         CONV_2D                  626.303         168.284         168.197        20.556%         64.020%             0.000              1       [BiasAdd_4]
                         MAXIMUM                   80.294          70.162          70.182         8.577%         72.597%             0.000              1       [1-leaky]
                         CONV_2D                    0.733          60.558          60.623         7.409%         80.006%             0.000              1       [BiasAdd]
                         MAXIMUM                  362.531          34.134          34.210         4.181%         84.187%             0.000              1       [4-leaky]
                         CONV_2D                  594.385          20.213          20.196         2.468%         86.656%             0.000              1       [BiasAdd_3]
                             MUL                   61.357          18.835          18.937         2.314%         88.970%             0.000              1       [mul_1]
                         MAXIMUM                  798.703          16.809          16.865         2.061%         91.031%             0.000              1       [11-leaky]
                         MAXIMUM                  575.627          16.844          16.862         2.061%         93.092%             0.000              1       [7-leaky]

Number of nodes executed: 24
============================== Summary by node type ==============================
                     [Node type]          [count]         [avg ms]          [avg %]         [cdf %]       [mem KB]      [times called]
                         CONV_2D                5          604.642          73.898%         73.898%          0.000              5
                         MAXIMUM                5          146.676          17.926%         91.824%          0.000              5
                             MUL                5           38.707           4.731%         96.555%          0.000              5
                     MAX_POOL_2D                3           21.341           2.608%         99.163%          0.000              3
                             PAD                6            6.848           0.837%        100.000%          0.000              6

Timings (microseconds): count=50 first=817168 curr=827040 min=816234 max=827040 avg=818222 std=2013
Memory (bytes): count=0
24 nodes observed