conv2d_1/convolution 8.812 ms
batch_normalization_1/FusedBatchNorm 13.176
Mkl2Tf/_58 10.143
Mkl2Tf/_56 10.237
batch_normalization_1/cond/FusedBatchNorm 26.518
Mkl2Tf/_57 10.283
leaky_re_lu_1/LeakyRelu 7.067
max_pooling2d_1/MaxPool 24.514
conv2d_2/convolution 27.631
batch_normalization_2/FusedBatchNorm 4.515
Mkl2Tf/_60 5.214
Mkl2Tf/_59 5.203
batch_normalization_2/cond/FusedBatchNorm 15.943
Mkl2Tf/_61 5.278
leaky_re_lu_2/LeakyRelu 3.510
max_pooling2d_2/MaxPool 14.988
conv2d_3/convolution 27.894
batch_normalization_3/FusedBatchNorm 2.320
Mkl2Tf/_63 2.685
Mkl2Tf/_62 2.657
batch_normalization_3/cond/FusedBatchNorm 7.241
Mkl2Tf/_64 2.531
leaky_re_lu_3/LeakyRelu 1.639
conv2d_4/convolution 8.909
batch_normalization_4/FusedBatchNorm 1.238
Mkl2Tf/_66 1.383
Mkl2Tf/_65 1.272
batch_normalization_4/cond/FusedBatchNorm 3.343
Mkl2Tf/_67 1.140
leaky_re_lu_4/LeakyRelu 0.669
conv2d_5/convolution 31.349
batch_normalization_5/FusedBatchNorm 2.252
Mkl2Tf/_69 2.603
Mkl2Tf/_68 2.565
batch_normalization_5/cond/FusedBatchNorm 6.912
Mkl2Tf/_70 2.505
leaky_re_lu_5/LeakyRelu 1.645
max_pooling2d_3/MaxPool 6.496
Mkl2Tf/_71 0.639